******************************************************************************
METIS 5.0 Copyright 1998-13, Regents of the University of Minnesota
 (HEAD: , Built on: Dec 17 2022, 08:18:35)
 size of idx_t: 64bits, real_t: 32bits, idx_t *: 64bits

Graph Information -----------------------------------------------------------
 Name: MetisTopos/492, #Vertices: 72, #Edges: 128, #Parts: 8

Options ---------------------------------------------------------------------
 ptype=kway, objtype=cut, ctype=shem, rtype=greedy, iptype=metisrb
 dbglvl=0, ufactor=1.100, no2hop=NO, minconn=NO, contig=NO, nooutput=NO
 seed=-1, niter=10, ncuts=1

Direct k-way Partitioning ---------------------------------------------------
 - Edgecut: 9475, communication volume: 76.

 - Balance:
     constraint #0:  1.143 out of 0.610

 - Most overweight partition:
     pid: 2, actual: 1500, desired: 1312, ratio: 1.14.

 - Subdomain connectivity: max: 6, min: 2, avg: 4.50

 - There are 2 non-contiguous partitions.
   Total components after removing the cut edges: 11,
   max components: 3 for pid: 2.

Timing Information ----------------------------------------------------------
  I/O:          		   0.001 sec
  Partitioning: 		   0.002 sec   (METIS time)
  Reporting:    		   0.000 sec

Memory Information ----------------------------------------------------------
  Max memory used:		   0.069 MB
******************************************************************************
LEO31: 34.267360697493146: ['LEO11', 'LEO12', 'LEO17', 'LEO18', 'LEO19', 'LEO21', 'LEO22', 'LEO28', 'LEO29', 'LEO31', 'LEO32']
LEO14: 24.268620382317668: ['LEO13', 'LEO14', 'LEO15', 'LEO16', 'LEO25', 'LEO26', 'LEO27']
LEO33: 46.22111793737112: ['LEO23', 'LEO24', 'LEO33', 'LEO34', 'LEO43']
LEO61: 43.22694510068694: ['LEO35', 'LEO49', 'LEO61', 'LEO69']
LEO53: 49.72129356539737: ['LEO36', 'LEO37', 'LEO44', 'LEO45', 'LEO46', 'LEO47', 'LEO48', 'LEO52', 'LEO53', 'LEO54', 'LEO55', 'LEO56', 'LEO57', 'LEO58', 'LEO62', 'LEO63', 'LEO64', 'LEO65', 'LEO66', 'LEO67', 'LEO68', 'LEO73', 'LEO74', 'LEO75', 'LEO76']
LEO39: 26.880434294966026: ['LEO38', 'LEO39', 'LEO59']
LEO51: 42.55443254097107: ['LEO41', 'LEO42', 'LEO51']
LEO72: 27.305363658870547: ['LEO71', 'LEO72', 'LEO77', 'LEO78', 'LEO79', 'LEO81', 'LEO82', 'LEO83', 'LEO84', 'LEO85', 'LEO86', 'LEO87', 'LEO88', 'LEO89']
sum_con_loads:  294.45
max_con_loads:   49.72
avg_setup_time: 225.98
