******************************************************************************
METIS 5.0 Copyright 1998-13, Regents of the University of Minnesota
 (HEAD: , Built on: Dec 17 2022, 08:18:35)
 size of idx_t: 64bits, real_t: 32bits, idx_t *: 64bits

Graph Information -----------------------------------------------------------
 Name: MetisTopos/492, #Vertices: 72, #Edges: 128, #Parts: 8

Options ---------------------------------------------------------------------
 ptype=kway, objtype=cut, ctype=shem, rtype=greedy, iptype=metisrb
 dbglvl=0, ufactor=2.200, no2hop=NO, minconn=NO, contig=NO, nooutput=NO
 seed=-1, niter=10, ncuts=1

Direct k-way Partitioning ---------------------------------------------------
 - Edgecut: 6016, communication volume: 59.

 - Balance:
     constraint #0:  2.133 out of 0.610

 - Most overweight partition:
     pid: 3, actual: 2800, desired: 1312, ratio: 2.13.

 - Subdomain connectivity: max: 5, min: 0, avg: 2.50

 - There are 0 non-contiguous partitions.
   Total components after removing the cut edges: 6,
   max components: 1 for pid: 0.

Timing Information ----------------------------------------------------------
  I/O:          		   0.001 sec
  Partitioning: 		   0.001 sec   (METIS time)
  Reporting:    		   0.000 sec

Memory Information ----------------------------------------------------------
  Max memory used:		   0.070 MB
******************************************************************************
LEO33: 70.21446564644425: ['LEO11', 'LEO12', 'LEO13', 'LEO21', 'LEO22', 'LEO23', 'LEO31', 'LEO32', 'LEO33', 'LEO43', 'LEO52', 'LEO53', 'LEO63']
LEO14: 17.625795453294923: ['LEO14', 'LEO15']
LEO36: 47.127878054001506: ['LEO16', 'LEO17', 'LEO18', 'LEO19', 'LEO24', 'LEO25', 'LEO26', 'LEO27', 'LEO28', 'LEO29', 'LEO34', 'LEO35', 'LEO36', 'LEO37', 'LEO38', 'LEO39', 'LEO44', 'LEO45', 'LEO46', 'LEO47', 'LEO48', 'LEO54', 'LEO55', 'LEO56', 'LEO57', 'LEO58', 'LEO64', 'LEO65', 'LEO66', 'LEO67', 'LEO68', 'LEO75', 'LEO76']
LEO51: 53.198085281223584: ['LEO41', 'LEO42', 'LEO49', 'LEO51', 'LEO59', 'LEO61', 'LEO62', 'LEO69']
LEO73: 28.999399065903763: ['LEO71', 'LEO72', 'LEO73', 'LEO74', 'LEO79', 'LEO81', 'LEO82', 'LEO83', 'LEO84', 'LEO85', 'LEO89']
LEO78: 8.306356549214197: ['LEO77', 'LEO78', 'LEO86', 'LEO87', 'LEO88']
sum_con_loads:  225.47
max_con_loads:   70.21
avg_setup_time: 217.87
