******************************************************************************
METIS 5.0 Copyright 1998-13, Regents of the University of Minnesota
 (HEAD: , Built on: Dec 17 2022, 08:18:35)
 size of idx_t: 64bits, real_t: 32bits, idx_t *: 64bits

Graph Information -----------------------------------------------------------
 Name: MetisTopos/492, #Vertices: 72, #Edges: 128, #Parts: 8

Options ---------------------------------------------------------------------
 ptype=kway, objtype=cut, ctype=shem, rtype=greedy, iptype=metisrb
 dbglvl=0, ufactor=2.200, no2hop=NO, minconn=NO, contig=YES, nooutput=NO
 seed=-1, niter=10, ncuts=1

Direct k-way Partitioning ---------------------------------------------------
 - Edgecut: 7405, communication volume: 80.

 - Balance:
     constraint #0:  2.133 out of 0.610

 - Most overweight partition:
     pid: 7, actual: 2800, desired: 1312, ratio: 2.13.

 - Subdomain connectivity: max: 5, min: 0, avg: 3.50

 - There are 0 non-contiguous partitions.
   Total components after removing the cut edges: 7,
   max components: 1 for pid: 0.

Timing Information ----------------------------------------------------------
  I/O:          		   0.001 sec
  Partitioning: 		   0.001 sec   (METIS time)
  Reporting:    		   0.000 sec

Memory Information ----------------------------------------------------------
  Max memory used:		   0.070 MB
******************************************************************************
LEO13: 28.493972814315068: ['LEO11', 'LEO12', 'LEO13', 'LEO14', 'LEO15', 'LEO16', 'LEO17', 'LEO18', 'LEO19']
LEO32: 75.97356718129781: ['LEO21', 'LEO22', 'LEO23', 'LEO31', 'LEO32', 'LEO33', 'LEO41', 'LEO42', 'LEO43', 'LEO49', 'LEO52', 'LEO53']
LEO24: 23.837909951900706: ['LEO24', 'LEO25', 'LEO34', 'LEO35']
LEO39: 25.55051498227481: ['LEO26', 'LEO27', 'LEO28', 'LEO29', 'LEO36', 'LEO37', 'LEO38', 'LEO39', 'LEO47', 'LEO48', 'LEO57', 'LEO58', 'LEO67', 'LEO68']
LEO77: 14.029561061136581: ['LEO44', 'LEO45', 'LEO46', 'LEO54', 'LEO55', 'LEO56', 'LEO65', 'LEO66', 'LEO75', 'LEO76', 'LEO77', 'LEO78']
LEO61: 62.44466421631984: ['LEO51', 'LEO59', 'LEO61', 'LEO62', 'LEO63', 'LEO64', 'LEO69', 'LEO73', 'LEO74']
LEO83: 22.940017260918736: ['LEO71', 'LEO72', 'LEO79', 'LEO81', 'LEO82', 'LEO83', 'LEO84', 'LEO85', 'LEO86', 'LEO87', 'LEO88', 'LEO89']
sum_con_loads:  253.27
max_con_loads:   75.97
avg_setup_time: 241.55
