******************************************************************************
METIS 5.0 Copyright 1998-13, Regents of the University of Minnesota
 (HEAD: , Built on: Dec 17 2022, 08:18:35)
 size of idx_t: 64bits, real_t: 32bits, idx_t *: 64bits

Graph Information -----------------------------------------------------------
 Name: MetisTopos/492, #Vertices: 72, #Edges: 128, #Parts: 8

Options ---------------------------------------------------------------------
 ptype=kway, objtype=cut, ctype=shem, rtype=greedy, iptype=metisrb
 dbglvl=0, ufactor=3.000, no2hop=NO, minconn=NO, contig=YES, nooutput=NO
 seed=-1, niter=10, ncuts=1

Direct k-way Partitioning ---------------------------------------------------
 - Edgecut: 7007, communication volume: 81.

 - Balance:
     constraint #0:  2.819 out of 0.610

 - Most overweight partition:
     pid: 7, actual: 3700, desired: 1312, ratio: 2.82.

 - Subdomain connectivity: max: 6, min: 0, avg: 3.75

 - There are 0 non-contiguous partitions.
   Total components after removing the cut edges: 7,
   max components: 1 for pid: 0.

Timing Information ----------------------------------------------------------
  I/O:          		   0.001 sec
  Partitioning: 		   0.001 sec   (METIS time)
  Reporting:    		   0.000 sec

Memory Information ----------------------------------------------------------
  Max memory used:		   0.070 MB
******************************************************************************
LEO13: 36.0912530424758: ['LEO11', 'LEO12', 'LEO13', 'LEO14', 'LEO15', 'LEO16', 'LEO17', 'LEO18', 'LEO19', 'LEO25', 'LEO26', 'LEO36', 'LEO37', 'LEO47', 'LEO57']
LEO33: 77.36265613908036: ['LEO21', 'LEO22', 'LEO23', 'LEO24', 'LEO29', 'LEO31', 'LEO32', 'LEO33', 'LEO34', 'LEO39', 'LEO43', 'LEO44', 'LEO52', 'LEO53', 'LEO54', 'LEO62', 'LEO63', 'LEO64']
LEO67: 18.022094176024815: ['LEO27', 'LEO28', 'LEO38', 'LEO48', 'LEO58', 'LEO67', 'LEO68', 'LEO77', 'LEO78']
LEO35: 15.01458804821784: ['LEO35', 'LEO45', 'LEO46', 'LEO55', 'LEO56', 'LEO65', 'LEO66', 'LEO75', 'LEO76']
LEO41: 30.716383179567554: ['LEO41', 'LEO42', 'LEO49']
LEO51: 39.02660154478429: ['LEO51', 'LEO59', 'LEO61', 'LEO69']
LEO73: 28.999399065903763: ['LEO71', 'LEO72', 'LEO73', 'LEO74', 'LEO79', 'LEO81', 'LEO82', 'LEO83', 'LEO84', 'LEO85', 'LEO86', 'LEO87', 'LEO88', 'LEO89']
sum_con_loads:  245.23
max_con_loads:   77.36
avg_setup_time: 229.24
