******************************************************************************
METIS 5.0 Copyright 1998-13, Regents of the University of Minnesota
 (HEAD: , Built on: Dec 17 2022, 08:18:35)
 size of idx_t: 64bits, real_t: 32bits, idx_t *: 64bits

Graph Information -----------------------------------------------------------
 Name: MetisTopos/492, #Vertices: 72, #Edges: 128, #Parts: 8

Options ---------------------------------------------------------------------
 ptype=kway, objtype=cut, ctype=shem, rtype=greedy, iptype=metisrb
 dbglvl=0, ufactor=1.300, no2hop=NO, minconn=NO, contig=NO, nooutput=NO
 seed=-1, niter=10, ncuts=1

Direct k-way Partitioning ---------------------------------------------------
 - Edgecut: 7934, communication volume: 69.

 - Balance:
     constraint #0:  1.295 out of 0.610

 - Most overweight partition:
     pid: 1, actual: 1700, desired: 1312, ratio: 1.30.

 - Subdomain connectivity: max: 6, min: 0, avg: 3.25

 - There are 0 non-contiguous partitions.
   Total components after removing the cut edges: 7,
   max components: 1 for pid: 0.

Timing Information ----------------------------------------------------------
  I/O:          		   0.001 sec
  Partitioning: 		   0.001 sec   (METIS time)
  Reporting:    		   0.000 sec

Memory Information ----------------------------------------------------------
  Max memory used:		   0.070 MB
******************************************************************************
LEO31: 34.267360697493146: ['LEO11', 'LEO12', 'LEO19', 'LEO21', 'LEO22', 'LEO29', 'LEO31', 'LEO32']
LEO33: 56.07429206332484: ['LEO13', 'LEO23', 'LEO33', 'LEO34', 'LEO43', 'LEO53', 'LEO62', 'LEO63']
LEO14: 30.191890329667167: ['LEO14', 'LEO15', 'LEO24']
LEO38: 29.408313008101402: ['LEO16', 'LEO17', 'LEO18', 'LEO25', 'LEO26', 'LEO27', 'LEO28', 'LEO35', 'LEO36', 'LEO37', 'LEO38', 'LEO39']
LEO41: 45.6391091141339: ['LEO41', 'LEO42', 'LEO44', 'LEO45', 'LEO46', 'LEO47', 'LEO48', 'LEO49', 'LEO54', 'LEO55', 'LEO56', 'LEO57', 'LEO58', 'LEO64', 'LEO65', 'LEO66', 'LEO67', 'LEO68', 'LEO75', 'LEO76', 'LEO77', 'LEO78', 'LEO86', 'LEO87', 'LEO88']
LEO51: 39.02660154478429: ['LEO51', 'LEO52', 'LEO59', 'LEO61', 'LEO69']
LEO73: 28.999399065903763: ['LEO71', 'LEO72', 'LEO73', 'LEO74', 'LEO79', 'LEO81', 'LEO82', 'LEO83', 'LEO84', 'LEO85', 'LEO89']
sum_con_loads:  263.61
max_con_loads:   56.07
avg_setup_time: 208.57
