******************************************************************************
METIS 5.0 Copyright 1998-13, Regents of the University of Minnesota
 (HEAD: , Built on: Dec 17 2022, 08:18:35)
 size of idx_t: 64bits, real_t: 32bits, idx_t *: 64bits

Graph Information -----------------------------------------------------------
 Name: MetisTopos/492, #Vertices: 72, #Edges: 128, #Parts: 8

Options ---------------------------------------------------------------------
 ptype=kway, objtype=cut, ctype=shem, rtype=greedy, iptype=metisrb
 dbglvl=0, ufactor=1.400, no2hop=NO, minconn=NO, contig=NO, nooutput=NO
 seed=-1, niter=10, ncuts=1

Direct k-way Partitioning ---------------------------------------------------
 - Edgecut: 7786, communication volume: 74.

 - Balance:
     constraint #0:  1.295 out of 0.610

 - Most overweight partition:
     pid: 0, actual: 1700, desired: 1312, ratio: 1.30.

 - Subdomain connectivity: max: 6, min: 0, avg: 3.50

 - There are 0 non-contiguous partitions.
   Total components after removing the cut edges: 7,
   max components: 1 for pid: 0.

Timing Information ----------------------------------------------------------
  I/O:          		   0.001 sec
  Partitioning: 		   0.002 sec   (METIS time)
  Reporting:    		   0.000 sec

Memory Information ----------------------------------------------------------
  Max memory used:		   0.070 MB
******************************************************************************
LEO13: 37.60319026273838: ['LEO11', 'LEO12', 'LEO13', 'LEO14', 'LEO15', 'LEO16', 'LEO17', 'LEO18', 'LEO19', 'LEO26', 'LEO27', 'LEO28', 'LEO36', 'LEO37', 'LEO38']
LEO31: 38.05291458090441: ['LEO21', 'LEO22', 'LEO29', 'LEO31', 'LEO32', 'LEO39']
LEO33: 47.730817994471984: ['LEO23', 'LEO33', 'LEO43', 'LEO52', 'LEO53', 'LEO62', 'LEO63']
LEO24: 23.837909951900706: ['LEO24', 'LEO25', 'LEO34', 'LEO35']
LEO41: 45.6391091141339: ['LEO41', 'LEO42', 'LEO44', 'LEO45', 'LEO46', 'LEO47', 'LEO48', 'LEO49', 'LEO54', 'LEO55', 'LEO56', 'LEO57', 'LEO58', 'LEO64', 'LEO65', 'LEO66', 'LEO67', 'LEO68', 'LEO75', 'LEO76', 'LEO77', 'LEO78', 'LEO87', 'LEO88']
LEO51: 39.02660154478429: ['LEO51', 'LEO59', 'LEO61', 'LEO69']
LEO73: 28.999399065903763: ['LEO71', 'LEO72', 'LEO73', 'LEO74', 'LEO79', 'LEO81', 'LEO82', 'LEO83', 'LEO84', 'LEO85', 'LEO86', 'LEO89']
sum_con_loads:  260.89
max_con_loads:   47.73
avg_setup_time: 212.89
