******************************************************************************
METIS 5.0 Copyright 1998-13, Regents of the University of Minnesota
 (HEAD: , Built on: Dec 17 2022, 08:18:35)
 size of idx_t: 64bits, real_t: 32bits, idx_t *: 64bits

Graph Information -----------------------------------------------------------
 Name: MetisTopos/492, #Vertices: 72, #Edges: 128, #Parts: 8

Options ---------------------------------------------------------------------
 ptype=kway, objtype=cut, ctype=shem, rtype=greedy, iptype=metisrb
 dbglvl=0, ufactor=1.600, no2hop=NO, minconn=NO, contig=YES, nooutput=NO
 seed=-1, niter=10, ncuts=1

Direct k-way Partitioning ---------------------------------------------------
 - Edgecut: 7227, communication volume: 66.

 - Balance:
     constraint #0:  1.524 out of 0.610

 - Most overweight partition:
     pid: 2, actual: 2000, desired: 1312, ratio: 1.52.

 - Subdomain connectivity: max: 6, min: 0, avg: 3.50

 - There are 0 non-contiguous partitions.
   Total components after removing the cut edges: 7,
   max components: 1 for pid: 0.

Timing Information ----------------------------------------------------------
  I/O:          		   0.001 sec
  Partitioning: 		   0.001 sec   (METIS time)
  Reporting:    		   0.000 sec

Memory Information ----------------------------------------------------------
  Max memory used:		   0.070 MB
******************************************************************************
LEO31: 40.73430017074824: ['LEO11', 'LEO19', 'LEO21', 'LEO29', 'LEO31', 'LEO41', 'LEO42']
LEO33: 59.91747764393229: ['LEO12', 'LEO22', 'LEO23', 'LEO32', 'LEO33', 'LEO43', 'LEO52', 'LEO53', 'LEO63']
LEO14: 23.148119427922644: ['LEO13', 'LEO14', 'LEO15']
LEO36: 39.77079266943045: ['LEO16', 'LEO17', 'LEO18', 'LEO24', 'LEO25', 'LEO26', 'LEO27', 'LEO28', 'LEO34', 'LEO35', 'LEO36', 'LEO37', 'LEO38', 'LEO44', 'LEO45', 'LEO46', 'LEO47', 'LEO48', 'LEO54', 'LEO55', 'LEO56', 'LEO57', 'LEO58', 'LEO64', 'LEO65', 'LEO66', 'LEO67', 'LEO68', 'LEO75', 'LEO76', 'LEO77', 'LEO78', 'LEO86', 'LEO87', 'LEO88']
LEO39: 21.206741309967633: ['LEO39', 'LEO49']
LEO51: 40.339016805477385: ['LEO51', 'LEO59', 'LEO61', 'LEO62', 'LEO69', 'LEO71', 'LEO72', 'LEO79', 'LEO81', 'LEO82', 'LEO89']
LEO73: 24.332393882521046: ['LEO73', 'LEO74', 'LEO83', 'LEO84', 'LEO85']
sum_con_loads:  249.45
max_con_loads:   59.92
avg_setup_time: 202.31
