******************************************************************************
METIS 5.0 Copyright 1998-13, Regents of the University of Minnesota
 (HEAD: , Built on: Dec 17 2022, 08:18:35)
 size of idx_t: 64bits, real_t: 32bits, idx_t *: 64bits

Graph Information -----------------------------------------------------------
 Name: MetisTopos/1079, #Vertices: 72, #Edges: 128, #Parts: 8

Options ---------------------------------------------------------------------
 ptype=kway, objtype=cut, ctype=shem, rtype=greedy, iptype=metisrb
 dbglvl=0, ufactor=1.100, no2hop=NO, minconn=NO, contig=YES, nooutput=NO
 seed=-1, niter=10, ncuts=1

Direct k-way Partitioning ---------------------------------------------------
 - Edgecut: 10252, communication volume: 73.

 - Balance:
     constraint #0:  1.091 out of 0.582

 - Most overweight partition:
     pid: 0, actual: 1500, desired: 1375, ratio: 1.09.

 - Subdomain connectivity: max: 7, min: 3, avg: 4.00

 - Each partition is contiguous.

Timing Information ----------------------------------------------------------
  I/O:          		   0.001 sec
  Partitioning: 		   0.002 sec   (METIS time)
  Reporting:    		   0.000 sec

Memory Information ----------------------------------------------------------
  Max memory used:		   0.070 MB
******************************************************************************
LEO41: 46.88725654090345: ['LEO11', 'LEO21', 'LEO31', 'LEO41', 'LEO49']
LEO32: 54.4871799988919: ['LEO12', 'LEO22', 'LEO23', 'LEO32', 'LEO33', 'LEO42', 'LEO43']
LEO14: 26.045663212979107: ['LEO13', 'LEO14', 'LEO15', 'LEO16', 'LEO24', 'LEO25', 'LEO34']
LEO39: 24.96403414695343: ['LEO17', 'LEO18', 'LEO19', 'LEO26', 'LEO27', 'LEO28', 'LEO29', 'LEO37', 'LEO38', 'LEO39']
LEO67: 35.812948698059664: ['LEO35', 'LEO36', 'LEO44', 'LEO45', 'LEO46', 'LEO47', 'LEO48', 'LEO53', 'LEO54', 'LEO55', 'LEO56', 'LEO57', 'LEO58', 'LEO63', 'LEO64', 'LEO65', 'LEO66', 'LEO67', 'LEO68', 'LEO73', 'LEO75', 'LEO76', 'LEO77', 'LEO85', 'LEO86', 'LEO87']
LEO52: 64.2036157061751: ['LEO51', 'LEO52', 'LEO59', 'LEO61', 'LEO62', 'LEO71', 'LEO72']
LEO69: 36.93915811177466: ['LEO69', 'LEO78', 'LEO79', 'LEO81', 'LEO88', 'LEO89']
LEO82: 25.716733454497955: ['LEO74', 'LEO82', 'LEO83', 'LEO84']
sum_con_loads:  315.06
max_con_loads:   64.20
avg_setup_time: 224.94
