******************************************************************************
METIS 5.0 Copyright 1998-13, Regents of the University of Minnesota
 (HEAD: , Built on: Dec 17 2022, 08:18:35)
 size of idx_t: 64bits, real_t: 32bits, idx_t *: 64bits

Graph Information -----------------------------------------------------------
 Name: MetisTopos/1079, #Vertices: 72, #Edges: 128, #Parts: 8

Options ---------------------------------------------------------------------
 ptype=kway, objtype=cut, ctype=shem, rtype=greedy, iptype=metisrb
 dbglvl=0, ufactor=2.800, no2hop=NO, minconn=NO, contig=NO, nooutput=NO
 seed=-1, niter=10, ncuts=1

Direct k-way Partitioning ---------------------------------------------------
 - Edgecut: 6163, communication volume: 69.

 - Balance:
     constraint #0:  2.691 out of 0.582

 - Most overweight partition:
     pid: 7, actual: 3700, desired: 1375, ratio: 2.69.

 - Subdomain connectivity: max: 5, min: 0, avg: 2.75

 - There are 0 non-contiguous partitions.
   Total components after removing the cut edges: 6,
   max components: 1 for pid: 2.

Timing Information ----------------------------------------------------------
  I/O:          		   0.001 sec
  Partitioning: 		   0.001 sec   (METIS time)
  Reporting:    		   0.000 sec

Memory Information ----------------------------------------------------------
  Max memory used:		   0.070 MB
******************************************************************************
LEO12: 23.18007076484872: ['LEO11', 'LEO12', 'LEO13', 'LEO14', 'LEO15', 'LEO16', 'LEO17', 'LEO18', 'LEO19']
LEO32: 80.42911297053918: ['LEO21', 'LEO22', 'LEO23', 'LEO27', 'LEO28', 'LEO29', 'LEO31', 'LEO32', 'LEO36', 'LEO37', 'LEO38', 'LEO39', 'LEO41', 'LEO42', 'LEO51', 'LEO52', 'LEO61', 'LEO62']
LEO34: 16.18200145757579: ['LEO24', 'LEO25', 'LEO26', 'LEO33', 'LEO34', 'LEO35', 'LEO43', 'LEO44', 'LEO45', 'LEO46', 'LEO47', 'LEO53', 'LEO54', 'LEO55', 'LEO56', 'LEO57', 'LEO63', 'LEO64', 'LEO65', 'LEO66', 'LEO75', 'LEO85']
LEO49: 38.07158487469266: ['LEO48', 'LEO49', 'LEO58', 'LEO59']
LEO69: 41.86220407119748: ['LEO67', 'LEO68', 'LEO69', 'LEO76', 'LEO77', 'LEO78', 'LEO79', 'LEO81', 'LEO86', 'LEO87', 'LEO88', 'LEO89']
LEO72: 33.72339001768952: ['LEO71', 'LEO72', 'LEO73', 'LEO74', 'LEO82', 'LEO83', 'LEO84']
sum_con_loads:  233.45
max_con_loads:   80.43
avg_setup_time: 218.01
