******************************************************************************
METIS 5.0 Copyright 1998-13, Regents of the University of Minnesota
 (HEAD: , Built on: Dec 17 2022, 08:18:35)
 size of idx_t: 64bits, real_t: 32bits, idx_t *: 64bits

Graph Information -----------------------------------------------------------
 Name: MetisTopos/1937, #Vertices: 72, #Edges: 126, #Parts: 8

Options ---------------------------------------------------------------------
 ptype=kway, objtype=cut, ctype=shem, rtype=greedy, iptype=metisrb
 dbglvl=0, ufactor=2.000, no2hop=NO, minconn=NO, contig=YES, nooutput=NO
 seed=-1, niter=10, ncuts=1

Direct k-way Partitioning ---------------------------------------------------
 - Edgecut: 7692, communication volume: 81.

 - Balance:
     constraint #0:  1.931 out of 0.483

 - Most overweight partition:
     pid: 7, actual: 2800, desired: 1450, ratio: 1.93.

 - Subdomain connectivity: max: 7, min: 2, avg: 4.25

 - Each partition is contiguous.

Timing Information ----------------------------------------------------------
  I/O:          		   0.001 sec
  Partitioning: 		   0.002 sec   (METIS time)
  Reporting:    		   0.000 sec

Memory Information ----------------------------------------------------------
  Max memory used:		   0.070 MB
******************************************************************************
LEO31: 57.21841540780358: ['LEO11', 'LEO12', 'LEO19', 'LEO21', 'LEO31', 'LEO39', 'LEO41', 'LEO49', 'LEO51']
LEO22: 22.199017664917527: ['LEO13', 'LEO14', 'LEO22', 'LEO23', 'LEO24']
LEO38: 34.67373043841031: ['LEO15', 'LEO16', 'LEO17', 'LEO18', 'LEO25', 'LEO26', 'LEO27', 'LEO28', 'LEO29', 'LEO35', 'LEO38', 'LEO45', 'LEO55', 'LEO56', 'LEO65', 'LEO66', 'LEO74', 'LEO75', 'LEO84', 'LEO85']
LEO32: 18.954200611496496: ['LEO32', 'LEO33', 'LEO34', 'LEO42', 'LEO43', 'LEO44', 'LEO52', 'LEO53', 'LEO54']
LEO37: 15.793493260500458: ['LEO36', 'LEO37', 'LEO46', 'LEO47']
LEO58: 65.48393725075508: ['LEO48', 'LEO57', 'LEO58', 'LEO59', 'LEO67', 'LEO68']
LEO71: 37.99865252864725: ['LEO61', 'LEO62', 'LEO63', 'LEO64', 'LEO69', 'LEO71', 'LEO72', 'LEO73', 'LEO79', 'LEO81', 'LEO82', 'LEO83', 'LEO89']
LEO78: 17.686562397443463: ['LEO76', 'LEO77', 'LEO78', 'LEO86', 'LEO87', 'LEO88']
sum_con_loads:  270.01
max_con_loads:   65.48
avg_setup_time: 197.99
