******************************************************************************
METIS 5.0 Copyright 1998-13, Regents of the University of Minnesota
 (HEAD: , Built on: Dec 17 2022, 08:18:35)
 size of idx_t: 64bits, real_t: 32bits, idx_t *: 64bits

Graph Information -----------------------------------------------------------
 Name: MetisTopos/1937, #Vertices: 72, #Edges: 126, #Parts: 8

Options ---------------------------------------------------------------------
 ptype=kway, objtype=cut, ctype=shem, rtype=greedy, iptype=metisrb
 dbglvl=0, ufactor=1.100, no2hop=NO, minconn=NO, contig=NO, nooutput=NO
 seed=-1, niter=10, ncuts=1

Direct k-way Partitioning ---------------------------------------------------
 - Edgecut: 14746, communication volume: 103.

 - Balance:
     constraint #0:  1.172 out of 0.483

 - Most overweight partition:
     pid: 1, actual: 1700, desired: 1450, ratio: 1.17.

 - Subdomain connectivity: max: 6, min: 0, avg: 4.25

 - There are 5 non-contiguous partitions.
   Total components after removing the cut edges: 17,
   max components: 6 for pid: 5.

Timing Information ----------------------------------------------------------
  I/O:          		   0.001 sec
  Partitioning: 		   0.002 sec   (METIS time)
  Reporting:    		   0.000 sec

Memory Information ----------------------------------------------------------
  Max memory used:		   0.071 MB
******************************************************************************
LEO31: 75.25162143793101: ['LEO11', 'LEO31', 'LEO32', 'LEO33']
LEO12: 32.12725998769478: ['LEO12', 'LEO13', 'LEO22']
LEO69: 58.862141860063446: ['LEO14', 'LEO15', 'LEO16', 'LEO17', 'LEO23', 'LEO26', 'LEO27', 'LEO46', 'LEO56', 'LEO61', 'LEO69', 'LEO75', 'LEO79', 'LEO81', 'LEO86', 'LEO87', 'LEO89']
LEO38: 41.21007822320202: ['LEO18', 'LEO19', 'LEO24', 'LEO25', 'LEO28', 'LEO29', 'LEO34', 'LEO35', 'LEO36', 'LEO37', 'LEO38', 'LEO39', 'LEO42', 'LEO45', 'LEO47', 'LEO55', 'LEO64', 'LEO65', 'LEO82']
LEO41: 105.08404718671699: ['LEO21', 'LEO41', 'LEO48', 'LEO49', 'LEO51', 'LEO58', 'LEO59']
LEO71: 42.25301925944278: ['LEO43', 'LEO44', 'LEO52', 'LEO53', 'LEO54', 'LEO62', 'LEO63', 'LEO66', 'LEO71', 'LEO72', 'LEO73', 'LEO74', 'LEO76', 'LEO77', 'LEO78', 'LEO83', 'LEO84', 'LEO85', 'LEO88']
LEO68: 55.83625740375233: ['LEO57', 'LEO67', 'LEO68']
sum_con_loads:  410.62
max_con_loads:  105.08
avg_setup_time: 294.10
