******************************************************************************
METIS 5.0 Copyright 1998-13, Regents of the University of Minnesota
 (HEAD: , Built on: Dec 17 2022, 08:18:35)
 size of idx_t: 64bits, real_t: 32bits, idx_t *: 64bits

Graph Information -----------------------------------------------------------
 Name: MetisTopos/1937, #Vertices: 72, #Edges: 126, #Parts: 8

Options ---------------------------------------------------------------------
 ptype=kway, objtype=cut, ctype=shem, rtype=greedy, iptype=metisrb
 dbglvl=0, ufactor=2.000, no2hop=NO, minconn=NO, contig=NO, nooutput=NO
 seed=-1, niter=10, ncuts=1

Direct k-way Partitioning ---------------------------------------------------
 - Edgecut: 7759, communication volume: 75.

 - Balance:
     constraint #0:  1.655 out of 0.483

 - Most overweight partition:
     pid: 7, actual: 2400, desired: 1450, ratio: 1.66.

 - Subdomain connectivity: max: 7, min: 2, avg: 4.25

 - Each partition is contiguous.

Timing Information ----------------------------------------------------------
  I/O:          		   0.001 sec
  Partitioning: 		   0.001 sec   (METIS time)
  Reporting:    		   0.000 sec

Memory Information ----------------------------------------------------------
  Max memory used:		   0.070 MB
******************************************************************************
LEO31: 59.36350973025441: ['LEO11', 'LEO19', 'LEO21', 'LEO22', 'LEO23', 'LEO31', 'LEO39', 'LEO41', 'LEO49', 'LEO51']
LEO12: 19.540590062918138: ['LEO12', 'LEO13']
LEO57: 29.21361936574988: ['LEO14', 'LEO15', 'LEO16', 'LEO24', 'LEO25', 'LEO26', 'LEO34', 'LEO35', 'LEO36', 'LEO44', 'LEO45', 'LEO46', 'LEO54', 'LEO55', 'LEO56', 'LEO57', 'LEO64', 'LEO65', 'LEO66', 'LEO75']
LEO38: 22.978548621189283: ['LEO17', 'LEO18', 'LEO27', 'LEO28', 'LEO29', 'LEO37', 'LEO38']
LEO32: 18.57569935307318: ['LEO32', 'LEO33', 'LEO42', 'LEO43']
LEO58: 65.8939961446496: ['LEO47', 'LEO48', 'LEO58', 'LEO59', 'LEO67', 'LEO68']
LEO71: 37.99865252864725: ['LEO52', 'LEO53', 'LEO61', 'LEO62', 'LEO63', 'LEO69', 'LEO71', 'LEO72', 'LEO73', 'LEO74', 'LEO79', 'LEO81', 'LEO82', 'LEO83', 'LEO89']
LEO78: 17.686562397443463: ['LEO76', 'LEO77', 'LEO78', 'LEO84', 'LEO85', 'LEO86', 'LEO87', 'LEO88']
sum_con_loads:  271.25
max_con_loads:   65.89
avg_setup_time: 190.03
