******************************************************************************
METIS 5.0 Copyright 1998-13, Regents of the University of Minnesota
 (HEAD: , Built on: Dec 17 2022, 08:18:35)
 size of idx_t: 64bits, real_t: 32bits, idx_t *: 64bits

Graph Information -----------------------------------------------------------
 Name: MetisTopos/1937, #Vertices: 72, #Edges: 126, #Parts: 8

Options ---------------------------------------------------------------------
 ptype=kway, objtype=cut, ctype=shem, rtype=greedy, iptype=metisrb
 dbglvl=0, ufactor=2.700, no2hop=NO, minconn=NO, contig=YES, nooutput=NO
 seed=-1, niter=10, ncuts=1

Direct k-way Partitioning ---------------------------------------------------
 - Edgecut: 6282, communication volume: 76.

 - Balance:
     constraint #0:  2.621 out of 0.483

 - Most overweight partition:
     pid: 5, actual: 3800, desired: 1450, ratio: 2.62.

 - Subdomain connectivity: max: 5, min: 0, avg: 3.25

 - There are 0 non-contiguous partitions.
   Total components after removing the cut edges: 7,
   max components: 1 for pid: 0.

Timing Information ----------------------------------------------------------
  I/O:          		   0.001 sec
  Partitioning: 		   0.001 sec   (METIS time)
  Reporting:    		   0.000 sec

Memory Information ----------------------------------------------------------
  Max memory used:		   0.071 MB
******************************************************************************
LEO31: 68.23630937314074: ['LEO11', 'LEO12', 'LEO13', 'LEO14', 'LEO15', 'LEO16', 'LEO17', 'LEO18', 'LEO19', 'LEO21', 'LEO22', 'LEO23', 'LEO24', 'LEO25', 'LEO29', 'LEO31', 'LEO35', 'LEO39', 'LEO41', 'LEO45', 'LEO49', 'LEO51', 'LEO55', 'LEO65']
LEO38: 24.28559302057419: ['LEO26', 'LEO27', 'LEO28', 'LEO36', 'LEO37', 'LEO38']
LEO32: 18.954200611496496: ['LEO32', 'LEO33', 'LEO34', 'LEO42', 'LEO43', 'LEO44', 'LEO52', 'LEO53', 'LEO54', 'LEO62', 'LEO63', 'LEO64']
LEO58: 71.88608052741289: ['LEO46', 'LEO47', 'LEO48', 'LEO56', 'LEO57', 'LEO58', 'LEO59', 'LEO66', 'LEO67', 'LEO68', 'LEO77', 'LEO78']
LEO61: 35.53654833470402: ['LEO61', 'LEO69', 'LEO71', 'LEO79', 'LEO81', 'LEO87', 'LEO88', 'LEO89']
LEO72: 13.864253752007297: ['LEO72', 'LEO73', 'LEO82', 'LEO83']
LEO76: 8.9823383244502: ['LEO74', 'LEO75', 'LEO76', 'LEO84', 'LEO85', 'LEO86']
sum_con_loads:  241.75
max_con_loads:   71.89
avg_setup_time: 202.03
