******************************************************************************
METIS 5.0 Copyright 1998-13, Regents of the University of Minnesota
 (HEAD: , Built on: Dec 17 2022, 08:18:35)
 size of idx_t: 64bits, real_t: 32bits, idx_t *: 64bits

Graph Information -----------------------------------------------------------
 Name: MetisTopos/1937, #Vertices: 72, #Edges: 126, #Parts: 8

Options ---------------------------------------------------------------------
 ptype=kway, objtype=cut, ctype=shem, rtype=greedy, iptype=metisrb
 dbglvl=0, ufactor=3.100, no2hop=NO, minconn=NO, contig=NO, nooutput=NO
 seed=-1, niter=10, ncuts=1

Direct k-way Partitioning ---------------------------------------------------
 - Edgecut: 5746, communication volume: 60.

 - Balance:
     constraint #0:  3.034 out of 0.483

 - Most overweight partition:
     pid: 7, actual: 4400, desired: 1450, ratio: 3.03.

 - Subdomain connectivity: max: 4, min: 0, avg: 2.25

 - There are 0 non-contiguous partitions.
   Total components after removing the cut edges: 5,
   max components: 1 for pid: 1.

Timing Information ----------------------------------------------------------
  I/O:          		   0.001 sec
  Partitioning: 		   0.001 sec   (METIS time)
  Reporting:    		   0.000 sec

Memory Information ----------------------------------------------------------
  Max memory used:		   0.071 MB
******************************************************************************
LEO41: 92.4355930111425: ['LEO11', 'LEO19', 'LEO21', 'LEO29', 'LEO31', 'LEO39', 'LEO41', 'LEO48', 'LEO49', 'LEO51', 'LEO58', 'LEO59', 'LEO61', 'LEO68', 'LEO69', 'LEO71', 'LEO78', 'LEO79', 'LEO81', 'LEO88', 'LEO89']
LEO22: 47.03606679320236: ['LEO12', 'LEO13', 'LEO14', 'LEO15', 'LEO22', 'LEO23', 'LEO24', 'LEO32', 'LEO33', 'LEO34', 'LEO42', 'LEO43', 'LEO44', 'LEO52', 'LEO53', 'LEO54', 'LEO62', 'LEO63']
LEO38: 22.978548621189283: ['LEO16', 'LEO17', 'LEO18', 'LEO26', 'LEO27', 'LEO28', 'LEO37', 'LEO38']
LEO57: 43.36285110904505: ['LEO25', 'LEO35', 'LEO36', 'LEO45', 'LEO46', 'LEO47', 'LEO55', 'LEO56', 'LEO57', 'LEO64', 'LEO65', 'LEO66', 'LEO67']
LEO72: 25.307706651756213: ['LEO72', 'LEO73', 'LEO74', 'LEO75', 'LEO76', 'LEO77', 'LEO82', 'LEO83', 'LEO84', 'LEO85', 'LEO86', 'LEO87']
sum_con_loads:  231.12
max_con_loads:   92.44
avg_setup_time: 305.34
