******************************************************************************
METIS 5.0 Copyright 1998-13, Regents of the University of Minnesota
 (HEAD: , Built on: Dec 17 2022, 08:18:35)
 size of idx_t: 64bits, real_t: 32bits, idx_t *: 64bits

Graph Information -----------------------------------------------------------
 Name: MetisTopos/1937, #Vertices: 72, #Edges: 126, #Parts: 8

Options ---------------------------------------------------------------------
 ptype=kway, objtype=cut, ctype=shem, rtype=greedy, iptype=metisrb
 dbglvl=0, ufactor=1.400, no2hop=NO, minconn=NO, contig=NO, nooutput=NO
 seed=-1, niter=10, ncuts=1

Direct k-way Partitioning ---------------------------------------------------
 - Edgecut: 9858, communication volume: 83.

 - Balance:
     constraint #0:  1.379 out of 0.483

 - Most overweight partition:
     pid: 7, actual: 2000, desired: 1450, ratio: 1.38.

 - Subdomain connectivity: max: 7, min: 3, avg: 4.50

 - There are 1 non-contiguous partitions.
   Total components after removing the cut edges: 9,
   max components: 2 for pid: 1.

Timing Information ----------------------------------------------------------
  I/O:          		   0.001 sec
  Partitioning: 		   0.001 sec   (METIS time)
  Reporting:    		   0.000 sec

Memory Information ----------------------------------------------------------
  Max memory used:		   0.070 MB
******************************************************************************
LEO11: 27.40587084770055: ['LEO11', 'LEO12', 'LEO13', 'LEO14', 'LEO15', 'LEO19']
LEO47: 22.309399827326317: ['LEO16', 'LEO17', 'LEO26', 'LEO27', 'LEO36', 'LEO37', 'LEO46', 'LEO47', 'LEO56']
LEO38: 36.13982027691536: ['LEO18', 'LEO23', 'LEO24', 'LEO25', 'LEO28', 'LEO29', 'LEO33', 'LEO34', 'LEO35', 'LEO38', 'LEO44', 'LEO45', 'LEO54', 'LEO55', 'LEO65', 'LEO74', 'LEO75']
LEO31: 56.67498795297042: ['LEO21', 'LEO22', 'LEO31', 'LEO39', 'LEO41', 'LEO49']
LEO51: 36.19232805078929: ['LEO32', 'LEO42', 'LEO43', 'LEO51', 'LEO52', 'LEO53', 'LEO61', 'LEO62', 'LEO63', 'LEO64']
LEO58: 58.24417477279144: ['LEO48', 'LEO57', 'LEO58', 'LEO59']
LEO68: 49.292061513776254: ['LEO66', 'LEO67', 'LEO68', 'LEO69', 'LEO76', 'LEO77', 'LEO78', 'LEO79', 'LEO85', 'LEO86', 'LEO87', 'LEO88', 'LEO89']
LEO71: 26.843132009943446: ['LEO71', 'LEO72', 'LEO73', 'LEO81', 'LEO82', 'LEO83', 'LEO84']
sum_con_loads:  313.10
max_con_loads:   58.24
avg_setup_time: 216.15
