******************************************************************************
METIS 5.0 Copyright 1998-13, Regents of the University of Minnesota
 (HEAD: , Built on: Dec 17 2022, 08:18:35)
 size of idx_t: 64bits, real_t: 32bits, idx_t *: 64bits

Graph Information -----------------------------------------------------------
 Name: MetisTopos/1937, #Vertices: 72, #Edges: 126, #Parts: 8

Options ---------------------------------------------------------------------
 ptype=kway, objtype=cut, ctype=shem, rtype=greedy, iptype=metisrb
 dbglvl=0, ufactor=1.400, no2hop=NO, minconn=NO, contig=YES, nooutput=NO
 seed=-1, niter=10, ncuts=1

Direct k-way Partitioning ---------------------------------------------------
 - Edgecut: 9937, communication volume: 84.

 - Balance:
     constraint #0:  1.379 out of 0.483

 - Most overweight partition:
     pid: 7, actual: 2000, desired: 1450, ratio: 1.38.

 - Subdomain connectivity: max: 6, min: 3, avg: 4.25

 - Each partition is contiguous.

Timing Information ----------------------------------------------------------
  I/O:          		   0.001 sec
  Partitioning: 		   0.002 sec   (METIS time)
  Reporting:    		   0.000 sec

Memory Information ----------------------------------------------------------
  Max memory used:		   0.070 MB
******************************************************************************
LEO31: 53.28240397857354: ['LEO11', 'LEO19', 'LEO21', 'LEO29', 'LEO31', 'LEO39', 'LEO41', 'LEO49', 'LEO51']
LEO22: 40.225319622808634: ['LEO12', 'LEO13', 'LEO14', 'LEO22', 'LEO23', 'LEO24', 'LEO34', 'LEO44', 'LEO53', 'LEO54', 'LEO63', 'LEO64', 'LEO65', 'LEO75', 'LEO85']
LEO38: 22.978548621189283: ['LEO15', 'LEO16', 'LEO17', 'LEO18', 'LEO27', 'LEO28', 'LEO37', 'LEO38']
LEO57: 28.32823737338161: ['LEO25', 'LEO26', 'LEO35', 'LEO36', 'LEO45', 'LEO46', 'LEO55', 'LEO56', 'LEO57']
LEO61: 37.73990995526441: ['LEO32', 'LEO33', 'LEO42', 'LEO43', 'LEO52', 'LEO61', 'LEO62']
LEO48: 56.08318146241545: ['LEO47', 'LEO48', 'LEO58', 'LEO59']
LEO68: 49.292061513776254: ['LEO66', 'LEO67', 'LEO68', 'LEO69', 'LEO76', 'LEO77', 'LEO78', 'LEO79', 'LEO86', 'LEO87', 'LEO88', 'LEO89']
LEO71: 26.843132009943446: ['LEO71', 'LEO72', 'LEO73', 'LEO74', 'LEO81', 'LEO82', 'LEO83', 'LEO84']
sum_con_loads:  314.77
max_con_loads:   56.08
avg_setup_time: 214.10
