******************************************************************************
METIS 5.0 Copyright 1998-13, Regents of the University of Minnesota
 (HEAD: , Built on: Dec 17 2022, 08:18:35)
 size of idx_t: 64bits, real_t: 32bits, idx_t *: 64bits

Graph Information -----------------------------------------------------------
 Name: MetisTopos/1937, #Vertices: 72, #Edges: 126, #Parts: 8

Options ---------------------------------------------------------------------
 ptype=kway, objtype=cut, ctype=shem, rtype=greedy, iptype=metisrb
 dbglvl=0, ufactor=1.500, no2hop=NO, minconn=NO, contig=YES, nooutput=NO
 seed=-1, niter=10, ncuts=1

Direct k-way Partitioning ---------------------------------------------------
 - Edgecut: 8925, communication volume: 82.

 - Balance:
     constraint #0:  1.448 out of 0.483

 - Most overweight partition:
     pid: 4, actual: 2100, desired: 1450, ratio: 1.45.

 - Subdomain connectivity: max: 7, min: 3, avg: 4.50

 - Each partition is contiguous.

Timing Information ----------------------------------------------------------
  I/O:          		   0.001 sec
  Partitioning: 		   0.002 sec   (METIS time)
  Reporting:    		   0.000 sec

Memory Information ----------------------------------------------------------
  Max memory used:		   0.071 MB
******************************************************************************
LEO31: 57.52180484739331: ['LEO11', 'LEO19', 'LEO21', 'LEO31', 'LEO32', 'LEO39', 'LEO41', 'LEO49', 'LEO51']
LEO12: 30.08954237656546: ['LEO12', 'LEO22', 'LEO23']
LEO25: 29.857244295628195: ['LEO13', 'LEO14', 'LEO15', 'LEO16', 'LEO17', 'LEO18', 'LEO24', 'LEO25', 'LEO26', 'LEO27', 'LEO28', 'LEO29', 'LEO34', 'LEO35', 'LEO44', 'LEO45', 'LEO54', 'LEO55', 'LEO56', 'LEO65', 'LEO75', 'LEO84', 'LEO85', 'LEO86']
LEO72: 22.466145317604195: ['LEO33', 'LEO42', 'LEO43', 'LEO52', 'LEO53', 'LEO62', 'LEO63', 'LEO64', 'LEO72', 'LEO73', 'LEO74', 'LEO82', 'LEO83']
LEO38: 26.380496327985043: ['LEO36', 'LEO37', 'LEO38', 'LEO46', 'LEO47']
LEO58: 63.10647512591872: ['LEO48', 'LEO57', 'LEO58', 'LEO59', 'LEO68']
LEO61: 35.53654833470402: ['LEO61', 'LEO69', 'LEO71', 'LEO79', 'LEO81', 'LEO87', 'LEO88', 'LEO89']
LEO67: 29.694961997296538: ['LEO66', 'LEO67', 'LEO76', 'LEO77', 'LEO78']
sum_con_loads:  294.65
max_con_loads:   63.11
avg_setup_time: 212.83
