******************************************************************************
METIS 5.0 Copyright 1998-13, Regents of the University of Minnesota
 (HEAD: , Built on: Dec 17 2022, 08:18:35)
 size of idx_t: 64bits, real_t: 32bits, idx_t *: 64bits

Graph Information -----------------------------------------------------------
 Name: MetisTopos/1937, #Vertices: 72, #Edges: 126, #Parts: 8

Options ---------------------------------------------------------------------
 ptype=kway, objtype=cut, ctype=shem, rtype=greedy, iptype=metisrb
 dbglvl=0, ufactor=1.600, no2hop=NO, minconn=NO, contig=YES, nooutput=NO
 seed=-1, niter=10, ncuts=1

Direct k-way Partitioning ---------------------------------------------------
 - Edgecut: 8770, communication volume: 87.

 - Balance:
     constraint #0:  1.586 out of 0.483

 - Most overweight partition:
     pid: 4, actual: 2300, desired: 1450, ratio: 1.59.

 - Subdomain connectivity: max: 6, min: 2, avg: 4.25

 - Each partition is contiguous.

Timing Information ----------------------------------------------------------
  I/O:          		   0.001 sec
  Partitioning: 		   0.002 sec   (METIS time)
  Reporting:    		   0.000 sec

Memory Information ----------------------------------------------------------
  Max memory used:		   0.071 MB
******************************************************************************
LEO31: 57.52180484739331: ['LEO11', 'LEO19', 'LEO21', 'LEO31', 'LEO32', 'LEO39', 'LEO41', 'LEO42', 'LEO49', 'LEO51']
LEO12: 19.540590062918138: ['LEO12', 'LEO13']
LEO25: 26.148533413069753: ['LEO14', 'LEO15', 'LEO16', 'LEO17', 'LEO18', 'LEO24', 'LEO25', 'LEO26', 'LEO27', 'LEO28', 'LEO29', 'LEO35', 'LEO45', 'LEO55', 'LEO64', 'LEO65', 'LEO75', 'LEO76']
LEO22: 23.481062808774023: ['LEO22', 'LEO23', 'LEO33', 'LEO34', 'LEO43', 'LEO44', 'LEO54']
LEO57: 33.90152042717905: ['LEO36', 'LEO37', 'LEO46', 'LEO47', 'LEO56', 'LEO57']
LEO58: 68.12949330365674: ['LEO38', 'LEO48', 'LEO58', 'LEO59', 'LEO66', 'LEO67', 'LEO68']
LEO78: 28.390753853491567: ['LEO52', 'LEO53', 'LEO62', 'LEO63', 'LEO72', 'LEO73', 'LEO74', 'LEO77', 'LEO78', 'LEO82', 'LEO83', 'LEO84', 'LEO85', 'LEO86', 'LEO87', 'LEO88']
LEO61: 34.44114235784052: ['LEO61', 'LEO69', 'LEO71', 'LEO79', 'LEO81', 'LEO89']
sum_con_loads:  291.55
max_con_loads:   68.13
avg_setup_time: 217.89
