******************************************************************************
METIS 5.0 Copyright 1998-13, Regents of the University of Minnesota
 (HEAD: , Built on: Dec 17 2022, 08:18:35)
 size of idx_t: 64bits, real_t: 32bits, idx_t *: 64bits

Graph Information -----------------------------------------------------------
 Name: MetisTopos/1937, #Vertices: 72, #Edges: 126, #Parts: 8

Options ---------------------------------------------------------------------
 ptype=kway, objtype=cut, ctype=shem, rtype=greedy, iptype=metisrb
 dbglvl=0, ufactor=1.700, no2hop=NO, minconn=NO, contig=NO, nooutput=NO
 seed=-1, niter=10, ncuts=1

Direct k-way Partitioning ---------------------------------------------------
 - Edgecut: 7917, communication volume: 77.

 - Balance:
     constraint #0:  1.655 out of 0.483

 - Most overweight partition:
     pid: 6, actual: 2400, desired: 1450, ratio: 1.66.

 - Subdomain connectivity: max: 5, min: 3, avg: 4.50

 - Each partition is contiguous.

Timing Information ----------------------------------------------------------
  I/O:          		   0.001 sec
  Partitioning: 		   0.001 sec   (METIS time)
  Reporting:    		   0.000 sec

Memory Information ----------------------------------------------------------
  Max memory used:		   0.070 MB
******************************************************************************
LEO31: 57.21841540780358: ['LEO11', 'LEO12', 'LEO19', 'LEO21', 'LEO31', 'LEO39', 'LEO41', 'LEO49', 'LEO51']
LEO22: 22.199017664917527: ['LEO13', 'LEO22', 'LEO23']
LEO38: 27.28952498608782: ['LEO14', 'LEO15', 'LEO16', 'LEO17', 'LEO18', 'LEO24', 'LEO25', 'LEO26', 'LEO27', 'LEO28', 'LEO29', 'LEO37', 'LEO38']
LEO32: 18.954200611496496: ['LEO32', 'LEO33', 'LEO34', 'LEO42', 'LEO43', 'LEO44', 'LEO54']
LEO66: 28.83517582183214: ['LEO35', 'LEO36', 'LEO45', 'LEO46', 'LEO55', 'LEO56', 'LEO65', 'LEO66', 'LEO67', 'LEO75']
LEO58: 64.1167552510102: ['LEO47', 'LEO48', 'LEO57', 'LEO58', 'LEO59', 'LEO68']
LEO71: 37.99865252864725: ['LEO52', 'LEO53', 'LEO61', 'LEO62', 'LEO63', 'LEO64', 'LEO69', 'LEO71', 'LEO72', 'LEO73', 'LEO74', 'LEO79', 'LEO81', 'LEO82', 'LEO83', 'LEO89']
LEO78: 17.686562397443463: ['LEO76', 'LEO77', 'LEO78', 'LEO84', 'LEO85', 'LEO86', 'LEO87', 'LEO88']
sum_con_loads:  274.30
max_con_loads:   64.12
avg_setup_time: 196.25
