0.02 , iter--1, SumLoad: 355.0551, MaxCon: LEO11, Load: 66.9509 
0.03 , iter--2, SumLoad: 343.1694, MaxCon: LEO11, Load: 61.6051 
0.05 , iter--3, SumLoad: 334.4936, MaxCon: LEO31, Load: 54.3120 
0.07 , iter--4, SumLoad: 331.2758, MaxCon: LEO21, Load: 53.8280 
0.10 , iter--5, SumLoad: 322.0740, MaxCon: LEO61, Load: 52.6696 
0.12 , iter--6, SumLoad: 307.6302, MaxCon: LEO11, Load: 50.1487 
0.13 , iter--7, SumLoad: 300.3939, MaxCon: LEO31, Load: 47.2649 
0.16 , iter--8, SumLoad: 292.0340, MaxCon: LEO11, Load: 46.5305 
0.17 , iter--9, SumLoad: 292.0340, MaxCon: LEO17, Load: 46.5305 
LEO33: 46.53054074953723: ['LEO11', 'LEO17', 'LEO18', 'LEO19', 'LEO33', 'LEO43', 'LEO53', 'LEO34', 'LEO35', 'LEO44', 'LEO62', 'LEO63']
LEO23: 40.61390631351509: ['LEO23', 'LEO24', 'LEO25', 'LEO26', 'LEO27', 'LEO28', 'LEO29', 'LEO13', 'LEO14', 'LEO15', 'LEO16']
LEO31: 41.36247584913695: ['LEO31', 'LEO32', 'LEO38', 'LEO39', 'LEO12', 'LEO22', 'LEO21']
LEO41: 32.391927334481345: ['LEO41', 'LEO42', 'LEO45', 'LEO46', 'LEO48', 'LEO49']
LEO51: 45.67694118393474: ['LEO51', 'LEO52', 'LEO54', 'LEO55', 'LEO56', 'LEO57', 'LEO58', 'LEO59', 'LEO36', 'LEO37', 'LEO47']
LEO61: 34.43394972374341: ['LEO61', 'LEO64', 'LEO65', 'LEO66', 'LEO67', 'LEO68', 'LEO69']
LEO73: 35.29986213071293: ['LEO71', 'LEO72', 'LEO73', 'LEO74', 'LEO75', 'LEO76', 'LEO77', 'LEO78', 'LEO79']
LEO83: 15.72441160499748: ['LEO81', 'LEO82', 'LEO83', 'LEO84', 'LEO85', 'LEO86', 'LEO87', 'LEO88', 'LEO89']
sum_con_loads:  292.03
max_con_loads:   46.53
avg_setup_time: 217.53
