******************************************************************************
METIS 5.0 Copyright 1998-13, Regents of the University of Minnesota
 (HEAD: , Built on: Dec 17 2022, 08:18:35)
 size of idx_t: 64bits, real_t: 32bits, idx_t *: 64bits

Graph Information -----------------------------------------------------------
 Name: MetisTopos/93, #Vertices: 72, #Edges: 126, #Parts: 8

Options ---------------------------------------------------------------------
 ptype=kway, objtype=cut, ctype=shem, rtype=greedy, iptype=metisrb
 dbglvl=0, ufactor=1.100, no2hop=NO, minconn=NO, contig=NO, nooutput=NO
 seed=-1, niter=10, ncuts=1

Direct k-way Partitioning ---------------------------------------------------
 - Edgecut: 12430, communication volume: 81.

 - Balance:
     constraint #0:  1.032 out of 0.452

 - Most overweight partition:
     pid: 0, actual: 1600, desired: 1550, ratio: 1.03.

 - Subdomain connectivity: max: 5, min: 2, avg: 3.75

 - There are 1 non-contiguous partitions.
   Total components after removing the cut edges: 9,
   max components: 2 for pid: 1.

Timing Information ----------------------------------------------------------
  I/O:          		   0.001 sec
  Partitioning: 		   0.002 sec   (METIS time)
  Reporting:    		   0.000 sec

Memory Information ----------------------------------------------------------
  Max memory used:		   0.071 MB
******************************************************************************
LEO44: 56.37884662937618: ['LEO11', 'LEO16', 'LEO17', 'LEO18', 'LEO19', 'LEO21', 'LEO27', 'LEO28', 'LEO29', 'LEO31', 'LEO37', 'LEO38', 'LEO39', 'LEO41', 'LEO44', 'LEO45', 'LEO46', 'LEO47', 'LEO48', 'LEO49', 'LEO54', 'LEO55', 'LEO56', 'LEO57', 'LEO58', 'LEO68']
LEO42: 55.52834411790225: ['LEO12', 'LEO22', 'LEO32', 'LEO42', 'LEO52']
LEO24: 46.79840902969316: ['LEO13', 'LEO14', 'LEO23', 'LEO24', 'LEO33', 'LEO34']
LEO25: 33.3131525070424: ['LEO15', 'LEO25', 'LEO26', 'LEO35', 'LEO36']
LEO53: 59.79611745351296: ['LEO43', 'LEO53', 'LEO64', 'LEO65', 'LEO66', 'LEO67', 'LEO74', 'LEO75', 'LEO76', 'LEO77', 'LEO78', 'LEO85', 'LEO86', 'LEO87', 'LEO88', 'LEO89']
LEO51: 35.7200850911704: ['LEO51', 'LEO59', 'LEO69', 'LEO79']
LEO62: 39.88407214338284: ['LEO61', 'LEO62', 'LEO71', 'LEO72', 'LEO81', 'LEO82']
LEO63: 44.81758398417754: ['LEO63', 'LEO73', 'LEO83', 'LEO84']
sum_con_loads:  372.24
max_con_loads:   59.80
avg_setup_time: 237.17
