******************************************************************************
METIS 5.0 Copyright 1998-13, Regents of the University of Minnesota
 (HEAD: , Built on: Dec 17 2022, 08:18:35)
 size of idx_t: 64bits, real_t: 32bits, idx_t *: 64bits

Graph Information -----------------------------------------------------------
 Name: MetisTopos/93, #Vertices: 72, #Edges: 126, #Parts: 8

Options ---------------------------------------------------------------------
 ptype=kway, objtype=cut, ctype=shem, rtype=greedy, iptype=metisrb
 dbglvl=0, ufactor=1.100, no2hop=NO, minconn=NO, contig=YES, nooutput=NO
 seed=-1, niter=10, ncuts=1

Direct k-way Partitioning ---------------------------------------------------
 - Edgecut: 11067, communication volume: 79.

 - Balance:
     constraint #0:  1.032 out of 0.452

 - Most overweight partition:
     pid: 0, actual: 1600, desired: 1550, ratio: 1.03.

 - Subdomain connectivity: max: 7, min: 2, avg: 4.00

 - Each partition is contiguous.

Timing Information ----------------------------------------------------------
  I/O:          		   0.001 sec
  Partitioning: 		   0.002 sec   (METIS time)
  Reporting:    		   0.000 sec

Memory Information ----------------------------------------------------------
  Max memory used:		   0.071 MB
******************************************************************************
LEO49: ['LEO11', 'LEO17', 'LEO18', 'LEO19', 'LEO21', 'LEO27', 'LEO28', 'LEO29', 'LEO31', 'LEO36', 'LEO37', 'LEO38', 'LEO39', 'LEO41', 'LEO46', 'LEO47', 'LEO48', 'LEO49', 'LEO58', 'LEO68', 'LEO78']

LEO42: ['LEO12', 'LEO13', 'LEO22', 'LEO23', 'LEO32', 'LEO42', 'LEO52']

LEO24: ['LEO14', 'LEO24', 'LEO33', 'LEO34']

LEO25: ['LEO15', 'LEO16', 'LEO25', 'LEO26', 'LEO35']

LEO53: ['LEO43', 'LEO44', 'LEO45', 'LEO53', 'LEO54', 'LEO55', 'LEO56', 'LEO57', 'LEO64', 'LEO65', 'LEO66', 'LEO67', 'LEO74', 'LEO75', 'LEO76', 'LEO77', 'LEO85', 'LEO86', 'LEO87', 'LEO88', 'LEO89']

LEO51: ['LEO51', 'LEO59', 'LEO69', 'LEO79']

LEO62: ['LEO61', 'LEO62', 'LEO71', 'LEO72', 'LEO81', 'LEO82']

LEO63: ['LEO63', 'LEO73', 'LEO83', 'LEO84']

sum_con_loads:  345.00

max_con_loads:   55.84

avg_setup_time: 158.73

