******************************************************************************
METIS 5.0 Copyright 1998-13, Regents of the University of Minnesota
 (HEAD: , Built on: Dec 17 2022, 08:18:35)
 size of idx_t: 64bits, real_t: 32bits, idx_t *: 64bits

Graph Information -----------------------------------------------------------
 Name: MetisTopos/93, #Vertices: 72, #Edges: 126, #Parts: 8

Options ---------------------------------------------------------------------
 ptype=kway, objtype=cut, ctype=shem, rtype=greedy, iptype=metisrb
 dbglvl=0, ufactor=2.200, no2hop=NO, minconn=NO, contig=YES, nooutput=NO
 seed=-1, niter=10, ncuts=1

Direct k-way Partitioning ---------------------------------------------------
 - Edgecut: 8109, communication volume: 71.

 - Balance:
     constraint #0:  1.742 out of 0.452

 - Most overweight partition:
     pid: 1, actual: 2700, desired: 1550, ratio: 1.74.

 - Subdomain connectivity: max: 5, min: 0, avg: 3.25

 - There are 0 non-contiguous partitions.
   Total components after removing the cut edges: 7,
   max components: 1 for pid: 1.

Timing Information ----------------------------------------------------------
  I/O:          		   0.001 sec
  Partitioning: 		   0.002 sec   (METIS time)
  Reporting:    		   0.000 sec

Memory Information ----------------------------------------------------------
  Max memory used:		   0.071 MB
******************************************************************************
LEO42: 68.73145157938299: ['LEO11', 'LEO12', 'LEO18', 'LEO19', 'LEO21', 'LEO22', 'LEO28', 'LEO29', 'LEO31', 'LEO32', 'LEO39', 'LEO42', 'LEO51', 'LEO52']
LEO24: 34.02015342748487: ['LEO13', 'LEO14', 'LEO23', 'LEO24', 'LEO25']
LEO15: 13.538186859769816: ['LEO15', 'LEO16', 'LEO17', 'LEO26', 'LEO27']
LEO43: 60.82912848714532: ['LEO33', 'LEO34', 'LEO35', 'LEO36', 'LEO43', 'LEO44', 'LEO45', 'LEO46', 'LEO47', 'LEO53', 'LEO54', 'LEO55', 'LEO56', 'LEO57', 'LEO63', 'LEO64', 'LEO65']
LEO61: 49.58445641808441: ['LEO37', 'LEO38', 'LEO48', 'LEO58', 'LEO61', 'LEO62', 'LEO68', 'LEO69', 'LEO71', 'LEO72', 'LEO78', 'LEO79', 'LEO81', 'LEO88', 'LEO89']
LEO41: 24.262451606957658: ['LEO41', 'LEO49', 'LEO59']
LEO73: 35.1024425613616: ['LEO66', 'LEO67', 'LEO73', 'LEO74', 'LEO75', 'LEO76', 'LEO77', 'LEO82', 'LEO83', 'LEO84', 'LEO85', 'LEO86', 'LEO87']
sum_con_loads:  286.07
max_con_loads:   68.73
avg_setup_time: 212.88
