******************************************************************************
METIS 5.0 Copyright 1998-13, Regents of the University of Minnesota
 (HEAD: , Built on: Dec 17 2022, 08:18:35)
 size of idx_t: 64bits, real_t: 32bits, idx_t *: 64bits

Graph Information -----------------------------------------------------------
 Name: MetisTopos/93, #Vertices: 72, #Edges: 126, #Parts: 8

Options ---------------------------------------------------------------------
 ptype=kway, objtype=cut, ctype=shem, rtype=greedy, iptype=metisrb
 dbglvl=0, ufactor=2.300, no2hop=NO, minconn=NO, contig=NO, nooutput=NO
 seed=-1, niter=10, ncuts=1

Direct k-way Partitioning ---------------------------------------------------
 - Edgecut: 8350, communication volume: 78.

 - Balance:
     constraint #0:  2.129 out of 0.452

 - Most overweight partition:
     pid: 7, actual: 3300, desired: 1550, ratio: 2.13.

 - Subdomain connectivity: max: 5, min: 2, avg: 4.00

 - Each partition is contiguous.

Timing Information ----------------------------------------------------------
  I/O:          		   0.001 sec
  Partitioning: 		   0.001 sec   (METIS time)
  Reporting:    		   0.000 sec

Memory Information ----------------------------------------------------------
  Max memory used:		   0.071 MB
******************************************************************************
LEO51: ['LEO11', 'LEO16', 'LEO17', 'LEO18', 'LEO19', 'LEO21', 'LEO26', 'LEO27', 'LEO28', 'LEO29', 'LEO37', 'LEO38', 'LEO47', 'LEO48', 'LEO51', 'LEO58', 'LEO59', 'LEO68', 'LEO69']

LEO32: ['LEO12', 'LEO13', 'LEO14', 'LEO15', 'LEO22', 'LEO23', 'LEO24', 'LEO25', 'LEO31', 'LEO32', 'LEO33', 'LEO42', 'LEO52']

LEO43: ['LEO34', 'LEO35', 'LEO43', 'LEO44', 'LEO53', 'LEO54', 'LEO63', 'LEO64']

LEO75: ['LEO36', 'LEO45', 'LEO46', 'LEO55', 'LEO56', 'LEO57', 'LEO65', 'LEO66', 'LEO67', 'LEO74', 'LEO75', 'LEO76', 'LEO85', 'LEO86']

LEO41: ['LEO39', 'LEO41', 'LEO49']

LEO62: ['LEO61', 'LEO62', 'LEO71', 'LEO72']

LEO73: ['LEO73', 'LEO82', 'LEO83', 'LEO84']

LEO79: ['LEO77', 'LEO78', 'LEO79', 'LEO81', 'LEO87', 'LEO88', 'LEO89']

sum_con_loads:  290.61

max_con_loads:   75.01

avg_setup_time: 174.06

