******************************************************************************
METIS 5.0 Copyright 1998-13, Regents of the University of Minnesota
 (HEAD: , Built on: Dec 17 2022, 08:18:35)
 size of idx_t: 64bits, real_t: 32bits, idx_t *: 64bits

Graph Information -----------------------------------------------------------
 Name: MetisTopos/93, #Vertices: 72, #Edges: 126, #Parts: 8

Options ---------------------------------------------------------------------
 ptype=kway, objtype=cut, ctype=shem, rtype=greedy, iptype=metisrb
 dbglvl=0, ufactor=2.500, no2hop=NO, minconn=NO, contig=NO, nooutput=NO
 seed=-1, niter=10, ncuts=1

Direct k-way Partitioning ---------------------------------------------------
 - Edgecut: 7278, communication volume: 70.

 - Balance:
     constraint #0:  2.323 out of 0.452

 - Most overweight partition:
     pid: 7, actual: 3600, desired: 1550, ratio: 2.32.

 - Subdomain connectivity: max: 5, min: 0, avg: 3.50

 - There are 0 non-contiguous partitions.
   Total components after removing the cut edges: 7,
   max components: 1 for pid: 0.

Timing Information ----------------------------------------------------------
  I/O:          		   0.001 sec
  Partitioning: 		   0.002 sec   (METIS time)
  Reporting:    		   0.000 sec

Memory Information ----------------------------------------------------------
  Max memory used:		   0.071 MB
******************************************************************************
LEO42: 53.063143844920646: ['LEO11', 'LEO12', 'LEO19', 'LEO21', 'LEO22', 'LEO29', 'LEO31', 'LEO32', 'LEO33', 'LEO39', 'LEO41', 'LEO42', 'LEO49']
LEO24: 34.02015342748487: ['LEO13', 'LEO14', 'LEO23', 'LEO24', 'LEO25']
LEO16: 17.936043883861043: ['LEO15', 'LEO16', 'LEO17', 'LEO18', 'LEO26', 'LEO27', 'LEO28', 'LEO37', 'LEO38', 'LEO48']
LEO53: 57.06005957115255: ['LEO34', 'LEO35', 'LEO43', 'LEO44', 'LEO45', 'LEO53', 'LEO54', 'LEO55', 'LEO63', 'LEO64', 'LEO65']
LEO36: 9.823028306166542: ['LEO36', 'LEO46', 'LEO47', 'LEO56', 'LEO57', 'LEO66', 'LEO67', 'LEO76', 'LEO77']
LEO62: 62.94367740271777: ['LEO51', 'LEO52', 'LEO58', 'LEO59', 'LEO61', 'LEO62', 'LEO68', 'LEO69', 'LEO71', 'LEO72', 'LEO78', 'LEO79', 'LEO81', 'LEO87', 'LEO88', 'LEO89']
LEO73: 34.653770767260056: ['LEO73', 'LEO74', 'LEO75', 'LEO82', 'LEO83', 'LEO84', 'LEO85', 'LEO86']
sum_con_loads:  269.50
max_con_loads:   62.94
avg_setup_time: 200.32
