******************************************************************************
METIS 5.0 Copyright 1998-13, Regents of the University of Minnesota
 (HEAD: , Built on: Dec 17 2022, 08:18:35)
 size of idx_t: 64bits, real_t: 32bits, idx_t *: 64bits

Graph Information -----------------------------------------------------------
 Name: MetisTopos/93, #Vertices: 72, #Edges: 126, #Parts: 8

Options ---------------------------------------------------------------------
 ptype=kway, objtype=cut, ctype=shem, rtype=greedy, iptype=metisrb
 dbglvl=0, ufactor=2.700, no2hop=NO, minconn=NO, contig=YES, nooutput=NO
 seed=-1, niter=10, ncuts=1

Direct k-way Partitioning ---------------------------------------------------
 - Edgecut: 8140, communication volume: 77.

 - Balance:
     constraint #0:  2.645 out of 0.452

 - Most overweight partition:
     pid: 7, actual: 4100, desired: 1550, ratio: 2.65.

 - Subdomain connectivity: max: 7, min: 3, avg: 4.25

 - Each partition is contiguous.

Timing Information ----------------------------------------------------------
  I/O:          		   0.001 sec
  Partitioning: 		   0.001 sec   (METIS time)
  Reporting:    		   0.000 sec

Memory Information ----------------------------------------------------------
  Max memory used:		   0.071 MB
******************************************************************************
LEO42: 60.86812914183828: ['LEO11', 'LEO12', 'LEO13', 'LEO21', 'LEO22', 'LEO31', 'LEO32', 'LEO41', 'LEO42', 'LEO52']
LEO24: 49.13433236529214: ['LEO14', 'LEO15', 'LEO23', 'LEO24', 'LEO33', 'LEO34']
LEO38: 23.704195481066332: ['LEO16', 'LEO17', 'LEO18', 'LEO19', 'LEO26', 'LEO27', 'LEO28', 'LEO29', 'LEO36', 'LEO37', 'LEO38', 'LEO39', 'LEO48', 'LEO49', 'LEO58', 'LEO68']
LEO35: 20.68598544325105: ['LEO25', 'LEO35']
LEO63: 80.43601994390177: ['LEO43', 'LEO44', 'LEO53', 'LEO54', 'LEO61', 'LEO62', 'LEO63', 'LEO64', 'LEO69', 'LEO71', 'LEO72', 'LEO73', 'LEO74', 'LEO82', 'LEO83', 'LEO84']
LEO75: 13.218052574691487: ['LEO45', 'LEO46', 'LEO47', 'LEO55', 'LEO56', 'LEO57', 'LEO65', 'LEO66', 'LEO67', 'LEO75', 'LEO76', 'LEO77', 'LEO81', 'LEO85', 'LEO86', 'LEO87', 'LEO88', 'LEO89']
LEO51: 25.904103743373476: ['LEO51', 'LEO59']
LEO79: 12.436492188424289: ['LEO78', 'LEO79']
sum_con_loads:  286.39
max_con_loads:   80.44
avg_setup_time: 210.08
