******************************************************************************
METIS 5.0 Copyright 1998-13, Regents of the University of Minnesota
 (HEAD: , Built on: Dec 17 2022, 08:18:35)
 size of idx_t: 64bits, real_t: 32bits, idx_t *: 64bits

Graph Information -----------------------------------------------------------
 Name: MetisTopos/93, #Vertices: 72, #Edges: 126, #Parts: 8

Options ---------------------------------------------------------------------
 ptype=kway, objtype=cut, ctype=shem, rtype=greedy, iptype=metisrb
 dbglvl=0, ufactor=1.300, no2hop=NO, minconn=NO, contig=NO, nooutput=NO
 seed=-1, niter=10, ncuts=1

Direct k-way Partitioning ---------------------------------------------------
 - Edgecut: 9901, communication volume: 83.

 - Balance:
     constraint #0:  1.226 out of 0.452

 - Most overweight partition:
     pid: 0, actual: 1900, desired: 1550, ratio: 1.23.

 - Subdomain connectivity: max: 5, min: 4, avg: 4.50

 - There are 1 non-contiguous partitions.
   Total components after removing the cut edges: 9,
   max components: 2 for pid: 3.

Timing Information ----------------------------------------------------------
  I/O:          		   0.001 sec
  Partitioning: 		   0.002 sec   (METIS time)
  Reporting:    		   0.000 sec

Memory Information ----------------------------------------------------------
  Max memory used:		   0.071 MB
******************************************************************************
LEO49: 29.930919396064123: ['LEO11', 'LEO16', 'LEO17', 'LEO18', 'LEO19', 'LEO21', 'LEO26', 'LEO27', 'LEO28', 'LEO29', 'LEO31', 'LEO37', 'LEO38', 'LEO39', 'LEO41', 'LEO47', 'LEO48', 'LEO49']
LEO32: 44.87663392319458: ['LEO12', 'LEO13', 'LEO22', 'LEO23', 'LEO32', 'LEO33', 'LEO42']
LEO24: 35.419942309302336: ['LEO14', 'LEO15', 'LEO24', 'LEO25']
LEO44: 42.03597180470905: ['LEO34', 'LEO44', 'LEO54', 'LEO74', 'LEO75']
LEO35: 29.819683063509192: ['LEO35', 'LEO36', 'LEO45', 'LEO46', 'LEO55', 'LEO56', 'LEO64', 'LEO65', 'LEO66', 'LEO67', 'LEO76', 'LEO77']
LEO63: 51.75627881408571: ['LEO43', 'LEO53', 'LEO63', 'LEO73', 'LEO83', 'LEO84', 'LEO85', 'LEO86']
LEO62: 53.49812384968665: ['LEO51', 'LEO52', 'LEO61', 'LEO62', 'LEO72']
LEO79: 34.35726426233031: ['LEO57', 'LEO58', 'LEO59', 'LEO68', 'LEO69', 'LEO71', 'LEO78', 'LEO79', 'LEO81', 'LEO82', 'LEO87', 'LEO88', 'LEO89']
sum_con_loads:  321.69
max_con_loads:   53.50
avg_setup_time: 211.85
