******************************************************************************
METIS 5.0 Copyright 1998-13, Regents of the University of Minnesota
 (HEAD: , Built on: Dec 17 2022, 08:18:35)
 size of idx_t: 64bits, real_t: 32bits, idx_t *: 64bits

Graph Information -----------------------------------------------------------
 Name: MetisTopos/93, #Vertices: 72, #Edges: 126, #Parts: 8

Options ---------------------------------------------------------------------
 ptype=kway, objtype=cut, ctype=shem, rtype=greedy, iptype=metisrb
 dbglvl=0, ufactor=1.300, no2hop=NO, minconn=NO, contig=YES, nooutput=NO
 seed=-1, niter=10, ncuts=1

Direct k-way Partitioning ---------------------------------------------------
 - Edgecut: 9394, communication volume: 76.

 - Balance:
     constraint #0:  1.226 out of 0.452

 - Most overweight partition:
     pid: 0, actual: 1900, desired: 1550, ratio: 1.23.

 - Subdomain connectivity: max: 6, min: 3, avg: 4.50

 - Each partition is contiguous.

Timing Information ----------------------------------------------------------
  I/O:          		   0.001 sec
  Partitioning: 		   0.002 sec   (METIS time)
  Reporting:    		   0.000 sec

Memory Information ----------------------------------------------------------
  Max memory used:		   0.071 MB
******************************************************************************
LEO42: 50.21641894713061: ['LEO11', 'LEO12', 'LEO13', 'LEO21', 'LEO22', 'LEO23', 'LEO31', 'LEO32', 'LEO41', 'LEO42']
LEO24: 33.35068564037003: ['LEO14', 'LEO15', 'LEO24']
LEO49: 27.538001284380446: ['LEO16', 'LEO17', 'LEO18', 'LEO19', 'LEO27', 'LEO28', 'LEO29', 'LEO37', 'LEO38', 'LEO39', 'LEO48', 'LEO49', 'LEO58', 'LEO59', 'LEO67', 'LEO68', 'LEO69']
LEO35: 24.305064437857002: ['LEO25', 'LEO26', 'LEO35', 'LEO36']
LEO44: 47.591351386345394: ['LEO33', 'LEO34', 'LEO44', 'LEO45', 'LEO46', 'LEO47', 'LEO54', 'LEO55', 'LEO56', 'LEO57', 'LEO64', 'LEO65', 'LEO66', 'LEO74', 'LEO75', 'LEO76', 'LEO77', 'LEO85', 'LEO86']
LEO63: 51.75627881408572: ['LEO43', 'LEO53', 'LEO63', 'LEO73', 'LEO83', 'LEO84']
LEO62: 53.49812384968665: ['LEO51', 'LEO52', 'LEO61', 'LEO62', 'LEO72']
LEO71: 23.275510867699097: ['LEO71', 'LEO78', 'LEO79', 'LEO81', 'LEO82', 'LEO87', 'LEO88', 'LEO89']
sum_con_loads:  311.53
max_con_loads:   53.50
avg_setup_time: 197.58
