******************************************************************************
METIS 5.0 Copyright 1998-13, Regents of the University of Minnesota
 (HEAD: , Built on: Dec 17 2022, 08:18:35)
 size of idx_t: 64bits, real_t: 32bits, idx_t *: 64bits

Graph Information -----------------------------------------------------------
 Name: MetisTopos/93, #Vertices: 72, #Edges: 126, #Parts: 8

Options ---------------------------------------------------------------------
 ptype=kway, objtype=cut, ctype=shem, rtype=greedy, iptype=metisrb
 dbglvl=0, ufactor=1.500, no2hop=NO, minconn=NO, contig=YES, nooutput=NO
 seed=-1, niter=10, ncuts=1

Direct k-way Partitioning ---------------------------------------------------
 - Edgecut: 9762, communication volume: 78.

 - Balance:
     constraint #0:  1.419 out of 0.452

 - Most overweight partition:
     pid: 5, actual: 2200, desired: 1550, ratio: 1.42.

 - Subdomain connectivity: max: 6, min: 2, avg: 4.25

 - Each partition is contiguous.

Timing Information ----------------------------------------------------------
  I/O:          		   0.001 sec
  Partitioning: 		   0.002 sec   (METIS time)
  Reporting:    		   0.000 sec

Memory Information ----------------------------------------------------------
  Max memory used:		   0.071 MB
******************************************************************************
LEO49: 33.37336284929184: ['LEO11', 'LEO16', 'LEO17', 'LEO18', 'LEO19', 'LEO21', 'LEO26', 'LEO27', 'LEO28', 'LEO29', 'LEO31', 'LEO36', 'LEO37', 'LEO38', 'LEO39', 'LEO41', 'LEO46', 'LEO47', 'LEO48', 'LEO49']
LEO22: 45.61592587867024: ['LEO12', 'LEO22', 'LEO23', 'LEO24']
LEO14: 27.790300456052407: ['LEO13', 'LEO14', 'LEO15', 'LEO25']
LEO52: 82.1088770912546: ['LEO32', 'LEO42', 'LEO43', 'LEO52', 'LEO53', 'LEO62', 'LEO63', 'LEO72', 'LEO73', 'LEO83']
LEO34: 42.264723106674154: ['LEO33', 'LEO34', 'LEO35', 'LEO44', 'LEO45', 'LEO54', 'LEO64']
LEO51: 32.58959467429192: ['LEO51', 'LEO57', 'LEO58', 'LEO59', 'LEO68', 'LEO77', 'LEO78', 'LEO88']
LEO84: 21.910843784420997: ['LEO55', 'LEO56', 'LEO65', 'LEO66', 'LEO67', 'LEO74', 'LEO75', 'LEO76', 'LEO84', 'LEO85', 'LEO86', 'LEO87']
LEO71: 33.292134743192705: ['LEO61', 'LEO69', 'LEO71', 'LEO79', 'LEO81', 'LEO82', 'LEO89']
sum_con_loads:  318.95
max_con_loads:   82.11
avg_setup_time: 234.33
