******************************************************************************
METIS 5.0 Copyright 1998-13, Regents of the University of Minnesota
 (HEAD: , Built on: Dec 17 2022, 08:18:35)
 size of idx_t: 64bits, real_t: 32bits, idx_t *: 64bits

Graph Information -----------------------------------------------------------
 Name: MetisTopos/93, #Vertices: 72, #Edges: 126, #Parts: 8

Options ---------------------------------------------------------------------
 ptype=kway, objtype=cut, ctype=shem, rtype=greedy, iptype=metisrb
 dbglvl=0, ufactor=1.800, no2hop=NO, minconn=NO, contig=YES, nooutput=NO
 seed=-1, niter=10, ncuts=1

Direct k-way Partitioning ---------------------------------------------------
 - Edgecut: 9020, communication volume: 77.

 - Balance:
     constraint #0:  1.677 out of 0.452

 - Most overweight partition:
     pid: 6, actual: 2600, desired: 1550, ratio: 1.68.

 - Subdomain connectivity: max: 7, min: 3, avg: 4.50

 - Each partition is contiguous.

Timing Information ----------------------------------------------------------
  I/O:          		   0.001 sec
  Partitioning: 		   0.002 sec   (METIS time)
  Reporting:    		   0.000 sec

Memory Information ----------------------------------------------------------
  Max memory used:		   0.071 MB
******************************************************************************
LEO42: ['LEO11', 'LEO12', 'LEO21', 'LEO22', 'LEO23', 'LEO31', 'LEO32', 'LEO33', 'LEO34', 'LEO42', 'LEO43', 'LEO44', 'LEO52', 'LEO53', 'LEO54']

LEO24: ['LEO13', 'LEO14', 'LEO15', 'LEO24']

LEO38: ['LEO16', 'LEO17', 'LEO18', 'LEO19', 'LEO26', 'LEO27', 'LEO28', 'LEO29', 'LEO36', 'LEO37', 'LEO38', 'LEO39', 'LEO48', 'LEO57', 'LEO58', 'LEO67', 'LEO68', 'LEO78']

LEO35: ['LEO25', 'LEO35']

LEO51: ['LEO41', 'LEO49', 'LEO51', 'LEO59']

LEO64: ['LEO45', 'LEO46', 'LEO47', 'LEO55', 'LEO56', 'LEO64', 'LEO65', 'LEO66', 'LEO74', 'LEO75', 'LEO76', 'LEO77', 'LEO85', 'LEO86']

LEO63: ['LEO61', 'LEO62', 'LEO63', 'LEO69', 'LEO72', 'LEO73', 'LEO82', 'LEO83', 'LEO84']

LEO71: ['LEO71', 'LEO79', 'LEO81', 'LEO87', 'LEO88', 'LEO89']

sum_con_loads:  304.15

max_con_loads:   81.82

avg_setup_time: 156.35

