******************************************************************************
METIS 5.0 Copyright 1998-13, Regents of the University of Minnesota
 (HEAD: , Built on: Dec 17 2022, 08:18:35)
 size of idx_t: 64bits, real_t: 32bits, idx_t *: 64bits

Graph Information -----------------------------------------------------------
 Name: MetisTopos/1750, #Vertices: 72, #Edges: 128, #Parts: 8

Options ---------------------------------------------------------------------
 ptype=kway, objtype=cut, ctype=shem, rtype=greedy, iptype=metisrb
 dbglvl=0, ufactor=2.300, no2hop=NO, minconn=NO, contig=YES, nooutput=NO
 seed=-1, niter=10, ncuts=1

Direct k-way Partitioning ---------------------------------------------------
 - Edgecut: 7488, communication volume: 78.

 - Balance:
     constraint #0:  2.255 out of 0.582

 - Most overweight partition:
     pid: 7, actual: 3100, desired: 1375, ratio: 2.25.

 - Subdomain connectivity: max: 7, min: 3, avg: 4.50

 - Each partition is contiguous.

Timing Information ----------------------------------------------------------
  I/O:          		   0.001 sec
  Partitioning: 		   0.001 sec   (METIS time)
  Reporting:    		   0.000 sec

Memory Information ----------------------------------------------------------
  Max memory used:		   0.071 MB
******************************************************************************
LEO21: 46.0166802358475: ['LEO11', 'LEO18', 'LEO19', 'LEO21', 'LEO22', 'LEO28', 'LEO29']
LEO12: 17.63738952223467: ['LEO12', 'LEO13', 'LEO14']
LEO37: 13.839725749794496: ['LEO15', 'LEO16', 'LEO17', 'LEO26', 'LEO27', 'LEO36', 'LEO37']
LEO57: 23.344219517352034: ['LEO23', 'LEO24', 'LEO25', 'LEO34', 'LEO35', 'LEO44', 'LEO45', 'LEO46', 'LEO47', 'LEO54', 'LEO55', 'LEO56', 'LEO57', 'LEO64', 'LEO65', 'LEO66', 'LEO67', 'LEO74', 'LEO75', 'LEO84', 'LEO85']
LEO49: 83.06762788240721: ['LEO31', 'LEO38', 'LEO39', 'LEO41', 'LEO48', 'LEO49', 'LEO51', 'LEO58', 'LEO59', 'LEO61', 'LEO68', 'LEO69']
LEO33: 14.494580222941403: ['LEO32', 'LEO33', 'LEO42', 'LEO43', 'LEO52', 'LEO53', 'LEO62', 'LEO63', 'LEO73']
LEO71: 31.91561983143866: ['LEO71', 'LEO72', 'LEO81', 'LEO82', 'LEO83', 'LEO89']
LEO78: 29.372975868781793: ['LEO76', 'LEO77', 'LEO78', 'LEO79', 'LEO86', 'LEO87', 'LEO88']
sum_con_loads:  259.69
max_con_loads:   83.07
avg_setup_time: 232.65
