******************************************************************************
METIS 5.0 Copyright 1998-13, Regents of the University of Minnesota
 (HEAD: , Built on: Dec 17 2022, 08:18:35)
 size of idx_t: 64bits, real_t: 32bits, idx_t *: 64bits

Graph Information -----------------------------------------------------------
 Name: MetisTopos/1750, #Vertices: 72, #Edges: 128, #Parts: 8

Options ---------------------------------------------------------------------
 ptype=kway, objtype=cut, ctype=shem, rtype=greedy, iptype=metisrb
 dbglvl=0, ufactor=2.400, no2hop=NO, minconn=NO, contig=NO, nooutput=NO
 seed=-1, niter=10, ncuts=1

Direct k-way Partitioning ---------------------------------------------------
 - Edgecut: 7278, communication volume: 79.

 - Balance:
     constraint #0:  2.327 out of 0.582

 - Most overweight partition:
     pid: 7, actual: 3200, desired: 1375, ratio: 2.33.

 - Subdomain connectivity: max: 6, min: 3, avg: 4.50

 - Each partition is contiguous.

Timing Information ----------------------------------------------------------
  I/O:          		   0.001 sec
  Partitioning: 		   0.002 sec   (METIS time)
  Reporting:    		   0.000 sec

Memory Information ----------------------------------------------------------
  Max memory used:		   0.071 MB
******************************************************************************
LEO21: 33.972408626152294: ['LEO11', 'LEO12', 'LEO18', 'LEO19', 'LEO21', 'LEO22']
LEO23: 18.734256605426836: ['LEO13', 'LEO14', 'LEO23', 'LEO24', 'LEO25', 'LEO33', 'LEO34']
LEO37: 13.839725749794496: ['LEO15', 'LEO16', 'LEO17', 'LEO26', 'LEO27', 'LEO35', 'LEO36', 'LEO37']
LEO41: 80.97629608045791: ['LEO28', 'LEO29', 'LEO31', 'LEO38', 'LEO39', 'LEO41', 'LEO48', 'LEO49', 'LEO51', 'LEO61', 'LEO71']
LEO72: 17.127531019137496: ['LEO32', 'LEO42', 'LEO43', 'LEO52', 'LEO53', 'LEO62', 'LEO63', 'LEO72', 'LEO73']
LEO56: 21.144850103917534: ['LEO44', 'LEO45', 'LEO46', 'LEO47', 'LEO54', 'LEO55', 'LEO56', 'LEO57', 'LEO64', 'LEO65', 'LEO66', 'LEO74', 'LEO75', 'LEO76', 'LEO84', 'LEO85', 'LEO86']
LEO68: 48.28979563768775: ['LEO58', 'LEO59', 'LEO67', 'LEO68', 'LEO69', 'LEO77', 'LEO78', 'LEO79', 'LEO87', 'LEO88']
LEO81: 21.324556966504275: ['LEO81', 'LEO82', 'LEO83', 'LEO89']
sum_con_loads:  255.41
max_con_loads:   80.98
avg_setup_time: 224.14
