******************************************************************************
METIS 5.0 Copyright 1998-13, Regents of the University of Minnesota
 (HEAD: , Built on: Dec 17 2022, 08:18:35)
 size of idx_t: 64bits, real_t: 32bits, idx_t *: 64bits

Graph Information -----------------------------------------------------------
 Name: MetisTopos/1750, #Vertices: 72, #Edges: 128, #Parts: 8

Options ---------------------------------------------------------------------
 ptype=kway, objtype=cut, ctype=shem, rtype=greedy, iptype=metisrb
 dbglvl=0, ufactor=2.500, no2hop=NO, minconn=NO, contig=NO, nooutput=NO
 seed=-1, niter=10, ncuts=1

Direct k-way Partitioning ---------------------------------------------------
 - Edgecut: 6996, communication volume: 78.

 - Balance:
     constraint #0:  2.473 out of 0.582

 - Most overweight partition:
     pid: 7, actual: 3400, desired: 1375, ratio: 2.47.

 - Subdomain connectivity: max: 5, min: 0, avg: 3.75

 - Each partition is contiguous.

Timing Information ----------------------------------------------------------
  I/O:          		   0.001 sec
  Partitioning: 		   0.002 sec   (METIS time)
  Reporting:    		   0.000 sec

Memory Information ----------------------------------------------------------
  Max memory used:		   0.071 MB
******************************************************************************
LEO11: 23.180070764848715: ['LEO11', 'LEO12', 'LEO13', 'LEO14', 'LEO15', 'LEO18', 'LEO19']
LEO37: 14.144736643040684: ['LEO16', 'LEO17', 'LEO25', 'LEO26', 'LEO27', 'LEO35', 'LEO36', 'LEO37', 'LEO46', 'LEO47']
LEO41: 81.99309981102465: ['LEO21', 'LEO28', 'LEO29', 'LEO31', 'LEO38', 'LEO39', 'LEO41', 'LEO48', 'LEO49', 'LEO51', 'LEO61', 'LEO71']
LEO32: 43.41694631631696: ['LEO22', 'LEO23', 'LEO24', 'LEO32', 'LEO33', 'LEO34', 'LEO81', 'LEO88', 'LEO89']
LEO72: 20.63551846914222: ['LEO42', 'LEO43', 'LEO44', 'LEO45', 'LEO52', 'LEO53', 'LEO54', 'LEO55', 'LEO56', 'LEO62', 'LEO63', 'LEO64', 'LEO65', 'LEO66', 'LEO72', 'LEO73', 'LEO74', 'LEO75', 'LEO82', 'LEO83', 'LEO84', 'LEO85', 'LEO86', 'LEO87']
LEO68: 48.76129107847082: ['LEO57', 'LEO58', 'LEO59', 'LEO67', 'LEO68', 'LEO69', 'LEO78', 'LEO79']
LEO77: 17.63738952223467: ['LEO76', 'LEO77']
sum_con_loads:  249.77
max_con_loads:   81.99
avg_setup_time: 245.54
