******************************************************************************
METIS 5.0 Copyright 1998-13, Regents of the University of Minnesota
 (HEAD: , Built on: Dec 17 2022, 08:18:35)
 size of idx_t: 64bits, real_t: 32bits, idx_t *: 64bits

Graph Information -----------------------------------------------------------
 Name: MetisTopos/1750, #Vertices: 72, #Edges: 128, #Parts: 8

Options ---------------------------------------------------------------------
 ptype=kway, objtype=cut, ctype=shem, rtype=greedy, iptype=metisrb
 dbglvl=0, ufactor=2.700, no2hop=NO, minconn=NO, contig=YES, nooutput=NO
 seed=-1, niter=10, ncuts=1

Direct k-way Partitioning ---------------------------------------------------
 - Edgecut: 7112, communication volume: 72.

 - Balance:
     constraint #0:  2.691 out of 0.582

 - Most overweight partition:
     pid: 7, actual: 3700, desired: 1375, ratio: 2.69.

 - Subdomain connectivity: max: 6, min: 0, avg: 3.75

 - There are 0 non-contiguous partitions.
   Total components after removing the cut edges: 7,
   max components: 1 for pid: 1.

Timing Information ----------------------------------------------------------
  I/O:          		   0.001 sec
  Partitioning: 		   0.001 sec   (METIS time)
  Reporting:    		   0.000 sec

Memory Information ----------------------------------------------------------
  Max memory used:		   0.072 MB
******************************************************************************
LEO21: 32.46862674987323: ['LEO11', 'LEO12', 'LEO13', 'LEO14', 'LEO15', 'LEO21', 'LEO22', 'LEO23', 'LEO24']
LEO37: 13.839725749794496: ['LEO16', 'LEO17', 'LEO25', 'LEO26', 'LEO27', 'LEO35', 'LEO36', 'LEO37']
LEO28: 16.038311361096966: ['LEO18', 'LEO19', 'LEO28']
LEO39: 46.37559327468534: ['LEO29', 'LEO38', 'LEO39', 'LEO48', 'LEO49']
LEO61: 74.8337608474684: ['LEO31', 'LEO41', 'LEO51', 'LEO61', 'LEO68', 'LEO69', 'LEO71', 'LEO72', 'LEO78', 'LEO79', 'LEO81', 'LEO82', 'LEO88', 'LEO89']
LEO33: 15.853840698715294: ['LEO32', 'LEO33', 'LEO42', 'LEO43', 'LEO52', 'LEO53', 'LEO54', 'LEO62', 'LEO63', 'LEO64', 'LEO73', 'LEO74', 'LEO83', 'LEO84']
LEO58: 52.59759767766929: ['LEO34', 'LEO44', 'LEO45', 'LEO46', 'LEO47', 'LEO55', 'LEO56', 'LEO57', 'LEO58', 'LEO59', 'LEO65', 'LEO66', 'LEO67', 'LEO75', 'LEO76', 'LEO77', 'LEO85', 'LEO86', 'LEO87']
sum_con_loads:  252.01
max_con_loads:   74.83
avg_setup_time: 222.69
