******************************************************************************
METIS 5.0 Copyright 1998-13, Regents of the University of Minnesota
 (HEAD: , Built on: Dec 17 2022, 08:18:35)
 size of idx_t: 64bits, real_t: 32bits, idx_t *: 64bits

Graph Information -----------------------------------------------------------
 Name: MetisTopos/1750, #Vertices: 72, #Edges: 128, #Parts: 8

Options ---------------------------------------------------------------------
 ptype=kway, objtype=cut, ctype=shem, rtype=greedy, iptype=metisrb
 dbglvl=0, ufactor=2.800, no2hop=NO, minconn=NO, contig=YES, nooutput=NO
 seed=-1, niter=10, ncuts=1

Direct k-way Partitioning ---------------------------------------------------
 - Edgecut: 6457, communication volume: 69.

 - Balance:
     constraint #0:  2.764 out of 0.582

 - Most overweight partition:
     pid: 3, actual: 3800, desired: 1375, ratio: 2.76.

 - Subdomain connectivity: max: 5, min: 0, avg: 2.50

 - There are 0 non-contiguous partitions.
   Total components after removing the cut edges: 6,
   max components: 1 for pid: 1.

Timing Information ----------------------------------------------------------
  I/O:          		   0.001 sec
  Partitioning: 		   0.001 sec   (METIS time)
  Reporting:    		   0.000 sec

Memory Information ----------------------------------------------------------
  Max memory used:		   0.071 MB
******************************************************************************
LEO39: 79.57453714405652: ['LEO11', 'LEO12', 'LEO18', 'LEO19', 'LEO21', 'LEO22', 'LEO23', 'LEO28', 'LEO29', 'LEO32', 'LEO33', 'LEO34', 'LEO35', 'LEO38', 'LEO39', 'LEO42', 'LEO43', 'LEO44', 'LEO45', 'LEO48', 'LEO49', 'LEO52', 'LEO53', 'LEO54', 'LEO55', 'LEO65']
LEO13: 10.972795823915245: ['LEO13', 'LEO14', 'LEO15', 'LEO24', 'LEO25']
LEO37: 14.144736643040684: ['LEO16', 'LEO17', 'LEO26', 'LEO27', 'LEO36', 'LEO37', 'LEO46', 'LEO47']
LEO61: 77.61766326582999: ['LEO31', 'LEO41', 'LEO51', 'LEO61', 'LEO67', 'LEO68', 'LEO69', 'LEO71', 'LEO78', 'LEO79', 'LEO81', 'LEO82', 'LEO88', 'LEO89']
LEO58: 45.12888773718057: ['LEO56', 'LEO57', 'LEO58', 'LEO59', 'LEO66', 'LEO75', 'LEO76', 'LEO77', 'LEO85', 'LEO86', 'LEO87']
LEO72: 11.351805185246521: ['LEO62', 'LEO63', 'LEO64', 'LEO72', 'LEO73', 'LEO74', 'LEO83', 'LEO84']
sum_con_loads:  238.79
max_con_loads:   79.57
avg_setup_time: 256.24
