******************************************************************************
METIS 5.0 Copyright 1998-13, Regents of the University of Minnesota
 (HEAD: , Built on: Dec 17 2022, 08:18:35)
 size of idx_t: 64bits, real_t: 32bits, idx_t *: 64bits

Graph Information -----------------------------------------------------------
 Name: MetisTopos/1750, #Vertices: 72, #Edges: 128, #Parts: 8

Options ---------------------------------------------------------------------
 ptype=kway, objtype=cut, ctype=shem, rtype=greedy, iptype=metisrb
 dbglvl=0, ufactor=3.000, no2hop=NO, minconn=NO, contig=NO, nooutput=NO
 seed=-1, niter=10, ncuts=1

Direct k-way Partitioning ---------------------------------------------------
 - Edgecut: 5013, communication volume: 51.

 - Balance:
     constraint #0:  2.764 out of 0.582

 - Most overweight partition:
     pid: 5, actual: 3800, desired: 1375, ratio: 2.76.

 - Subdomain connectivity: max: 4, min: 0, avg: 2.00

 - There are 0 non-contiguous partitions.
   Total components after removing the cut edges: 5,
   max components: 1 for pid: 1.

Timing Information ----------------------------------------------------------
  I/O:          		   0.001 sec
  Partitioning: 		   0.001 sec   (METIS time)
  Reporting:    		   0.000 sec

Memory Information ----------------------------------------------------------
  Max memory used:		   0.071 MB
******************************************************************************
LEO31: 77.70389212360242: ['LEO11', 'LEO12', 'LEO18', 'LEO19', 'LEO21', 'LEO22', 'LEO28', 'LEO29', 'LEO31', 'LEO32', 'LEO38', 'LEO39', 'LEO41', 'LEO49', 'LEO51', 'LEO61']
LEO23: 18.734256605426836: ['LEO13', 'LEO14', 'LEO15', 'LEO23', 'LEO24', 'LEO33', 'LEO34', 'LEO35']
LEO37: 13.839725749794496: ['LEO16', 'LEO17', 'LEO25', 'LEO26', 'LEO27', 'LEO36', 'LEO37']
LEO68: 65.9989679632416: ['LEO42', 'LEO43', 'LEO44', 'LEO45', 'LEO46', 'LEO47', 'LEO48', 'LEO52', 'LEO53', 'LEO54', 'LEO55', 'LEO56', 'LEO57', 'LEO58', 'LEO59', 'LEO62', 'LEO63', 'LEO64', 'LEO65', 'LEO66', 'LEO67', 'LEO68', 'LEO69', 'LEO74', 'LEO75', 'LEO76', 'LEO77', 'LEO78', 'LEO79', 'LEO84', 'LEO85', 'LEO86', 'LEO87', 'LEO88']
LEO71: 33.72339001768952: ['LEO71', 'LEO72', 'LEO73', 'LEO81', 'LEO82', 'LEO83', 'LEO89']
sum_con_loads:  210.00
max_con_loads:   77.70
avg_setup_time: 213.03
