******************************************************************************
METIS 5.0 Copyright 1998-13, Regents of the University of Minnesota
 (HEAD: , Built on: Dec 17 2022, 08:18:35)
 size of idx_t: 64bits, real_t: 32bits, idx_t *: 64bits

Graph Information -----------------------------------------------------------
 Name: MetisTopos/1750, #Vertices: 72, #Edges: 128, #Parts: 8

Options ---------------------------------------------------------------------
 ptype=kway, objtype=cut, ctype=shem, rtype=greedy, iptype=metisrb
 dbglvl=0, ufactor=1.600, no2hop=NO, minconn=NO, contig=YES, nooutput=NO
 seed=-1, niter=10, ncuts=1

Direct k-way Partitioning ---------------------------------------------------
 - Edgecut: 8181, communication volume: 78.

 - Balance:
     constraint #0:  1.309 out of 0.582

 - Most overweight partition:
     pid: 2, actual: 1800, desired: 1375, ratio: 1.31.

 - Subdomain connectivity: max: 6, min: 3, avg: 4.25

 - Each partition is contiguous.

Timing Information ----------------------------------------------------------
  I/O:          		   0.001 sec
  Partitioning: 		   0.002 sec   (METIS time)
  Reporting:    		   0.000 sec

Memory Information ----------------------------------------------------------
  Max memory used:		   0.071 MB
******************************************************************************
LEO21: 39.655891940549324: ['LEO11', 'LEO12', 'LEO21', 'LEO22', 'LEO31', 'LEO32']
LEO23: 18.734256605426836: ['LEO13', 'LEO14', 'LEO15', 'LEO23', 'LEO24', 'LEO25', 'LEO33', 'LEO34', 'LEO43', 'LEO44']
LEO37: 23.82695472965233: ['LEO16', 'LEO17', 'LEO18', 'LEO26', 'LEO27', 'LEO28', 'LEO35', 'LEO36', 'LEO37']
LEO39: 47.786067655266365: ['LEO19', 'LEO29', 'LEO38', 'LEO39', 'LEO48', 'LEO49']
LEO61: 50.23830379826053: ['LEO41', 'LEO42', 'LEO51', 'LEO52', 'LEO53', 'LEO54', 'LEO61', 'LEO62', 'LEO63', 'LEO64', 'LEO71', 'LEO72', 'LEO73', 'LEO74', 'LEO83', 'LEO84']
LEO67: 25.869311345767592: ['LEO45', 'LEO46', 'LEO47', 'LEO55', 'LEO56', 'LEO57', 'LEO65', 'LEO66', 'LEO67', 'LEO75', 'LEO76']
LEO68: 46.31943844879237: ['LEO58', 'LEO59', 'LEO68', 'LEO69', 'LEO77', 'LEO78', 'LEO79']
LEO81: 21.324556966504275: ['LEO81', 'LEO82', 'LEO85', 'LEO86', 'LEO87', 'LEO88', 'LEO89']
sum_con_loads:  273.75
max_con_loads:   50.24
avg_setup_time: 190.10
