******************************************************************************
METIS 5.0 Copyright 1998-13, Regents of the University of Minnesota
 (HEAD: , Built on: Dec 17 2022, 08:18:35)
 size of idx_t: 64bits, real_t: 32bits, idx_t *: 64bits

Graph Information -----------------------------------------------------------
 Name: MetisTopos/1750, #Vertices: 72, #Edges: 128, #Parts: 8

Options ---------------------------------------------------------------------
 ptype=kway, objtype=cut, ctype=shem, rtype=greedy, iptype=metisrb
 dbglvl=0, ufactor=1.900, no2hop=NO, minconn=NO, contig=YES, nooutput=NO
 seed=-1, niter=10, ncuts=1

Direct k-way Partitioning ---------------------------------------------------
 - Edgecut: 7777, communication volume: 79.

 - Balance:
     constraint #0:  1.600 out of 0.582

 - Most overweight partition:
     pid: 2, actual: 2200, desired: 1375, ratio: 1.60.

 - Subdomain connectivity: max: 6, min: 3, avg: 4.25

 - Each partition is contiguous.

Timing Information ----------------------------------------------------------
  I/O:          		   0.001 sec
  Partitioning: 		   0.001 sec   (METIS time)
  Reporting:    		   0.000 sec

Memory Information ----------------------------------------------------------
  Max memory used:		   0.071 MB
******************************************************************************
LEO21: 39.655891940549324: ['LEO11', 'LEO12', 'LEO21', 'LEO22', 'LEO31', 'LEO32']
LEO33: 20.765408863633418: ['LEO13', 'LEO14', 'LEO15', 'LEO16', 'LEO23', 'LEO24', 'LEO25', 'LEO26', 'LEO33', 'LEO34', 'LEO35', 'LEO36', 'LEO43', 'LEO44', 'LEO45', 'LEO46', 'LEO53', 'LEO54', 'LEO55', 'LEO65']
LEO37: 20.19581902427982: ['LEO17', 'LEO18', 'LEO19', 'LEO27', 'LEO37', 'LEO47']
LEO39: 46.37559327468534: ['LEO28', 'LEO29', 'LEO38', 'LEO39', 'LEO48', 'LEO49']
LEO61: 50.23830379826053: ['LEO41', 'LEO42', 'LEO51', 'LEO52', 'LEO61', 'LEO62', 'LEO63', 'LEO64', 'LEO71', 'LEO72', 'LEO73', 'LEO74', 'LEO83', 'LEO84']
LEO56: 18.839644526165408: ['LEO56', 'LEO57', 'LEO66', 'LEO75', 'LEO76', 'LEO85', 'LEO86', 'LEO87']
LEO68: 48.28979563768775: ['LEO58', 'LEO59', 'LEO67', 'LEO68', 'LEO69', 'LEO77', 'LEO78', 'LEO79']
LEO81: 21.324556966504275: ['LEO81', 'LEO82', 'LEO88', 'LEO89']
sum_con_loads:  265.69
max_con_loads:   50.24
avg_setup_time: 190.83
