0.03 , iter--1, SumLoad: 364.8053, MaxCon: LEO21, Load: 68.7830 
0.04 , iter--2, SumLoad: 359.6331, MaxCon: LEO61, Load: 65.9152 
0.06 , iter--3, SumLoad: 342.3459, MaxCon: LEO51, Load: 63.5627 
0.08 , iter--4, SumLoad: 339.6290, MaxCon: LEO51, Load: 62.5385 
0.10 , iter--5, SumLoad: 337.7566, MaxCon: LEO51, Load: 61.8551 
0.12 , iter--6, SumLoad: 333.6286, MaxCon: LEO51, Load: 60.5384 
0.15 , iter--7, SumLoad: 323.3706, MaxCon: LEO23, Load: 58.9843 
0.17 , iter--8, SumLoad: 318.3859, MaxCon: LEO51, Load: 55.9584 
0.20 , iter--9, SumLoad: 318.3859, MaxCon: LEO51, Load: 55.9584 
LEO14: 30.667260634758446: ['LEO11', 'LEO13', 'LEO14', 'LEO15', 'LEO16', 'LEO17', 'LEO18', 'LEO19']
LEO33: 53.99953520070558: ['LEO23', 'LEO24', 'LEO27', 'LEO28', 'LEO29', 'LEO53', 'LEO43', 'LEO33']
LEO31: 45.441043793871295: ['LEO31', 'LEO32', 'LEO34', 'LEO35', 'LEO36', 'LEO37', 'LEO38', 'LEO39', 'LEO21', 'LEO22', 'LEO12', 'LEO54', 'LEO44', 'LEO64', 'LEO57', 'LEO47', 'LEO25', 'LEO26']
LEO41: 29.450057184420917: ['LEO41', 'LEO42', 'LEO48', 'LEO49']
LEO51: 55.95841274675432: ['LEO51', 'LEO52', 'LEO58', 'LEO59', 'LEO61', 'LEO71']
LEO63: 40.30623789091127: ['LEO62', 'LEO63', 'LEO67', 'LEO68', 'LEO69']
LEO73: 44.90708869497016: ['LEO72', 'LEO73', 'LEO74', 'LEO75', 'LEO76', 'LEO77', 'LEO78', 'LEO79', 'LEO55', 'LEO45', 'LEO65', 'LEO56', 'LEO66', 'LEO46']
LEO83: 17.65622766567903: ['LEO81', 'LEO82', 'LEO83', 'LEO84', 'LEO85', 'LEO86', 'LEO87', 'LEO88', 'LEO89']
sum_con_loads:  318.39
max_con_loads:   55.96
avg_setup_time: 233.28
