******************************************************************************
METIS 5.0 Copyright 1998-13, Regents of the University of Minnesota
 (HEAD: , Built on: Dec 17 2022, 08:18:35)
 size of idx_t: 64bits, real_t: 32bits, idx_t *: 64bits

Graph Information -----------------------------------------------------------
 Name: MetisTopos/932, #Vertices: 72, #Edges: 126, #Parts: 8

Options ---------------------------------------------------------------------
 ptype=kway, objtype=cut, ctype=shem, rtype=greedy, iptype=metisrb
 dbglvl=0, ufactor=2.000, no2hop=NO, minconn=NO, contig=YES, nooutput=NO
 seed=-1, niter=10, ncuts=1

Direct k-way Partitioning ---------------------------------------------------
 - Edgecut: 8398, communication volume: 75.

 - Balance:
     constraint #0:  1.917 out of 0.529

 - Most overweight partition:
     pid: 7, actual: 2900, desired: 1512, ratio: 1.92.

 - Subdomain connectivity: max: 6, min: 3, avg: 4.25

 - Each partition is contiguous.

Timing Information ----------------------------------------------------------
  I/O:          		   0.001 sec
  Partitioning: 		   0.002 sec   (METIS time)
  Reporting:    		   0.000 sec

Memory Information ----------------------------------------------------------
  Max memory used:		   0.070 MB
******************************************************************************
LEO21: 23.880085989419776: ['LEO11', 'LEO12', 'LEO19', 'LEO21', 'LEO29']
LEO13: 15.781455129859818: ['LEO13', 'LEO14', 'LEO15']
LEO39: 26.067088384682936: ['LEO16', 'LEO17', 'LEO18', 'LEO27', 'LEO28', 'LEO31', 'LEO36', 'LEO37', 'LEO38', 'LEO39', 'LEO46', 'LEO47', 'LEO48', 'LEO56', 'LEO57']
LEO32: 52.097799634046595: ['LEO22', 'LEO23', 'LEO24', 'LEO25', 'LEO26', 'LEO32', 'LEO33', 'LEO34', 'LEO35', 'LEO43', 'LEO44', 'LEO45', 'LEO53', 'LEO54', 'LEO55', 'LEO65']
LEO52: 80.3029722181401: ['LEO41', 'LEO42', 'LEO51', 'LEO52', 'LEO61', 'LEO62', 'LEO63', 'LEO72', 'LEO73', 'LEO82']
LEO59: 52.708615619188855: ['LEO49', 'LEO58', 'LEO59', 'LEO68', 'LEO69']
LEO74: 16.05175439584444: ['LEO64', 'LEO74', 'LEO75', 'LEO83', 'LEO84', 'LEO85']
LEO79: 22.30691981006348: ['LEO66', 'LEO67', 'LEO71', 'LEO76', 'LEO77', 'LEO78', 'LEO79', 'LEO81', 'LEO86', 'LEO87', 'LEO88', 'LEO89']
sum_con_loads:  289.20
max_con_loads:   80.30
avg_setup_time: 205.25
