******************************************************************************
METIS 5.0 Copyright 1998-13, Regents of the University of Minnesota
 (HEAD: , Built on: Dec 17 2022, 08:18:35)
 size of idx_t: 64bits, real_t: 32bits, idx_t *: 64bits

Graph Information -----------------------------------------------------------
 Name: MetisTopos/932, #Vertices: 72, #Edges: 126, #Parts: 8

Options ---------------------------------------------------------------------
 ptype=kway, objtype=cut, ctype=shem, rtype=greedy, iptype=metisrb
 dbglvl=0, ufactor=1.100, no2hop=NO, minconn=NO, contig=NO, nooutput=NO
 seed=-1, niter=10, ncuts=1

Direct k-way Partitioning ---------------------------------------------------
 - Edgecut: 10203, communication volume: 81.

 - Balance:
     constraint #0:  1.124 out of 0.529

 - Most overweight partition:
     pid: 4, actual: 1700, desired: 1512, ratio: 1.12.

 - Subdomain connectivity: max: 7, min: 2, avg: 4.75

 - There are 1 non-contiguous partitions.
   Total components after removing the cut edges: 9,
   max components: 2 for pid: 6.

Timing Information ----------------------------------------------------------
  I/O:          		   0.001 sec
  Partitioning: 		   0.002 sec   (METIS time)
  Reporting:    		   0.000 sec

Memory Information ----------------------------------------------------------
  Max memory used:		   0.070 MB
******************************************************************************
LEO11: 33.509920407700136: ['LEO11', 'LEO12', 'LEO13', 'LEO14', 'LEO21']
LEO39: 35.67391994688911: ['LEO15', 'LEO16', 'LEO17', 'LEO18', 'LEO19', 'LEO24', 'LEO25', 'LEO26', 'LEO27', 'LEO28', 'LEO29', 'LEO31', 'LEO35', 'LEO36', 'LEO37', 'LEO38', 'LEO39', 'LEO45', 'LEO46', 'LEO47', 'LEO48', 'LEO55', 'LEO56', 'LEO65', 'LEO66', 'LEO75', 'LEO76']
LEO32: 50.35182713758687: ['LEO22', 'LEO23', 'LEO32', 'LEO33', 'LEO42']
LEO58: 31.340761603327007: ['LEO34', 'LEO57', 'LEO58', 'LEO67', 'LEO68', 'LEO77']
LEO41: 44.22547694139803: ['LEO41', 'LEO49', 'LEO51', 'LEO59']
LEO62: 61.1015470291442: ['LEO43', 'LEO44', 'LEO52', 'LEO53', 'LEO54', 'LEO61', 'LEO62', 'LEO63', 'LEO64', 'LEO71', 'LEO72']
LEO69: 35.3937652384362: ['LEO69', 'LEO78', 'LEO79', 'LEO81', 'LEO84', 'LEO85', 'LEO86', 'LEO87', 'LEO88', 'LEO89']
LEO73: 33.29884674703521: ['LEO73', 'LEO74', 'LEO82', 'LEO83']
sum_con_loads:  324.90
max_con_loads:   61.10
avg_setup_time: 209.19
