******************************************************************************
METIS 5.0 Copyright 1998-13, Regents of the University of Minnesota
 (HEAD: , Built on: Dec 17 2022, 08:18:35)
 size of idx_t: 64bits, real_t: 32bits, idx_t *: 64bits

Graph Information -----------------------------------------------------------
 Name: MetisTopos/932, #Vertices: 72, #Edges: 126, #Parts: 8

Options ---------------------------------------------------------------------
 ptype=kway, objtype=cut, ctype=shem, rtype=greedy, iptype=metisrb
 dbglvl=0, ufactor=2.400, no2hop=NO, minconn=NO, contig=NO, nooutput=NO
 seed=-1, niter=10, ncuts=1

Direct k-way Partitioning ---------------------------------------------------
 - Edgecut: 7312, communication volume: 74.

 - Balance:
     constraint #0:  2.380 out of 0.529

 - Most overweight partition:
     pid: 7, actual: 3600, desired: 1512, ratio: 2.38.

 - Subdomain connectivity: max: 6, min: 0, avg: 3.25

 - There are 0 non-contiguous partitions.
   Total components after removing the cut edges: 7,
   max components: 1 for pid: 0.

Timing Information ----------------------------------------------------------
  I/O:          		   0.001 sec
  Partitioning: 		   0.001 sec   (METIS time)
  Reporting:    		   0.000 sec

Memory Information ----------------------------------------------------------
  Max memory used:		   0.071 MB
******************************************************************************
LEO21: 35.552713396170574: ['LEO11', 'LEO15', 'LEO16', 'LEO17', 'LEO18', 'LEO19', 'LEO21', 'LEO24', 'LEO25', 'LEO26', 'LEO27', 'LEO28', 'LEO29', 'LEO34', 'LEO35', 'LEO36', 'LEO44', 'LEO45', 'LEO54', 'LEO55', 'LEO56', 'LEO65']
LEO13: 15.781455129859818: ['LEO12', 'LEO13', 'LEO14']
LEO42: 90.9389511763974: ['LEO22', 'LEO23', 'LEO31', 'LEO32', 'LEO33', 'LEO41', 'LEO42', 'LEO51', 'LEO52', 'LEO61', 'LEO62', 'LEO72', 'LEO82']
LEO38: 18.03115760488041: ['LEO37', 'LEO38', 'LEO39', 'LEO46', 'LEO47', 'LEO48']
LEO73: 30.464057686875247: ['LEO43', 'LEO53', 'LEO63', 'LEO64', 'LEO73', 'LEO74', 'LEO75', 'LEO83', 'LEO84', 'LEO85']
LEO59: 57.56901703474418: ['LEO49', 'LEO57', 'LEO58', 'LEO59', 'LEO66', 'LEO67', 'LEO68', 'LEO69', 'LEO76', 'LEO77', 'LEO86', 'LEO87']
LEO79: 19.09871872065224: ['LEO71', 'LEO78', 'LEO79', 'LEO81', 'LEO88', 'LEO89']
sum_con_loads:  267.44
max_con_loads:   90.94
avg_setup_time: 257.66
