******************************************************************************
METIS 5.0 Copyright 1998-13, Regents of the University of Minnesota
 (HEAD: , Built on: Dec 17 2022, 08:18:35)
 size of idx_t: 64bits, real_t: 32bits, idx_t *: 64bits

Graph Information -----------------------------------------------------------
 Name: MetisTopos/932, #Vertices: 72, #Edges: 126, #Parts: 8

Options ---------------------------------------------------------------------
 ptype=kway, objtype=cut, ctype=shem, rtype=greedy, iptype=metisrb
 dbglvl=0, ufactor=1.200, no2hop=NO, minconn=NO, contig=YES, nooutput=NO
 seed=-1, niter=10, ncuts=1

Direct k-way Partitioning ---------------------------------------------------
 - Edgecut: 10299, communication volume: 72.

 - Balance:
     constraint #0:  1.058 out of 0.529

 - Most overweight partition:
     pid: 1, actual: 1600, desired: 1512, ratio: 1.06.

 - Subdomain connectivity: max: 6, min: 3, avg: 4.50

 - Each partition is contiguous.

Timing Information ----------------------------------------------------------
  I/O:          		   0.001 sec
  Partitioning: 		   0.002 sec   (METIS time)
  Reporting:    		   0.000 sec

Memory Information ----------------------------------------------------------
  Max memory used:		   0.071 MB
******************************************************************************
LEO11: 33.509920407700136: ['LEO11', 'LEO12', 'LEO13', 'LEO14', 'LEO15', 'LEO21']
LEO39: 32.73136221412552: ['LEO16', 'LEO17', 'LEO18', 'LEO19', 'LEO24', 'LEO25', 'LEO26', 'LEO27', 'LEO28', 'LEO29', 'LEO34', 'LEO35', 'LEO36', 'LEO37', 'LEO38', 'LEO39']
LEO32: 50.35182713758687: ['LEO22', 'LEO23', 'LEO32', 'LEO33', 'LEO42', 'LEO43']
LEO41: 48.29838225042349: ['LEO31', 'LEO41', 'LEO49', 'LEO51', 'LEO59']
LEO67: 31.757150508753305: ['LEO44', 'LEO45', 'LEO46', 'LEO47', 'LEO48', 'LEO54', 'LEO55', 'LEO56', 'LEO57', 'LEO58', 'LEO64', 'LEO65', 'LEO66', 'LEO67', 'LEO68', 'LEO74', 'LEO75', 'LEO76', 'LEO77', 'LEO85', 'LEO86', 'LEO87']
LEO62: 56.57537216285608: ['LEO52', 'LEO53', 'LEO61', 'LEO62', 'LEO63']
LEO69: 35.036068623846475: ['LEO69', 'LEO78', 'LEO79', 'LEO88', 'LEO89']
LEO72: 38.669822781129554: ['LEO71', 'LEO72', 'LEO73', 'LEO81', 'LEO82', 'LEO83', 'LEO84']
sum_con_loads:  326.93
max_con_loads:   56.58
avg_setup_time: 201.29
