******************************************************************************
METIS 5.0 Copyright 1998-13, Regents of the University of Minnesota
 (HEAD: , Built on: Dec 17 2022, 08:18:35)
 size of idx_t: 64bits, real_t: 32bits, idx_t *: 64bits

Graph Information -----------------------------------------------------------
 Name: MetisTopos/932, #Vertices: 72, #Edges: 126, #Parts: 8

Options ---------------------------------------------------------------------
 ptype=kway, objtype=cut, ctype=shem, rtype=greedy, iptype=metisrb
 dbglvl=0, ufactor=1.200, no2hop=NO, minconn=NO, contig=NO, nooutput=NO
 seed=-1, niter=10, ncuts=1

Direct k-way Partitioning ---------------------------------------------------
 - Edgecut: 10444, communication volume: 73.

 - Balance:
     constraint #0:  1.124 out of 0.529

 - Most overweight partition:
     pid: 4, actual: 1700, desired: 1512, ratio: 1.12.

 - Subdomain connectivity: max: 6, min: 3, avg: 4.25

 - Each partition is contiguous.

Timing Information ----------------------------------------------------------
  I/O:          		   0.001 sec
  Partitioning: 		   0.002 sec   (METIS time)
  Reporting:    		   0.000 sec

Memory Information ----------------------------------------------------------
  Max memory used:		   0.071 MB
******************************************************************************
LEO11: 33.509920407700136: ['LEO11', 'LEO12', 'LEO13', 'LEO14', 'LEO21']
LEO55: 32.657161367021885: ['LEO15', 'LEO16', 'LEO17', 'LEO24', 'LEO25', 'LEO26', 'LEO27', 'LEO34', 'LEO35', 'LEO36', 'LEO37', 'LEO44', 'LEO45', 'LEO46', 'LEO47', 'LEO48', 'LEO54', 'LEO55', 'LEO56', 'LEO57', 'LEO58', 'LEO64', 'LEO65', 'LEO66', 'LEO67', 'LEO74', 'LEO75', 'LEO76', 'LEO77', 'LEO84', 'LEO85', 'LEO86', 'LEO87']
LEO39: 30.32991385373223: ['LEO18', 'LEO19', 'LEO28', 'LEO29', 'LEO31', 'LEO38', 'LEO39']
LEO32: 50.35182713758687: ['LEO22', 'LEO23', 'LEO32', 'LEO33', 'LEO42', 'LEO43', 'LEO53']
LEO41: 44.22547694139803: ['LEO41', 'LEO49', 'LEO51', 'LEO59']
LEO62: 72.45410416868913: ['LEO52', 'LEO61', 'LEO62', 'LEO69', 'LEO72']
LEO73: 39.41718480481798: ['LEO63', 'LEO73', 'LEO82', 'LEO83']
LEO78: 26.782844458290672: ['LEO68', 'LEO71', 'LEO78', 'LEO79', 'LEO81', 'LEO88', 'LEO89']
sum_con_loads:  329.73
max_con_loads:   72.45
avg_setup_time: 220.39
