******************************************************************************
METIS 5.0 Copyright 1998-13, Regents of the University of Minnesota
 (HEAD: , Built on: Dec 17 2022, 08:18:35)
 size of idx_t: 64bits, real_t: 32bits, idx_t *: 64bits

Graph Information -----------------------------------------------------------
 Name: MetisTopos/932, #Vertices: 72, #Edges: 126, #Parts: 8

Options ---------------------------------------------------------------------
 ptype=kway, objtype=cut, ctype=shem, rtype=greedy, iptype=metisrb
 dbglvl=0, ufactor=3.400, no2hop=NO, minconn=NO, contig=YES, nooutput=NO
 seed=-1, niter=10, ncuts=1

Direct k-way Partitioning ---------------------------------------------------
 - Edgecut: 6074, communication volume: 63.

 - Balance:
     constraint #0:  3.240 out of 0.529

 - Most overweight partition:
     pid: 7, actual: 4900, desired: 1512, ratio: 3.24.

 - Subdomain connectivity: max: 4, min: 0, avg: 2.25

 - There are 0 non-contiguous partitions.
   Total components after removing the cut edges: 5,
   max components: 1 for pid: 3.

Timing Information ----------------------------------------------------------
  I/O:          		   0.001 sec
  Partitioning: 		   0.002 sec   (METIS time)
  Reporting:    		   0.000 sec

Memory Information ----------------------------------------------------------
  Max memory used:		   0.071 MB
******************************************************************************
LEO21: 37.39933359910044: ['LEO11', 'LEO12', 'LEO13', 'LEO14', 'LEO15', 'LEO19', 'LEO21', 'LEO29']
LEO58: 30.884094705827202: ['LEO16', 'LEO17', 'LEO18', 'LEO27', 'LEO28', 'LEO36', 'LEO37', 'LEO38', 'LEO46', 'LEO47', 'LEO48', 'LEO57', 'LEO58', 'LEO67', 'LEO68']
LEO52: 104.71816802086157: ['LEO22', 'LEO23', 'LEO31', 'LEO32', 'LEO39', 'LEO41', 'LEO42', 'LEO49', 'LEO51', 'LEO52', 'LEO59', 'LEO61', 'LEO62', 'LEO69', 'LEO72', 'LEO82']
LEO63: 47.839961614861: ['LEO24', 'LEO25', 'LEO26', 'LEO33', 'LEO34', 'LEO35', 'LEO43', 'LEO44', 'LEO45', 'LEO53', 'LEO54', 'LEO55', 'LEO56', 'LEO63', 'LEO64', 'LEO65', 'LEO66', 'LEO73', 'LEO74', 'LEO75', 'LEO76', 'LEO83', 'LEO84', 'LEO85', 'LEO86']
LEO79: 21.416557299011313: ['LEO71', 'LEO77', 'LEO78', 'LEO79', 'LEO81', 'LEO87', 'LEO88', 'LEO89']
sum_con_loads:  242.26
max_con_loads:  104.72
avg_setup_time: 192.20
