******************************************************************************
METIS 5.0 Copyright 1998-13, Regents of the University of Minnesota
 (HEAD: , Built on: Dec 17 2022, 08:18:35)
 size of idx_t: 64bits, real_t: 32bits, idx_t *: 64bits

Graph Information -----------------------------------------------------------
 Name: MetisTopos/932, #Vertices: 72, #Edges: 126, #Parts: 8

Options ---------------------------------------------------------------------
 ptype=kway, objtype=cut, ctype=shem, rtype=greedy, iptype=metisrb
 dbglvl=0, ufactor=1.300, no2hop=NO, minconn=NO, contig=NO, nooutput=NO
 seed=-1, niter=10, ncuts=1

Direct k-way Partitioning ---------------------------------------------------
 - Edgecut: 9871, communication volume: 77.

 - Balance:
     constraint #0:  1.190 out of 0.529

 - Most overweight partition:
     pid: 1, actual: 1800, desired: 1512, ratio: 1.19.

 - Subdomain connectivity: max: 6, min: 3, avg: 4.50

 - Each partition is contiguous.

Timing Information ----------------------------------------------------------
  I/O:          		   0.001 sec
  Partitioning: 		   0.002 sec   (METIS time)
  Reporting:    		   0.000 sec

Memory Information ----------------------------------------------------------
  Max memory used:		   0.071 MB
******************************************************************************
LEO41: 52.69773139955724: ['LEO11', 'LEO12', 'LEO19', 'LEO21', 'LEO29', 'LEO31', 'LEO41', 'LEO51']
LEO14: 25.256478863934884: ['LEO13', 'LEO14', 'LEO15', 'LEO16', 'LEO24', 'LEO25', 'LEO34', 'LEO35', 'LEO36', 'LEO44', 'LEO45', 'LEO54', 'LEO55', 'LEO56', 'LEO65']
LEO49: 32.77621867675937: ['LEO17', 'LEO18', 'LEO26', 'LEO27', 'LEO28', 'LEO37', 'LEO38', 'LEO39', 'LEO46', 'LEO47', 'LEO48', 'LEO49', 'LEO57']
LEO32: 50.35182713758687: ['LEO22', 'LEO23', 'LEO32', 'LEO33', 'LEO42', 'LEO43']
LEO62: 61.268432052571654: ['LEO52', 'LEO53', 'LEO61', 'LEO62', 'LEO63', 'LEO72', 'LEO73']
LEO59: 39.487064371738455: ['LEO58', 'LEO59', 'LEO69']
LEO82: 27.675994563223057: ['LEO64', 'LEO74', 'LEO75', 'LEO82', 'LEO83', 'LEO84', 'LEO85']
LEO78: 28.965080077517367: ['LEO66', 'LEO67', 'LEO68', 'LEO71', 'LEO76', 'LEO77', 'LEO78', 'LEO79', 'LEO81', 'LEO86', 'LEO87', 'LEO88', 'LEO89']
sum_con_loads:  318.48
max_con_loads:   61.27
avg_setup_time: 193.56
