******************************************************************************
METIS 5.0 Copyright 1998-13, Regents of the University of Minnesota
 (HEAD: , Built on: Dec 17 2022, 08:18:35)
 size of idx_t: 64bits, real_t: 32bits, idx_t *: 64bits

Graph Information -----------------------------------------------------------
 Name: MetisTopos/932, #Vertices: 72, #Edges: 126, #Parts: 8

Options ---------------------------------------------------------------------
 ptype=kway, objtype=cut, ctype=shem, rtype=greedy, iptype=metisrb
 dbglvl=0, ufactor=1.800, no2hop=NO, minconn=NO, contig=NO, nooutput=NO
 seed=-1, niter=10, ncuts=1

Direct k-way Partitioning ---------------------------------------------------
 - Edgecut: 8600, communication volume: 81.

 - Balance:
     constraint #0:  1.587 out of 0.529

 - Most overweight partition:
     pid: 2, actual: 2400, desired: 1512, ratio: 1.59.

 - Subdomain connectivity: max: 5, min: 2, avg: 4.00

 - Each partition is contiguous.

Timing Information ----------------------------------------------------------
  I/O:          		   0.001 sec
  Partitioning: 		   0.001 sec   (METIS time)
  Reporting:    		   0.000 sec

Memory Information ----------------------------------------------------------
  Max memory used:		   0.070 MB
******************************************************************************
LEO21: 23.880085989419776: ['LEO11', 'LEO19', 'LEO21', 'LEO29']
LEO32: 55.085142603946025: ['LEO12', 'LEO13', 'LEO22', 'LEO23', 'LEO32', 'LEO33', 'LEO34', 'LEO42']
LEO79: 31.723502991566416: ['LEO14', 'LEO15', 'LEO24', 'LEO25', 'LEO35', 'LEO45', 'LEO55', 'LEO65', 'LEO66', 'LEO67', 'LEO71', 'LEO76', 'LEO77', 'LEO78', 'LEO79', 'LEO81', 'LEO86', 'LEO87', 'LEO88', 'LEO89']
LEO38: 23.958403516097007: ['LEO16', 'LEO17', 'LEO18', 'LEO26', 'LEO27', 'LEO28', 'LEO36', 'LEO37', 'LEO38', 'LEO46', 'LEO47', 'LEO48', 'LEO56', 'LEO57', 'LEO58']
LEO41: 48.90712393221416: ['LEO31', 'LEO39', 'LEO41', 'LEO49', 'LEO51', 'LEO59']
LEO62: 61.41061114115598: ['LEO43', 'LEO44', 'LEO52', 'LEO53', 'LEO54', 'LEO61', 'LEO62', 'LEO63', 'LEO64', 'LEO72', 'LEO82']
LEO69: 26.25950750486985: ['LEO68', 'LEO69']
LEO73: 21.418177590761218: ['LEO73', 'LEO74', 'LEO75', 'LEO83', 'LEO84', 'LEO85']
sum_con_loads:  292.64
max_con_loads:   61.41
avg_setup_time: 193.32
