******************************************************************************
METIS 5.0 Copyright 1998-13, Regents of the University of Minnesota
 (HEAD: , Built on: Dec 17 2022, 08:18:35)
 size of idx_t: 64bits, real_t: 32bits, idx_t *: 64bits

Graph Information -----------------------------------------------------------
 Name: MetisTopos/1183, #Vertices: 72, #Edges: 126, #Parts: 8

Options ---------------------------------------------------------------------
 ptype=kway, objtype=cut, ctype=shem, rtype=greedy, iptype=metisrb
 dbglvl=0, ufactor=2.000, no2hop=NO, minconn=NO, contig=YES, nooutput=NO
 seed=-1, niter=10, ncuts=1

Direct k-way Partitioning ---------------------------------------------------
 - Edgecut: 8070, communication volume: 74.

 - Balance:
     constraint #0:  1.983 out of 0.547

 - Most overweight partition:
     pid: 3, actual: 2900, desired: 1462, ratio: 1.98.

 - Subdomain connectivity: max: 6, min: 2, avg: 4.00

 - Each partition is contiguous.

Timing Information ----------------------------------------------------------
  I/O:          		   0.001 sec
  Partitioning: 		   0.002 sec   (METIS time)
  Reporting:    		   0.000 sec

Memory Information ----------------------------------------------------------
  Max memory used:		   0.071 MB
******************************************************************************
LEO32: 69.05638818256914: ['LEO11', 'LEO21', 'LEO22', 'LEO23', 'LEO32', 'LEO33', 'LEO34', 'LEO41', 'LEO42', 'LEO43', 'LEO44', 'LEO52', 'LEO53', 'LEO61', 'LEO62', 'LEO63']
LEO12: 26.840231726623546: ['LEO12', 'LEO13']
LEO15: 21.380460982120876: ['LEO14', 'LEO15', 'LEO16', 'LEO17', 'LEO18', 'LEO19', 'LEO24', 'LEO25', 'LEO26', 'LEO27', 'LEO28', 'LEO35', 'LEO36', 'LEO37', 'LEO45', 'LEO46', 'LEO47']
LEO49: 37.52560843540987: ['LEO29', 'LEO31', 'LEO38', 'LEO39', 'LEO48', 'LEO49']
LEO59: 56.3854788951528: ['LEO51', 'LEO58', 'LEO59', 'LEO68', 'LEO69', 'LEO79']
LEO73: 17.877555959696917: ['LEO54', 'LEO55', 'LEO64', 'LEO65', 'LEO73', 'LEO74']
LEO67: 19.488585803413855: ['LEO56', 'LEO57', 'LEO66', 'LEO67', 'LEO75', 'LEO76', 'LEO77', 'LEO78', 'LEO85', 'LEO86', 'LEO87', 'LEO88']
LEO72: 29.843501253590027: ['LEO71', 'LEO72', 'LEO81', 'LEO82', 'LEO83', 'LEO84', 'LEO89']
sum_con_loads:  278.40
max_con_loads:   69.06
avg_setup_time: 206.30
