******************************************************************************
METIS 5.0 Copyright 1998-13, Regents of the University of Minnesota
 (HEAD: , Built on: Dec 17 2022, 08:18:35)
 size of idx_t: 64bits, real_t: 32bits, idx_t *: 64bits

Graph Information -----------------------------------------------------------
 Name: MetisTopos/1183, #Vertices: 72, #Edges: 126, #Parts: 8

Options ---------------------------------------------------------------------
 ptype=kway, objtype=cut, ctype=shem, rtype=greedy, iptype=metisrb
 dbglvl=0, ufactor=2.100, no2hop=NO, minconn=NO, contig=NO, nooutput=NO
 seed=-1, niter=10, ncuts=1

Direct k-way Partitioning ---------------------------------------------------
 - Edgecut: 7236, communication volume: 74.

 - Balance:
     constraint #0:  1.778 out of 0.547

 - Most overweight partition:
     pid: 7, actual: 2600, desired: 1462, ratio: 1.78.

 - Subdomain connectivity: max: 5, min: 0, avg: 3.50

 - There are 0 non-contiguous partitions.
   Total components after removing the cut edges: 7,
   max components: 1 for pid: 0.

Timing Information ----------------------------------------------------------
  I/O:          		   0.001 sec
  Partitioning: 		   0.001 sec   (METIS time)
  Reporting:    		   0.000 sec

Memory Information ----------------------------------------------------------
  Max memory used:		   0.070 MB
******************************************************************************
LEO32: 62.41699646949503: ['LEO11', 'LEO12', 'LEO19', 'LEO21', 'LEO22', 'LEO32', 'LEO41', 'LEO42', 'LEO52', 'LEO61', 'LEO62']
LEO13: 23.22855608647816: ['LEO13', 'LEO14']
LEO56: 20.910304589878372: ['LEO15', 'LEO16', 'LEO25', 'LEO35', 'LEO36', 'LEO45', 'LEO46', 'LEO55', 'LEO56', 'LEO57', 'LEO65', 'LEO66', 'LEO67', 'LEO75', 'LEO76', 'LEO77', 'LEO85', 'LEO86', 'LEO87']
LEO49: 39.60812681500932: ['LEO17', 'LEO18', 'LEO26', 'LEO27', 'LEO28', 'LEO29', 'LEO31', 'LEO37', 'LEO38', 'LEO39', 'LEO47', 'LEO48', 'LEO49']
LEO23: 23.236043335268434: ['LEO23', 'LEO24', 'LEO33', 'LEO34']
LEO72: 34.8226587240854: ['LEO43', 'LEO44', 'LEO53', 'LEO54', 'LEO63', 'LEO64', 'LEO72', 'LEO73', 'LEO74', 'LEO82', 'LEO83', 'LEO84']
LEO69: 57.841973409847796: ['LEO51', 'LEO58', 'LEO59', 'LEO68', 'LEO69', 'LEO71', 'LEO78', 'LEO79', 'LEO81', 'LEO88', 'LEO89']
sum_con_loads:  262.06
max_con_loads:   62.42
avg_setup_time: 197.89
