******************************************************************************
METIS 5.0 Copyright 1998-13, Regents of the University of Minnesota
 (HEAD: , Built on: Dec 17 2022, 08:18:35)
 size of idx_t: 64bits, real_t: 32bits, idx_t *: 64bits

Graph Information -----------------------------------------------------------
 Name: MetisTopos/1183, #Vertices: 72, #Edges: 126, #Parts: 8

Options ---------------------------------------------------------------------
 ptype=kway, objtype=cut, ctype=shem, rtype=greedy, iptype=metisrb
 dbglvl=0, ufactor=1.200, no2hop=NO, minconn=NO, contig=YES, nooutput=NO
 seed=-1, niter=10, ncuts=1

Direct k-way Partitioning ---------------------------------------------------
 - Edgecut: 8943, communication volume: 76.

 - Balance:
     constraint #0:  1.162 out of 0.547

 - Most overweight partition:
     pid: 0, actual: 1700, desired: 1462, ratio: 1.16.

 - Subdomain connectivity: max: 6, min: 2, avg: 4.25

 - Each partition is contiguous.

Timing Information ----------------------------------------------------------
  I/O:          		   0.001 sec
  Partitioning: 		   0.002 sec   (METIS time)
  Reporting:    		   0.000 sec

Memory Information ----------------------------------------------------------
  Max memory used:		   0.071 MB
******************************************************************************
LEO29: 37.6585668040283: ['LEO11', 'LEO15', 'LEO16', 'LEO17', 'LEO18', 'LEO19', 'LEO21', 'LEO24', 'LEO25', 'LEO26', 'LEO27', 'LEO28', 'LEO29', 'LEO34', 'LEO35', 'LEO36', 'LEO37', 'LEO44', 'LEO45', 'LEO46', 'LEO47', 'LEO54', 'LEO55', 'LEO56', 'LEO64', 'LEO65', 'LEO66', 'LEO75', 'LEO76']
LEO13: 30.405036433888284: ['LEO12', 'LEO13', 'LEO14']
LEO32: 55.23107605242879: ['LEO22', 'LEO23', 'LEO32', 'LEO33', 'LEO41', 'LEO42', 'LEO43', 'LEO52', 'LEO53']
LEO49: 32.24623194705003: ['LEO31', 'LEO38', 'LEO39', 'LEO48', 'LEO49']
LEO69: 52.10151865638022: ['LEO51', 'LEO59', 'LEO61', 'LEO69', 'LEO71', 'LEO78', 'LEO79']
LEO58: 27.1767993920593: ['LEO57', 'LEO58', 'LEO67', 'LEO68']
LEO72: 35.27926724211055: ['LEO62', 'LEO63', 'LEO72', 'LEO73', 'LEO74']
LEO81: 25.97123989773186: ['LEO77', 'LEO81', 'LEO82', 'LEO83', 'LEO84', 'LEO85', 'LEO86', 'LEO87', 'LEO88', 'LEO89']
sum_con_loads:  296.07
max_con_loads:   55.23
avg_setup_time: 215.21
