******************************************************************************
METIS 5.0 Copyright 1998-13, Regents of the University of Minnesota
 (HEAD: , Built on: Dec 17 2022, 08:18:35)
 size of idx_t: 64bits, real_t: 32bits, idx_t *: 64bits

Graph Information -----------------------------------------------------------
 Name: MetisTopos/1183, #Vertices: 72, #Edges: 126, #Parts: 8

Options ---------------------------------------------------------------------
 ptype=kway, objtype=cut, ctype=shem, rtype=greedy, iptype=metisrb
 dbglvl=0, ufactor=1.200, no2hop=NO, minconn=NO, contig=NO, nooutput=NO
 seed=-1, niter=10, ncuts=1

Direct k-way Partitioning ---------------------------------------------------
 - Edgecut: 8917, communication volume: 82.

 - Balance:
     constraint #0:  1.094 out of 0.547

 - Most overweight partition:
     pid: 0, actual: 1600, desired: 1462, ratio: 1.09.

 - Subdomain connectivity: max: 7, min: 2, avg: 4.50

 - There are 1 non-contiguous partitions.
   Total components after removing the cut edges: 9,
   max components: 2 for pid: 3.

Timing Information ----------------------------------------------------------
  I/O:          		   0.001 sec
  Partitioning: 		   0.002 sec   (METIS time)
  Reporting:    		   0.000 sec

Memory Information ----------------------------------------------------------
  Max memory used:		   0.071 MB
******************************************************************************
LEO49: 37.990897783491036: ['LEO11', 'LEO19', 'LEO21', 'LEO29', 'LEO31', 'LEO39', 'LEO49']
LEO13: 30.405036433888284: ['LEO12', 'LEO13', 'LEO14']
LEO46: 31.69808395543943: ['LEO15', 'LEO16', 'LEO17', 'LEO18', 'LEO24', 'LEO25', 'LEO26', 'LEO27', 'LEO28', 'LEO35', 'LEO36', 'LEO37', 'LEO38', 'LEO44', 'LEO45', 'LEO46', 'LEO47', 'LEO48', 'LEO54', 'LEO55', 'LEO56', 'LEO64', 'LEO65', 'LEO66', 'LEO75', 'LEO76', 'LEO77', 'LEO78', 'LEO85', 'LEO86', 'LEO87', 'LEO88']
LEO32: 54.84588965803231: ['LEO22', 'LEO23', 'LEO32', 'LEO41', 'LEO42', 'LEO52']
LEO82: 26.655557492702542: ['LEO33', 'LEO34', 'LEO43', 'LEO82', 'LEO83', 'LEO84']
LEO69: 51.59670926363165: ['LEO51', 'LEO59', 'LEO61', 'LEO69', 'LEO71', 'LEO79', 'LEO81', 'LEO89']
LEO72: 35.27926724211055: ['LEO53', 'LEO62', 'LEO63', 'LEO72', 'LEO73', 'LEO74']
LEO58: 27.1767993920593: ['LEO57', 'LEO58', 'LEO67', 'LEO68']
sum_con_loads:  295.65
max_con_loads:   54.85
avg_setup_time: 216.48
