******************************************************************************
METIS 5.0 Copyright 1998-13, Regents of the University of Minnesota
 (HEAD: , Built on: Dec 17 2022, 08:18:35)
 size of idx_t: 64bits, real_t: 32bits, idx_t *: 64bits

Graph Information -----------------------------------------------------------
 Name: MetisTopos/1183, #Vertices: 72, #Edges: 126, #Parts: 8

Options ---------------------------------------------------------------------
 ptype=kway, objtype=cut, ctype=shem, rtype=greedy, iptype=metisrb
 dbglvl=0, ufactor=3.100, no2hop=NO, minconn=NO, contig=YES, nooutput=NO
 seed=-1, niter=10, ncuts=1

Direct k-way Partitioning ---------------------------------------------------
 - Edgecut: 6530, communication volume: 76.

 - Balance:
     constraint #0:  3.009 out of 0.547

 - Most overweight partition:
     pid: 7, actual: 4400, desired: 1462, ratio: 3.01.

 - Subdomain connectivity: max: 6, min: 0, avg: 3.75

 - There are 0 non-contiguous partitions.
   Total components after removing the cut edges: 7,
   max components: 1 for pid: 0.

Timing Information ----------------------------------------------------------
  I/O:          		   0.001 sec
  Partitioning: 		   0.001 sec   (METIS time)
  Reporting:    		   0.000 sec

Memory Information ----------------------------------------------------------
  Max memory used:		   0.071 MB
******************************************************************************
LEO12: 37.30756595978323: ['LEO11', 'LEO12', 'LEO13', 'LEO14', 'LEO19']
LEO23: 32.63370605258468: ['LEO15', 'LEO16', 'LEO17', 'LEO18', 'LEO23', 'LEO24', 'LEO25', 'LEO26', 'LEO27', 'LEO33', 'LEO34', 'LEO35', 'LEO36', 'LEO37', 'LEO46', 'LEO56']
LEO39: 25.308081423997997: ['LEO21', 'LEO28', 'LEO29', 'LEO31', 'LEO38', 'LEO39']
LEO52: 90.95344126848829: ['LEO22', 'LEO32', 'LEO41', 'LEO42', 'LEO49', 'LEO51', 'LEO52', 'LEO59', 'LEO61', 'LEO62', 'LEO69', 'LEO71', 'LEO72', 'LEO78', 'LEO79', 'LEO81', 'LEO82', 'LEO88', 'LEO89']
LEO73: 17.877555959696917: ['LEO43', 'LEO44', 'LEO45', 'LEO53', 'LEO54', 'LEO55', 'LEO63', 'LEO64', 'LEO65', 'LEO73', 'LEO74', 'LEO75', 'LEO83', 'LEO84', 'LEO85']
LEO58: 20.235933522870294: ['LEO47', 'LEO48', 'LEO57', 'LEO58']
LEO68: 23.44070103274641: ['LEO66', 'LEO67', 'LEO68', 'LEO76', 'LEO77', 'LEO86', 'LEO87']
sum_con_loads:  247.76
max_con_loads:   90.95
avg_setup_time: 281.67
