******************************************************************************
METIS 5.0 Copyright 1998-13, Regents of the University of Minnesota
 (HEAD: , Built on: Dec 17 2022, 08:18:35)
 size of idx_t: 64bits, real_t: 32bits, idx_t *: 64bits

Graph Information -----------------------------------------------------------
 Name: MetisTopos/1183, #Vertices: 72, #Edges: 126, #Parts: 8

Options ---------------------------------------------------------------------
 ptype=kway, objtype=cut, ctype=shem, rtype=greedy, iptype=metisrb
 dbglvl=0, ufactor=1.500, no2hop=NO, minconn=NO, contig=YES, nooutput=NO
 seed=-1, niter=10, ncuts=1

Direct k-way Partitioning ---------------------------------------------------
 - Edgecut: 8673, communication volume: 75.

 - Balance:
     constraint #0:  1.436 out of 0.547

 - Most overweight partition:
     pid: 1, actual: 2100, desired: 1462, ratio: 1.44.

 - Subdomain connectivity: max: 7, min: 3, avg: 4.50

 - Each partition is contiguous.

Timing Information ----------------------------------------------------------
  I/O:          		   0.001 sec
  Partitioning: 		   0.002 sec   (METIS time)
  Reporting:    		   0.000 sec

Memory Information ----------------------------------------------------------
  Max memory used:		   0.071 MB
******************************************************************************
LEO32: 56.877161840215116: ['LEO11', 'LEO12', 'LEO19', 'LEO21', 'LEO22', 'LEO32', 'LEO41', 'LEO42', 'LEO52']
LEO13: 23.228556086478164: ['LEO13', 'LEO14', 'LEO15', 'LEO16']
LEO29: 23.047054430210544: ['LEO17', 'LEO18', 'LEO26', 'LEO27', 'LEO28', 'LEO29', 'LEO37', 'LEO38']
LEO35: 38.502358725130996: ['LEO23', 'LEO24', 'LEO25', 'LEO33', 'LEO34', 'LEO35', 'LEO36', 'LEO43', 'LEO44', 'LEO45', 'LEO46', 'LEO53', 'LEO54', 'LEO55', 'LEO56', 'LEO64', 'LEO65', 'LEO66', 'LEO74', 'LEO75', 'LEO76', 'LEO77', 'LEO84', 'LEO85', 'LEO86', 'LEO87']
LEO49: 31.46725715799267: ['LEO31', 'LEO39', 'LEO47', 'LEO48', 'LEO49']
LEO59: 55.50771883428382: ['LEO51', 'LEO58', 'LEO59', 'LEO61', 'LEO69', 'LEO71', 'LEO78', 'LEO79', 'LEO81', 'LEO88', 'LEO89']
LEO68: 21.1287529180711: ['LEO57', 'LEO67', 'LEO68']
LEO72: 41.104388756833146: ['LEO62', 'LEO63', 'LEO72', 'LEO73', 'LEO82', 'LEO83']
sum_con_loads:  290.86
max_con_loads:   56.88
avg_setup_time: 207.81
