******************************************************************************
METIS 5.0 Copyright 1998-13, Regents of the University of Minnesota
 (HEAD: , Built on: Dec 17 2022, 08:18:35)
 size of idx_t: 64bits, real_t: 32bits, idx_t *: 64bits

Graph Information -----------------------------------------------------------
 Name: MetisTopos/1183, #Vertices: 72, #Edges: 126, #Parts: 8

Options ---------------------------------------------------------------------
 ptype=kway, objtype=cut, ctype=shem, rtype=greedy, iptype=metisrb
 dbglvl=0, ufactor=1.600, no2hop=NO, minconn=NO, contig=YES, nooutput=NO
 seed=-1, niter=10, ncuts=1

Direct k-way Partitioning ---------------------------------------------------
 - Edgecut: 8705, communication volume: 75.

 - Balance:
     constraint #0:  1.573 out of 0.547

 - Most overweight partition:
     pid: 3, actual: 2300, desired: 1462, ratio: 1.57.

 - Subdomain connectivity: max: 6, min: 3, avg: 4.50

 - Each partition is contiguous.

Timing Information ----------------------------------------------------------
  I/O:          		   0.001 sec
  Partitioning: 		   0.002 sec   (METIS time)
  Reporting:    		   0.000 sec

Memory Information ----------------------------------------------------------
  Max memory used:		   0.071 MB
******************************************************************************
LEO22: 61.07768452398545: ['LEO11', 'LEO12', 'LEO21', 'LEO22', 'LEO23', 'LEO32', 'LEO41', 'LEO42', 'LEO52']
LEO13: 23.228556086478164: ['LEO13', 'LEO14', 'LEO15']
LEO48: 24.636169498234427: ['LEO16', 'LEO17', 'LEO18', 'LEO19', 'LEO27', 'LEO28', 'LEO37', 'LEO47', 'LEO48', 'LEO58']
LEO73: 32.11781324691878: ['LEO24', 'LEO25', 'LEO26', 'LEO33', 'LEO34', 'LEO35', 'LEO36', 'LEO43', 'LEO44', 'LEO45', 'LEO46', 'LEO53', 'LEO54', 'LEO55', 'LEO56', 'LEO63', 'LEO64', 'LEO65', 'LEO66', 'LEO73', 'LEO74', 'LEO75', 'LEO76', 'LEO83', 'LEO84', 'LEO85', 'LEO86']
LEO49: 35.83092417564432: ['LEO29', 'LEO31', 'LEO38', 'LEO39', 'LEO49']
LEO69: 56.160123078450425: ['LEO51', 'LEO59', 'LEO61', 'LEO69', 'LEO71', 'LEO77', 'LEO78', 'LEO79', 'LEO81', 'LEO87', 'LEO88', 'LEO89']
LEO68: 21.1287529180711: ['LEO57', 'LEO67', 'LEO68']
LEO72: 37.20588757632504: ['LEO62', 'LEO72', 'LEO82']
sum_con_loads:  291.39
max_con_loads:   61.08
avg_setup_time: 213.22
