******************************************************************************
METIS 5.0 Copyright 1998-13, Regents of the University of Minnesota
 (HEAD: , Built on: Dec 17 2022, 08:18:35)
 size of idx_t: 64bits, real_t: 32bits, idx_t *: 64bits

Graph Information -----------------------------------------------------------
 Name: MetisTopos/1183, #Vertices: 72, #Edges: 126, #Parts: 8

Options ---------------------------------------------------------------------
 ptype=kway, objtype=cut, ctype=shem, rtype=greedy, iptype=metisrb
 dbglvl=0, ufactor=1.700, no2hop=NO, minconn=NO, contig=NO, nooutput=NO
 seed=-1, niter=10, ncuts=1

Direct k-way Partitioning ---------------------------------------------------
 - Edgecut: 8402, communication volume: 79.

 - Balance:
     constraint #0:  1.504 out of 0.547

 - Most overweight partition:
     pid: 6, actual: 2200, desired: 1462, ratio: 1.50.

 - Subdomain connectivity: max: 5, min: 3, avg: 3.75

 - Each partition is contiguous.

Timing Information ----------------------------------------------------------
  I/O:          		   0.001 sec
  Partitioning: 		   0.002 sec   (METIS time)
  Reporting:    		   0.000 sec

Memory Information ----------------------------------------------------------
  Max memory used:		   0.071 MB
******************************************************************************
LEO49: 37.95626509983286: ['LEO11', 'LEO21', 'LEO29', 'LEO31', 'LEO39', 'LEO49']
LEO32: 57.383610211253234: ['LEO12', 'LEO13', 'LEO22', 'LEO32', 'LEO41', 'LEO42', 'LEO52']
LEO24: 37.33459756818993: ['LEO14', 'LEO15', 'LEO23', 'LEO24', 'LEO25', 'LEO26', 'LEO33', 'LEO34', 'LEO35', 'LEO36', 'LEO43', 'LEO44', 'LEO45', 'LEO46', 'LEO53', 'LEO54', 'LEO55', 'LEO56', 'LEO63', 'LEO64', 'LEO65', 'LEO66', 'LEO75', 'LEO76']
LEO38: 17.827126295854878: ['LEO16', 'LEO17', 'LEO18', 'LEO19', 'LEO27', 'LEO28', 'LEO37', 'LEO38', 'LEO47', 'LEO48']
LEO69: 56.004942249800706: ['LEO51', 'LEO59', 'LEO68', 'LEO69', 'LEO71', 'LEO78', 'LEO79', 'LEO81', 'LEO88', 'LEO89']
LEO57: 24.12820597321982: ['LEO57', 'LEO58', 'LEO67', 'LEO77', 'LEO87']
LEO72: 37.20588757632504: ['LEO61', 'LEO62', 'LEO72', 'LEO82']
LEO73: 17.701313723672072: ['LEO73', 'LEO74', 'LEO83', 'LEO84', 'LEO85', 'LEO86']
sum_con_loads:  285.54
max_con_loads:   57.38
avg_setup_time: 205.69
