******************************************************************************
METIS 5.0 Copyright 1998-13, Regents of the University of Minnesota
 (HEAD: , Built on: Dec 17 2022, 08:18:35)
 size of idx_t: 64bits, real_t: 32bits, idx_t *: 64bits

Graph Information -----------------------------------------------------------
 Name: MetisTopos/1183, #Vertices: 72, #Edges: 126, #Parts: 8

Options ---------------------------------------------------------------------
 ptype=kway, objtype=cut, ctype=shem, rtype=greedy, iptype=metisrb
 dbglvl=0, ufactor=1.900, no2hop=NO, minconn=NO, contig=NO, nooutput=NO
 seed=-1, niter=10, ncuts=1

Direct k-way Partitioning ---------------------------------------------------
 - Edgecut: 6848, communication volume: 65.

 - Balance:
     constraint #0:  1.846 out of 0.547

 - Most overweight partition:
     pid: 6, actual: 2700, desired: 1462, ratio: 1.85.

 - Subdomain connectivity: max: 4, min: 0, avg: 3.00

 - There are 0 non-contiguous partitions.
   Total components after removing the cut edges: 6,
   max components: 1 for pid: 1.

Timing Information ----------------------------------------------------------
  I/O:          		   0.001 sec
  Partitioning: 		   0.002 sec   (METIS time)
  Reporting:    		   0.000 sec

Memory Information ----------------------------------------------------------
  Max memory used:		   0.071 MB
******************************************************************************
LEO49: 41.91328065708911: ['LEO11', 'LEO18', 'LEO19', 'LEO21', 'LEO28', 'LEO29', 'LEO31', 'LEO38', 'LEO39', 'LEO48', 'LEO49']
LEO22: 60.276309956354645: ['LEO12', 'LEO13', 'LEO22', 'LEO23', 'LEO32', 'LEO41', 'LEO42', 'LEO52']
LEO34: 27.844922692408435: ['LEO14', 'LEO15', 'LEO16', 'LEO17', 'LEO24', 'LEO25', 'LEO26', 'LEO27', 'LEO33', 'LEO34', 'LEO35', 'LEO36', 'LEO37', 'LEO43', 'LEO44', 'LEO45', 'LEO46', 'LEO47']
LEO69: 56.00494224980069: ['LEO51', 'LEO59', 'LEO61', 'LEO68', 'LEO69', 'LEO71', 'LEO78', 'LEO79', 'LEO81', 'LEO88', 'LEO89']
LEO72: 42.93663134302376: ['LEO53', 'LEO54', 'LEO55', 'LEO62', 'LEO63', 'LEO64', 'LEO65', 'LEO72', 'LEO73', 'LEO74', 'LEO82', 'LEO83', 'LEO84', 'LEO85']
LEO57: 25.277021252866398: ['LEO56', 'LEO57', 'LEO58', 'LEO66', 'LEO67', 'LEO75', 'LEO76', 'LEO77', 'LEO86', 'LEO87']
sum_con_loads:  254.25
max_con_loads:   60.28
avg_setup_time: 204.96
