******************************************************************************
METIS 5.0 Copyright 1998-13, Regents of the University of Minnesota
 (HEAD: , Built on: Dec 17 2022, 08:18:35)
 size of idx_t: 64bits, real_t: 32bits, idx_t *: 64bits

Graph Information -----------------------------------------------------------
 Name: MetisTopos/1351, #Vertices: 72, #Edges: 127, #Parts: 8

Options ---------------------------------------------------------------------
 ptype=kway, objtype=cut, ctype=shem, rtype=greedy, iptype=metisrb
 dbglvl=0, ufactor=2.000, no2hop=NO, minconn=NO, contig=YES, nooutput=NO
 seed=-1, niter=10, ncuts=1

Direct k-way Partitioning ---------------------------------------------------
 - Edgecut: 8718, communication volume: 75.

 - Balance:
     constraint #0:  1.951 out of 0.455

 - Most overweight partition:
     pid: 7, actual: 3000, desired: 1537, ratio: 1.95.

 - Subdomain connectivity: max: 5, min: 3, avg: 4.50

 - Each partition is contiguous.

Timing Information ----------------------------------------------------------
  I/O:          		   0.001 sec
  Partitioning: 		   0.002 sec   (METIS time)
  Reporting:    		   0.000 sec

Memory Information ----------------------------------------------------------
  Max memory used:		   0.070 MB
******************************************************************************
LEO36: 20.938855466282227: ['LEO11', 'LEO15', 'LEO16', 'LEO17', 'LEO18', 'LEO19', 'LEO24', 'LEO25', 'LEO26', 'LEO27', 'LEO28', 'LEO34', 'LEO35', 'LEO36', 'LEO37', 'LEO44', 'LEO45', 'LEO46', 'LEO54', 'LEO55', 'LEO56']
LEO22: 57.22271936301141: ['LEO12', 'LEO21', 'LEO22', 'LEO29', 'LEO31', 'LEO32']
LEO13: 19.563726000278002: ['LEO13', 'LEO14']
LEO33: 20.13720158977761: ['LEO23', 'LEO33', 'LEO43', 'LEO53']
LEO49: 74.87041408844571: ['LEO38', 'LEO39', 'LEO47', 'LEO48', 'LEO49', 'LEO57', 'LEO58', 'LEO59']
LEO61: 42.088420810393764: ['LEO41', 'LEO42', 'LEO51', 'LEO52', 'LEO61', 'LEO62', 'LEO71', 'LEO72', 'LEO81', 'LEO82', 'LEO88', 'LEO89']
LEO73: 22.72153654175517: ['LEO63', 'LEO64', 'LEO65', 'LEO66', 'LEO67', 'LEO73', 'LEO74', 'LEO75', 'LEO76', 'LEO77', 'LEO83', 'LEO84', 'LEO85', 'LEO86', 'LEO87']
LEO69: 39.853596152497985: ['LEO68', 'LEO69', 'LEO78', 'LEO79']
sum_con_loads:  297.40
max_con_loads:   74.87
avg_setup_time: 209.04
