******************************************************************************
METIS 5.0 Copyright 1998-13, Regents of the University of Minnesota
 (HEAD: , Built on: Dec 17 2022, 08:18:35)
 size of idx_t: 64bits, real_t: 32bits, idx_t *: 64bits

Graph Information -----------------------------------------------------------
 Name: MetisTopos/1351, #Vertices: 72, #Edges: 127, #Parts: 8

Options ---------------------------------------------------------------------
 ptype=kway, objtype=cut, ctype=shem, rtype=greedy, iptype=metisrb
 dbglvl=0, ufactor=1.100, no2hop=NO, minconn=NO, contig=NO, nooutput=NO
 seed=-1, niter=10, ncuts=1

Direct k-way Partitioning ---------------------------------------------------
 - Edgecut: 11753, communication volume: 73.

 - Balance:
     constraint #0:  1.106 out of 0.455

 - Most overweight partition:
     pid: 4, actual: 1700, desired: 1537, ratio: 1.11.

 - Subdomain connectivity: max: 6, min: 2, avg: 4.00

 - There are 1 non-contiguous partitions.
   Total components after removing the cut edges: 9,
   max components: 2 for pid: 7.

Timing Information ----------------------------------------------------------
  I/O:          		   0.001 sec
  Partitioning: 		   0.002 sec   (METIS time)
  Reporting:    		   0.000 sec

Memory Information ----------------------------------------------------------
  Max memory used:		   0.071 MB
******************************************************************************
LEO22: 41.87230307564584: ['LEO11', 'LEO12', 'LEO19', 'LEO21', 'LEO22', 'LEO23']
LEO13: 32.48274384141856: ['LEO13', 'LEO14', 'LEO33']
LEO38: 34.57028188860626: ['LEO15', 'LEO16', 'LEO17', 'LEO18', 'LEO24', 'LEO25', 'LEO26', 'LEO27', 'LEO28', 'LEO34', 'LEO35', 'LEO36', 'LEO37', 'LEO38', 'LEO45', 'LEO46', 'LEO47', 'LEO48']
LEO39: 73.02307086270139: ['LEO29', 'LEO31', 'LEO32', 'LEO39', 'LEO49']
LEO53: 43.39896488684982: ['LEO41', 'LEO42', 'LEO43', 'LEO44', 'LEO53', 'LEO54', 'LEO55', 'LEO56', 'LEO57', 'LEO63', 'LEO64', 'LEO65', 'LEO66', 'LEO67', 'LEO73', 'LEO74', 'LEO75', 'LEO76', 'LEO77', 'LEO83', 'LEO84', 'LEO85', 'LEO86', 'LEO87']
LEO61: 38.73789343766837: ['LEO51', 'LEO52', 'LEO61', 'LEO62', 'LEO71', 'LEO72', 'LEO81', 'LEO82']
LEO58: 31.70519649058422: ['LEO58', 'LEO68']
LEO59: 62.20535350607709: ['LEO59', 'LEO69', 'LEO78', 'LEO79', 'LEO88', 'LEO89']
sum_con_loads:  358.00
max_con_loads:   73.02
avg_setup_time: 247.33
