******************************************************************************
METIS 5.0 Copyright 1998-13, Regents of the University of Minnesota
 (HEAD: , Built on: Dec 17 2022, 08:18:35)
 size of idx_t: 64bits, real_t: 32bits, idx_t *: 64bits

Graph Information -----------------------------------------------------------
 Name: MetisTopos/1351, #Vertices: 72, #Edges: 127, #Parts: 8

Options ---------------------------------------------------------------------
 ptype=kway, objtype=cut, ctype=shem, rtype=greedy, iptype=metisrb
 dbglvl=0, ufactor=2.500, no2hop=NO, minconn=NO, contig=NO, nooutput=NO
 seed=-1, niter=10, ncuts=1

Direct k-way Partitioning ---------------------------------------------------
 - Edgecut: 7294, communication volume: 65.

 - Balance:
     constraint #0:  2.341 out of 0.455

 - Most overweight partition:
     pid: 7, actual: 3600, desired: 1537, ratio: 2.34.

 - Subdomain connectivity: max: 5, min: 0, avg: 3.00

 - There are 0 non-contiguous partitions.
   Total components after removing the cut edges: 6,
   max components: 1 for pid: 1.

Timing Information ----------------------------------------------------------
  I/O:          		   0.001 sec
  Partitioning: 		   0.001 sec   (METIS time)
  Reporting:    		   0.000 sec

Memory Information ----------------------------------------------------------
  Max memory used:		   0.070 MB
******************************************************************************
LEO12: 49.050156654612856: ['LEO11', 'LEO12', 'LEO13', 'LEO14', 'LEO15', 'LEO16', 'LEO17', 'LEO18', 'LEO19', 'LEO21', 'LEO23', 'LEO24', 'LEO25', 'LEO26', 'LEO27', 'LEO28', 'LEO29', 'LEO36']
LEO49: 95.18682362711166: ['LEO22', 'LEO31', 'LEO32', 'LEO38', 'LEO39', 'LEO41', 'LEO42', 'LEO49', 'LEO51', 'LEO52', 'LEO59', 'LEO61', 'LEO62', 'LEO69', 'LEO71']
LEO33: 16.02699274058475: ['LEO33', 'LEO34', 'LEO35', 'LEO43', 'LEO44', 'LEO45']
LEO58: 51.168985271562825: ['LEO37', 'LEO47', 'LEO48', 'LEO57', 'LEO58', 'LEO68']
LEO78: 30.01853452809912: ['LEO46', 'LEO55', 'LEO56', 'LEO66', 'LEO67', 'LEO75', 'LEO76', 'LEO77', 'LEO78', 'LEO79', 'LEO86', 'LEO87', 'LEO88', 'LEO89']
LEO72: 27.024235460846363: ['LEO53', 'LEO54', 'LEO63', 'LEO64', 'LEO65', 'LEO72', 'LEO73', 'LEO74', 'LEO81', 'LEO82', 'LEO83', 'LEO84', 'LEO85']
sum_con_loads:  268.48
max_con_loads:   95.19
avg_setup_time: 364.00
