******************************************************************************
METIS 5.0 Copyright 1998-13, Regents of the University of Minnesota
 (HEAD: , Built on: Dec 17 2022, 08:18:35)
 size of idx_t: 64bits, real_t: 32bits, idx_t *: 64bits

Graph Information -----------------------------------------------------------
 Name: MetisTopos/1351, #Vertices: 72, #Edges: 127, #Parts: 8

Options ---------------------------------------------------------------------
 ptype=kway, objtype=cut, ctype=shem, rtype=greedy, iptype=metisrb
 dbglvl=0, ufactor=2.700, no2hop=NO, minconn=NO, contig=YES, nooutput=NO
 seed=-1, niter=10, ncuts=1

Direct k-way Partitioning ---------------------------------------------------
 - Edgecut: 7450, communication volume: 72.

 - Balance:
     constraint #0:  2.667 out of 0.455

 - Most overweight partition:
     pid: 7, actual: 4100, desired: 1537, ratio: 2.67.

 - Subdomain connectivity: max: 6, min: 0, avg: 3.00

 - There are 0 non-contiguous partitions.
   Total components after removing the cut edges: 7,
   max components: 1 for pid: 0.

Timing Information ----------------------------------------------------------
  I/O:          		   0.001 sec
  Partitioning: 		   0.001 sec   (METIS time)
  Reporting:    		   0.000 sec

Memory Information ----------------------------------------------------------
  Max memory used:		   0.071 MB
******************************************************************************
LEO12: 26.079662080630236: ['LEO11', 'LEO12', 'LEO13']
LEO23: 16.992324121964774: ['LEO14', 'LEO23', 'LEO24']
LEO34: 27.435638665063095: ['LEO15', 'LEO16', 'LEO17', 'LEO18', 'LEO25', 'LEO26', 'LEO27', 'LEO28', 'LEO33', 'LEO34', 'LEO35', 'LEO36', 'LEO43', 'LEO44', 'LEO45', 'LEO46', 'LEO54', 'LEO55', 'LEO56', 'LEO64', 'LEO65', 'LEO66', 'LEO67', 'LEO75', 'LEO76', 'LEO77']
LEO29: 11.946886949679595: ['LEO19', 'LEO21', 'LEO29']
LEO49: 102.94376817956237: ['LEO22', 'LEO31', 'LEO32', 'LEO38', 'LEO39', 'LEO49', 'LEO59', 'LEO68', 'LEO69', 'LEO78', 'LEO79']
LEO58: 40.17565125500653: ['LEO37', 'LEO47', 'LEO48', 'LEO57', 'LEO58']
LEO61: 46.03172496745806: ['LEO41', 'LEO42', 'LEO51', 'LEO52', 'LEO53', 'LEO61', 'LEO62', 'LEO63', 'LEO71', 'LEO72', 'LEO73', 'LEO74', 'LEO81', 'LEO82', 'LEO83', 'LEO84', 'LEO85', 'LEO86', 'LEO87', 'LEO88', 'LEO89']
sum_con_loads:  271.61
max_con_loads:  102.94
avg_setup_time: 202.62
