******************************************************************************
METIS 5.0 Copyright 1998-13, Regents of the University of Minnesota
 (HEAD: , Built on: Dec 17 2022, 08:18:35)
 size of idx_t: 64bits, real_t: 32bits, idx_t *: 64bits

Graph Information -----------------------------------------------------------
 Name: MetisTopos/1351, #Vertices: 72, #Edges: 127, #Parts: 8

Options ---------------------------------------------------------------------
 ptype=kway, objtype=cut, ctype=shem, rtype=greedy, iptype=metisrb
 dbglvl=0, ufactor=2.900, no2hop=NO, minconn=NO, contig=NO, nooutput=NO
 seed=-1, niter=10, ncuts=1

Direct k-way Partitioning ---------------------------------------------------
 - Edgecut: 6745, communication volume: 65.

 - Balance:
     constraint #0:  2.862 out of 0.455

 - Most overweight partition:
     pid: 7, actual: 4400, desired: 1537, ratio: 2.86.

 - Subdomain connectivity: max: 4, min: 0, avg: 2.00

 - There are 0 non-contiguous partitions.
   Total components after removing the cut edges: 5,
   max components: 1 for pid: 2.

Timing Information ----------------------------------------------------------
  I/O:          		   0.001 sec
  Partitioning: 		   0.001 sec   (METIS time)
  Reporting:    		   0.000 sec

Memory Information ----------------------------------------------------------
  Max memory used:		   0.070 MB
******************************************************************************
LEO12: 30.492847957766283: ['LEO11', 'LEO12', 'LEO13', 'LEO14', 'LEO19']
LEO37: 20.81915237707034: ['LEO15', 'LEO16', 'LEO17', 'LEO18', 'LEO26', 'LEO27', 'LEO28', 'LEO36', 'LEO37', 'LEO38', 'LEO46', 'LEO55', 'LEO56', 'LEO65', 'LEO66']
LEO49: 101.64431258938275: ['LEO21', 'LEO22', 'LEO29', 'LEO31', 'LEO32', 'LEO39', 'LEO49', 'LEO59', 'LEO67', 'LEO68', 'LEO69', 'LEO78', 'LEO79', 'LEO88', 'LEO89']
LEO52: 72.10091055258913: ['LEO23', 'LEO24', 'LEO25', 'LEO33', 'LEO34', 'LEO35', 'LEO41', 'LEO42', 'LEO43', 'LEO44', 'LEO45', 'LEO51', 'LEO52', 'LEO53', 'LEO54', 'LEO61', 'LEO62', 'LEO63', 'LEO64', 'LEO71', 'LEO72', 'LEO73', 'LEO74', 'LEO75', 'LEO76', 'LEO77', 'LEO81', 'LEO82', 'LEO83', 'LEO84', 'LEO85', 'LEO86', 'LEO87']
LEO58: 32.65006411618922: ['LEO47', 'LEO48', 'LEO57', 'LEO58']
sum_con_loads:  257.71
max_con_loads:  101.64
avg_setup_time: 221.23
