******************************************************************************
METIS 5.0 Copyright 1998-13, Regents of the University of Minnesota
 (HEAD: , Built on: Dec 17 2022, 08:18:35)
 size of idx_t: 64bits, real_t: 32bits, idx_t *: 64bits

Graph Information -----------------------------------------------------------
 Name: MetisTopos/1351, #Vertices: 72, #Edges: 127, #Parts: 8

Options ---------------------------------------------------------------------
 ptype=kway, objtype=cut, ctype=shem, rtype=greedy, iptype=metisrb
 dbglvl=0, ufactor=1.200, no2hop=NO, minconn=NO, contig=NO, nooutput=NO
 seed=-1, niter=10, ncuts=1

Direct k-way Partitioning ---------------------------------------------------
 - Edgecut: 9590, communication volume: 88.

 - Balance:
     constraint #0:  1.106 out of 0.455

 - Most overweight partition:
     pid: 1, actual: 1700, desired: 1537, ratio: 1.11.

 - Subdomain connectivity: max: 6, min: 3, avg: 4.50

 - There are 1 non-contiguous partitions.
   Total components after removing the cut edges: 9,
   max components: 2 for pid: 3.

Timing Information ----------------------------------------------------------
  I/O:          		   0.001 sec
  Partitioning: 		   0.002 sec   (METIS time)
  Reporting:    		   0.000 sec

Memory Information ----------------------------------------------------------
  Max memory used:		   0.071 MB
******************************************************************************
LEO32: 50.27350040724268: ['LEO11', 'LEO12', 'LEO21', 'LEO22', 'LEO32', 'LEO41', 'LEO42']
LEO13: 26.918628165095086: ['LEO13', 'LEO14', 'LEO15', 'LEO23', 'LEO24', 'LEO25']
LEO48: 31.918360554532693: ['LEO16', 'LEO17', 'LEO18', 'LEO26', 'LEO27', 'LEO28', 'LEO35', 'LEO36', 'LEO37', 'LEO38', 'LEO45', 'LEO46', 'LEO47', 'LEO48', 'LEO55', 'LEO56', 'LEO66', 'LEO75', 'LEO76', 'LEO85', 'LEO86', 'LEO87']
LEO58: 35.3177280326494: ['LEO19', 'LEO29', 'LEO57', 'LEO58']
LEO59: 71.9084857499624: ['LEO31', 'LEO39', 'LEO49', 'LEO59', 'LEO69', 'LEO79']
LEO33: 26.914591102728465: ['LEO33', 'LEO34', 'LEO43', 'LEO44', 'LEO53', 'LEO54', 'LEO63', 'LEO64', 'LEO65', 'LEO73', 'LEO74', 'LEO83', 'LEO84']
LEO61: 40.65455832219705: ['LEO51', 'LEO52', 'LEO61', 'LEO62', 'LEO71', 'LEO72', 'LEO81', 'LEO82', 'LEO88', 'LEO89']
LEO78: 30.65349241340043: ['LEO67', 'LEO68', 'LEO77', 'LEO78']
sum_con_loads:  314.56
max_con_loads:   71.91
avg_setup_time: 214.83
