******************************************************************************
METIS 5.0 Copyright 1998-13, Regents of the University of Minnesota
 (HEAD: , Built on: Dec 17 2022, 08:18:35)
 size of idx_t: 64bits, real_t: 32bits, idx_t *: 64bits

Graph Information -----------------------------------------------------------
 Name: MetisTopos/1351, #Vertices: 72, #Edges: 127, #Parts: 8

Options ---------------------------------------------------------------------
 ptype=kway, objtype=cut, ctype=shem, rtype=greedy, iptype=metisrb
 dbglvl=0, ufactor=3.500, no2hop=NO, minconn=NO, contig=YES, nooutput=NO
 seed=-1, niter=10, ncuts=1

Direct k-way Partitioning ---------------------------------------------------
 - Edgecut: 7010, communication volume: 59.

 - Balance:
     constraint #0:  3.447 out of 0.455

 - Most overweight partition:
     pid: 7, actual: 5300, desired: 1537, ratio: 3.45.

 - Subdomain connectivity: max: 4, min: 0, avg: 1.50

 - There are 0 non-contiguous partitions.
   Total components after removing the cut edges: 5,
   max components: 1 for pid: 0.

Timing Information ----------------------------------------------------------
  I/O:          		   0.001 sec
  Partitioning: 		   0.001 sec   (METIS time)
  Reporting:    		   0.000 sec

Memory Information ----------------------------------------------------------
  Max memory used:		   0.074 MB
******************************************************************************
LEO22: 68.08005834437105: ['LEO11', 'LEO12', 'LEO13', 'LEO14', 'LEO15', 'LEO16', 'LEO17', 'LEO18', 'LEO19', 'LEO21', 'LEO22', 'LEO23', 'LEO24', 'LEO25', 'LEO26', 'LEO27', 'LEO28', 'LEO29', 'LEO36', 'LEO37', 'LEO38']
LEO49: 113.40393196072608: ['LEO31', 'LEO32', 'LEO33', 'LEO34', 'LEO35', 'LEO39', 'LEO45', 'LEO46', 'LEO47', 'LEO48', 'LEO49', 'LEO58', 'LEO59', 'LEO68', 'LEO69', 'LEO78', 'LEO79', 'LEO89']
LEO52: 29.306662833666383: ['LEO41', 'LEO42', 'LEO43', 'LEO44', 'LEO52', 'LEO53', 'LEO54', 'LEO55', 'LEO56', 'LEO57', 'LEO64', 'LEO65', 'LEO66', 'LEO67', 'LEO74', 'LEO75', 'LEO76', 'LEO84', 'LEO85', 'LEO86']
LEO61: 42.08169961817792: ['LEO51', 'LEO61', 'LEO62', 'LEO63', 'LEO71', 'LEO72', 'LEO73', 'LEO81', 'LEO82', 'LEO83']
LEO77: 10.48544567012479: ['LEO77', 'LEO87', 'LEO88']
sum_con_loads:  263.36
max_con_loads:  113.40
avg_setup_time: 223.88
