******************************************************************************
METIS 5.0 Copyright 1998-13, Regents of the University of Minnesota
 (HEAD: , Built on: Dec 17 2022, 08:18:35)
 size of idx_t: 64bits, real_t: 32bits, idx_t *: 64bits

Graph Information -----------------------------------------------------------
 Name: MetisTopos/1351, #Vertices: 72, #Edges: 127, #Parts: 8

Options ---------------------------------------------------------------------
 ptype=kway, objtype=cut, ctype=shem, rtype=greedy, iptype=metisrb
 dbglvl=0, ufactor=3.700, no2hop=NO, minconn=NO, contig=NO, nooutput=NO
 seed=-1, niter=10, ncuts=1

Direct k-way Partitioning ---------------------------------------------------
 - Edgecut: 4729, communication volume: 50.

 - Balance:
     constraint #0:  3.577 out of 0.455

 - Most overweight partition:
     pid: 7, actual: 5500, desired: 1537, ratio: 3.58.

 - Subdomain connectivity: max: 3, min: 0, avg: 1.50

 - There are 0 non-contiguous partitions.
   Total components after removing the cut edges: 4,
   max components: 1 for pid: 3.

Timing Information ----------------------------------------------------------
  I/O:          		   0.001 sec
  Partitioning: 		   0.001 sec   (METIS time)
  Reporting:    		   0.000 sec

Memory Information ----------------------------------------------------------
  Max memory used:		   0.074 MB
******************************************************************************
LEO32: 79.22597794092583: ['LEO11', 'LEO12', 'LEO13', 'LEO14', 'LEO15', 'LEO16', 'LEO17', 'LEO18', 'LEO19', 'LEO21', 'LEO22', 'LEO23', 'LEO24', 'LEO25', 'LEO26', 'LEO27', 'LEO28', 'LEO29', 'LEO31', 'LEO32', 'LEO33', 'LEO34', 'LEO35', 'LEO41', 'LEO42', 'LEO43', 'LEO44', 'LEO45', 'LEO52', 'LEO53', 'LEO54', 'LEO62', 'LEO63', 'LEO64', 'LEO65']
LEO37: 15.897378943147503: ['LEO36', 'LEO37', 'LEO46', 'LEO55', 'LEO56', 'LEO66', 'LEO76']
LEO59: 93.55535167887906: ['LEO38', 'LEO39', 'LEO47', 'LEO48', 'LEO49', 'LEO51', 'LEO57', 'LEO58', 'LEO59', 'LEO61', 'LEO67', 'LEO68', 'LEO69', 'LEO71', 'LEO77', 'LEO78', 'LEO79']
LEO72: 28.94090034537504: ['LEO72', 'LEO73', 'LEO74', 'LEO75', 'LEO81', 'LEO82', 'LEO83', 'LEO84', 'LEO85', 'LEO86', 'LEO87', 'LEO88', 'LEO89']
sum_con_loads:  217.62
max_con_loads:   93.56
avg_setup_time: 315.35
