******************************************************************************
METIS 5.0 Copyright 1998-13, Regents of the University of Minnesota
 (HEAD: , Built on: Dec 17 2022, 08:18:35)
 size of idx_t: 64bits, real_t: 32bits, idx_t *: 64bits

Graph Information -----------------------------------------------------------
 Name: MetisTopos/1351, #Vertices: 72, #Edges: 127, #Parts: 8

Options ---------------------------------------------------------------------
 ptype=kway, objtype=cut, ctype=shem, rtype=greedy, iptype=metisrb
 dbglvl=0, ufactor=1.400, no2hop=NO, minconn=NO, contig=YES, nooutput=NO
 seed=-1, niter=10, ncuts=1

Direct k-way Partitioning ---------------------------------------------------
 - Edgecut: 9436, communication volume: 79.

 - Balance:
     constraint #0:  1.301 out of 0.455

 - Most overweight partition:
     pid: 4, actual: 2000, desired: 1537, ratio: 1.30.

 - Subdomain connectivity: max: 6, min: 4, avg: 4.50

 - Each partition is contiguous.

Timing Information ----------------------------------------------------------
  I/O:          		   0.001 sec
  Partitioning: 		   0.002 sec   (METIS time)
  Reporting:    		   0.000 sec

Memory Information ----------------------------------------------------------
  Max memory used:		   0.071 MB
******************************************************************************
LEO32: 53.128121303673694: ['LEO11', 'LEO12', 'LEO21', 'LEO22', 'LEO32', 'LEO33']
LEO13: 28.20766845374751: ['LEO13', 'LEO14', 'LEO15', 'LEO16', 'LEO17', 'LEO18', 'LEO23', 'LEO24', 'LEO25', 'LEO26', 'LEO27', 'LEO28', 'LEO36']
LEO49: 70.3794054405124: ['LEO19', 'LEO29', 'LEO31', 'LEO39', 'LEO49', 'LEO59', 'LEO69']
LEO73: 32.93986927430835: ['LEO34', 'LEO35', 'LEO43', 'LEO44', 'LEO45', 'LEO46', 'LEO53', 'LEO54', 'LEO55', 'LEO56', 'LEO63', 'LEO64', 'LEO65', 'LEO66', 'LEO72', 'LEO73', 'LEO74', 'LEO75', 'LEO76', 'LEO82', 'LEO83', 'LEO84', 'LEO85', 'LEO86']
LEO48: 26.92287492966433: ['LEO37', 'LEO38', 'LEO47', 'LEO48']
LEO61: 39.248974945090374: ['LEO41', 'LEO42', 'LEO51', 'LEO52', 'LEO61', 'LEO62', 'LEO71', 'LEO81']
LEO58: 34.36417509952611: ['LEO57', 'LEO58', 'LEO67', 'LEO68']
LEO78: 26.315148453428545: ['LEO77', 'LEO78', 'LEO79', 'LEO87', 'LEO88', 'LEO89']
sum_con_loads:  311.51
max_con_loads:   70.38
avg_setup_time: 204.66
