******************************************************************************
METIS 5.0 Copyright 1998-13, Regents of the University of Minnesota
 (HEAD: , Built on: Dec 17 2022, 08:18:35)
 size of idx_t: 64bits, real_t: 32bits, idx_t *: 64bits

Graph Information -----------------------------------------------------------
 Name: MetisTopos/1351, #Vertices: 72, #Edges: 127, #Parts: 8

Options ---------------------------------------------------------------------
 ptype=kway, objtype=cut, ctype=shem, rtype=greedy, iptype=metisrb
 dbglvl=0, ufactor=1.600, no2hop=NO, minconn=NO, contig=NO, nooutput=NO
 seed=-1, niter=10, ncuts=1

Direct k-way Partitioning ---------------------------------------------------
 - Edgecut: 8918, communication volume: 74.

 - Balance:
     constraint #0:  1.431 out of 0.455

 - Most overweight partition:
     pid: 3, actual: 2200, desired: 1537, ratio: 1.43.

 - Subdomain connectivity: max: 6, min: 3, avg: 4.50

 - Each partition is contiguous.

Timing Information ----------------------------------------------------------
  I/O:          		   0.001 sec
  Partitioning: 		   0.002 sec   (METIS time)
  Reporting:    		   0.000 sec

Memory Information ----------------------------------------------------------
  Max memory used:		   0.070 MB
******************************************************************************
LEO49: 67.21850378839726: ['LEO11', 'LEO17', 'LEO18', 'LEO19', 'LEO27', 'LEO28', 'LEO29', 'LEO31', 'LEO38', 'LEO39', 'LEO49', 'LEO59']
LEO32: 54.216804564306955: ['LEO12', 'LEO13', 'LEO21', 'LEO22', 'LEO32', 'LEO41', 'LEO42']
LEO33: 30.169069048202388: ['LEO14', 'LEO15', 'LEO16', 'LEO23', 'LEO24', 'LEO25', 'LEO26', 'LEO33', 'LEO34', 'LEO35', 'LEO36', 'LEO43', 'LEO44', 'LEO45', 'LEO46', 'LEO53', 'LEO54', 'LEO55', 'LEO56']
LEO48: 22.993302167315257: ['LEO37', 'LEO47', 'LEO48']
LEO61: 40.65455832219705: ['LEO51', 'LEO52', 'LEO61', 'LEO62', 'LEO71', 'LEO72', 'LEO81', 'LEO82', 'LEO88', 'LEO89']
LEO58: 23.370841082969804: ['LEO57', 'LEO58']
LEO73: 22.72153654175517: ['LEO63', 'LEO64', 'LEO65', 'LEO66', 'LEO67', 'LEO73', 'LEO74', 'LEO75', 'LEO76', 'LEO77', 'LEO83', 'LEO84', 'LEO85', 'LEO86', 'LEO87']
LEO69: 39.853596152497985: ['LEO68', 'LEO69', 'LEO78', 'LEO79']
sum_con_loads:  301.20
max_con_loads:   67.22
avg_setup_time: 200.61
