0.02 , iter--1, SumLoad: 418.0720, MaxCon: LEO31, Load: 69.7981 
0.04 , iter--2, SumLoad: 414.1819, MaxCon: LEO41, Load: 69.7927 
0.07 , iter--3, SumLoad: 368.5112, MaxCon: LEO71, Load: 64.4026 
0.09 , iter--4, SumLoad: 357.2538, MaxCon: LEO11, Load: 61.7701 
0.12 , iter--5, SumLoad: 351.2201, MaxCon: LEO71, Load: 59.7918 
0.16 , iter--6, SumLoad: 353.7428, MaxCon: LEO11, Load: 58.7532 
0.20 , iter--7, SumLoad: 353.6885, MaxCon: LEO12, Load: 57.7081 
0.24 , iter--8, SumLoad: 354.0755, MaxCon: LEO61, Load: 55.6590 
0.28 , iter--9, SumLoad: 351.0030, MaxCon: LEO13, Load: 54.8746 
0.33 , iter-10, SumLoad: 351.0030, MaxCon: LEO13, Load: 54.8746 
LEO23: 54.874558071248785: ['LEO13', 'LEO14', 'LEO15', 'LEO16', 'LEO17', 'LEO18', 'LEO19', 'LEO43', 'LEO33', 'LEO23']
LEO21: 46.17307879427671: ['LEO21', 'LEO24', 'LEO25', 'LEO26', 'LEO27', 'LEO28', 'LEO29', 'LEO31', 'LEO39', 'LEO11', 'LEO12', 'LEO22']
LEO35: 24.20898414413996: ['LEO32', 'LEO34', 'LEO35', 'LEO36', 'LEO37', 'LEO38']
LEO41: 50.31938119251498: ['LEO41', 'LEO42', 'LEO45', 'LEO46', 'LEO47', 'LEO48', 'LEO49']
LEO51: 52.03757670744214: ['LEO51', 'LEO55', 'LEO56', 'LEO57', 'LEO58', 'LEO59']
LEO61: 54.63486661512963: ['LEO61', 'LEO65', 'LEO66', 'LEO67', 'LEO68', 'LEO69', 'LEO71', 'LEO79', 'LEO78']
LEO63: 52.9905172550886: ['LEO72', 'LEO73', 'LEO74', 'LEO75', 'LEO76', 'LEO77', 'LEO52', 'LEO53', 'LEO63', 'LEO62', 'LEO82', 'LEO64', 'LEO54', 'LEO44']
LEO83: 15.763989809105999: ['LEO81', 'LEO83', 'LEO84', 'LEO85', 'LEO86', 'LEO87', 'LEO88', 'LEO89']
sum_con_loads:  351.00
max_con_loads:   54.87
avg_setup_time: 252.90
