******************************************************************************
METIS 5.0 Copyright 1998-13, Regents of the University of Minnesota
 (HEAD: , Built on: Dec 17 2022, 08:18:35)
 size of idx_t: 64bits, real_t: 32bits, idx_t *: 64bits

Graph Information -----------------------------------------------------------
 Name: MetisTopos/995, #Vertices: 72, #Edges: 128, #Parts: 8

Options ---------------------------------------------------------------------
 ptype=kway, objtype=cut, ctype=shem, rtype=greedy, iptype=metisrb
 dbglvl=0, ufactor=1.100, no2hop=NO, minconn=NO, contig=YES, nooutput=NO
 seed=-1, niter=10, ncuts=1

Direct k-way Partitioning ---------------------------------------------------
 - Edgecut: 10350, communication volume: 72.

 - Balance:
     constraint #0:  1.124 out of 0.529

 - Most overweight partition:
     pid: 4, actual: 1700, desired: 1512, ratio: 1.12.

 - Subdomain connectivity: max: 6, min: 2, avg: 4.25

 - Each partition is contiguous.

Timing Information ----------------------------------------------------------
  I/O:          		   0.001 sec
  Partitioning: 		   0.002 sec   (METIS time)
  Reporting:    		   0.000 sec

Memory Information ----------------------------------------------------------
  Max memory used:		   0.070 MB
******************************************************************************
LEO39: 31.26609173241109: ['LEO11', 'LEO17', 'LEO18', 'LEO19', 'LEO26', 'LEO27', 'LEO28', 'LEO29', 'LEO37', 'LEO38', 'LEO39']
LEO32: 49.87069072916361: ['LEO12', 'LEO22', 'LEO32', 'LEO33', 'LEO34', 'LEO42', 'LEO43', 'LEO44', 'LEO53']
LEO13: 26.887111694645988: ['LEO13', 'LEO14', 'LEO15', 'LEO16', 'LEO23', 'LEO24', 'LEO25']
LEO41: 58.976623251828116: ['LEO21', 'LEO31', 'LEO41', 'LEO49', 'LEO51']
LEO78: 33.09903436972784: ['LEO35', 'LEO36', 'LEO45', 'LEO46', 'LEO47', 'LEO54', 'LEO55', 'LEO56', 'LEO57', 'LEO64', 'LEO65', 'LEO66', 'LEO67', 'LEO68', 'LEO71', 'LEO75', 'LEO76', 'LEO77', 'LEO78', 'LEO79', 'LEO81', 'LEO84', 'LEO85', 'LEO86', 'LEO87', 'LEO88', 'LEO89']
LEO59: 40.03661534710932: ['LEO48', 'LEO58', 'LEO59', 'LEO69']
LEO62: 54.336226286537624: ['LEO52', 'LEO61', 'LEO62', 'LEO63', 'LEO72']
LEO73: 33.29884674703521: ['LEO73', 'LEO74', 'LEO82', 'LEO83']
sum_con_loads:  327.77
max_con_loads:   58.98
avg_setup_time: 189.57
