******************************************************************************
METIS 5.0 Copyright 1998-13, Regents of the University of Minnesota
 (HEAD: , Built on: Dec 17 2022, 08:18:35)
 size of idx_t: 64bits, real_t: 32bits, idx_t *: 64bits

Graph Information -----------------------------------------------------------
 Name: MetisTopos/995, #Vertices: 72, #Edges: 128, #Parts: 8

Options ---------------------------------------------------------------------
 ptype=kway, objtype=cut, ctype=shem, rtype=greedy, iptype=metisrb
 dbglvl=0, ufactor=2.000, no2hop=NO, minconn=NO, contig=NO, nooutput=NO
 seed=-1, niter=10, ncuts=1

Direct k-way Partitioning ---------------------------------------------------
 - Edgecut: 7817, communication volume: 86.

 - Balance:
     constraint #0:  1.917 out of 0.529

 - Most overweight partition:
     pid: 5, actual: 2900, desired: 1512, ratio: 1.92.

 - Subdomain connectivity: max: 5, min: 4, avg: 4.50

 - Each partition is contiguous.

Timing Information ----------------------------------------------------------
  I/O:          		   0.001 sec
  Partitioning: 		   0.001 sec   (METIS time)
  Reporting:    		   0.000 sec

Memory Information ----------------------------------------------------------
  Max memory used:		   0.070 MB
******************************************************************************
LEO11: 16.395750524717876: ['LEO11', 'LEO14', 'LEO15', 'LEO16', 'LEO17', 'LEO18', 'LEO19', 'LEO24']
LEO32: 46.152884944426674: ['LEO12', 'LEO13', 'LEO22', 'LEO23', 'LEO32', 'LEO33']
LEO21: 19.150294599143447: ['LEO21', 'LEO29']
LEO78: 24.705517910313432: ['LEO25', 'LEO26', 'LEO35', 'LEO36', 'LEO45', 'LEO55', 'LEO56', 'LEO65', 'LEO66', 'LEO67', 'LEO71', 'LEO75', 'LEO76', 'LEO77', 'LEO78', 'LEO79', 'LEO81', 'LEO85', 'LEO86', 'LEO87', 'LEO88', 'LEO89']
LEO38: 23.408852540726148: ['LEO27', 'LEO28', 'LEO37', 'LEO38', 'LEO46', 'LEO47', 'LEO48', 'LEO57', 'LEO58']
LEO59: 67.8843212993655: ['LEO31', 'LEO39', 'LEO41', 'LEO49', 'LEO51', 'LEO59', 'LEO68', 'LEO69']
LEO64: 19.350723393506357: ['LEO34', 'LEO43', 'LEO44', 'LEO53', 'LEO54', 'LEO64', 'LEO74']
LEO62: 59.82080582098109: ['LEO42', 'LEO52', 'LEO61', 'LEO62', 'LEO63', 'LEO72', 'LEO73', 'LEO82', 'LEO83', 'LEO84']
sum_con_loads:  276.87
max_con_loads:   67.88
avg_setup_time: 201.90
