******************************************************************************
METIS 5.0 Copyright 1998-13, Regents of the University of Minnesota
 (HEAD: , Built on: Dec 17 2022, 08:18:35)
 size of idx_t: 64bits, real_t: 32bits, idx_t *: 64bits

Graph Information -----------------------------------------------------------
 Name: MetisTopos/995, #Vertices: 72, #Edges: 128, #Parts: 8

Options ---------------------------------------------------------------------
 ptype=kway, objtype=cut, ctype=shem, rtype=greedy, iptype=metisrb
 dbglvl=0, ufactor=1.100, no2hop=NO, minconn=NO, contig=NO, nooutput=NO
 seed=-1, niter=10, ncuts=1

Direct k-way Partitioning ---------------------------------------------------
 - Edgecut: 10849, communication volume: 85.

 - Balance:
     constraint #0:  1.058 out of 0.529

 - Most overweight partition:
     pid: 3, actual: 1600, desired: 1512, ratio: 1.06.

 - Subdomain connectivity: max: 6, min: 3, avg: 4.50

 - There are 1 non-contiguous partitions.
   Total components after removing the cut edges: 10,
   max components: 3 for pid: 1.

Timing Information ----------------------------------------------------------
  I/O:          		   0.001 sec
  Partitioning: 		   0.002 sec   (METIS time)
  Reporting:    		   0.000 sec

Memory Information ----------------------------------------------------------
  Max memory used:		   0.070 MB
******************************************************************************
LEO39: 31.26609173241109: ['LEO11', 'LEO18', 'LEO19', 'LEO28', 'LEO29', 'LEO38', 'LEO39', 'LEO48']
LEO32: 46.73106573781652: ['LEO12', 'LEO13', 'LEO22', 'LEO23', 'LEO32', 'LEO42']
LEO33: 33.696398956977056: ['LEO14', 'LEO15', 'LEO16', 'LEO33', 'LEO64', 'LEO74']
LEO73: 43.65368850970114: ['LEO17', 'LEO24', 'LEO25', 'LEO26', 'LEO27', 'LEO34', 'LEO35', 'LEO36', 'LEO37', 'LEO43', 'LEO44', 'LEO45', 'LEO46', 'LEO47', 'LEO53', 'LEO54', 'LEO55', 'LEO56', 'LEO57', 'LEO65', 'LEO66', 'LEO73', 'LEO75', 'LEO76', 'LEO81', 'LEO82', 'LEO83', 'LEO84', 'LEO85', 'LEO86', 'LEO87', 'LEO88', 'LEO89']
LEO41: 58.976623251828116: ['LEO21', 'LEO31', 'LEO41', 'LEO49', 'LEO51']
LEO62: 54.336226286537624: ['LEO52', 'LEO61', 'LEO62', 'LEO63', 'LEO72']
LEO59: 40.03661534710932: ['LEO58', 'LEO59', 'LEO69']
LEO78: 28.96508007751737: ['LEO67', 'LEO68', 'LEO71', 'LEO77', 'LEO78', 'LEO79']
sum_con_loads:  337.66
max_con_loads:   58.98
avg_setup_time: 215.54
