******************************************************************************
METIS 5.0 Copyright 1998-13, Regents of the University of Minnesota
 (HEAD: , Built on: Dec 17 2022, 08:18:35)
 size of idx_t: 64bits, real_t: 32bits, idx_t *: 64bits

Graph Information -----------------------------------------------------------
 Name: MetisTopos/995, #Vertices: 72, #Edges: 128, #Parts: 8

Options ---------------------------------------------------------------------
 ptype=kway, objtype=cut, ctype=shem, rtype=greedy, iptype=metisrb
 dbglvl=0, ufactor=2.200, no2hop=NO, minconn=NO, contig=YES, nooutput=NO
 seed=-1, niter=10, ncuts=1

Direct k-way Partitioning ---------------------------------------------------
 - Edgecut: 8140, communication volume: 69.

 - Balance:
     constraint #0:  2.182 out of 0.529

 - Most overweight partition:
     pid: 7, actual: 3300, desired: 1512, ratio: 2.18.

 - Subdomain connectivity: max: 5, min: 0, avg: 3.50

 - There are 0 non-contiguous partitions.
   Total components after removing the cut edges: 7,
   max components: 1 for pid: 1.

Timing Information ----------------------------------------------------------
  I/O:          		   0.001 sec
  Partitioning: 		   0.002 sec   (METIS time)
  Reporting:    		   0.000 sec

Memory Information ----------------------------------------------------------
  Max memory used:		   0.070 MB
******************************************************************************
LEO32: 55.779101773193645: ['LEO11', 'LEO12', 'LEO22', 'LEO23', 'LEO24', 'LEO25', 'LEO26', 'LEO32', 'LEO33', 'LEO34', 'LEO35', 'LEO42', 'LEO43', 'LEO44', 'LEO45', 'LEO55']
LEO13: 15.781455129859818: ['LEO13', 'LEO14', 'LEO15']
LEO39: 23.238612030729048: ['LEO16', 'LEO17', 'LEO18', 'LEO19', 'LEO27', 'LEO28', 'LEO29', 'LEO36', 'LEO37', 'LEO38', 'LEO39', 'LEO46', 'LEO47', 'LEO48']
LEO51: 94.2869724494606: ['LEO21', 'LEO31', 'LEO41', 'LEO49', 'LEO51', 'LEO52', 'LEO59', 'LEO61', 'LEO62', 'LEO69']
LEO72: 50.817850409438094: ['LEO53', 'LEO54', 'LEO63', 'LEO64', 'LEO72', 'LEO73', 'LEO74', 'LEO81', 'LEO82', 'LEO83', 'LEO84']
LEO68: 24.299396055300498: ['LEO56', 'LEO57', 'LEO58', 'LEO65', 'LEO66', 'LEO67', 'LEO68', 'LEO75', 'LEO76', 'LEO77', 'LEO85', 'LEO86', 'LEO87']
LEO79: 19.37476542251883: ['LEO71', 'LEO78', 'LEO79', 'LEO88', 'LEO89']
sum_con_loads:  283.58
max_con_loads:   94.29
avg_setup_time: 310.53
