******************************************************************************
METIS 5.0 Copyright 1998-13, Regents of the University of Minnesota
 (HEAD: , Built on: Dec 17 2022, 08:18:35)
 size of idx_t: 64bits, real_t: 32bits, idx_t *: 64bits

Graph Information -----------------------------------------------------------
 Name: MetisTopos/995, #Vertices: 72, #Edges: 128, #Parts: 8

Options ---------------------------------------------------------------------
 ptype=kway, objtype=cut, ctype=shem, rtype=greedy, iptype=metisrb
 dbglvl=0, ufactor=2.300, no2hop=NO, minconn=NO, contig=NO, nooutput=NO
 seed=-1, niter=10, ncuts=1

Direct k-way Partitioning ---------------------------------------------------
 - Edgecut: 7878, communication volume: 80.

 - Balance:
     constraint #0:  2.050 out of 0.529

 - Most overweight partition:
     pid: 7, actual: 3100, desired: 1512, ratio: 2.05.

 - Subdomain connectivity: max: 6, min: 0, avg: 3.75

 - Each partition is contiguous.

Timing Information ----------------------------------------------------------
  I/O:          		   0.001 sec
  Partitioning: 		   0.002 sec   (METIS time)
  Reporting:    		   0.000 sec

Memory Information ----------------------------------------------------------
  Max memory used:		   0.070 MB
******************************************************************************
LEO22: 35.86931494300152: ['LEO11', 'LEO12', 'LEO13', 'LEO14', 'LEO15', 'LEO22', 'LEO23']
LEO58: 17.789979081288294: ['LEO16', 'LEO17', 'LEO18', 'LEO19', 'LEO46', 'LEO47', 'LEO48', 'LEO56', 'LEO57', 'LEO58', 'LEO66', 'LEO67', 'LEO76', 'LEO77', 'LEO86', 'LEO87']
LEO41: 65.92306289901369: ['LEO21', 'LEO26', 'LEO27', 'LEO28', 'LEO29', 'LEO31', 'LEO37', 'LEO38', 'LEO39', 'LEO41', 'LEO49', 'LEO51', 'LEO59']
LEO75: 19.293091599109893: ['LEO24', 'LEO25', 'LEO34', 'LEO35', 'LEO36', 'LEO44', 'LEO45', 'LEO54', 'LEO55', 'LEO64', 'LEO65', 'LEO74', 'LEO75', 'LEO84', 'LEO85']
LEO32: 41.82632910004544: ['LEO32', 'LEO33']
LEO62: 60.25184030373971: ['LEO42', 'LEO43', 'LEO52', 'LEO53', 'LEO61', 'LEO62', 'LEO63', 'LEO72', 'LEO73', 'LEO81', 'LEO82', 'LEO83']
LEO69: 37.166365034345176: ['LEO68', 'LEO69', 'LEO71', 'LEO78', 'LEO79', 'LEO88', 'LEO89']
sum_con_loads:  278.12
max_con_loads:   65.92
avg_setup_time: 190.16
