******************************************************************************
METIS 5.0 Copyright 1998-13, Regents of the University of Minnesota
 (HEAD: , Built on: Dec 17 2022, 08:18:35)
 size of idx_t: 64bits, real_t: 32bits, idx_t *: 64bits

Graph Information -----------------------------------------------------------
 Name: MetisTopos/995, #Vertices: 72, #Edges: 128, #Parts: 8

Options ---------------------------------------------------------------------
 ptype=kway, objtype=cut, ctype=shem, rtype=greedy, iptype=metisrb
 dbglvl=0, ufactor=2.400, no2hop=NO, minconn=NO, contig=NO, nooutput=NO
 seed=-1, niter=10, ncuts=1

Direct k-way Partitioning ---------------------------------------------------
 - Edgecut: 7181, communication volume: 64.

 - Balance:
     constraint #0:  2.380 out of 0.529

 - Most overweight partition:
     pid: 5, actual: 3600, desired: 1512, ratio: 2.38.

 - Subdomain connectivity: max: 5, min: 0, avg: 3.00

 - Each partition is contiguous.

Timing Information ----------------------------------------------------------
  I/O:          		   0.001 sec
  Partitioning: 		   0.001 sec   (METIS time)
  Reporting:    		   0.000 sec

Memory Information ----------------------------------------------------------
  Max memory used:		   0.070 MB
******************************************************************************
LEO32: 49.47158629009162: ['LEO11', 'LEO12', 'LEO13', 'LEO14', 'LEO15', 'LEO22', 'LEO23', 'LEO32']
LEO41: 63.25513103916089: ['LEO16', 'LEO17', 'LEO18', 'LEO27', 'LEO28', 'LEO31', 'LEO37', 'LEO38', 'LEO39', 'LEO41', 'LEO47', 'LEO48', 'LEO49', 'LEO51', 'LEO57', 'LEO58', 'LEO59']
LEO21: 19.150294599143447: ['LEO19', 'LEO21', 'LEO29']
LEO33: 18.837000302875236: ['LEO24', 'LEO25', 'LEO26', 'LEO33', 'LEO34', 'LEO35', 'LEO36', 'LEO46']
LEO62: 67.73200572126676: ['LEO42', 'LEO43', 'LEO44', 'LEO45', 'LEO52', 'LEO53', 'LEO54', 'LEO55', 'LEO56', 'LEO61', 'LEO62', 'LEO63', 'LEO64', 'LEO65', 'LEO66', 'LEO67', 'LEO72', 'LEO73', 'LEO74', 'LEO75', 'LEO76', 'LEO77', 'LEO82', 'LEO83', 'LEO84', 'LEO85', 'LEO86', 'LEO87']
LEO69: 26.535554206736435: ['LEO68', 'LEO69']
LEO79: 19.37476542251883: ['LEO71', 'LEO78', 'LEO79', 'LEO81', 'LEO88', 'LEO89']
sum_con_loads:  264.36
max_con_loads:   67.73
avg_setup_time: 186.17
