******************************************************************************
METIS 5.0 Copyright 1998-13, Regents of the University of Minnesota
 (HEAD: , Built on: Dec 17 2022, 08:18:35)
 size of idx_t: 64bits, real_t: 32bits, idx_t *: 64bits

Graph Information -----------------------------------------------------------
 Name: MetisTopos/995, #Vertices: 72, #Edges: 128, #Parts: 8

Options ---------------------------------------------------------------------
 ptype=kway, objtype=cut, ctype=shem, rtype=greedy, iptype=metisrb
 dbglvl=0, ufactor=1.200, no2hop=NO, minconn=NO, contig=YES, nooutput=NO
 seed=-1, niter=10, ncuts=1

Direct k-way Partitioning ---------------------------------------------------
 - Edgecut: 9758, communication volume: 75.

 - Balance:
     constraint #0:  1.190 out of 0.529

 - Most overweight partition:
     pid: 5, actual: 1800, desired: 1512, ratio: 1.19.

 - Subdomain connectivity: max: 6, min: 3, avg: 4.50

 - Each partition is contiguous.

Timing Information ----------------------------------------------------------
  I/O:          		   0.001 sec
  Partitioning: 		   0.002 sec   (METIS time)
  Reporting:    		   0.000 sec

Memory Information ----------------------------------------------------------
  Max memory used:		   0.071 MB
******************************************************************************
LEO39: 31.266091732411095: ['LEO11', 'LEO17', 'LEO18', 'LEO19', 'LEO27', 'LEO28', 'LEO29', 'LEO37', 'LEO38', 'LEO39', 'LEO46', 'LEO47', 'LEO48']
LEO32: 46.73106573781652: ['LEO12', 'LEO13', 'LEO22', 'LEO23', 'LEO32', 'LEO42']
LEO33: 25.768664843833403: ['LEO14', 'LEO15', 'LEO16', 'LEO24', 'LEO25', 'LEO26', 'LEO33', 'LEO34', 'LEO35', 'LEO36', 'LEO43', 'LEO44', 'LEO45', 'LEO53', 'LEO54', 'LEO55']
LEO41: 58.976623251828116: ['LEO21', 'LEO31', 'LEO41', 'LEO49', 'LEO51']
LEO62: 54.84646527400871: ['LEO52', 'LEO61', 'LEO62', 'LEO63', 'LEO71', 'LEO72', 'LEO73']
LEO78: 30.604639195005678: ['LEO56', 'LEO57', 'LEO66', 'LEO67', 'LEO68', 'LEO76', 'LEO77', 'LEO78', 'LEO79', 'LEO81', 'LEO86', 'LEO87', 'LEO88', 'LEO89']
LEO59: 40.03661534710932: ['LEO58', 'LEO59', 'LEO69']
LEO82: 27.675994563223057: ['LEO64', 'LEO65', 'LEO74', 'LEO75', 'LEO82', 'LEO83', 'LEO84', 'LEO85']
sum_con_loads:  315.91
max_con_loads:   58.98
avg_setup_time: 189.23
