******************************************************************************
METIS 5.0 Copyright 1998-13, Regents of the University of Minnesota
 (HEAD: , Built on: Dec 17 2022, 08:18:35)
 size of idx_t: 64bits, real_t: 32bits, idx_t *: 64bits

Graph Information -----------------------------------------------------------
 Name: MetisTopos/995, #Vertices: 72, #Edges: 128, #Parts: 8

Options ---------------------------------------------------------------------
 ptype=kway, objtype=cut, ctype=shem, rtype=greedy, iptype=metisrb
 dbglvl=0, ufactor=3.100, no2hop=NO, minconn=NO, contig=YES, nooutput=NO
 seed=-1, niter=10, ncuts=1

Direct k-way Partitioning ---------------------------------------------------
 - Edgecut: 6654, communication volume: 73.

 - Balance:
     constraint #0:  3.041 out of 0.529

 - Most overweight partition:
     pid: 7, actual: 4600, desired: 1512, ratio: 3.04.

 - Subdomain connectivity: max: 6, min: 0, avg: 3.75

 - There are 0 non-contiguous partitions.
   Total components after removing the cut edges: 7,
   max components: 1 for pid: 0.

Timing Information ----------------------------------------------------------
  I/O:          		   0.001 sec
  Partitioning: 		   0.001 sec   (METIS time)
  Reporting:    		   0.000 sec

Memory Information ----------------------------------------------------------
  Max memory used:		   0.071 MB
******************************************************************************
LEO42: 94.6331509126692: ['LEO11', 'LEO12', 'LEO21', 'LEO22', 'LEO23', 'LEO31', 'LEO32', 'LEO33', 'LEO41', 'LEO42', 'LEO43', 'LEO51', 'LEO52', 'LEO61', 'LEO62', 'LEO72', 'LEO82', 'LEO83', 'LEO84']
LEO13: 23.910859230256104: ['LEO13', 'LEO14', 'LEO15', 'LEO16', 'LEO24', 'LEO25', 'LEO34', 'LEO35', 'LEO36', 'LEO44', 'LEO45', 'LEO46']
LEO39: 23.238612030729044: ['LEO17', 'LEO18', 'LEO19', 'LEO26', 'LEO27', 'LEO28', 'LEO29', 'LEO37', 'LEO38', 'LEO39']
LEO68: 16.285069891134047: ['LEO47', 'LEO55', 'LEO56', 'LEO57', 'LEO65', 'LEO66', 'LEO67', 'LEO68', 'LEO75', 'LEO76', 'LEO77', 'LEO85', 'LEO86', 'LEO87']
LEO59: 51.612800458464974: ['LEO48', 'LEO49', 'LEO58', 'LEO59', 'LEO69']
LEO73: 25.08255534516241: ['LEO53', 'LEO54', 'LEO63', 'LEO64', 'LEO73', 'LEO74']
LEO79: 19.37476542251883: ['LEO71', 'LEO78', 'LEO79', 'LEO81', 'LEO88', 'LEO89']
sum_con_loads:  254.14
max_con_loads:   94.63
avg_setup_time: 311.16
