******************************************************************************
METIS 5.0 Copyright 1998-13, Regents of the University of Minnesota
 (HEAD: , Built on: Dec 17 2022, 08:18:35)
 size of idx_t: 64bits, real_t: 32bits, idx_t *: 64bits

Graph Information -----------------------------------------------------------
 Name: MetisTopos/995, #Vertices: 72, #Edges: 128, #Parts: 8

Options ---------------------------------------------------------------------
 ptype=kway, objtype=cut, ctype=shem, rtype=greedy, iptype=metisrb
 dbglvl=0, ufactor=3.700, no2hop=NO, minconn=NO, contig=NO, nooutput=NO
 seed=-1, niter=10, ncuts=1

Direct k-way Partitioning ---------------------------------------------------
 - Edgecut: 5715, communication volume: 49.

 - Balance:
     constraint #0:  3.570 out of 0.529

 - Most overweight partition:
     pid: 7, actual: 5400, desired: 1512, ratio: 3.57.

 - Subdomain connectivity: max: 3, min: 0, avg: 1.50

 - There are 0 non-contiguous partitions.
   Total components after removing the cut edges: 4,
   max components: 1 for pid: 3.

Timing Information ----------------------------------------------------------
  I/O:          		   0.001 sec
  Partitioning: 		   0.001 sec   (METIS time)
  Reporting:    		   0.000 sec

Memory Information ----------------------------------------------------------
  Max memory used:		   0.074 MB
******************************************************************************
LEO21: 67.94061949930747: ['LEO11', 'LEO12', 'LEO13', 'LEO14', 'LEO15', 'LEO16', 'LEO17', 'LEO18', 'LEO19', 'LEO21', 'LEO24', 'LEO25', 'LEO26', 'LEO27', 'LEO28', 'LEO29', 'LEO34', 'LEO35', 'LEO36', 'LEO37', 'LEO38', 'LEO39', 'LEO45', 'LEO46', 'LEO47', 'LEO48', 'LEO55', 'LEO56', 'LEO57', 'LEO58']
LEO52: 106.51320249533957: ['LEO22', 'LEO23', 'LEO31', 'LEO32', 'LEO33', 'LEO41', 'LEO42', 'LEO49', 'LEO51', 'LEO52', 'LEO59', 'LEO61', 'LEO62', 'LEO69', 'LEO71', 'LEO72', 'LEO82']
LEO73: 30.46405768687525: ['LEO43', 'LEO44', 'LEO53', 'LEO54', 'LEO63', 'LEO64', 'LEO65', 'LEO73', 'LEO74', 'LEO75', 'LEO83', 'LEO84', 'LEO85']
LEO78: 30.26128523096206: ['LEO66', 'LEO67', 'LEO68', 'LEO76', 'LEO77', 'LEO78', 'LEO79', 'LEO81', 'LEO86', 'LEO87', 'LEO88', 'LEO89']
sum_con_loads:  235.18
max_con_loads:  106.51
avg_setup_time: 197.22
