******************************************************************************
METIS 5.0 Copyright 1998-13, Regents of the University of Minnesota
 (HEAD: , Built on: Dec 17 2022, 08:18:35)
 size of idx_t: 64bits, real_t: 32bits, idx_t *: 64bits

Graph Information -----------------------------------------------------------
 Name: MetisTopos/995, #Vertices: 72, #Edges: 128, #Parts: 8

Options ---------------------------------------------------------------------
 ptype=kway, objtype=cut, ctype=shem, rtype=greedy, iptype=metisrb
 dbglvl=0, ufactor=3.800, no2hop=NO, minconn=NO, contig=NO, nooutput=NO
 seed=-1, niter=10, ncuts=1

Direct k-way Partitioning ---------------------------------------------------
 - Edgecut: 5828, communication volume: 44.

 - Balance:
     constraint #0:  4.033 out of 0.529

 - Most overweight partition:
     pid: 6, actual: 6100, desired: 1512, ratio: 4.03.

 - Subdomain connectivity: max: 1, min: 0, avg: 0.25

 - There are 1 non-contiguous partitions.
   Total components after removing the cut edges: 7,
   max components: 6 for pid: 6.

Timing Information ----------------------------------------------------------
  I/O:          		   0.001 sec
  Partitioning: 		   0.001 sec   (METIS time)
  Reporting:    		   0.000 sec

Memory Information ----------------------------------------------------------
  Max memory used:		   0.075 MB
******************************************************************************
LEO52: 118.10347981150231: ['LEO11', 'LEO12', 'LEO13', 'LEO15', 'LEO16', 'LEO17', 'LEO18', 'LEO19', 'LEO21', 'LEO22', 'LEO23', 'LEO24', 'LEO25', 'LEO26', 'LEO27', 'LEO28', 'LEO31', 'LEO32', 'LEO35', 'LEO36', 'LEO37', 'LEO39', 'LEO41', 'LEO42', 'LEO43', 'LEO44', 'LEO45', 'LEO46', 'LEO47', 'LEO48', 'LEO49', 'LEO51', 'LEO52', 'LEO53', 'LEO54', 'LEO55', 'LEO56', 'LEO57', 'LEO59', 'LEO61', 'LEO62', 'LEO64', 'LEO65', 'LEO66', 'LEO67', 'LEO69', 'LEO71', 'LEO72', 'LEO75', 'LEO76', 'LEO81', 'LEO82', 'LEO84', 'LEO85', 'LEO86', 'LEO87', 'LEO88', 'LEO89']
LEO63: 119.15192297267616: ['LEO14', 'LEO29', 'LEO33', 'LEO34', 'LEO38', 'LEO58', 'LEO63', 'LEO68', 'LEO73', 'LEO74', 'LEO77', 'LEO78', 'LEO79', 'LEO83']
sum_con_loads:  237.26
max_con_loads:  119.15
avg_setup_time: 247.46
