******************************************************************************
METIS 5.0 Copyright 1998-13, Regents of the University of Minnesota
 (HEAD: , Built on: Dec 17 2022, 08:18:35)
 size of idx_t: 64bits, real_t: 32bits, idx_t *: 64bits

Graph Information -----------------------------------------------------------
 Name: MetisTopos/995, #Vertices: 72, #Edges: 128, #Parts: 8

Options ---------------------------------------------------------------------
 ptype=kway, objtype=cut, ctype=shem, rtype=greedy, iptype=metisrb
 dbglvl=0, ufactor=1.300, no2hop=NO, minconn=NO, contig=NO, nooutput=NO
 seed=-1, niter=10, ncuts=1

Direct k-way Partitioning ---------------------------------------------------
 - Edgecut: 9886, communication volume: 74.

 - Balance:
     constraint #0:  1.124 out of 0.529

 - Most overweight partition:
     pid: 1, actual: 1700, desired: 1512, ratio: 1.12.

 - Subdomain connectivity: max: 6, min: 3, avg: 4.25

 - Each partition is contiguous.

Timing Information ----------------------------------------------------------
  I/O:          		   0.001 sec
  Partitioning: 		   0.002 sec   (METIS time)
  Reporting:    		   0.000 sec

Memory Information ----------------------------------------------------------
  Max memory used:		   0.070 MB
******************************************************************************
LEO32: 47.890840854963784: ['LEO11', 'LEO12', 'LEO13', 'LEO22', 'LEO23', 'LEO32']
LEO33: 26.788101111988578: ['LEO14', 'LEO15', 'LEO16', 'LEO17', 'LEO24', 'LEO25', 'LEO26', 'LEO27', 'LEO33', 'LEO34', 'LEO35', 'LEO36', 'LEO37', 'LEO43', 'LEO44', 'LEO45', 'LEO46', 'LEO47', 'LEO53']
LEO39: 23.238612030729044: ['LEO18', 'LEO19', 'LEO28', 'LEO29', 'LEO38', 'LEO39', 'LEO48']
LEO41: 58.976623251828116: ['LEO21', 'LEO31', 'LEO41', 'LEO49', 'LEO51']
LEO62: 56.58392781908495: ['LEO42', 'LEO52', 'LEO61', 'LEO62', 'LEO63', 'LEO71', 'LEO72']
LEO73: 35.87939707974928: ['LEO54', 'LEO55', 'LEO56', 'LEO57', 'LEO64', 'LEO65', 'LEO66', 'LEO73', 'LEO74', 'LEO75', 'LEO76', 'LEO82', 'LEO83', 'LEO84', 'LEO85', 'LEO86']
LEO59: 40.03661534710932: ['LEO58', 'LEO59', 'LEO69']
LEO78: 28.96508007751737: ['LEO67', 'LEO68', 'LEO77', 'LEO78', 'LEO79', 'LEO81', 'LEO87', 'LEO88', 'LEO89']
sum_con_loads:  318.36
max_con_loads:   58.98
avg_setup_time: 190.70
