******************************************************************************
METIS 5.0 Copyright 1998-13, Regents of the University of Minnesota
 (HEAD: , Built on: Dec 17 2022, 08:18:35)
 size of idx_t: 64bits, real_t: 32bits, idx_t *: 64bits

Graph Information -----------------------------------------------------------
 Name: MetisTopos/995, #Vertices: 72, #Edges: 128, #Parts: 8

Options ---------------------------------------------------------------------
 ptype=kway, objtype=cut, ctype=shem, rtype=greedy, iptype=metisrb
 dbglvl=0, ufactor=1.500, no2hop=NO, minconn=NO, contig=NO, nooutput=NO
 seed=-1, niter=10, ncuts=1

Direct k-way Partitioning ---------------------------------------------------
 - Edgecut: 8822, communication volume: 79.

 - Balance:
     constraint #0:  1.455 out of 0.529

 - Most overweight partition:
     pid: 7, actual: 2200, desired: 1512, ratio: 1.45.

 - Subdomain connectivity: max: 5, min: 4, avg: 4.50

 - Each partition is contiguous.

Timing Information ----------------------------------------------------------
  I/O:          		   0.001 sec
  Partitioning: 		   0.001 sec   (METIS time)
  Reporting:    		   0.000 sec

Memory Information ----------------------------------------------------------
  Max memory used:		   0.070 MB
******************************************************************************
LEO32: 50.070546265279084: ['LEO11', 'LEO12', 'LEO13', 'LEO22', 'LEO23', 'LEO32', 'LEO33']
LEO34: 18.12883820748239: ['LEO14', 'LEO15', 'LEO16', 'LEO24', 'LEO25', 'LEO26', 'LEO34', 'LEO35', 'LEO36', 'LEO43', 'LEO44', 'LEO45', 'LEO46', 'LEO53', 'LEO54', 'LEO55', 'LEO65']
LEO39: 23.238612030729044: ['LEO17', 'LEO18', 'LEO19', 'LEO27', 'LEO28', 'LEO29', 'LEO37', 'LEO38', 'LEO39']
LEO41: 61.62261076227458: ['LEO21', 'LEO31', 'LEO41', 'LEO49', 'LEO51', 'LEO59']
LEO62: 57.09416680655603: ['LEO42', 'LEO52', 'LEO61', 'LEO62', 'LEO63', 'LEO72', 'LEO73']
LEO68: 23.751783073438535: ['LEO47', 'LEO48', 'LEO56', 'LEO57', 'LEO58', 'LEO66', 'LEO67', 'LEO68', 'LEO76', 'LEO77', 'LEO86', 'LEO87']
LEO82: 27.675994563223057: ['LEO64', 'LEO74', 'LEO75', 'LEO81', 'LEO82', 'LEO83', 'LEO84', 'LEO85']
LEO69: 35.58561959921734: ['LEO69', 'LEO71', 'LEO78', 'LEO79', 'LEO88', 'LEO89']
sum_con_loads:  297.17
max_con_loads:   61.62
avg_setup_time: 188.46
