******************************************************************************
METIS 5.0 Copyright 1998-13, Regents of the University of Minnesota
 (HEAD: , Built on: Dec 17 2022, 08:18:35)
 size of idx_t: 64bits, real_t: 32bits, idx_t *: 64bits

Graph Information -----------------------------------------------------------
 Name: MetisTopos/995, #Vertices: 72, #Edges: 128, #Parts: 8

Options ---------------------------------------------------------------------
 ptype=kway, objtype=cut, ctype=shem, rtype=greedy, iptype=metisrb
 dbglvl=0, ufactor=1.600, no2hop=NO, minconn=NO, contig=YES, nooutput=NO
 seed=-1, niter=10, ncuts=1

Direct k-way Partitioning ---------------------------------------------------
 - Edgecut: 10819, communication volume: 75.

 - Balance:
     constraint #0:  1.521 out of 0.529

 - Most overweight partition:
     pid: 6, actual: 2300, desired: 1512, ratio: 1.52.

 - Subdomain connectivity: max: 5, min: 2, avg: 4.00

 - Each partition is contiguous.

Timing Information ----------------------------------------------------------
  I/O:          		   0.001 sec
  Partitioning: 		   0.002 sec   (METIS time)
  Reporting:    		   0.000 sec

Memory Information ----------------------------------------------------------
  Max memory used:		   0.070 MB
******************************************************************************
LEO22: 54.54514398839872: ['LEO11', 'LEO12', 'LEO19', 'LEO22', 'LEO29', 'LEO32']
LEO13: 25.576970166530685: ['LEO13', 'LEO14', 'LEO15', 'LEO16', 'LEO24', 'LEO25', 'LEO34', 'LEO35', 'LEO43', 'LEO44', 'LEO45', 'LEO46', 'LEO53']
LEO31: 46.10011137288401: ['LEO17', 'LEO18', 'LEO21', 'LEO26', 'LEO27', 'LEO28', 'LEO31', 'LEO36', 'LEO37', 'LEO38', 'LEO39', 'LEO47', 'LEO48']
LEO33: 26.272025771023497: ['LEO23', 'LEO33']
LEO51: 56.85811469710478: ['LEO41', 'LEO49', 'LEO51', 'LEO58', 'LEO59']
LEO62: 58.49218221220655: ['LEO42', 'LEO52', 'LEO61', 'LEO62', 'LEO63', 'LEO72', 'LEO82']
LEO73: 42.64778288317601: ['LEO54', 'LEO55', 'LEO56', 'LEO57', 'LEO64', 'LEO65', 'LEO66', 'LEO67', 'LEO71', 'LEO73', 'LEO74', 'LEO75', 'LEO76', 'LEO77', 'LEO78', 'LEO79', 'LEO81', 'LEO83', 'LEO84', 'LEO85', 'LEO86', 'LEO87', 'LEO88', 'LEO89']
LEO69: 26.535554206736435: ['LEO68', 'LEO69']
sum_con_loads:  337.03
max_con_loads:   58.49
avg_setup_time: 206.89
