******************************************************************************
METIS 5.0 Copyright 1998-13, Regents of the University of Minnesota
 (HEAD: , Built on: Dec 17 2022, 08:18:35)
 size of idx_t: 64bits, real_t: 32bits, idx_t *: 64bits

Graph Information -----------------------------------------------------------
 Name: MetisTopos/995, #Vertices: 72, #Edges: 128, #Parts: 8

Options ---------------------------------------------------------------------
 ptype=kway, objtype=cut, ctype=shem, rtype=greedy, iptype=metisrb
 dbglvl=0, ufactor=1.900, no2hop=NO, minconn=NO, contig=NO, nooutput=NO
 seed=-1, niter=10, ncuts=1

Direct k-way Partitioning ---------------------------------------------------
 - Edgecut: 7972, communication volume: 84.

 - Balance:
     constraint #0:  1.719 out of 0.529

 - Most overweight partition:
     pid: 2, actual: 2600, desired: 1512, ratio: 1.72.

 - Subdomain connectivity: max: 6, min: 3, avg: 4.50

 - Each partition is contiguous.

Timing Information ----------------------------------------------------------
  I/O:          		   0.001 sec
  Partitioning: 		   0.002 sec   (METIS time)
  Reporting:    		   0.000 sec

Memory Information ----------------------------------------------------------
  Max memory used:		   0.070 MB
******************************************************************************
LEO32: 52.47240895577316: ['LEO11', 'LEO12', 'LEO13', 'LEO22', 'LEO23', 'LEO24', 'LEO32', 'LEO33', 'LEO34', 'LEO43', 'LEO53']
LEO38: 21.70597405226387: ['LEO14', 'LEO15', 'LEO16', 'LEO17', 'LEO18', 'LEO27', 'LEO28', 'LEO37', 'LEO38']
LEO21: 19.150294599143447: ['LEO19', 'LEO21', 'LEO29']
LEO74: 19.170101367361116: ['LEO25', 'LEO26', 'LEO35', 'LEO36', 'LEO44', 'LEO45', 'LEO54', 'LEO55', 'LEO64', 'LEO65', 'LEO74', 'LEO83', 'LEO84']
LEO41: 64.92044573564473: ['LEO31', 'LEO39', 'LEO41', 'LEO49', 'LEO51', 'LEO59', 'LEO69']
LEO62: 59.00242119967764: ['LEO42', 'LEO52', 'LEO61', 'LEO62', 'LEO63', 'LEO71', 'LEO72', 'LEO73', 'LEO82']
LEO58: 19.302076244247704: ['LEO46', 'LEO47', 'LEO48', 'LEO57', 'LEO58', 'LEO67', 'LEO68']
LEO79: 24.220587635909474: ['LEO56', 'LEO66', 'LEO75', 'LEO76', 'LEO77', 'LEO78', 'LEO79', 'LEO81', 'LEO85', 'LEO86', 'LEO87', 'LEO88', 'LEO89']
sum_con_loads:  279.94
max_con_loads:   64.92
avg_setup_time: 196.34
