******************************************************************************
METIS 5.0 Copyright 1998-13, Regents of the University of Minnesota
 (HEAD: , Built on: Dec 17 2022, 08:18:35)
 size of idx_t: 64bits, real_t: 32bits, idx_t *: 64bits

Graph Information -----------------------------------------------------------
 Name: MetisTopos/1099, #Vertices: 72, #Edges: 126, #Parts: 8

Options ---------------------------------------------------------------------
 ptype=kway, objtype=cut, ctype=shem, rtype=greedy, iptype=metisrb
 dbglvl=0, ufactor=2.000, no2hop=NO, minconn=NO, contig=NO, nooutput=NO
 seed=-1, niter=10, ncuts=1

Direct k-way Partitioning ---------------------------------------------------
 - Edgecut: 6741, communication volume: 73.

 - Balance:
     constraint #0:  1.964 out of 0.582

 - Most overweight partition:
     pid: 5, actual: 2700, desired: 1375, ratio: 1.96.

 - Subdomain connectivity: max: 5, min: 0, avg: 3.50

 - There are 0 non-contiguous partitions.
   Total components after removing the cut edges: 7,
   max components: 1 for pid: 0.

Timing Information ----------------------------------------------------------
  I/O:          		   0.001 sec
  Partitioning: 		   0.002 sec   (METIS time)
  Reporting:    		   0.000 sec

Memory Information ----------------------------------------------------------
  Max memory used:		   0.070 MB
******************************************************************************
LEO31: 32.49652481208665: ['LEO11', 'LEO19', 'LEO21', 'LEO29', 'LEO31', 'LEO39']
LEO32: 62.78228540136063: ['LEO12', 'LEO13', 'LEO22', 'LEO23', 'LEO32', 'LEO41', 'LEO42', 'LEO51', 'LEO52', 'LEO62']
LEO34: 22.611384738958463: ['LEO14', 'LEO15', 'LEO24', 'LEO25', 'LEO26', 'LEO33', 'LEO34', 'LEO35', 'LEO36', 'LEO43', 'LEO44', 'LEO45', 'LEO46', 'LEO53', 'LEO54', 'LEO55', 'LEO56', 'LEO63', 'LEO64', 'LEO65', 'LEO66']
LEO38: 17.63558829709088: ['LEO16', 'LEO17', 'LEO18', 'LEO27', 'LEO28', 'LEO37', 'LEO38']
LEO49: 44.692852806211576: ['LEO47', 'LEO48', 'LEO49', 'LEO57', 'LEO58', 'LEO59']
LEO69: 37.73516677817972: ['LEO61', 'LEO67', 'LEO68', 'LEO69', 'LEO76', 'LEO77', 'LEO78', 'LEO79']
LEO72: 26.765590714565132: ['LEO71', 'LEO72', 'LEO73', 'LEO74', 'LEO75', 'LEO81', 'LEO82', 'LEO83', 'LEO84', 'LEO85', 'LEO86', 'LEO87', 'LEO88', 'LEO89']
sum_con_loads:  244.72
max_con_loads:   62.78
avg_setup_time: 186.77
