******************************************************************************
METIS 5.0 Copyright 1998-13, Regents of the University of Minnesota
 (HEAD: , Built on: Dec 17 2022, 08:18:35)
 size of idx_t: 64bits, real_t: 32bits, idx_t *: 64bits

Graph Information -----------------------------------------------------------
 Name: MetisTopos/1099, #Vertices: 72, #Edges: 126, #Parts: 8

Options ---------------------------------------------------------------------
 ptype=kway, objtype=cut, ctype=shem, rtype=greedy, iptype=metisrb
 dbglvl=0, ufactor=1.100, no2hop=NO, minconn=NO, contig=NO, nooutput=NO
 seed=-1, niter=10, ncuts=1

Direct k-way Partitioning ---------------------------------------------------
 - Edgecut: 13177, communication volume: 86.

 - Balance:
     constraint #0:  1.091 out of 0.582

 - Most overweight partition:
     pid: 2, actual: 1500, desired: 1375, ratio: 1.09.

 - Subdomain connectivity: max: 6, min: 4, avg: 4.50

 - There are 3 non-contiguous partitions.
   Total components after removing the cut edges: 13,
   max components: 3 for pid: 0.

Timing Information ----------------------------------------------------------
  I/O:          		   0.001 sec
  Partitioning: 		   0.002 sec   (METIS time)
  Reporting:    		   0.000 sec

Memory Information ----------------------------------------------------------
  Max memory used:		   0.071 MB
******************************************************************************
LEO38: 27.888155481049225: ['LEO11', 'LEO19', 'LEO38', 'LEO48']
LEO12: 56.76479228307135: ['LEO12', 'LEO21', 'LEO23', 'LEO31']
LEO32: 68.86147174247533: ['LEO13', 'LEO14', 'LEO15', 'LEO16', 'LEO17', 'LEO18', 'LEO24', 'LEO25', 'LEO26', 'LEO27', 'LEO28', 'LEO32', 'LEO33', 'LEO35', 'LEO36', 'LEO37', 'LEO43', 'LEO44', 'LEO45', 'LEO46', 'LEO47', 'LEO53', 'LEO54', 'LEO55', 'LEO56', 'LEO66']
LEO42: 83.92064275939175: ['LEO22', 'LEO34', 'LEO41', 'LEO42', 'LEO51', 'LEO52', 'LEO62']
LEO49: 42.77597374769583: ['LEO29', 'LEO39', 'LEO49']
LEO68: 25.00689925836077: ['LEO57', 'LEO58', 'LEO67', 'LEO68', 'LEO76', 'LEO77', 'LEO78', 'LEO85', 'LEO86', 'LEO87', 'LEO88']
LEO69: 42.14111353511919: ['LEO59', 'LEO61', 'LEO69', 'LEO79', 'LEO81', 'LEO89']
LEO72: 26.765590714565132: ['LEO63', 'LEO64', 'LEO65', 'LEO71', 'LEO72', 'LEO73', 'LEO74', 'LEO75', 'LEO82', 'LEO83', 'LEO84']
sum_con_loads:  374.12
max_con_loads:   83.92
avg_setup_time: 281.51
