******************************************************************************
METIS 5.0 Copyright 1998-13, Regents of the University of Minnesota
 (HEAD: , Built on: Dec 17 2022, 08:18:35)
 size of idx_t: 64bits, real_t: 32bits, idx_t *: 64bits

Graph Information -----------------------------------------------------------
 Name: MetisTopos/1099, #Vertices: 72, #Edges: 126, #Parts: 8

Options ---------------------------------------------------------------------
 ptype=kway, objtype=cut, ctype=shem, rtype=greedy, iptype=metisrb
 dbglvl=0, ufactor=1.100, no2hop=NO, minconn=NO, contig=YES, nooutput=NO
 seed=-1, niter=10, ncuts=1

Direct k-way Partitioning ---------------------------------------------------
 - Edgecut: 9442, communication volume: 78.

 - Balance:
     constraint #0:  1.309 out of 0.582

 - Most overweight partition:
     pid: 5, actual: 1800, desired: 1375, ratio: 1.31.

 - Subdomain connectivity: max: 5, min: 0, avg: 3.50

 - There are 0 non-contiguous partitions.
   Total components after removing the cut edges: 7,
   max components: 1 for pid: 0.

Timing Information ----------------------------------------------------------
  I/O:          		   0.001 sec
  Partitioning: 		   0.002 sec   (METIS time)
  Reporting:    		   0.000 sec

Memory Information ----------------------------------------------------------
  Max memory used:		   0.071 MB
******************************************************************************
LEO21: 42.78174890326369: ['LEO11', 'LEO13', 'LEO14', 'LEO15', 'LEO16', 'LEO17', 'LEO18', 'LEO19', 'LEO21', 'LEO24', 'LEO25', 'LEO26', 'LEO31']
LEO32: 58.387929894970625: ['LEO12', 'LEO22', 'LEO32', 'LEO41', 'LEO42', 'LEO51', 'LEO52', 'LEO61', 'LEO62']
LEO33: 40.1372985472112: ['LEO23', 'LEO33', 'LEO34', 'LEO35', 'LEO43', 'LEO44', 'LEO45', 'LEO46', 'LEO47', 'LEO53', 'LEO54', 'LEO55', 'LEO56', 'LEO57', 'LEO63', 'LEO64', 'LEO65', 'LEO66', 'LEO67', 'LEO73', 'LEO75', 'LEO76']
LEO39: 32.8425352448349: ['LEO27', 'LEO28', 'LEO29', 'LEO36', 'LEO37', 'LEO38', 'LEO39']
LEO68: 32.293483632421996: ['LEO48', 'LEO58', 'LEO68', 'LEO77', 'LEO78']
LEO59: 52.420696704478814: ['LEO49', 'LEO59', 'LEO69']
LEO72: 40.157960360158455: ['LEO71', 'LEO72', 'LEO74', 'LEO79', 'LEO81', 'LEO82', 'LEO83', 'LEO84', 'LEO85', 'LEO86', 'LEO87', 'LEO88', 'LEO89']
sum_con_loads:  299.02
max_con_loads:   58.39
avg_setup_time: 233.63
