******************************************************************************
METIS 5.0 Copyright 1998-13, Regents of the University of Minnesota
 (HEAD: , Built on: Dec 17 2022, 08:18:35)
 size of idx_t: 64bits, real_t: 32bits, idx_t *: 64bits

Graph Information -----------------------------------------------------------
 Name: MetisTopos/1099, #Vertices: 72, #Edges: 126, #Parts: 8

Options ---------------------------------------------------------------------
 ptype=kway, objtype=cut, ctype=shem, rtype=greedy, iptype=metisrb
 dbglvl=0, ufactor=2.100, no2hop=NO, minconn=NO, contig=YES, nooutput=NO
 seed=-1, niter=10, ncuts=1

Direct k-way Partitioning ---------------------------------------------------
 - Edgecut: 6925, communication volume: 75.

 - Balance:
     constraint #0:  1.818 out of 0.582

 - Most overweight partition:
     pid: 7, actual: 2500, desired: 1375, ratio: 1.82.

 - Subdomain connectivity: max: 6, min: 0, avg: 3.75

 - There are 0 non-contiguous partitions.
   Total components after removing the cut edges: 7,
   max components: 1 for pid: 0.

Timing Information ----------------------------------------------------------
  I/O:          		   0.001 sec
  Partitioning: 		   0.002 sec   (METIS time)
  Reporting:    		   0.000 sec

Memory Information ----------------------------------------------------------
  Max memory used:		   0.070 MB
******************************************************************************
LEO48: 19.57089007127169: ['LEO11', 'LEO17', 'LEO18', 'LEO19', 'LEO27', 'LEO28', 'LEO36', 'LEO37', 'LEO47', 'LEO48']
LEO42: 67.59776497972557: ['LEO12', 'LEO22', 'LEO32', 'LEO41', 'LEO42', 'LEO51', 'LEO52', 'LEO61', 'LEO62', 'LEO71', 'LEO72', 'LEO81', 'LEO82', 'LEO89']
LEO13: 17.64571137911358: ['LEO13', 'LEO14', 'LEO15', 'LEO16']
LEO39: 51.34793218599967: ['LEO21', 'LEO29', 'LEO31', 'LEO38', 'LEO39', 'LEO49']
LEO23: 23.17341801987822: ['LEO23', 'LEO24', 'LEO33', 'LEO34']
LEO75: 22.028123774700916: ['LEO25', 'LEO26', 'LEO35', 'LEO43', 'LEO44', 'LEO45', 'LEO46', 'LEO53', 'LEO54', 'LEO55', 'LEO56', 'LEO57', 'LEO63', 'LEO64', 'LEO65', 'LEO66', 'LEO67', 'LEO73', 'LEO74', 'LEO75', 'LEO76', 'LEO77', 'LEO83', 'LEO84', 'LEO85', 'LEO86', 'LEO87', 'LEO88']
LEO69: 47.182445771131675: ['LEO58', 'LEO59', 'LEO68', 'LEO69', 'LEO78', 'LEO79']
sum_con_loads:  248.55
max_con_loads:   67.60
avg_setup_time: 207.32
