******************************************************************************
METIS 5.0 Copyright 1998-13, Regents of the University of Minnesota
 (HEAD: , Built on: Dec 17 2022, 08:18:35)
 size of idx_t: 64bits, real_t: 32bits, idx_t *: 64bits

Graph Information -----------------------------------------------------------
 Name: MetisTopos/1099, #Vertices: 72, #Edges: 126, #Parts: 8

Options ---------------------------------------------------------------------
 ptype=kway, objtype=cut, ctype=shem, rtype=greedy, iptype=metisrb
 dbglvl=0, ufactor=2.400, no2hop=NO, minconn=NO, contig=YES, nooutput=NO
 seed=-1, niter=10, ncuts=1

Direct k-way Partitioning ---------------------------------------------------
 - Edgecut: 6564, communication volume: 60.

 - Balance:
     constraint #0:  2.400 out of 0.582

 - Most overweight partition:
     pid: 7, actual: 3300, desired: 1375, ratio: 2.40.

 - Subdomain connectivity: max: 5, min: 0, avg: 2.75

 - There are 0 non-contiguous partitions.
   Total components after removing the cut edges: 6,
   max components: 1 for pid: 1.

Timing Information ----------------------------------------------------------
  I/O:          		   0.001 sec
  Partitioning: 		   0.002 sec   (METIS time)
  Reporting:    		   0.000 sec

Memory Information ----------------------------------------------------------
  Max memory used:		   0.070 MB
******************************************************************************
LEO29: 16.045708567211552: ['LEO11', 'LEO19', 'LEO29']
LEO22: 40.401219431223645: ['LEO12', 'LEO13', 'LEO14', 'LEO22', 'LEO23', 'LEO24']
LEO48: 46.251169180496994: ['LEO15', 'LEO16', 'LEO17', 'LEO18', 'LEO25', 'LEO26', 'LEO27', 'LEO28', 'LEO34', 'LEO35', 'LEO36', 'LEO37', 'LEO38', 'LEO44', 'LEO45', 'LEO46', 'LEO47', 'LEO48', 'LEO54', 'LEO55', 'LEO56', 'LEO57', 'LEO58', 'LEO66', 'LEO67', 'LEO68']
LEO49: 88.06675987156339: ['LEO21', 'LEO31', 'LEO32', 'LEO33', 'LEO39', 'LEO41', 'LEO42', 'LEO43', 'LEO49', 'LEO51', 'LEO52', 'LEO53', 'LEO59', 'LEO61', 'LEO62', 'LEO63', 'LEO69']
LEO72: 26.765590714565132: ['LEO64', 'LEO65', 'LEO71', 'LEO72', 'LEO73', 'LEO74', 'LEO75', 'LEO82', 'LEO83', 'LEO84']
LEO79: 23.87234061632258: ['LEO76', 'LEO77', 'LEO78', 'LEO79', 'LEO81', 'LEO85', 'LEO86', 'LEO87', 'LEO88', 'LEO89']
sum_con_loads:  241.40
max_con_loads:   88.07
avg_setup_time: 268.40
