******************************************************************************
METIS 5.0 Copyright 1998-13, Regents of the University of Minnesota
 (HEAD: , Built on: Dec 17 2022, 08:18:35)
 size of idx_t: 64bits, real_t: 32bits, idx_t *: 64bits

Graph Information -----------------------------------------------------------
 Name: MetisTopos/1099, #Vertices: 72, #Edges: 126, #Parts: 8

Options ---------------------------------------------------------------------
 ptype=kway, objtype=cut, ctype=shem, rtype=greedy, iptype=metisrb
 dbglvl=0, ufactor=2.600, no2hop=NO, minconn=NO, contig=YES, nooutput=NO
 seed=-1, niter=10, ncuts=1

Direct k-way Partitioning ---------------------------------------------------
 - Edgecut: 6703, communication volume: 71.

 - Balance:
     constraint #0:  2.545 out of 0.582

 - Most overweight partition:
     pid: 7, actual: 3500, desired: 1375, ratio: 2.55.

 - Subdomain connectivity: max: 6, min: 0, avg: 3.75

 - There are 0 non-contiguous partitions.
   Total components after removing the cut edges: 7,
   max components: 1 for pid: 1.

Timing Information ----------------------------------------------------------
  I/O:          		   0.001 sec
  Partitioning: 		   0.001 sec   (METIS time)
  Reporting:    		   0.000 sec

Memory Information ----------------------------------------------------------
  Max memory used:		   0.070 MB
******************************************************************************
LEO21: 24.289277099721378: ['LEO11', 'LEO19', 'LEO21', 'LEO29']
LEO22: 40.401219431223645: ['LEO12', 'LEO13', 'LEO14', 'LEO22', 'LEO23', 'LEO24']
LEO38: 22.565097790102225: ['LEO15', 'LEO16', 'LEO17', 'LEO18', 'LEO25', 'LEO26', 'LEO27', 'LEO28', 'LEO35', 'LEO36', 'LEO37', 'LEO38']
LEO49: 87.00118980050722: ['LEO31', 'LEO32', 'LEO33', 'LEO39', 'LEO41', 'LEO42', 'LEO49', 'LEO51', 'LEO52', 'LEO59', 'LEO61', 'LEO62', 'LEO69', 'LEO78', 'LEO79']
LEO34: 13.305297072811339: ['LEO34', 'LEO43', 'LEO44', 'LEO53', 'LEO54', 'LEO63', 'LEO64', 'LEO74']
LEO58: 31.829235560387986: ['LEO45', 'LEO46', 'LEO47', 'LEO48', 'LEO55', 'LEO56', 'LEO57', 'LEO58', 'LEO65', 'LEO66', 'LEO67', 'LEO68', 'LEO75', 'LEO76', 'LEO77']
LEO72: 24.734477672370186: ['LEO71', 'LEO72', 'LEO73', 'LEO81', 'LEO82', 'LEO83', 'LEO84', 'LEO85', 'LEO86', 'LEO87', 'LEO88', 'LEO89']
sum_con_loads:  244.13
max_con_loads:   87.00
avg_setup_time: 255.82
