******************************************************************************
METIS 5.0 Copyright 1998-13, Regents of the University of Minnesota
 (HEAD: , Built on: Dec 17 2022, 08:18:35)
 size of idx_t: 64bits, real_t: 32bits, idx_t *: 64bits

Graph Information -----------------------------------------------------------
 Name: MetisTopos/1099, #Vertices: 72, #Edges: 126, #Parts: 8

Options ---------------------------------------------------------------------
 ptype=kway, objtype=cut, ctype=shem, rtype=greedy, iptype=metisrb
 dbglvl=0, ufactor=2.700, no2hop=NO, minconn=NO, contig=YES, nooutput=NO
 seed=-1, niter=10, ncuts=1

Direct k-way Partitioning ---------------------------------------------------
 - Edgecut: 6000, communication volume: 65.

 - Balance:
     constraint #0:  2.691 out of 0.582

 - Most overweight partition:
     pid: 7, actual: 3700, desired: 1375, ratio: 2.69.

 - Subdomain connectivity: max: 5, min: 0, avg: 2.75

 - There are 0 non-contiguous partitions.
   Total components after removing the cut edges: 6,
   max components: 1 for pid: 1.

Timing Information ----------------------------------------------------------
  I/O:          		   0.001 sec
  Partitioning: 		   0.001 sec   (METIS time)
  Reporting:    		   0.000 sec

Memory Information ----------------------------------------------------------
  Max memory used:		   0.071 MB
******************************************************************************
LEO39: 54.22498354391372: ['LEO11', 'LEO18', 'LEO19', 'LEO21', 'LEO28', 'LEO29', 'LEO31', 'LEO38', 'LEO39', 'LEO48', 'LEO49']
LEO22: 37.176218429207324: ['LEO12', 'LEO13', 'LEO22', 'LEO23']
LEO14: 21.276171324650107: ['LEO14', 'LEO24', 'LEO33', 'LEO34']
LEO58: 26.096064400897518: ['LEO15', 'LEO16', 'LEO17', 'LEO25', 'LEO26', 'LEO27', 'LEO35', 'LEO36', 'LEO37', 'LEO45', 'LEO46', 'LEO47', 'LEO56', 'LEO57', 'LEO58', 'LEO66', 'LEO67', 'LEO68']
LEO52: 78.09882958044092: ['LEO32', 'LEO41', 'LEO42', 'LEO51', 'LEO52', 'LEO59', 'LEO61', 'LEO62', 'LEO69', 'LEO71', 'LEO72', 'LEO73', 'LEO78', 'LEO79', 'LEO81', 'LEO82', 'LEO83', 'LEO88', 'LEO89']
LEO77: 12.987017685624311: ['LEO43', 'LEO44', 'LEO53', 'LEO54', 'LEO55', 'LEO63', 'LEO64', 'LEO65', 'LEO74', 'LEO75', 'LEO76', 'LEO77', 'LEO84', 'LEO85', 'LEO86', 'LEO87']
sum_con_loads:  229.86
max_con_loads:   78.10
avg_setup_time: 224.42
