******************************************************************************
METIS 5.0 Copyright 1998-13, Regents of the University of Minnesota
 (HEAD: , Built on: Dec 17 2022, 08:18:35)
 size of idx_t: 64bits, real_t: 32bits, idx_t *: 64bits

Graph Information -----------------------------------------------------------
 Name: MetisTopos/1099, #Vertices: 72, #Edges: 126, #Parts: 8

Options ---------------------------------------------------------------------
 ptype=kway, objtype=cut, ctype=shem, rtype=greedy, iptype=metisrb
 dbglvl=0, ufactor=3.400, no2hop=NO, minconn=NO, contig=NO, nooutput=NO
 seed=-1, niter=10, ncuts=1

Direct k-way Partitioning ---------------------------------------------------
 - Edgecut: 5563, communication volume: 58.

 - Balance:
     constraint #0:  3.345 out of 0.582

 - Most overweight partition:
     pid: 7, actual: 4600, desired: 1375, ratio: 3.35.

 - Subdomain connectivity: max: 4, min: 0, avg: 2.00

 - There are 0 non-contiguous partitions.
   Total components after removing the cut edges: 5,
   max components: 1 for pid: 3.

Timing Information ----------------------------------------------------------
  I/O:          		   0.001 sec
  Partitioning: 		   0.001 sec   (METIS time)
  Reporting:    		   0.000 sec

Memory Information ----------------------------------------------------------
  Max memory used:		   0.072 MB
******************************************************************************
LEO38: 36.65865248363752: ['LEO11', 'LEO17', 'LEO18', 'LEO19', 'LEO26', 'LEO27', 'LEO28', 'LEO37', 'LEO38', 'LEO47', 'LEO48', 'LEO57', 'LEO58']
LEO42: 89.96014982234348: ['LEO12', 'LEO21', 'LEO22', 'LEO23', 'LEO29', 'LEO31', 'LEO32', 'LEO33', 'LEO39', 'LEO41', 'LEO42', 'LEO43', 'LEO49', 'LEO51', 'LEO52', 'LEO53', 'LEO59', 'LEO62', 'LEO63']
LEO13: 18.71281090215741: ['LEO13', 'LEO14', 'LEO15', 'LEO16', 'LEO24', 'LEO25']
LEO69: 49.17361615588352: ['LEO34', 'LEO35', 'LEO36', 'LEO44', 'LEO45', 'LEO46', 'LEO54', 'LEO55', 'LEO56', 'LEO61', 'LEO64', 'LEO65', 'LEO66', 'LEO67', 'LEO68', 'LEO69', 'LEO75', 'LEO76', 'LEO77', 'LEO78', 'LEO79', 'LEO86', 'LEO87', 'LEO88']
LEO72: 26.765590714565132: ['LEO71', 'LEO72', 'LEO73', 'LEO74', 'LEO81', 'LEO82', 'LEO83', 'LEO84', 'LEO85', 'LEO89']
sum_con_loads:  221.27
max_con_loads:   89.96
avg_setup_time: 278.94
