******************************************************************************
METIS 5.0 Copyright 1998-13, Regents of the University of Minnesota
 (HEAD: , Built on: Dec 17 2022, 08:18:35)
 size of idx_t: 64bits, real_t: 32bits, idx_t *: 64bits

Graph Information -----------------------------------------------------------
 Name: MetisTopos/1099, #Vertices: 72, #Edges: 126, #Parts: 8

Options ---------------------------------------------------------------------
 ptype=kway, objtype=cut, ctype=shem, rtype=greedy, iptype=metisrb
 dbglvl=0, ufactor=1.600, no2hop=NO, minconn=NO, contig=NO, nooutput=NO
 seed=-1, niter=10, ncuts=1

Direct k-way Partitioning ---------------------------------------------------
 - Edgecut: 8113, communication volume: 75.

 - Balance:
     constraint #0:  1.600 out of 0.582

 - Most overweight partition:
     pid: 2, actual: 2200, desired: 1375, ratio: 1.60.

 - Subdomain connectivity: max: 6, min: 2, avg: 4.25

 - Each partition is contiguous.

Timing Information ----------------------------------------------------------
  I/O:          		   0.001 sec
  Partitioning: 		   0.001 sec   (METIS time)
  Reporting:    		   0.000 sec

Memory Information ----------------------------------------------------------
  Max memory used:		   0.071 MB
******************************************************************************
LEO32: 64.558702424241: ['LEO11', 'LEO12', 'LEO21', 'LEO22', 'LEO31', 'LEO32', 'LEO41', 'LEO42', 'LEO51', 'LEO52', 'LEO62']
LEO13: 27.057773920075554: ['LEO13', 'LEO23']
LEO34: 21.27617132465011: ['LEO14', 'LEO15', 'LEO24', 'LEO25', 'LEO33', 'LEO34', 'LEO35', 'LEO36', 'LEO43', 'LEO44', 'LEO45']
LEO39: 32.8425352448349: ['LEO16', 'LEO17', 'LEO18', 'LEO19', 'LEO26', 'LEO27', 'LEO28', 'LEO29', 'LEO37', 'LEO38', 'LEO39']
LEO68: 26.109154394036658: ['LEO46', 'LEO47', 'LEO56', 'LEO57', 'LEO58', 'LEO66', 'LEO67', 'LEO68', 'LEO76', 'LEO77', 'LEO85', 'LEO86', 'LEO87']
LEO49: 31.058090789233386: ['LEO48', 'LEO49']
LEO72: 26.765590714565132: ['LEO53', 'LEO54', 'LEO55', 'LEO63', 'LEO64', 'LEO65', 'LEO71', 'LEO72', 'LEO73', 'LEO74', 'LEO75', 'LEO82', 'LEO83', 'LEO84']
LEO69: 42.793812481659: ['LEO59', 'LEO61', 'LEO69', 'LEO78', 'LEO79', 'LEO81', 'LEO88', 'LEO89']
sum_con_loads:  272.46
max_con_loads:   64.56
avg_setup_time: 190.43
