******************************************************************************
METIS 5.0 Copyright 1998-13, Regents of the University of Minnesota
 (HEAD: , Built on: Dec 17 2022, 08:18:35)
 size of idx_t: 64bits, real_t: 32bits, idx_t *: 64bits

Graph Information -----------------------------------------------------------
 Name: MetisTopos/1099, #Vertices: 72, #Edges: 126, #Parts: 8

Options ---------------------------------------------------------------------
 ptype=kway, objtype=cut, ctype=shem, rtype=greedy, iptype=metisrb
 dbglvl=0, ufactor=1.800, no2hop=NO, minconn=NO, contig=YES, nooutput=NO
 seed=-1, niter=10, ncuts=1

Direct k-way Partitioning ---------------------------------------------------
 - Edgecut: 7292, communication volume: 71.

 - Balance:
     constraint #0:  1.673 out of 0.582

 - Most overweight partition:
     pid: 4, actual: 2300, desired: 1375, ratio: 1.67.

 - Subdomain connectivity: max: 5, min: 0, avg: 3.50

 - There are 0 non-contiguous partitions.
   Total components after removing the cut edges: 7,
   max components: 1 for pid: 0.

Timing Information ----------------------------------------------------------
  I/O:          		   0.001 sec
  Partitioning: 		   0.002 sec   (METIS time)
  Reporting:    		   0.000 sec

Memory Information ----------------------------------------------------------
  Max memory used:		   0.071 MB
******************************************************************************
LEO31: 32.49652481208665: ['LEO11', 'LEO19', 'LEO21', 'LEO29', 'LEO31', 'LEO39']
LEO22: 37.176218429207324: ['LEO12', 'LEO13', 'LEO22', 'LEO23']
LEO34: 23.232768938716635: ['LEO14', 'LEO15', 'LEO24', 'LEO25', 'LEO26', 'LEO34', 'LEO35', 'LEO36', 'LEO44', 'LEO45', 'LEO54', 'LEO55', 'LEO64', 'LEO65', 'LEO74', 'LEO75', 'LEO84', 'LEO85']
LEO38: 17.63558829709088: ['LEO16', 'LEO17', 'LEO18', 'LEO27', 'LEO28', 'LEO37', 'LEO38']
LEO52: 60.65908111794541: ['LEO32', 'LEO33', 'LEO41', 'LEO42', 'LEO43', 'LEO51', 'LEO52', 'LEO53', 'LEO61', 'LEO62', 'LEO63', 'LEO71', 'LEO72', 'LEO73', 'LEO82', 'LEO83']
LEO69: 41.20167192233073: ['LEO46', 'LEO47', 'LEO56', 'LEO57', 'LEO66', 'LEO67', 'LEO68', 'LEO69', 'LEO76', 'LEO77', 'LEO78', 'LEO79', 'LEO81', 'LEO86', 'LEO87', 'LEO88', 'LEO89']
LEO49: 43.369642160163394: ['LEO48', 'LEO49', 'LEO58', 'LEO59']
sum_con_loads:  255.77
max_con_loads:   60.66
avg_setup_time: 193.55
