******************************************************************************
METIS 5.0 Copyright 1998-13, Regents of the University of Minnesota
 (HEAD: , Built on: Dec 17 2022, 08:18:35)
 size of idx_t: 64bits, real_t: 32bits, idx_t *: 64bits

Graph Information -----------------------------------------------------------
 Name: MetisTopos/1099, #Vertices: 72, #Edges: 126, #Parts: 8

Options ---------------------------------------------------------------------
 ptype=kway, objtype=cut, ctype=shem, rtype=greedy, iptype=metisrb
 dbglvl=0, ufactor=1.900, no2hop=NO, minconn=NO, contig=YES, nooutput=NO
 seed=-1, niter=10, ncuts=1

Direct k-way Partitioning ---------------------------------------------------
 - Edgecut: 7897, communication volume: 74.

 - Balance:
     constraint #0:  1.745 out of 0.582

 - Most overweight partition:
     pid: 7, actual: 2400, desired: 1375, ratio: 1.75.

 - Subdomain connectivity: max: 6, min: 3, avg: 3.75

 - Each partition is contiguous.

Timing Information ----------------------------------------------------------
  I/O:          		   0.001 sec
  Partitioning: 		   0.002 sec   (METIS time)
  Reporting:    		   0.000 sec

Memory Information ----------------------------------------------------------
  Max memory used:		   0.071 MB
******************************************************************************
LEO31: 32.49652481208665: ['LEO11', 'LEO19', 'LEO21', 'LEO29', 'LEO31', 'LEO39']
LEO22: 37.176218429207324: ['LEO12', 'LEO13', 'LEO22', 'LEO23']
LEO24: 19.46195662049129: ['LEO14', 'LEO15', 'LEO16', 'LEO24', 'LEO25', 'LEO34', 'LEO35']
LEO38: 17.63558829709088: ['LEO17', 'LEO18', 'LEO26', 'LEO27', 'LEO28', 'LEO36', 'LEO37', 'LEO38']
LEO42: 75.21134727050689: ['LEO32', 'LEO33', 'LEO41', 'LEO42', 'LEO43', 'LEO49', 'LEO51', 'LEO52', 'LEO59', 'LEO62']
LEO58: 23.368901488595622: ['LEO44', 'LEO45', 'LEO46', 'LEO47', 'LEO48', 'LEO53', 'LEO54', 'LEO55', 'LEO56', 'LEO57', 'LEO58', 'LEO63', 'LEO64', 'LEO65', 'LEO66', 'LEO74', 'LEO75', 'LEO76', 'LEO84', 'LEO85', 'LEO86', 'LEO87', 'LEO88']
LEO69: 37.73516677817972: ['LEO61', 'LEO67', 'LEO68', 'LEO69', 'LEO77', 'LEO78', 'LEO79']
LEO72: 24.734477672370186: ['LEO71', 'LEO72', 'LEO73', 'LEO81', 'LEO82', 'LEO83', 'LEO89']
sum_con_loads:  267.82
max_con_loads:   75.21
avg_setup_time: 211.27
