******************************************************************************
METIS 5.0 Copyright 1998-13, Regents of the University of Minnesota
 (HEAD: , Built on: Dec 17 2022, 08:18:35)
 size of idx_t: 64bits, real_t: 32bits, idx_t *: 64bits

Graph Information -----------------------------------------------------------
 Name: MetisTopos/1686, #Vertices: 72, #Edges: 127, #Parts: 8

Options ---------------------------------------------------------------------
 ptype=kway, objtype=cut, ctype=shem, rtype=greedy, iptype=metisrb
 dbglvl=0, ufactor=2.000, no2hop=NO, minconn=NO, contig=YES, nooutput=NO
 seed=-1, niter=10, ncuts=1

Direct k-way Partitioning ---------------------------------------------------
 - Edgecut: 8450, communication volume: 78.

 - Balance:
     constraint #0:  1.946 out of 0.577

 - Most overweight partition:
     pid: 7, actual: 2700, desired: 1387, ratio: 1.95.

 - Subdomain connectivity: max: 7, min: 3, avg: 4.25

 - Each partition is contiguous.

Timing Information ----------------------------------------------------------
  I/O:          		   0.001 sec
  Partitioning: 		   0.002 sec   (METIS time)
  Reporting:    		   0.000 sec

Memory Information ----------------------------------------------------------
  Max memory used:		   0.071 MB
******************************************************************************
LEO31: 42.601581825092985: ['LEO11', 'LEO21', 'LEO31', 'LEO32', 'LEO33']
LEO12: 26.46869721066546: ['LEO12', 'LEO22', 'LEO23']
LEO13: 16.337127384403303: ['LEO13', 'LEO14', 'LEO15', 'LEO16', 'LEO17', 'LEO18', 'LEO19']
LEO37: 24.73864155241134: ['LEO24', 'LEO25', 'LEO26', 'LEO27', 'LEO34', 'LEO35', 'LEO36', 'LEO37', 'LEO42', 'LEO43', 'LEO44', 'LEO45', 'LEO46', 'LEO47', 'LEO52', 'LEO53', 'LEO54', 'LEO55', 'LEO56', 'LEO63', 'LEO64', 'LEO65', 'LEO66', 'LEO74', 'LEO75', 'LEO76', 'LEO84', 'LEO85', 'LEO86']
LEO29: 18.396463968229284: ['LEO28', 'LEO29']
LEO41: 80.4112770709759: ['LEO38', 'LEO39', 'LEO41', 'LEO48', 'LEO49', 'LEO51', 'LEO59', 'LEO61', 'LEO62', 'LEO71', 'LEO72', 'LEO73']
LEO68: 49.900467446183015: ['LEO57', 'LEO58', 'LEO67', 'LEO68', 'LEO69', 'LEO77', 'LEO78', 'LEO79', 'LEO87', 'LEO88']
LEO81: 21.33128649885265: ['LEO81', 'LEO82', 'LEO83', 'LEO89']
sum_con_loads:  280.19
max_con_loads:   80.41
avg_setup_time: 225.28
