******************************************************************************
METIS 5.0 Copyright 1998-13, Regents of the University of Minnesota
 (HEAD: , Built on: Dec 17 2022, 08:18:35)
 size of idx_t: 64bits, real_t: 32bits, idx_t *: 64bits

Graph Information -----------------------------------------------------------
 Name: MetisTopos/1686, #Vertices: 72, #Edges: 127, #Parts: 8

Options ---------------------------------------------------------------------
 ptype=kway, objtype=cut, ctype=shem, rtype=greedy, iptype=metisrb
 dbglvl=0, ufactor=2.200, no2hop=NO, minconn=NO, contig=YES, nooutput=NO
 seed=-1, niter=10, ncuts=1

Direct k-way Partitioning ---------------------------------------------------
 - Edgecut: 6905, communication volume: 67.

 - Balance:
     constraint #0:  2.018 out of 0.577

 - Most overweight partition:
     pid: 6, actual: 2800, desired: 1387, ratio: 2.02.

 - Subdomain connectivity: max: 5, min: 0, avg: 3.50

 - There are 0 non-contiguous partitions.
   Total components after removing the cut edges: 7,
   max components: 1 for pid: 1.

Timing Information ----------------------------------------------------------
  I/O:          		   0.001 sec
  Partitioning: 		   0.002 sec   (METIS time)
  Reporting:    		   0.000 sec

Memory Information ----------------------------------------------------------
  Max memory used:		   0.071 MB
******************************************************************************
LEO31: 41.976734842043555: ['LEO11', 'LEO12', 'LEO21', 'LEO22', 'LEO31', 'LEO32']
LEO13: 18.466605726470956: ['LEO13', 'LEO14', 'LEO23', 'LEO24', 'LEO25', 'LEO33', 'LEO34', 'LEO43', 'LEO44', 'LEO45', 'LEO54']
LEO37: 14.217030096536845: ['LEO15', 'LEO16', 'LEO17', 'LEO26', 'LEO27', 'LEO35', 'LEO36', 'LEO37', 'LEO46', 'LEO47']
LEO28: 16.038061963842555: ['LEO18', 'LEO19', 'LEO28']
LEO48: 56.01218668441156: ['LEO29', 'LEO38', 'LEO39', 'LEO48', 'LEO49', 'LEO57', 'LEO58']
LEO61: 60.61914079198484: ['LEO41', 'LEO42', 'LEO51', 'LEO52', 'LEO53', 'LEO59', 'LEO61', 'LEO62', 'LEO63', 'LEO71', 'LEO72', 'LEO73', 'LEO81', 'LEO82', 'LEO83', 'LEO89']
LEO68: 41.78254660740669: ['LEO55', 'LEO56', 'LEO64', 'LEO65', 'LEO66', 'LEO67', 'LEO68', 'LEO69', 'LEO74', 'LEO75', 'LEO76', 'LEO77', 'LEO78', 'LEO79', 'LEO84', 'LEO85', 'LEO86', 'LEO87', 'LEO88']
sum_con_loads:  249.11
max_con_loads:   60.62
avg_setup_time: 193.44
