******************************************************************************
METIS 5.0 Copyright 1998-13, Regents of the University of Minnesota
 (HEAD: , Built on: Dec 17 2022, 08:18:35)
 size of idx_t: 64bits, real_t: 32bits, idx_t *: 64bits

Graph Information -----------------------------------------------------------
 Name: MetisTopos/1686, #Vertices: 72, #Edges: 127, #Parts: 8

Options ---------------------------------------------------------------------
 ptype=kway, objtype=cut, ctype=shem, rtype=greedy, iptype=metisrb
 dbglvl=0, ufactor=2.400, no2hop=NO, minconn=NO, contig=YES, nooutput=NO
 seed=-1, niter=10, ncuts=1

Direct k-way Partitioning ---------------------------------------------------
 - Edgecut: 7060, communication volume: 71.

 - Balance:
     constraint #0:  2.378 out of 0.577

 - Most overweight partition:
     pid: 7, actual: 3300, desired: 1387, ratio: 2.38.

 - Subdomain connectivity: max: 6, min: 3, avg: 4.25

 - Each partition is contiguous.

Timing Information ----------------------------------------------------------
  I/O:          		   0.001 sec
  Partitioning: 		   0.001 sec   (METIS time)
  Reporting:    		   0.000 sec

Memory Information ----------------------------------------------------------
  Max memory used:		   0.071 MB
******************************************************************************
LEO31: 49.91228009933153: ['LEO11', 'LEO12', 'LEO13', 'LEO14', 'LEO19', 'LEO21', 'LEO22', 'LEO23', 'LEO24', 'LEO31', 'LEO32', 'LEO33', 'LEO34', 'LEO35', 'LEO42', 'LEO52']
LEO38: 24.97413270954032: ['LEO15', 'LEO16', 'LEO17', 'LEO18', 'LEO25', 'LEO26', 'LEO27', 'LEO28', 'LEO36', 'LEO37', 'LEO38', 'LEO46', 'LEO47']
LEO51: 88.24144227805606: ['LEO29', 'LEO39', 'LEO41', 'LEO48', 'LEO49', 'LEO51', 'LEO58', 'LEO59', 'LEO61', 'LEO68', 'LEO69', 'LEO71']
LEO76: 14.424343608855109: ['LEO43', 'LEO44', 'LEO45', 'LEO53', 'LEO54', 'LEO55', 'LEO56', 'LEO63', 'LEO64', 'LEO65', 'LEO66', 'LEO73', 'LEO74', 'LEO75', 'LEO76', 'LEO84', 'LEO85', 'LEO86', 'LEO87']
LEO57: 16.425840653441913: ['LEO57', 'LEO67']
LEO72: 14.501615838859388: ['LEO62', 'LEO72', 'LEO82', 'LEO83']
LEO78: 23.27479950805971: ['LEO77', 'LEO78', 'LEO79', 'LEO88']
LEO81: 20.38423647360662: ['LEO81', 'LEO89']
sum_con_loads:  252.14
max_con_loads:   88.24
avg_setup_time: 245.27
