******************************************************************************
METIS 5.0 Copyright 1998-13, Regents of the University of Minnesota
 (HEAD: , Built on: Dec 17 2022, 08:18:35)
 size of idx_t: 64bits, real_t: 32bits, idx_t *: 64bits

Graph Information -----------------------------------------------------------
 Name: MetisTopos/1686, #Vertices: 72, #Edges: 127, #Parts: 8

Options ---------------------------------------------------------------------
 ptype=kway, objtype=cut, ctype=shem, rtype=greedy, iptype=metisrb
 dbglvl=0, ufactor=2.800, no2hop=NO, minconn=NO, contig=YES, nooutput=NO
 seed=-1, niter=10, ncuts=1

Direct k-way Partitioning ---------------------------------------------------
 - Edgecut: 5903, communication volume: 56.

 - Balance:
     constraint #0:  2.739 out of 0.577

 - Most overweight partition:
     pid: 7, actual: 3800, desired: 1387, ratio: 2.74.

 - Subdomain connectivity: max: 4, min: 0, avg: 2.25

 - There are 0 non-contiguous partitions.
   Total components after removing the cut edges: 5,
   max components: 1 for pid: 0.

Timing Information ----------------------------------------------------------
  I/O:          		   0.001 sec
  Partitioning: 		   0.001 sec   (METIS time)
  Reporting:    		   0.000 sec

Memory Information ----------------------------------------------------------
  Max memory used:		   0.071 MB
******************************************************************************
LEO21: 44.18895366238988: ['LEO11', 'LEO12', 'LEO13', 'LEO14', 'LEO21', 'LEO22', 'LEO23', 'LEO24', 'LEO25', 'LEO31']
LEO39: 40.944931584553856: ['LEO15', 'LEO16', 'LEO17', 'LEO18', 'LEO19', 'LEO26', 'LEO27', 'LEO28', 'LEO29', 'LEO36', 'LEO37', 'LEO38', 'LEO39']
LEO33: 9.990907287807277: ['LEO32', 'LEO33', 'LEO42', 'LEO43', 'LEO52']
LEO68: 51.89450689454521: ['LEO34', 'LEO35', 'LEO44', 'LEO45', 'LEO46', 'LEO47', 'LEO53', 'LEO54', 'LEO55', 'LEO56', 'LEO57', 'LEO63', 'LEO64', 'LEO65', 'LEO66', 'LEO67', 'LEO68', 'LEO69', 'LEO73', 'LEO74', 'LEO75', 'LEO76', 'LEO77', 'LEO78', 'LEO79', 'LEO83', 'LEO84', 'LEO85', 'LEO86', 'LEO87', 'LEO88']
LEO51: 82.06872993068609: ['LEO41', 'LEO48', 'LEO49', 'LEO51', 'LEO58', 'LEO59', 'LEO61', 'LEO62', 'LEO71', 'LEO72', 'LEO81', 'LEO82', 'LEO89']
sum_con_loads:  229.09
max_con_loads:   82.07
avg_setup_time: 229.93
