******************************************************************************
METIS 5.0 Copyright 1998-13, Regents of the University of Minnesota
 (HEAD: , Built on: Dec 17 2022, 08:18:35)
 size of idx_t: 64bits, real_t: 32bits, idx_t *: 64bits

Graph Information -----------------------------------------------------------
 Name: MetisTopos/1686, #Vertices: 72, #Edges: 127, #Parts: 8

Options ---------------------------------------------------------------------
 ptype=kway, objtype=cut, ctype=shem, rtype=greedy, iptype=metisrb
 dbglvl=0, ufactor=1.200, no2hop=NO, minconn=NO, contig=NO, nooutput=NO
 seed=-1, niter=10, ncuts=1

Direct k-way Partitioning ---------------------------------------------------
 - Edgecut: 9159, communication volume: 77.

 - Balance:
     constraint #0:  1.153 out of 0.577

 - Most overweight partition:
     pid: 0, actual: 1600, desired: 1387, ratio: 1.15.

 - Subdomain connectivity: max: 7, min: 2, avg: 4.00

 - Each partition is contiguous.

Timing Information ----------------------------------------------------------
  I/O:          		   0.001 sec
  Partitioning: 		   0.002 sec   (METIS time)
  Reporting:    		   0.000 sec

Memory Information ----------------------------------------------------------
  Max memory used:		   0.071 MB
******************************************************************************
LEO31: 41.976734842043555: ['LEO11', 'LEO12', 'LEO21', 'LEO22', 'LEO31', 'LEO32']
LEO13: 18.55818667355649: ['LEO13', 'LEO14', 'LEO15', 'LEO23', 'LEO33', 'LEO42', 'LEO43', 'LEO52']
LEO39: 54.14517219019786: ['LEO16', 'LEO17', 'LEO18', 'LEO19', 'LEO24', 'LEO25', 'LEO26', 'LEO27', 'LEO28', 'LEO29', 'LEO34', 'LEO35', 'LEO36', 'LEO39', 'LEO44', 'LEO45', 'LEO46', 'LEO47', 'LEO49', 'LEO53', 'LEO54', 'LEO55', 'LEO56', 'LEO57', 'LEO63', 'LEO64', 'LEO65', 'LEO66', 'LEO74', 'LEO75', 'LEO84', 'LEO85']
LEO48: 36.60335191036657: ['LEO37', 'LEO38', 'LEO48']
LEO51: 53.75116138255816: ['LEO41', 'LEO51', 'LEO59', 'LEO61', 'LEO62', 'LEO71', 'LEO72']
LEO68: 36.51445671470805: ['LEO58', 'LEO67', 'LEO68', 'LEO69']
LEO81: 25.719820200118733: ['LEO73', 'LEO81', 'LEO82', 'LEO83', 'LEO89']
LEO78: 26.874463914912635: ['LEO76', 'LEO77', 'LEO78', 'LEO79', 'LEO86', 'LEO87', 'LEO88']
sum_con_loads:  294.14
max_con_loads:   54.15
avg_setup_time: 200.29
