******************************************************************************
METIS 5.0 Copyright 1998-13, Regents of the University of Minnesota
 (HEAD: , Built on: Dec 17 2022, 08:18:35)
 size of idx_t: 64bits, real_t: 32bits, idx_t *: 64bits

Graph Information -----------------------------------------------------------
 Name: MetisTopos/1686, #Vertices: 72, #Edges: 127, #Parts: 8

Options ---------------------------------------------------------------------
 ptype=kway, objtype=cut, ctype=shem, rtype=greedy, iptype=metisrb
 dbglvl=0, ufactor=3.000, no2hop=NO, minconn=NO, contig=YES, nooutput=NO
 seed=-1, niter=10, ncuts=1

Direct k-way Partitioning ---------------------------------------------------
 - Edgecut: 6240, communication volume: 70.

 - Balance:
     constraint #0:  2.955 out of 0.577

 - Most overweight partition:
     pid: 7, actual: 4100, desired: 1387, ratio: 2.95.

 - Subdomain connectivity: max: 6, min: 0, avg: 3.25

 - There are 0 non-contiguous partitions.
   Total components after removing the cut edges: 7,
   max components: 1 for pid: 1.

Timing Information ----------------------------------------------------------
  I/O:          		   0.001 sec
  Partitioning: 		   0.001 sec   (METIS time)
  Reporting:    		   0.000 sec

Memory Information ----------------------------------------------------------
  Max memory used:		   0.071 MB
******************************************************************************
LEO41: 89.35993676764316: ['LEO11', 'LEO21', 'LEO22', 'LEO23', 'LEO28', 'LEO29', 'LEO31', 'LEO38', 'LEO39', 'LEO41', 'LEO48', 'LEO49', 'LEO51', 'LEO59', 'LEO61', 'LEO71']
LEO12: 17.640922997984486: ['LEO12', 'LEO13', 'LEO14', 'LEO15', 'LEO16']
LEO37: 20.267663395870883: ['LEO17', 'LEO18', 'LEO19', 'LEO27', 'LEO37']
LEO78: 38.92749280649092: ['LEO24', 'LEO25', 'LEO26', 'LEO34', 'LEO35', 'LEO36', 'LEO44', 'LEO45', 'LEO46', 'LEO53', 'LEO54', 'LEO55', 'LEO56', 'LEO62', 'LEO63', 'LEO64', 'LEO65', 'LEO66', 'LEO72', 'LEO73', 'LEO74', 'LEO75', 'LEO76', 'LEO77', 'LEO78', 'LEO79', 'LEO83', 'LEO84', 'LEO85', 'LEO86', 'LEO87', 'LEO88']
LEO33: 9.990907287807277: ['LEO32', 'LEO33', 'LEO42', 'LEO43', 'LEO52']
LEO58: 38.01492206242539: ['LEO47', 'LEO57', 'LEO58', 'LEO67', 'LEO68', 'LEO69']
LEO81: 21.33128649885265: ['LEO81', 'LEO82', 'LEO89']
sum_con_loads:  235.53
max_con_loads:   89.36
avg_setup_time: 251.79
