******************************************************************************
METIS 5.0 Copyright 1998-13, Regents of the University of Minnesota
 (HEAD: , Built on: Dec 17 2022, 08:18:35)
 size of idx_t: 64bits, real_t: 32bits, idx_t *: 64bits

Graph Information -----------------------------------------------------------
 Name: MetisTopos/1686, #Vertices: 72, #Edges: 127, #Parts: 8

Options ---------------------------------------------------------------------
 ptype=kway, objtype=cut, ctype=shem, rtype=greedy, iptype=metisrb
 dbglvl=0, ufactor=1.500, no2hop=NO, minconn=NO, contig=NO, nooutput=NO
 seed=-1, niter=10, ncuts=1

Direct k-way Partitioning ---------------------------------------------------
 - Edgecut: 8975, communication volume: 80.

 - Balance:
     constraint #0:  1.441 out of 0.577

 - Most overweight partition:
     pid: 7, actual: 2000, desired: 1387, ratio: 1.44.

 - Subdomain connectivity: max: 6, min: 2, avg: 4.00

 - Each partition is contiguous.

Timing Information ----------------------------------------------------------
  I/O:          		   0.001 sec
  Partitioning: 		   0.002 sec   (METIS time)
  Reporting:    		   0.000 sec

Memory Information ----------------------------------------------------------
  Max memory used:		   0.071 MB
******************************************************************************
LEO11: 23.187897330645978: ['LEO11', 'LEO12', 'LEO13', 'LEO14', 'LEO15', 'LEO19']
LEO38: 24.97413270954032: ['LEO16', 'LEO17', 'LEO18', 'LEO26', 'LEO27', 'LEO28', 'LEO36', 'LEO37', 'LEO38', 'LEO46', 'LEO47']
LEO31: 69.00252900035856: ['LEO21', 'LEO22', 'LEO23', 'LEO29', 'LEO31', 'LEO39', 'LEO41', 'LEO49', 'LEO51', 'LEO59']
LEO78: 29.571084383633305: ['LEO24', 'LEO25', 'LEO34', 'LEO35', 'LEO44', 'LEO45', 'LEO54', 'LEO55', 'LEO56', 'LEO64', 'LEO65', 'LEO66', 'LEO74', 'LEO75', 'LEO76', 'LEO77', 'LEO78', 'LEO79', 'LEO84', 'LEO85', 'LEO86', 'LEO87', 'LEO88']
LEO61: 55.41054932779418: ['LEO32', 'LEO33', 'LEO42', 'LEO43', 'LEO52', 'LEO53', 'LEO61', 'LEO62', 'LEO63', 'LEO71', 'LEO72', 'LEO73']
LEO48: 34.26674478802659: ['LEO48', 'LEO58']
LEO68: 32.607945098020124: ['LEO57', 'LEO67', 'LEO68', 'LEO69']
LEO81: 21.33128649885265: ['LEO81', 'LEO82', 'LEO83', 'LEO89']
sum_con_loads:  290.35
max_con_loads:   69.00
avg_setup_time: 201.71
