******************************************************************************
METIS 5.0 Copyright 1998-13, Regents of the University of Minnesota
 (HEAD: , Built on: Dec 17 2022, 08:18:35)
 size of idx_t: 64bits, real_t: 32bits, idx_t *: 64bits

Graph Information -----------------------------------------------------------
 Name: MetisTopos/1686, #Vertices: 72, #Edges: 127, #Parts: 8

Options ---------------------------------------------------------------------
 ptype=kway, objtype=cut, ctype=shem, rtype=greedy, iptype=metisrb
 dbglvl=0, ufactor=1.600, no2hop=NO, minconn=NO, contig=NO, nooutput=NO
 seed=-1, niter=10, ncuts=1

Direct k-way Partitioning ---------------------------------------------------
 - Edgecut: 7966, communication volume: 78.

 - Balance:
     constraint #0:  1.514 out of 0.577

 - Most overweight partition:
     pid: 6, actual: 2100, desired: 1387, ratio: 1.51.

 - Subdomain connectivity: max: 6, min: 3, avg: 4.25

 - Each partition is contiguous.

Timing Information ----------------------------------------------------------
  I/O:          		   0.001 sec
  Partitioning: 		   0.002 sec   (METIS time)
  Reporting:    		   0.000 sec

Memory Information ----------------------------------------------------------
  Max memory used:		   0.071 MB
******************************************************************************
LEO31: 41.976734842043555: ['LEO11', 'LEO12', 'LEO21', 'LEO22', 'LEO31', 'LEO32']
LEO33: 20.030008703089653: ['LEO13', 'LEO14', 'LEO15', 'LEO23', 'LEO24', 'LEO33', 'LEO34', 'LEO35', 'LEO43', 'LEO44', 'LEO45', 'LEO54', 'LEO55', 'LEO64', 'LEO65', 'LEO74', 'LEO75', 'LEO84', 'LEO85']
LEO37: 21.715206550924883: ['LEO16', 'LEO17', 'LEO25', 'LEO26', 'LEO27', 'LEO36', 'LEO37', 'LEO46', 'LEO47', 'LEO56', 'LEO57']
LEO39: 46.08541930839139: ['LEO18', 'LEO19', 'LEO28', 'LEO29', 'LEO38', 'LEO39', 'LEO48', 'LEO49']
LEO51: 55.1261578893235: ['LEO41', 'LEO42', 'LEO51', 'LEO52', 'LEO53', 'LEO59', 'LEO61', 'LEO62', 'LEO63', 'LEO71', 'LEO72', 'LEO73']
LEO68: 36.51445671470805: ['LEO58', 'LEO67', 'LEO68', 'LEO69']
LEO78: 27.6972853191599: ['LEO66', 'LEO76', 'LEO77', 'LEO78', 'LEO79', 'LEO86', 'LEO87', 'LEO88']
LEO81: 21.33128649885265: ['LEO81', 'LEO82', 'LEO83', 'LEO89']
sum_con_loads:  270.48
max_con_loads:   55.13
avg_setup_time: 185.26
