******************************************************************************
METIS 5.0 Copyright 1998-13, Regents of the University of Minnesota
 (HEAD: , Built on: Dec 17 2022, 08:18:35)
 size of idx_t: 64bits, real_t: 32bits, idx_t *: 64bits

Graph Information -----------------------------------------------------------
 Name: MetisTopos/1686, #Vertices: 72, #Edges: 127, #Parts: 8

Options ---------------------------------------------------------------------
 ptype=kway, objtype=cut, ctype=shem, rtype=greedy, iptype=metisrb
 dbglvl=0, ufactor=1.800, no2hop=NO, minconn=NO, contig=YES, nooutput=NO
 seed=-1, niter=10, ncuts=1

Direct k-way Partitioning ---------------------------------------------------
 - Edgecut: 7859, communication volume: 74.

 - Balance:
     constraint #0:  1.730 out of 0.577

 - Most overweight partition:
     pid: 7, actual: 2400, desired: 1387, ratio: 1.73.

 - Subdomain connectivity: max: 7, min: 3, avg: 4.50

 - Each partition is contiguous.

Timing Information ----------------------------------------------------------
  I/O:          		   0.001 sec
  Partitioning: 		   0.002 sec   (METIS time)
  Reporting:    		   0.000 sec

Memory Information ----------------------------------------------------------
  Max memory used:		   0.071 MB
******************************************************************************
LEO41: 75.68427771717586: ['LEO11', 'LEO21', 'LEO22', 'LEO31', 'LEO39', 'LEO41', 'LEO49', 'LEO51', 'LEO59', 'LEO61', 'LEO71']
LEO12: 27.709105646650265: ['LEO12', 'LEO13', 'LEO14', 'LEO15', 'LEO23', 'LEO24', 'LEO25', 'LEO32', 'LEO33', 'LEO34', 'LEO42', 'LEO43', 'LEO44', 'LEO52', 'LEO53', 'LEO54']
LEO38: 36.347935995839435: ['LEO16', 'LEO17', 'LEO18', 'LEO19', 'LEO26', 'LEO27', 'LEO28', 'LEO29', 'LEO35', 'LEO36', 'LEO37', 'LEO38']
LEO78: 29.040171371411883: ['LEO45', 'LEO46', 'LEO55', 'LEO56', 'LEO64', 'LEO65', 'LEO66', 'LEO74', 'LEO75', 'LEO76', 'LEO77', 'LEO78', 'LEO79', 'LEO84', 'LEO85', 'LEO86', 'LEO87', 'LEO88']
LEO58: 37.639510842443336: ['LEO47', 'LEO48', 'LEO57', 'LEO58']
LEO72: 15.766010918509531: ['LEO62', 'LEO63', 'LEO72', 'LEO73', 'LEO82', 'LEO83']
LEO68: 25.2535161851049: ['LEO67', 'LEO68', 'LEO69']
LEO81: 20.38423647360662: ['LEO81', 'LEO89']
sum_con_loads:  267.82
max_con_loads:   75.68
avg_setup_time: 200.23
