0.03 , iter--1, SumLoad: 358.4930, MaxCon: LEO61, Load: 67.1995 
0.04 , iter--2, SumLoad: 353.7415, MaxCon: LEO31, Load: 67.1122 
0.06 , iter--3, SumLoad: 337.7854, MaxCon: LEO21, Load: 61.2448 
0.08 , iter--4, SumLoad: 333.2010, MaxCon: LEO62, Load: 57.1367 
0.10 , iter--5, SumLoad: 322.7057, MaxCon: LEO22, Load: 56.9985 
0.12 , iter--6, SumLoad: 320.5929, MaxCon: LEO33, Load: 56.4906 
0.14 , iter--7, SumLoad: 327.8853, MaxCon: LEO33, Load: 54.8897 
0.17 , iter--8, SumLoad: 319.7788, MaxCon: LEO51, Load: 53.0337 
0.19 , iter--9, SumLoad: 319.6666, MaxCon: LEO51, Load: 52.9776 
0.21 , iter-10, SumLoad: 319.5550, MaxCon: LEO51, Load: 52.9404 
0.23 , iter-11, SumLoad: 316.9351, MaxCon: LEO51, Load: 51.6304 
0.25 , iter-12, SumLoad: 306.7313, MaxCon: LEO33, Load: 49.8121 
0.27 , iter-13, SumLoad: 302.9454, MaxCon: LEO11, Load: 48.4083 
0.29 , iter-14, SumLoad: 299.8508, MaxCon: LEO33, Load: 47.9191 
0.32 , iter-15, SumLoad: 298.5190, MaxCon: LEO11, Load: 47.8412 
0.34 , iter-16, SumLoad: 298.5190, MaxCon: LEO13, Load: 47.8412 
LEO23: 47.8411664427871: ['LEO11', 'LEO13', 'LEO14', 'LEO15', 'LEO16', 'LEO17', 'LEO18', 'LEO19', 'LEO24', 'LEO23', 'LEO34', 'LEO35', 'LEO44', 'LEO36', 'LEO46', 'LEO26', 'LEO54', 'LEO64', 'LEO55', 'LEO45', 'LEO65', 'LEO33']
LEO32: 37.70129265606268: ['LEO22', 'LEO25', 'LEO27', 'LEO29', 'LEO32', 'LEO42', 'LEO12']
LEO53: 42.57890745490096: ['LEO37', 'LEO63', 'LEO53', 'LEO43']
LEO41: 45.847687966545536: ['LEO41', 'LEO48', 'LEO49', 'LEO21', 'LEO31', 'LEO39', 'LEO38', 'LEO28']
LEO51: 47.570258344197406: ['LEO51', 'LEO52', 'LEO58', 'LEO59', 'LEO61', 'LEO71', 'LEO79']
LEO69: 18.22255062419428: ['LEO62', 'LEO68', 'LEO69']
LEO73: 37.42101754616861: ['LEO72', 'LEO73', 'LEO74', 'LEO75', 'LEO76', 'LEO77', 'LEO78', 'LEO56', 'LEO66', 'LEO57', 'LEO47', 'LEO67']
LEO83: 21.336127314663475: ['LEO81', 'LEO82', 'LEO83', 'LEO84', 'LEO85', 'LEO86', 'LEO87', 'LEO88', 'LEO89']
sum_con_loads:  298.52
max_con_loads:   47.84
avg_setup_time: 201.80
