******************************************************************************
METIS 5.0 Copyright 1998-13, Regents of the University of Minnesota
 (HEAD: , Built on: Dec 17 2022, 08:18:35)
 size of idx_t: 64bits, real_t: 32bits, idx_t *: 64bits

Graph Information -----------------------------------------------------------
 Name: MetisTopos/911, #Vertices: 72, #Edges: 128, #Parts: 8

Options ---------------------------------------------------------------------
 ptype=kway, objtype=cut, ctype=shem, rtype=greedy, iptype=metisrb
 dbglvl=0, ufactor=1.100, no2hop=NO, minconn=NO, contig=NO, nooutput=NO
 seed=-1, niter=10, ncuts=1

Direct k-way Partitioning ---------------------------------------------------
 - Edgecut: 10944, communication volume: 84.

 - Balance:
     constraint #0:  1.076 out of 0.403

 - Most overweight partition:
     pid: 0, actual: 1600, desired: 1487, ratio: 1.08.

 - Subdomain connectivity: max: 7, min: 3, avg: 4.00

 - There are 1 non-contiguous partitions.
   Total components after removing the cut edges: 9,
   max components: 2 for pid: 6.

Timing Information ----------------------------------------------------------
  I/O:          		   0.001 sec
  Partitioning: 		   0.002 sec   (METIS time)
  Reporting:    		   0.000 sec

Memory Information ----------------------------------------------------------
  Max memory used:		   0.072 MB
******************************************************************************
LEO21: 26.838456036588923: ['LEO11', 'LEO12', 'LEO19', 'LEO21', 'LEO29']
LEO23: 46.74723355786234: ['LEO13', 'LEO23', 'LEO33']
LEO24: 27.026486312948716: ['LEO14', 'LEO15', 'LEO24', 'LEO25', 'LEO34', 'LEO35']
LEO42: 75.99394328248472: ['LEO16', 'LEO17', 'LEO18', 'LEO22', 'LEO26', 'LEO27', 'LEO28', 'LEO32', 'LEO36', 'LEO37', 'LEO38', 'LEO42', 'LEO45', 'LEO46', 'LEO47', 'LEO48', 'LEO55', 'LEO56', 'LEO57', 'LEO58', 'LEO65', 'LEO66', 'LEO67', 'LEO76', 'LEO77', 'LEO86', 'LEO87']
LEO41: 58.904336192789195: ['LEO31', 'LEO39', 'LEO41', 'LEO49', 'LEO51', 'LEO59', 'LEO61']
LEO73: 26.8446995250142: ['LEO43', 'LEO44', 'LEO53', 'LEO54', 'LEO63', 'LEO64', 'LEO73', 'LEO74', 'LEO75', 'LEO83', 'LEO84', 'LEO85']
LEO62: 43.47432719515311: ['LEO52', 'LEO62', 'LEO71', 'LEO72', 'LEO81', 'LEO82', 'LEO88', 'LEO89']
LEO69: 31.86414310377841: ['LEO68', 'LEO69', 'LEO78', 'LEO79']
sum_con_loads:  337.69
max_con_loads:   75.99
avg_setup_time: 214.84
