******************************************************************************
METIS 5.0 Copyright 1998-13, Regents of the University of Minnesota
 (HEAD: , Built on: Dec 17 2022, 08:18:35)
 size of idx_t: 64bits, real_t: 32bits, idx_t *: 64bits

Graph Information -----------------------------------------------------------
 Name: MetisTopos/911, #Vertices: 72, #Edges: 128, #Parts: 8

Options ---------------------------------------------------------------------
 ptype=kway, objtype=cut, ctype=shem, rtype=greedy, iptype=metisrb
 dbglvl=0, ufactor=2.200, no2hop=NO, minconn=NO, contig=NO, nooutput=NO
 seed=-1, niter=10, ncuts=1

Direct k-way Partitioning ---------------------------------------------------
 - Edgecut: 9301, communication volume: 80.

 - Balance:
     constraint #0:  2.151 out of 0.403

 - Most overweight partition:
     pid: 6, actual: 3200, desired: 1487, ratio: 2.15.

 - Subdomain connectivity: max: 6, min: 2, avg: 4.00

 - Each partition is contiguous.

Timing Information ----------------------------------------------------------
  I/O:          		   0.001 sec
  Partitioning: 		   0.002 sec   (METIS time)
  Reporting:    		   0.000 sec

Memory Information ----------------------------------------------------------
  Max memory used:		   0.072 MB
******************************************************************************
LEO41: 71.81960932713288: ['LEO11', 'LEO21', 'LEO31', 'LEO41', 'LEO49', 'LEO51', 'LEO59']
LEO32: 64.44621257072632: ['LEO12', 'LEO13', 'LEO14', 'LEO22', 'LEO23', 'LEO24', 'LEO32', 'LEO33', 'LEO34', 'LEO42', 'LEO43', 'LEO44']
LEO58: 17.78815214235171: ['LEO15', 'LEO16', 'LEO17', 'LEO25', 'LEO26', 'LEO27', 'LEO35', 'LEO36', 'LEO37', 'LEO45', 'LEO46', 'LEO47', 'LEO48', 'LEO55', 'LEO56', 'LEO57', 'LEO58', 'LEO67', 'LEO68']
LEO39: 19.51815182737718: ['LEO18', 'LEO19', 'LEO28', 'LEO29', 'LEO38', 'LEO39']
LEO52: 37.93202725029971: ['LEO52', 'LEO53', 'LEO54', 'LEO63', 'LEO64', 'LEO65', 'LEO66', 'LEO75', 'LEO76', 'LEO85', 'LEO86']
LEO61: 65.5623675547624: ['LEO61', 'LEO62', 'LEO69', 'LEO71', 'LEO72', 'LEO77', 'LEO78', 'LEO79', 'LEO87', 'LEO88', 'LEO89']
LEO74: 10.29054924927771: ['LEO73', 'LEO74']
LEO82: 17.64517560196564: ['LEO81', 'LEO82', 'LEO83', 'LEO84']
sum_con_loads:  305.00
max_con_loads:   71.82
avg_setup_time: 220.47
