******************************************************************************
METIS 5.0 Copyright 1998-13, Regents of the University of Minnesota
 (HEAD: , Built on: Dec 17 2022, 08:18:35)
 size of idx_t: 64bits, real_t: 32bits, idx_t *: 64bits

Graph Information -----------------------------------------------------------
 Name: MetisTopos/911, #Vertices: 72, #Edges: 128, #Parts: 8

Options ---------------------------------------------------------------------
 ptype=kway, objtype=cut, ctype=shem, rtype=greedy, iptype=metisrb
 dbglvl=0, ufactor=2.700, no2hop=NO, minconn=NO, contig=NO, nooutput=NO
 seed=-1, niter=10, ncuts=1

Direct k-way Partitioning ---------------------------------------------------
 - Edgecut: 6893, communication volume: 74.

 - Balance:
     constraint #0:  2.689 out of 0.403

 - Most overweight partition:
     pid: 2, actual: 4000, desired: 1487, ratio: 2.69.

 - Subdomain connectivity: max: 6, min: 0, avg: 3.75

 - There are 0 non-contiguous partitions.
   Total components after removing the cut edges: 7,
   max components: 1 for pid: 0.

Timing Information ----------------------------------------------------------
  I/O:          		   0.001 sec
  Partitioning: 		   0.001 sec   (METIS time)
  Reporting:    		   0.000 sec

Memory Information ----------------------------------------------------------
  Max memory used:		   0.072 MB
******************************************************************************
LEO32: 75.07183323516266: ['LEO11', 'LEO12', 'LEO13', 'LEO14', 'LEO15', 'LEO19', 'LEO21', 'LEO22', 'LEO23', 'LEO24', 'LEO25', 'LEO29', 'LEO31', 'LEO32', 'LEO33', 'LEO43']
LEO38: 18.13136397078804: ['LEO16', 'LEO17', 'LEO18', 'LEO26', 'LEO27', 'LEO28', 'LEO37', 'LEO38', 'LEO39', 'LEO46', 'LEO47', 'LEO57', 'LEO66', 'LEO67', 'LEO76', 'LEO77', 'LEO81', 'LEO86', 'LEO87', 'LEO88', 'LEO89']
LEO34: 13.143013633936114: ['LEO34', 'LEO35', 'LEO36', 'LEO44', 'LEO45', 'LEO54', 'LEO55', 'LEO56', 'LEO65']
LEO51: 89.41874629568308: ['LEO41', 'LEO42', 'LEO48', 'LEO49', 'LEO51', 'LEO52', 'LEO53', 'LEO58', 'LEO59', 'LEO61', 'LEO62', 'LEO63', 'LEO68', 'LEO69']
LEO74: 10.427759115947108: ['LEO64', 'LEO74', 'LEO75']
LEO72: 29.285652757627403: ['LEO71', 'LEO72', 'LEO73', 'LEO82', 'LEO83', 'LEO84', 'LEO85']
LEO79: 21.211568322305588: ['LEO78', 'LEO79']
sum_con_loads:  256.69
max_con_loads:   89.42
avg_setup_time: 254.28
