******************************************************************************
METIS 5.0 Copyright 1998-13, Regents of the University of Minnesota
 (HEAD: , Built on: Dec 17 2022, 08:18:35)
 size of idx_t: 64bits, real_t: 32bits, idx_t *: 64bits

Graph Information -----------------------------------------------------------
 Name: MetisTopos/911, #Vertices: 72, #Edges: 128, #Parts: 8

Options ---------------------------------------------------------------------
 ptype=kway, objtype=cut, ctype=shem, rtype=greedy, iptype=metisrb
 dbglvl=0, ufactor=1.200, no2hop=NO, minconn=NO, contig=YES, nooutput=NO
 seed=-1, niter=10, ncuts=1

Direct k-way Partitioning ---------------------------------------------------
 - Edgecut: 9828, communication volume: 80.

 - Balance:
     constraint #0:  1.143 out of 0.403

 - Most overweight partition:
     pid: 5, actual: 1700, desired: 1487, ratio: 1.14.

 - Subdomain connectivity: max: 7, min: 2, avg: 4.25

 - Each partition is contiguous.

Timing Information ----------------------------------------------------------
  I/O:          		   0.001 sec
  Partitioning: 		   0.002 sec   (METIS time)
  Reporting:    		   0.000 sec

Memory Information ----------------------------------------------------------
  Max memory used:		   0.072 MB
******************************************************************************
LEO21: 26.838456036588923: ['LEO11', 'LEO12', 'LEO19', 'LEO21', 'LEO29']
LEO32: 60.93936002635576: ['LEO13', 'LEO22', 'LEO23', 'LEO32', 'LEO42', 'LEO52']
LEO24: 27.026486312948716: ['LEO14', 'LEO15', 'LEO24', 'LEO25', 'LEO34', 'LEO35']
LEO31: 36.78684946196578: ['LEO16', 'LEO17', 'LEO18', 'LEO26', 'LEO27', 'LEO28', 'LEO31', 'LEO36', 'LEO37', 'LEO38', 'LEO39', 'LEO45', 'LEO46', 'LEO47', 'LEO48', 'LEO55', 'LEO56', 'LEO57', 'LEO58', 'LEO65', 'LEO66', 'LEO67', 'LEO68', 'LEO75', 'LEO76', 'LEO77', 'LEO85', 'LEO86', 'LEO87', 'LEO88', 'LEO89']
LEO63: 37.163572551998996: ['LEO33', 'LEO43', 'LEO44', 'LEO53', 'LEO54', 'LEO63', 'LEO64', 'LEO73', 'LEO74']
LEO51: 54.70054782462405: ['LEO41', 'LEO49', 'LEO51', 'LEO59', 'LEO61']
LEO62: 40.08676554368467: ['LEO62', 'LEO71', 'LEO72', 'LEO81', 'LEO82', 'LEO83', 'LEO84']
LEO69: 31.864143103778414: ['LEO69', 'LEO78', 'LEO79']
sum_con_loads:  315.41
max_con_loads:   60.94
avg_setup_time: 204.22
