******************************************************************************
METIS 5.0 Copyright 1998-13, Regents of the University of Minnesota
 (HEAD: , Built on: Dec 17 2022, 08:18:35)
 size of idx_t: 64bits, real_t: 32bits, idx_t *: 64bits

Graph Information -----------------------------------------------------------
 Name: MetisTopos/911, #Vertices: 72, #Edges: 128, #Parts: 8

Options ---------------------------------------------------------------------
 ptype=kway, objtype=cut, ctype=shem, rtype=greedy, iptype=metisrb
 dbglvl=0, ufactor=1.300, no2hop=NO, minconn=NO, contig=NO, nooutput=NO
 seed=-1, niter=10, ncuts=1

Direct k-way Partitioning ---------------------------------------------------
 - Edgecut: 9583, communication volume: 77.

 - Balance:
     constraint #0:  1.277 out of 0.403

 - Most overweight partition:
     pid: 1, actual: 1900, desired: 1487, ratio: 1.28.

 - Subdomain connectivity: max: 6, min: 2, avg: 4.00

 - Each partition is contiguous.

Timing Information ----------------------------------------------------------
  I/O:          		   0.001 sec
  Partitioning: 		   0.002 sec   (METIS time)
  Reporting:    		   0.000 sec

Memory Information ----------------------------------------------------------
  Max memory used:		   0.072 MB
******************************************************************************
LEO21: 26.838456036588923: ['LEO11', 'LEO12', 'LEO19', 'LEO21', 'LEO29']
LEO32: 59.3477802896917: ['LEO13', 'LEO22', 'LEO23', 'LEO32', 'LEO33', 'LEO42']
LEO24: 27.026486312948713: ['LEO14', 'LEO15', 'LEO24', 'LEO25', 'LEO34', 'LEO35', 'LEO36']
LEO41: 52.628174587983764: ['LEO16', 'LEO17', 'LEO18', 'LEO26', 'LEO27', 'LEO28', 'LEO31', 'LEO37', 'LEO38', 'LEO39', 'LEO41', 'LEO47', 'LEO48', 'LEO49', 'LEO57', 'LEO67']
LEO73: 28.0578779560416: ['LEO43', 'LEO44', 'LEO45', 'LEO46', 'LEO53', 'LEO54', 'LEO55', 'LEO56', 'LEO63', 'LEO64', 'LEO65', 'LEO66', 'LEO73', 'LEO74', 'LEO75', 'LEO76', 'LEO83', 'LEO84', 'LEO85', 'LEO86']
LEO51: 49.73615089002877: ['LEO51', 'LEO58', 'LEO59', 'LEO61', 'LEO68', 'LEO69']
LEO62: 43.47432719515311: ['LEO52', 'LEO62', 'LEO71', 'LEO72', 'LEO81', 'LEO82']
LEO79: 23.21665398772441: ['LEO77', 'LEO78', 'LEO79', 'LEO87', 'LEO88', 'LEO89']
sum_con_loads:  310.33
max_con_loads:   59.35
avg_setup_time: 187.01
