******************************************************************************
METIS 5.0 Copyright 1998-13, Regents of the University of Minnesota
 (HEAD: , Built on: Dec 17 2022, 08:18:35)
 size of idx_t: 64bits, real_t: 32bits, idx_t *: 64bits

Graph Information -----------------------------------------------------------
 Name: MetisTopos/177, #Vertices: 72, #Edges: 126, #Parts: 8

Options ---------------------------------------------------------------------
 ptype=kway, objtype=cut, ctype=shem, rtype=greedy, iptype=metisrb
 dbglvl=0, ufactor=2.000, no2hop=NO, minconn=NO, contig=YES, nooutput=NO
 seed=-1, niter=10, ncuts=1

Direct k-way Partitioning ---------------------------------------------------
 - Edgecut: 9563, communication volume: 79.

 - Balance:
     constraint #0:  1.951 out of 0.455

 - Most overweight partition:
     pid: 5, actual: 3000, desired: 1537, ratio: 1.95.

 - Subdomain connectivity: max: 6, min: 2, avg: 4.00

 - Each partition is contiguous.

Timing Information ----------------------------------------------------------
  I/O:          		   0.001 sec
  Partitioning: 		   0.002 sec   (METIS time)
  Reporting:    		   0.000 sec

Memory Information ----------------------------------------------------------
  Max memory used:		   0.071 MB
******************************************************************************
LEO22: 29.52756806400146: ['LEO11', 'LEO12', 'LEO19', 'LEO21', 'LEO22', 'LEO23', 'LEO29']
LEO14: 17.67817100212831: ['LEO13', 'LEO14', 'LEO15']
LEO36: 26.09945080776779: ['LEO16', 'LEO17', 'LEO18', 'LEO26', 'LEO27', 'LEO28', 'LEO35', 'LEO36', 'LEO37', 'LEO38', 'LEO39']
LEO33: 87.75961105158407: ['LEO24', 'LEO25', 'LEO31', 'LEO32', 'LEO33', 'LEO34', 'LEO41', 'LEO42', 'LEO43', 'LEO53']
LEO64: 22.055183731026833: ['LEO44', 'LEO45', 'LEO46', 'LEO54', 'LEO55', 'LEO56', 'LEO64', 'LEO65', 'LEO66', 'LEO67', 'LEO74', 'LEO75', 'LEO76']
LEO69: 24.35104378049712: ['LEO47', 'LEO48', 'LEO49', 'LEO57', 'LEO58', 'LEO59', 'LEO68', 'LEO69', 'LEO77', 'LEO78', 'LEO79', 'LEO81', 'LEO82', 'LEO87', 'LEO88', 'LEO89']
LEO63: 75.39339994773545: ['LEO51', 'LEO52', 'LEO62', 'LEO63', 'LEO73', 'LEO83', 'LEO84', 'LEO85', 'LEO86']
LEO61: 31.05140615842449: ['LEO61', 'LEO71', 'LEO72']
sum_con_loads:  313.92
max_con_loads:   87.76
avg_setup_time: 263.84
