******************************************************************************
METIS 5.0 Copyright 1998-13, Regents of the University of Minnesota
 (HEAD: , Built on: Dec 17 2022, 08:18:35)
 size of idx_t: 64bits, real_t: 32bits, idx_t *: 64bits

Graph Information -----------------------------------------------------------
 Name: MetisTopos/177, #Vertices: 72, #Edges: 126, #Parts: 8

Options ---------------------------------------------------------------------
 ptype=kway, objtype=cut, ctype=shem, rtype=greedy, iptype=metisrb
 dbglvl=0, ufactor=1.100, no2hop=NO, minconn=NO, contig=NO, nooutput=NO
 seed=-1, niter=10, ncuts=1

Direct k-way Partitioning ---------------------------------------------------
 - Edgecut: 12898, communication volume: 82.

 - Balance:
     constraint #0:  1.041 out of 0.455

 - Most overweight partition:
     pid: 1, actual: 1600, desired: 1537, ratio: 1.04.

 - Subdomain connectivity: max: 5, min: 3, avg: 4.00

 - There are 1 non-contiguous partitions.
   Total components after removing the cut edges: 9,
   max components: 2 for pid: 4.

Timing Information ----------------------------------------------------------
  I/O:          		   0.001 sec
  Partitioning: 		   0.002 sec   (METIS time)
  Reporting:    		   0.000 sec

Memory Information ----------------------------------------------------------
  Max memory used:		   0.071 MB
******************************************************************************
LEO31: ['LEO11', 'LEO19', 'LEO21', 'LEO29', 'LEO31', 'LEO39', 'LEO41', 'LEO49']

LEO33: ['LEO12', 'LEO13', 'LEO22', 'LEO23', 'LEO32', 'LEO33', 'LEO42', 'LEO43']

LEO34: ['LEO14', 'LEO24', 'LEO34']

LEO25: ['LEO15', 'LEO16', 'LEO25', 'LEO26', 'LEO35', 'LEO36']

LEO79: ['LEO17', 'LEO18', 'LEO27', 'LEO28', 'LEO37', 'LEO38', 'LEO48', 'LEO57', 'LEO58', 'LEO59', 'LEO69', 'LEO71', 'LEO72', 'LEO79', 'LEO81', 'LEO82', 'LEO89']

LEO73: ['LEO44', 'LEO45', 'LEO46', 'LEO47', 'LEO54', 'LEO55', 'LEO56', 'LEO64', 'LEO65', 'LEO66', 'LEO67', 'LEO68', 'LEO73', 'LEO74', 'LEO75', 'LEO76', 'LEO77', 'LEO78', 'LEO85', 'LEO86', 'LEO87', 'LEO88']

LEO52: ['LEO51', 'LEO52', 'LEO61', 'LEO62']

LEO63: ['LEO53', 'LEO63', 'LEO83', 'LEO84']

sum_con_loads:  380.61

max_con_loads:   71.50

avg_setup_time: 161.30

