******************************************************************************
METIS 5.0 Copyright 1998-13, Regents of the University of Minnesota
 (HEAD: , Built on: Dec 17 2022, 08:18:35)
 size of idx_t: 64bits, real_t: 32bits, idx_t *: 64bits

Graph Information -----------------------------------------------------------
 Name: MetisTopos/177, #Vertices: 72, #Edges: 126, #Parts: 8

Options ---------------------------------------------------------------------
 ptype=kway, objtype=cut, ctype=shem, rtype=greedy, iptype=metisrb
 dbglvl=0, ufactor=2.500, no2hop=NO, minconn=NO, contig=NO, nooutput=NO
 seed=-1, niter=10, ncuts=1

Direct k-way Partitioning ---------------------------------------------------
 - Edgecut: 7743, communication volume: 83.

 - Balance:
     constraint #0:  2.472 out of 0.455

 - Most overweight partition:
     pid: 7, actual: 3800, desired: 1537, ratio: 2.47.

 - Subdomain connectivity: max: 6, min: 2, avg: 4.00

 - There are 1 non-contiguous partitions.
   Total components after removing the cut edges: 9,
   max components: 2 for pid: 1.

Timing Information ----------------------------------------------------------
  I/O:          		   0.001 sec
  Partitioning: 		   0.002 sec   (METIS time)
  Reporting:    		   0.000 sec

Memory Information ----------------------------------------------------------
  Max memory used:		   0.071 MB
******************************************************************************
LEO32: ['LEO11', 'LEO12', 'LEO13', 'LEO19', 'LEO21', 'LEO22', 'LEO23', 'LEO29', 'LEO31', 'LEO32', 'LEO39']

LEO24: ['LEO14', 'LEO24']

LEO25: ['LEO15', 'LEO16', 'LEO25', 'LEO26']

LEO35: ['LEO17', 'LEO18', 'LEO27', 'LEO28', 'LEO35', 'LEO36', 'LEO37', 'LEO38', 'LEO48', 'LEO58', 'LEO84', 'LEO85', 'LEO86']

LEO53: ['LEO33', 'LEO34', 'LEO42', 'LEO43', 'LEO52', 'LEO53', 'LEO61', 'LEO62', 'LEO63', 'LEO71', 'LEO72', 'LEO73', 'LEO83']

LEO51: ['LEO41', 'LEO49', 'LEO51', 'LEO59']

LEO64: ['LEO44', 'LEO45', 'LEO46', 'LEO47', 'LEO54', 'LEO55', 'LEO56', 'LEO57', 'LEO64', 'LEO65', 'LEO66', 'LEO74', 'LEO75', 'LEO76']

LEO79: ['LEO67', 'LEO68', 'LEO69', 'LEO77', 'LEO78', 'LEO79', 'LEO81', 'LEO82', 'LEO87', 'LEO88', 'LEO89']

sum_con_loads:  277.45

max_con_loads:   94.60

avg_setup_time: 153.59

