******************************************************************************
METIS 5.0 Copyright 1998-13, Regents of the University of Minnesota
 (HEAD: , Built on: Dec 17 2022, 08:18:35)
 size of idx_t: 64bits, real_t: 32bits, idx_t *: 64bits

Graph Information -----------------------------------------------------------
 Name: MetisTopos/177, #Vertices: 72, #Edges: 126, #Parts: 8

Options ---------------------------------------------------------------------
 ptype=kway, objtype=cut, ctype=shem, rtype=greedy, iptype=metisrb
 dbglvl=0, ufactor=2.600, no2hop=NO, minconn=NO, contig=YES, nooutput=NO
 seed=-1, niter=10, ncuts=1

Direct k-way Partitioning ---------------------------------------------------
 - Edgecut: 7429, communication volume: 80.

 - Balance:
     constraint #0:  2.537 out of 0.455

 - Most overweight partition:
     pid: 7, actual: 3900, desired: 1537, ratio: 2.54.

 - Subdomain connectivity: max: 7, min: 2, avg: 3.75

 - Each partition is contiguous.

Timing Information ----------------------------------------------------------
  I/O:          		   0.001 sec
  Partitioning: 		   0.001 sec   (METIS time)
  Reporting:    		   0.000 sec

Memory Information ----------------------------------------------------------
  Max memory used:		   0.071 MB
******************************************************************************
LEO32: 52.05548392744599: ['LEO11', 'LEO12', 'LEO13', 'LEO19', 'LEO21', 'LEO22', 'LEO29', 'LEO31', 'LEO32', 'LEO39', 'LEO41', 'LEO42', 'LEO49']
LEO24: 31.532010223839766: ['LEO14', 'LEO23', 'LEO24']
LEO25: 16.153133314586004: ['LEO15', 'LEO16', 'LEO25', 'LEO26']
LEO78: 22.92111557733867: ['LEO17', 'LEO18', 'LEO27', 'LEO28', 'LEO36', 'LEO37', 'LEO38', 'LEO48', 'LEO58', 'LEO68', 'LEO69', 'LEO77', 'LEO78', 'LEO79', 'LEO87', 'LEO88', 'LEO89']
LEO53: 93.4618771888918: ['LEO33', 'LEO34', 'LEO35', 'LEO43', 'LEO52', 'LEO53', 'LEO61', 'LEO62', 'LEO63', 'LEO71', 'LEO72', 'LEO73', 'LEO81', 'LEO82', 'LEO83']
LEO64: 11.937947679152261: ['LEO44', 'LEO54', 'LEO64']
LEO74: 16.769906923913805: ['LEO45', 'LEO46', 'LEO47', 'LEO55', 'LEO56', 'LEO57', 'LEO65', 'LEO66', 'LEO67', 'LEO74', 'LEO75', 'LEO76', 'LEO84', 'LEO85', 'LEO86']
LEO51: 26.438248431132244: ['LEO51', 'LEO59']
sum_con_loads:  271.27
max_con_loads:   93.46
avg_setup_time: 291.93
