******************************************************************************
METIS 5.0 Copyright 1998-13, Regents of the University of Minnesota
 (HEAD: , Built on: Dec 17 2022, 08:18:35)
 size of idx_t: 64bits, real_t: 32bits, idx_t *: 64bits

Graph Information -----------------------------------------------------------
 Name: MetisTopos/177, #Vertices: 72, #Edges: 126, #Parts: 8

Options ---------------------------------------------------------------------
 ptype=kway, objtype=cut, ctype=shem, rtype=greedy, iptype=metisrb
 dbglvl=0, ufactor=2.700, no2hop=NO, minconn=NO, contig=NO, nooutput=NO
 seed=-1, niter=10, ncuts=1

Direct k-way Partitioning ---------------------------------------------------
 - Edgecut: 7773, communication volume: 87.

 - Balance:
     constraint #0:  2.667 out of 0.455

 - Most overweight partition:
     pid: 7, actual: 4100, desired: 1537, ratio: 2.67.

 - Subdomain connectivity: max: 7, min: 2, avg: 3.75

 - Each partition is contiguous.

Timing Information ----------------------------------------------------------
  I/O:          		   0.001 sec
  Partitioning: 		   0.001 sec   (METIS time)
  Reporting:    		   0.000 sec

Memory Information ----------------------------------------------------------
  Max memory used:		   0.071 MB
******************************************************************************
LEO31: ['LEO11', 'LEO19', 'LEO21', 'LEO29', 'LEO31', 'LEO39']

LEO33: ['LEO12', 'LEO22', 'LEO23', 'LEO24', 'LEO32', 'LEO33', 'LEO34', 'LEO35', 'LEO43', 'LEO53', 'LEO63', 'LEO73', 'LEO82', 'LEO83']

LEO14: ['LEO13', 'LEO14', 'LEO15']

LEO41: ['LEO16', 'LEO17', 'LEO18', 'LEO25', 'LEO26', 'LEO27', 'LEO28', 'LEO37', 'LEO38', 'LEO41', 'LEO48', 'LEO49', 'LEO58']

LEO76: ['LEO36', 'LEO46', 'LEO47', 'LEO56', 'LEO57', 'LEO66', 'LEO67', 'LEO68', 'LEO76', 'LEO77', 'LEO78', 'LEO81', 'LEO84', 'LEO85', 'LEO86', 'LEO87', 'LEO88', 'LEO89']

LEO52: ['LEO42', 'LEO51', 'LEO52', 'LEO59', 'LEO61', 'LEO62', 'LEO69']

LEO64: ['LEO44', 'LEO45', 'LEO54', 'LEO55', 'LEO64', 'LEO65', 'LEO74', 'LEO75']

LEO71: ['LEO71', 'LEO72', 'LEO79']

sum_con_loads:  278.07

max_con_loads:   95.89

avg_setup_time: 165.50

