******************************************************************************
METIS 5.0 Copyright 1998-13, Regents of the University of Minnesota
 (HEAD: , Built on: Dec 17 2022, 08:18:35)
 size of idx_t: 64bits, real_t: 32bits, idx_t *: 64bits

Graph Information -----------------------------------------------------------
 Name: MetisTopos/177, #Vertices: 72, #Edges: 126, #Parts: 8

Options ---------------------------------------------------------------------
 ptype=kway, objtype=cut, ctype=shem, rtype=greedy, iptype=metisrb
 dbglvl=0, ufactor=2.800, no2hop=NO, minconn=NO, contig=NO, nooutput=NO
 seed=-1, niter=10, ncuts=1

Direct k-way Partitioning ---------------------------------------------------
 - Edgecut: 6812, communication volume: 81.

 - Balance:
     constraint #0:  2.797 out of 0.455

 - Most overweight partition:
     pid: 7, actual: 4300, desired: 1537, ratio: 2.80.

 - Subdomain connectivity: max: 6, min: 0, avg: 3.75

 - Each partition is contiguous.

Timing Information ----------------------------------------------------------
  I/O:          		   0.001 sec
  Partitioning: 		   0.001 sec   (METIS time)
  Reporting:    		   0.000 sec

Memory Information ----------------------------------------------------------
  Max memory used:		   0.073 MB
******************************************************************************
LEO32: 52.05548392744599: ['LEO11', 'LEO12', 'LEO19', 'LEO21', 'LEO22', 'LEO23', 'LEO29', 'LEO31', 'LEO32', 'LEO39', 'LEO41', 'LEO42', 'LEO49']
LEO14: 17.67817100212831: ['LEO13', 'LEO14', 'LEO15', 'LEO16']
LEO35: 25.859903446159336: ['LEO17', 'LEO18', 'LEO25', 'LEO26', 'LEO27', 'LEO28', 'LEO35', 'LEO36', 'LEO37', 'LEO38', 'LEO45', 'LEO46', 'LEO47', 'LEO48', 'LEO55', 'LEO56', 'LEO57', 'LEO58', 'LEO65', 'LEO66', 'LEO76']
LEO53: 99.26701638606431: ['LEO24', 'LEO33', 'LEO34', 'LEO43', 'LEO51', 'LEO52', 'LEO53', 'LEO61', 'LEO62', 'LEO63', 'LEO73', 'LEO82', 'LEO83']
LEO64: 21.42013571686389: ['LEO44', 'LEO54', 'LEO64', 'LEO74', 'LEO75']
LEO59: 16.403790979415447: ['LEO59', 'LEO67', 'LEO68', 'LEO69', 'LEO77', 'LEO78', 'LEO87', 'LEO88']
LEO71: 26.301033518159386: ['LEO71', 'LEO72', 'LEO79', 'LEO81', 'LEO84', 'LEO85', 'LEO86', 'LEO89']
sum_con_loads:  258.99
max_con_loads:   99.27
avg_setup_time: 1279.05
