******************************************************************************
METIS 5.0 Copyright 1998-13, Regents of the University of Minnesota
 (HEAD: , Built on: Dec 17 2022, 08:18:35)
 size of idx_t: 64bits, real_t: 32bits, idx_t *: 64bits

Graph Information -----------------------------------------------------------
 Name: MetisTopos/177, #Vertices: 72, #Edges: 126, #Parts: 8

Options ---------------------------------------------------------------------
 ptype=kway, objtype=cut, ctype=shem, rtype=greedy, iptype=metisrb
 dbglvl=0, ufactor=2.900, no2hop=NO, minconn=NO, contig=NO, nooutput=NO
 seed=-1, niter=10, ncuts=1

Direct k-way Partitioning ---------------------------------------------------
 - Edgecut: 6943, communication volume: 75.

 - Balance:
     constraint #0:  2.862 out of 0.455

 - Most overweight partition:
     pid: 7, actual: 4400, desired: 1537, ratio: 2.86.

 - Subdomain connectivity: max: 6, min: 0, avg: 3.75

 - Each partition is contiguous.

Timing Information ----------------------------------------------------------
  I/O:          		   0.001 sec
  Partitioning: 		   0.001 sec   (METIS time)
  Reporting:    		   0.000 sec

Memory Information ----------------------------------------------------------
  Max memory used:		   0.073 MB
******************************************************************************
LEO22: 29.527568064001457: ['LEO11', 'LEO12', 'LEO19', 'LEO21', 'LEO22', 'LEO29']
LEO34: 53.07700756004391: ['LEO13', 'LEO14', 'LEO23', 'LEO24', 'LEO25', 'LEO26', 'LEO34', 'LEO35', 'LEO44', 'LEO45']
LEO16: 15.080911919755323: ['LEO15', 'LEO16', 'LEO36', 'LEO37', 'LEO46', 'LEO47']
LEO59: 25.867957325576167: ['LEO17', 'LEO18', 'LEO27', 'LEO28', 'LEO38', 'LEO48', 'LEO58', 'LEO59', 'LEO68', 'LEO69', 'LEO77', 'LEO78', 'LEO79', 'LEO87', 'LEO88', 'LEO89']
LEO41: 22.43436190308469: ['LEO31', 'LEO39', 'LEO41', 'LEO49']
LEO52: 95.38981723284148: ['LEO32', 'LEO33', 'LEO42', 'LEO43', 'LEO51', 'LEO52', 'LEO53', 'LEO61', 'LEO62', 'LEO63', 'LEO71', 'LEO72', 'LEO73', 'LEO81', 'LEO82', 'LEO83', 'LEO84']
LEO64: 20.322375024074432: ['LEO54', 'LEO55', 'LEO56', 'LEO57', 'LEO64', 'LEO65', 'LEO66', 'LEO67', 'LEO74', 'LEO75', 'LEO76', 'LEO85', 'LEO86']
sum_con_loads:  261.70
max_con_loads:   95.39
avg_setup_time: 341.77
