******************************************************************************
METIS 5.0 Copyright 1998-13, Regents of the University of Minnesota
 (HEAD: , Built on: Dec 17 2022, 08:18:35)
 size of idx_t: 64bits, real_t: 32bits, idx_t *: 64bits

Graph Information -----------------------------------------------------------
 Name: MetisTopos/177, #Vertices: 72, #Edges: 126, #Parts: 8

Options ---------------------------------------------------------------------
 ptype=kway, objtype=cut, ctype=shem, rtype=greedy, iptype=metisrb
 dbglvl=0, ufactor=1.200, no2hop=NO, minconn=NO, contig=YES, nooutput=NO
 seed=-1, niter=10, ncuts=1

Direct k-way Partitioning ---------------------------------------------------
 - Edgecut: 10193, communication volume: 93.

 - Balance:
     constraint #0:  1.171 out of 0.455

 - Most overweight partition:
     pid: 3, actual: 1800, desired: 1537, ratio: 1.17.

 - Subdomain connectivity: max: 6, min: 3, avg: 4.50

 - Each partition is contiguous.

Timing Information ----------------------------------------------------------
  I/O:          		   0.001 sec
  Partitioning: 		   0.002 sec   (METIS time)
  Reporting:    		   0.000 sec

Memory Information ----------------------------------------------------------
  Max memory used:		   0.071 MB
******************************************************************************
LEO32: 43.741454129245426: ['LEO11', 'LEO12', 'LEO13', 'LEO19', 'LEO21', 'LEO22', 'LEO23', 'LEO29', 'LEO32', 'LEO42']
LEO24: 33.75424328851822: ['LEO14', 'LEO15', 'LEO16', 'LEO24']
LEO35: 34.16667476366366: ['LEO17', 'LEO18', 'LEO25', 'LEO26', 'LEO27', 'LEO28', 'LEO35', 'LEO38', 'LEO45', 'LEO47', 'LEO48', 'LEO55', 'LEO57', 'LEO58', 'LEO65', 'LEO75']
LEO49: 32.5923330459795: ['LEO31', 'LEO39', 'LEO41', 'LEO49', 'LEO59']
LEO53: 72.71764185760749: ['LEO33', 'LEO34', 'LEO43', 'LEO44', 'LEO53', 'LEO54', 'LEO63', 'LEO73']
LEO79: 30.48398668873169: ['LEO36', 'LEO37', 'LEO46', 'LEO56', 'LEO66', 'LEO67', 'LEO68', 'LEO69', 'LEO71', 'LEO72', 'LEO76', 'LEO77', 'LEO78', 'LEO79']
LEO52: 44.94301503735787: ['LEO51', 'LEO52', 'LEO61', 'LEO62']
LEO83: 34.02271832536996: ['LEO64', 'LEO74', 'LEO81', 'LEO82', 'LEO83', 'LEO84', 'LEO85', 'LEO86', 'LEO87', 'LEO88', 'LEO89']
sum_con_loads:  326.42
max_con_loads:   72.72
avg_setup_time: 223.12
