******************************************************************************
METIS 5.0 Copyright 1998-13, Regents of the University of Minnesota
 (HEAD: , Built on: Dec 17 2022, 08:18:35)
 size of idx_t: 64bits, real_t: 32bits, idx_t *: 64bits

Graph Information -----------------------------------------------------------
 Name: MetisTopos/177, #Vertices: 72, #Edges: 126, #Parts: 8

Options ---------------------------------------------------------------------
 ptype=kway, objtype=cut, ctype=shem, rtype=greedy, iptype=metisrb
 dbglvl=0, ufactor=3.000, no2hop=NO, minconn=NO, contig=NO, nooutput=NO
 seed=-1, niter=10, ncuts=1

Direct k-way Partitioning ---------------------------------------------------
 - Edgecut: 6794, communication volume: 71.

 - Balance:
     constraint #0:  2.992 out of 0.455

 - Most overweight partition:
     pid: 7, actual: 4600, desired: 1537, ratio: 2.99.

 - Subdomain connectivity: max: 6, min: 0, avg: 3.50

 - There are 0 non-contiguous partitions.
   Total components after removing the cut edges: 7,
   max components: 1 for pid: 0.

Timing Information ----------------------------------------------------------
  I/O:          		   0.001 sec
  Partitioning: 		   0.001 sec   (METIS time)
  Reporting:    		   0.000 sec

Memory Information ----------------------------------------------------------
  Max memory used:		   0.073 MB
******************************************************************************
LEO31: ['LEO11', 'LEO19', 'LEO21', 'LEO29', 'LEO31', 'LEO39']

LEO24: ['LEO12', 'LEO13', 'LEO14', 'LEO15', 'LEO22', 'LEO23', 'LEO24', 'LEO25']

LEO36: ['LEO16', 'LEO17', 'LEO18', 'LEO26', 'LEO27', 'LEO28', 'LEO35', 'LEO36', 'LEO37', 'LEO38', 'LEO48', 'LEO49', 'LEO57', 'LEO58', 'LEO59']

LEO52: ['LEO32', 'LEO33', 'LEO34', 'LEO41', 'LEO42', 'LEO43', 'LEO51', 'LEO52', 'LEO53', 'LEO61', 'LEO62', 'LEO63', 'LEO71', 'LEO72', 'LEO73']

LEO64: ['LEO44', 'LEO45', 'LEO46', 'LEO47', 'LEO54', 'LEO55', 'LEO56', 'LEO64', 'LEO65', 'LEO66', 'LEO74', 'LEO75', 'LEO76']

LEO79: ['LEO67', 'LEO68', 'LEO69', 'LEO77', 'LEO78', 'LEO79', 'LEO81', 'LEO87', 'LEO88', 'LEO89']

LEO83: ['LEO82', 'LEO83', 'LEO84', 'LEO85', 'LEO86']

sum_con_loads:  258.64

max_con_loads:  102.20

avg_setup_time: 165.80

