******************************************************************************
METIS 5.0 Copyright 1998-13, Regents of the University of Minnesota
 (HEAD: , Built on: Dec 17 2022, 08:18:35)
 size of idx_t: 64bits, real_t: 32bits, idx_t *: 64bits

Graph Information -----------------------------------------------------------
 Name: MetisTopos/177, #Vertices: 72, #Edges: 126, #Parts: 8

Options ---------------------------------------------------------------------
 ptype=kway, objtype=cut, ctype=shem, rtype=greedy, iptype=metisrb
 dbglvl=0, ufactor=3.900, no2hop=NO, minconn=NO, contig=NO, nooutput=NO
 seed=-1, niter=10, ncuts=1

Direct k-way Partitioning ---------------------------------------------------
	***Cannot bisect a graph with 0 vertices!
	***You are trying to partition a graph into too many parts!
 - Edgecut: 5456, communication volume: 49.

 - Balance:
     constraint #0:  3.837 out of 0.455

 - Most overweight partition:
     pid: 7, actual: 5900, desired: 1537, ratio: 3.84.

 - Subdomain connectivity: max: 3, min: 0, avg: 1.50

 - There are 0 non-contiguous partitions.
   Total components after removing the cut edges: 4,
   max components: 1 for pid: 3.

Timing Information ----------------------------------------------------------
  I/O:          		   0.001 sec
  Partitioning: 		   0.001 sec   (METIS time)
  Reporting:    		   0.000 sec

Memory Information ----------------------------------------------------------
  Max memory used:		   0.075 MB
******************************************************************************
LEO12: 72.79895664232767: ['LEO11', 'LEO12', 'LEO13', 'LEO14', 'LEO15', 'LEO16', 'LEO17', 'LEO18', 'LEO19', 'LEO21', 'LEO25', 'LEO26', 'LEO27', 'LEO28', 'LEO29', 'LEO31', 'LEO35', 'LEO36', 'LEO37', 'LEO38', 'LEO39', 'LEO45', 'LEO46', 'LEO47', 'LEO48', 'LEO49', 'LEO55', 'LEO58', 'LEO59']
LEO43: 109.01475202491699: ['LEO22', 'LEO23', 'LEO24', 'LEO32', 'LEO33', 'LEO34', 'LEO41', 'LEO42', 'LEO43', 'LEO44', 'LEO51', 'LEO52', 'LEO53', 'LEO54', 'LEO61', 'LEO62', 'LEO63', 'LEO73', 'LEO82', 'LEO83']
LEO71: 30.565225116306106: ['LEO56', 'LEO57', 'LEO66', 'LEO67', 'LEO68', 'LEO69', 'LEO71', 'LEO72', 'LEO76', 'LEO77', 'LEO78', 'LEO79', 'LEO81', 'LEO84', 'LEO85', 'LEO86', 'LEO87', 'LEO88', 'LEO89']
LEO64: 19.5548178648092: ['LEO64', 'LEO65', 'LEO74', 'LEO75']
sum_con_loads:  231.93
max_con_loads:  109.01
avg_setup_time: 222.14
