******************************************************************************
METIS 5.0 Copyright 1998-13, Regents of the University of Minnesota
 (HEAD: , Built on: Dec 17 2022, 08:18:35)
 size of idx_t: 64bits, real_t: 32bits, idx_t *: 64bits

Graph Information -----------------------------------------------------------
 Name: MetisTopos/177, #Vertices: 72, #Edges: 126, #Parts: 8

Options ---------------------------------------------------------------------
 ptype=kway, objtype=cut, ctype=shem, rtype=greedy, iptype=metisrb
 dbglvl=0, ufactor=1.300, no2hop=NO, minconn=NO, contig=YES, nooutput=NO
 seed=-1, niter=10, ncuts=1

Direct k-way Partitioning ---------------------------------------------------
 - Edgecut: 10004, communication volume: 70.

 - Balance:
     constraint #0:  1.236 out of 0.455

 - Most overweight partition:
     pid: 4, actual: 1900, desired: 1537, ratio: 1.24.

 - Subdomain connectivity: max: 7, min: 3, avg: 4.50

 - Each partition is contiguous.

Timing Information ----------------------------------------------------------
  I/O:          		   0.001 sec
  Partitioning: 		   0.002 sec   (METIS time)
  Reporting:    		   0.000 sec

Memory Information ----------------------------------------------------------
  Max memory used:		   0.071 MB
******************************************************************************
LEO22: ['LEO11', 'LEO12', 'LEO18', 'LEO19', 'LEO21', 'LEO22', 'LEO29']

LEO24: ['LEO13', 'LEO14', 'LEO23', 'LEO24']

LEO25: ['LEO15', 'LEO16', 'LEO17', 'LEO25', 'LEO26', 'LEO27', 'LEO35', 'LEO36', 'LEO37', 'LEO45', 'LEO46']

LEO49: ['LEO28', 'LEO31', 'LEO38', 'LEO39', 'LEO41', 'LEO47', 'LEO48', 'LEO49', 'LEO58', 'LEO59']

LEO43: ['LEO32', 'LEO33', 'LEO34', 'LEO42', 'LEO43', 'LEO44', 'LEO53', 'LEO54']

LEO52: ['LEO51', 'LEO52', 'LEO61', 'LEO62']

LEO71: ['LEO55', 'LEO56', 'LEO57', 'LEO65', 'LEO66', 'LEO67', 'LEO68', 'LEO69', 'LEO71', 'LEO75', 'LEO76', 'LEO77', 'LEO78', 'LEO79', 'LEO81', 'LEO82', 'LEO85', 'LEO86', 'LEO87', 'LEO88', 'LEO89']

LEO63: ['LEO63', 'LEO64', 'LEO72', 'LEO73', 'LEO74', 'LEO83', 'LEO84']

sum_con_loads:  322.69

max_con_loads:   73.12

avg_setup_time: 149.96

