******************************************************************************
METIS 5.0 Copyright 1998-13, Regents of the University of Minnesota
 (HEAD: , Built on: Dec 17 2022, 08:18:35)
 size of idx_t: 64bits, real_t: 32bits, idx_t *: 64bits

Graph Information -----------------------------------------------------------
 Name: MetisTopos/177, #Vertices: 72, #Edges: 126, #Parts: 8

Options ---------------------------------------------------------------------
 ptype=kway, objtype=cut, ctype=shem, rtype=greedy, iptype=metisrb
 dbglvl=0, ufactor=1.300, no2hop=NO, minconn=NO, contig=NO, nooutput=NO
 seed=-1, niter=10, ncuts=1

Direct k-way Partitioning ---------------------------------------------------
 - Edgecut: 10528, communication volume: 87.

 - Balance:
     constraint #0:  1.236 out of 0.455

 - Most overweight partition:
     pid: 6, actual: 1900, desired: 1537, ratio: 1.24.

 - Subdomain connectivity: max: 7, min: 3, avg: 5.00

 - There are 2 non-contiguous partitions.
   Total components after removing the cut edges: 10,
   max components: 2 for pid: 5.

Timing Information ----------------------------------------------------------
  I/O:          		   0.001 sec
  Partitioning: 		   0.002 sec   (METIS time)
  Reporting:    		   0.000 sec

Memory Information ----------------------------------------------------------
  Max memory used:		   0.071 MB
******************************************************************************
LEO32: 38.189923855512745: ['LEO11', 'LEO19', 'LEO21', 'LEO22', 'LEO23', 'LEO29', 'LEO31', 'LEO32', 'LEO39']
LEO24: 38.9520003237586: ['LEO12', 'LEO13', 'LEO14', 'LEO24']
LEO25: 29.843445838150508: ['LEO15', 'LEO16', 'LEO17', 'LEO18', 'LEO25', 'LEO26', 'LEO27', 'LEO28', 'LEO35', 'LEO36', 'LEO37', 'LEO38']
LEO53: 76.47557063914951: ['LEO33', 'LEO34', 'LEO43', 'LEO44', 'LEO45', 'LEO46', 'LEO47', 'LEO53', 'LEO54', 'LEO55', 'LEO56', 'LEO63', 'LEO66', 'LEO72', 'LEO73', 'LEO76']
LEO41: 28.445413732369847: ['LEO41', 'LEO67', 'LEO68', 'LEO69', 'LEO77', 'LEO78', 'LEO79', 'LEO87', 'LEO88', 'LEO89']
LEO52: 52.594500341697014: ['LEO42', 'LEO51', 'LEO52', 'LEO61', 'LEO62']
LEO64: 33.13527077832772: ['LEO48', 'LEO49', 'LEO57', 'LEO58', 'LEO59', 'LEO64', 'LEO65', 'LEO74', 'LEO75']
LEO71: 35.56504737159187: ['LEO71', 'LEO81', 'LEO82', 'LEO83', 'LEO84', 'LEO85', 'LEO86']
sum_con_loads:  333.20
max_con_loads:   76.48
avg_setup_time: 240.20
