0.01 , iter--1, SumLoad: 428.0328, MaxCon: LEO31, Load: 75.8098 
0.03 , iter--2, SumLoad: 420.5455, MaxCon: LEO33, Load: 68.5168 
0.06 , iter--3, SumLoad: 412.6059, MaxCon: LEO51, Load: 66.5096 
0.07 , iter--4, SumLoad: 389.8065, MaxCon: LEO11, Load: 64.5926 
0.09 , iter--5, SumLoad: 388.9720, MaxCon: LEO41, Load: 63.8898 
0.11 , iter--6, SumLoad: 383.2125, MaxCon: LEO71, Load: 63.7536 
0.13 , iter--7, SumLoad: 393.7202, MaxCon: LEO12, Load: 63.1586 
0.15 , iter--8, SumLoad: 393.8120, MaxCon: LEO41, Load: 61.9700 
0.16 , iter--9, SumLoad: 391.4295, MaxCon: LEO41, Load: 61.1758 
0.18 , iter-10, SumLoad: 391.4295, MaxCon: LEO45, Load: 61.1758 
LEO32: 60.17940036018217: ['LEO12', 'LEO13', 'LEO17', 'LEO18', 'LEO31', 'LEO32', 'LEO22', 'LEO33', 'LEO34', 'LEO35', 'LEO43', 'LEO53', 'LEO63', 'LEO44', 'LEO54', 'LEO64']
LEO23: 28.939211071644365: ['LEO21', 'LEO23', 'LEO24', 'LEO25', 'LEO26', 'LEO27', 'LEO28', 'LEO29', 'LEO11', 'LEO19', 'LEO14', 'LEO15', 'LEO16']
LEO39: 53.18055921327978: ['LEO36', 'LEO37', 'LEO38', 'LEO39']
LEO49: 61.17578630164223: ['LEO41', 'LEO45', 'LEO46', 'LEO47', 'LEO48', 'LEO49']
LEO59: 60.71809887181153: ['LEO55', 'LEO56', 'LEO57', 'LEO58', 'LEO59']
LEO69: 37.182801603628775: ['LEO65', 'LEO66', 'LEO67', 'LEO68', 'LEO69']
LEO71: 61.112748003126065: ['LEO71', 'LEO74', 'LEO75', 'LEO76', 'LEO77', 'LEO78', 'LEO79', 'LEO42', 'LEO52', 'LEO62', 'LEO51', 'LEO61']
LEO72: 28.94090034537504: ['LEO81', 'LEO82', 'LEO83', 'LEO84', 'LEO85', 'LEO86', 'LEO87', 'LEO88', 'LEO89', 'LEO72', 'LEO73']
sum_con_loads:  391.43
max_con_loads:   61.18
avg_setup_time: 241.87
