******************************************************************************
METIS 5.0 Copyright 1998-13, Regents of the University of Minnesota
 (HEAD: , Built on: Dec 17 2022, 08:18:35)
 size of idx_t: 64bits, real_t: 32bits, idx_t *: 64bits

Graph Information -----------------------------------------------------------
 Name: MetisTopos/1602, #Vertices: 72, #Edges: 126, #Parts: 8

Options ---------------------------------------------------------------------
 ptype=kway, objtype=cut, ctype=shem, rtype=greedy, iptype=metisrb
 dbglvl=0, ufactor=2.100, no2hop=NO, minconn=NO, contig=YES, nooutput=NO
 seed=-1, niter=10, ncuts=1

Direct k-way Partitioning ---------------------------------------------------
 - Edgecut: 8018, communication volume: 76.

 - Balance:
     constraint #0:  1.851 out of 0.529

 - Most overweight partition:
     pid: 7, actual: 2800, desired: 1512, ratio: 1.85.

 - Subdomain connectivity: max: 6, min: 3, avg: 4.50

 - Each partition is contiguous.

Timing Information ----------------------------------------------------------
  I/O:          		   0.001 sec
  Partitioning: 		   0.001 sec   (METIS time)
  Reporting:    		   0.000 sec

Memory Information ----------------------------------------------------------
  Max memory used:		   0.069 MB
******************************************************************************
LEO29: 19.55724059830049: ['LEO11', 'LEO18', 'LEO19', 'LEO28', 'LEO29']
LEO12: 16.1222462512136: ['LEO12', 'LEO13', 'LEO14', 'LEO15', 'LEO23']
LEO38: 23.70188200874843: ['LEO16', 'LEO17', 'LEO25', 'LEO26', 'LEO27', 'LEO35', 'LEO36', 'LEO37', 'LEO38', 'LEO39', 'LEO45', 'LEO46', 'LEO47']
LEO31: 51.866346293944744: ['LEO21', 'LEO22', 'LEO31', 'LEO32', 'LEO41', 'LEO42']
LEO73: 18.93539498452017: ['LEO24', 'LEO33', 'LEO34', 'LEO43', 'LEO44', 'LEO53', 'LEO54', 'LEO55', 'LEO63', 'LEO64', 'LEO73', 'LEO74']
LEO58: 47.40418538588251: ['LEO48', 'LEO49', 'LEO57', 'LEO58', 'LEO59']
LEO61: 63.773883775421886: ['LEO51', 'LEO52', 'LEO61', 'LEO62', 'LEO71', 'LEO72', 'LEO79', 'LEO81', 'LEO82', 'LEO83', 'LEO84']
LEO68: 40.19029636255115: ['LEO56', 'LEO65', 'LEO66', 'LEO67', 'LEO68', 'LEO69', 'LEO75', 'LEO76', 'LEO77', 'LEO78', 'LEO85', 'LEO86', 'LEO87', 'LEO88', 'LEO89']
sum_con_loads:  281.55
max_con_loads:   63.77
avg_setup_time: 183.03
