******************************************************************************
METIS 5.0 Copyright 1998-13, Regents of the University of Minnesota
 (HEAD: , Built on: Dec 17 2022, 08:18:35)
 size of idx_t: 64bits, real_t: 32bits, idx_t *: 64bits

Graph Information -----------------------------------------------------------
 Name: MetisTopos/1602, #Vertices: 72, #Edges: 126, #Parts: 8

Options ---------------------------------------------------------------------
 ptype=kway, objtype=cut, ctype=shem, rtype=greedy, iptype=metisrb
 dbglvl=0, ufactor=2.300, no2hop=NO, minconn=NO, contig=YES, nooutput=NO
 seed=-1, niter=10, ncuts=1

Direct k-way Partitioning ---------------------------------------------------
 - Edgecut: 7947, communication volume: 70.

 - Balance:
     constraint #0:  2.182 out of 0.529

 - Most overweight partition:
     pid: 7, actual: 3300, desired: 1512, ratio: 2.18.

 - Subdomain connectivity: max: 6, min: 0, avg: 3.75

 - There are 0 non-contiguous partitions.
   Total components after removing the cut edges: 7,
   max components: 1 for pid: 0.

Timing Information ----------------------------------------------------------
  I/O:          		   0.001 sec
  Partitioning: 		   0.001 sec   (METIS time)
  Reporting:    		   0.000 sec

Memory Information ----------------------------------------------------------
  Max memory used:		   0.069 MB
******************************************************************************
LEO12: 16.122246251213596: ['LEO11', 'LEO12', 'LEO13', 'LEO14', 'LEO23', 'LEO24', 'LEO25']
LEO37: 23.958403516097007: ['LEO15', 'LEO16', 'LEO17', 'LEO26', 'LEO27', 'LEO36', 'LEO37', 'LEO46', 'LEO47', 'LEO56', 'LEO57']
LEO29: 19.55724059830049: ['LEO18', 'LEO19', 'LEO28', 'LEO29']
LEO31: 56.00603416698164: ['LEO21', 'LEO22', 'LEO31', 'LEO32', 'LEO33', 'LEO34', 'LEO35', 'LEO41', 'LEO42', 'LEO43', 'LEO44', 'LEO45', 'LEO52', 'LEO53', 'LEO54', 'LEO55', 'LEO64']
LEO51: 94.27805683255006: ['LEO38', 'LEO39', 'LEO48', 'LEO49', 'LEO51', 'LEO58', 'LEO59', 'LEO61', 'LEO71', 'LEO81']
LEO72: 30.464057686875247: ['LEO62', 'LEO63', 'LEO72', 'LEO73', 'LEO74', 'LEO82', 'LEO83', 'LEO84']
LEO68: 39.50358843446391: ['LEO65', 'LEO66', 'LEO67', 'LEO68', 'LEO69', 'LEO75', 'LEO76', 'LEO77', 'LEO78', 'LEO79', 'LEO85', 'LEO86', 'LEO87', 'LEO88', 'LEO89']
sum_con_loads:  279.89
max_con_loads:   94.28
avg_setup_time: 310.54
