******************************************************************************
METIS 5.0 Copyright 1998-13, Regents of the University of Minnesota
 (HEAD: , Built on: Dec 17 2022, 08:18:35)
 size of idx_t: 64bits, real_t: 32bits, idx_t *: 64bits

Graph Information -----------------------------------------------------------
 Name: MetisTopos/1602, #Vertices: 72, #Edges: 126, #Parts: 8

Options ---------------------------------------------------------------------
 ptype=kway, objtype=cut, ctype=shem, rtype=greedy, iptype=metisrb
 dbglvl=0, ufactor=1.200, no2hop=NO, minconn=NO, contig=NO, nooutput=NO
 seed=-1, niter=10, ncuts=1

Direct k-way Partitioning ---------------------------------------------------
 - Edgecut: 11366, communication volume: 87.

 - Balance:
     constraint #0:  1.124 out of 0.529

 - Most overweight partition:
     pid: 2, actual: 1700, desired: 1512, ratio: 1.12.

 - Subdomain connectivity: max: 7, min: 3, avg: 4.50

 - Each partition is contiguous.

Timing Information ----------------------------------------------------------
  I/O:          		   0.001 sec
  Partitioning: 		   0.001 sec   (METIS time)
  Reporting:    		   0.000 sec

Memory Information ----------------------------------------------------------
  Max memory used:		   0.070 MB
******************************************************************************
LEO41: 66.22364057026661: ['LEO11', 'LEO12', 'LEO13', 'LEO14', 'LEO15', 'LEO23', 'LEO24', 'LEO33', 'LEO34', 'LEO35', 'LEO41', 'LEO42', 'LEO43', 'LEO44', 'LEO52', 'LEO53', 'LEO54', 'LEO55', 'LEO64']
LEO29: 34.085587192175424: ['LEO16', 'LEO17', 'LEO18', 'LEO19', 'LEO25', 'LEO26', 'LEO27', 'LEO28', 'LEO29', 'LEO36', 'LEO45', 'LEO46', 'LEO56', 'LEO65', 'LEO66', 'LEO75', 'LEO76', 'LEO82', 'LEO83', 'LEO84', 'LEO85', 'LEO86', 'LEO87', 'LEO88']
LEO31: 48.073095473098675: ['LEO21', 'LEO22', 'LEO31', 'LEO32']
LEO57: 30.713854195830102: ['LEO37', 'LEO47', 'LEO57', 'LEO67']
LEO49: 48.18119608596707: ['LEO38', 'LEO39', 'LEO48', 'LEO49', 'LEO58', 'LEO59']
LEO61: 61.01742675601234: ['LEO51', 'LEO61', 'LEO71', 'LEO79', 'LEO81', 'LEO89']
LEO72: 25.082555345162408: ['LEO62', 'LEO63', 'LEO72', 'LEO73', 'LEO74']
LEO68: 35.036068623846475: ['LEO68', 'LEO69', 'LEO77', 'LEO78']
sum_con_loads:  348.41
max_con_loads:   66.22
avg_setup_time: 223.27
