******************************************************************************
METIS 5.0 Copyright 1998-13, Regents of the University of Minnesota
 (HEAD: , Built on: Dec 17 2022, 08:18:35)
 size of idx_t: 64bits, real_t: 32bits, idx_t *: 64bits

Graph Information -----------------------------------------------------------
 Name: MetisTopos/1602, #Vertices: 72, #Edges: 126, #Parts: 8

Options ---------------------------------------------------------------------
 ptype=kway, objtype=cut, ctype=shem, rtype=greedy, iptype=metisrb
 dbglvl=0, ufactor=1.200, no2hop=NO, minconn=NO, contig=YES, nooutput=NO
 seed=-1, niter=10, ncuts=1

Direct k-way Partitioning ---------------------------------------------------
 - Edgecut: 9444, communication volume: 78.

 - Balance:
     constraint #0:  1.124 out of 0.529

 - Most overweight partition:
     pid: 1, actual: 1700, desired: 1512, ratio: 1.12.

 - Subdomain connectivity: max: 5, min: 4, avg: 4.50

 - Each partition is contiguous.

Timing Information ----------------------------------------------------------
  I/O:          		   0.001 sec
  Partitioning: 		   0.002 sec   (METIS time)
  Reporting:    		   0.000 sec

Memory Information ----------------------------------------------------------
  Max memory used:		   0.070 MB
******************************************************************************
LEO12: 27.82375874496267: ['LEO11', 'LEO12', 'LEO13', 'LEO14', 'LEO15', 'LEO16', 'LEO17', 'LEO18', 'LEO19', 'LEO23', 'LEO24', 'LEO33', 'LEO34', 'LEO35', 'LEO43']
LEO31: 51.866346293944744: ['LEO21', 'LEO22', 'LEO31', 'LEO32', 'LEO41', 'LEO42']
LEO39: 34.29342223832929: ['LEO25', 'LEO26', 'LEO27', 'LEO28', 'LEO29', 'LEO36', 'LEO37', 'LEO38', 'LEO39']
LEO57: 21.663926661365046: ['LEO44', 'LEO45', 'LEO46', 'LEO47', 'LEO54', 'LEO55', 'LEO56', 'LEO57', 'LEO66', 'LEO67']
LEO49: 43.639400380252: ['LEO48', 'LEO49', 'LEO58', 'LEO59']
LEO61: 61.01742675601234: ['LEO51', 'LEO61', 'LEO71', 'LEO79', 'LEO81']
LEO72: 32.20650743808238: ['LEO52', 'LEO53', 'LEO62', 'LEO63', 'LEO64', 'LEO65', 'LEO72', 'LEO73', 'LEO74', 'LEO75', 'LEO82', 'LEO83', 'LEO84', 'LEO85']
LEO68: 37.35390720220555: ['LEO68', 'LEO69', 'LEO76', 'LEO77', 'LEO78', 'LEO86', 'LEO87', 'LEO88', 'LEO89']
sum_con_loads:  309.86
max_con_loads:   61.02
avg_setup_time: 190.86
