******************************************************************************
METIS 5.0 Copyright 1998-13, Regents of the University of Minnesota
 (HEAD: , Built on: Dec 17 2022, 08:18:35)
 size of idx_t: 64bits, real_t: 32bits, idx_t *: 64bits

Graph Information -----------------------------------------------------------
 Name: MetisTopos/1602, #Vertices: 72, #Edges: 126, #Parts: 8

Options ---------------------------------------------------------------------
 ptype=kway, objtype=cut, ctype=shem, rtype=greedy, iptype=metisrb
 dbglvl=0, ufactor=3.500, no2hop=NO, minconn=NO, contig=YES, nooutput=NO
 seed=-1, niter=10, ncuts=1

Direct k-way Partitioning ---------------------------------------------------
 - Edgecut: 6531, communication volume: 64.

 - Balance:
     constraint #0:  3.372 out of 0.529

 - Most overweight partition:
     pid: 7, actual: 5100, desired: 1512, ratio: 3.37.

 - Subdomain connectivity: max: 5, min: 0, avg: 2.25

 - There are 0 non-contiguous partitions.
   Total components after removing the cut edges: 6,
   max components: 1 for pid: 0.

Timing Information ----------------------------------------------------------
  I/O:          		   0.001 sec
  Partitioning: 		   0.001 sec   (METIS time)
  Reporting:    		   0.000 sec

Memory Information ----------------------------------------------------------
  Max memory used:		   0.070 MB
******************************************************************************
LEO22: 26.887111694645984: ['LEO11', 'LEO12', 'LEO13', 'LEO14', 'LEO15', 'LEO22', 'LEO23']
LEO48: 31.831589719960032: ['LEO16', 'LEO17', 'LEO25', 'LEO26', 'LEO27', 'LEO35', 'LEO36', 'LEO37', 'LEO38', 'LEO47', 'LEO48']
LEO29: 19.55724059830049: ['LEO18', 'LEO19', 'LEO28', 'LEO29']
LEO51: 111.2529527895957: ['LEO21', 'LEO24', 'LEO31', 'LEO32', 'LEO33', 'LEO34', 'LEO39', 'LEO41', 'LEO42', 'LEO43', 'LEO44', 'LEO49', 'LEO51', 'LEO52', 'LEO53', 'LEO54', 'LEO58', 'LEO59', 'LEO61', 'LEO64', 'LEO65', 'LEO68', 'LEO69', 'LEO71', 'LEO74', 'LEO75', 'LEO76', 'LEO77', 'LEO78', 'LEO79']
LEO57: 19.57812294611429: ['LEO45', 'LEO46', 'LEO55', 'LEO56', 'LEO57', 'LEO66', 'LEO67']
LEO72: 42.08829785425386: ['LEO62', 'LEO63', 'LEO72', 'LEO73', 'LEO81', 'LEO82', 'LEO83', 'LEO84', 'LEO85', 'LEO86', 'LEO87', 'LEO88', 'LEO89']
sum_con_loads:  251.20
max_con_loads:  111.25
avg_setup_time: 170.72
