******************************************************************************
METIS 5.0 Copyright 1998-13, Regents of the University of Minnesota
 (HEAD: , Built on: Dec 17 2022, 08:18:35)
 size of idx_t: 64bits, real_t: 32bits, idx_t *: 64bits

Graph Information -----------------------------------------------------------
 Name: MetisTopos/1602, #Vertices: 72, #Edges: 126, #Parts: 8

Options ---------------------------------------------------------------------
 ptype=kway, objtype=cut, ctype=shem, rtype=greedy, iptype=metisrb
 dbglvl=0, ufactor=3.600, no2hop=NO, minconn=NO, contig=NO, nooutput=NO
 seed=-1, niter=10, ncuts=1

Direct k-way Partitioning ---------------------------------------------------
 - Edgecut: 5715, communication volume: 50.

 - Balance:
     constraint #0:  3.570 out of 0.529

 - Most overweight partition:
     pid: 7, actual: 5400, desired: 1512, ratio: 3.57.

 - Subdomain connectivity: max: 3, min: 0, avg: 1.25

 - There are 0 non-contiguous partitions.
   Total components after removing the cut edges: 4,
   max components: 1 for pid: 1.

Timing Information ----------------------------------------------------------
  I/O:          		   0.001 sec
  Partitioning: 		   0.001 sec   (METIS time)
  Reporting:    		   0.000 sec

Memory Information ----------------------------------------------------------
  Max memory used:		   0.073 MB
******************************************************************************
LEO39: 58.74657421407162: ['LEO11', 'LEO13', 'LEO14', 'LEO15', 'LEO16', 'LEO17', 'LEO18', 'LEO19', 'LEO23', 'LEO24', 'LEO25', 'LEO26', 'LEO27', 'LEO28', 'LEO29', 'LEO32', 'LEO33', 'LEO34', 'LEO35', 'LEO36', 'LEO37', 'LEO38', 'LEO39']
LEO51: 105.41023518988298: ['LEO12', 'LEO21', 'LEO22', 'LEO31', 'LEO41', 'LEO48', 'LEO49', 'LEO51', 'LEO58', 'LEO59', 'LEO61', 'LEO68', 'LEO69', 'LEO71', 'LEO81', 'LEO89']
LEO62: 51.85865987757934: ['LEO42', 'LEO43', 'LEO44', 'LEO45', 'LEO46', 'LEO47', 'LEO52', 'LEO53', 'LEO54', 'LEO55', 'LEO56', 'LEO57', 'LEO62', 'LEO63', 'LEO64', 'LEO65', 'LEO66', 'LEO67', 'LEO72', 'LEO73', 'LEO74', 'LEO75', 'LEO76', 'LEO82', 'LEO83', 'LEO84', 'LEO85', 'LEO86']
LEO78: 19.09871872065224: ['LEO77', 'LEO78', 'LEO79', 'LEO87', 'LEO88']
sum_con_loads:  235.11
max_con_loads:  105.41
avg_setup_time: 206.81
