******************************************************************************
METIS 5.0 Copyright 1998-13, Regents of the University of Minnesota
 (HEAD: , Built on: Dec 17 2022, 08:18:35)
 size of idx_t: 64bits, real_t: 32bits, idx_t *: 64bits

Graph Information -----------------------------------------------------------
 Name: MetisTopos/1602, #Vertices: 72, #Edges: 126, #Parts: 8

Options ---------------------------------------------------------------------
 ptype=kway, objtype=cut, ctype=shem, rtype=greedy, iptype=metisrb
 dbglvl=0, ufactor=1.300, no2hop=NO, minconn=NO, contig=NO, nooutput=NO
 seed=-1, niter=10, ncuts=1

Direct k-way Partitioning ---------------------------------------------------
 - Edgecut: 9325, communication volume: 80.

 - Balance:
     constraint #0:  1.256 out of 0.529

 - Most overweight partition:
     pid: 3, actual: 1900, desired: 1512, ratio: 1.26.

 - Subdomain connectivity: max: 6, min: 2, avg: 4.00

 - Each partition is contiguous.

Timing Information ----------------------------------------------------------
  I/O:          		   0.001 sec
  Partitioning: 		   0.002 sec   (METIS time)
  Reporting:    		   0.000 sec

Memory Information ----------------------------------------------------------
  Max memory used:		   0.069 MB
******************************************************************************
LEO22: 26.887111694645984: ['LEO11', 'LEO12', 'LEO13', 'LEO22', 'LEO23']
LEO29: 28.48330608952843: ['LEO14', 'LEO15', 'LEO16', 'LEO17', 'LEO18', 'LEO19', 'LEO24', 'LEO25', 'LEO26', 'LEO27', 'LEO28', 'LEO29', 'LEO34', 'LEO35', 'LEO36', 'LEO44', 'LEO45', 'LEO46', 'LEO54', 'LEO55', 'LEO56', 'LEO64', 'LEO65', 'LEO66', 'LEO74', 'LEO75', 'LEO76', 'LEO84', 'LEO85', 'LEO86', 'LEO87', 'LEO88', 'LEO89']
LEO31: 52.89551113066245: ['LEO21', 'LEO31', 'LEO32', 'LEO33', 'LEO41', 'LEO42', 'LEO43']
LEO37: 23.514658732595635: ['LEO37', 'LEO47', 'LEO57']
LEO49: 48.18119608596707: ['LEO38', 'LEO39', 'LEO48', 'LEO49', 'LEO58', 'LEO59']
LEO61: 63.10712304882037: ['LEO51', 'LEO52', 'LEO61', 'LEO62', 'LEO71', 'LEO72']
LEO81: 27.675994563223057: ['LEO53', 'LEO63', 'LEO73', 'LEO81', 'LEO82', 'LEO83']
LEO68: 36.890318332478586: ['LEO67', 'LEO68', 'LEO69', 'LEO77', 'LEO78', 'LEO79']
sum_con_loads:  307.64
max_con_loads:   63.11
avg_setup_time: 189.76
