******************************************************************************
METIS 5.0 Copyright 1998-13, Regents of the University of Minnesota
 (HEAD: , Built on: Dec 17 2022, 08:18:35)
 size of idx_t: 64bits, real_t: 32bits, idx_t *: 64bits

Graph Information -----------------------------------------------------------
 Name: MetisTopos/1602, #Vertices: 72, #Edges: 126, #Parts: 8

Options ---------------------------------------------------------------------
 ptype=kway, objtype=cut, ctype=shem, rtype=greedy, iptype=metisrb
 dbglvl=0, ufactor=1.500, no2hop=NO, minconn=NO, contig=NO, nooutput=NO
 seed=-1, niter=10, ncuts=1

Direct k-way Partitioning ---------------------------------------------------
 - Edgecut: 8518, communication volume: 74.

 - Balance:
     constraint #0:  1.455 out of 0.529

 - Most overweight partition:
     pid: 7, actual: 2200, desired: 1512, ratio: 1.45.

 - Subdomain connectivity: max: 7, min: 2, avg: 4.50

 - There are 1 non-contiguous partitions.
   Total components after removing the cut edges: 9,
   max components: 2 for pid: 5.

Timing Information ----------------------------------------------------------
  I/O:          		   0.001 sec
  Partitioning: 		   0.001 sec   (METIS time)
  Reporting:    		   0.000 sec

Memory Information ----------------------------------------------------------
  Max memory used:		   0.069 MB
******************************************************************************
LEO19: 5.143728437562859: ['LEO11', 'LEO19']
LEO31: 53.50628244943768: ['LEO12', 'LEO21', 'LEO22', 'LEO31', 'LEO32', 'LEO41', 'LEO42']
LEO68: 33.90759636975741: ['LEO13', 'LEO14', 'LEO15', 'LEO67', 'LEO68', 'LEO69']
LEO39: 44.695833311973274: ['LEO16', 'LEO17', 'LEO18', 'LEO23', 'LEO24', 'LEO25', 'LEO26', 'LEO27', 'LEO28', 'LEO29', 'LEO33', 'LEO34', 'LEO35', 'LEO36', 'LEO37', 'LEO38', 'LEO39', 'LEO43', 'LEO44', 'LEO45', 'LEO46', 'LEO47', 'LEO53', 'LEO54', 'LEO55', 'LEO56', 'LEO64', 'LEO65', 'LEO66']
LEO58: 47.40418538588251: ['LEO48', 'LEO49', 'LEO57', 'LEO58', 'LEO59']
LEO61: 62.90594817336107: ['LEO51', 'LEO52', 'LEO61', 'LEO62', 'LEO71', 'LEO79', 'LEO81']
LEO72: 21.588418100758318: ['LEO63', 'LEO72', 'LEO73', 'LEO74', 'LEO82', 'LEO83', 'LEO84']
LEO78: 22.190945745813554: ['LEO75', 'LEO76', 'LEO77', 'LEO78', 'LEO85', 'LEO86', 'LEO87', 'LEO88', 'LEO89']
sum_con_loads:  291.34
max_con_loads:   62.91
avg_setup_time: 199.27
