******************************************************************************
METIS 5.0 Copyright 1998-13, Regents of the University of Minnesota
 (HEAD: , Built on: Dec 17 2022, 08:18:35)
 size of idx_t: 64bits, real_t: 32bits, idx_t *: 64bits

Graph Information -----------------------------------------------------------
 Name: MetisTopos/1602, #Vertices: 72, #Edges: 126, #Parts: 8

Options ---------------------------------------------------------------------
 ptype=kway, objtype=cut, ctype=shem, rtype=greedy, iptype=metisrb
 dbglvl=0, ufactor=1.600, no2hop=NO, minconn=NO, contig=YES, nooutput=NO
 seed=-1, niter=10, ncuts=1

Direct k-way Partitioning ---------------------------------------------------
 - Edgecut: 8714, communication volume: 76.

 - Balance:
     constraint #0:  1.521 out of 0.529

 - Most overweight partition:
     pid: 2, actual: 2300, desired: 1512, ratio: 1.52.

 - Subdomain connectivity: max: 6, min: 3, avg: 4.50

 - Each partition is contiguous.

Timing Information ----------------------------------------------------------
  I/O:          		   0.001 sec
  Partitioning: 		   0.001 sec   (METIS time)
  Reporting:    		   0.000 sec

Memory Information ----------------------------------------------------------
  Max memory used:		   0.069 MB
******************************************************************************
LEO12: 24.825444381176258: ['LEO11', 'LEO12', 'LEO13', 'LEO14', 'LEO15', 'LEO23', 'LEO24', 'LEO25', 'LEO33', 'LEO34', 'LEO35', 'LEO43', 'LEO44', 'LEO54', 'LEO55', 'LEO64']
LEO39: 34.840674858460616: ['LEO16', 'LEO17', 'LEO18', 'LEO19', 'LEO26', 'LEO27', 'LEO28', 'LEO29', 'LEO36', 'LEO37', 'LEO38', 'LEO39', 'LEO45', 'LEO46', 'LEO47']
LEO31: 51.866346293944744: ['LEO21', 'LEO22', 'LEO31', 'LEO32', 'LEO41', 'LEO42']
LEO49: 43.639400380252: ['LEO48', 'LEO49', 'LEO58', 'LEO59']
LEO61: 62.398220335863925: ['LEO51', 'LEO61', 'LEO71', 'LEO72', 'LEO81', 'LEO82', 'LEO83', 'LEO89']
LEO63: 19.649778256262557: ['LEO52', 'LEO53', 'LEO62', 'LEO63', 'LEO73', 'LEO74']
LEO67: 23.143041391647856: ['LEO56', 'LEO57', 'LEO65', 'LEO66', 'LEO67', 'LEO75', 'LEO76', 'LEO84', 'LEO85', 'LEO86']
LEO68: 35.036068623846475: ['LEO68', 'LEO69', 'LEO77', 'LEO78', 'LEO79', 'LEO87', 'LEO88']
sum_con_loads:  295.40
max_con_loads:   62.40
avg_setup_time: 187.83
