******************************************************************************
METIS 5.0 Copyright 1998-13, Regents of the University of Minnesota
 (HEAD: , Built on: Dec 17 2022, 08:18:35)
 size of idx_t: 64bits, real_t: 32bits, idx_t *: 64bits

Graph Information -----------------------------------------------------------
 Name: MetisTopos/1602, #Vertices: 72, #Edges: 126, #Parts: 8

Options ---------------------------------------------------------------------
 ptype=kway, objtype=cut, ctype=shem, rtype=greedy, iptype=metisrb
 dbglvl=0, ufactor=1.900, no2hop=NO, minconn=NO, contig=NO, nooutput=NO
 seed=-1, niter=10, ncuts=1

Direct k-way Partitioning ---------------------------------------------------
 - Edgecut: 8038, communication volume: 75.

 - Balance:
     constraint #0:  1.653 out of 0.529

 - Most overweight partition:
     pid: 3, actual: 2500, desired: 1512, ratio: 1.65.

 - Subdomain connectivity: max: 7, min: 3, avg: 4.50

 - Each partition is contiguous.

Timing Information ----------------------------------------------------------
  I/O:          		   0.001 sec
  Partitioning: 		   0.002 sec   (METIS time)
  Reporting:    		   0.000 sec

Memory Information ----------------------------------------------------------
  Max memory used:		   0.069 MB
******************************************************************************
LEO39: 33.94776991904614: ['LEO11', 'LEO17', 'LEO18', 'LEO19', 'LEO27', 'LEO28', 'LEO29', 'LEO37', 'LEO38', 'LEO39']
LEO12: 15.781455129859818: ['LEO12', 'LEO13', 'LEO14', 'LEO15', 'LEO16']
LEO31: 54.06394996662046: ['LEO21', 'LEO22', 'LEO23', 'LEO31', 'LEO32', 'LEO33', 'LEO41', 'LEO42', 'LEO43', 'LEO52', 'LEO53']
LEO77: 25.34661841555156: ['LEO24', 'LEO25', 'LEO26', 'LEO34', 'LEO35', 'LEO36', 'LEO44', 'LEO45', 'LEO46', 'LEO54', 'LEO55', 'LEO56', 'LEO64', 'LEO65', 'LEO66', 'LEO74', 'LEO75', 'LEO76', 'LEO77', 'LEO78', 'LEO79', 'LEO84', 'LEO85', 'LEO86', 'LEO87', 'LEO88', 'LEO89']
LEO58: 47.40418538588251: ['LEO47', 'LEO48', 'LEO49', 'LEO57', 'LEO58', 'LEO59']
LEO61: 63.41618716083216: ['LEO51', 'LEO61', 'LEO62', 'LEO71', 'LEO72', 'LEO81']
LEO73: 16.051754395844444: ['LEO63', 'LEO73', 'LEO82', 'LEO83']
LEO68: 25.88011666807536: ['LEO67', 'LEO68', 'LEO69']
sum_con_loads:  281.89
max_con_loads:   63.42
avg_setup_time: 180.58
