******************************************************************************
METIS 5.0 Copyright 1998-13, Regents of the University of Minnesota
 (HEAD: , Built on: Dec 17 2022, 08:18:35)
 size of idx_t: 64bits, real_t: 32bits, idx_t *: 64bits

Graph Information -----------------------------------------------------------
 Name: MetisTopos/2001, #Vertices: 72, #Edges: 128, #Parts: 8

Options ---------------------------------------------------------------------
 ptype=kway, objtype=cut, ctype=shem, rtype=greedy, iptype=metisrb
 dbglvl=0, ufactor=2.000, no2hop=NO, minconn=NO, contig=NO, nooutput=NO
 seed=-1, niter=10, ncuts=1

Direct k-way Partitioning ---------------------------------------------------
 - Edgecut: 8483, communication volume: 91.

 - Balance:
     constraint #0:  1.931 out of 0.483

 - Most overweight partition:
     pid: 3, actual: 2800, desired: 1450, ratio: 1.93.

 - Subdomain connectivity: max: 7, min: 3, avg: 5.00

 - There are 1 non-contiguous partitions.
   Total components after removing the cut edges: 9,
   max components: 2 for pid: 7.

Timing Information ----------------------------------------------------------
  I/O:          		   0.001 sec
  Partitioning: 		   0.002 sec   (METIS time)
  Reporting:    		   0.000 sec

Memory Information ----------------------------------------------------------
  Max memory used:		   0.071 MB
******************************************************************************
LEO31: 49.36798102034145: ['LEO11', 'LEO19', 'LEO21', 'LEO31', 'LEO39', 'LEO41']
LEO12: 21.002510872536607: ['LEO12', 'LEO13', 'LEO14', 'LEO15', 'LEO16', 'LEO17', 'LEO25', 'LEO26', 'LEO27', 'LEO35', 'LEO45']
LEO29: 23.868377919079148: ['LEO18', 'LEO28', 'LEO29', 'LEO33', 'LEO42', 'LEO43', 'LEO52', 'LEO53', 'LEO62', 'LEO63']
LEO32: 31.808127123421144: ['LEO22', 'LEO23', 'LEO24', 'LEO32', 'LEO34', 'LEO44', 'LEO54']
LEO48: 52.54337975724977: ['LEO36', 'LEO37', 'LEO38', 'LEO46', 'LEO47', 'LEO48', 'LEO49', 'LEO58']
LEO69: 60.36071488487611: ['LEO51', 'LEO59', 'LEO61', 'LEO67', 'LEO68', 'LEO69', 'LEO71', 'LEO77', 'LEO78', 'LEO79', 'LEO81', 'LEO88', 'LEO89']
LEO57: 30.376273614822523: ['LEO55', 'LEO56', 'LEO57', 'LEO64', 'LEO65', 'LEO66', 'LEO74', 'LEO75', 'LEO76']
LEO72: 16.33285349464534: ['LEO72', 'LEO73', 'LEO82', 'LEO83', 'LEO84', 'LEO85', 'LEO86', 'LEO87']
sum_con_loads:  285.66
max_con_loads:   60.36
avg_setup_time: 205.79
