******************************************************************************
METIS 5.0 Copyright 1998-13, Regents of the University of Minnesota
 (HEAD: , Built on: Dec 17 2022, 08:18:35)
 size of idx_t: 64bits, real_t: 32bits, idx_t *: 64bits

Graph Information -----------------------------------------------------------
 Name: MetisTopos/2001, #Vertices: 72, #Edges: 128, #Parts: 8

Options ---------------------------------------------------------------------
 ptype=kway, objtype=cut, ctype=shem, rtype=greedy, iptype=metisrb
 dbglvl=0, ufactor=2.500, no2hop=NO, minconn=NO, contig=NO, nooutput=NO
 seed=-1, niter=10, ncuts=1

Direct k-way Partitioning ---------------------------------------------------
 - Edgecut: 7633, communication volume: 60.

 - Balance:
     constraint #0:  2.414 out of 0.483

 - Most overweight partition:
     pid: 7, actual: 3500, desired: 1450, ratio: 2.41.

 - Subdomain connectivity: max: 5, min: 0, avg: 2.75

 - There are 0 non-contiguous partitions.
   Total components after removing the cut edges: 6,
   max components: 1 for pid: 0.

Timing Information ----------------------------------------------------------
  I/O:          		   0.001 sec
  Partitioning: 		   0.001 sec   (METIS time)
  Reporting:    		   0.000 sec

Memory Information ----------------------------------------------------------
  Max memory used:		   0.071 MB
******************************************************************************
LEO21: 65.62001236969523: ['LEO11', 'LEO12', 'LEO16', 'LEO17', 'LEO18', 'LEO19', 'LEO21', 'LEO26', 'LEO27', 'LEO28', 'LEO29', 'LEO36', 'LEO37', 'LEO46', 'LEO47']
LEO32: 44.83531493025475: ['LEO13', 'LEO14', 'LEO15', 'LEO22', 'LEO23', 'LEO24', 'LEO25', 'LEO32', 'LEO33', 'LEO34', 'LEO35', 'LEO42', 'LEO43', 'LEO44', 'LEO45', 'LEO52', 'LEO53', 'LEO54', 'LEO55', 'LEO56', 'LEO62', 'LEO63', 'LEO64', 'LEO65', 'LEO66', 'LEO74', 'LEO75']
LEO58: 88.63011798271833: ['LEO31', 'LEO38', 'LEO39', 'LEO41', 'LEO48', 'LEO49', 'LEO51', 'LEO57', 'LEO58', 'LEO59', 'LEO67', 'LEO68', 'LEO69']
LEO79: 43.35335419606641: ['LEO61', 'LEO71', 'LEO78', 'LEO79', 'LEO81', 'LEO88', 'LEO89']
LEO72: 14.296721284474831: ['LEO72', 'LEO73', 'LEO82', 'LEO83']
LEO77: 11.95033363369387: ['LEO76', 'LEO77', 'LEO84', 'LEO85', 'LEO86', 'LEO87']
sum_con_loads:  268.69
max_con_loads:   88.63
avg_setup_time: 290.38
