******************************************************************************
METIS 5.0 Copyright 1998-13, Regents of the University of Minnesota
 (HEAD: , Built on: Dec 17 2022, 08:18:35)
 size of idx_t: 64bits, real_t: 32bits, idx_t *: 64bits

Graph Information -----------------------------------------------------------
 Name: MetisTopos/2001, #Vertices: 72, #Edges: 128, #Parts: 8

Options ---------------------------------------------------------------------
 ptype=kway, objtype=cut, ctype=shem, rtype=greedy, iptype=metisrb
 dbglvl=0, ufactor=2.600, no2hop=NO, minconn=NO, contig=YES, nooutput=NO
 seed=-1, niter=10, ncuts=1

Direct k-way Partitioning ---------------------------------------------------
 - Edgecut: 6992, communication volume: 67.

 - Balance:
     constraint #0:  2.552 out of 0.483

 - Most overweight partition:
     pid: 7, actual: 3700, desired: 1450, ratio: 2.55.

 - Subdomain connectivity: max: 5, min: 0, avg: 2.50

 - There are 0 non-contiguous partitions.
   Total components after removing the cut edges: 6,
   max components: 1 for pid: 0.

Timing Information ----------------------------------------------------------
  I/O:          		   0.001 sec
  Partitioning: 		   0.002 sec   (METIS time)
  Reporting:    		   0.000 sec

Memory Information ----------------------------------------------------------
  Max memory used:		   0.071 MB
******************************************************************************
LEO21: 45.66411670576667: ['LEO11', 'LEO12', 'LEO19', 'LEO21', 'LEO22']
LEO33: 28.434082315824234: ['LEO13', 'LEO14', 'LEO15', 'LEO16', 'LEO17', 'LEO23', 'LEO24', 'LEO25', 'LEO26', 'LEO27', 'LEO32', 'LEO33', 'LEO34', 'LEO42', 'LEO43', 'LEO44']
LEO28: 11.946522990752795: ['LEO18', 'LEO28', 'LEO29']
LEO58: 90.47478295454525: ['LEO31', 'LEO37', 'LEO38', 'LEO39', 'LEO41', 'LEO48', 'LEO49', 'LEO51', 'LEO58', 'LEO59', 'LEO61', 'LEO67', 'LEO68', 'LEO69', 'LEO71', 'LEO79']
LEO57: 63.12024818865121: ['LEO35', 'LEO36', 'LEO45', 'LEO46', 'LEO47', 'LEO52', 'LEO53', 'LEO54', 'LEO55', 'LEO56', 'LEO57', 'LEO62', 'LEO63', 'LEO64', 'LEO65', 'LEO66', 'LEO72', 'LEO75', 'LEO76', 'LEO77', 'LEO78', 'LEO84', 'LEO85', 'LEO86', 'LEO87', 'LEO88']
LEO81: 15.893118658628273: ['LEO73', 'LEO74', 'LEO81', 'LEO82', 'LEO83', 'LEO89']
sum_con_loads:  255.53
max_con_loads:   90.47
avg_setup_time: 298.22
