******************************************************************************
METIS 5.0 Copyright 1998-13, Regents of the University of Minnesota
 (HEAD: , Built on: Dec 17 2022, 08:18:35)
 size of idx_t: 64bits, real_t: 32bits, idx_t *: 64bits

Graph Information -----------------------------------------------------------
 Name: MetisTopos/2001, #Vertices: 72, #Edges: 128, #Parts: 8

Options ---------------------------------------------------------------------
 ptype=kway, objtype=cut, ctype=shem, rtype=greedy, iptype=metisrb
 dbglvl=0, ufactor=3.200, no2hop=NO, minconn=NO, contig=YES, nooutput=NO
 seed=-1, niter=10, ncuts=1

Direct k-way Partitioning ---------------------------------------------------
 - Edgecut: 6648, communication volume: 61.

 - Balance:
     constraint #0:  3.172 out of 0.483

 - Most overweight partition:
     pid: 7, actual: 4600, desired: 1450, ratio: 3.17.

 - Subdomain connectivity: max: 5, min: 0, avg: 2.25

 - There are 0 non-contiguous partitions.
   Total components after removing the cut edges: 6,
   max components: 1 for pid: 0.

Timing Information ----------------------------------------------------------
  I/O:          		   0.001 sec
  Partitioning: 		   0.002 sec   (METIS time)
  Reporting:    		   0.000 sec

Memory Information ----------------------------------------------------------
  Max memory used:		   0.071 MB
******************************************************************************
LEO12: 27.317347541785942: ['LEO11', 'LEO12', 'LEO13', 'LEO14', 'LEO19']
LEO28: 25.610075641176046: ['LEO15', 'LEO16', 'LEO17', 'LEO18', 'LEO25', 'LEO26', 'LEO27', 'LEO28', 'LEO29', 'LEO35', 'LEO36', 'LEO37']
LEO48: 104.22646964045217: ['LEO21', 'LEO31', 'LEO38', 'LEO39', 'LEO41', 'LEO42', 'LEO43', 'LEO44', 'LEO45', 'LEO46', 'LEO47', 'LEO48', 'LEO49', 'LEO51', 'LEO52', 'LEO53', 'LEO54', 'LEO55', 'LEO56', 'LEO57', 'LEO58', 'LEO59', 'LEO67', 'LEO68', 'LEO69']
LEO32: 31.67515739681233: ['LEO22', 'LEO23', 'LEO24', 'LEO32', 'LEO33', 'LEO34']
LEO79: 48.323782784431664: ['LEO61', 'LEO62', 'LEO63', 'LEO64', 'LEO71', 'LEO72', 'LEO73', 'LEO74', 'LEO78', 'LEO79', 'LEO81', 'LEO82', 'LEO83', 'LEO87', 'LEO88', 'LEO89']
LEO76: 11.94316790758247: ['LEO65', 'LEO66', 'LEO75', 'LEO76', 'LEO77', 'LEO84', 'LEO85', 'LEO86']
sum_con_loads:  249.10
max_con_loads:  104.23
avg_setup_time: 202.75
