******************************************************************************
METIS 5.0 Copyright 1998-13, Regents of the University of Minnesota
 (HEAD: , Built on: Dec 17 2022, 08:18:35)
 size of idx_t: 64bits, real_t: 32bits, idx_t *: 64bits

Graph Information -----------------------------------------------------------
 Name: MetisTopos/2001, #Vertices: 72, #Edges: 128, #Parts: 8

Options ---------------------------------------------------------------------
 ptype=kway, objtype=cut, ctype=shem, rtype=greedy, iptype=metisrb
 dbglvl=0, ufactor=3.500, no2hop=NO, minconn=NO, contig=YES, nooutput=NO
 seed=-1, niter=10, ncuts=1

Direct k-way Partitioning ---------------------------------------------------
 - Edgecut: 6004, communication volume: 61.

 - Balance:
     constraint #0:  3.448 out of 0.483

 - Most overweight partition:
     pid: 7, actual: 5000, desired: 1450, ratio: 3.45.

 - Subdomain connectivity: max: 5, min: 0, avg: 2.50

 - There are 0 non-contiguous partitions.
   Total components after removing the cut edges: 6,
   max components: 1 for pid: 2.

Timing Information ----------------------------------------------------------
  I/O:          		   0.001 sec
  Partitioning: 		   0.001 sec   (METIS time)
  Reporting:    		   0.000 sec

Memory Information ----------------------------------------------------------
  Max memory used:		   0.074 MB
******************************************************************************
LEO11: 24.152034128890975: ['LEO11', 'LEO12', 'LEO19']
LEO33: 58.00858086650668: ['LEO13', 'LEO14', 'LEO22', 'LEO23', 'LEO24', 'LEO32', 'LEO33', 'LEO34', 'LEO42', 'LEO43', 'LEO44', 'LEO45', 'LEO46', 'LEO52', 'LEO53', 'LEO54', 'LEO55', 'LEO56', 'LEO62', 'LEO63', 'LEO64', 'LEO65', 'LEO66', 'LEO72', 'LEO73', 'LEO74', 'LEO75', 'LEO85']
LEO28: 25.610075641176046: ['LEO15', 'LEO16', 'LEO17', 'LEO18', 'LEO25', 'LEO26', 'LEO27', 'LEO28', 'LEO29', 'LEO35', 'LEO36', 'LEO37']
LEO59: 98.82636153206357: ['LEO21', 'LEO31', 'LEO38', 'LEO39', 'LEO41', 'LEO47', 'LEO48', 'LEO49', 'LEO51', 'LEO57', 'LEO58', 'LEO59', 'LEO61', 'LEO67', 'LEO68', 'LEO69', 'LEO71', 'LEO79', 'LEO89']
LEO78: 17.686562397443463: ['LEO76', 'LEO77', 'LEO78', 'LEO86', 'LEO87', 'LEO88']
LEO81: 11.941694446793816: ['LEO81', 'LEO82', 'LEO83', 'LEO84']
sum_con_loads:  236.23
max_con_loads:   98.83
avg_setup_time: 939.32
