******************************************************************************
METIS 5.0 Copyright 1998-13, Regents of the University of Minnesota
 (HEAD: , Built on: Dec 17 2022, 08:18:35)
 size of idx_t: 64bits, real_t: 32bits, idx_t *: 64bits

Graph Information -----------------------------------------------------------
 Name: MetisTopos/2001, #Vertices: 72, #Edges: 128, #Parts: 8

Options ---------------------------------------------------------------------
 ptype=kway, objtype=cut, ctype=shem, rtype=greedy, iptype=metisrb
 dbglvl=0, ufactor=1.300, no2hop=NO, minconn=NO, contig=YES, nooutput=NO
 seed=-1, niter=10, ncuts=1

Direct k-way Partitioning ---------------------------------------------------
 - Edgecut: 9817, communication volume: 78.

 - Balance:
     constraint #0:  1.241 out of 0.483

 - Most overweight partition:
     pid: 2, actual: 1800, desired: 1450, ratio: 1.24.

 - Subdomain connectivity: max: 6, min: 3, avg: 4.50

 - Each partition is contiguous.

Timing Information ----------------------------------------------------------
  I/O:          		   0.001 sec
  Partitioning: 		   0.002 sec   (METIS time)
  Reporting:    		   0.000 sec

Memory Information ----------------------------------------------------------
  Max memory used:		   0.071 MB
******************************************************************************
LEO21: 42.74302276770645: ['LEO11', 'LEO19', 'LEO21', 'LEO22']
LEO13: 29.26247989194898: ['LEO12', 'LEO13', 'LEO14', 'LEO15', 'LEO23', 'LEO24', 'LEO25', 'LEO33', 'LEO34', 'LEO35', 'LEO43', 'LEO44', 'LEO45', 'LEO54']
LEO38: 37.95978004810618: ['LEO16', 'LEO17', 'LEO18', 'LEO26', 'LEO27', 'LEO28', 'LEO29', 'LEO36', 'LEO37', 'LEO38']
LEO51: 66.64564539829288: ['LEO31', 'LEO39', 'LEO41', 'LEO51', 'LEO59', 'LEO61', 'LEO69', 'LEO71', 'LEO79', 'LEO81', 'LEO82', 'LEO83', 'LEO89']
LEO32: 26.948388359609257: ['LEO32', 'LEO42', 'LEO52', 'LEO53', 'LEO62', 'LEO63', 'LEO64', 'LEO72', 'LEO73']
LEO57: 30.854632121709212: ['LEO46', 'LEO55', 'LEO56', 'LEO57', 'LEO65', 'LEO66', 'LEO74', 'LEO75', 'LEO76', 'LEO84', 'LEO85', 'LEO86']
LEO48: 45.2377302141923: ['LEO47', 'LEO48', 'LEO49', 'LEO58']
LEO68: 32.666965381052414: ['LEO67', 'LEO68', 'LEO77', 'LEO78', 'LEO87', 'LEO88']
sum_con_loads:  312.32
max_con_loads:   66.65
avg_setup_time: 218.71
