******************************************************************************
METIS 5.0 Copyright 1998-13, Regents of the University of Minnesota
 (HEAD: , Built on: Dec 17 2022, 08:18:35)
 size of idx_t: 64bits, real_t: 32bits, idx_t *: 64bits

Graph Information -----------------------------------------------------------
 Name: MetisTopos/2001, #Vertices: 72, #Edges: 128, #Parts: 8

Options ---------------------------------------------------------------------
 ptype=kway, objtype=cut, ctype=shem, rtype=greedy, iptype=metisrb
 dbglvl=0, ufactor=1.400, no2hop=NO, minconn=NO, contig=YES, nooutput=NO
 seed=-1, niter=10, ncuts=1

Direct k-way Partitioning ---------------------------------------------------
 - Edgecut: 8774, communication volume: 83.

 - Balance:
     constraint #0:  1.379 out of 0.483

 - Most overweight partition:
     pid: 4, actual: 2000, desired: 1450, ratio: 1.38.

 - Subdomain connectivity: max: 6, min: 3, avg: 4.50

 - Each partition is contiguous.

Timing Information ----------------------------------------------------------
  I/O:          		   0.001 sec
  Partitioning: 		   0.002 sec   (METIS time)
  Reporting:    		   0.000 sec

Memory Information ----------------------------------------------------------
  Max memory used:		   0.071 MB
******************************************************************************
LEO31: 50.69536950460973: ['LEO11', 'LEO19', 'LEO21', 'LEO31', 'LEO39', 'LEO41', 'LEO51']
LEO13: 28.65174945494031: ['LEO12', 'LEO13', 'LEO14', 'LEO15', 'LEO25', 'LEO35', 'LEO45', 'LEO46', 'LEO47']
LEO28: 21.95019964139744: ['LEO16', 'LEO17', 'LEO18', 'LEO26', 'LEO27', 'LEO28', 'LEO29', 'LEO36', 'LEO37']
LEO32: 31.67515739681233: ['LEO22', 'LEO23', 'LEO24', 'LEO32', 'LEO33', 'LEO34', 'LEO42', 'LEO43', 'LEO44', 'LEO52', 'LEO53', 'LEO54']
LEO48: 47.099187907470835: ['LEO38', 'LEO48', 'LEO49', 'LEO58']
LEO57: 30.376273614822527: ['LEO55', 'LEO56', 'LEO57', 'LEO65', 'LEO66', 'LEO74', 'LEO75', 'LEO76', 'LEO85', 'LEO86']
LEO69: 48.5802983798609: ['LEO59', 'LEO61', 'LEO62', 'LEO63', 'LEO64', 'LEO69', 'LEO71', 'LEO72', 'LEO73', 'LEO79', 'LEO81', 'LEO82', 'LEO83', 'LEO84', 'LEO89']
LEO68: 32.666965381052414: ['LEO67', 'LEO68', 'LEO77', 'LEO78', 'LEO87', 'LEO88']
sum_con_loads:  291.70
max_con_loads:   50.70
avg_setup_time: 201.09
