******************************************************************************
METIS 5.0 Copyright 1998-13, Regents of the University of Minnesota
 (HEAD: , Built on: Dec 17 2022, 08:18:35)
 size of idx_t: 64bits, real_t: 32bits, idx_t *: 64bits

Graph Information -----------------------------------------------------------
 Name: MetisTopos/2001, #Vertices: 72, #Edges: 128, #Parts: 8

Options ---------------------------------------------------------------------
 ptype=kway, objtype=cut, ctype=shem, rtype=greedy, iptype=metisrb
 dbglvl=0, ufactor=1.500, no2hop=NO, minconn=NO, contig=NO, nooutput=NO
 seed=-1, niter=10, ncuts=1

Direct k-way Partitioning ---------------------------------------------------
 - Edgecut: 8028, communication volume: 77.

 - Balance:
     constraint #0:  1.448 out of 0.483

 - Most overweight partition:
     pid: 3, actual: 2100, desired: 1450, ratio: 1.45.

 - Subdomain connectivity: max: 6, min: 3, avg: 4.50

 - Each partition is contiguous.

Timing Information ----------------------------------------------------------
  I/O:          		   0.001 sec
  Partitioning: 		   0.001 sec   (METIS time)
  Reporting:    		   0.000 sec

Memory Information ----------------------------------------------------------
  Max memory used:		   0.071 MB
******************************************************************************
LEO31: 54.72365632876286: ['LEO11', 'LEO12', 'LEO21', 'LEO31', 'LEO39']
LEO22: 28.236960116816533: ['LEO13', 'LEO14', 'LEO15', 'LEO16', 'LEO22', 'LEO23', 'LEO24', 'LEO25', 'LEO26', 'LEO35', 'LEO36', 'LEO45', 'LEO46']
LEO28: 11.946522990752795: ['LEO17', 'LEO18', 'LEO19', 'LEO27', 'LEO28', 'LEO29']
LEO32: 20.738665172672103: ['LEO32', 'LEO33', 'LEO34', 'LEO42', 'LEO43', 'LEO44', 'LEO52', 'LEO53', 'LEO54', 'LEO62', 'LEO63', 'LEO64']
LEO48: 50.579732414125075: ['LEO37', 'LEO38', 'LEO47', 'LEO48', 'LEO49', 'LEO58']
LEO69: 49.28904210576314: ['LEO41', 'LEO51', 'LEO59', 'LEO61', 'LEO69', 'LEO71', 'LEO72', 'LEO73', 'LEO79', 'LEO81', 'LEO82', 'LEO83', 'LEO89']
LEO57: 25.286544056852826: ['LEO55', 'LEO56', 'LEO57', 'LEO65', 'LEO66', 'LEO74', 'LEO75']
LEO68: 35.61369012960326: ['LEO67', 'LEO68', 'LEO76', 'LEO77', 'LEO78', 'LEO84', 'LEO85', 'LEO86', 'LEO87', 'LEO88']
sum_con_loads:  276.41
max_con_loads:   54.72
avg_setup_time: 193.84
