******************************************************************************
METIS 5.0 Copyright 1998-13, Regents of the University of Minnesota
 (HEAD: , Built on: Dec 17 2022, 08:18:35)
 size of idx_t: 64bits, real_t: 32bits, idx_t *: 64bits

Graph Information -----------------------------------------------------------
 Name: MetisTopos/576, #Vertices: 72, #Edges: 128, #Parts: 8

Options ---------------------------------------------------------------------
 ptype=kway, objtype=cut, ctype=shem, rtype=greedy, iptype=metisrb
 dbglvl=0, ufactor=1.100, no2hop=NO, minconn=NO, contig=YES, nooutput=NO
 seed=-1, niter=10, ncuts=1

Direct k-way Partitioning ---------------------------------------------------
 - Edgecut: 12304, communication volume: 86.

 - Balance:
     constraint #0:  1.103 out of 0.552

 - Most overweight partition:
     pid: 0, actual: 1600, desired: 1450, ratio: 1.10.

 - Subdomain connectivity: max: 6, min: 2, avg: 4.00

 - Each partition is contiguous.

Timing Information ----------------------------------------------------------
  I/O:          		   0.001 sec
  Partitioning: 		   0.002 sec   (METIS time)
  Reporting:    		   0.000 sec

Memory Information ----------------------------------------------------------
  Max memory used:		   0.071 MB
******************************************************************************
LEO24: 38.15426774409375: ['LEO11', 'LEO12', 'LEO16', 'LEO17', 'LEO18', 'LEO19', 'LEO22', 'LEO24', 'LEO25', 'LEO26', 'LEO35']
LEO14: 28.631383486720033: ['LEO13', 'LEO14', 'LEO15']
LEO31: 38.82460616393034: ['LEO21', 'LEO31', 'LEO39', 'LEO49', 'LEO59']
LEO43: 67.76086454574678: ['LEO23', 'LEO32', 'LEO33', 'LEO34', 'LEO41', 'LEO42', 'LEO43', 'LEO44']
LEO65: 43.46159463884937: ['LEO27', 'LEO28', 'LEO29', 'LEO36', 'LEO37', 'LEO38', 'LEO45', 'LEO46', 'LEO48', 'LEO55', 'LEO58', 'LEO65', 'LEO75', 'LEO83', 'LEO84', 'LEO85']
LEO72: 55.23176336909755: ['LEO47', 'LEO56', 'LEO57', 'LEO62', 'LEO66', 'LEO67', 'LEO68', 'LEO71', 'LEO72', 'LEO73', 'LEO76', 'LEO77', 'LEO78', 'LEO79', 'LEO81', 'LEO82', 'LEO86', 'LEO87', 'LEO88', 'LEO89']
LEO51: 49.243254908923504: ['LEO51', 'LEO61', 'LEO69']
LEO63: 41.355569377185475: ['LEO52', 'LEO53', 'LEO54', 'LEO63', 'LEO64', 'LEO74']
sum_con_loads:  362.66
max_con_loads:   67.76
avg_setup_time: 283.17
