******************************************************************************
METIS 5.0 Copyright 1998-13, Regents of the University of Minnesota
 (HEAD: , Built on: Dec 17 2022, 08:18:35)
 size of idx_t: 64bits, real_t: 32bits, idx_t *: 64bits

Graph Information -----------------------------------------------------------
 Name: MetisTopos/576, #Vertices: 72, #Edges: 128, #Parts: 8

Options ---------------------------------------------------------------------
 ptype=kway, objtype=cut, ctype=shem, rtype=greedy, iptype=metisrb
 dbglvl=0, ufactor=2.300, no2hop=NO, minconn=NO, contig=YES, nooutput=NO
 seed=-1, niter=10, ncuts=1

Direct k-way Partitioning ---------------------------------------------------
 - Edgecut: 7040, communication volume: 70.

 - Balance:
     constraint #0:  2.138 out of 0.552

 - Most overweight partition:
     pid: 5, actual: 3100, desired: 1450, ratio: 2.14.

 - Subdomain connectivity: max: 6, min: 0, avg: 3.50

 - There are 0 non-contiguous partitions.
   Total components after removing the cut edges: 7,
   max components: 1 for pid: 1.

Timing Information ----------------------------------------------------------
  I/O:          		   0.001 sec
  Partitioning: 		   0.002 sec   (METIS time)
  Reporting:    		   0.000 sec

Memory Information ----------------------------------------------------------
  Max memory used:		   0.070 MB
******************************************************************************
LEO21: 17.678550873842948: ['LEO11', 'LEO12', 'LEO21', 'LEO22']
LEO53: 79.22063443569368: ['LEO13', 'LEO23', 'LEO32', 'LEO33', 'LEO42', 'LEO43', 'LEO52', 'LEO53', 'LEO62', 'LEO63', 'LEO71', 'LEO72', 'LEO73', 'LEO79', 'LEO81', 'LEO82', 'LEO83', 'LEO89']
LEO14: 23.223690860172486: ['LEO14', 'LEO15']
LEO36: 37.21274718937657: ['LEO16', 'LEO17', 'LEO18', 'LEO19', 'LEO24', 'LEO25', 'LEO26', 'LEO27', 'LEO28', 'LEO29', 'LEO34', 'LEO35', 'LEO36', 'LEO37', 'LEO38', 'LEO39', 'LEO44', 'LEO45', 'LEO46', 'LEO47', 'LEO48', 'LEO54', 'LEO55', 'LEO56', 'LEO66']
LEO51: 64.31632062351056: ['LEO31', 'LEO41', 'LEO49', 'LEO51', 'LEO59', 'LEO61', 'LEO69']
LEO68: 17.577607640887607: ['LEO57', 'LEO58', 'LEO67', 'LEO68', 'LEO77', 'LEO78', 'LEO86', 'LEO87', 'LEO88']
LEO74: 17.843088202028365: ['LEO64', 'LEO65', 'LEO74', 'LEO75', 'LEO76', 'LEO84', 'LEO85']
sum_con_loads:  257.07
max_con_loads:   79.22
avg_setup_time: 235.42
