******************************************************************************
METIS 5.0 Copyright 1998-13, Regents of the University of Minnesota
 (HEAD: , Built on: Dec 17 2022, 08:18:35)
 size of idx_t: 64bits, real_t: 32bits, idx_t *: 64bits

Graph Information -----------------------------------------------------------
 Name: MetisTopos/576, #Vertices: 72, #Edges: 128, #Parts: 8

Options ---------------------------------------------------------------------
 ptype=kway, objtype=cut, ctype=shem, rtype=greedy, iptype=metisrb
 dbglvl=0, ufactor=1.200, no2hop=NO, minconn=NO, contig=YES, nooutput=NO
 seed=-1, niter=10, ncuts=1

Direct k-way Partitioning ---------------------------------------------------
 - Edgecut: 9590, communication volume: 82.

 - Balance:
     constraint #0:  1.103 out of 0.552

 - Most overweight partition:
     pid: 0, actual: 1600, desired: 1450, ratio: 1.10.

 - Subdomain connectivity: max: 6, min: 2, avg: 4.25

 - Each partition is contiguous.

Timing Information ----------------------------------------------------------
  I/O:          		   0.001 sec
  Partitioning: 		   0.001 sec   (METIS time)
  Reporting:    		   0.000 sec

Memory Information ----------------------------------------------------------
  Max memory used:		   0.071 MB
******************************************************************************
LEO31: 26.535504731001247: ['LEO11', 'LEO12', 'LEO18', 'LEO19', 'LEO21', 'LEO22', 'LEO29', 'LEO31', 'LEO32', 'LEO39']
LEO33: 50.86875184595469: ['LEO13', 'LEO23', 'LEO33', 'LEO34', 'LEO43', 'LEO44', 'LEO52', 'LEO53']
LEO14: 31.95379550746639: ['LEO14', 'LEO24']
LEO26: 37.070408681742066: ['LEO15', 'LEO16', 'LEO17', 'LEO25', 'LEO26', 'LEO35', 'LEO45', 'LEO54', 'LEO55', 'LEO64', 'LEO74']
LEO58: 35.475177467781236: ['LEO27', 'LEO28', 'LEO36', 'LEO37', 'LEO38', 'LEO46', 'LEO47', 'LEO48', 'LEO49', 'LEO56', 'LEO57', 'LEO58', 'LEO59', 'LEO66', 'LEO67', 'LEO68', 'LEO76', 'LEO77', 'LEO78']
LEO51: 52.673405380276684: ['LEO41', 'LEO42', 'LEO51', 'LEO61']
LEO63: 41.51024554040299: ['LEO62', 'LEO63', 'LEO72', 'LEO73', 'LEO82', 'LEO83', 'LEO84']
LEO69: 32.086665026834076: ['LEO65', 'LEO69', 'LEO71', 'LEO75', 'LEO79', 'LEO81', 'LEO85', 'LEO86', 'LEO87', 'LEO88', 'LEO89']
sum_con_loads:  308.17
max_con_loads:   52.67
avg_setup_time: 222.98
