******************************************************************************
METIS 5.0 Copyright 1998-13, Regents of the University of Minnesota
 (HEAD: , Built on: Dec 17 2022, 08:18:35)
 size of idx_t: 64bits, real_t: 32bits, idx_t *: 64bits

Graph Information -----------------------------------------------------------
 Name: MetisTopos/576, #Vertices: 72, #Edges: 128, #Parts: 8

Options ---------------------------------------------------------------------
 ptype=kway, objtype=cut, ctype=shem, rtype=greedy, iptype=metisrb
 dbglvl=0, ufactor=3.400, no2hop=NO, minconn=NO, contig=YES, nooutput=NO
 seed=-1, niter=10, ncuts=1

Direct k-way Partitioning ---------------------------------------------------
 - Edgecut: 5376, communication volume: 57.

 - Balance:
     constraint #0:  3.379 out of 0.552

 - Most overweight partition:
     pid: 5, actual: 4900, desired: 1450, ratio: 3.38.

 - Subdomain connectivity: max: 3, min: 0, avg: 1.25

 - There are 0 non-contiguous partitions.
   Total components after removing the cut edges: 4,
   max components: 1 for pid: 4.

Timing Information ----------------------------------------------------------
  I/O:          		   0.001 sec
  Partitioning: 		   0.001 sec   (METIS time)
  Reporting:    		   0.000 sec

Memory Information ----------------------------------------------------------
  Max memory used:		   0.074 MB
******************************************************************************
LEO33: 81.4499252897872: ['LEO11', 'LEO12', 'LEO13', 'LEO14', 'LEO15', 'LEO16', 'LEO17', 'LEO18', 'LEO19', 'LEO21', 'LEO22', 'LEO23', 'LEO28', 'LEO29', 'LEO31', 'LEO32', 'LEO33', 'LEO38', 'LEO39', 'LEO42', 'LEO43', 'LEO52', 'LEO53', 'LEO63']
LEO24: 29.87738910950817: ['LEO24', 'LEO25', 'LEO26', 'LEO27', 'LEO34', 'LEO35', 'LEO36', 'LEO37', 'LEO44', 'LEO45', 'LEO46', 'LEO47', 'LEO54', 'LEO55', 'LEO56', 'LEO64', 'LEO65', 'LEO66']
LEO61: 87.27195690619835: ['LEO41', 'LEO48', 'LEO49', 'LEO51', 'LEO59', 'LEO61', 'LEO62', 'LEO69', 'LEO72', 'LEO73', 'LEO74', 'LEO75', 'LEO76', 'LEO82', 'LEO83', 'LEO84', 'LEO85']
LEO78: 25.102196572639034: ['LEO57', 'LEO58', 'LEO67', 'LEO68', 'LEO71', 'LEO77', 'LEO78', 'LEO79', 'LEO81', 'LEO86', 'LEO87', 'LEO88', 'LEO89']
sum_con_loads:  223.70
max_con_loads:   87.27
avg_setup_time: 295.73
