******************************************************************************
METIS 5.0 Copyright 1998-13, Regents of the University of Minnesota
 (HEAD: , Built on: Dec 17 2022, 08:18:35)
 size of idx_t: 64bits, real_t: 32bits, idx_t *: 64bits

Graph Information -----------------------------------------------------------
 Name: MetisTopos/576, #Vertices: 72, #Edges: 128, #Parts: 8

Options ---------------------------------------------------------------------
 ptype=kway, objtype=cut, ctype=shem, rtype=greedy, iptype=metisrb
 dbglvl=0, ufactor=3.500, no2hop=NO, minconn=NO, contig=YES, nooutput=NO
 seed=-1, niter=10, ncuts=1

Direct k-way Partitioning ---------------------------------------------------
 - Edgecut: 7734, communication volume: 74.

 - Balance:
     constraint #0:  3.517 out of 0.552

 - Most overweight partition:
     pid: 7, actual: 5100, desired: 1450, ratio: 3.52.

 - Subdomain connectivity: max: 4, min: 0, avg: 1.25

 - There are 0 non-contiguous partitions.
   Total components after removing the cut edges: 5,
   max components: 1 for pid: 3.

Timing Information ----------------------------------------------------------
  I/O:          		   0.001 sec
  Partitioning: 		   0.001 sec   (METIS time)
  Reporting:    		   0.000 sec

Memory Information ----------------------------------------------------------
  Max memory used:		   0.071 MB
******************************************************************************
LEO41: 55.640964751554584: ['LEO11', 'LEO12', 'LEO17', 'LEO18', 'LEO19', 'LEO21', 'LEO22', 'LEO28', 'LEO29', 'LEO31', 'LEO32', 'LEO38', 'LEO39', 'LEO41', 'LEO42', 'LEO48', 'LEO49']
LEO53: 125.00514215924598: ['LEO13', 'LEO14', 'LEO15', 'LEO16', 'LEO23', 'LEO26', 'LEO27', 'LEO33', 'LEO37', 'LEO43', 'LEO47', 'LEO51', 'LEO52', 'LEO53', 'LEO57', 'LEO58', 'LEO59', 'LEO63', 'LEO67', 'LEO73', 'LEO74', 'LEO75', 'LEO76', 'LEO77']
LEO24: 26.17824275730852: ['LEO24', 'LEO25', 'LEO34', 'LEO35', 'LEO36', 'LEO44', 'LEO45', 'LEO46', 'LEO54', 'LEO55', 'LEO56', 'LEO64', 'LEO65', 'LEO66']
LEO61: 54.059465532721845: ['LEO61', 'LEO62', 'LEO68', 'LEO69', 'LEO71', 'LEO72', 'LEO81', 'LEO82', 'LEO83', 'LEO84', 'LEO85']
LEO78: 10.000814311620625: ['LEO78', 'LEO79', 'LEO86', 'LEO87', 'LEO88', 'LEO89']
sum_con_loads:  270.88
max_con_loads:  125.01
avg_setup_time: 232.41
