******************************************************************************
METIS 5.0 Copyright 1998-13, Regents of the University of Minnesota
 (HEAD: , Built on: Dec 17 2022, 08:18:35)
 size of idx_t: 64bits, real_t: 32bits, idx_t *: 64bits

Graph Information -----------------------------------------------------------
 Name: MetisTopos/576, #Vertices: 72, #Edges: 128, #Parts: 8

Options ---------------------------------------------------------------------
 ptype=kway, objtype=cut, ctype=shem, rtype=greedy, iptype=metisrb
 dbglvl=0, ufactor=1.300, no2hop=NO, minconn=NO, contig=YES, nooutput=NO
 seed=-1, niter=10, ncuts=1

Direct k-way Partitioning ---------------------------------------------------
 - Edgecut: 9913, communication volume: 84.

 - Balance:
     constraint #0:  1.172 out of 0.552

 - Most overweight partition:
     pid: 5, actual: 1700, desired: 1450, ratio: 1.17.

 - Subdomain connectivity: max: 6, min: 3, avg: 4.25

 - Each partition is contiguous.

Timing Information ----------------------------------------------------------
  I/O:          		   0.001 sec
  Partitioning: 		   0.001 sec   (METIS time)
  Reporting:    		   0.000 sec

Memory Information ----------------------------------------------------------
  Max memory used:		   0.070 MB
******************************************************************************
LEO41: 49.32396996473517: ['LEO11', 'LEO21', 'LEO31', 'LEO41', 'LEO42', 'LEO49']
LEO33: 53.70232795389771: ['LEO12', 'LEO13', 'LEO22', 'LEO23', 'LEO32', 'LEO33', 'LEO34', 'LEO43', 'LEO44', 'LEO52', 'LEO53']
LEO14: 32.312547116218: ['LEO14', 'LEO24', 'LEO25']
LEO68: 36.64635752890658: ['LEO15', 'LEO16', 'LEO17', 'LEO18', 'LEO19', 'LEO26', 'LEO27', 'LEO28', 'LEO29', 'LEO37', 'LEO47', 'LEO57', 'LEO67', 'LEO68', 'LEO69', 'LEO77', 'LEO78', 'LEO79', 'LEO87', 'LEO88', 'LEO89']
LEO74: 25.3881052035455: ['LEO35', 'LEO36', 'LEO45', 'LEO46', 'LEO54', 'LEO55', 'LEO56', 'LEO64', 'LEO65', 'LEO66', 'LEO74', 'LEO75', 'LEO76', 'LEO84', 'LEO85', 'LEO86']
LEO59: 25.134501555889056: ['LEO38', 'LEO39', 'LEO48', 'LEO58', 'LEO59']
LEO61: 50.48814972560113: ['LEO51', 'LEO61', 'LEO71']
LEO63: 41.51024554040299: ['LEO62', 'LEO63', 'LEO72', 'LEO73', 'LEO81', 'LEO82', 'LEO83']
sum_con_loads:  314.51
max_con_loads:   53.70
avg_setup_time: 217.86
