******************************************************************************
METIS 5.0 Copyright 1998-13, Regents of the University of Minnesota
 (HEAD: , Built on: Dec 17 2022, 08:18:35)
 size of idx_t: 64bits, real_t: 32bits, idx_t *: 64bits

Graph Information -----------------------------------------------------------
 Name: MetisTopos/576, #Vertices: 72, #Edges: 128, #Parts: 8

Options ---------------------------------------------------------------------
 ptype=kway, objtype=cut, ctype=shem, rtype=greedy, iptype=metisrb
 dbglvl=0, ufactor=1.400, no2hop=NO, minconn=NO, contig=NO, nooutput=NO
 seed=-1, niter=10, ncuts=1

Direct k-way Partitioning ---------------------------------------------------
 - Edgecut: 9415, communication volume: 84.

 - Balance:
     constraint #0:  1.379 out of 0.552

 - Most overweight partition:
     pid: 3, actual: 2000, desired: 1450, ratio: 1.38.

 - Subdomain connectivity: max: 5, min: 3, avg: 4.25

 - Each partition is contiguous.

Timing Information ----------------------------------------------------------
  I/O:          		   0.001 sec
  Partitioning: 		   0.001 sec   (METIS time)
  Reporting:    		   0.000 sec

Memory Information ----------------------------------------------------------
  Max memory used:		   0.070 MB
******************************************************************************
LEO41: 48.6794955298154: ['LEO11', 'LEO18', 'LEO19', 'LEO21', 'LEO28', 'LEO29', 'LEO31', 'LEO32', 'LEO39', 'LEO41', 'LEO42']
LEO23: 54.04139898296306: ['LEO12', 'LEO13', 'LEO14', 'LEO22', 'LEO23', 'LEO33', 'LEO43']
LEO24: 25.96847764288313: ['LEO15', 'LEO16', 'LEO17', 'LEO24', 'LEO25', 'LEO26']
LEO69: 28.535176458441583: ['LEO27', 'LEO37', 'LEO47', 'LEO57', 'LEO67', 'LEO68', 'LEO69', 'LEO77', 'LEO78', 'LEO79', 'LEO87', 'LEO88', 'LEO89']
LEO83: 32.20376136926404: ['LEO34', 'LEO35', 'LEO36', 'LEO44', 'LEO45', 'LEO46', 'LEO55', 'LEO56', 'LEO65', 'LEO66', 'LEO75', 'LEO76', 'LEO83', 'LEO84', 'LEO85', 'LEO86']
LEO59: 24.490027120969284: ['LEO38', 'LEO48', 'LEO49', 'LEO58', 'LEO59']
LEO61: 51.58765848778037: ['LEO51', 'LEO52', 'LEO61', 'LEO62', 'LEO71', 'LEO72', 'LEO81', 'LEO82']
LEO63: 38.881356610521294: ['LEO53', 'LEO54', 'LEO63', 'LEO64', 'LEO73', 'LEO74']
sum_con_loads:  304.39
max_con_loads:   54.04
avg_setup_time: 217.12
