******************************************************************************
METIS 5.0 Copyright 1998-13, Regents of the University of Minnesota
 (HEAD: , Built on: Dec 17 2022, 08:18:35)
 size of idx_t: 64bits, real_t: 32bits, idx_t *: 64bits

Graph Information -----------------------------------------------------------
 Name: MetisTopos/576, #Vertices: 72, #Edges: 128, #Parts: 8

Options ---------------------------------------------------------------------
 ptype=kway, objtype=cut, ctype=shem, rtype=greedy, iptype=metisrb
 dbglvl=0, ufactor=1.500, no2hop=NO, minconn=NO, contig=YES, nooutput=NO
 seed=-1, niter=10, ncuts=1

Direct k-way Partitioning ---------------------------------------------------
 - Edgecut: 8528, communication volume: 69.

 - Balance:
     constraint #0:  1.379 out of 0.552

 - Most overweight partition:
     pid: 3, actual: 2000, desired: 1450, ratio: 1.38.

 - Subdomain connectivity: max: 5, min: 0, avg: 3.75

 - There are 0 non-contiguous partitions.
   Total components after removing the cut edges: 7,
   max components: 1 for pid: 0.

Timing Information ----------------------------------------------------------
  I/O:          		   0.001 sec
  Partitioning: 		   0.002 sec   (METIS time)
  Reporting:    		   0.000 sec

Memory Information ----------------------------------------------------------
  Max memory used:		   0.071 MB
******************************************************************************
LEO31: 23.31500845600641: ['LEO11', 'LEO18', 'LEO19', 'LEO21', 'LEO29', 'LEO31', 'LEO39']
LEO23: 54.04139898296306: ['LEO12', 'LEO13', 'LEO14', 'LEO22', 'LEO23', 'LEO32', 'LEO33', 'LEO43']
LEO25: 35.18151068648178: ['LEO15', 'LEO16', 'LEO17', 'LEO24', 'LEO25', 'LEO26', 'LEO34', 'LEO35', 'LEO36', 'LEO44', 'LEO45', 'LEO46', 'LEO54', 'LEO55', 'LEO56', 'LEO66']
LEO69: 39.967400229830666: ['LEO27', 'LEO28', 'LEO37', 'LEO38', 'LEO47', 'LEO48', 'LEO49', 'LEO57', 'LEO58', 'LEO67', 'LEO68', 'LEO69', 'LEO77', 'LEO78', 'LEO79', 'LEO86', 'LEO87', 'LEO88', 'LEO89']
LEO51: 55.966457626109765: ['LEO41', 'LEO42', 'LEO51', 'LEO59', 'LEO61']
LEO63: 41.196196298985704: ['LEO52', 'LEO53', 'LEO63', 'LEO64', 'LEO65', 'LEO73', 'LEO74', 'LEO75', 'LEO76', 'LEO84', 'LEO85']
LEO72: 37.223899724264314: ['LEO62', 'LEO71', 'LEO72', 'LEO81', 'LEO82', 'LEO83']
sum_con_loads:  286.89
max_con_loads:   55.97
avg_setup_time: 205.75
