******************************************************************************
METIS 5.0 Copyright 1998-13, Regents of the University of Minnesota
 (HEAD: , Built on: Dec 17 2022, 08:18:35)
 size of idx_t: 64bits, real_t: 32bits, idx_t *: 64bits

Graph Information -----------------------------------------------------------
 Name: MetisTopos/576, #Vertices: 72, #Edges: 128, #Parts: 8

Options ---------------------------------------------------------------------
 ptype=kway, objtype=cut, ctype=shem, rtype=greedy, iptype=metisrb
 dbglvl=0, ufactor=1.700, no2hop=NO, minconn=NO, contig=YES, nooutput=NO
 seed=-1, niter=10, ncuts=1

Direct k-way Partitioning ---------------------------------------------------
 - Edgecut: 7895, communication volume: 73.

 - Balance:
     constraint #0:  1.655 out of 0.552

 - Most overweight partition:
     pid: 3, actual: 2400, desired: 1450, ratio: 1.66.

 - Subdomain connectivity: max: 5, min: 0, avg: 3.75

 - There are 0 non-contiguous partitions.
   Total components after removing the cut edges: 7,
   max components: 1 for pid: 0.

Timing Information ----------------------------------------------------------
  I/O:          		   0.001 sec
  Partitioning: 		   0.001 sec   (METIS time)
  Reporting:    		   0.000 sec

Memory Information ----------------------------------------------------------
  Max memory used:		   0.070 MB
******************************************************************************
LEO31: 26.535504731001247: ['LEO11', 'LEO12', 'LEO17', 'LEO18', 'LEO19', 'LEO21', 'LEO22', 'LEO29', 'LEO31', 'LEO39']
LEO33: 59.47057326135781: ['LEO13', 'LEO14', 'LEO23', 'LEO32', 'LEO33', 'LEO43', 'LEO52', 'LEO53', 'LEO63']
LEO25: 35.18151068648178: ['LEO15', 'LEO16', 'LEO24', 'LEO25', 'LEO26', 'LEO34', 'LEO35', 'LEO36', 'LEO44', 'LEO45', 'LEO46', 'LEO54', 'LEO55', 'LEO56', 'LEO66']
LEO58: 22.343180520614034: ['LEO27', 'LEO28', 'LEO37', 'LEO38', 'LEO47', 'LEO48', 'LEO57', 'LEO58', 'LEO67', 'LEO68', 'LEO76', 'LEO77', 'LEO78', 'LEO87', 'LEO88']
LEO51: 51.18792340902767: ['LEO41', 'LEO42', 'LEO49', 'LEO51', 'LEO59']
LEO61: 45.756029548338745: ['LEO61', 'LEO62', 'LEO69', 'LEO71', 'LEO72', 'LEO79', 'LEO81', 'LEO82', 'LEO89']
LEO73: 34.01851194325726: ['LEO64', 'LEO65', 'LEO73', 'LEO74', 'LEO75', 'LEO83', 'LEO84', 'LEO85', 'LEO86']
sum_con_loads:  274.49
max_con_loads:   59.47
avg_setup_time: 202.99
