******************************************************************************
METIS 5.0 Copyright 1998-13, Regents of the University of Minnesota
 (HEAD: , Built on: Dec 17 2022, 08:18:35)
 size of idx_t: 64bits, real_t: 32bits, idx_t *: 64bits

Graph Information -----------------------------------------------------------
 Name: MetisTopos/576, #Vertices: 72, #Edges: 128, #Parts: 8

Options ---------------------------------------------------------------------
 ptype=kway, objtype=cut, ctype=shem, rtype=greedy, iptype=metisrb
 dbglvl=0, ufactor=1.800, no2hop=NO, minconn=NO, contig=NO, nooutput=NO
 seed=-1, niter=10, ncuts=1

Direct k-way Partitioning ---------------------------------------------------
 - Edgecut: 8124, communication volume: 81.

 - Balance:
     constraint #0:  1.793 out of 0.552

 - Most overweight partition:
     pid: 3, actual: 2600, desired: 1450, ratio: 1.79.

 - Subdomain connectivity: max: 5, min: 0, avg: 3.25

 - Each partition is contiguous.

Timing Information ----------------------------------------------------------
  I/O:          		   0.001 sec
  Partitioning: 		   0.001 sec   (METIS time)
  Reporting:    		   0.000 sec

Memory Information ----------------------------------------------------------
  Max memory used:		   0.070 MB
******************************************************************************
LEO39: 17.827329911482074: ['LEO11', 'LEO17', 'LEO18', 'LEO19', 'LEO38', 'LEO39', 'LEO48', 'LEO49']
LEO41: 58.55652951043366: ['LEO12', 'LEO21', 'LEO22', 'LEO31', 'LEO32', 'LEO41', 'LEO42', 'LEO51', 'LEO52']
LEO23: 57.34067494514866: ['LEO13', 'LEO14', 'LEO23', 'LEO24', 'LEO33', 'LEO43', 'LEO53']
LEO25: 25.137054751063385: ['LEO15', 'LEO16', 'LEO25', 'LEO26', 'LEO34', 'LEO35', 'LEO36', 'LEO44', 'LEO45', 'LEO46', 'LEO54', 'LEO55', 'LEO56', 'LEO66']
LEO58: 27.82623492434339: ['LEO27', 'LEO28', 'LEO29', 'LEO37', 'LEO47', 'LEO57', 'LEO58', 'LEO59', 'LEO67', 'LEO68', 'LEO77', 'LEO78', 'LEO86', 'LEO87', 'LEO88']
LEO61: 45.756029548338745: ['LEO61', 'LEO62', 'LEO69', 'LEO71', 'LEO72', 'LEO79', 'LEO81', 'LEO82', 'LEO89']
LEO73: 46.15556386327048: ['LEO63', 'LEO64', 'LEO65', 'LEO73', 'LEO74', 'LEO75', 'LEO76', 'LEO83', 'LEO84', 'LEO85']
sum_con_loads:  278.60
max_con_loads:   58.56
avg_setup_time: 206.73
