******************************************************************************
METIS 5.0 Copyright 1998-13, Regents of the University of Minnesota
 (HEAD: , Built on: Dec 17 2022, 08:18:35)
 size of idx_t: 64bits, real_t: 32bits, idx_t *: 64bits

Graph Information -----------------------------------------------------------
 Name: MetisTopos/1267, #Vertices: 72, #Edges: 126, #Parts: 8

Options ---------------------------------------------------------------------
 ptype=kway, objtype=cut, ctype=shem, rtype=greedy, iptype=metisrb
 dbglvl=0, ufactor=2.000, no2hop=NO, minconn=NO, contig=NO, nooutput=NO
 seed=-1, niter=10, ncuts=1

Direct k-way Partitioning ---------------------------------------------------
 - Edgecut: 7942, communication volume: 77.

 - Balance:
     constraint #0:  1.878 out of 0.487

 - Most overweight partition:
     pid: 7, actual: 2700, desired: 1437, ratio: 1.88.

 - Subdomain connectivity: max: 7, min: 3, avg: 4.50

 - Each partition is contiguous.

Timing Information ----------------------------------------------------------
  I/O:          		   0.001 sec
  Partitioning: 		   0.002 sec   (METIS time)
  Reporting:    		   0.000 sec

Memory Information ----------------------------------------------------------
  Max memory used:		   0.069 MB
******************************************************************************
LEO39: 28.863537300131938: ['LEO11', 'LEO15', 'LEO16', 'LEO17', 'LEO18', 'LEO19', 'LEO25', 'LEO26', 'LEO27', 'LEO28', 'LEO29', 'LEO31', 'LEO36', 'LEO37', 'LEO38', 'LEO39', 'LEO46']
LEO49: 85.53012603311691: ['LEO12', 'LEO21', 'LEO22', 'LEO32', 'LEO41', 'LEO42', 'LEO49', 'LEO51', 'LEO52', 'LEO59', 'LEO69']
LEO13: 19.534759325095102: ['LEO13', 'LEO14']
LEO33: 30.762281489318735: ['LEO23', 'LEO24', 'LEO33', 'LEO34', 'LEO35', 'LEO43', 'LEO44', 'LEO45', 'LEO53', 'LEO54', 'LEO55']
LEO58: 25.735542220052558: ['LEO47', 'LEO48', 'LEO57', 'LEO58']
LEO77: 24.85650399110748: ['LEO56', 'LEO66', 'LEO75', 'LEO76', 'LEO77', 'LEO79', 'LEO85', 'LEO86', 'LEO87', 'LEO88', 'LEO89']
LEO72: 37.958950676452275: ['LEO61', 'LEO62', 'LEO63', 'LEO64', 'LEO65', 'LEO71', 'LEO72', 'LEO73', 'LEO74', 'LEO81', 'LEO82', 'LEO83', 'LEO84']
LEO68: 20.69967385474889: ['LEO67', 'LEO68', 'LEO78']
sum_con_loads:  273.94
max_con_loads:   85.53
avg_setup_time: 244.22
