******************************************************************************
METIS 5.0 Copyright 1998-13, Regents of the University of Minnesota
 (HEAD: , Built on: Dec 17 2022, 08:18:35)
 size of idx_t: 64bits, real_t: 32bits, idx_t *: 64bits

Graph Information -----------------------------------------------------------
 Name: MetisTopos/1267, #Vertices: 72, #Edges: 126, #Parts: 8

Options ---------------------------------------------------------------------
 ptype=kway, objtype=cut, ctype=shem, rtype=greedy, iptype=metisrb
 dbglvl=0, ufactor=1.100, no2hop=NO, minconn=NO, contig=NO, nooutput=NO
 seed=-1, niter=10, ncuts=1

Direct k-way Partitioning ---------------------------------------------------
 - Edgecut: 9984, communication volume: 72.

 - Balance:
     constraint #0:  1.252 out of 0.487

 - Most overweight partition:
     pid: 0, actual: 1800, desired: 1437, ratio: 1.25.

 - Subdomain connectivity: max: 7, min: 2, avg: 3.50

 - Each partition is contiguous.

Timing Information ----------------------------------------------------------
  I/O:          		   0.001 sec
  Partitioning: 		   0.002 sec   (METIS time)
  Reporting:    		   0.000 sec

Memory Information ----------------------------------------------------------
  Max memory used:		   0.070 MB
******************************************************************************
LEO39: 28.843565325871552: ['LEO11', 'LEO18', 'LEO19', 'LEO21', 'LEO28', 'LEO29', 'LEO31', 'LEO38', 'LEO39', 'LEO48']
LEO13: 25.60092511454584: ['LEO12', 'LEO13', 'LEO14']
LEO32: 69.99852270632732: ['LEO15', 'LEO16', 'LEO17', 'LEO22', 'LEO24', 'LEO25', 'LEO26', 'LEO27', 'LEO32', 'LEO35', 'LEO36', 'LEO37', 'LEO41', 'LEO42', 'LEO43', 'LEO44', 'LEO45', 'LEO46', 'LEO47', 'LEO51', 'LEO52', 'LEO53', 'LEO54', 'LEO55', 'LEO56', 'LEO57', 'LEO63', 'LEO64', 'LEO65', 'LEO66', 'LEO67']
LEO33: 31.403360067897317: ['LEO23', 'LEO33', 'LEO34']
LEO59: 58.00346261078059: ['LEO49', 'LEO58', 'LEO59']
LEO62: 35.474024718682834: ['LEO61', 'LEO62', 'LEO71', 'LEO72', 'LEO81', 'LEO82', 'LEO88', 'LEO89']
LEO69: 44.056748385136515: ['LEO68', 'LEO69', 'LEO78', 'LEO79']
LEO73: 21.705418185925176: ['LEO73', 'LEO74', 'LEO75', 'LEO76', 'LEO77', 'LEO83', 'LEO84', 'LEO85', 'LEO86', 'LEO87']
sum_con_loads:  315.09
max_con_loads:   70.00
avg_setup_time: 221.03
