******************************************************************************
METIS 5.0 Copyright 1998-13, Regents of the University of Minnesota
 (HEAD: , Built on: Dec 17 2022, 08:18:35)
 size of idx_t: 64bits, real_t: 32bits, idx_t *: 64bits

Graph Information -----------------------------------------------------------
 Name: MetisTopos/1267, #Vertices: 72, #Edges: 126, #Parts: 8

Options ---------------------------------------------------------------------
 ptype=kway, objtype=cut, ctype=shem, rtype=greedy, iptype=metisrb
 dbglvl=0, ufactor=1.100, no2hop=NO, minconn=NO, contig=YES, nooutput=NO
 seed=-1, niter=10, ncuts=1

Direct k-way Partitioning ---------------------------------------------------
 - Edgecut: 9941, communication volume: 79.

 - Balance:
     constraint #0:  1.113 out of 0.487

 - Most overweight partition:
     pid: 7, actual: 1600, desired: 1437, ratio: 1.11.

 - Subdomain connectivity: max: 6, min: 3, avg: 4.25

 - Each partition is contiguous.

Timing Information ----------------------------------------------------------
  I/O:          		   0.001 sec
  Partitioning: 		   0.002 sec   (METIS time)
  Reporting:    		   0.000 sec

Memory Information ----------------------------------------------------------
  Max memory used:		   0.070 MB
******************************************************************************
LEO12: 26.850856037589292: ['LEO11', 'LEO12', 'LEO13', 'LEO14', 'LEO15', 'LEO16', 'LEO17', 'LEO18', 'LEO19']
LEO39: 30.180442892954055: ['LEO21', 'LEO29', 'LEO31', 'LEO37', 'LEO38', 'LEO39', 'LEO48']
LEO42: 70.05944677386933: ['LEO22', 'LEO32', 'LEO41', 'LEO42', 'LEO49']
LEO33: 31.403360067897317: ['LEO23', 'LEO33', 'LEO34']
LEO76: 31.232862237407467: ['LEO24', 'LEO25', 'LEO26', 'LEO27', 'LEO28', 'LEO35', 'LEO36', 'LEO43', 'LEO44', 'LEO45', 'LEO46', 'LEO47', 'LEO53', 'LEO54', 'LEO55', 'LEO56', 'LEO63', 'LEO64', 'LEO65', 'LEO66', 'LEO73', 'LEO74', 'LEO75', 'LEO76', 'LEO77', 'LEO83', 'LEO84', 'LEO85', 'LEO86', 'LEO87', 'LEO88', 'LEO89']
LEO62: 35.8875458953619: ['LEO51', 'LEO52', 'LEO61', 'LEO62', 'LEO71', 'LEO72', 'LEO81', 'LEO82']
LEO68: 33.42994252488859: ['LEO57', 'LEO67', 'LEO68', 'LEO78', 'LEO79']
LEO59: 54.89087301930322: ['LEO58', 'LEO59', 'LEO69']
sum_con_loads:  313.94
max_con_loads:   70.06
avg_setup_time: 229.16
