******************************************************************************
METIS 5.0 Copyright 1998-13, Regents of the University of Minnesota
 (HEAD: , Built on: Dec 17 2022, 08:18:35)
 size of idx_t: 64bits, real_t: 32bits, idx_t *: 64bits

Graph Information -----------------------------------------------------------
 Name: MetisTopos/1267, #Vertices: 72, #Edges: 126, #Parts: 8

Options ---------------------------------------------------------------------
 ptype=kway, objtype=cut, ctype=shem, rtype=greedy, iptype=metisrb
 dbglvl=0, ufactor=2.100, no2hop=NO, minconn=NO, contig=NO, nooutput=NO
 seed=-1, niter=10, ncuts=1

Direct k-way Partitioning ---------------------------------------------------
 - Edgecut: 7252, communication volume: 67.

 - Balance:
     constraint #0:  2.017 out of 0.487

 - Most overweight partition:
     pid: 5, actual: 2900, desired: 1437, ratio: 2.02.

 - Subdomain connectivity: max: 5, min: 0, avg: 2.75

 - There are 0 non-contiguous partitions.
   Total components after removing the cut edges: 6,
   max components: 1 for pid: 0.

Timing Information ----------------------------------------------------------
  I/O:          		   0.001 sec
  Partitioning: 		   0.002 sec   (METIS time)
  Reporting:    		   0.000 sec

Memory Information ----------------------------------------------------------
  Max memory used:		   0.069 MB
******************************************************************************
LEO39: 30.860147727991915: ['LEO11', 'LEO16', 'LEO17', 'LEO18', 'LEO19', 'LEO21', 'LEO27', 'LEO28', 'LEO29', 'LEO31', 'LEO37', 'LEO38', 'LEO39', 'LEO47', 'LEO48']
LEO22: 60.184512133392424: ['LEO12', 'LEO13', 'LEO14', 'LEO22', 'LEO23', 'LEO32', 'LEO42']
LEO33: 23.611866929049434: ['LEO15', 'LEO24', 'LEO25', 'LEO26', 'LEO33', 'LEO34', 'LEO35', 'LEO36', 'LEO46']
LEO59: 69.80314528399651: ['LEO41', 'LEO49', 'LEO58', 'LEO59', 'LEO61', 'LEO68', 'LEO69', 'LEO71', 'LEO81']
LEO62: 48.98399743824098: ['LEO43', 'LEO44', 'LEO45', 'LEO51', 'LEO52', 'LEO53', 'LEO54', 'LEO55', 'LEO56', 'LEO57', 'LEO62', 'LEO63', 'LEO64', 'LEO65', 'LEO66', 'LEO67', 'LEO76', 'LEO77', 'LEO78', 'LEO79', 'LEO86', 'LEO87', 'LEO88', 'LEO89']
LEO72: 26.83021383575442: ['LEO72', 'LEO73', 'LEO74', 'LEO75', 'LEO82', 'LEO83', 'LEO84', 'LEO85']
sum_con_loads:  260.27
max_con_loads:   69.80
avg_setup_time: 221.73
