******************************************************************************
METIS 5.0 Copyright 1998-13, Regents of the University of Minnesota
 (HEAD: , Built on: Dec 17 2022, 08:18:35)
 size of idx_t: 64bits, real_t: 32bits, idx_t *: 64bits

Graph Information -----------------------------------------------------------
 Name: MetisTopos/1267, #Vertices: 72, #Edges: 126, #Parts: 8

Options ---------------------------------------------------------------------
 ptype=kway, objtype=cut, ctype=shem, rtype=greedy, iptype=metisrb
 dbglvl=0, ufactor=2.100, no2hop=NO, minconn=NO, contig=YES, nooutput=NO
 seed=-1, niter=10, ncuts=1

Direct k-way Partitioning ---------------------------------------------------
 - Edgecut: 7046, communication volume: 67.

 - Balance:
     constraint #0:  2.087 out of 0.487

 - Most overweight partition:
     pid: 5, actual: 3000, desired: 1437, ratio: 2.09.

 - Subdomain connectivity: max: 6, min: 0, avg: 3.50

 - There are 0 non-contiguous partitions.
   Total components after removing the cut edges: 7,
   max components: 1 for pid: 0.

Timing Information ----------------------------------------------------------
  I/O:          		   0.001 sec
  Partitioning: 		   0.003 sec   (METIS time)
  Reporting:    		   0.000 sec

Memory Information ----------------------------------------------------------
  Max memory used:		   0.069 MB
******************************************************************************
LEO39: 28.843565325871552: ['LEO11', 'LEO18', 'LEO19', 'LEO21', 'LEO28', 'LEO29', 'LEO31', 'LEO38', 'LEO39', 'LEO48']
LEO22: 61.434443056435875: ['LEO12', 'LEO13', 'LEO14', 'LEO22', 'LEO23', 'LEO24', 'LEO32', 'LEO42', 'LEO51', 'LEO52']
LEO67: 32.23871204872778: ['LEO15', 'LEO16', 'LEO17', 'LEO25', 'LEO26', 'LEO27', 'LEO35', 'LEO36', 'LEO37', 'LEO43', 'LEO44', 'LEO45', 'LEO46', 'LEO47', 'LEO53', 'LEO54', 'LEO55', 'LEO56', 'LEO57', 'LEO63', 'LEO64', 'LEO65', 'LEO66', 'LEO67', 'LEO74', 'LEO75', 'LEO76', 'LEO77', 'LEO78', 'LEO79', 'LEO84', 'LEO85', 'LEO86', 'LEO87', 'LEO88', 'LEO89']
LEO33: 18.57968032848253: ['LEO33', 'LEO34']
LEO59: 69.5702465233334: ['LEO41', 'LEO49', 'LEO58', 'LEO59', 'LEO61', 'LEO68', 'LEO69', 'LEO71']
LEO72: 30.72663381455439: ['LEO62', 'LEO72', 'LEO73', 'LEO83']
LEO82: 14.674721154465132: ['LEO81', 'LEO82']
sum_con_loads:  256.07
max_con_loads:   69.57
avg_setup_time: 208.02
