******************************************************************************
METIS 5.0 Copyright 1998-13, Regents of the University of Minnesota
 (HEAD: , Built on: Dec 17 2022, 08:18:35)
 size of idx_t: 64bits, real_t: 32bits, idx_t *: 64bits

Graph Information -----------------------------------------------------------
 Name: MetisTopos/1267, #Vertices: 72, #Edges: 126, #Parts: 8

Options ---------------------------------------------------------------------
 ptype=kway, objtype=cut, ctype=shem, rtype=greedy, iptype=metisrb
 dbglvl=0, ufactor=2.500, no2hop=NO, minconn=NO, contig=NO, nooutput=NO
 seed=-1, niter=10, ncuts=1

Direct k-way Partitioning ---------------------------------------------------
 - Edgecut: 7812, communication volume: 83.

 - Balance:
     constraint #0:  2.435 out of 0.487

 - Most overweight partition:
     pid: 7, actual: 3500, desired: 1437, ratio: 2.43.

 - Subdomain connectivity: max: 7, min: 3, avg: 4.50

 - Each partition is contiguous.

Timing Information ----------------------------------------------------------
  I/O:          		   0.001 sec
  Partitioning: 		   0.002 sec   (METIS time)
  Reporting:    		   0.000 sec

Memory Information ----------------------------------------------------------
  Max memory used:		   0.070 MB
******************************************************************************
LEO39: 25.0726585454374: ['LEO11', 'LEO17', 'LEO18', 'LEO19', 'LEO21', 'LEO27', 'LEO28', 'LEO29', 'LEO31', 'LEO37', 'LEO38', 'LEO39']
LEO13: 38.17340479026056: ['LEO12', 'LEO13', 'LEO14', 'LEO23', 'LEO24']
LEO68: 28.62626770743147: ['LEO15', 'LEO16', 'LEO25', 'LEO26', 'LEO36', 'LEO46', 'LEO56', 'LEO65', 'LEO66', 'LEO67', 'LEO68', 'LEO75', 'LEO76', 'LEO77', 'LEO78', 'LEO85', 'LEO86', 'LEO87']
LEO49: 94.54697549971972: ['LEO22', 'LEO32', 'LEO41', 'LEO42', 'LEO49', 'LEO58', 'LEO59', 'LEO61', 'LEO69', 'LEO71', 'LEO79', 'LEO81', 'LEO88', 'LEO89']
LEO33: 18.961624772926974: ['LEO33', 'LEO34', 'LEO35']
LEO62: 25.215596637057878: ['LEO43', 'LEO44', 'LEO45', 'LEO51', 'LEO52', 'LEO53', 'LEO54', 'LEO55', 'LEO62', 'LEO63', 'LEO64']
LEO57: 14.166523416714636: ['LEO47', 'LEO48', 'LEO57']
LEO72: 26.83021383575442: ['LEO72', 'LEO73', 'LEO74', 'LEO82', 'LEO83', 'LEO84']
sum_con_loads:  271.59
max_con_loads:   94.55
avg_setup_time: 349.84
