******************************************************************************
METIS 5.0 Copyright 1998-13, Regents of the University of Minnesota
 (HEAD: , Built on: Dec 17 2022, 08:18:35)
 size of idx_t: 64bits, real_t: 32bits, idx_t *: 64bits

Graph Information -----------------------------------------------------------
 Name: MetisTopos/1267, #Vertices: 72, #Edges: 126, #Parts: 8

Options ---------------------------------------------------------------------
 ptype=kway, objtype=cut, ctype=shem, rtype=greedy, iptype=metisrb
 dbglvl=0, ufactor=2.500, no2hop=NO, minconn=NO, contig=YES, nooutput=NO
 seed=-1, niter=10, ncuts=1

Direct k-way Partitioning ---------------------------------------------------
 - Edgecut: 8007, communication volume: 76.

 - Balance:
     constraint #0:  2.296 out of 0.487

 - Most overweight partition:
     pid: 7, actual: 3300, desired: 1437, ratio: 2.30.

 - Subdomain connectivity: max: 7, min: 3, avg: 4.25

 - Each partition is contiguous.

Timing Information ----------------------------------------------------------
  I/O:          		   0.001 sec
  Partitioning: 		   0.002 sec   (METIS time)
  Reporting:    		   0.000 sec

Memory Information ----------------------------------------------------------
  Max memory used:		   0.070 MB
******************************************************************************
LEO58: 39.32841308902289: ['LEO11', 'LEO15', 'LEO16', 'LEO17', 'LEO18', 'LEO19', 'LEO25', 'LEO26', 'LEO27', 'LEO28', 'LEO35', 'LEO36', 'LEO37', 'LEO38', 'LEO45', 'LEO46', 'LEO47', 'LEO48', 'LEO55', 'LEO56', 'LEO57', 'LEO58']
LEO49: 86.03198378841319: ['LEO12', 'LEO21', 'LEO22', 'LEO29', 'LEO31', 'LEO32', 'LEO39', 'LEO41', 'LEO42', 'LEO49', 'LEO59', 'LEO69']
LEO13: 32.10723900080982: ['LEO13', 'LEO14', 'LEO23', 'LEO24']
LEO33: 18.57968032848253: ['LEO33', 'LEO34']
LEO52: 27.97191119354485: ['LEO43', 'LEO44', 'LEO51', 'LEO52', 'LEO53', 'LEO54', 'LEO63', 'LEO64', 'LEO73', 'LEO74', 'LEO75', 'LEO83', 'LEO84']
LEO62: 34.3688520299377: ['LEO61', 'LEO62', 'LEO71', 'LEO72', 'LEO81', 'LEO82']
LEO68: 19.034385130080583: ['LEO65', 'LEO66', 'LEO67', 'LEO68', 'LEO76', 'LEO85', 'LEO86']
LEO79: 17.682397664752497: ['LEO77', 'LEO78', 'LEO79', 'LEO87', 'LEO88', 'LEO89']
sum_con_loads:  275.10
max_con_loads:   86.03
avg_setup_time: 251.58
