******************************************************************************
METIS 5.0 Copyright 1998-13, Regents of the University of Minnesota
 (HEAD: , Built on: Dec 17 2022, 08:18:35)
 size of idx_t: 64bits, real_t: 32bits, idx_t *: 64bits

Graph Information -----------------------------------------------------------
 Name: MetisTopos/1267, #Vertices: 72, #Edges: 126, #Parts: 8

Options ---------------------------------------------------------------------
 ptype=kway, objtype=cut, ctype=shem, rtype=greedy, iptype=metisrb
 dbglvl=0, ufactor=2.700, no2hop=NO, minconn=NO, contig=YES, nooutput=NO
 seed=-1, niter=10, ncuts=1

Direct k-way Partitioning ---------------------------------------------------
 - Edgecut: 6402, communication volume: 76.

 - Balance:
     constraint #0:  2.504 out of 0.487

 - Most overweight partition:
     pid: 6, actual: 3600, desired: 1437, ratio: 2.50.

 - Subdomain connectivity: max: 5, min: 2, avg: 4.00

 - Each partition is contiguous.

Timing Information ----------------------------------------------------------
  I/O:          		   0.001 sec
  Partitioning: 		   0.002 sec   (METIS time)
  Reporting:    		   0.000 sec

Memory Information ----------------------------------------------------------
  Max memory used:		   0.070 MB
******************************************************************************
LEO59: 74.13684765621755: ['LEO11', 'LEO19', 'LEO29', 'LEO31', 'LEO39', 'LEO41', 'LEO49', 'LEO58', 'LEO59', 'LEO68', 'LEO69']
LEO32: 63.94798537115425: ['LEO12', 'LEO13', 'LEO21', 'LEO22', 'LEO23', 'LEO24', 'LEO32', 'LEO33', 'LEO34', 'LEO42', 'LEO43', 'LEO44', 'LEO51', 'LEO52']
LEO36: 19.490031411960025: ['LEO14', 'LEO15', 'LEO16', 'LEO17', 'LEO18', 'LEO25', 'LEO26', 'LEO27', 'LEO28', 'LEO35', 'LEO36', 'LEO37', 'LEO45', 'LEO46', 'LEO47', 'LEO55', 'LEO56', 'LEO57', 'LEO66', 'LEO67']
LEO38: 13.773864941834542: ['LEO38', 'LEO48']
LEO73: 13.861831527566572: ['LEO53', 'LEO54', 'LEO63', 'LEO64', 'LEO65', 'LEO73', 'LEO74']
LEO62: 34.3688520299377: ['LEO61', 'LEO62', 'LEO71', 'LEO72', 'LEO81', 'LEO82']
LEO77: 8.990566049253925: ['LEO75', 'LEO76', 'LEO77', 'LEO83', 'LEO84', 'LEO85', 'LEO86', 'LEO87']
LEO79: 14.493704086678388: ['LEO78', 'LEO79', 'LEO88', 'LEO89']
sum_con_loads:  243.06
max_con_loads:   74.14
avg_setup_time: 201.05
