******************************************************************************
METIS 5.0 Copyright 1998-13, Regents of the University of Minnesota
 (HEAD: , Built on: Dec 17 2022, 08:18:35)
 size of idx_t: 64bits, real_t: 32bits, idx_t *: 64bits

Graph Information -----------------------------------------------------------
 Name: MetisTopos/1267, #Vertices: 72, #Edges: 126, #Parts: 8

Options ---------------------------------------------------------------------
 ptype=kway, objtype=cut, ctype=shem, rtype=greedy, iptype=metisrb
 dbglvl=0, ufactor=3.500, no2hop=NO, minconn=NO, contig=YES, nooutput=NO
 seed=-1, niter=10, ncuts=1

Direct k-way Partitioning ---------------------------------------------------
 - Edgecut: 6673, communication volume: 72.

 - Balance:
     constraint #0:  3.478 out of 0.487

 - Most overweight partition:
     pid: 7, actual: 5000, desired: 1437, ratio: 3.48.

 - Subdomain connectivity: max: 5, min: 0, avg: 2.00

 - There are 0 non-contiguous partitions.
   Total components after removing the cut edges: 6,
   max components: 1 for pid: 0.

Timing Information ----------------------------------------------------------
  I/O:          		   0.001 sec
  Partitioning: 		   0.001 sec   (METIS time)
  Reporting:    		   0.000 sec

Memory Information ----------------------------------------------------------
  Max memory used:		   0.071 MB
******************************************************************************
LEO29: 11.945099917985596: ['LEO11', 'LEO16', 'LEO17', 'LEO18', 'LEO19', 'LEO21', 'LEO27', 'LEO28', 'LEO29']
LEO49: 106.41676032342974: ['LEO12', 'LEO22', 'LEO23', 'LEO24', 'LEO25', 'LEO26', 'LEO31', 'LEO32', 'LEO36', 'LEO37', 'LEO38', 'LEO39', 'LEO41', 'LEO42', 'LEO46', 'LEO49', 'LEO58', 'LEO59', 'LEO69', 'LEO79']
LEO13: 19.534759325095102: ['LEO13', 'LEO14', 'LEO15']
LEO52: 57.32700800097808: ['LEO33', 'LEO34', 'LEO35', 'LEO43', 'LEO44', 'LEO45', 'LEO51', 'LEO52', 'LEO53', 'LEO54', 'LEO55', 'LEO56', 'LEO66', 'LEO67', 'LEO68', 'LEO75', 'LEO76', 'LEO77', 'LEO78', 'LEO85', 'LEO86', 'LEO87']
LEO57: 14.166523416714636: ['LEO47', 'LEO48', 'LEO57']
LEO72: 39.06412336519741: ['LEO61', 'LEO62', 'LEO63', 'LEO64', 'LEO65', 'LEO71', 'LEO72', 'LEO73', 'LEO74', 'LEO81', 'LEO82', 'LEO83', 'LEO84', 'LEO88', 'LEO89']
sum_con_loads:  248.45
max_con_loads:  106.42
avg_setup_time: 228.07
