******************************************************************************
METIS 5.0 Copyright 1998-13, Regents of the University of Minnesota
 (HEAD: , Built on: Dec 17 2022, 08:18:35)
 size of idx_t: 64bits, real_t: 32bits, idx_t *: 64bits

Graph Information -----------------------------------------------------------
 Name: MetisTopos/1267, #Vertices: 72, #Edges: 126, #Parts: 8

Options ---------------------------------------------------------------------
 ptype=kway, objtype=cut, ctype=shem, rtype=greedy, iptype=metisrb
 dbglvl=0, ufactor=3.600, no2hop=NO, minconn=NO, contig=YES, nooutput=NO
 seed=-1, niter=10, ncuts=1

Direct k-way Partitioning ---------------------------------------------------
 - Edgecut: 5608, communication volume: 59.

 - Balance:
     constraint #0:  3.478 out of 0.487

 - Most overweight partition:
     pid: 7, actual: 5000, desired: 1437, ratio: 3.48.

 - Subdomain connectivity: max: 4, min: 0, avg: 2.00

 - There are 0 non-contiguous partitions.
   Total components after removing the cut edges: 5,
   max components: 1 for pid: 3.

Timing Information ----------------------------------------------------------
  I/O:          		   0.001 sec
  Partitioning: 		   0.001 sec   (METIS time)
  Reporting:    		   0.000 sec

Memory Information ----------------------------------------------------------
  Max memory used:		   0.073 MB
******************************************************************************
LEO12: 54.27863884224744: ['LEO11', 'LEO12', 'LEO13', 'LEO14', 'LEO15', 'LEO16', 'LEO17', 'LEO18', 'LEO19', 'LEO23', 'LEO24', 'LEO25', 'LEO26', 'LEO27', 'LEO28', 'LEO36', 'LEO37', 'LEO38', 'LEO46', 'LEO47', 'LEO48']
LEO59: 95.2407109564232: ['LEO21', 'LEO22', 'LEO29', 'LEO31', 'LEO32', 'LEO39', 'LEO41', 'LEO42', 'LEO49', 'LEO51', 'LEO52', 'LEO58', 'LEO59', 'LEO61', 'LEO62', 'LEO68', 'LEO69']
LEO33: 18.961624772926974: ['LEO33', 'LEO34', 'LEO35']
LEO77: 27.58148857078342: ['LEO43', 'LEO44', 'LEO45', 'LEO53', 'LEO54', 'LEO55', 'LEO56', 'LEO57', 'LEO63', 'LEO64', 'LEO65', 'LEO66', 'LEO67', 'LEO74', 'LEO75', 'LEO76', 'LEO77', 'LEO78', 'LEO79', 'LEO84', 'LEO85', 'LEO86', 'LEO87']
LEO72: 31.245773655301246: ['LEO71', 'LEO72', 'LEO73', 'LEO81', 'LEO82', 'LEO83', 'LEO88', 'LEO89']
sum_con_loads:  227.31
max_con_loads:   95.24
avg_setup_time: 390.32
