******************************************************************************
METIS 5.0 Copyright 1998-13, Regents of the University of Minnesota
 (HEAD: , Built on: Dec 17 2022, 08:18:35)
 size of idx_t: 64bits, real_t: 32bits, idx_t *: 64bits

Graph Information -----------------------------------------------------------
 Name: MetisTopos/1267, #Vertices: 72, #Edges: 126, #Parts: 8

Options ---------------------------------------------------------------------
 ptype=kway, objtype=cut, ctype=shem, rtype=greedy, iptype=metisrb
 dbglvl=0, ufactor=1.300, no2hop=NO, minconn=NO, contig=NO, nooutput=NO
 seed=-1, niter=10, ncuts=1

Direct k-way Partitioning ---------------------------------------------------
 - Edgecut: 8883, communication volume: 82.

 - Balance:
     constraint #0:  1.183 out of 0.487

 - Most overweight partition:
     pid: 6, actual: 1700, desired: 1437, ratio: 1.18.

 - Subdomain connectivity: max: 5, min: 3, avg: 4.25

 - Each partition is contiguous.

Timing Information ----------------------------------------------------------
  I/O:          		   0.001 sec
  Partitioning: 		   0.002 sec   (METIS time)
  Reporting:    		   0.000 sec

Memory Information ----------------------------------------------------------
  Max memory used:		   0.070 MB
******************************************************************************
LEO39: 25.0726585454374: ['LEO11', 'LEO16', 'LEO17', 'LEO18', 'LEO19', 'LEO21', 'LEO27', 'LEO28', 'LEO29', 'LEO31', 'LEO37', 'LEO38', 'LEO39']
LEO32: 50.462672730369974: ['LEO12', 'LEO22', 'LEO32', 'LEO42']
LEO14: 29.891435586879783: ['LEO13', 'LEO14', 'LEO15', 'LEO25', 'LEO26', 'LEO35', 'LEO36', 'LEO45', 'LEO46', 'LEO47', 'LEO55', 'LEO56', 'LEO57', 'LEO66', 'LEO67']
LEO33: 30.38033704487429: ['LEO23', 'LEO24', 'LEO33', 'LEO34', 'LEO43', 'LEO44']
LEO59: 60.86921747920934: ['LEO41', 'LEO49', 'LEO59', 'LEO69', 'LEO79']
LEO58: 35.01588475517881: ['LEO48', 'LEO58', 'LEO68']
LEO62: 35.8875458953619: ['LEO51', 'LEO52', 'LEO61', 'LEO62', 'LEO71', 'LEO72', 'LEO81', 'LEO82']
LEO73: 25.29929941160435: ['LEO53', 'LEO54', 'LEO63', 'LEO64', 'LEO65', 'LEO73', 'LEO74', 'LEO75', 'LEO76', 'LEO77', 'LEO78', 'LEO83', 'LEO84', 'LEO85', 'LEO86', 'LEO87', 'LEO88', 'LEO89']
sum_con_loads:  292.88
max_con_loads:   60.87
avg_setup_time: 204.31
