******************************************************************************
METIS 5.0 Copyright 1998-13, Regents of the University of Minnesota
 (HEAD: , Built on: Dec 17 2022, 08:18:35)
 size of idx_t: 64bits, real_t: 32bits, idx_t *: 64bits

Graph Information -----------------------------------------------------------
 Name: MetisTopos/1267, #Vertices: 72, #Edges: 126, #Parts: 8

Options ---------------------------------------------------------------------
 ptype=kway, objtype=cut, ctype=shem, rtype=greedy, iptype=metisrb
 dbglvl=0, ufactor=1.500, no2hop=NO, minconn=NO, contig=YES, nooutput=NO
 seed=-1, niter=10, ncuts=1

Direct k-way Partitioning ---------------------------------------------------
 - Edgecut: 9080, communication volume: 78.

 - Balance:
     constraint #0:  1.461 out of 0.487

 - Most overweight partition:
     pid: 4, actual: 2100, desired: 1437, ratio: 1.46.

 - Subdomain connectivity: max: 5, min: 0, avg: 3.25

 - There are 0 non-contiguous partitions.
   Total components after removing the cut edges: 7,
   max components: 1 for pid: 0.

Timing Information ----------------------------------------------------------
  I/O:          		   0.001 sec
  Partitioning: 		   0.002 sec   (METIS time)
  Reporting:    		   0.000 sec

Memory Information ----------------------------------------------------------
  Max memory used:		   0.071 MB
******************************************************************************
LEO12: 45.92765492141943: ['LEO11', 'LEO12', 'LEO13', 'LEO14', 'LEO15', 'LEO16', 'LEO17', 'LEO18', 'LEO19', 'LEO29', 'LEO31', 'LEO39']
LEO49: 79.3307766613267: ['LEO21', 'LEO22', 'LEO32', 'LEO41', 'LEO42', 'LEO49', 'LEO59']
LEO33: 42.65636388563702: ['LEO23', 'LEO24', 'LEO25', 'LEO26', 'LEO27', 'LEO28', 'LEO33', 'LEO34', 'LEO35', 'LEO36', 'LEO37', 'LEO38', 'LEO43', 'LEO44', 'LEO45', 'LEO46', 'LEO55', 'LEO56', 'LEO66']
LEO58: 25.735542220052558: ['LEO47', 'LEO48', 'LEO57', 'LEO58']
LEO62: 36.99271858410704: ['LEO51', 'LEO52', 'LEO61', 'LEO62', 'LEO71', 'LEO72', 'LEO81', 'LEO82', 'LEO88', 'LEO89']
LEO73: 21.705418185925176: ['LEO53', 'LEO54', 'LEO63', 'LEO64', 'LEO65', 'LEO73', 'LEO74', 'LEO75', 'LEO76', 'LEO77', 'LEO83', 'LEO84', 'LEO85', 'LEO86', 'LEO87']
LEO69: 44.48725031563845: ['LEO67', 'LEO68', 'LEO69', 'LEO78', 'LEO79']
sum_con_loads:  296.84
max_con_loads:   79.33
avg_setup_time: 254.95
