******************************************************************************
METIS 5.0 Copyright 1998-13, Regents of the University of Minnesota
 (HEAD: , Built on: Dec 17 2022, 08:18:35)
 size of idx_t: 64bits, real_t: 32bits, idx_t *: 64bits

Graph Information -----------------------------------------------------------
 Name: MetisTopos/1267, #Vertices: 72, #Edges: 126, #Parts: 8

Options ---------------------------------------------------------------------
 ptype=kway, objtype=cut, ctype=shem, rtype=greedy, iptype=metisrb
 dbglvl=0, ufactor=1.600, no2hop=NO, minconn=NO, contig=YES, nooutput=NO
 seed=-1, niter=10, ncuts=1

Direct k-way Partitioning ---------------------------------------------------
 - Edgecut: 8380, communication volume: 76.

 - Balance:
     constraint #0:  1.600 out of 0.487

 - Most overweight partition:
     pid: 6, actual: 2300, desired: 1437, ratio: 1.60.

 - Subdomain connectivity: max: 6, min: 2, avg: 4.25

 - Each partition is contiguous.

Timing Information ----------------------------------------------------------
  I/O:          		   0.001 sec
  Partitioning: 		   0.001 sec   (METIS time)
  Reporting:    		   0.000 sec

Memory Information ----------------------------------------------------------
  Max memory used:		   0.070 MB
******************************************************************************
LEO29: 21.72883495245667: ['LEO11', 'LEO14', 'LEO15', 'LEO16', 'LEO17', 'LEO18', 'LEO19', 'LEO25', 'LEO26', 'LEO27', 'LEO28', 'LEO29', 'LEO36', 'LEO46']
LEO12: 23.059283004552544: ['LEO12', 'LEO13']
LEO32: 55.82440929983826: ['LEO21', 'LEO22', 'LEO23', 'LEO24', 'LEO32', 'LEO42']
LEO59: 67.31458682359342: ['LEO31', 'LEO39', 'LEO41', 'LEO49', 'LEO58', 'LEO59', 'LEO69']
LEO33: 18.961624772926974: ['LEO33', 'LEO34', 'LEO35', 'LEO43', 'LEO44', 'LEO45', 'LEO55']
LEO48: 22.31067819675109: ['LEO37', 'LEO38', 'LEO47', 'LEO48', 'LEO57']
LEO62: 39.47764454187647: ['LEO51', 'LEO52', 'LEO53', 'LEO54', 'LEO61', 'LEO62', 'LEO63', 'LEO64', 'LEO71', 'LEO72', 'LEO73', 'LEO74', 'LEO75', 'LEO81', 'LEO82', 'LEO83', 'LEO84']
LEO68: 33.719351216620176: ['LEO56', 'LEO65', 'LEO66', 'LEO67', 'LEO68', 'LEO76', 'LEO77', 'LEO78', 'LEO79', 'LEO85', 'LEO86', 'LEO87', 'LEO88', 'LEO89']
sum_con_loads:  282.40
max_con_loads:   67.31
avg_setup_time: 205.43
