******************************************************************************
METIS 5.0 Copyright 1998-13, Regents of the University of Minnesota
 (HEAD: , Built on: Dec 17 2022, 08:18:35)
 size of idx_t: 64bits, real_t: 32bits, idx_t *: 64bits

Graph Information -----------------------------------------------------------
 Name: MetisTopos/1267, #Vertices: 72, #Edges: 126, #Parts: 8

Options ---------------------------------------------------------------------
 ptype=kway, objtype=cut, ctype=shem, rtype=greedy, iptype=metisrb
 dbglvl=0, ufactor=1.800, no2hop=NO, minconn=NO, contig=YES, nooutput=NO
 seed=-1, niter=10, ncuts=1

Direct k-way Partitioning ---------------------------------------------------
 - Edgecut: 8198, communication volume: 78.

 - Balance:
     constraint #0:  1.739 out of 0.487

 - Most overweight partition:
     pid: 6, actual: 2500, desired: 1437, ratio: 1.74.

 - Subdomain connectivity: max: 6, min: 2, avg: 4.25

 - Each partition is contiguous.

Timing Information ----------------------------------------------------------
  I/O:          		   0.001 sec
  Partitioning: 		   0.003 sec   (METIS time)
  Reporting:    		   0.000 sec

Memory Information ----------------------------------------------------------
  Max memory used:		   0.069 MB
******************************************************************************
LEO39: 22.949407369612864: ['LEO11', 'LEO18', 'LEO19', 'LEO28', 'LEO29', 'LEO31', 'LEO38', 'LEO39']
LEO32: 54.74083362025653: ['LEO12', 'LEO21', 'LEO22', 'LEO32', 'LEO33', 'LEO42', 'LEO43']
LEO13: 29.565596890816522: ['LEO13', 'LEO23']
LEO35: 20.858112543308547: ['LEO14', 'LEO15', 'LEO16', 'LEO17', 'LEO24', 'LEO25', 'LEO26', 'LEO27', 'LEO34', 'LEO35', 'LEO36', 'LEO37', 'LEO44', 'LEO45', 'LEO46', 'LEO55', 'LEO56', 'LEO65', 'LEO66']
LEO59: 66.61260298161906: ['LEO41', 'LEO49', 'LEO59', 'LEO67', 'LEO68', 'LEO69', 'LEO78', 'LEO79']
LEO58: 25.735542220052558: ['LEO47', 'LEO48', 'LEO57', 'LEO58']
LEO62: 36.99271858410704: ['LEO51', 'LEO52', 'LEO61', 'LEO62', 'LEO71', 'LEO72', 'LEO81', 'LEO82', 'LEO88', 'LEO89']
LEO73: 21.705418185925176: ['LEO53', 'LEO54', 'LEO63', 'LEO64', 'LEO73', 'LEO74', 'LEO75', 'LEO76', 'LEO77', 'LEO83', 'LEO84', 'LEO85', 'LEO86', 'LEO87']
sum_con_loads:  279.16
max_con_loads:   66.61
avg_setup_time: 195.54
