******************************************************************************
METIS 5.0 Copyright 1998-13, Regents of the University of Minnesota
 (HEAD: , Built on: Dec 17 2022, 08:18:35)
 size of idx_t: 64bits, real_t: 32bits, idx_t *: 64bits

Graph Information -----------------------------------------------------------
 Name: MetisTopos/596, #Vertices: 72, #Edges: 126, #Parts: 8

Options ---------------------------------------------------------------------
 ptype=kway, objtype=cut, ctype=shem, rtype=greedy, iptype=metisrb
 dbglvl=0, ufactor=2.000, no2hop=NO, minconn=NO, contig=YES, nooutput=NO
 seed=-1, niter=10, ncuts=1

Direct k-way Partitioning ---------------------------------------------------
 - Edgecut: 8814, communication volume: 80.

 - Balance:
     constraint #0:  1.948 out of 0.487

 - Most overweight partition:
     pid: 6, actual: 2800, desired: 1437, ratio: 1.95.

 - Subdomain connectivity: max: 5, min: 2, avg: 3.50

 - Each partition is contiguous.

Timing Information ----------------------------------------------------------
  I/O:          		   0.001 sec
  Partitioning: 		   0.002 sec   (METIS time)
  Reporting:    		   0.000 sec

Memory Information ----------------------------------------------------------
  Max memory used:		   0.071 MB
******************************************************************************
LEO23: 44.94357450649086: ['LEO11', 'LEO12', 'LEO18', 'LEO19', 'LEO21', 'LEO22', 'LEO23', 'LEO28', 'LEO29']
LEO13: 23.070225859013988: ['LEO13', 'LEO14']
LEO24: 23.660772155264684: ['LEO15', 'LEO16', 'LEO17', 'LEO24', 'LEO25', 'LEO26', 'LEO27', 'LEO37', 'LEO47']
LEO51: 86.40711127989141: ['LEO31', 'LEO32', 'LEO33', 'LEO41', 'LEO42', 'LEO43', 'LEO51', 'LEO52', 'LEO53', 'LEO61', 'LEO68', 'LEO69']
LEO57: 38.19059986423904: ['LEO34', 'LEO35', 'LEO36', 'LEO44', 'LEO45', 'LEO46', 'LEO56', 'LEO57', 'LEO66', 'LEO67', 'LEO71', 'LEO77', 'LEO78', 'LEO79', 'LEO81', 'LEO86', 'LEO87', 'LEO88', 'LEO89']
LEO39: 15.797181408238867: ['LEO38', 'LEO39', 'LEO48', 'LEO49']
LEO73: 37.97578583716218: ['LEO54', 'LEO55', 'LEO62', 'LEO63', 'LEO64', 'LEO65', 'LEO72', 'LEO73', 'LEO74', 'LEO75', 'LEO76', 'LEO82', 'LEO83', 'LEO84', 'LEO85']
LEO59: 20.935144705807474: ['LEO58', 'LEO59']
sum_con_loads:  290.98
max_con_loads:   86.41
avg_setup_time: 267.92
