******************************************************************************
METIS 5.0 Copyright 1998-13, Regents of the University of Minnesota
 (HEAD: , Built on: Dec 17 2022, 08:18:35)
 size of idx_t: 64bits, real_t: 32bits, idx_t *: 64bits

Graph Information -----------------------------------------------------------
 Name: MetisTopos/596, #Vertices: 72, #Edges: 126, #Parts: 8

Options ---------------------------------------------------------------------
 ptype=kway, objtype=cut, ctype=shem, rtype=greedy, iptype=metisrb
 dbglvl=0, ufactor=1.100, no2hop=NO, minconn=NO, contig=NO, nooutput=NO
 seed=-1, niter=10, ncuts=1

Direct k-way Partitioning ---------------------------------------------------
 - Edgecut: 13282, communication volume: 89.

 - Balance:
     constraint #0:  1.043 out of 0.487

 - Most overweight partition:
     pid: 3, actual: 1500, desired: 1437, ratio: 1.04.

 - Subdomain connectivity: max: 7, min: 3, avg: 4.50

 - There are 5 non-contiguous partitions.
   Total components after removing the cut edges: 13,
   max components: 2 for pid: 0.

Timing Information ----------------------------------------------------------
  I/O:          		   0.001 sec
  Partitioning: 		   0.002 sec   (METIS time)
  Reporting:    		   0.000 sec

Memory Information ----------------------------------------------------------
  Max memory used:		   0.070 MB
******************************************************************************
LEO33: 63.52538623996557: ['LEO11', 'LEO12', 'LEO13', 'LEO16', 'LEO17', 'LEO18', 'LEO19', 'LEO22', 'LEO23', 'LEO26', 'LEO27', 'LEO28', 'LEO32', 'LEO33', 'LEO36', 'LEO37', 'LEO42', 'LEO43', 'LEO44', 'LEO45', 'LEO46', 'LEO47', 'LEO52', 'LEO53', 'LEO54', 'LEO55', 'LEO56', 'LEO57', 'LEO64', 'LEO65', 'LEO66', 'LEO67']
LEO14: 30.065449950463123: ['LEO14', 'LEO24', 'LEO25']
LEO77: 31.084248386682336: ['LEO15', 'LEO74', 'LEO75', 'LEO76', 'LEO77', 'LEO78', 'LEO79', 'LEO84', 'LEO85', 'LEO86', 'LEO87', 'LEO88']
LEO31: 33.54546432454133: ['LEO21', 'LEO29', 'LEO31', 'LEO39', 'LEO48', 'LEO49', 'LEO58']
LEO63: 37.544148099972475: ['LEO34', 'LEO35', 'LEO63']
LEO61: 50.74523431091322: ['LEO38', 'LEO61', 'LEO62', 'LEO68', 'LEO69', 'LEO71', 'LEO72']
LEO41: 62.26988038557042: ['LEO41', 'LEO59']
LEO51: 72.23644299731828: ['LEO51', 'LEO73', 'LEO81', 'LEO82', 'LEO83', 'LEO89']
sum_con_loads:  381.02
max_con_loads:   72.24
avg_setup_time: 287.81
