******************************************************************************
METIS 5.0 Copyright 1998-13, Regents of the University of Minnesota
 (HEAD: , Built on: Dec 17 2022, 08:18:35)
 size of idx_t: 64bits, real_t: 32bits, idx_t *: 64bits

Graph Information -----------------------------------------------------------
 Name: MetisTopos/596, #Vertices: 72, #Edges: 126, #Parts: 8

Options ---------------------------------------------------------------------
 ptype=kway, objtype=cut, ctype=shem, rtype=greedy, iptype=metisrb
 dbglvl=0, ufactor=2.000, no2hop=NO, minconn=NO, contig=NO, nooutput=NO
 seed=-1, niter=10, ncuts=1

Direct k-way Partitioning ---------------------------------------------------
 - Edgecut: 7624, communication volume: 80.

 - Balance:
     constraint #0:  1.948 out of 0.487

 - Most overweight partition:
     pid: 6, actual: 2800, desired: 1437, ratio: 1.95.

 - Subdomain connectivity: max: 6, min: 0, avg: 3.75

 - Each partition is contiguous.

Timing Information ----------------------------------------------------------
  I/O:          		   0.001 sec
  Partitioning: 		   0.001 sec   (METIS time)
  Reporting:    		   0.000 sec

Memory Information ----------------------------------------------------------
  Max memory used:		   0.071 MB
******************************************************************************
LEO21: 16.758519177331642: ['LEO11', 'LEO18', 'LEO19', 'LEO21', 'LEO22', 'LEO28', 'LEO29', 'LEO38']
LEO41: 85.94266959383583: ['LEO12', 'LEO13', 'LEO23', 'LEO31', 'LEO32', 'LEO33', 'LEO41', 'LEO42', 'LEO43', 'LEO51', 'LEO61']
LEO14: 19.543176905450057: ['LEO14', 'LEO15', 'LEO16', 'LEO17']
LEO34: 44.89508508244007: ['LEO24', 'LEO25', 'LEO34', 'LEO35', 'LEO71', 'LEO79', 'LEO81', 'LEO89']
LEO47: 28.43991881374184: ['LEO26', 'LEO27', 'LEO36', 'LEO37', 'LEO39', 'LEO46', 'LEO47', 'LEO48', 'LEO49', 'LEO56', 'LEO57', 'LEO66', 'LEO67', 'LEO76', 'LEO77', 'LEO78', 'LEO86', 'LEO87', 'LEO88']
LEO63: 39.49532146062188: ['LEO44', 'LEO45', 'LEO52', 'LEO53', 'LEO54', 'LEO55', 'LEO62', 'LEO63', 'LEO64', 'LEO65', 'LEO72', 'LEO73', 'LEO74', 'LEO75', 'LEO82', 'LEO83', 'LEO84', 'LEO85']
LEO59: 32.49610436394241: ['LEO58', 'LEO59', 'LEO68', 'LEO69']
sum_con_loads:  267.57
max_con_loads:   85.94
avg_setup_time: 272.89
