******************************************************************************
METIS 5.0 Copyright 1998-13, Regents of the University of Minnesota
 (HEAD: , Built on: Dec 17 2022, 08:18:35)
 size of idx_t: 64bits, real_t: 32bits, idx_t *: 64bits

Graph Information -----------------------------------------------------------
 Name: MetisTopos/596, #Vertices: 72, #Edges: 126, #Parts: 8

Options ---------------------------------------------------------------------
 ptype=kway, objtype=cut, ctype=shem, rtype=greedy, iptype=metisrb
 dbglvl=0, ufactor=1.100, no2hop=NO, minconn=NO, contig=YES, nooutput=NO
 seed=-1, niter=10, ncuts=1

Direct k-way Partitioning ---------------------------------------------------
 - Edgecut: 10761, communication volume: 79.

 - Balance:
     constraint #0:  1.113 out of 0.487

 - Most overweight partition:
     pid: 2, actual: 1600, desired: 1437, ratio: 1.11.

 - Subdomain connectivity: max: 6, min: 3, avg: 4.25

 - Each partition is contiguous.

Timing Information ----------------------------------------------------------
  I/O:          		   0.001 sec
  Partitioning: 		   0.002 sec   (METIS time)
  Reporting:    		   0.000 sec

Memory Information ----------------------------------------------------------
  Max memory used:		   0.070 MB
******************************************************************************
LEO21: 45.34646103639644: ['LEO11', 'LEO12', 'LEO13', 'LEO21', 'LEO22', 'LEO31', 'LEO32', 'LEO39', 'LEO49']
LEO14: 29.57990677741995: ['LEO14', 'LEO24']
LEO35: 31.261437986761997: ['LEO15', 'LEO16', 'LEO17', 'LEO18', 'LEO19', 'LEO25', 'LEO28', 'LEO29', 'LEO34', 'LEO35', 'LEO38']
LEO43: 70.25635711589496: ['LEO23', 'LEO33', 'LEO41', 'LEO42', 'LEO43']
LEO77: 29.734397137767214: ['LEO26', 'LEO27', 'LEO36', 'LEO37', 'LEO44', 'LEO45', 'LEO46', 'LEO47', 'LEO48', 'LEO54', 'LEO55', 'LEO56', 'LEO57', 'LEO64', 'LEO65', 'LEO66', 'LEO67', 'LEO74', 'LEO75', 'LEO76', 'LEO77', 'LEO78', 'LEO81', 'LEO84', 'LEO85', 'LEO86', 'LEO87', 'LEO88', 'LEO89']
LEO51: 54.937169711255486: ['LEO51', 'LEO59', 'LEO61']
LEO63: 35.905222814107304: ['LEO52', 'LEO53', 'LEO62', 'LEO63', 'LEO72', 'LEO73', 'LEO82', 'LEO83']
LEO69: 33.445935927563: ['LEO58', 'LEO68', 'LEO69', 'LEO71', 'LEO79']
sum_con_loads:  330.47
max_con_loads:   70.26
avg_setup_time: 248.23
