******************************************************************************
METIS 5.0 Copyright 1998-13, Regents of the University of Minnesota
 (HEAD: , Built on: Dec 17 2022, 08:18:35)
 size of idx_t: 64bits, real_t: 32bits, idx_t *: 64bits

Graph Information -----------------------------------------------------------
 Name: MetisTopos/596, #Vertices: 72, #Edges: 126, #Parts: 8

Options ---------------------------------------------------------------------
 ptype=kway, objtype=cut, ctype=shem, rtype=greedy, iptype=metisrb
 dbglvl=0, ufactor=2.100, no2hop=NO, minconn=NO, contig=NO, nooutput=NO
 seed=-1, niter=10, ncuts=1

Direct k-way Partitioning ---------------------------------------------------
 - Edgecut: 6956, communication volume: 75.

 - Balance:
     constraint #0:  2.087 out of 0.487

 - Most overweight partition:
     pid: 5, actual: 3000, desired: 1437, ratio: 2.09.

 - Subdomain connectivity: max: 6, min: 0, avg: 3.50

 - There are 0 non-contiguous partitions.
   Total components after removing the cut edges: 7,
   max components: 1 for pid: 1.

Timing Information ----------------------------------------------------------
  I/O:          		   0.001 sec
  Partitioning: 		   0.002 sec   (METIS time)
  Reporting:    		   0.000 sec

Memory Information ----------------------------------------------------------
  Max memory used:		   0.071 MB
******************************************************************************
LEO23: 65.87539624744541: ['LEO11', 'LEO12', 'LEO13', 'LEO14', 'LEO15', 'LEO21', 'LEO22', 'LEO23', 'LEO32', 'LEO33', 'LEO43', 'LEO52', 'LEO53']
LEO25: 28.32717762127425: ['LEO16', 'LEO17', 'LEO18', 'LEO19', 'LEO24', 'LEO25', 'LEO26', 'LEO27', 'LEO28', 'LEO29', 'LEO36', 'LEO37', 'LEO46', 'LEO47', 'LEO56', 'LEO57', 'LEO58', 'LEO66', 'LEO67', 'LEO68', 'LEO77', 'LEO87']
LEO51: 69.71366182513698: ['LEO31', 'LEO41', 'LEO42', 'LEO51', 'LEO59', 'LEO61', 'LEO69']
LEO34: 18.58725615080199: ['LEO34', 'LEO35', 'LEO44', 'LEO45']
LEO39: 15.797181408238867: ['LEO38', 'LEO39', 'LEO48', 'LEO49']
LEO73: 37.97578583716218: ['LEO54', 'LEO55', 'LEO62', 'LEO63', 'LEO64', 'LEO65', 'LEO72', 'LEO73', 'LEO74', 'LEO75', 'LEO76', 'LEO82', 'LEO83', 'LEO84', 'LEO85', 'LEO86']
LEO71: 17.689973487071956: ['LEO71', 'LEO78', 'LEO79', 'LEO81', 'LEO88', 'LEO89']
sum_con_loads:  253.97
max_con_loads:   69.71
avg_setup_time: 210.92
