******************************************************************************
METIS 5.0 Copyright 1998-13, Regents of the University of Minnesota
 (HEAD: , Built on: Dec 17 2022, 08:18:35)
 size of idx_t: 64bits, real_t: 32bits, idx_t *: 64bits

Graph Information -----------------------------------------------------------
 Name: MetisTopos/596, #Vertices: 72, #Edges: 126, #Parts: 8

Options ---------------------------------------------------------------------
 ptype=kway, objtype=cut, ctype=shem, rtype=greedy, iptype=metisrb
 dbglvl=0, ufactor=2.200, no2hop=NO, minconn=NO, contig=NO, nooutput=NO
 seed=-1, niter=10, ncuts=1

Direct k-way Partitioning ---------------------------------------------------
 - Edgecut: 6602, communication volume: 73.

 - Balance:
     constraint #0:  2.017 out of 0.487

 - Most overweight partition:
     pid: 7, actual: 2900, desired: 1437, ratio: 2.02.

 - Subdomain connectivity: max: 6, min: 0, avg: 3.75

 - There are 0 non-contiguous partitions.
   Total components after removing the cut edges: 7,
   max components: 1 for pid: 0.

Timing Information ----------------------------------------------------------
  I/O:          		   0.001 sec
  Partitioning: 		   0.002 sec   (METIS time)
  Reporting:    		   0.000 sec

Memory Information ----------------------------------------------------------
  Max memory used:		   0.071 MB
******************************************************************************
LEO31: 27.034651877083498: ['LEO11', 'LEO12', 'LEO19', 'LEO21', 'LEO22', 'LEO29', 'LEO31', 'LEO32', 'LEO39', 'LEO49']
LEO33: 59.41117268287007: ['LEO13', 'LEO14', 'LEO23', 'LEO24', 'LEO25', 'LEO33', 'LEO42', 'LEO43', 'LEO52', 'LEO53']
LEO37: 20.008276987755497: ['LEO15', 'LEO16', 'LEO17', 'LEO18', 'LEO26', 'LEO27', 'LEO28', 'LEO36', 'LEO37', 'LEO38', 'LEO46', 'LEO47', 'LEO48', 'LEO56', 'LEO57', 'LEO58', 'LEO67', 'LEO68', 'LEO76', 'LEO77', 'LEO87', 'LEO88']
LEO34: 18.58725615080199: ['LEO34', 'LEO35', 'LEO44', 'LEO45']
LEO51: 66.19152185804475: ['LEO41', 'LEO51', 'LEO59', 'LEO61', 'LEO69']
LEO73: 39.08180028394281: ['LEO54', 'LEO55', 'LEO62', 'LEO63', 'LEO64', 'LEO65', 'LEO66', 'LEO72', 'LEO73', 'LEO74', 'LEO75', 'LEO81', 'LEO82', 'LEO83', 'LEO84', 'LEO85', 'LEO86', 'LEO89']
LEO71: 16.599373410244567: ['LEO71', 'LEO78', 'LEO79']
sum_con_loads:  246.91
max_con_loads:   66.19
avg_setup_time: 193.08
