******************************************************************************
METIS 5.0 Copyright 1998-13, Regents of the University of Minnesota
 (HEAD: , Built on: Dec 17 2022, 08:18:35)
 size of idx_t: 64bits, real_t: 32bits, idx_t *: 64bits

Graph Information -----------------------------------------------------------
 Name: MetisTopos/596, #Vertices: 72, #Edges: 126, #Parts: 8

Options ---------------------------------------------------------------------
 ptype=kway, objtype=cut, ctype=shem, rtype=greedy, iptype=metisrb
 dbglvl=0, ufactor=2.400, no2hop=NO, minconn=NO, contig=YES, nooutput=NO
 seed=-1, niter=10, ncuts=1

Direct k-way Partitioning ---------------------------------------------------
 - Edgecut: 6728, communication volume: 66.

 - Balance:
     constraint #0:  2.365 out of 0.487

 - Most overweight partition:
     pid: 7, actual: 3400, desired: 1437, ratio: 2.37.

 - Subdomain connectivity: max: 5, min: 0, avg: 2.75

 - There are 0 non-contiguous partitions.
   Total components after removing the cut edges: 6,
   max components: 1 for pid: 2.

Timing Information ----------------------------------------------------------
  I/O:          		   0.001 sec
  Partitioning: 		   0.001 sec   (METIS time)
  Reporting:    		   0.000 sec

Memory Information ----------------------------------------------------------
  Max memory used:		   0.071 MB
******************************************************************************
LEO39: 25.730749472317072: ['LEO11', 'LEO12', 'LEO19', 'LEO21', 'LEO29', 'LEO39', 'LEO49']
LEO23: 47.03784153234021: ['LEO13', 'LEO14', 'LEO15', 'LEO22', 'LEO23', 'LEO24']
LEO35: 31.540359073525412: ['LEO16', 'LEO17', 'LEO18', 'LEO25', 'LEO26', 'LEO27', 'LEO28', 'LEO34', 'LEO35', 'LEO36', 'LEO37', 'LEO38', 'LEO44', 'LEO45', 'LEO46', 'LEO47', 'LEO48', 'LEO56', 'LEO57', 'LEO58', 'LEO67', 'LEO68', 'LEO77', 'LEO86', 'LEO87']
LEO41: 87.75181140725685: ['LEO31', 'LEO32', 'LEO33', 'LEO41', 'LEO42', 'LEO43', 'LEO51', 'LEO59', 'LEO61', 'LEO69']
LEO63: 40.601335907402515: ['LEO52', 'LEO53', 'LEO54', 'LEO55', 'LEO62', 'LEO63', 'LEO64', 'LEO65', 'LEO66', 'LEO72', 'LEO73', 'LEO74', 'LEO75', 'LEO76', 'LEO81', 'LEO82', 'LEO83', 'LEO84', 'LEO85', 'LEO88', 'LEO89']
LEO71: 16.599373410244567: ['LEO71', 'LEO78', 'LEO79']
sum_con_loads:  249.26
max_con_loads:   87.75
avg_setup_time: 260.57
