******************************************************************************
METIS 5.0 Copyright 1998-13, Regents of the University of Minnesota
 (HEAD: , Built on: Dec 17 2022, 08:18:35)
 size of idx_t: 64bits, real_t: 32bits, idx_t *: 64bits

Graph Information -----------------------------------------------------------
 Name: MetisTopos/596, #Vertices: 72, #Edges: 126, #Parts: 8

Options ---------------------------------------------------------------------
 ptype=kway, objtype=cut, ctype=shem, rtype=greedy, iptype=metisrb
 dbglvl=0, ufactor=2.500, no2hop=NO, minconn=NO, contig=YES, nooutput=NO
 seed=-1, niter=10, ncuts=1

Direct k-way Partitioning ---------------------------------------------------
 - Edgecut: 6901, communication volume: 76.

 - Balance:
     constraint #0:  2.435 out of 0.487

 - Most overweight partition:
     pid: 7, actual: 3500, desired: 1437, ratio: 2.43.

 - Subdomain connectivity: max: 5, min: 0, avg: 3.25

 - There are 0 non-contiguous partitions.
   Total components after removing the cut edges: 7,
   max components: 1 for pid: 0.

Timing Information ----------------------------------------------------------
  I/O:          		   0.001 sec
  Partitioning: 		   0.001 sec   (METIS time)
  Reporting:    		   0.000 sec

Memory Information ----------------------------------------------------------
  Max memory used:		   0.071 MB
******************************************************************************
LEO21: 11.950150466198567: ['LEO11', 'LEO19', 'LEO21', 'LEO22', 'LEO29']
LEO41: 86.84435799462742: ['LEO12', 'LEO13', 'LEO14', 'LEO23', 'LEO31', 'LEO32', 'LEO33', 'LEO39', 'LEO41', 'LEO42', 'LEO43', 'LEO51']
LEO38: 18.780464753131433: ['LEO15', 'LEO16', 'LEO17', 'LEO18', 'LEO28', 'LEO38', 'LEO48', 'LEO49']
LEO34: 30.39380517344222: ['LEO24', 'LEO25', 'LEO34', 'LEO35', 'LEO44', 'LEO45']
LEO59: 26.7176044886748: ['LEO26', 'LEO27', 'LEO36', 'LEO37', 'LEO46', 'LEO47', 'LEO56', 'LEO57', 'LEO58', 'LEO59']
LEO61: 64.7467542242519: ['LEO52', 'LEO53', 'LEO54', 'LEO55', 'LEO61', 'LEO62', 'LEO63', 'LEO64', 'LEO65', 'LEO66', 'LEO68', 'LEO69', 'LEO71', 'LEO72', 'LEO73', 'LEO74', 'LEO75', 'LEO76', 'LEO82', 'LEO83', 'LEO84', 'LEO85']
LEO78: 13.48295377910202: ['LEO67', 'LEO77', 'LEO78', 'LEO79', 'LEO81', 'LEO86', 'LEO87', 'LEO88', 'LEO89']
sum_con_loads:  252.92
max_con_loads:   86.84
avg_setup_time: 271.89
