******************************************************************************
METIS 5.0 Copyright 1998-13, Regents of the University of Minnesota
 (HEAD: , Built on: Dec 17 2022, 08:18:35)
 size of idx_t: 64bits, real_t: 32bits, idx_t *: 64bits

Graph Information -----------------------------------------------------------
 Name: MetisTopos/596, #Vertices: 72, #Edges: 126, #Parts: 8

Options ---------------------------------------------------------------------
 ptype=kway, objtype=cut, ctype=shem, rtype=greedy, iptype=metisrb
 dbglvl=0, ufactor=1.400, no2hop=NO, minconn=NO, contig=YES, nooutput=NO
 seed=-1, niter=10, ncuts=1

Direct k-way Partitioning ---------------------------------------------------
 - Edgecut: 9660, communication volume: 81.

 - Balance:
     constraint #0:  1.322 out of 0.487

 - Most overweight partition:
     pid: 1, actual: 1900, desired: 1437, ratio: 1.32.

 - Subdomain connectivity: max: 6, min: 3, avg: 4.00

 - Each partition is contiguous.

Timing Information ----------------------------------------------------------
  I/O:          		   0.001 sec
  Partitioning: 		   0.002 sec   (METIS time)
  Reporting:    		   0.000 sec

Memory Information ----------------------------------------------------------
  Max memory used:		   0.071 MB
******************************************************************************
LEO41: 52.67242243256381: ['LEO11', 'LEO21', 'LEO22', 'LEO31', 'LEO32', 'LEO41']
LEO33: 54.466702626677815: ['LEO12', 'LEO13', 'LEO14', 'LEO23', 'LEO33', 'LEO42', 'LEO43']
LEO37: 25.896438292563346: ['LEO15', 'LEO16', 'LEO17', 'LEO18', 'LEO19', 'LEO26', 'LEO27', 'LEO28', 'LEO29', 'LEO36', 'LEO37', 'LEO38', 'LEO39', 'LEO46', 'LEO47', 'LEO48', 'LEO49', 'LEO56', 'LEO57', 'LEO66', 'LEO67']
LEO34: 30.39380517344222: ['LEO24', 'LEO25', 'LEO34', 'LEO35', 'LEO44', 'LEO45']
LEO51: 58.32953066588356: ['LEO51', 'LEO58', 'LEO59', 'LEO61']
LEO63: 35.905222814107304: ['LEO52', 'LEO53', 'LEO62', 'LEO63', 'LEO72', 'LEO73', 'LEO82', 'LEO83']
LEO74: 23.59235558034955: ['LEO54', 'LEO55', 'LEO64', 'LEO65', 'LEO74', 'LEO75', 'LEO76', 'LEO77', 'LEO78', 'LEO81', 'LEO84', 'LEO85', 'LEO86', 'LEO87', 'LEO88', 'LEO89']
LEO69: 26.944957437802426: ['LEO68', 'LEO69', 'LEO71', 'LEO79']
sum_con_loads:  308.20
max_con_loads:   58.33
avg_setup_time: 206.92
