******************************************************************************
METIS 5.0 Copyright 1998-13, Regents of the University of Minnesota
 (HEAD: , Built on: Dec 17 2022, 08:18:35)
 size of idx_t: 64bits, real_t: 32bits, idx_t *: 64bits

Graph Information -----------------------------------------------------------
 Name: MetisTopos/596, #Vertices: 72, #Edges: 126, #Parts: 8

Options ---------------------------------------------------------------------
 ptype=kway, objtype=cut, ctype=shem, rtype=greedy, iptype=metisrb
 dbglvl=0, ufactor=1.500, no2hop=NO, minconn=NO, contig=YES, nooutput=NO
 seed=-1, niter=10, ncuts=1

Direct k-way Partitioning ---------------------------------------------------
 - Edgecut: 9387, communication volume: 82.

 - Balance:
     constraint #0:  1.461 out of 0.487

 - Most overweight partition:
     pid: 7, actual: 2100, desired: 1437, ratio: 1.46.

 - Subdomain connectivity: max: 7, min: 2, avg: 4.25

 - Each partition is contiguous.

Timing Information ----------------------------------------------------------
  I/O:          		   0.001 sec
  Partitioning: 		   0.002 sec   (METIS time)
  Reporting:    		   0.000 sec

Memory Information ----------------------------------------------------------
  Max memory used:		   0.070 MB
******************************************************************************
LEO14: 39.441012632049414: ['LEO11', 'LEO12', 'LEO13', 'LEO14', 'LEO15', 'LEO16', 'LEO17', 'LEO18', 'LEO19', 'LEO24', 'LEO25', 'LEO26']
LEO39: 24.95584337024975: ['LEO21', 'LEO22', 'LEO27', 'LEO28', 'LEO29', 'LEO37', 'LEO38', 'LEO39', 'LEO47', 'LEO48']
LEO41: 73.69599685135445: ['LEO23', 'LEO31', 'LEO32', 'LEO33', 'LEO41', 'LEO42', 'LEO43', 'LEO49']
LEO34: 25.45543254834729: ['LEO34', 'LEO35', 'LEO36', 'LEO44', 'LEO45', 'LEO46', 'LEO56', 'LEO57', 'LEO66', 'LEO67', 'LEO76', 'LEO77', 'LEO81', 'LEO87', 'LEO88', 'LEO89']
LEO51: 69.11894022362118: ['LEO51', 'LEO52', 'LEO53', 'LEO61', 'LEO62', 'LEO63', 'LEO71', 'LEO72', 'LEO73', 'LEO82']
LEO74: 25.812957922330455: ['LEO54', 'LEO55', 'LEO64', 'LEO65', 'LEO74', 'LEO75', 'LEO83', 'LEO84', 'LEO85', 'LEO86']
LEO59: 20.935144705807474: ['LEO58', 'LEO59']
LEO69: 23.467966598747015: ['LEO68', 'LEO69', 'LEO78', 'LEO79']
sum_con_loads:  302.88
max_con_loads:   73.70
avg_setup_time: 248.90
