******************************************************************************
METIS 5.0 Copyright 1998-13, Regents of the University of Minnesota
 (HEAD: , Built on: Dec 17 2022, 08:18:35)
 size of idx_t: 64bits, real_t: 32bits, idx_t *: 64bits

Graph Information -----------------------------------------------------------
 Name: MetisTopos/596, #Vertices: 72, #Edges: 126, #Parts: 8

Options ---------------------------------------------------------------------
 ptype=kway, objtype=cut, ctype=shem, rtype=greedy, iptype=metisrb
 dbglvl=0, ufactor=1.700, no2hop=NO, minconn=NO, contig=YES, nooutput=NO
 seed=-1, niter=10, ncuts=1

Direct k-way Partitioning ---------------------------------------------------
 - Edgecut: 8490, communication volume: 79.

 - Balance:
     constraint #0:  1.530 out of 0.487

 - Most overweight partition:
     pid: 7, actual: 2200, desired: 1437, ratio: 1.53.

 - Subdomain connectivity: max: 7, min: 2, avg: 4.25

 - Each partition is contiguous.

Timing Information ----------------------------------------------------------
  I/O:          		   0.001 sec
  Partitioning: 		   0.002 sec   (METIS time)
  Reporting:    		   0.000 sec

Memory Information ----------------------------------------------------------
  Max memory used:		   0.071 MB
******************************************************************************
LEO31: 21.13796864671832: ['LEO11', 'LEO12', 'LEO19', 'LEO21', 'LEO22', 'LEO29', 'LEO31', 'LEO32', 'LEO39']
LEO33: 54.77282042560535: ['LEO13', 'LEO23', 'LEO33', 'LEO34', 'LEO42', 'LEO43', 'LEO44']
LEO14: 29.57990677741995: ['LEO14', 'LEO24']
LEO36: 21.377199877139518: ['LEO15', 'LEO16', 'LEO17', 'LEO18', 'LEO25', 'LEO26', 'LEO27', 'LEO28', 'LEO35', 'LEO36', 'LEO37', 'LEO38', 'LEO45', 'LEO46', 'LEO47', 'LEO56', 'LEO57', 'LEO67', 'LEO77']
LEO51: 68.5902613311626: ['LEO41', 'LEO51', 'LEO61', 'LEO62', 'LEO68', 'LEO69', 'LEO72']
LEO59: 25.746485074514: ['LEO48', 'LEO49', 'LEO58', 'LEO59']
LEO63: 32.25711229247553: ['LEO52', 'LEO53', 'LEO54', 'LEO55', 'LEO63', 'LEO64', 'LEO65', 'LEO66', 'LEO73', 'LEO74', 'LEO75', 'LEO76']
LEO71: 31.439455104745214: ['LEO71', 'LEO78', 'LEO79', 'LEO81', 'LEO82', 'LEO83', 'LEO84', 'LEO85', 'LEO86', 'LEO87', 'LEO88', 'LEO89']
sum_con_loads:  284.90
max_con_loads:   68.59
avg_setup_time: 201.36
