******************************************************************************
METIS 5.0 Copyright 1998-13, Regents of the University of Minnesota
 (HEAD: , Built on: Dec 17 2022, 08:18:35)
 size of idx_t: 64bits, real_t: 32bits, idx_t *: 64bits

Graph Information -----------------------------------------------------------
 Name: MetisTopos/596, #Vertices: 72, #Edges: 126, #Parts: 8

Options ---------------------------------------------------------------------
 ptype=kway, objtype=cut, ctype=shem, rtype=greedy, iptype=metisrb
 dbglvl=0, ufactor=1.800, no2hop=NO, minconn=NO, contig=NO, nooutput=NO
 seed=-1, niter=10, ncuts=1

Direct k-way Partitioning ---------------------------------------------------
 - Edgecut: 8955, communication volume: 79.

 - Balance:
     constraint #0:  1.739 out of 0.487

 - Most overweight partition:
     pid: 1, actual: 2500, desired: 1437, ratio: 1.74.

 - Subdomain connectivity: max: 6, min: 2, avg: 4.00

 - There are 1 non-contiguous partitions.
   Total components after removing the cut edges: 9,
   max components: 2 for pid: 3.

Timing Information ----------------------------------------------------------
  I/O:          		   0.001 sec
  Partitioning: 		   0.002 sec   (METIS time)
  Reporting:    		   0.000 sec

Memory Information ----------------------------------------------------------
  Max memory used:		   0.071 MB
******************************************************************************
LEO23: 44.21804826808609: ['LEO11', 'LEO12', 'LEO13', 'LEO19', 'LEO22', 'LEO23', 'LEO24']
LEO14: 19.543176905450057: ['LEO14', 'LEO15']
LEO37: 23.359742399155728: ['LEO16', 'LEO17', 'LEO18', 'LEO25', 'LEO26', 'LEO27', 'LEO28', 'LEO35', 'LEO36', 'LEO37', 'LEO38', 'LEO46', 'LEO47', 'LEO48', 'LEO49', 'LEO56']
LEO31: 76.03866324982546: ['LEO21', 'LEO29', 'LEO31', 'LEO32', 'LEO33', 'LEO34', 'LEO39', 'LEO41', 'LEO42', 'LEO43']
LEO74: 15.904870123636012: ['LEO44', 'LEO45', 'LEO54', 'LEO55', 'LEO64', 'LEO65', 'LEO74', 'LEO75', 'LEO81', 'LEO84', 'LEO85', 'LEO89']
LEO51: 60.182702627551265: ['LEO51', 'LEO52', 'LEO59', 'LEO61', 'LEO69', 'LEO71']
LEO63: 35.905222814107304: ['LEO53', 'LEO62', 'LEO63', 'LEO72', 'LEO73', 'LEO82', 'LEO83']
LEO78: 18.913287924962525: ['LEO57', 'LEO58', 'LEO66', 'LEO67', 'LEO68', 'LEO76', 'LEO77', 'LEO78', 'LEO79', 'LEO86', 'LEO87', 'LEO88']
sum_con_loads:  294.07
max_con_loads:   76.04
avg_setup_time: 224.44
