******************************************************************************
METIS 5.0 Copyright 1998-13, Regents of the University of Minnesota
 (HEAD: , Built on: Dec 17 2022, 08:18:35)
 size of idx_t: 64bits, real_t: 32bits, idx_t *: 64bits

Graph Information -----------------------------------------------------------
 Name: MetisTopos/596, #Vertices: 72, #Edges: 126, #Parts: 8

Options ---------------------------------------------------------------------
 ptype=kway, objtype=cut, ctype=shem, rtype=greedy, iptype=metisrb
 dbglvl=0, ufactor=1.900, no2hop=NO, minconn=NO, contig=YES, nooutput=NO
 seed=-1, niter=10, ncuts=1

Direct k-way Partitioning ---------------------------------------------------
 - Edgecut: 8773, communication volume: 80.

 - Balance:
     constraint #0:  1.809 out of 0.487

 - Most overweight partition:
     pid: 6, actual: 2600, desired: 1437, ratio: 1.81.

 - Subdomain connectivity: max: 7, min: 3, avg: 4.25

 - Each partition is contiguous.

Timing Information ----------------------------------------------------------
  I/O:          		   0.001 sec
  Partitioning: 		   0.002 sec   (METIS time)
  Reporting:    		   0.000 sec

Memory Information ----------------------------------------------------------
  Max memory used:		   0.071 MB
******************************************************************************
LEO39: 17.834327698059838: ['LEO11', 'LEO17', 'LEO18', 'LEO19', 'LEO28', 'LEO29', 'LEO38', 'LEO39', 'LEO48', 'LEO49']
LEO31: 71.85399525679115: ['LEO12', 'LEO13', 'LEO21', 'LEO22', 'LEO23', 'LEO31', 'LEO32', 'LEO33', 'LEO41', 'LEO42', 'LEO43']
LEO14: 19.543176905450057: ['LEO14', 'LEO15']
LEO54: 36.57621885580996: ['LEO16', 'LEO26', 'LEO27', 'LEO36', 'LEO37', 'LEO44', 'LEO45', 'LEO46', 'LEO47', 'LEO52', 'LEO53', 'LEO54', 'LEO64', 'LEO74']
LEO34: 30.39380517344222: ['LEO24', 'LEO25', 'LEO34', 'LEO35']
LEO51: 60.50196223165601: ['LEO51', 'LEO59', 'LEO61', 'LEO69', 'LEO71', 'LEO79']
LEO78: 19.51922798156048: ['LEO55', 'LEO56', 'LEO57', 'LEO58', 'LEO65', 'LEO66', 'LEO67', 'LEO68', 'LEO75', 'LEO76', 'LEO77', 'LEO78', 'LEO81', 'LEO84', 'LEO85', 'LEO86', 'LEO87', 'LEO88', 'LEO89']
LEO63: 34.3856871906476: ['LEO62', 'LEO63', 'LEO72', 'LEO73', 'LEO82', 'LEO83']
sum_con_loads:  290.61
max_con_loads:   71.85
avg_setup_time: 228.72
