0.02 , iter--1, SumLoad: 396.3483, MaxCon: LEO31, Load: 76.8243 
0.04 , iter--2, SumLoad: 389.9952, MaxCon: LEO32, Load: 73.4160 
0.07 , iter--3, SumLoad: 388.5941, MaxCon: LEO32, Load: 73.4160 
0.09 , iter--4, SumLoad: 397.0990, MaxCon: LEO61, Load: 70.3600 
0.11 , iter--5, SumLoad: 382.9315, MaxCon: LEO32, Load: 69.3779 
0.13 , iter--6, SumLoad: 374.3094, MaxCon: LEO32, Load: 64.7071 
0.16 , iter--7, SumLoad: 366.0410, MaxCon: LEO51, Load: 64.6110 
0.18 , iter--8, SumLoad: 357.1212, MaxCon: LEO51, Load: 60.0662 
0.21 , iter--9, SumLoad: 354.8084, MaxCon: LEO51, Load: 58.6986 
0.23 , iter-10, SumLoad: 351.3882, MaxCon: LEO51, Load: 57.5139 
0.25 , iter-11, SumLoad: 350.2761, MaxCon: LEO51, Load: 55.5601 
0.28 , iter-12, SumLoad: 349.8450, MaxCon: LEO32, Load: 55.2824 
0.32 , iter-13, SumLoad: 351.2660, MaxCon: LEO51, Load: 55.1290 
0.35 , iter-14, SumLoad: 358.3977, MaxCon: LEO32, Load: 54.9438 
0.38 , iter-15, SumLoad: 360.0232, MaxCon: LEO32, Load: 54.7241 
0.41 , iter-16, SumLoad: 360.0232, MaxCon: LEO32, Load: 54.7241 
LEO13: 23.243936837782517: ['LEO12', 'LEO13', 'LEO14', 'LEO15', 'LEO16', 'LEO17', 'LEO18', 'LEO19']
LEO23: 49.93819385702339: ['LEO22', 'LEO23', 'LEO24', 'LEO25', 'LEO26', 'LEO27', 'LEO28', 'LEO29', 'LEO34', 'LEO35', 'LEO45', 'LEO36', 'LEO37', 'LEO47', 'LEO57', 'LEO56']
LEO32: 54.72410686518507: ['LEO32', 'LEO33', 'LEO52', 'LEO42']
LEO41: 51.11192056862376: ['LEO41', 'LEO46', 'LEO48', 'LEO49', 'LEO31', 'LEO21', 'LEO11', 'LEO38', 'LEO39', 'LEO58']
LEO51: 51.865615350369: ['LEO51', 'LEO59', 'LEO61']
LEO62: 50.98003230097852: ['LEO62', 'LEO63', 'LEO66', 'LEO67', 'LEO68', 'LEO69', 'LEO53', 'LEO43']
LEO72: 53.10799554230151: ['LEO71', 'LEO72', 'LEO73', 'LEO74', 'LEO75', 'LEO76', 'LEO77', 'LEO78', 'LEO79', 'LEO55', 'LEO65', 'LEO54', 'LEO44', 'LEO64']
LEO82: 25.051374248407537: ['LEO81', 'LEO82', 'LEO83', 'LEO84', 'LEO85', 'LEO86', 'LEO87', 'LEO88', 'LEO89']
sum_con_loads:  360.02
max_con_loads:   54.72
avg_setup_time: 225.94
