******************************************************************************
METIS 5.0 Copyright 1998-13, Regents of the University of Minnesota
 (HEAD: , Built on: Dec 17 2022, 08:18:35)
 size of idx_t: 64bits, real_t: 32bits, idx_t *: 64bits

Graph Information -----------------------------------------------------------
 Name: MetisTopos/1434, #Vertices: 72, #Edges: 126, #Parts: 8

Options ---------------------------------------------------------------------
 ptype=kway, objtype=cut, ctype=shem, rtype=greedy, iptype=metisrb
 dbglvl=0, ufactor=2.000, no2hop=NO, minconn=NO, contig=NO, nooutput=NO
 seed=-1, niter=10, ncuts=1

Direct k-way Partitioning ---------------------------------------------------
 - Edgecut: 8487, communication volume: 76.

 - Balance:
     constraint #0:  1.917 out of 0.463

 - Most overweight partition:
     pid: 6, actual: 2900, desired: 1512, ratio: 1.92.

 - Subdomain connectivity: max: 5, min: 3, avg: 4.50

 - Each partition is contiguous.

Timing Information ----------------------------------------------------------
  I/O:          		   0.001 sec
  Partitioning: 		   0.001 sec   (METIS time)
  Reporting:    		   0.000 sec

Memory Information ----------------------------------------------------------
  Max memory used:		   0.069 MB
******************************************************************************
LEO49: 60.6044744803178: ['LEO11', 'LEO18', 'LEO19', 'LEO28', 'LEO29', 'LEO38', 'LEO39', 'LEO48', 'LEO49', 'LEO58', 'LEO59']
LEO22: 33.905744646321985: ['LEO12', 'LEO13', 'LEO21', 'LEO22']
LEO24: 21.339856910228278: ['LEO14', 'LEO15', 'LEO16', 'LEO17', 'LEO23', 'LEO24', 'LEO25', 'LEO26', 'LEO27', 'LEO34', 'LEO35', 'LEO44', 'LEO45']
LEO32: 35.13426643391229: ['LEO31', 'LEO32', 'LEO33', 'LEO42', 'LEO43', 'LEO52']
LEO57: 26.957403855175055: ['LEO36', 'LEO37', 'LEO46', 'LEO47', 'LEO55', 'LEO56', 'LEO57', 'LEO65', 'LEO66', 'LEO67', 'LEO76']
LEO61: 71.71681218992258: ['LEO41', 'LEO51', 'LEO61', 'LEO68', 'LEO69', 'LEO71', 'LEO79', 'LEO81', 'LEO82', 'LEO89']
LEO62: 20.42506463278556: ['LEO53', 'LEO54', 'LEO62', 'LEO63', 'LEO64', 'LEO72', 'LEO73', 'LEO74', 'LEO75', 'LEO83', 'LEO84', 'LEO85']
LEO78: 20.557992035196644: ['LEO77', 'LEO78', 'LEO86', 'LEO87', 'LEO88']
sum_con_loads:  290.64
max_con_loads:   71.72
avg_setup_time: 199.22
