******************************************************************************
METIS 5.0 Copyright 1998-13, Regents of the University of Minnesota
 (HEAD: , Built on: Dec 17 2022, 08:18:35)
 size of idx_t: 64bits, real_t: 32bits, idx_t *: 64bits

Graph Information -----------------------------------------------------------
 Name: MetisTopos/1434, #Vertices: 72, #Edges: 126, #Parts: 8

Options ---------------------------------------------------------------------
 ptype=kway, objtype=cut, ctype=shem, rtype=greedy, iptype=metisrb
 dbglvl=0, ufactor=2.200, no2hop=NO, minconn=NO, contig=NO, nooutput=NO
 seed=-1, niter=10, ncuts=1

Direct k-way Partitioning ---------------------------------------------------
 - Edgecut: 7899, communication volume: 78.

 - Balance:
     constraint #0:  2.182 out of 0.463

 - Most overweight partition:
     pid: 6, actual: 3300, desired: 1512, ratio: 2.18.

 - Subdomain connectivity: max: 6, min: 3, avg: 4.25

 - Each partition is contiguous.

Timing Information ----------------------------------------------------------
  I/O:          		   0.001 sec
  Partitioning: 		   0.002 sec   (METIS time)
  Reporting:    		   0.000 sec

Memory Information ----------------------------------------------------------
  Max memory used:		   0.069 MB
******************************************************************************
LEO22: 37.92559905909643: ['LEO11', 'LEO12', 'LEO19', 'LEO21', 'LEO22', 'LEO23']
LEO13: 15.433617527904564: ['LEO13', 'LEO14', 'LEO15', 'LEO16', 'LEO17', 'LEO18', 'LEO24', 'LEO25', 'LEO26', 'LEO27', 'LEO28']
LEO49: 68.67634198620016: ['LEO29', 'LEO35', 'LEO36', 'LEO37', 'LEO38', 'LEO39', 'LEO46', 'LEO47', 'LEO48', 'LEO49', 'LEO56', 'LEO57', 'LEO58', 'LEO59']
LEO51: 57.44527409057597: ['LEO31', 'LEO32', 'LEO33', 'LEO41', 'LEO42', 'LEO43', 'LEO51', 'LEO52', 'LEO53', 'LEO61', 'LEO62', 'LEO63']
LEO73: 17.001592812263233: ['LEO34', 'LEO44', 'LEO45', 'LEO54', 'LEO55', 'LEO64', 'LEO72', 'LEO73', 'LEO74', 'LEO83', 'LEO84', 'LEO85']
LEO77: 15.734216203756457: ['LEO65', 'LEO66', 'LEO67', 'LEO75', 'LEO76', 'LEO77', 'LEO86', 'LEO87', 'LEO88']
LEO69: 36.97484116146761: ['LEO68', 'LEO69', 'LEO78', 'LEO79']
LEO71: 29.809725736844875: ['LEO71', 'LEO81', 'LEO82', 'LEO89']
sum_con_loads:  279.00
max_con_loads:   68.68
avg_setup_time: 204.69
