******************************************************************************
METIS 5.0 Copyright 1998-13, Regents of the University of Minnesota
 (HEAD: , Built on: Dec 17 2022, 08:18:35)
 size of idx_t: 64bits, real_t: 32bits, idx_t *: 64bits

Graph Information -----------------------------------------------------------
 Name: MetisTopos/1434, #Vertices: 72, #Edges: 126, #Parts: 8

Options ---------------------------------------------------------------------
 ptype=kway, objtype=cut, ctype=shem, rtype=greedy, iptype=metisrb
 dbglvl=0, ufactor=2.400, no2hop=NO, minconn=NO, contig=YES, nooutput=NO
 seed=-1, niter=10, ncuts=1

Direct k-way Partitioning ---------------------------------------------------
 - Edgecut: 7820, communication volume: 74.

 - Balance:
     constraint #0:  2.380 out of 0.463

 - Most overweight partition:
     pid: 7, actual: 3600, desired: 1512, ratio: 2.38.

 - Subdomain connectivity: max: 6, min: 2, avg: 4.25

 - Each partition is contiguous.

Timing Information ----------------------------------------------------------
  I/O:          		   0.001 sec
  Partitioning: 		   0.001 sec   (METIS time)
  Reporting:    		   0.000 sec

Memory Information ----------------------------------------------------------
  Max memory used:		   0.070 MB
******************************************************************************
LEO41: 86.85587775565173: ['LEO11', 'LEO19', 'LEO21', 'LEO22', 'LEO29', 'LEO31', 'LEO32', 'LEO39', 'LEO41', 'LEO42', 'LEO49', 'LEO51', 'LEO52', 'LEO59', 'LEO61', 'LEO62']
LEO12: 20.318556973549963: ['LEO12', 'LEO13']
LEO35: 29.442254981174937: ['LEO14', 'LEO15', 'LEO16', 'LEO17', 'LEO18', 'LEO23', 'LEO24', 'LEO25', 'LEO26', 'LEO27', 'LEO28', 'LEO35', 'LEO36', 'LEO37', 'LEO38', 'LEO46', 'LEO56', 'LEO65', 'LEO66', 'LEO67']
LEO33: 24.75199438472147: ['LEO33', 'LEO34', 'LEO43', 'LEO44', 'LEO45', 'LEO53', 'LEO54', 'LEO55', 'LEO63', 'LEO64', 'LEO72', 'LEO73', 'LEO74', 'LEO83', 'LEO84']
LEO58: 34.76001900344113: ['LEO47', 'LEO48', 'LEO57', 'LEO58']
LEO69: 36.97484116146761: ['LEO68', 'LEO69', 'LEO78', 'LEO79']
LEO71: 29.809725736844875: ['LEO71', 'LEO81', 'LEO82', 'LEO89']
LEO77: 14.357894964006015: ['LEO75', 'LEO76', 'LEO77', 'LEO85', 'LEO86', 'LEO87', 'LEO88']
sum_con_loads:  277.27
max_con_loads:   86.86
avg_setup_time: 241.91
