******************************************************************************
METIS 5.0 Copyright 1998-13, Regents of the University of Minnesota
 (HEAD: , Built on: Dec 17 2022, 08:18:35)
 size of idx_t: 64bits, real_t: 32bits, idx_t *: 64bits

Graph Information -----------------------------------------------------------
 Name: MetisTopos/1434, #Vertices: 72, #Edges: 126, #Parts: 8

Options ---------------------------------------------------------------------
 ptype=kway, objtype=cut, ctype=shem, rtype=greedy, iptype=metisrb
 dbglvl=0, ufactor=1.200, no2hop=NO, minconn=NO, contig=YES, nooutput=NO
 seed=-1, niter=10, ncuts=1

Direct k-way Partitioning ---------------------------------------------------
 - Edgecut: 9935, communication volume: 81.

 - Balance:
     constraint #0:  1.190 out of 0.463

 - Most overweight partition:
     pid: 5, actual: 1800, desired: 1512, ratio: 1.19.

 - Subdomain connectivity: max: 5, min: 3, avg: 4.25

 - Each partition is contiguous.

Timing Information ----------------------------------------------------------
  I/O:          		   0.001 sec
  Partitioning: 		   0.002 sec   (METIS time)
  Reporting:    		   0.000 sec

Memory Information ----------------------------------------------------------
  Max memory used:		   0.069 MB
******************************************************************************
LEO49: 56.170305922972084: ['LEO11', 'LEO18', 'LEO19', 'LEO28', 'LEO29', 'LEO38', 'LEO39', 'LEO48', 'LEO49', 'LEO59']
LEO32: 49.43849026147092: ['LEO12', 'LEO21', 'LEO22', 'LEO31', 'LEO32', 'LEO42', 'LEO52']
LEO23: 29.71207189011146: ['LEO13', 'LEO23', 'LEO33', 'LEO43']
LEO36: 33.442140471615886: ['LEO14', 'LEO15', 'LEO16', 'LEO17', 'LEO24', 'LEO25', 'LEO26', 'LEO27', 'LEO34', 'LEO35', 'LEO36', 'LEO37', 'LEO44', 'LEO45', 'LEO46', 'LEO47', 'LEO56', 'LEO57', 'LEO65', 'LEO66', 'LEO67', 'LEO76']
LEO61: 50.84115720916188: ['LEO41', 'LEO51', 'LEO61', 'LEO71', 'LEO81', 'LEO89']
LEO72: 30.490569777337413: ['LEO53', 'LEO54', 'LEO55', 'LEO62', 'LEO63', 'LEO64', 'LEO72', 'LEO73', 'LEO74', 'LEO75', 'LEO82', 'LEO83', 'LEO84']
LEO58: 32.01258746044681: ['LEO58', 'LEO68']
LEO79: 37.38591100872114: ['LEO69', 'LEO77', 'LEO78', 'LEO79', 'LEO85', 'LEO86', 'LEO87', 'LEO88']
sum_con_loads:  319.49
max_con_loads:   56.17
avg_setup_time: 197.84
