******************************************************************************
METIS 5.0 Copyright 1998-13, Regents of the University of Minnesota
 (HEAD: , Built on: Dec 17 2022, 08:18:35)
 size of idx_t: 64bits, real_t: 32bits, idx_t *: 64bits

Graph Information -----------------------------------------------------------
 Name: MetisTopos/1434, #Vertices: 72, #Edges: 126, #Parts: 8

Options ---------------------------------------------------------------------
 ptype=kway, objtype=cut, ctype=shem, rtype=greedy, iptype=metisrb
 dbglvl=0, ufactor=3.400, no2hop=NO, minconn=NO, contig=NO, nooutput=NO
 seed=-1, niter=10, ncuts=1

Direct k-way Partitioning ---------------------------------------------------
 - Edgecut: 6019, communication volume: 57.

 - Balance:
     constraint #0:  3.372 out of 0.463

 - Most overweight partition:
     pid: 7, actual: 5100, desired: 1512, ratio: 3.37.

 - Subdomain connectivity: max: 4, min: 0, avg: 2.00

 - There are 0 non-contiguous partitions.
   Total components after removing the cut edges: 5,
   max components: 1 for pid: 2.

Timing Information ----------------------------------------------------------
  I/O:          		   0.001 sec
  Partitioning: 		   0.001 sec   (METIS time)
  Reporting:    		   0.000 sec

Memory Information ----------------------------------------------------------
  Max memory used:		   0.071 MB
******************************************************************************
LEO48: 25.436479791230305: ['LEO11', 'LEO17', 'LEO18', 'LEO19', 'LEO27', 'LEO28', 'LEO37', 'LEO38', 'LEO47', 'LEO48']
LEO51: 102.65551416358478: ['LEO12', 'LEO21', 'LEO22', 'LEO29', 'LEO31', 'LEO32', 'LEO39', 'LEO41', 'LEO42', 'LEO49', 'LEO51', 'LEO52', 'LEO58', 'LEO59', 'LEO61', 'LEO69', 'LEO71', 'LEO79', 'LEO81', 'LEO89']
LEO23: 35.26783570435408: ['LEO13', 'LEO14', 'LEO15', 'LEO16', 'LEO23', 'LEO24', 'LEO25', 'LEO26', 'LEO33', 'LEO34', 'LEO35', 'LEO36', 'LEO43', 'LEO44', 'LEO45', 'LEO46']
LEO72: 46.54105030303771: ['LEO53', 'LEO54', 'LEO55', 'LEO56', 'LEO57', 'LEO62', 'LEO63', 'LEO64', 'LEO65', 'LEO66', 'LEO67', 'LEO72', 'LEO73', 'LEO74', 'LEO75', 'LEO76', 'LEO82', 'LEO83', 'LEO84', 'LEO85', 'LEO86']
LEO78: 31.448604013773554: ['LEO68', 'LEO77', 'LEO78', 'LEO87', 'LEO88']
sum_con_loads:  241.35
max_con_loads:  102.66
avg_setup_time: 200.94
