******************************************************************************
METIS 5.0 Copyright 1998-13, Regents of the University of Minnesota
 (HEAD: , Built on: Dec 17 2022, 08:18:35)
 size of idx_t: 64bits, real_t: 32bits, idx_t *: 64bits

Graph Information -----------------------------------------------------------
 Name: MetisTopos/1434, #Vertices: 72, #Edges: 126, #Parts: 8

Options ---------------------------------------------------------------------
 ptype=kway, objtype=cut, ctype=shem, rtype=greedy, iptype=metisrb
 dbglvl=0, ufactor=1.300, no2hop=NO, minconn=NO, contig=YES, nooutput=NO
 seed=-1, niter=10, ncuts=1

Direct k-way Partitioning ---------------------------------------------------
 - Edgecut: 10102, communication volume: 81.

 - Balance:
     constraint #0:  1.256 out of 0.463

 - Most overweight partition:
     pid: 2, actual: 1900, desired: 1512, ratio: 1.26.

 - Subdomain connectivity: max: 7, min: 3, avg: 4.25

 - Each partition is contiguous.

Timing Information ----------------------------------------------------------
  I/O:          		   0.001 sec
  Partitioning: 		   0.001 sec   (METIS time)
  Reporting:    		   0.000 sec

Memory Information ----------------------------------------------------------
  Max memory used:		   0.070 MB
******************************************************************************
LEO48: 25.436479791230305: ['LEO11', 'LEO17', 'LEO18', 'LEO19', 'LEO27', 'LEO28', 'LEO37', 'LEO38', 'LEO47', 'LEO48']
LEO22: 33.905744646321985: ['LEO12', 'LEO13', 'LEO21', 'LEO22']
LEO33: 30.687965423679554: ['LEO14', 'LEO15', 'LEO16', 'LEO23', 'LEO24', 'LEO25', 'LEO26', 'LEO33', 'LEO34', 'LEO35', 'LEO36', 'LEO43', 'LEO44', 'LEO45', 'LEO46', 'LEO56', 'LEO66']
LEO41: 72.48767813841218: ['LEO29', 'LEO31', 'LEO32', 'LEO39', 'LEO41', 'LEO42', 'LEO49', 'LEO51', 'LEO52']
LEO61: 75.64357479440403: ['LEO53', 'LEO59', 'LEO61', 'LEO62', 'LEO63', 'LEO69', 'LEO71', 'LEO72', 'LEO73', 'LEO79']
LEO81: 26.24748230925737: ['LEO54', 'LEO55', 'LEO64', 'LEO65', 'LEO74', 'LEO75', 'LEO81', 'LEO82', 'LEO83', 'LEO84', 'LEO85', 'LEO89']
LEO58: 35.27601677378673: ['LEO57', 'LEO58', 'LEO67', 'LEO68']
LEO78: 23.249108502276215: ['LEO76', 'LEO77', 'LEO78', 'LEO86', 'LEO87', 'LEO88']
sum_con_loads:  322.93
max_con_loads:   75.64
avg_setup_time: 231.25
