******************************************************************************
METIS 5.0 Copyright 1998-13, Regents of the University of Minnesota
 (HEAD: , Built on: Dec 17 2022, 08:18:35)
 size of idx_t: 64bits, real_t: 32bits, idx_t *: 64bits

Graph Information -----------------------------------------------------------
 Name: MetisTopos/1434, #Vertices: 72, #Edges: 126, #Parts: 8

Options ---------------------------------------------------------------------
 ptype=kway, objtype=cut, ctype=shem, rtype=greedy, iptype=metisrb
 dbglvl=0, ufactor=1.400, no2hop=NO, minconn=NO, contig=NO, nooutput=NO
 seed=-1, niter=10, ncuts=1

Direct k-way Partitioning ---------------------------------------------------
 - Edgecut: 9225, communication volume: 73.

 - Balance:
     constraint #0:  1.388 out of 0.463

 - Most overweight partition:
     pid: 4, actual: 2100, desired: 1512, ratio: 1.39.

 - Subdomain connectivity: max: 7, min: 3, avg: 4.50

 - Each partition is contiguous.

Timing Information ----------------------------------------------------------
  I/O:          		   0.001 sec
  Partitioning: 		   0.001 sec   (METIS time)
  Reporting:    		   0.000 sec

Memory Information ----------------------------------------------------------
  Max memory used:		   0.070 MB
******************************************************************************
LEO39: 47.98852170696506: ['LEO11', 'LEO17', 'LEO18', 'LEO19', 'LEO27', 'LEO28', 'LEO29', 'LEO37', 'LEO38', 'LEO39', 'LEO47', 'LEO48', 'LEO49']
LEO22: 36.02812971208382: ['LEO12', 'LEO13', 'LEO21', 'LEO22', 'LEO23']
LEO33: 36.19949310238656: ['LEO14', 'LEO15', 'LEO16', 'LEO24', 'LEO25', 'LEO26', 'LEO33', 'LEO34', 'LEO35', 'LEO36', 'LEO43', 'LEO44', 'LEO45', 'LEO46', 'LEO53', 'LEO54', 'LEO55', 'LEO56', 'LEO62', 'LEO63', 'LEO64', 'LEO65', 'LEO66']
LEO51: 52.547485055567044: ['LEO31', 'LEO32', 'LEO41', 'LEO42', 'LEO51', 'LEO52', 'LEO61']
LEO58: 25.748622680194458: ['LEO57', 'LEO58']
LEO69: 48.947287874416446: ['LEO59', 'LEO67', 'LEO68', 'LEO69', 'LEO79']
LEO71: 34.82719314641356: ['LEO71', 'LEO72', 'LEO73', 'LEO74', 'LEO75', 'LEO81', 'LEO82', 'LEO83', 'LEO84', 'LEO89']
LEO78: 23.249108502276215: ['LEO76', 'LEO77', 'LEO78', 'LEO85', 'LEO86', 'LEO87', 'LEO88']
sum_con_loads:  305.54
max_con_loads:   52.55
avg_setup_time: 198.23
