******************************************************************************
METIS 5.0 Copyright 1998-13, Regents of the University of Minnesota
 (HEAD: , Built on: Dec 17 2022, 08:18:35)
 size of idx_t: 64bits, real_t: 32bits, idx_t *: 64bits

Graph Information -----------------------------------------------------------
 Name: MetisTopos/1434, #Vertices: 72, #Edges: 126, #Parts: 8

Options ---------------------------------------------------------------------
 ptype=kway, objtype=cut, ctype=shem, rtype=greedy, iptype=metisrb
 dbglvl=0, ufactor=1.500, no2hop=NO, minconn=NO, contig=NO, nooutput=NO
 seed=-1, niter=10, ncuts=1

Direct k-way Partitioning ---------------------------------------------------
 - Edgecut: 8740, communication volume: 78.

 - Balance:
     constraint #0:  1.322 out of 0.463

 - Most overweight partition:
     pid: 7, actual: 2000, desired: 1512, ratio: 1.32.

 - Subdomain connectivity: max: 7, min: 3, avg: 4.50

 - Each partition is contiguous.

Timing Information ----------------------------------------------------------
  I/O:          		   0.001 sec
  Partitioning: 		   0.002 sec   (METIS time)
  Reporting:    		   0.000 sec

Memory Information ----------------------------------------------------------
  Max memory used:		   0.070 MB
******************************************************************************
LEO49: 45.06844635766875: ['LEO11', 'LEO18', 'LEO19', 'LEO28', 'LEO29', 'LEO31', 'LEO38', 'LEO39', 'LEO48', 'LEO49']
LEO22: 36.02812971208382: ['LEO12', 'LEO13', 'LEO21', 'LEO22', 'LEO23']
LEO36: 32.087155890054966: ['LEO14', 'LEO15', 'LEO16', 'LEO17', 'LEO24', 'LEO25', 'LEO26', 'LEO27', 'LEO34', 'LEO35', 'LEO36', 'LEO37', 'LEO44', 'LEO45', 'LEO46', 'LEO47', 'LEO54', 'LEO55', 'LEO56', 'LEO57', 'LEO64', 'LEO65', 'LEO66', 'LEO67', 'LEO74']
LEO32: 33.64395611052937: ['LEO32', 'LEO33', 'LEO42', 'LEO43']
LEO61: 52.70175206840509: ['LEO41', 'LEO51', 'LEO61', 'LEO71', 'LEO81', 'LEO82', 'LEO83', 'LEO84', 'LEO89']
LEO62: 21.398487188366918: ['LEO52', 'LEO53', 'LEO62', 'LEO63', 'LEO72', 'LEO73']
LEO59: 51.574276789464555: ['LEO58', 'LEO59', 'LEO68', 'LEO69', 'LEO79']
LEO78: 23.249108502276215: ['LEO75', 'LEO76', 'LEO77', 'LEO78', 'LEO85', 'LEO86', 'LEO87', 'LEO88']
sum_con_loads:  295.75
max_con_loads:   52.70
avg_setup_time: 187.15
