******************************************************************************
METIS 5.0 Copyright 1998-13, Regents of the University of Minnesota
 (HEAD: , Built on: Dec 17 2022, 08:18:35)
 size of idx_t: 64bits, real_t: 32bits, idx_t *: 64bits

Graph Information -----------------------------------------------------------
 Name: MetisTopos/1434, #Vertices: 72, #Edges: 126, #Parts: 8

Options ---------------------------------------------------------------------
 ptype=kway, objtype=cut, ctype=shem, rtype=greedy, iptype=metisrb
 dbglvl=0, ufactor=1.600, no2hop=NO, minconn=NO, contig=NO, nooutput=NO
 seed=-1, niter=10, ncuts=1

Direct k-way Partitioning ---------------------------------------------------
 - Edgecut: 8892, communication volume: 79.

 - Balance:
     constraint #0:  1.587 out of 0.463

 - Most overweight partition:
     pid: 6, actual: 2400, desired: 1512, ratio: 1.59.

 - Subdomain connectivity: max: 6, min: 3, avg: 4.25

 - Each partition is contiguous.

Timing Information ----------------------------------------------------------
  I/O:          		   0.001 sec
  Partitioning: 		   0.002 sec   (METIS time)
  Reporting:    		   0.000 sec

Memory Information ----------------------------------------------------------
  Max memory used:		   0.069 MB
******************************************************************************
LEO49: 56.170305922972084: ['LEO11', 'LEO18', 'LEO19', 'LEO28', 'LEO29', 'LEO31', 'LEO38', 'LEO39', 'LEO48', 'LEO49', 'LEO59']
LEO22: 48.87056567666027: ['LEO12', 'LEO13', 'LEO21', 'LEO22', 'LEO32']
LEO36: 23.623717569433424: ['LEO14', 'LEO15', 'LEO16', 'LEO17', 'LEO25', 'LEO26', 'LEO27', 'LEO35', 'LEO36', 'LEO37', 'LEO45', 'LEO46', 'LEO47', 'LEO55', 'LEO56', 'LEO66', 'LEO75', 'LEO76', 'LEO86']
LEO33: 22.65267754536486: ['LEO23', 'LEO24', 'LEO33', 'LEO34', 'LEO43', 'LEO44']
LEO61: 69.79670064630322: ['LEO41', 'LEO42', 'LEO51', 'LEO52', 'LEO61', 'LEO62', 'LEO69', 'LEO71', 'LEO79', 'LEO81', 'LEO89']
LEO82: 21.7978065412955: ['LEO53', 'LEO54', 'LEO63', 'LEO64', 'LEO65', 'LEO72', 'LEO73', 'LEO74', 'LEO82', 'LEO83', 'LEO84', 'LEO85']
LEO58: 35.27601677378673: ['LEO57', 'LEO58', 'LEO67', 'LEO68']
LEO78: 20.557992035196644: ['LEO77', 'LEO78', 'LEO87', 'LEO88']
sum_con_loads:  298.75
max_con_loads:   69.80
avg_setup_time: 195.99
