******************************************************************************
METIS 5.0 Copyright 1998-13, Regents of the University of Minnesota
 (HEAD: , Built on: Dec 17 2022, 08:18:35)
 size of idx_t: 64bits, real_t: 32bits, idx_t *: 64bits

Graph Information -----------------------------------------------------------
 Name: MetisTopos/1434, #Vertices: 72, #Edges: 126, #Parts: 8

Options ---------------------------------------------------------------------
 ptype=kway, objtype=cut, ctype=shem, rtype=greedy, iptype=metisrb
 dbglvl=0, ufactor=1.700, no2hop=NO, minconn=NO, contig=NO, nooutput=NO
 seed=-1, niter=10, ncuts=1

Direct k-way Partitioning ---------------------------------------------------
 - Edgecut: 9212, communication volume: 77.

 - Balance:
     constraint #0:  1.521 out of 0.463

 - Most overweight partition:
     pid: 6, actual: 2300, desired: 1512, ratio: 1.52.

 - Subdomain connectivity: max: 6, min: 3, avg: 4.50

 - Each partition is contiguous.

Timing Information ----------------------------------------------------------
  I/O:          		   0.001 sec
  Partitioning: 		   0.001 sec   (METIS time)
  Reporting:    		   0.000 sec

Memory Information ----------------------------------------------------------
  Max memory used:		   0.070 MB
******************************************************************************
LEO49: 59.09038127226839: ['LEO11', 'LEO17', 'LEO18', 'LEO19', 'LEO27', 'LEO28', 'LEO29', 'LEO37', 'LEO38', 'LEO39', 'LEO47', 'LEO48', 'LEO49', 'LEO59']
LEO22: 39.056861618627394: ['LEO12', 'LEO13', 'LEO14', 'LEO21', 'LEO22', 'LEO23', 'LEO24']
LEO78: 28.831136540114638: ['LEO15', 'LEO16', 'LEO25', 'LEO26', 'LEO35', 'LEO36', 'LEO46', 'LEO55', 'LEO56', 'LEO65', 'LEO66', 'LEO67', 'LEO75', 'LEO76', 'LEO77', 'LEO78', 'LEO85', 'LEO86', 'LEO87', 'LEO88']
LEO32: 35.08541689631909: ['LEO31', 'LEO32', 'LEO33', 'LEO34']
LEO51: 46.53846553366838: ['LEO41', 'LEO42', 'LEO51', 'LEO52', 'LEO61', 'LEO62']
LEO71: 35.03090704576641: ['LEO43', 'LEO44', 'LEO45', 'LEO53', 'LEO54', 'LEO63', 'LEO64', 'LEO71', 'LEO72', 'LEO73', 'LEO74', 'LEO81', 'LEO82', 'LEO83', 'LEO84', 'LEO89']
LEO58: 25.748622680194458: ['LEO57', 'LEO58']
LEO69: 35.882285706070505: ['LEO68', 'LEO69', 'LEO79']
sum_con_loads:  305.26
max_con_loads:   59.09
avg_setup_time: 187.69
