******************************************************************************
METIS 5.0 Copyright 1998-13, Regents of the University of Minnesota
 (HEAD: , Built on: Dec 17 2022, 08:18:35)
 size of idx_t: 64bits, real_t: 32bits, idx_t *: 64bits

Graph Information -----------------------------------------------------------
 Name: MetisTopos/1434, #Vertices: 72, #Edges: 126, #Parts: 8

Options ---------------------------------------------------------------------
 ptype=kway, objtype=cut, ctype=shem, rtype=greedy, iptype=metisrb
 dbglvl=0, ufactor=1.800, no2hop=NO, minconn=NO, contig=YES, nooutput=NO
 seed=-1, niter=10, ncuts=1

Direct k-way Partitioning ---------------------------------------------------
 - Edgecut: 9518, communication volume: 82.

 - Balance:
     constraint #0:  1.719 out of 0.463

 - Most overweight partition:
     pid: 4, actual: 2600, desired: 1512, ratio: 1.72.

 - Subdomain connectivity: max: 5, min: 2, avg: 4.25

 - Each partition is contiguous.

Timing Information ----------------------------------------------------------
  I/O:          		   0.001 sec
  Partitioning: 		   0.002 sec   (METIS time)
  Reporting:    		   0.000 sec

Memory Information ----------------------------------------------------------
  Max memory used:		   0.069 MB
******************************************************************************
LEO22: 45.46974166646012: ['LEO11', 'LEO18', 'LEO19', 'LEO21', 'LEO22', 'LEO23', 'LEO28', 'LEO29']
LEO12: 20.318556973549963: ['LEO12', 'LEO13']
LEO34: 23.30824766118452: ['LEO14', 'LEO24', 'LEO33', 'LEO34', 'LEO43', 'LEO44', 'LEO45', 'LEO53', 'LEO54', 'LEO63']
LEO56: 26.97501396998952: ['LEO15', 'LEO16', 'LEO17', 'LEO25', 'LEO26', 'LEO27', 'LEO35', 'LEO36', 'LEO37', 'LEO46', 'LEO55', 'LEO56', 'LEO64', 'LEO65', 'LEO66', 'LEO67', 'LEO74', 'LEO75', 'LEO76', 'LEO77', 'LEO85', 'LEO86', 'LEO87']
LEO42: 38.67443707229389: ['LEO31', 'LEO32', 'LEO42', 'LEO52', 'LEO62']
LEO49: 61.17950283720745: ['LEO38', 'LEO39', 'LEO47', 'LEO48', 'LEO49', 'LEO57', 'LEO58', 'LEO59']
LEO61: 58.53107314517714: ['LEO41', 'LEO51', 'LEO61', 'LEO71', 'LEO72', 'LEO73', 'LEO81', 'LEO82', 'LEO83', 'LEO84', 'LEO88', 'LEO89']
LEO69: 36.97484116146761: ['LEO68', 'LEO69', 'LEO78', 'LEO79']
sum_con_loads:  311.43
max_con_loads:   61.18
avg_setup_time: 210.70
