******************************************************************************
METIS 5.0 Copyright 1998-13, Regents of the University of Minnesota
 (HEAD: , Built on: Dec 17 2022, 08:18:35)
 size of idx_t: 64bits, real_t: 32bits, idx_t *: 64bits

Graph Information -----------------------------------------------------------
 Name: MetisTopos/1833, #Vertices: 72, #Edges: 128, #Parts: 8

Options ---------------------------------------------------------------------
 ptype=kway, objtype=cut, ctype=shem, rtype=greedy, iptype=metisrb
 dbglvl=0, ufactor=1.100, no2hop=NO, minconn=NO, contig=YES, nooutput=NO
 seed=-1, niter=10, ncuts=1

Direct k-way Partitioning ---------------------------------------------------
 - Edgecut: 11460, communication volume: 90.

 - Balance:
     constraint #0:  1.071 out of 0.571

 - Most overweight partition:
     pid: 2, actual: 1500, desired: 1400, ratio: 1.07.

 - Subdomain connectivity: max: 7, min: 2, avg: 4.25

 - Each partition is contiguous.

Timing Information ----------------------------------------------------------
  I/O:          		   0.001 sec
  Partitioning: 		   0.002 sec   (METIS time)
  Reporting:    		   0.000 sec

Memory Information ----------------------------------------------------------
  Max memory used:		   0.070 MB
******************************************************************************
LEO12: 34.50444820831513: ['LEO11', 'LEO12', 'LEO22']
LEO36: 30.872176612792238: ['LEO13', 'LEO14', 'LEO15', 'LEO23', 'LEO24', 'LEO34', 'LEO35', 'LEO36', 'LEO37']
LEO29: 57.50746288439849: ['LEO16', 'LEO17', 'LEO18', 'LEO19', 'LEO21', 'LEO25', 'LEO26', 'LEO27', 'LEO28', 'LEO29', 'LEO38', 'LEO39']
LEO31: 48.10926880757971: ['LEO31', 'LEO32', 'LEO33', 'LEO41', 'LEO51', 'LEO61', 'LEO69']
LEO71: 37.247074652990804: ['LEO42', 'LEO52', 'LEO55', 'LEO62', 'LEO65', 'LEO71', 'LEO72', 'LEO74', 'LEO75', 'LEO79', 'LEO81', 'LEO82', 'LEO83', 'LEO84', 'LEO85', 'LEO86', 'LEO87', 'LEO89']
LEO78: 48.284456276310856: ['LEO43', 'LEO44', 'LEO45', 'LEO46', 'LEO53', 'LEO54', 'LEO56', 'LEO63', 'LEO64', 'LEO66', 'LEO73', 'LEO76', 'LEO77', 'LEO78', 'LEO88']
LEO48: 40.161801420225494: ['LEO47', 'LEO48', 'LEO49', 'LEO57']
LEO58: 44.4148997133821: ['LEO58', 'LEO59', 'LEO67', 'LEO68']
sum_con_loads:  341.10
max_con_loads:   57.51
avg_setup_time: 247.80
