******************************************************************************
METIS 5.0 Copyright 1998-13, Regents of the University of Minnesota
 (HEAD: , Built on: Dec 17 2022, 08:18:35)
 size of idx_t: 64bits, real_t: 32bits, idx_t *: 64bits

Graph Information -----------------------------------------------------------
 Name: MetisTopos/1833, #Vertices: 72, #Edges: 128, #Parts: 8

Options ---------------------------------------------------------------------
 ptype=kway, objtype=cut, ctype=shem, rtype=greedy, iptype=metisrb
 dbglvl=0, ufactor=2.200, no2hop=NO, minconn=NO, contig=YES, nooutput=NO
 seed=-1, niter=10, ncuts=1

Direct k-way Partitioning ---------------------------------------------------
 - Edgecut: 6870, communication volume: 70.

 - Balance:
     constraint #0:  1.786 out of 0.571

 - Most overweight partition:
     pid: 5, actual: 2500, desired: 1400, ratio: 1.79.

 - Subdomain connectivity: max: 6, min: 0, avg: 3.75

 - There are 0 non-contiguous partitions.
   Total components after removing the cut edges: 7,
   max components: 1 for pid: 1.

Timing Information ----------------------------------------------------------
  I/O:          		   0.001 sec
  Partitioning: 		   0.002 sec   (METIS time)
  Reporting:    		   0.000 sec

Memory Information ----------------------------------------------------------
  Max memory used:		   0.070 MB
******************************************************************************
LEO21: 40.45782138663902: ['LEO11', 'LEO12', 'LEO13', 'LEO14', 'LEO21', 'LEO22', 'LEO23']
LEO28: 16.25988278984935: ['LEO15', 'LEO16', 'LEO17', 'LEO18', 'LEO25', 'LEO26', 'LEO27', 'LEO28', 'LEO36']
LEO38: 53.50378224374623: ['LEO19', 'LEO29', 'LEO37', 'LEO38', 'LEO39', 'LEO47', 'LEO48', 'LEO49']
LEO75: 20.04559753759788: ['LEO24', 'LEO34', 'LEO35', 'LEO43', 'LEO44', 'LEO45', 'LEO46', 'LEO53', 'LEO54', 'LEO55', 'LEO56', 'LEO63', 'LEO64', 'LEO65', 'LEO66', 'LEO73', 'LEO74', 'LEO75', 'LEO76', 'LEO77', 'LEO84', 'LEO85', 'LEO86', 'LEO87']
LEO51: 57.12612758326555: ['LEO31', 'LEO41', 'LEO42', 'LEO51', 'LEO52', 'LEO59', 'LEO61', 'LEO62', 'LEO69', 'LEO71', 'LEO72', 'LEO79', 'LEO81', 'LEO82', 'LEO83', 'LEO89']
LEO33: 10.65728732757799: ['LEO32', 'LEO33']
LEO68: 51.238292745983735: ['LEO57', 'LEO58', 'LEO67', 'LEO68', 'LEO78', 'LEO88']
sum_con_loads:  249.29
max_con_loads:   57.13
avg_setup_time: 199.57
