******************************************************************************
METIS 5.0 Copyright 1998-13, Regents of the University of Minnesota
 (HEAD: , Built on: Dec 17 2022, 08:18:35)
 size of idx_t: 64bits, real_t: 32bits, idx_t *: 64bits

Graph Information -----------------------------------------------------------
 Name: MetisTopos/1833, #Vertices: 72, #Edges: 128, #Parts: 8

Options ---------------------------------------------------------------------
 ptype=kway, objtype=cut, ctype=shem, rtype=greedy, iptype=metisrb
 dbglvl=0, ufactor=2.200, no2hop=NO, minconn=NO, contig=NO, nooutput=NO
 seed=-1, niter=10, ncuts=1

Direct k-way Partitioning ---------------------------------------------------
 - Edgecut: 7281, communication volume: 76.

 - Balance:
     constraint #0:  2.143 out of 0.571

 - Most overweight partition:
     pid: 7, actual: 3000, desired: 1400, ratio: 2.14.

 - Subdomain connectivity: max: 6, min: 0, avg: 3.75

 - There are 0 non-contiguous partitions.
   Total components after removing the cut edges: 7,
   max components: 1 for pid: 1.

Timing Information ----------------------------------------------------------
  I/O:          		   0.001 sec
  Partitioning: 		   0.002 sec   (METIS time)
  Reporting:    		   0.000 sec

Memory Information ----------------------------------------------------------
  Max memory used:		   0.070 MB
******************************************************************************
LEO21: 40.45782138663901: ['LEO11', 'LEO12', 'LEO13', 'LEO14', 'LEO21', 'LEO22']
LEO28: 16.25988278984935: ['LEO15', 'LEO16', 'LEO17', 'LEO18', 'LEO25', 'LEO26', 'LEO27', 'LEO28', 'LEO36']
LEO38: 45.0577758504021: ['LEO19', 'LEO29', 'LEO37', 'LEO38', 'LEO39', 'LEO46', 'LEO47']
LEO34: 23.237812326194387: ['LEO23', 'LEO24', 'LEO33', 'LEO34', 'LEO35', 'LEO43', 'LEO44', 'LEO45', 'LEO53', 'LEO54', 'LEO55', 'LEO63', 'LEO64', 'LEO65', 'LEO72', 'LEO73', 'LEO74']
LEO51: 56.98230234126659: ['LEO31', 'LEO32', 'LEO41', 'LEO42', 'LEO51', 'LEO52', 'LEO59', 'LEO61', 'LEO62', 'LEO69', 'LEO71', 'LEO79', 'LEO81', 'LEO82', 'LEO83', 'LEO89']
LEO58: 61.324952457525555: ['LEO48', 'LEO49', 'LEO56', 'LEO57', 'LEO58', 'LEO66', 'LEO67', 'LEO68', 'LEO78']
LEO77: 14.34220631437471: ['LEO75', 'LEO76', 'LEO77', 'LEO84', 'LEO85', 'LEO86', 'LEO87', 'LEO88']
sum_con_loads:  257.66
max_con_loads:   61.32
avg_setup_time: 209.71
