******************************************************************************
METIS 5.0 Copyright 1998-13, Regents of the University of Minnesota
 (HEAD: , Built on: Dec 17 2022, 08:18:35)
 size of idx_t: 64bits, real_t: 32bits, idx_t *: 64bits

Graph Information -----------------------------------------------------------
 Name: MetisTopos/1833, #Vertices: 72, #Edges: 128, #Parts: 8

Options ---------------------------------------------------------------------
 ptype=kway, objtype=cut, ctype=shem, rtype=greedy, iptype=metisrb
 dbglvl=0, ufactor=2.400, no2hop=NO, minconn=NO, contig=NO, nooutput=NO
 seed=-1, niter=10, ncuts=1

Direct k-way Partitioning ---------------------------------------------------
 - Edgecut: 7059, communication volume: 67.

 - Balance:
     constraint #0:  2.357 out of 0.571

 - Most overweight partition:
     pid: 5, actual: 3300, desired: 1400, ratio: 2.36.

 - Subdomain connectivity: max: 5, min: 0, avg: 2.50

 - There are 0 non-contiguous partitions.
   Total components after removing the cut edges: 6,
   max components: 1 for pid: 1.

Timing Information ----------------------------------------------------------
  I/O:          		   0.001 sec
  Partitioning: 		   0.001 sec   (METIS time)
  Reporting:    		   0.000 sec

Memory Information ----------------------------------------------------------
  Max memory used:		   0.070 MB
******************************************************************************
LEO21: 57.32816224372428: ['LEO11', 'LEO12', 'LEO13', 'LEO14', 'LEO15', 'LEO16', 'LEO17', 'LEO18', 'LEO19', 'LEO21', 'LEO22', 'LEO23', 'LEO28', 'LEO29']
LEO37: 23.6754550445539: ['LEO24', 'LEO25', 'LEO26', 'LEO27', 'LEO34', 'LEO35', 'LEO36', 'LEO37']
LEO48: 90.14847637555344: ['LEO31', 'LEO32', 'LEO33', 'LEO38', 'LEO39', 'LEO41', 'LEO42', 'LEO48', 'LEO49', 'LEO51', 'LEO52', 'LEO58', 'LEO59', 'LEO68', 'LEO78', 'LEO79']
LEO67: 35.6361538764694: ['LEO43', 'LEO44', 'LEO45', 'LEO46', 'LEO47', 'LEO53', 'LEO54', 'LEO55', 'LEO56', 'LEO57', 'LEO63', 'LEO64', 'LEO65', 'LEO66', 'LEO67', 'LEO73', 'LEO74', 'LEO75', 'LEO76', 'LEO77', 'LEO85', 'LEO86', 'LEO87']
LEO61: 27.138068963088255: ['LEO61', 'LEO62', 'LEO69', 'LEO71', 'LEO72', 'LEO82', 'LEO83', 'LEO84']
LEO81: 19.49538516991145: ['LEO81', 'LEO88', 'LEO89']
sum_con_loads:  253.42
max_con_loads:   90.15
avg_setup_time: 288.66
