******************************************************************************
METIS 5.0 Copyright 1998-13, Regents of the University of Minnesota
 (HEAD: , Built on: Dec 17 2022, 08:18:35)
 size of idx_t: 64bits, real_t: 32bits, idx_t *: 64bits

Graph Information -----------------------------------------------------------
 Name: MetisTopos/1833, #Vertices: 72, #Edges: 128, #Parts: 8

Options ---------------------------------------------------------------------
 ptype=kway, objtype=cut, ctype=shem, rtype=greedy, iptype=metisrb
 dbglvl=0, ufactor=1.200, no2hop=NO, minconn=NO, contig=YES, nooutput=NO
 seed=-1, niter=10, ncuts=1

Direct k-way Partitioning ---------------------------------------------------
 - Edgecut: 9228, communication volume: 75.

 - Balance:
     constraint #0:  1.143 out of 0.571

 - Most overweight partition:
     pid: 4, actual: 1600, desired: 1400, ratio: 1.14.

 - Subdomain connectivity: max: 7, min: 2, avg: 4.00

 - Each partition is contiguous.

Timing Information ----------------------------------------------------------
  I/O:          		   0.001 sec
  Partitioning: 		   0.002 sec   (METIS time)
  Reporting:    		   0.000 sec

Memory Information ----------------------------------------------------------
  Max memory used:		   0.070 MB
******************************************************************************
LEO11: 30.34107888447252: ['LEO11', 'LEO12', 'LEO13', 'LEO19']
LEO22: 31.90812548286611: ['LEO14', 'LEO15', 'LEO16', 'LEO17', 'LEO18', 'LEO22', 'LEO23', 'LEO24', 'LEO25', 'LEO26', 'LEO27', 'LEO32', 'LEO33', 'LEO34', 'LEO35', 'LEO36']
LEO31: 48.35546717949187: ['LEO21', 'LEO31', 'LEO41', 'LEO51', 'LEO61', 'LEO69']
LEO38: 38.454698345429726: ['LEO28', 'LEO29', 'LEO37', 'LEO38', 'LEO39']
LEO78: 37.20520877861184: ['LEO42', 'LEO43', 'LEO44', 'LEO45', 'LEO46', 'LEO52', 'LEO53', 'LEO54', 'LEO55', 'LEO56', 'LEO62', 'LEO63', 'LEO64', 'LEO65', 'LEO66', 'LEO73', 'LEO74', 'LEO75', 'LEO76', 'LEO77', 'LEO78', 'LEO85', 'LEO86', 'LEO87', 'LEO88']
LEO48: 40.161801420225494: ['LEO47', 'LEO48', 'LEO49', 'LEO57']
LEO58: 44.4148997133821: ['LEO58', 'LEO59', 'LEO67', 'LEO68']
LEO71: 25.928910157650623: ['LEO71', 'LEO72', 'LEO79', 'LEO81', 'LEO82', 'LEO83', 'LEO84', 'LEO89']
sum_con_loads:  296.77
max_con_loads:   48.36
avg_setup_time: 200.42
