******************************************************************************
METIS 5.0 Copyright 1998-13, Regents of the University of Minnesota
 (HEAD: , Built on: Dec 17 2022, 08:18:35)
 size of idx_t: 64bits, real_t: 32bits, idx_t *: 64bits

Graph Information -----------------------------------------------------------
 Name: MetisTopos/1833, #Vertices: 72, #Edges: 128, #Parts: 8

Options ---------------------------------------------------------------------
 ptype=kway, objtype=cut, ctype=shem, rtype=greedy, iptype=metisrb
 dbglvl=0, ufactor=1.300, no2hop=NO, minconn=NO, contig=NO, nooutput=NO
 seed=-1, niter=10, ncuts=1

Direct k-way Partitioning ---------------------------------------------------
 - Edgecut: 8822, communication volume: 67.

 - Balance:
     constraint #0:  1.286 out of 0.571

 - Most overweight partition:
     pid: 1, actual: 1800, desired: 1400, ratio: 1.29.

 - Subdomain connectivity: max: 6, min: 0, avg: 3.75

 - There are 0 non-contiguous partitions.
   Total components after removing the cut edges: 7,
   max components: 1 for pid: 0.

Timing Information ----------------------------------------------------------
  I/O:          		   0.001 sec
  Partitioning: 		   0.002 sec   (METIS time)
  Reporting:    		   0.000 sec

Memory Information ----------------------------------------------------------
  Max memory used:		   0.070 MB
******************************************************************************
LEO11: 44.08618180954629: ['LEO11', 'LEO12', 'LEO13', 'LEO19', 'LEO21']
LEO64: 30.392473401133266: ['LEO14', 'LEO15', 'LEO16', 'LEO17', 'LEO18', 'LEO23', 'LEO24', 'LEO25', 'LEO26', 'LEO33', 'LEO34', 'LEO35', 'LEO36', 'LEO42', 'LEO43', 'LEO44', 'LEO45', 'LEO46', 'LEO52', 'LEO53', 'LEO54', 'LEO55', 'LEO56', 'LEO62', 'LEO63', 'LEO64', 'LEO65', 'LEO66', 'LEO72', 'LEO73', 'LEO74', 'LEO75', 'LEO76', 'LEO84', 'LEO85', 'LEO86']
LEO31: 58.407156710646376: ['LEO22', 'LEO31', 'LEO32', 'LEO41', 'LEO51', 'LEO59', 'LEO61', 'LEO69']
LEO38: 38.454698345429726: ['LEO27', 'LEO28', 'LEO29', 'LEO37', 'LEO38', 'LEO39']
LEO48: 32.87850470014579: ['LEO47', 'LEO48', 'LEO49']
LEO58: 46.42032485276934: ['LEO57', 'LEO58', 'LEO67', 'LEO68']
LEO78: 37.84931591310739: ['LEO71', 'LEO77', 'LEO78', 'LEO79', 'LEO81', 'LEO82', 'LEO83', 'LEO87', 'LEO88', 'LEO89']
sum_con_loads:  288.49
max_con_loads:   58.41
avg_setup_time: 206.64
