******************************************************************************
METIS 5.0 Copyright 1998-13, Regents of the University of Minnesota
 (HEAD: , Built on: Dec 17 2022, 08:18:35)
 size of idx_t: 64bits, real_t: 32bits, idx_t *: 64bits

Graph Information -----------------------------------------------------------
 Name: MetisTopos/1833, #Vertices: 72, #Edges: 128, #Parts: 8

Options ---------------------------------------------------------------------
 ptype=kway, objtype=cut, ctype=shem, rtype=greedy, iptype=metisrb
 dbglvl=0, ufactor=1.500, no2hop=NO, minconn=NO, contig=NO, nooutput=NO
 seed=-1, niter=10, ncuts=1

Direct k-way Partitioning ---------------------------------------------------
 - Edgecut: 9438, communication volume: 72.

 - Balance:
     constraint #0:  1.429 out of 0.571

 - Most overweight partition:
     pid: 7, actual: 2000, desired: 1400, ratio: 1.43.

 - Subdomain connectivity: max: 6, min: 2, avg: 4.00

 - Each partition is contiguous.

Timing Information ----------------------------------------------------------
  I/O:          		   0.001 sec
  Partitioning: 		   0.002 sec   (METIS time)
  Reporting:    		   0.000 sec

Memory Information ----------------------------------------------------------
  Max memory used:		   0.070 MB
******************************************************************************
LEO21: 38.75502768384531: ['LEO11', 'LEO12', 'LEO13', 'LEO21']
LEO37: 36.094456114793935: ['LEO14', 'LEO15', 'LEO16', 'LEO17', 'LEO24', 'LEO25', 'LEO26', 'LEO27', 'LEO34', 'LEO35', 'LEO36', 'LEO37', 'LEO38']
LEO29: 28.751217619827756: ['LEO18', 'LEO19', 'LEO28', 'LEO29', 'LEO39']
LEO22: 23.847468889927946: ['LEO22', 'LEO23', 'LEO32', 'LEO33']
LEO51: 71.07146013377687: ['LEO31', 'LEO41', 'LEO51', 'LEO58', 'LEO59', 'LEO61', 'LEO68', 'LEO69']
LEO66: 29.863954940899127: ['LEO42', 'LEO43', 'LEO44', 'LEO45', 'LEO46', 'LEO52', 'LEO53', 'LEO54', 'LEO55', 'LEO56', 'LEO57', 'LEO62', 'LEO63', 'LEO64', 'LEO65', 'LEO66', 'LEO67', 'LEO73', 'LEO74', 'LEO75', 'LEO76', 'LEO84', 'LEO85', 'LEO86']
LEO48: 32.87850470014579: ['LEO47', 'LEO48', 'LEO49']
LEO79: 39.40105399650971: ['LEO71', 'LEO72', 'LEO77', 'LEO78', 'LEO79', 'LEO81', 'LEO82', 'LEO83', 'LEO87', 'LEO88', 'LEO89']
sum_con_loads:  300.66
max_con_loads:   71.07
avg_setup_time: 222.13
