******************************************************************************
METIS 5.0 Copyright 1998-13, Regents of the University of Minnesota
 (HEAD: , Built on: Dec 17 2022, 08:18:35)
 size of idx_t: 64bits, real_t: 32bits, idx_t *: 64bits

Graph Information -----------------------------------------------------------
 Name: MetisTopos/1833, #Vertices: 72, #Edges: 128, #Parts: 8

Options ---------------------------------------------------------------------
 ptype=kway, objtype=cut, ctype=shem, rtype=greedy, iptype=metisrb
 dbglvl=0, ufactor=1.700, no2hop=NO, minconn=NO, contig=YES, nooutput=NO
 seed=-1, niter=10, ncuts=1

Direct k-way Partitioning ---------------------------------------------------
 - Edgecut: 7977, communication volume: 73.

 - Balance:
     constraint #0:  1.571 out of 0.571

 - Most overweight partition:
     pid: 7, actual: 2200, desired: 1400, ratio: 1.57.

 - Subdomain connectivity: max: 7, min: 3, avg: 4.50

 - Each partition is contiguous.

Timing Information ----------------------------------------------------------
  I/O:          		   0.001 sec
  Partitioning: 		   0.002 sec   (METIS time)
  Reporting:    		   0.000 sec

Memory Information ----------------------------------------------------------
  Max memory used:		   0.071 MB
******************************************************************************
LEO11: 25.00992475877154: ['LEO11', 'LEO12', 'LEO13']
LEO36: 29.18568795854228: ['LEO14', 'LEO15', 'LEO16', 'LEO17', 'LEO23', 'LEO24', 'LEO25', 'LEO26', 'LEO27', 'LEO33', 'LEO34', 'LEO35', 'LEO36', 'LEO37']
LEO38: 34.974502856042776: ['LEO18', 'LEO19', 'LEO28', 'LEO29', 'LEO38', 'LEO39']
LEO31: 51.996880131030856: ['LEO21', 'LEO22', 'LEO31', 'LEO32', 'LEO41', 'LEO51', 'LEO59', 'LEO61', 'LEO69']
LEO76: 22.191932999992677: ['LEO42', 'LEO43', 'LEO44', 'LEO45', 'LEO46', 'LEO52', 'LEO53', 'LEO54', 'LEO55', 'LEO56', 'LEO62', 'LEO63', 'LEO64', 'LEO65', 'LEO66', 'LEO73', 'LEO74', 'LEO75', 'LEO76', 'LEO77', 'LEO85', 'LEO86', 'LEO87', 'LEO88']
LEO48: 32.87850470014579: ['LEO47', 'LEO48', 'LEO49']
LEO58: 49.35948373321262: ['LEO57', 'LEO58', 'LEO67', 'LEO68', 'LEO78']
LEO71: 25.928910157650623: ['LEO71', 'LEO72', 'LEO79', 'LEO81', 'LEO82', 'LEO83', 'LEO84', 'LEO89']
sum_con_loads:  271.53
max_con_loads:   52.00
avg_setup_time: 193.25
