******************************************************************************
METIS 5.0 Copyright 1998-13, Regents of the University of Minnesota
 (HEAD: , Built on: Dec 17 2022, 08:18:35)
 size of idx_t: 64bits, real_t: 32bits, idx_t *: 64bits

Graph Information -----------------------------------------------------------
 Name: MetisTopos/1833, #Vertices: 72, #Edges: 128, #Parts: 8

Options ---------------------------------------------------------------------
 ptype=kway, objtype=cut, ctype=shem, rtype=greedy, iptype=metisrb
 dbglvl=0, ufactor=1.800, no2hop=NO, minconn=NO, contig=YES, nooutput=NO
 seed=-1, niter=10, ncuts=1

Direct k-way Partitioning ---------------------------------------------------
 - Edgecut: 8791, communication volume: 72.

 - Balance:
     constraint #0:  1.786 out of 0.571

 - Most overweight partition:
     pid: 2, actual: 2500, desired: 1400, ratio: 1.79.

 - Subdomain connectivity: max: 5, min: 2, avg: 4.00

 - Each partition is contiguous.

Timing Information ----------------------------------------------------------
  I/O:          		   0.001 sec
  Partitioning: 		   0.002 sec   (METIS time)
  Reporting:    		   0.000 sec

Memory Information ----------------------------------------------------------
  Max memory used:		   0.070 MB
******************************************************************************
LEO21: 45.87135790378523: ['LEO11', 'LEO21', 'LEO22', 'LEO23', 'LEO32', 'LEO33']
LEO12: 17.647896627867475: ['LEO12', 'LEO13']
LEO37: 23.6754550445539: ['LEO14', 'LEO15', 'LEO16', 'LEO17', 'LEO24', 'LEO25', 'LEO26', 'LEO27', 'LEO34', 'LEO35', 'LEO36', 'LEO37']
LEO38: 34.974502856042776: ['LEO18', 'LEO19', 'LEO28', 'LEO29', 'LEO38', 'LEO39']
LEO58: 74.66938270647437: ['LEO31', 'LEO41', 'LEO51', 'LEO58', 'LEO59', 'LEO61', 'LEO68', 'LEO69', 'LEO77', 'LEO78']
LEO66: 29.863954940899127: ['LEO42', 'LEO43', 'LEO44', 'LEO45', 'LEO46', 'LEO52', 'LEO53', 'LEO54', 'LEO55', 'LEO56', 'LEO57', 'LEO62', 'LEO63', 'LEO64', 'LEO65', 'LEO66', 'LEO67', 'LEO73', 'LEO74', 'LEO75', 'LEO76', 'LEO84', 'LEO85', 'LEO86', 'LEO87']
LEO48: 32.87850470014579: ['LEO47', 'LEO48', 'LEO49']
LEO71: 28.103024332707953: ['LEO71', 'LEO72', 'LEO79', 'LEO81', 'LEO82', 'LEO83', 'LEO88', 'LEO89']
sum_con_loads:  287.68
max_con_loads:   74.67
avg_setup_time: 223.17
