0.02 , iter--1, SumLoad: 397.7519, MaxCon: LEO51, Load: 73.1229 
0.04 , iter--2, SumLoad: 366.3347, MaxCon: LEO61, Load: 72.3151 
0.06 , iter--3, SumLoad: 349.5070, MaxCon: LEO62, Load: 74.8472 
0.08 , iter--4, SumLoad: 353.3126, MaxCon: LEO21, Load: 71.9553 
0.10 , iter--5, SumLoad: 348.8343, MaxCon: LEO51, Load: 60.9132 
0.12 , iter--6, SumLoad: 346.6339, MaxCon: LEO22, Load: 60.8970 
0.15 , iter--7, SumLoad: 344.7994, MaxCon: LEO22, Load: 60.7590 
0.18 , iter--8, SumLoad: 343.2640, MaxCon: LEO31, Load: 60.0119 
0.20 , iter--9, SumLoad: 334.0220, MaxCon: LEO22, Load: 59.9412 
0.23 , iter-10, SumLoad: 333.3293, MaxCon: LEO51, Load: 59.9015 
0.25 , iter-11, SumLoad: 331.0042, MaxCon: LEO22, Load: 59.5948 
0.29 , iter-12, SumLoad: 331.0042, MaxCon: LEO22, Load: 59.5948 
LEO13: 17.648030008483854: ['LEO12', 'LEO13', 'LEO14', 'LEO15', 'LEO16', 'LEO17', 'LEO18', 'LEO19']
LEO32: 59.59482881591006: ['LEO22', 'LEO23', 'LEO24', 'LEO42', 'LEO32', 'LEO53', 'LEO43', 'LEO44', 'LEO33']
LEO31: 50.22854312523354: ['LEO31', 'LEO34', 'LEO35', 'LEO36', 'LEO37', 'LEO38', 'LEO39', 'LEO21', 'LEO11', 'LEO29', 'LEO25', 'LEO45', 'LEO26', 'LEO27', 'LEO28', 'LEO55', 'LEO65']
LEO49: 16.833107174204244: ['LEO46', 'LEO47', 'LEO48', 'LEO49']
LEO51: 57.85558762764182: ['LEO51', 'LEO54', 'LEO56', 'LEO57', 'LEO58', 'LEO59', 'LEO61', 'LEO41']
LEO69: 53.70130264581486: ['LEO64', 'LEO66', 'LEO67', 'LEO68', 'LEO69', 'LEO52']
LEO79: 32.998423551271436: ['LEO71', 'LEO73', 'LEO74', 'LEO75', 'LEO76', 'LEO77', 'LEO78', 'LEO79']
LEO62: 42.14432908447425: ['LEO81', 'LEO82', 'LEO83', 'LEO84', 'LEO85', 'LEO86', 'LEO87', 'LEO88', 'LEO89', 'LEO63', 'LEO62', 'LEO72']
sum_con_loads:  331.00
max_con_loads:   59.59
avg_setup_time: 218.41
