******************************************************************************
METIS 5.0 Copyright 1998-13, Regents of the University of Minnesota
 (HEAD: , Built on: Dec 17 2022, 08:18:35)
 size of idx_t: 64bits, real_t: 32bits, idx_t *: 64bits

Graph Information -----------------------------------------------------------
 Name: MetisTopos/1854, #Vertices: 72, #Edges: 126, #Parts: 8

Options ---------------------------------------------------------------------
 ptype=kway, objtype=cut, ctype=shem, rtype=greedy, iptype=metisrb
 dbglvl=0, ufactor=1.100, no2hop=NO, minconn=NO, contig=NO, nooutput=NO
 seed=-1, niter=10, ncuts=1

Direct k-way Partitioning ---------------------------------------------------
 - Edgecut: 14112, communication volume: 94.

 - Balance:
     constraint #0:  1.220 out of 0.542

 - Most overweight partition:
     pid: 0, actual: 1800, desired: 1475, ratio: 1.22.

 - Subdomain connectivity: max: 5, min: 0, avg: 4.00

 - There are 3 non-contiguous partitions.
   Total components after removing the cut edges: 12,
   max components: 3 for pid: 0.

Timing Information ----------------------------------------------------------
  I/O:          		   0.001 sec
  Partitioning: 		   0.002 sec   (METIS time)
  Reporting:    		   0.000 sec

Memory Information ----------------------------------------------------------
  Max memory used:		   0.071 MB
******************************************************************************
LEO12: 36.88204389993652: ['LEO11', 'LEO12', 'LEO13', 'LEO14', 'LEO15', 'LEO23', 'LEO24', 'LEO34', 'LEO35', 'LEO44', 'LEO45', 'LEO55', 'LEO65', 'LEO74', 'LEO75']
LEO47: 33.53811385564398: ['LEO16', 'LEO17', 'LEO18', 'LEO25', 'LEO26', 'LEO27', 'LEO36', 'LEO37', 'LEO39', 'LEO46', 'LEO47', 'LEO56', 'LEO57']
LEO31: 94.27354063896325: ['LEO19', 'LEO21', 'LEO22', 'LEO31', 'LEO51']
LEO58: 61.87606673480131: ['LEO28', 'LEO29', 'LEO38', 'LEO48', 'LEO49', 'LEO58', 'LEO59']
LEO73: 36.88935107399025: ['LEO32', 'LEO33', 'LEO72', 'LEO73', 'LEO76']
LEO61: 87.82986566721888: ['LEO41', 'LEO42', 'LEO43', 'LEO52', 'LEO53', 'LEO54', 'LEO61', 'LEO62', 'LEO63', 'LEO64', 'LEO71', 'LEO77', 'LEO81', 'LEO82', 'LEO83', 'LEO84', 'LEO85', 'LEO86', 'LEO87', 'LEO88']
LEO68: 48.97069614501291: ['LEO66', 'LEO67', 'LEO68', 'LEO69', 'LEO78', 'LEO79', 'LEO89']
sum_con_loads:  400.26
max_con_loads:   94.27
avg_setup_time: 458.36
