******************************************************************************
METIS 5.0 Copyright 1998-13, Regents of the University of Minnesota
 (HEAD: , Built on: Dec 17 2022, 08:18:35)
 size of idx_t: 64bits, real_t: 32bits, idx_t *: 64bits

Graph Information -----------------------------------------------------------
 Name: MetisTopos/1854, #Vertices: 72, #Edges: 126, #Parts: 8

Options ---------------------------------------------------------------------
 ptype=kway, objtype=cut, ctype=shem, rtype=greedy, iptype=metisrb
 dbglvl=0, ufactor=2.000, no2hop=NO, minconn=NO, contig=NO, nooutput=NO
 seed=-1, niter=10, ncuts=1

Direct k-way Partitioning ---------------------------------------------------
 - Edgecut: 6823, communication volume: 65.

 - Balance:
     constraint #0:  1.898 out of 0.542

 - Most overweight partition:
     pid: 6, actual: 2800, desired: 1475, ratio: 1.90.

 - Subdomain connectivity: max: 5, min: 0, avg: 3.00

 - There are 0 non-contiguous partitions.
   Total components after removing the cut edges: 6,
   max components: 1 for pid: 2.

Timing Information ----------------------------------------------------------
  I/O:          		   0.001 sec
  Partitioning: 		   0.001 sec   (METIS time)
  Reporting:    		   0.000 sec

Memory Information ----------------------------------------------------------
  Max memory used:		   0.071 MB
******************************************************************************
LEO21: 63.49112443610501: ['LEO11', 'LEO12', 'LEO13', 'LEO18', 'LEO19', 'LEO21', 'LEO29', 'LEO31', 'LEO39', 'LEO41', 'LEO51', 'LEO59']
LEO48: 56.26536891322475: ['LEO14', 'LEO15', 'LEO16', 'LEO17', 'LEO24', 'LEO25', 'LEO26', 'LEO27', 'LEO28', 'LEO34', 'LEO35', 'LEO36', 'LEO37', 'LEO38', 'LEO44', 'LEO45', 'LEO46', 'LEO47', 'LEO48', 'LEO49', 'LEO54', 'LEO55', 'LEO56', 'LEO64', 'LEO65', 'LEO66', 'LEO74', 'LEO75', 'LEO76', 'LEO85', 'LEO86']
LEO22: 23.237453131553192: ['LEO22', 'LEO23', 'LEO32', 'LEO33', 'LEO42', 'LEO43']
LEO71: 35.0643791687893: ['LEO52', 'LEO53', 'LEO61', 'LEO62', 'LEO63', 'LEO71', 'LEO72', 'LEO73']
LEO68: 60.79932038611312: ['LEO57', 'LEO58', 'LEO67', 'LEO68', 'LEO69', 'LEO77', 'LEO78', 'LEO79', 'LEO87', 'LEO88', 'LEO89']
LEO81: 15.76339956648382: ['LEO81', 'LEO82', 'LEO83', 'LEO84']
sum_con_loads:  254.62
max_con_loads:   63.49
avg_setup_time: 213.76
