******************************************************************************
METIS 5.0 Copyright 1998-13, Regents of the University of Minnesota
 (HEAD: , Built on: Dec 17 2022, 08:18:35)
 size of idx_t: 64bits, real_t: 32bits, idx_t *: 64bits

Graph Information -----------------------------------------------------------
 Name: MetisTopos/1854, #Vertices: 72, #Edges: 126, #Parts: 8

Options ---------------------------------------------------------------------
 ptype=kway, objtype=cut, ctype=shem, rtype=greedy, iptype=metisrb
 dbglvl=0, ufactor=2.100, no2hop=NO, minconn=NO, contig=YES, nooutput=NO
 seed=-1, niter=10, ncuts=1

Direct k-way Partitioning ---------------------------------------------------
 - Edgecut: 8175, communication volume: 87.

 - Balance:
     constraint #0:  1.966 out of 0.542

 - Most overweight partition:
     pid: 3, actual: 2900, desired: 1475, ratio: 1.97.

 - Subdomain connectivity: max: 6, min: 2, avg: 4.25

 - Each partition is contiguous.

Timing Information ----------------------------------------------------------
  I/O:          		   0.001 sec
  Partitioning: 		   0.001 sec   (METIS time)
  Reporting:    		   0.000 sec

Memory Information ----------------------------------------------------------
  Max memory used:		   0.071 MB
******************************************************************************
LEO21: 65.0867069519681: ['LEO11', 'LEO12', 'LEO18', 'LEO19', 'LEO21', 'LEO28', 'LEO29', 'LEO31', 'LEO39', 'LEO41', 'LEO49', 'LEO51', 'LEO59']
LEO35: 23.66652997929815: ['LEO13', 'LEO14', 'LEO15', 'LEO16', 'LEO17', 'LEO24', 'LEO25', 'LEO26', 'LEO27', 'LEO34', 'LEO35', 'LEO36', 'LEO37', 'LEO44', 'LEO54', 'LEO64']
LEO22: 23.237453131553195: ['LEO22', 'LEO23', 'LEO32', 'LEO33']
LEO68: 86.06712636447303: ['LEO38', 'LEO47', 'LEO48', 'LEO58', 'LEO61', 'LEO68', 'LEO69', 'LEO71', 'LEO78', 'LEO79']
LEO72: 17.8746678536564: ['LEO42', 'LEO43', 'LEO52', 'LEO53', 'LEO62', 'LEO63', 'LEO72', 'LEO73']
LEO66: 20.030841095196923: ['LEO45', 'LEO46', 'LEO55', 'LEO56', 'LEO65', 'LEO66', 'LEO74', 'LEO75', 'LEO76', 'LEO77']
LEO67: 24.5461693670279: ['LEO57', 'LEO67']
LEO81: 21.39100213748436: ['LEO81', 'LEO82', 'LEO83', 'LEO84', 'LEO85', 'LEO86', 'LEO87', 'LEO88', 'LEO89']
sum_con_loads:  281.90
max_con_loads:   86.07
avg_setup_time: 258.55
