******************************************************************************
METIS 5.0 Copyright 1998-13, Regents of the University of Minnesota
 (HEAD: , Built on: Dec 17 2022, 08:18:35)
 size of idx_t: 64bits, real_t: 32bits, idx_t *: 64bits

Graph Information -----------------------------------------------------------
 Name: MetisTopos/1854, #Vertices: 72, #Edges: 126, #Parts: 8

Options ---------------------------------------------------------------------
 ptype=kway, objtype=cut, ctype=shem, rtype=greedy, iptype=metisrb
 dbglvl=0, ufactor=2.200, no2hop=NO, minconn=NO, contig=YES, nooutput=NO
 seed=-1, niter=10, ncuts=1

Direct k-way Partitioning ---------------------------------------------------
 - Edgecut: 7107, communication volume: 79.

 - Balance:
     constraint #0:  2.169 out of 0.542

 - Most overweight partition:
     pid: 6, actual: 3200, desired: 1475, ratio: 2.17.

 - Subdomain connectivity: max: 6, min: 3, avg: 4.00

 - Each partition is contiguous.

Timing Information ----------------------------------------------------------
  I/O:          		   0.001 sec
  Partitioning: 		   0.001 sec   (METIS time)
  Reporting:    		   0.000 sec

Memory Information ----------------------------------------------------------
  Max memory used:		   0.070 MB
******************************************************************************
LEO31: 62.251581515706405: ['LEO11', 'LEO12', 'LEO21', 'LEO22', 'LEO23', 'LEO31', 'LEO32', 'LEO33', 'LEO39', 'LEO41', 'LEO42', 'LEO43', 'LEO49', 'LEO51', 'LEO59']
LEO35: 23.509326144105888: ['LEO13', 'LEO14', 'LEO15', 'LEO24', 'LEO25', 'LEO34', 'LEO35', 'LEO44', 'LEO45', 'LEO55', 'LEO56', 'LEO65', 'LEO66', 'LEO75']
LEO37: 15.824230805875779: ['LEO16', 'LEO17', 'LEO26', 'LEO27', 'LEO36', 'LEO37', 'LEO46', 'LEO47']
LEO28: 17.678434192725444: ['LEO18', 'LEO19', 'LEO28', 'LEO29']
LEO58: 71.70751380311303: ['LEO38', 'LEO48', 'LEO57', 'LEO58', 'LEO67', 'LEO68', 'LEO78', 'LEO79', 'LEO89']
LEO72: 17.8746678536564: ['LEO52', 'LEO53', 'LEO54', 'LEO62', 'LEO63', 'LEO64', 'LEO72', 'LEO73', 'LEO74', 'LEO82', 'LEO83', 'LEO84']
LEO71: 37.2565551121968: ['LEO61', 'LEO69', 'LEO71', 'LEO81']
LEO77: 14.04940913191729: ['LEO76', 'LEO77', 'LEO85', 'LEO86', 'LEO87', 'LEO88']
sum_con_loads:  260.15
max_con_loads:   71.71
avg_setup_time: 207.83
