******************************************************************************
METIS 5.0 Copyright 1998-13, Regents of the University of Minnesota
 (HEAD: , Built on: Dec 17 2022, 08:18:35)
 size of idx_t: 64bits, real_t: 32bits, idx_t *: 64bits

Graph Information -----------------------------------------------------------
 Name: MetisTopos/1854, #Vertices: 72, #Edges: 126, #Parts: 8

Options ---------------------------------------------------------------------
 ptype=kway, objtype=cut, ctype=shem, rtype=greedy, iptype=metisrb
 dbglvl=0, ufactor=2.500, no2hop=NO, minconn=NO, contig=YES, nooutput=NO
 seed=-1, niter=10, ncuts=1

Direct k-way Partitioning ---------------------------------------------------
 - Edgecut: 7036, communication volume: 75.

 - Balance:
     constraint #0:  2.441 out of 0.542

 - Most overweight partition:
     pid: 7, actual: 3600, desired: 1475, ratio: 2.44.

 - Subdomain connectivity: max: 6, min: 0, avg: 3.50

 - There are 0 non-contiguous partitions.
   Total components after removing the cut edges: 7,
   max components: 1 for pid: 0.

Timing Information ----------------------------------------------------------
  I/O:          		   0.001 sec
  Partitioning: 		   0.002 sec   (METIS time)
  Reporting:    		   0.000 sec

Memory Information ----------------------------------------------------------
  Max memory used:		   0.071 MB
******************************************************************************
LEO31: 68.87206053961974: ['LEO11', 'LEO12', 'LEO18', 'LEO19', 'LEO21', 'LEO22', 'LEO29', 'LEO31', 'LEO32', 'LEO39', 'LEO41', 'LEO42', 'LEO51', 'LEO52', 'LEO59', 'LEO61', 'LEO62']
LEO33: 23.645447601344976: ['LEO13', 'LEO14', 'LEO15', 'LEO23', 'LEO24', 'LEO33', 'LEO34', 'LEO35', 'LEO43', 'LEO44', 'LEO45', 'LEO53', 'LEO54', 'LEO55', 'LEO63', 'LEO64', 'LEO65', 'LEO75', 'LEO84', 'LEO85']
LEO38: 24.441093518577752: ['LEO16', 'LEO17', 'LEO25', 'LEO26', 'LEO27', 'LEO28', 'LEO36', 'LEO37', 'LEO38']
LEO58: 65.71527737976162: ['LEO46', 'LEO47', 'LEO48', 'LEO49', 'LEO58', 'LEO66', 'LEO67', 'LEO68', 'LEO69']
LEO57: 15.177321298312844: ['LEO56', 'LEO57']
LEO71: 48.58549287471529: ['LEO71', 'LEO72', 'LEO73', 'LEO74', 'LEO77', 'LEO78', 'LEO79', 'LEO81', 'LEO82', 'LEO83', 'LEO89']
LEO76: 12.36073703421626: ['LEO76', 'LEO86', 'LEO87', 'LEO88']
sum_con_loads:  258.80
max_con_loads:   68.87
avg_setup_time: 215.93
