******************************************************************************
METIS 5.0 Copyright 1998-13, Regents of the University of Minnesota
 (HEAD: , Built on: Dec 17 2022, 08:18:35)
 size of idx_t: 64bits, real_t: 32bits, idx_t *: 64bits

Graph Information -----------------------------------------------------------
 Name: MetisTopos/1854, #Vertices: 72, #Edges: 126, #Parts: 8

Options ---------------------------------------------------------------------
 ptype=kway, objtype=cut, ctype=shem, rtype=greedy, iptype=metisrb
 dbglvl=0, ufactor=1.200, no2hop=NO, minconn=NO, contig=YES, nooutput=NO
 seed=-1, niter=10, ncuts=1

Direct k-way Partitioning ---------------------------------------------------
 - Edgecut: 10068, communication volume: 76.

 - Balance:
     constraint #0:  1.085 out of 0.542

 - Most overweight partition:
     pid: 0, actual: 1600, desired: 1475, ratio: 1.08.

 - Subdomain connectivity: max: 6, min: 3, avg: 4.50

 - Each partition is contiguous.

Timing Information ----------------------------------------------------------
  I/O:          		   0.001 sec
  Partitioning: 		   0.002 sec   (METIS time)
  Reporting:    		   0.000 sec

Memory Information ----------------------------------------------------------
  Max memory used:		   0.071 MB
******************************************************************************
LEO12: 30.41205837705315: ['LEO11', 'LEO12', 'LEO13']
LEO35: 31.699512642772458: ['LEO14', 'LEO15', 'LEO16', 'LEO17', 'LEO18', 'LEO23', 'LEO24', 'LEO25', 'LEO26', 'LEO27', 'LEO33', 'LEO34', 'LEO35', 'LEO36', 'LEO37', 'LEO43', 'LEO44', 'LEO45', 'LEO46', 'LEO47', 'LEO53', 'LEO54', 'LEO55', 'LEO64', 'LEO65', 'LEO75']
LEO48: 38.03335634826966: ['LEO19', 'LEO28', 'LEO29', 'LEO38', 'LEO48']
LEO31: 53.98328829795476: ['LEO21', 'LEO22', 'LEO31', 'LEO32', 'LEO39', 'LEO41', 'LEO42', 'LEO49', 'LEO51', 'LEO52', 'LEO59']
LEO66: 28.17387722261372: ['LEO56', 'LEO66', 'LEO67', 'LEO76']
LEO58: 53.36815973036113: ['LEO57', 'LEO58', 'LEO68', 'LEO69']
LEO71: 38.21066548569379: ['LEO61', 'LEO71', 'LEO79', 'LEO81', 'LEO89']
LEO78: 45.72684452450518: ['LEO62', 'LEO63', 'LEO72', 'LEO73', 'LEO74', 'LEO77', 'LEO78', 'LEO82', 'LEO83', 'LEO84', 'LEO85', 'LEO86', 'LEO87', 'LEO88']
sum_con_loads:  319.61
max_con_loads:   53.98
avg_setup_time: 218.25
