******************************************************************************
METIS 5.0 Copyright 1998-13, Regents of the University of Minnesota
 (HEAD: , Built on: Dec 17 2022, 08:18:35)
 size of idx_t: 64bits, real_t: 32bits, idx_t *: 64bits

Graph Information -----------------------------------------------------------
 Name: MetisTopos/1854, #Vertices: 72, #Edges: 126, #Parts: 8

Options ---------------------------------------------------------------------
 ptype=kway, objtype=cut, ctype=shem, rtype=greedy, iptype=metisrb
 dbglvl=0, ufactor=1.200, no2hop=NO, minconn=NO, contig=NO, nooutput=NO
 seed=-1, niter=10, ncuts=1

Direct k-way Partitioning ---------------------------------------------------
 - Edgecut: 9046, communication volume: 79.

 - Balance:
     constraint #0:  1.085 out of 0.542

 - Most overweight partition:
     pid: 0, actual: 1600, desired: 1475, ratio: 1.08.

 - Subdomain connectivity: max: 5, min: 3, avg: 4.25

 - Each partition is contiguous.

Timing Information ----------------------------------------------------------
  I/O:          		   0.001 sec
  Partitioning: 		   0.002 sec   (METIS time)
  Reporting:    		   0.000 sec

Memory Information ----------------------------------------------------------
  Max memory used:		   0.071 MB
******************************************************************************
LEO12: 30.41205837705315: ['LEO11', 'LEO12', 'LEO13']
LEO73: 30.422434043571005: ['LEO14', 'LEO15', 'LEO23', 'LEO24', 'LEO25', 'LEO33', 'LEO34', 'LEO35', 'LEO43', 'LEO44', 'LEO45', 'LEO53', 'LEO54', 'LEO55', 'LEO62', 'LEO63', 'LEO64', 'LEO65', 'LEO72', 'LEO73', 'LEO74', 'LEO75', 'LEO82', 'LEO83', 'LEO84', 'LEO85']
LEO47: 28.722769151863496: ['LEO16', 'LEO17', 'LEO26', 'LEO27', 'LEO36', 'LEO37', 'LEO46', 'LEO47', 'LEO56', 'LEO57']
LEO48: 38.06769174467402: ['LEO18', 'LEO19', 'LEO28', 'LEO29', 'LEO38', 'LEO48', 'LEO49']
LEO31: 53.98328829795476: ['LEO21', 'LEO22', 'LEO31', 'LEO32', 'LEO39', 'LEO41', 'LEO42', 'LEO51', 'LEO52', 'LEO59']
LEO68: 53.32766337950326: ['LEO58', 'LEO68', 'LEO69', 'LEO77', 'LEO78']
LEO71: 38.21066548569379: ['LEO61', 'LEO71', 'LEO79', 'LEO81', 'LEO89']
LEO67: 25.896226553010905: ['LEO66', 'LEO67', 'LEO76', 'LEO86', 'LEO87', 'LEO88']
sum_con_loads:  299.04
max_con_loads:   53.98
avg_setup_time: 208.37
