******************************************************************************
METIS 5.0 Copyright 1998-13, Regents of the University of Minnesota
 (HEAD: , Built on: Dec 17 2022, 08:18:35)
 size of idx_t: 64bits, real_t: 32bits, idx_t *: 64bits

Graph Information -----------------------------------------------------------
 Name: MetisTopos/1854, #Vertices: 72, #Edges: 126, #Parts: 8

Options ---------------------------------------------------------------------
 ptype=kway, objtype=cut, ctype=shem, rtype=greedy, iptype=metisrb
 dbglvl=0, ufactor=3.000, no2hop=NO, minconn=NO, contig=YES, nooutput=NO
 seed=-1, niter=10, ncuts=1

Direct k-way Partitioning ---------------------------------------------------
 - Edgecut: 6275, communication volume: 65.

 - Balance:
     constraint #0:  2.983 out of 0.542

 - Most overweight partition:
     pid: 7, actual: 4400, desired: 1475, ratio: 2.98.

 - Subdomain connectivity: max: 5, min: 0, avg: 2.75

 - There are 0 non-contiguous partitions.
   Total components after removing the cut edges: 6,
   max components: 1 for pid: 0.

Timing Information ----------------------------------------------------------
  I/O:          		   0.001 sec
  Partitioning: 		   0.001 sec   (METIS time)
  Reporting:    		   0.000 sec

Memory Information ----------------------------------------------------------
  Max memory used:		   0.071 MB
******************************************************************************
LEO11: 37.322393669941476: ['LEO11', 'LEO12', 'LEO13', 'LEO17', 'LEO18', 'LEO19']
LEO64: 59.15239703458706: ['LEO14', 'LEO15', 'LEO16', 'LEO22', 'LEO23', 'LEO24', 'LEO25', 'LEO26', 'LEO32', 'LEO33', 'LEO34', 'LEO35', 'LEO36', 'LEO42', 'LEO43', 'LEO44', 'LEO45', 'LEO52', 'LEO53', 'LEO54', 'LEO55', 'LEO62', 'LEO63', 'LEO64', 'LEO65', 'LEO66', 'LEO67', 'LEO72', 'LEO73', 'LEO74', 'LEO75', 'LEO82', 'LEO83', 'LEO84', 'LEO85']
LEO51: 91.54191538511006: ['LEO21', 'LEO31', 'LEO39', 'LEO41', 'LEO48', 'LEO49', 'LEO51', 'LEO58', 'LEO59', 'LEO61', 'LEO68', 'LEO69', 'LEO71', 'LEO78', 'LEO79', 'LEO81', 'LEO88', 'LEO89']
LEO38: 25.342266977977363: ['LEO27', 'LEO28', 'LEO29', 'LEO37', 'LEO38']
LEO57: 20.22924751026293: ['LEO46', 'LEO47', 'LEO56', 'LEO57']
LEO76: 9.99758745346248: ['LEO76', 'LEO77', 'LEO86', 'LEO87']
sum_con_loads:  243.59
max_con_loads:   91.54
avg_setup_time: 315.94
