******************************************************************************
METIS 5.0 Copyright 1998-13, Regents of the University of Minnesota
 (HEAD: , Built on: Dec 17 2022, 08:18:35)
 size of idx_t: 64bits, real_t: 32bits, idx_t *: 64bits

Graph Information -----------------------------------------------------------
 Name: MetisTopos/1854, #Vertices: 72, #Edges: 126, #Parts: 8

Options ---------------------------------------------------------------------
 ptype=kway, objtype=cut, ctype=shem, rtype=greedy, iptype=metisrb
 dbglvl=0, ufactor=3.100, no2hop=NO, minconn=NO, contig=YES, nooutput=NO
 seed=-1, niter=10, ncuts=1

Direct k-way Partitioning ---------------------------------------------------
 - Edgecut: 5777, communication volume: 60.

 - Balance:
     constraint #0:  3.051 out of 0.542

 - Most overweight partition:
     pid: 7, actual: 4500, desired: 1475, ratio: 3.05.

 - Subdomain connectivity: max: 4, min: 0, avg: 2.25

 - There are 0 non-contiguous partitions.
   Total components after removing the cut edges: 5,
   max components: 1 for pid: 2.

Timing Information ----------------------------------------------------------
  I/O:          		   0.001 sec
  Partitioning: 		   0.001 sec   (METIS time)
  Reporting:    		   0.000 sec

Memory Information ----------------------------------------------------------
  Max memory used:		   0.071 MB
******************************************************************************
LEO12: 42.76474975390342: ['LEO11', 'LEO12', 'LEO13', 'LEO22', 'LEO23']
LEO57: 44.84999005106182: ['LEO14', 'LEO24', 'LEO25', 'LEO26', 'LEO34', 'LEO35', 'LEO36', 'LEO44', 'LEO45', 'LEO46', 'LEO47', 'LEO55', 'LEO56', 'LEO57', 'LEO65', 'LEO66', 'LEO67', 'LEO74', 'LEO75', 'LEO76', 'LEO85', 'LEO86']
LEO28: 26.552068077532166: ['LEO15', 'LEO16', 'LEO17', 'LEO18', 'LEO19', 'LEO27', 'LEO28', 'LEO29', 'LEO37', 'LEO38']
LEO51: 92.1834723381037: ['LEO21', 'LEO31', 'LEO39', 'LEO41', 'LEO48', 'LEO49', 'LEO51', 'LEO58', 'LEO59', 'LEO61', 'LEO68', 'LEO69', 'LEO71', 'LEO77', 'LEO78', 'LEO79', 'LEO81', 'LEO87', 'LEO88', 'LEO89']
LEO72: 27.078020544644552: ['LEO32', 'LEO33', 'LEO42', 'LEO43', 'LEO52', 'LEO53', 'LEO54', 'LEO62', 'LEO63', 'LEO64', 'LEO72', 'LEO73', 'LEO82', 'LEO83', 'LEO84']
sum_con_loads:  233.43
max_con_loads:   92.18
avg_setup_time: 306.93
