******************************************************************************
METIS 5.0 Copyright 1998-13, Regents of the University of Minnesota
 (HEAD: , Built on: Dec 17 2022, 08:18:35)
 size of idx_t: 64bits, real_t: 32bits, idx_t *: 64bits

Graph Information -----------------------------------------------------------
 Name: MetisTopos/1854, #Vertices: 72, #Edges: 126, #Parts: 8

Options ---------------------------------------------------------------------
 ptype=kway, objtype=cut, ctype=shem, rtype=greedy, iptype=metisrb
 dbglvl=0, ufactor=3.200, no2hop=NO, minconn=NO, contig=YES, nooutput=NO
 seed=-1, niter=10, ncuts=1

Direct k-way Partitioning ---------------------------------------------------
 - Edgecut: 5661, communication volume: 50.

 - Balance:
     constraint #0:  3.186 out of 0.542

 - Most overweight partition:
     pid: 7, actual: 4700, desired: 1475, ratio: 3.19.

 - Subdomain connectivity: max: 3, min: 0, avg: 1.00

 - There are 0 non-contiguous partitions.
   Total components after removing the cut edges: 4,
   max components: 1 for pid: 3.

Timing Information ----------------------------------------------------------
  I/O:          		   0.001 sec
  Partitioning: 		   0.001 sec   (METIS time)
  Reporting:    		   0.000 sec

Memory Information ----------------------------------------------------------
  Max memory used:		   0.072 MB
******************************************************************************
LEO31: 86.54372123771542: ['LEO11', 'LEO12', 'LEO13', 'LEO14', 'LEO15', 'LEO16', 'LEO17', 'LEO21', 'LEO22', 'LEO23', 'LEO24', 'LEO25', 'LEO26', 'LEO27', 'LEO31', 'LEO32', 'LEO33', 'LEO34', 'LEO35', 'LEO36', 'LEO37', 'LEO38', 'LEO39', 'LEO41', 'LEO42', 'LEO49', 'LEO51', 'LEO52', 'LEO59', 'LEO61', 'LEO62']
LEO28: 17.678434192725444: ['LEO18', 'LEO19', 'LEO28', 'LEO29']
LEO48: 46.81127857096976: ['LEO43', 'LEO44', 'LEO45', 'LEO46', 'LEO47', 'LEO48', 'LEO53', 'LEO54', 'LEO55', 'LEO56', 'LEO63', 'LEO64', 'LEO65', 'LEO66', 'LEO74', 'LEO75', 'LEO76', 'LEO85', 'LEO86']
LEO68: 80.45214175348588: ['LEO57', 'LEO58', 'LEO67', 'LEO68', 'LEO69', 'LEO71', 'LEO72', 'LEO73', 'LEO77', 'LEO78', 'LEO79', 'LEO81', 'LEO82', 'LEO83', 'LEO84', 'LEO87', 'LEO88', 'LEO89']
sum_con_loads:  231.49
max_con_loads:   86.54
avg_setup_time: 286.15
