******************************************************************************
METIS 5.0 Copyright 1998-13, Regents of the University of Minnesota
 (HEAD: , Built on: Dec 17 2022, 08:18:35)
 size of idx_t: 64bits, real_t: 32bits, idx_t *: 64bits

Graph Information -----------------------------------------------------------
 Name: MetisTopos/1854, #Vertices: 72, #Edges: 126, #Parts: 8

Options ---------------------------------------------------------------------
 ptype=kway, objtype=cut, ctype=shem, rtype=greedy, iptype=metisrb
 dbglvl=0, ufactor=1.400, no2hop=NO, minconn=NO, contig=NO, nooutput=NO
 seed=-1, niter=10, ncuts=1

Direct k-way Partitioning ---------------------------------------------------
 - Edgecut: 8416, communication volume: 78.

 - Balance:
     constraint #0:  1.356 out of 0.542

 - Most overweight partition:
     pid: 4, actual: 2000, desired: 1475, ratio: 1.36.

 - Subdomain connectivity: max: 6, min: 3, avg: 4.00

 - Each partition is contiguous.

Timing Information ----------------------------------------------------------
  I/O:          		   0.001 sec
  Partitioning: 		   0.002 sec   (METIS time)
  Reporting:    		   0.000 sec

Memory Information ----------------------------------------------------------
  Max memory used:		   0.070 MB
******************************************************************************
LEO31: 56.11684563548417: ['LEO11', 'LEO12', 'LEO21', 'LEO31', 'LEO39', 'LEO41', 'LEO51', 'LEO59']
LEO35: 23.96185828161183: ['LEO13', 'LEO14', 'LEO15', 'LEO16', 'LEO17', 'LEO23', 'LEO24', 'LEO25', 'LEO26', 'LEO27', 'LEO34', 'LEO35', 'LEO36', 'LEO37', 'LEO45', 'LEO46']
LEO48: 40.5372051402595: ['LEO18', 'LEO19', 'LEO28', 'LEO29', 'LEO38', 'LEO47', 'LEO48', 'LEO49']
LEO22: 23.237453131553192: ['LEO22', 'LEO32', 'LEO33']
LEO72: 17.8746678536564: ['LEO42', 'LEO43', 'LEO44', 'LEO52', 'LEO53', 'LEO54', 'LEO62', 'LEO63', 'LEO64', 'LEO72', 'LEO73', 'LEO74', 'LEO82', 'LEO83', 'LEO84']
LEO66: 29.312625772525713: ['LEO55', 'LEO56', 'LEO65', 'LEO66', 'LEO67', 'LEO75', 'LEO76', 'LEO85', 'LEO86']
LEO58: 57.40534541672313: ['LEO57', 'LEO58', 'LEO68', 'LEO69', 'LEO77', 'LEO78', 'LEO87', 'LEO88']
LEO71: 38.21066548569379: ['LEO61', 'LEO71', 'LEO79', 'LEO81', 'LEO89']
sum_con_loads:  286.66
max_con_loads:   57.41
avg_setup_time: 204.79
