******************************************************************************
METIS 5.0 Copyright 1998-13, Regents of the University of Minnesota
 (HEAD: , Built on: Dec 17 2022, 08:18:35)
 size of idx_t: 64bits, real_t: 32bits, idx_t *: 64bits

Graph Information -----------------------------------------------------------
 Name: MetisTopos/1854, #Vertices: 72, #Edges: 126, #Parts: 8

Options ---------------------------------------------------------------------
 ptype=kway, objtype=cut, ctype=shem, rtype=greedy, iptype=metisrb
 dbglvl=0, ufactor=1.500, no2hop=NO, minconn=NO, contig=YES, nooutput=NO
 seed=-1, niter=10, ncuts=1

Direct k-way Partitioning ---------------------------------------------------
 - Edgecut: 7980, communication volume: 76.

 - Balance:
     constraint #0:  1.492 out of 0.542

 - Most overweight partition:
     pid: 5, actual: 2200, desired: 1475, ratio: 1.49.

 - Subdomain connectivity: max: 5, min: 0, avg: 3.75

 - There are 0 non-contiguous partitions.
   Total components after removing the cut edges: 7,
   max components: 1 for pid: 0.

Timing Information ----------------------------------------------------------
  I/O:          		   0.001 sec
  Partitioning: 		   0.002 sec   (METIS time)
  Reporting:    		   0.000 sec

Memory Information ----------------------------------------------------------
  Max memory used:		   0.071 MB
******************************************************************************
LEO31: 56.11684563548417: ['LEO11', 'LEO12', 'LEO21', 'LEO31', 'LEO39', 'LEO41', 'LEO49', 'LEO51', 'LEO59']
LEO46: 36.23756568467054: ['LEO13', 'LEO14', 'LEO15', 'LEO16', 'LEO26', 'LEO36', 'LEO46', 'LEO47', 'LEO56', 'LEO57']
LEO28: 26.552068077532166: ['LEO17', 'LEO18', 'LEO19', 'LEO27', 'LEO28', 'LEO29', 'LEO37', 'LEO38']
LEO32: 33.0720445621566: ['LEO22', 'LEO23', 'LEO24', 'LEO25', 'LEO32', 'LEO33', 'LEO34', 'LEO35', 'LEO42', 'LEO43', 'LEO44', 'LEO45', 'LEO52', 'LEO53', 'LEO54', 'LEO55', 'LEO62', 'LEO63', 'LEO64', 'LEO65', 'LEO73', 'LEO74', 'LEO75']
LEO58: 61.86162369035001: ['LEO48', 'LEO58', 'LEO68', 'LEO69', 'LEO77', 'LEO78', 'LEO87', 'LEO88']
LEO71: 42.07445022701819: ['LEO61', 'LEO71', 'LEO72', 'LEO79', 'LEO81', 'LEO82', 'LEO83', 'LEO84', 'LEO89']
LEO67: 21.844404874556094: ['LEO66', 'LEO67', 'LEO76', 'LEO85', 'LEO86']
sum_con_loads:  277.76
max_con_loads:   61.86
avg_setup_time: 220.01
