******************************************************************************
METIS 5.0 Copyright 1998-13, Regents of the University of Minnesota
 (HEAD: , Built on: Dec 17 2022, 08:18:35)
 size of idx_t: 64bits, real_t: 32bits, idx_t *: 64bits

Graph Information -----------------------------------------------------------
 Name: MetisTopos/1854, #Vertices: 72, #Edges: 126, #Parts: 8

Options ---------------------------------------------------------------------
 ptype=kway, objtype=cut, ctype=shem, rtype=greedy, iptype=metisrb
 dbglvl=0, ufactor=1.600, no2hop=NO, minconn=NO, contig=YES, nooutput=NO
 seed=-1, niter=10, ncuts=1

Direct k-way Partitioning ---------------------------------------------------
 - Edgecut: 8540, communication volume: 79.

 - Balance:
     constraint #0:  1.424 out of 0.542

 - Most overweight partition:
     pid: 6, actual: 2100, desired: 1475, ratio: 1.42.

 - Subdomain connectivity: max: 6, min: 2, avg: 4.00

 - Each partition is contiguous.

Timing Information ----------------------------------------------------------
  I/O:          		   0.001 sec
  Partitioning: 		   0.002 sec   (METIS time)
  Reporting:    		   0.000 sec

Memory Information ----------------------------------------------------------
  Max memory used:		   0.071 MB
******************************************************************************
LEO31: 57.37727950484567: ['LEO11', 'LEO21', 'LEO22', 'LEO31', 'LEO32', 'LEO39', 'LEO41', 'LEO42', 'LEO51', 'LEO52', 'LEO59']
LEO12: 23.23009641436881: ['LEO12', 'LEO13']
LEO35: 28.16624751665159: ['LEO14', 'LEO15', 'LEO16', 'LEO17', 'LEO23', 'LEO24', 'LEO25', 'LEO26', 'LEO27', 'LEO33', 'LEO34', 'LEO35', 'LEO36', 'LEO37', 'LEO43', 'LEO44', 'LEO45', 'LEO46', 'LEO47']
LEO48: 38.06769174467402: ['LEO18', 'LEO19', 'LEO28', 'LEO29', 'LEO38', 'LEO48', 'LEO49']
LEO72: 21.926489532111212: ['LEO53', 'LEO54', 'LEO62', 'LEO63', 'LEO64', 'LEO72', 'LEO73', 'LEO82', 'LEO83', 'LEO84', 'LEO85', 'LEO86', 'LEO87', 'LEO88']
LEO56: 25.243065396702335: ['LEO55', 'LEO56', 'LEO57', 'LEO65', 'LEO66', 'LEO74', 'LEO75', 'LEO76']
LEO68: 57.05533728723399: ['LEO58', 'LEO67', 'LEO68', 'LEO77', 'LEO78']
LEO71: 38.21066548569379: ['LEO61', 'LEO69', 'LEO71', 'LEO79', 'LEO81', 'LEO89']
sum_con_loads:  289.28
max_con_loads:   57.38
avg_setup_time: 201.68
