******************************************************************************
METIS 5.0 Copyright 1998-13, Regents of the University of Minnesota
 (HEAD: , Built on: Dec 17 2022, 08:18:35)
 size of idx_t: 64bits, real_t: 32bits, idx_t *: 64bits

Graph Information -----------------------------------------------------------
 Name: MetisTopos/1854, #Vertices: 72, #Edges: 126, #Parts: 8

Options ---------------------------------------------------------------------
 ptype=kway, objtype=cut, ctype=shem, rtype=greedy, iptype=metisrb
 dbglvl=0, ufactor=1.700, no2hop=NO, minconn=NO, contig=YES, nooutput=NO
 seed=-1, niter=10, ncuts=1

Direct k-way Partitioning ---------------------------------------------------
 - Edgecut: 8119, communication volume: 80.

 - Balance:
     constraint #0:  1.695 out of 0.542

 - Most overweight partition:
     pid: 7, actual: 2500, desired: 1475, ratio: 1.69.

 - Subdomain connectivity: max: 6, min: 2, avg: 3.75

 - Each partition is contiguous.

Timing Information ----------------------------------------------------------
  I/O:          		   0.001 sec
  Partitioning: 		   0.002 sec   (METIS time)
  Reporting:    		   0.000 sec

Memory Information ----------------------------------------------------------
  Max memory used:		   0.071 MB
******************************************************************************
LEO31: 61.78231341446299: ['LEO11', 'LEO12', 'LEO21', 'LEO31', 'LEO39', 'LEO41', 'LEO51', 'LEO59', 'LEO61', 'LEO69']
LEO35: 28.176905975330712: ['LEO13', 'LEO14', 'LEO15', 'LEO16', 'LEO23', 'LEO24', 'LEO25', 'LEO26', 'LEO34', 'LEO35', 'LEO36', 'LEO42', 'LEO43', 'LEO44', 'LEO45', 'LEO46', 'LEO47', 'LEO52', 'LEO53', 'LEO54', 'LEO55', 'LEO62', 'LEO63', 'LEO64', 'LEO65', 'LEO75']
LEO38: 40.27586617411504: ['LEO17', 'LEO18', 'LEO19', 'LEO27', 'LEO28', 'LEO29', 'LEO37', 'LEO38', 'LEO48', 'LEO49']
LEO22: 23.237453131553192: ['LEO22', 'LEO32', 'LEO33']
LEO76: 20.67855494564195: ['LEO56', 'LEO66', 'LEO76', 'LEO85', 'LEO86', 'LEO87', 'LEO88']
LEO68: 58.87628540656045: ['LEO57', 'LEO58', 'LEO67', 'LEO68', 'LEO77', 'LEO78']
LEO71: 30.082182428406348: ['LEO71', 'LEO79', 'LEO81', 'LEO82', 'LEO83', 'LEO84', 'LEO89']
LEO72: 17.69996538188344: ['LEO72', 'LEO73', 'LEO74']
sum_con_loads:  280.81
max_con_loads:   61.78
avg_setup_time: 208.55
