******************************************************************************
METIS 5.0 Copyright 1998-13, Regents of the University of Minnesota
 (HEAD: , Built on: Dec 17 2022, 08:18:35)
 size of idx_t: 64bits, real_t: 32bits, idx_t *: 64bits

Graph Information -----------------------------------------------------------
 Name: MetisTopos/1854, #Vertices: 72, #Edges: 126, #Parts: 8

Options ---------------------------------------------------------------------
 ptype=kway, objtype=cut, ctype=shem, rtype=greedy, iptype=metisrb
 dbglvl=0, ufactor=1.800, no2hop=NO, minconn=NO, contig=YES, nooutput=NO
 seed=-1, niter=10, ncuts=1

Direct k-way Partitioning ---------------------------------------------------
 - Edgecut: 9021, communication volume: 73.

 - Balance:
     constraint #0:  1.763 out of 0.542

 - Most overweight partition:
     pid: 5, actual: 2600, desired: 1475, ratio: 1.76.

 - Subdomain connectivity: max: 7, min: 2, avg: 3.75

 - Each partition is contiguous.

Timing Information ----------------------------------------------------------
  I/O:          		   0.001 sec
  Partitioning: 		   0.002 sec   (METIS time)
  Reporting:    		   0.000 sec

Memory Information ----------------------------------------------------------
  Max memory used:		   0.071 MB
******************************************************************************
LEO21: 57.61518434875802: ['LEO11', 'LEO12', 'LEO18', 'LEO19', 'LEO21', 'LEO29', 'LEO31', 'LEO39']
LEO35: 27.939378259417744: ['LEO13', 'LEO14', 'LEO15', 'LEO16', 'LEO17', 'LEO23', 'LEO24', 'LEO25', 'LEO26', 'LEO34', 'LEO35', 'LEO36', 'LEO42', 'LEO43', 'LEO44', 'LEO45', 'LEO46', 'LEO52', 'LEO53', 'LEO54', 'LEO55', 'LEO62', 'LEO63', 'LEO64', 'LEO65', 'LEO75', 'LEO76', 'LEO85', 'LEO86']
LEO22: 23.237453131553192: ['LEO22', 'LEO32', 'LEO33']
LEO38: 22.272899377516204: ['LEO27', 'LEO28', 'LEO37', 'LEO38']
LEO58: 79.78982421022889: ['LEO41', 'LEO47', 'LEO48', 'LEO49', 'LEO51', 'LEO58', 'LEO59', 'LEO61', 'LEO68', 'LEO69']
LEO57: 27.17786966347305: ['LEO56', 'LEO57', 'LEO66', 'LEO67']
LEO79: 42.905469590830684: ['LEO71', 'LEO77', 'LEO78', 'LEO79', 'LEO81', 'LEO87', 'LEO88', 'LEO89']
LEO72: 17.699965381883437: ['LEO72', 'LEO73', 'LEO74', 'LEO82', 'LEO83', 'LEO84']
sum_con_loads:  298.64
max_con_loads:   79.79
avg_setup_time: 234.16
