******************************************************************************
METIS 5.0 Copyright 1998-13, Regents of the University of Minnesota
 (HEAD: , Built on: Dec 17 2022, 08:18:35)
 size of idx_t: 64bits, real_t: 32bits, idx_t *: 64bits

Graph Information -----------------------------------------------------------
 Name: MetisTopos/1854, #Vertices: 72, #Edges: 126, #Parts: 8

Options ---------------------------------------------------------------------
 ptype=kway, objtype=cut, ctype=shem, rtype=greedy, iptype=metisrb
 dbglvl=0, ufactor=1.900, no2hop=NO, minconn=NO, contig=YES, nooutput=NO
 seed=-1, niter=10, ncuts=1

Direct k-way Partitioning ---------------------------------------------------
 - Edgecut: 8119, communication volume: 76.

 - Balance:
     constraint #0:  1.898 out of 0.542

 - Most overweight partition:
     pid: 3, actual: 2800, desired: 1475, ratio: 1.90.

 - Subdomain connectivity: max: 6, min: 2, avg: 4.25

 - Each partition is contiguous.

Timing Information ----------------------------------------------------------
  I/O:          		   0.001 sec
  Partitioning: 		   0.002 sec   (METIS time)
  Reporting:    		   0.000 sec

Memory Information ----------------------------------------------------------
  Max memory used:		   0.070 MB
******************************************************************************
LEO31: 65.92960460275468: ['LEO11', 'LEO19', 'LEO21', 'LEO22', 'LEO29', 'LEO31', 'LEO32', 'LEO39', 'LEO41', 'LEO42', 'LEO51', 'LEO52', 'LEO59', 'LEO61', 'LEO62']
LEO12: 23.23009641436881: ['LEO12', 'LEO13']
LEO35: 23.318291424217392: ['LEO14', 'LEO15', 'LEO16', 'LEO17', 'LEO23', 'LEO24', 'LEO25', 'LEO26', 'LEO27', 'LEO33', 'LEO34', 'LEO35', 'LEO36', 'LEO37', 'LEO43', 'LEO44', 'LEO45', 'LEO46']
LEO48: 37.37286667314166: ['LEO18', 'LEO28', 'LEO38', 'LEO47', 'LEO48', 'LEO49']
LEO72: 17.8746678536564: ['LEO53', 'LEO54', 'LEO63', 'LEO64', 'LEO72', 'LEO73', 'LEO74']
LEO56: 25.243065396702335: ['LEO55', 'LEO56', 'LEO57', 'LEO65', 'LEO66', 'LEO75', 'LEO76', 'LEO85', 'LEO86']
LEO68: 57.8978774302929: ['LEO58', 'LEO67', 'LEO68', 'LEO69', 'LEO77', 'LEO78', 'LEO87', 'LEO88']
LEO71: 30.082182428406348: ['LEO71', 'LEO79', 'LEO81', 'LEO82', 'LEO83', 'LEO84', 'LEO89']
sum_con_loads:  280.95
max_con_loads:   65.93
avg_setup_time: 199.13
