******************************************************************************
METIS 5.0 Copyright 1998-13, Regents of the University of Minnesota
 (HEAD: , Built on: Dec 17 2022, 08:18:35)
 size of idx_t: 64bits, real_t: 32bits, idx_t *: 64bits

Graph Information -----------------------------------------------------------
 Name: MetisTopos/512, #Vertices: 72, #Edges: 126, #Parts: 8

Options ---------------------------------------------------------------------
 ptype=kway, objtype=cut, ctype=shem, rtype=greedy, iptype=metisrb
 dbglvl=0, ufactor=1.100, no2hop=NO, minconn=NO, contig=YES, nooutput=NO
 seed=-1, niter=10, ncuts=1

Direct k-way Partitioning ---------------------------------------------------
 - Edgecut: 9689, communication volume: 83.

 - Balance:
     constraint #0:  1.034 out of 0.552

 - Most overweight partition:
     pid: 1, actual: 1500, desired: 1450, ratio: 1.03.

 - Subdomain connectivity: max: 6, min: 3, avg: 4.25

 - Each partition is contiguous.

Timing Information ----------------------------------------------------------
  I/O:          		   0.001 sec
  Partitioning: 		   0.002 sec   (METIS time)
  Reporting:    		   0.000 sec

Memory Information ----------------------------------------------------------
  Max memory used:		   0.071 MB
******************************************************************************
LEO21: 35.827942255551136: ['LEO11', 'LEO12', 'LEO16', 'LEO17', 'LEO18', 'LEO19', 'LEO21', 'LEO22', 'LEO26', 'LEO27', 'LEO28', 'LEO29', 'LEO36', 'LEO37', 'LEO38', 'LEO39', 'LEO46', 'LEO47', 'LEO56', 'LEO57', 'LEO66', 'LEO67', 'LEO77']
LEO14: 28.631383486720033: ['LEO13', 'LEO14', 'LEO15']
LEO43: 61.57337695799237: ['LEO23', 'LEO32', 'LEO33', 'LEO43', 'LEO53', 'LEO63', 'LEO73']
LEO34: 29.473122273546114: ['LEO24', 'LEO25', 'LEO34', 'LEO35', 'LEO44', 'LEO45', 'LEO54', 'LEO55', 'LEO64', 'LEO65', 'LEO75', 'LEO76']
LEO41: 39.776685229119124: ['LEO31', 'LEO41', 'LEO42', 'LEO48', 'LEO49', 'LEO58']
LEO61: 51.109293480672235: ['LEO51', 'LEO52', 'LEO61', 'LEO62', 'LEO71', 'LEO72', 'LEO79', 'LEO81', 'LEO82', 'LEO86', 'LEO87', 'LEO88', 'LEO89']
LEO69: 32.30323541267943: ['LEO59', 'LEO68', 'LEO69', 'LEO78']
LEO83: 31.327173486666904: ['LEO74', 'LEO83', 'LEO84', 'LEO85']
sum_con_loads:  310.02
max_con_loads:   61.57
avg_setup_time: 230.66
