******************************************************************************
METIS 5.0 Copyright 1998-13, Regents of the University of Minnesota
 (HEAD: , Built on: Dec 17 2022, 08:18:35)
 size of idx_t: 64bits, real_t: 32bits, idx_t *: 64bits

Graph Information -----------------------------------------------------------
 Name: MetisTopos/512, #Vertices: 72, #Edges: 126, #Parts: 8

Options ---------------------------------------------------------------------
 ptype=kway, objtype=cut, ctype=shem, rtype=greedy, iptype=metisrb
 dbglvl=0, ufactor=2.100, no2hop=NO, minconn=NO, contig=YES, nooutput=NO
 seed=-1, niter=10, ncuts=1

Direct k-way Partitioning ---------------------------------------------------
 - Edgecut: 6013, communication volume: 54.

 - Balance:
     constraint #0:  2.069 out of 0.552

 - Most overweight partition:
     pid: 6, actual: 3000, desired: 1450, ratio: 2.07.

 - Subdomain connectivity: max: 4, min: 0, avg: 2.25

 - There are 0 non-contiguous partitions.
   Total components after removing the cut edges: 5,
   max components: 1 for pid: 0.

Timing Information ----------------------------------------------------------
  I/O:          		   0.001 sec
  Partitioning: 		   0.002 sec   (METIS time)
  Reporting:    		   0.000 sec

Memory Information ----------------------------------------------------------
  Max memory used:		   0.071 MB
******************************************************************************
LEO21: 26.500569567004295: ['LEO11', 'LEO12', 'LEO19', 'LEO21', 'LEO22', 'LEO29', 'LEO31', 'LEO32', 'LEO39']
LEO33: 59.16698962609493: ['LEO13', 'LEO14', 'LEO23', 'LEO24', 'LEO33', 'LEO34', 'LEO42', 'LEO43', 'LEO44', 'LEO52', 'LEO53']
LEO47: 42.819327927303696: ['LEO15', 'LEO16', 'LEO17', 'LEO18', 'LEO25', 'LEO26', 'LEO27', 'LEO28', 'LEO35', 'LEO36', 'LEO37', 'LEO38', 'LEO45', 'LEO46', 'LEO47', 'LEO48', 'LEO49', 'LEO55', 'LEO56', 'LEO57', 'LEO58', 'LEO66', 'LEO67', 'LEO68', 'LEO77', 'LEO78', 'LEO79', 'LEO81', 'LEO86', 'LEO87', 'LEO88', 'LEO89']
LEO51: 64.14097934603468: ['LEO41', 'LEO51', 'LEO59', 'LEO61', 'LEO62', 'LEO69', 'LEO71']
LEO73: 43.83116000664042: ['LEO54', 'LEO63', 'LEO64', 'LEO65', 'LEO72', 'LEO73', 'LEO74', 'LEO75', 'LEO76', 'LEO82', 'LEO83', 'LEO84', 'LEO85']
sum_con_loads:  236.46
max_con_loads:   64.14
avg_setup_time: 208.56
