******************************************************************************
METIS 5.0 Copyright 1998-13, Regents of the University of Minnesota
 (HEAD: , Built on: Dec 17 2022, 08:18:35)
 size of idx_t: 64bits, real_t: 32bits, idx_t *: 64bits

Graph Information -----------------------------------------------------------
 Name: MetisTopos/512, #Vertices: 72, #Edges: 126, #Parts: 8

Options ---------------------------------------------------------------------
 ptype=kway, objtype=cut, ctype=shem, rtype=greedy, iptype=metisrb
 dbglvl=0, ufactor=2.200, no2hop=NO, minconn=NO, contig=NO, nooutput=NO
 seed=-1, niter=10, ncuts=1

Direct k-way Partitioning ---------------------------------------------------
 - Edgecut: 7024, communication volume: 73.

 - Balance:
     constraint #0:  2.069 out of 0.552

 - Most overweight partition:
     pid: 7, actual: 3000, desired: 1450, ratio: 2.07.

 - Subdomain connectivity: max: 5, min: 0, avg: 2.75

 - There are 1 non-contiguous partitions.
   Total components after removing the cut edges: 7,
   max components: 2 for pid: 3.

Timing Information ----------------------------------------------------------
  I/O:          		   0.001 sec
  Partitioning: 		   0.001 sec   (METIS time)
  Reporting:    		   0.000 sec

Memory Information ----------------------------------------------------------
  Max memory used:		   0.071 MB
******************************************************************************
LEO24: 40.909863019897585: ['LEO11', 'LEO12', 'LEO21', 'LEO22', 'LEO24', 'LEO25', 'LEO34', 'LEO35', 'LEO44', 'LEO45', 'LEO54', 'LEO55']
LEO14: 28.631383486720033: ['LEO13', 'LEO14', 'LEO15']
LEO68: 35.96059537154806: ['LEO16', 'LEO17', 'LEO18', 'LEO19', 'LEO26', 'LEO27', 'LEO28', 'LEO29', 'LEO36', 'LEO37', 'LEO38', 'LEO39', 'LEO46', 'LEO47', 'LEO56', 'LEO57', 'LEO66', 'LEO67', 'LEO68', 'LEO69', 'LEO77', 'LEO78', 'LEO87', 'LEO88', 'LEO89']
LEO51: 86.98192154997025: ['LEO23', 'LEO31', 'LEO32', 'LEO33', 'LEO41', 'LEO42', 'LEO43', 'LEO51', 'LEO52', 'LEO53', 'LEO61', 'LEO71', 'LEO79']
LEO59: 20.239995965680713: ['LEO48', 'LEO49', 'LEO58', 'LEO59']
LEO73: 43.83116000664042: ['LEO62', 'LEO63', 'LEO64', 'LEO65', 'LEO72', 'LEO73', 'LEO74', 'LEO75', 'LEO76', 'LEO81', 'LEO82', 'LEO83', 'LEO84', 'LEO85', 'LEO86']
sum_con_loads:  256.55
max_con_loads:   86.98
avg_setup_time: 270.46
