******************************************************************************
METIS 5.0 Copyright 1998-13, Regents of the University of Minnesota
 (HEAD: , Built on: Dec 17 2022, 08:18:35)
 size of idx_t: 64bits, real_t: 32bits, idx_t *: 64bits

Graph Information -----------------------------------------------------------
 Name: MetisTopos/512, #Vertices: 72, #Edges: 126, #Parts: 8

Options ---------------------------------------------------------------------
 ptype=kway, objtype=cut, ctype=shem, rtype=greedy, iptype=metisrb
 dbglvl=0, ufactor=2.300, no2hop=NO, minconn=NO, contig=NO, nooutput=NO
 seed=-1, niter=10, ncuts=1

Direct k-way Partitioning ---------------------------------------------------
 - Edgecut: 6452, communication volume: 72.

 - Balance:
     constraint #0:  2.276 out of 0.552

 - Most overweight partition:
     pid: 7, actual: 3300, desired: 1450, ratio: 2.28.

 - Subdomain connectivity: max: 5, min: 0, avg: 3.50

 - There are 0 non-contiguous partitions.
   Total components after removing the cut edges: 7,
   max components: 1 for pid: 0.

Timing Information ----------------------------------------------------------
  I/O:          		   0.001 sec
  Partitioning: 		   0.002 sec   (METIS time)
  Reporting:    		   0.000 sec

Memory Information ----------------------------------------------------------
  Max memory used:		   0.071 MB
******************************************************************************
LEO21: 17.678550873842948: ['LEO11', 'LEO12', 'LEO21', 'LEO22']
LEO33: 59.16698962609493: ['LEO13', 'LEO14', 'LEO23', 'LEO24', 'LEO33', 'LEO34', 'LEO42', 'LEO43', 'LEO52', 'LEO53']
LEO25: 20.643077599370777: ['LEO15', 'LEO16', 'LEO17', 'LEO25', 'LEO26', 'LEO27', 'LEO35', 'LEO36']
LEO39: 15.82638792744061: ['LEO18', 'LEO19', 'LEO28', 'LEO29', 'LEO38', 'LEO39', 'LEO48', 'LEO49']
LEO51: 69.2175956264621: ['LEO31', 'LEO32', 'LEO41', 'LEO51', 'LEO59', 'LEO61', 'LEO69', 'LEO71', 'LEO72', 'LEO79', 'LEO81', 'LEO82', 'LEO89']
LEO57: 19.6568621402473: ['LEO37', 'LEO47', 'LEO57', 'LEO58', 'LEO67', 'LEO68', 'LEO76', 'LEO77', 'LEO78', 'LEO86', 'LEO87', 'LEO88']
LEO73: 42.89479162078125: ['LEO44', 'LEO45', 'LEO46', 'LEO54', 'LEO55', 'LEO56', 'LEO62', 'LEO63', 'LEO64', 'LEO65', 'LEO66', 'LEO73', 'LEO74', 'LEO75', 'LEO83', 'LEO84', 'LEO85']
sum_con_loads:  245.08
max_con_loads:   69.22
avg_setup_time: 201.62
