******************************************************************************
METIS 5.0 Copyright 1998-13, Regents of the University of Minnesota
 (HEAD: , Built on: Dec 17 2022, 08:18:35)
 size of idx_t: 64bits, real_t: 32bits, idx_t *: 64bits

Graph Information -----------------------------------------------------------
 Name: MetisTopos/512, #Vertices: 72, #Edges: 126, #Parts: 8

Options ---------------------------------------------------------------------
 ptype=kway, objtype=cut, ctype=shem, rtype=greedy, iptype=metisrb
 dbglvl=0, ufactor=2.700, no2hop=NO, minconn=NO, contig=YES, nooutput=NO
 seed=-1, niter=10, ncuts=1

Direct k-way Partitioning ---------------------------------------------------
 - Edgecut: 6454, communication volume: 66.

 - Balance:
     constraint #0:  2.621 out of 0.552

 - Most overweight partition:
     pid: 2, actual: 3800, desired: 1450, ratio: 2.62.

 - Subdomain connectivity: max: 5, min: 0, avg: 2.75

 - There are 0 non-contiguous partitions.
   Total components after removing the cut edges: 6,
   max components: 1 for pid: 2.

Timing Information ----------------------------------------------------------
  I/O:          		   0.001 sec
  Partitioning: 		   0.001 sec   (METIS time)
  Reporting:    		   0.000 sec

Memory Information ----------------------------------------------------------
  Max memory used:		   0.071 MB
******************************************************************************
LEO31: 42.305063498707725: ['LEO11', 'LEO12', 'LEO16', 'LEO17', 'LEO18', 'LEO19', 'LEO21', 'LEO22', 'LEO26', 'LEO27', 'LEO28', 'LEO29', 'LEO31', 'LEO32', 'LEO36', 'LEO37', 'LEO38', 'LEO39', 'LEO46', 'LEO47', 'LEO48', 'LEO49', 'LEO56', 'LEO57', 'LEO66', 'LEO67', 'LEO77', 'LEO87']
LEO33: 64.75849852008669: ['LEO13', 'LEO14', 'LEO23', 'LEO24', 'LEO33', 'LEO34', 'LEO43', 'LEO52', 'LEO53', 'LEO62', 'LEO63']
LEO15: 20.643077599370777: ['LEO15', 'LEO25', 'LEO35']
LEO51: 69.85122541952711: ['LEO41', 'LEO42', 'LEO51', 'LEO58', 'LEO59', 'LEO61', 'LEO68', 'LEO69', 'LEO71', 'LEO78', 'LEO79', 'LEO81', 'LEO88', 'LEO89']
LEO74: 17.878023366025314: ['LEO44', 'LEO45', 'LEO54', 'LEO55', 'LEO64', 'LEO65', 'LEO74', 'LEO75', 'LEO76', 'LEO84', 'LEO85', 'LEO86']
LEO73: 29.77314561563191: ['LEO72', 'LEO73', 'LEO82', 'LEO83']
sum_con_loads:  245.21
max_con_loads:   69.85
avg_setup_time: 216.32
