******************************************************************************
METIS 5.0 Copyright 1998-13, Regents of the University of Minnesota
 (HEAD: , Built on: Dec 17 2022, 08:18:35)
 size of idx_t: 64bits, real_t: 32bits, idx_t *: 64bits

Graph Information -----------------------------------------------------------
 Name: MetisTopos/512, #Vertices: 72, #Edges: 126, #Parts: 8

Options ---------------------------------------------------------------------
 ptype=kway, objtype=cut, ctype=shem, rtype=greedy, iptype=metisrb
 dbglvl=0, ufactor=2.900, no2hop=NO, minconn=NO, contig=YES, nooutput=NO
 seed=-1, niter=10, ncuts=1

Direct k-way Partitioning ---------------------------------------------------
 - Edgecut: 6246, communication volume: 66.

 - Balance:
     constraint #0:  2.828 out of 0.552

 - Most overweight partition:
     pid: 7, actual: 4100, desired: 1450, ratio: 2.83.

 - Subdomain connectivity: max: 5, min: 0, avg: 3.00

 - There are 0 non-contiguous partitions.
   Total components after removing the cut edges: 6,
   max components: 1 for pid: 1.

Timing Information ----------------------------------------------------------
  I/O:          		   0.001 sec
  Partitioning: 		   0.001 sec   (METIS time)
  Reporting:    		   0.000 sec

Memory Information ----------------------------------------------------------
  Max memory used:		   0.073 MB
******************************************************************************
LEO41: 42.00822481537957: ['LEO11', 'LEO12', 'LEO21', 'LEO22', 'LEO31', 'LEO32', 'LEO41', 'LEO42', 'LEO49']
LEO14: 40.958353002248785: ['LEO13', 'LEO14', 'LEO15', 'LEO16', 'LEO24', 'LEO25', 'LEO26']
LEO39: 10.037336503981095: ['LEO17', 'LEO18', 'LEO19', 'LEO27', 'LEO28', 'LEO29', 'LEO38', 'LEO39']
LEO53: 90.58856899584006: ['LEO23', 'LEO33', 'LEO43', 'LEO51', 'LEO52', 'LEO53', 'LEO59', 'LEO61', 'LEO62', 'LEO63', 'LEO71', 'LEO72', 'LEO73', 'LEO79', 'LEO81', 'LEO82', 'LEO83', 'LEO89']
LEO35: 10.899896880427965: ['LEO34', 'LEO35', 'LEO44', 'LEO45', 'LEO54', 'LEO55']
LEO67: 46.42811404089131: ['LEO36', 'LEO37', 'LEO46', 'LEO47', 'LEO48', 'LEO56', 'LEO57', 'LEO58', 'LEO64', 'LEO65', 'LEO66', 'LEO67', 'LEO68', 'LEO69', 'LEO74', 'LEO75', 'LEO76', 'LEO77', 'LEO78', 'LEO84', 'LEO85', 'LEO86', 'LEO87', 'LEO88']
sum_con_loads:  240.92
max_con_loads:   90.59
avg_setup_time: 293.60
