******************************************************************************
METIS 5.0 Copyright 1998-13, Regents of the University of Minnesota
 (HEAD: , Built on: Dec 17 2022, 08:18:35)
 size of idx_t: 64bits, real_t: 32bits, idx_t *: 64bits

Graph Information -----------------------------------------------------------
 Name: MetisTopos/512, #Vertices: 72, #Edges: 126, #Parts: 8

Options ---------------------------------------------------------------------
 ptype=kway, objtype=cut, ctype=shem, rtype=greedy, iptype=metisrb
 dbglvl=0, ufactor=1.200, no2hop=NO, minconn=NO, contig=YES, nooutput=NO
 seed=-1, niter=10, ncuts=1

Direct k-way Partitioning ---------------------------------------------------
 - Edgecut: 10422, communication volume: 77.

 - Balance:
     constraint #0:  1.172 out of 0.552

 - Most overweight partition:
     pid: 1, actual: 1700, desired: 1450, ratio: 1.17.

 - Subdomain connectivity: max: 6, min: 3, avg: 4.00

 - Each partition is contiguous.

Timing Information ----------------------------------------------------------
  I/O:          		   0.001 sec
  Partitioning: 		   0.002 sec   (METIS time)
  Reporting:    		   0.000 sec

Memory Information ----------------------------------------------------------
  Max memory used:		   0.071 MB
******************************************************************************
LEO41: 39.49468043379966: ['LEO11', 'LEO12', 'LEO21', 'LEO22', 'LEO31', 'LEO32', 'LEO41', 'LEO42']
LEO23: 53.90160693876458: ['LEO13', 'LEO14', 'LEO23', 'LEO33', 'LEO43']
LEO38: 27.21190346467795: ['LEO15', 'LEO16', 'LEO17', 'LEO18', 'LEO19', 'LEO27', 'LEO28', 'LEO29', 'LEO38', 'LEO39', 'LEO48', 'LEO49']
LEO53: 63.506930031799705: ['LEO24', 'LEO25', 'LEO26', 'LEO34', 'LEO35', 'LEO36', 'LEO37', 'LEO44', 'LEO45', 'LEO46', 'LEO47', 'LEO53', 'LEO54', 'LEO55', 'LEO56', 'LEO57', 'LEO64', 'LEO65', 'LEO66', 'LEO67']
LEO51: 50.00978471849298: ['LEO51', 'LEO52', 'LEO61', 'LEO71', 'LEO79', 'LEO81', 'LEO89']
LEO59: 27.171864023820554: ['LEO58', 'LEO59', 'LEO68', 'LEO69']
LEO73: 38.04878142782614: ['LEO62', 'LEO63', 'LEO72', 'LEO73', 'LEO82', 'LEO83']
LEO74: 25.333754285121355: ['LEO74', 'LEO75', 'LEO76', 'LEO77', 'LEO78', 'LEO84', 'LEO85', 'LEO86', 'LEO87', 'LEO88']
sum_con_loads:  324.68
max_con_loads:   63.51
avg_setup_time: 237.85
