******************************************************************************
METIS 5.0 Copyright 1998-13, Regents of the University of Minnesota
 (HEAD: , Built on: Dec 17 2022, 08:18:35)
 size of idx_t: 64bits, real_t: 32bits, idx_t *: 64bits

Graph Information -----------------------------------------------------------
 Name: MetisTopos/512, #Vertices: 72, #Edges: 126, #Parts: 8

Options ---------------------------------------------------------------------
 ptype=kway, objtype=cut, ctype=shem, rtype=greedy, iptype=metisrb
 dbglvl=0, ufactor=3.500, no2hop=NO, minconn=NO, contig=NO, nooutput=NO
 seed=-1, niter=10, ncuts=1

Direct k-way Partitioning ---------------------------------------------------
 - Edgecut: 5378, communication volume: 53.

 - Balance:
     constraint #0:  3.448 out of 0.552

 - Most overweight partition:
     pid: 7, actual: 5000, desired: 1450, ratio: 3.45.

 - Subdomain connectivity: max: 4, min: 0, avg: 1.75

 - There are 0 non-contiguous partitions.
   Total components after removing the cut edges: 5,
   max components: 1 for pid: 1.

Timing Information ----------------------------------------------------------
  I/O:          		   0.001 sec
  Partitioning: 		   0.001 sec   (METIS time)
  Reporting:    		   0.000 sec

Memory Information ----------------------------------------------------------
  Max memory used:		   0.071 MB
******************************************************************************
LEO31: 60.499506858821064: ['LEO11', 'LEO12', 'LEO16', 'LEO17', 'LEO18', 'LEO19', 'LEO21', 'LEO22', 'LEO24', 'LEO25', 'LEO26', 'LEO27', 'LEO28', 'LEO29', 'LEO31', 'LEO32', 'LEO34', 'LEO35', 'LEO36', 'LEO37', 'LEO38', 'LEO39', 'LEO45', 'LEO46', 'LEO47', 'LEO48', 'LEO49']
LEO14: 28.631383486720033: ['LEO13', 'LEO14', 'LEO15']
LEO53: 93.3822717824089: ['LEO23', 'LEO33', 'LEO41', 'LEO42', 'LEO43', 'LEO44', 'LEO51', 'LEO52', 'LEO53', 'LEO54', 'LEO61', 'LEO62', 'LEO63', 'LEO64', 'LEO71', 'LEO72', 'LEO73', 'LEO74', 'LEO81', 'LEO82', 'LEO83', 'LEO84', 'LEO85']
LEO69: 40.964643241034004: ['LEO55', 'LEO56', 'LEO57', 'LEO58', 'LEO59', 'LEO65', 'LEO66', 'LEO67', 'LEO68', 'LEO69', 'LEO75', 'LEO76', 'LEO77', 'LEO78', 'LEO79']
LEO86: 0: ['LEO86', 'LEO87', 'LEO88', 'LEO89']
sum_con_loads:  223.48
max_con_loads:   93.38
avg_setup_time: 342.71
