******************************************************************************
METIS 5.0 Copyright 1998-13, Regents of the University of Minnesota
 (HEAD: , Built on: Dec 17 2022, 08:18:35)
 size of idx_t: 64bits, real_t: 32bits, idx_t *: 64bits

Graph Information -----------------------------------------------------------
 Name: MetisTopos/512, #Vertices: 72, #Edges: 126, #Parts: 8

Options ---------------------------------------------------------------------
 ptype=kway, objtype=cut, ctype=shem, rtype=greedy, iptype=metisrb
 dbglvl=0, ufactor=3.900, no2hop=NO, minconn=NO, contig=YES, nooutput=NO
 seed=-1, niter=10, ncuts=1

Direct k-way Partitioning ---------------------------------------------------
 - Edgecut: 4815, communication volume: 61.

 - Balance:
     constraint #0:  4.690 out of 0.552

 - Most overweight partition:
     pid: 7, actual: 6800, desired: 1450, ratio: 4.69.

 - Subdomain connectivity: max: 3, min: 0, avg: 0.75

 - There are 0 non-contiguous partitions.
   Total components after removing the cut edges: 4,
   max components: 1 for pid: 1.

Timing Information ----------------------------------------------------------
  I/O:          		   0.001 sec
  Partitioning: 		   0.001 sec   (METIS time)
  Reporting:    		   0.000 sec

Memory Information ----------------------------------------------------------
  Max memory used:		   0.074 MB
******************************************************************************
LEO53: 116.19438534530244: ['LEO11', 'LEO12', 'LEO13', 'LEO14', 'LEO15', 'LEO16', 'LEO17', 'LEO18', 'LEO19', 'LEO21', 'LEO22', 'LEO23', 'LEO26', 'LEO31', 'LEO32', 'LEO33', 'LEO36', 'LEO37', 'LEO41', 'LEO42', 'LEO43', 'LEO47', 'LEO51', 'LEO52', 'LEO53', 'LEO57', 'LEO58', 'LEO59', 'LEO63', 'LEO67', 'LEO73', 'LEO74', 'LEO75', 'LEO76', 'LEO77']
LEO24: 24.72584192450523: ['LEO24', 'LEO25', 'LEO34', 'LEO35', 'LEO44', 'LEO45', 'LEO46', 'LEO54', 'LEO55', 'LEO56', 'LEO64', 'LEO65', 'LEO66']
LEO39: 15.82638792744061: ['LEO27', 'LEO28', 'LEO29', 'LEO38', 'LEO39', 'LEO48', 'LEO49']
LEO61: 55.56129058465947: ['LEO61', 'LEO62', 'LEO68', 'LEO69', 'LEO71', 'LEO72', 'LEO78', 'LEO79', 'LEO81', 'LEO82', 'LEO83', 'LEO84', 'LEO85', 'LEO86', 'LEO87', 'LEO88', 'LEO89']
sum_con_loads:  212.31
max_con_loads:  116.19
avg_setup_time: 210.61
