******************************************************************************
METIS 5.0 Copyright 1998-13, Regents of the University of Minnesota
 (HEAD: , Built on: Dec 17 2022, 08:18:35)
 size of idx_t: 64bits, real_t: 32bits, idx_t *: 64bits

Graph Information -----------------------------------------------------------
 Name: MetisTopos/512, #Vertices: 72, #Edges: 126, #Parts: 8

Options ---------------------------------------------------------------------
 ptype=kway, objtype=cut, ctype=shem, rtype=greedy, iptype=metisrb
 dbglvl=0, ufactor=1.400, no2hop=NO, minconn=NO, contig=YES, nooutput=NO
 seed=-1, niter=10, ncuts=1

Direct k-way Partitioning ---------------------------------------------------
 - Edgecut: 8829, communication volume: 79.

 - Balance:
     constraint #0:  1.379 out of 0.552

 - Most overweight partition:
     pid: 2, actual: 2000, desired: 1450, ratio: 1.38.

 - Subdomain connectivity: max: 6, min: 2, avg: 4.25

 - Each partition is contiguous.

Timing Information ----------------------------------------------------------
  I/O:          		   0.001 sec
  Partitioning: 		   0.002 sec   (METIS time)
  Reporting:    		   0.000 sec

Memory Information ----------------------------------------------------------
  Max memory used:		   0.071 MB
******************************************************************************
LEO21: 26.500569567004295: ['LEO11', 'LEO12', 'LEO19', 'LEO21', 'LEO22', 'LEO29', 'LEO31', 'LEO39']
LEO33: 54.219321068992684: ['LEO13', 'LEO23', 'LEO32', 'LEO33', 'LEO34', 'LEO42', 'LEO43', 'LEO44', 'LEO52', 'LEO53', 'LEO54']
LEO14: 31.95379550746639: ['LEO14', 'LEO24']
LEO36: 25.71489757953868: ['LEO15', 'LEO16', 'LEO17', 'LEO18', 'LEO25', 'LEO26', 'LEO27', 'LEO28', 'LEO35', 'LEO36', 'LEO37', 'LEO38', 'LEO45', 'LEO46', 'LEO47', 'LEO57', 'LEO67']
LEO51: 58.84454457651184: ['LEO41', 'LEO51', 'LEO61', 'LEO62', 'LEO71', 'LEO79']
LEO59: 32.20883238903207: ['LEO48', 'LEO49', 'LEO58', 'LEO59', 'LEO68', 'LEO69']
LEO74: 25.511563673457058: ['LEO55', 'LEO56', 'LEO64', 'LEO65', 'LEO66', 'LEO74', 'LEO75', 'LEO76', 'LEO77', 'LEO78', 'LEO81', 'LEO84', 'LEO85', 'LEO86', 'LEO87', 'LEO88', 'LEO89']
LEO73: 38.04878142782614: ['LEO63', 'LEO72', 'LEO73', 'LEO82', 'LEO83']
sum_con_loads:  293.00
max_con_loads:   58.84
avg_setup_time: 202.09
