******************************************************************************
METIS 5.0 Copyright 1998-13, Regents of the University of Minnesota
 (HEAD: , Built on: Dec 17 2022, 08:18:35)
 size of idx_t: 64bits, real_t: 32bits, idx_t *: 64bits

Graph Information -----------------------------------------------------------
 Name: MetisTopos/512, #Vertices: 72, #Edges: 126, #Parts: 8

Options ---------------------------------------------------------------------
 ptype=kway, objtype=cut, ctype=shem, rtype=greedy, iptype=metisrb
 dbglvl=0, ufactor=1.600, no2hop=NO, minconn=NO, contig=YES, nooutput=NO
 seed=-1, niter=10, ncuts=1

Direct k-way Partitioning ---------------------------------------------------
 - Edgecut: 8632, communication volume: 76.

 - Balance:
     constraint #0:  1.517 out of 0.552

 - Most overweight partition:
     pid: 1, actual: 2200, desired: 1450, ratio: 1.52.

 - Subdomain connectivity: max: 6, min: 2, avg: 4.00

 - Each partition is contiguous.

Timing Information ----------------------------------------------------------
  I/O:          		   0.001 sec
  Partitioning: 		   0.002 sec   (METIS time)
  Reporting:    		   0.000 sec

Memory Information ----------------------------------------------------------
  Max memory used:		   0.071 MB
******************************************************************************
LEO21: 37.046830652173874: ['LEO11', 'LEO12', 'LEO16', 'LEO17', 'LEO18', 'LEO19', 'LEO21', 'LEO22', 'LEO25', 'LEO26', 'LEO27', 'LEO28', 'LEO29', 'LEO35', 'LEO36', 'LEO37', 'LEO38', 'LEO45', 'LEO46', 'LEO47', 'LEO48', 'LEO57', 'LEO67']
LEO14: 28.631383486720033: ['LEO13', 'LEO14', 'LEO15']
LEO33: 59.66116011289007: ['LEO23', 'LEO24', 'LEO32', 'LEO33', 'LEO34', 'LEO43', 'LEO44', 'LEO52', 'LEO53', 'LEO63']
LEO41: 33.86107403159831: ['LEO31', 'LEO39', 'LEO41', 'LEO42', 'LEO49']
LEO51: 53.30283696432606: ['LEO51', 'LEO59', 'LEO61', 'LEO62', 'LEO71', 'LEO79']
LEO74: 25.511563673457058: ['LEO54', 'LEO55', 'LEO56', 'LEO64', 'LEO65', 'LEO66', 'LEO74', 'LEO75', 'LEO76', 'LEO77', 'LEO78', 'LEO84', 'LEO85', 'LEO86', 'LEO87', 'LEO88']
LEO69: 21.140533341821946: ['LEO58', 'LEO68', 'LEO69']
LEO73: 29.77314561563191: ['LEO72', 'LEO73', 'LEO81', 'LEO82', 'LEO83', 'LEO89']
sum_con_loads:  288.93
max_con_loads:   59.66
avg_setup_time: 214.79
