******************************************************************************
METIS 5.0 Copyright 1998-13, Regents of the University of Minnesota
 (HEAD: , Built on: Dec 17 2022, 08:18:35)
 size of idx_t: 64bits, real_t: 32bits, idx_t *: 64bits

Graph Information -----------------------------------------------------------
 Name: MetisTopos/512, #Vertices: 72, #Edges: 126, #Parts: 8

Options ---------------------------------------------------------------------
 ptype=kway, objtype=cut, ctype=shem, rtype=greedy, iptype=metisrb
 dbglvl=0, ufactor=1.700, no2hop=NO, minconn=NO, contig=NO, nooutput=NO
 seed=-1, niter=10, ncuts=1

Direct k-way Partitioning ---------------------------------------------------
 - Edgecut: 8353, communication volume: 78.

 - Balance:
     constraint #0:  1.448 out of 0.552

 - Most overweight partition:
     pid: 1, actual: 2100, desired: 1450, ratio: 1.45.

 - Subdomain connectivity: max: 6, min: 3, avg: 4.50

 - Each partition is contiguous.

Timing Information ----------------------------------------------------------
  I/O:          		   0.001 sec
  Partitioning: 		   0.002 sec   (METIS time)
  Reporting:    		   0.000 sec

Memory Information ----------------------------------------------------------
  Max memory used:		   0.071 MB
******************************************************************************
LEO41: 42.00822481537956: ['LEO11', 'LEO12', 'LEO21', 'LEO22', 'LEO31', 'LEO41', 'LEO49']
LEO13: 25.03451861848519: ['LEO13', 'LEO14']
LEO37: 24.039518472268895: ['LEO15', 'LEO16', 'LEO17', 'LEO18', 'LEO19', 'LEO25', 'LEO26', 'LEO27', 'LEO28', 'LEO29', 'LEO36', 'LEO37', 'LEO38', 'LEO39', 'LEO47', 'LEO48']
LEO33: 57.00731042365351: ['LEO23', 'LEO24', 'LEO32', 'LEO33', 'LEO34', 'LEO35', 'LEO42', 'LEO43', 'LEO52', 'LEO53']
LEO74: 17.878023366025314: ['LEO44', 'LEO45', 'LEO46', 'LEO54', 'LEO55', 'LEO56', 'LEO64', 'LEO65', 'LEO66', 'LEO74', 'LEO75']
LEO61: 53.80484169737698: ['LEO51', 'LEO61', 'LEO69', 'LEO71', 'LEO79']
LEO58: 25.308568803482597: ['LEO57', 'LEO58', 'LEO59', 'LEO67', 'LEO68', 'LEO76', 'LEO77', 'LEO78']
LEO73: 38.048781427826135: ['LEO62', 'LEO63', 'LEO72', 'LEO73', 'LEO81', 'LEO82', 'LEO83', 'LEO84', 'LEO85', 'LEO86', 'LEO87', 'LEO88', 'LEO89']
sum_con_loads:  283.13
max_con_loads:   57.01
avg_setup_time: 201.94
