******************************************************************************
METIS 5.0 Copyright 1998-13, Regents of the University of Minnesota
 (HEAD: , Built on: Dec 17 2022, 08:18:35)
 size of idx_t: 64bits, real_t: 32bits, idx_t *: 64bits

Graph Information -----------------------------------------------------------
 Name: MetisTopos/512, #Vertices: 72, #Edges: 126, #Parts: 8

Options ---------------------------------------------------------------------
 ptype=kway, objtype=cut, ctype=shem, rtype=greedy, iptype=metisrb
 dbglvl=0, ufactor=1.800, no2hop=NO, minconn=NO, contig=YES, nooutput=NO
 seed=-1, niter=10, ncuts=1

Direct k-way Partitioning ---------------------------------------------------
 - Edgecut: 8530, communication volume: 78.

 - Balance:
     constraint #0:  1.793 out of 0.552

 - Most overweight partition:
     pid: 3, actual: 2600, desired: 1450, ratio: 1.79.

 - Subdomain connectivity: max: 6, min: 2, avg: 4.00

 - Each partition is contiguous.

Timing Information ----------------------------------------------------------
  I/O:          		   0.001 sec
  Partitioning: 		   0.002 sec   (METIS time)
  Reporting:    		   0.000 sec

Memory Information ----------------------------------------------------------
  Max memory used:		   0.071 MB
******************************************************************************
LEO21: 26.500569567004295: ['LEO11', 'LEO12', 'LEO19', 'LEO21', 'LEO22', 'LEO29', 'LEO31', 'LEO39']
LEO33: 59.81082996298444: ['LEO13', 'LEO23', 'LEO32', 'LEO33', 'LEO34', 'LEO43', 'LEO44', 'LEO53', 'LEO54', 'LEO62', 'LEO63', 'LEO64']
LEO14: 31.95379550746639: ['LEO14', 'LEO24']
LEO35: 20.820886987706476: ['LEO15', 'LEO16', 'LEO17', 'LEO25', 'LEO26', 'LEO27', 'LEO35', 'LEO36', 'LEO45', 'LEO46', 'LEO55', 'LEO56', 'LEO65', 'LEO66']
LEO58: 28.69263308563259: ['LEO18', 'LEO28', 'LEO37', 'LEO38', 'LEO47', 'LEO48', 'LEO49', 'LEO57', 'LEO58', 'LEO59', 'LEO67', 'LEO68']
LEO51: 62.28757850357934: ['LEO41', 'LEO42', 'LEO51', 'LEO52', 'LEO61', 'LEO69', 'LEO71']
LEO73: 29.77314561563191: ['LEO72', 'LEO73', 'LEO81', 'LEO82', 'LEO83']
LEO74: 27.017608381343273: ['LEO74', 'LEO75', 'LEO76', 'LEO77', 'LEO78', 'LEO79', 'LEO84', 'LEO85', 'LEO86', 'LEO87', 'LEO88', 'LEO89']
sum_con_loads:  286.86
max_con_loads:   62.29
avg_setup_time: 206.50
