******************************************************************************
METIS 5.0 Copyright 1998-13, Regents of the University of Minnesota
 (HEAD: , Built on: Dec 17 2022, 08:18:35)
 size of idx_t: 64bits, real_t: 32bits, idx_t *: 64bits

Graph Information -----------------------------------------------------------
 Name: MetisTopos/512, #Vertices: 72, #Edges: 126, #Parts: 8

Options ---------------------------------------------------------------------
 ptype=kway, objtype=cut, ctype=shem, rtype=greedy, iptype=metisrb
 dbglvl=0, ufactor=1.900, no2hop=NO, minconn=NO, contig=YES, nooutput=NO
 seed=-1, niter=10, ncuts=1

Direct k-way Partitioning ---------------------------------------------------
 - Edgecut: 7745, communication volume: 66.

 - Balance:
     constraint #0:  1.862 out of 0.552

 - Most overweight partition:
     pid: 7, actual: 2700, desired: 1450, ratio: 1.86.

 - Subdomain connectivity: max: 6, min: 0, avg: 3.50

 - There are 0 non-contiguous partitions.
   Total components after removing the cut edges: 7,
   max components: 1 for pid: 1.

Timing Information ----------------------------------------------------------
  I/O:          		   0.001 sec
  Partitioning: 		   0.002 sec   (METIS time)
  Reporting:    		   0.000 sec

Memory Information ----------------------------------------------------------
  Max memory used:		   0.071 MB
******************************************************************************
LEO23: 60.91264112574966: ['LEO11', 'LEO12', 'LEO13', 'LEO19', 'LEO22', 'LEO23', 'LEO24', 'LEO33', 'LEO34', 'LEO43', 'LEO44', 'LEO53', 'LEO54']
LEO14: 23.223690860172486: ['LEO14', 'LEO15']
LEO47: 30.650686538133172: ['LEO16', 'LEO17', 'LEO18', 'LEO25', 'LEO26', 'LEO27', 'LEO28', 'LEO35', 'LEO36', 'LEO37', 'LEO38', 'LEO45', 'LEO46', 'LEO47', 'LEO48', 'LEO49', 'LEO55', 'LEO56', 'LEO57', 'LEO58', 'LEO66', 'LEO67', 'LEO68', 'LEO76', 'LEO77']
LEO31: 22.145629365833262: ['LEO21', 'LEO29', 'LEO31', 'LEO32', 'LEO39']
LEO51: 61.82437710641026: ['LEO41', 'LEO42', 'LEO51', 'LEO52', 'LEO59', 'LEO61', 'LEO69']
LEO73: 35.164875129721146: ['LEO62', 'LEO63', 'LEO64', 'LEO65', 'LEO73', 'LEO74', 'LEO75']
LEO71: 37.32194529167507: ['LEO71', 'LEO72', 'LEO78', 'LEO79', 'LEO81', 'LEO82', 'LEO83', 'LEO84', 'LEO85', 'LEO86', 'LEO87', 'LEO88', 'LEO89']
sum_con_loads:  271.24
max_con_loads:   61.82
avg_setup_time: 204.10
