******************************************************************************
METIS 5.0 Copyright 1998-13, Regents of the University of Minnesota
 (HEAD: , Built on: Dec 17 2022, 08:18:35)
 size of idx_t: 64bits, real_t: 32bits, idx_t *: 64bits

Graph Information -----------------------------------------------------------
 Name: MetisTopos/1163, #Vertices: 72, #Edges: 128, #Parts: 8

Options ---------------------------------------------------------------------
 ptype=kway, objtype=cut, ctype=shem, rtype=greedy, iptype=metisrb
 dbglvl=0, ufactor=1.100, no2hop=NO, minconn=NO, contig=YES, nooutput=NO
 seed=-1, niter=10, ncuts=1

Direct k-way Partitioning ---------------------------------------------------
 - Edgecut: 9654, communication volume: 79.

 - Balance:
     constraint #0:  1.121 out of 0.598

 - Most overweight partition:
     pid: 5, actual: 1500, desired: 1337, ratio: 1.12.

 - Subdomain connectivity: max: 5, min: 2, avg: 3.75

 - Each partition is contiguous.

Timing Information ----------------------------------------------------------
  I/O:          		   0.001 sec
  Partitioning: 		   0.002 sec   (METIS time)
  Reporting:    		   0.000 sec

Memory Information ----------------------------------------------------------
  Max memory used:		   0.069 MB
******************************************************************************
LEO39: 45.36049885135523: ['LEO11', 'LEO15', 'LEO16', 'LEO17', 'LEO18', 'LEO19', 'LEO21', 'LEO24', 'LEO25', 'LEO26', 'LEO27', 'LEO28', 'LEO29', 'LEO31', 'LEO35', 'LEO36', 'LEO39']
LEO12: 24.972870365174387: ['LEO12', 'LEO13', 'LEO14']
LEO32: 47.140404356056386: ['LEO22', 'LEO23', 'LEO32', 'LEO33', 'LEO41', 'LEO42', 'LEO43']
LEO37: 36.40119620486694: ['LEO34', 'LEO37', 'LEO38', 'LEO44', 'LEO45', 'LEO46', 'LEO47', 'LEO56', 'LEO57']
LEO49: 38.22350667541281: ['LEO48', 'LEO49', 'LEO58']
LEO52: 41.86884286107689: ['LEO51', 'LEO52', 'LEO53', 'LEO54', 'LEO55', 'LEO62', 'LEO63', 'LEO64', 'LEO65', 'LEO72', 'LEO73', 'LEO74', 'LEO75']
LEO59: 39.49488693986291: ['LEO59', 'LEO61', 'LEO68', 'LEO69', 'LEO71', 'LEO79']
LEO81: 26.740678348443073: ['LEO66', 'LEO67', 'LEO76', 'LEO77', 'LEO78', 'LEO81', 'LEO82', 'LEO83', 'LEO84', 'LEO85', 'LEO86', 'LEO87', 'LEO88', 'LEO89']
sum_con_loads:  300.20
max_con_loads:   47.14
avg_setup_time: 220.57
