******************************************************************************
METIS 5.0 Copyright 1998-13, Regents of the University of Minnesota
 (HEAD: , Built on: Dec 17 2022, 08:18:35)
 size of idx_t: 64bits, real_t: 32bits, idx_t *: 64bits

Graph Information -----------------------------------------------------------
 Name: MetisTopos/1163, #Vertices: 72, #Edges: 128, #Parts: 8

Options ---------------------------------------------------------------------
 ptype=kway, objtype=cut, ctype=shem, rtype=greedy, iptype=metisrb
 dbglvl=0, ufactor=2.100, no2hop=NO, minconn=NO, contig=NO, nooutput=NO
 seed=-1, niter=10, ncuts=1

Direct k-way Partitioning ---------------------------------------------------
 - Edgecut: 7929, communication volume: 63.

 - Balance:
     constraint #0:  2.093 out of 0.598

 - Most overweight partition:
     pid: 6, actual: 2800, desired: 1337, ratio: 2.09.

 - Subdomain connectivity: max: 5, min: 0, avg: 3.25

 - There are 0 non-contiguous partitions.
   Total components after removing the cut edges: 7,
   max components: 1 for pid: 0.

Timing Information ----------------------------------------------------------
  I/O:          		   0.001 sec
  Partitioning: 		   0.002 sec   (METIS time)
  Reporting:    		   0.000 sec

Memory Information ----------------------------------------------------------
  Max memory used:		   0.069 MB
******************************************************************************
LEO32: 58.02141761711835: ['LEO11', 'LEO21', 'LEO22', 'LEO23', 'LEO31', 'LEO32']
LEO12: 21.65339712912302: ['LEO12', 'LEO13']
LEO14: 20.60499967988627: ['LEO14', 'LEO15', 'LEO16', 'LEO17', 'LEO18', 'LEO19', 'LEO28', 'LEO29']
LEO35: 20.886723820420848: ['LEO24', 'LEO25', 'LEO26', 'LEO27', 'LEO33', 'LEO34', 'LEO35', 'LEO36', 'LEO37', 'LEO43', 'LEO44', 'LEO45', 'LEO46', 'LEO56']
LEO49: 78.11734241624816: ['LEO38', 'LEO39', 'LEO41', 'LEO42', 'LEO49', 'LEO51', 'LEO52', 'LEO59', 'LEO61', 'LEO69']
LEO58: 15.015728923948863: ['LEO47', 'LEO48', 'LEO57', 'LEO58']
LEO72: 51.47483499770646: ['LEO53', 'LEO54', 'LEO55', 'LEO62', 'LEO63', 'LEO64', 'LEO65', 'LEO66', 'LEO67', 'LEO68', 'LEO71', 'LEO72', 'LEO73', 'LEO74', 'LEO75', 'LEO76', 'LEO77', 'LEO78', 'LEO79', 'LEO81', 'LEO82', 'LEO83', 'LEO84', 'LEO85', 'LEO86', 'LEO87', 'LEO88', 'LEO89']
sum_con_loads:  265.77
max_con_loads:   78.12
avg_setup_time: 250.10
