******************************************************************************
METIS 5.0 Copyright 1998-13, Regents of the University of Minnesota
 (HEAD: , Built on: Dec 17 2022, 08:18:35)
 size of idx_t: 64bits, real_t: 32bits, idx_t *: 64bits

Graph Information -----------------------------------------------------------
 Name: MetisTopos/1163, #Vertices: 72, #Edges: 128, #Parts: 8

Options ---------------------------------------------------------------------
 ptype=kway, objtype=cut, ctype=shem, rtype=greedy, iptype=metisrb
 dbglvl=0, ufactor=2.300, no2hop=NO, minconn=NO, contig=YES, nooutput=NO
 seed=-1, niter=10, ncuts=1

Direct k-way Partitioning ---------------------------------------------------
 - Edgecut: 7466, communication volume: 69.

 - Balance:
     constraint #0:  2.243 out of 0.598

 - Most overweight partition:
     pid: 7, actual: 3000, desired: 1337, ratio: 2.24.

 - Subdomain connectivity: max: 6, min: 0, avg: 3.50

 - There are 0 non-contiguous partitions.
   Total components after removing the cut edges: 7,
   max components: 1 for pid: 0.

Timing Information ----------------------------------------------------------
  I/O:          		   0.001 sec
  Partitioning: 		   0.002 sec   (METIS time)
  Reporting:    		   0.000 sec

Memory Information ----------------------------------------------------------
  Max memory used:		   0.069 MB
******************************************************************************
LEO21: 22.57455937295323: ['LEO11', 'LEO21']
LEO22: 38.58983587156486: ['LEO12', 'LEO13', 'LEO22', 'LEO23']
LEO14: 20.60499967988627: ['LEO14', 'LEO15', 'LEO16', 'LEO17', 'LEO18', 'LEO19', 'LEO28', 'LEO29']
LEO35: 19.48206870540152: ['LEO24', 'LEO25', 'LEO26', 'LEO27', 'LEO34', 'LEO35', 'LEO36', 'LEO37', 'LEO44', 'LEO45', 'LEO46', 'LEO47', 'LEO56', 'LEO66']
LEO42: 78.57287518013895: ['LEO31', 'LEO32', 'LEO33', 'LEO38', 'LEO39', 'LEO41', 'LEO42', 'LEO43', 'LEO48', 'LEO49', 'LEO51', 'LEO52', 'LEO62']
LEO72: 35.55749868495733: ['LEO53', 'LEO54', 'LEO55', 'LEO63', 'LEO64', 'LEO65', 'LEO71', 'LEO72', 'LEO73', 'LEO74', 'LEO75', 'LEO76', 'LEO77', 'LEO78', 'LEO79', 'LEO81', 'LEO82', 'LEO83', 'LEO84', 'LEO85', 'LEO86', 'LEO87', 'LEO88', 'LEO89']
LEO59: 40.88706523024153: ['LEO57', 'LEO58', 'LEO59', 'LEO61', 'LEO67', 'LEO68', 'LEO69']
sum_con_loads:  256.27
max_con_loads:   78.57
avg_setup_time: 235.44
