******************************************************************************
METIS 5.0 Copyright 1998-13, Regents of the University of Minnesota
 (HEAD: , Built on: Dec 17 2022, 08:18:35)
 size of idx_t: 64bits, real_t: 32bits, idx_t *: 64bits

Graph Information -----------------------------------------------------------
 Name: MetisTopos/1163, #Vertices: 72, #Edges: 128, #Parts: 8

Options ---------------------------------------------------------------------
 ptype=kway, objtype=cut, ctype=shem, rtype=greedy, iptype=metisrb
 dbglvl=0, ufactor=2.600, no2hop=NO, minconn=NO, contig=YES, nooutput=NO
 seed=-1, niter=10, ncuts=1

Direct k-way Partitioning ---------------------------------------------------
 - Edgecut: 7081, communication volume: 80.

 - Balance:
     constraint #0:  2.318 out of 0.598

 - Most overweight partition:
     pid: 7, actual: 3100, desired: 1337, ratio: 2.32.

 - Subdomain connectivity: max: 6, min: 3, avg: 4.50

 - Each partition is contiguous.

Timing Information ----------------------------------------------------------
  I/O:          		   0.001 sec
  Partitioning: 		   0.002 sec   (METIS time)
  Reporting:    		   0.000 sec

Memory Information ----------------------------------------------------------
  Max memory used:		   0.069 MB
******************************************************************************
LEO32: 72.62457171105997: ['LEO11', 'LEO12', 'LEO18', 'LEO19', 'LEO21', 'LEO22', 'LEO28', 'LEO29', 'LEO31', 'LEO32', 'LEO38', 'LEO39', 'LEO41', 'LEO42', 'LEO52']
LEO14: 29.797195940374667: ['LEO13', 'LEO14', 'LEO15', 'LEO16', 'LEO17', 'LEO25', 'LEO26', 'LEO27', 'LEO35', 'LEO36', 'LEO37', 'LEO45', 'LEO46', 'LEO55', 'LEO56', 'LEO64', 'LEO65', 'LEO66', 'LEO74', 'LEO75']
LEO23: 23.92738605266519: ['LEO23', 'LEO24', 'LEO33', 'LEO34', 'LEO43', 'LEO44', 'LEO53', 'LEO54']
LEO58: 15.015728923948863: ['LEO47', 'LEO48', 'LEO57', 'LEO58']
LEO59: 49.967049202463244: ['LEO49', 'LEO51', 'LEO59', 'LEO61', 'LEO69', 'LEO71', 'LEO78', 'LEO79', 'LEO81', 'LEO88', 'LEO89']
LEO62: 25.702202160085147: ['LEO62', 'LEO63', 'LEO72', 'LEO73']
LEO67: 16.297292895825322: ['LEO67', 'LEO68', 'LEO76', 'LEO77', 'LEO85', 'LEO86', 'LEO87']
LEO82: 15.73497166430412: ['LEO82', 'LEO83', 'LEO84']
sum_con_loads:  249.07
max_con_loads:   72.62
avg_setup_time: 209.61
