******************************************************************************
METIS 5.0 Copyright 1998-13, Regents of the University of Minnesota
 (HEAD: , Built on: Dec 17 2022, 08:18:35)
 size of idx_t: 64bits, real_t: 32bits, idx_t *: 64bits

Graph Information -----------------------------------------------------------
 Name: MetisTopos/1163, #Vertices: 72, #Edges: 128, #Parts: 8

Options ---------------------------------------------------------------------
 ptype=kway, objtype=cut, ctype=shem, rtype=greedy, iptype=metisrb
 dbglvl=0, ufactor=2.900, no2hop=NO, minconn=NO, contig=NO, nooutput=NO
 seed=-1, niter=10, ncuts=1

Direct k-way Partitioning ---------------------------------------------------
 - Edgecut: 6088, communication volume: 55.

 - Balance:
     constraint #0:  2.766 out of 0.598

 - Most overweight partition:
     pid: 7, actual: 3700, desired: 1337, ratio: 2.77.

 - Subdomain connectivity: max: 4, min: 0, avg: 2.50

 - There are 0 non-contiguous partitions.
   Total components after removing the cut edges: 6,
   max components: 1 for pid: 2.

Timing Information ----------------------------------------------------------
  I/O:          		   0.001 sec
  Partitioning: 		   0.001 sec   (METIS time)
  Reporting:    		   0.000 sec

Memory Information ----------------------------------------------------------
  Max memory used:		   0.070 MB
******************************************************************************
LEO39: 39.057212556751466: ['LEO11', 'LEO18', 'LEO19', 'LEO21', 'LEO28', 'LEO29', 'LEO31', 'LEO38', 'LEO39']
LEO22: 38.58983587156486: ['LEO12', 'LEO13', 'LEO22', 'LEO23']
LEO14: 11.710211351732315: ['LEO14', 'LEO15', 'LEO16', 'LEO24', 'LEO25']
LEO47: 14.265928840043147: ['LEO17', 'LEO26', 'LEO27', 'LEO37', 'LEO47', 'LEO48']
LEO59: 79.63712039078284: ['LEO32', 'LEO33', 'LEO41', 'LEO42', 'LEO49', 'LEO51', 'LEO52', 'LEO58', 'LEO59', 'LEO61', 'LEO62', 'LEO68', 'LEO69']
LEO72: 45.550917323609696: ['LEO34', 'LEO35', 'LEO36', 'LEO43', 'LEO44', 'LEO45', 'LEO46', 'LEO53', 'LEO54', 'LEO55', 'LEO56', 'LEO57', 'LEO63', 'LEO64', 'LEO65', 'LEO66', 'LEO67', 'LEO71', 'LEO72', 'LEO73', 'LEO74', 'LEO75', 'LEO76', 'LEO77', 'LEO78', 'LEO79', 'LEO81', 'LEO82', 'LEO83', 'LEO84', 'LEO85', 'LEO86', 'LEO87', 'LEO88', 'LEO89']
sum_con_loads:  228.81
max_con_loads:   79.64
avg_setup_time: 239.70
