******************************************************************************
METIS 5.0 Copyright 1998-13, Regents of the University of Minnesota
 (HEAD: , Built on: Dec 17 2022, 08:18:35)
 size of idx_t: 64bits, real_t: 32bits, idx_t *: 64bits

Graph Information -----------------------------------------------------------
 Name: MetisTopos/1163, #Vertices: 72, #Edges: 128, #Parts: 8

Options ---------------------------------------------------------------------
 ptype=kway, objtype=cut, ctype=shem, rtype=greedy, iptype=metisrb
 dbglvl=0, ufactor=1.300, no2hop=NO, minconn=NO, contig=NO, nooutput=NO
 seed=-1, niter=10, ncuts=1

Direct k-way Partitioning ---------------------------------------------------
 - Edgecut: 7967, communication volume: 71.

 - Balance:
     constraint #0:  1.196 out of 0.598

 - Most overweight partition:
     pid: 3, actual: 1600, desired: 1337, ratio: 1.20.

 - Subdomain connectivity: max: 7, min: 3, avg: 4.50

 - Each partition is contiguous.

Timing Information ----------------------------------------------------------
  I/O:          		   0.001 sec
  Partitioning: 		   0.002 sec   (METIS time)
  Reporting:    		   0.000 sec

Memory Information ----------------------------------------------------------
  Max memory used:		   0.069 MB
******************************************************************************
LEO21: 29.289471141871118: ['LEO11', 'LEO18', 'LEO19', 'LEO21', 'LEO28', 'LEO29', 'LEO31']
LEO12: 24.972870365174387: ['LEO12', 'LEO13', 'LEO14']
LEO57: 32.30655105496711: ['LEO15', 'LEO16', 'LEO17', 'LEO25', 'LEO26', 'LEO27', 'LEO35', 'LEO36', 'LEO37', 'LEO44', 'LEO45', 'LEO46', 'LEO47', 'LEO48', 'LEO54', 'LEO55', 'LEO56', 'LEO57', 'LEO58', 'LEO64', 'LEO65', 'LEO66', 'LEO67', 'LEO74', 'LEO75', 'LEO76', 'LEO77']
LEO32: 48.817587228827165: ['LEO22', 'LEO32', 'LEO41', 'LEO42', 'LEO43', 'LEO52', 'LEO53', 'LEO62', 'LEO63']
LEO23: 23.92738605266519: ['LEO23', 'LEO24', 'LEO33', 'LEO34']
LEO49: 39.62857128077741: ['LEO38', 'LEO39', 'LEO49']
LEO59: 38.55210846037899: ['LEO51', 'LEO59', 'LEO61', 'LEO68', 'LEO69']
LEO72: 29.107404191655938: ['LEO71', 'LEO72', 'LEO73', 'LEO78', 'LEO79', 'LEO81', 'LEO82', 'LEO83', 'LEO84', 'LEO85', 'LEO86', 'LEO87', 'LEO88', 'LEO89']
sum_con_loads:  266.60
max_con_loads:   48.82
avg_setup_time: 190.62
