******************************************************************************
METIS 5.0 Copyright 1998-13, Regents of the University of Minnesota
 (HEAD: , Built on: Dec 17 2022, 08:18:35)
 size of idx_t: 64bits, real_t: 32bits, idx_t *: 64bits

Graph Information -----------------------------------------------------------
 Name: MetisTopos/1163, #Vertices: 72, #Edges: 128, #Parts: 8

Options ---------------------------------------------------------------------
 ptype=kway, objtype=cut, ctype=shem, rtype=greedy, iptype=metisrb
 dbglvl=0, ufactor=1.400, no2hop=NO, minconn=NO, contig=NO, nooutput=NO
 seed=-1, niter=10, ncuts=1

Direct k-way Partitioning ---------------------------------------------------
 - Edgecut: 8296, communication volume: 73.

 - Balance:
     constraint #0:  1.271 out of 0.598

 - Most overweight partition:
     pid: 2, actual: 1700, desired: 1337, ratio: 1.27.

 - Subdomain connectivity: max: 6, min: 3, avg: 4.25

 - Each partition is contiguous.

Timing Information ----------------------------------------------------------
  I/O:          		   0.001 sec
  Partitioning: 		   0.002 sec   (METIS time)
  Reporting:    		   0.000 sec

Memory Information ----------------------------------------------------------
  Max memory used:		   0.070 MB
******************************************************************************
LEO11: 39.61663865753141: ['LEO11', 'LEO12', 'LEO13', 'LEO19', 'LEO21', 'LEO31']
LEO35: 28.372679827251662: ['LEO14', 'LEO15', 'LEO16', 'LEO17', 'LEO18', 'LEO24', 'LEO25', 'LEO26', 'LEO27', 'LEO28', 'LEO34', 'LEO35', 'LEO36', 'LEO37', 'LEO43', 'LEO44', 'LEO45', 'LEO46', 'LEO47', 'LEO53', 'LEO54', 'LEO55', 'LEO56', 'LEO63', 'LEO64', 'LEO65', 'LEO74', 'LEO75']
LEO32: 48.762671268313376: ['LEO22', 'LEO23', 'LEO32', 'LEO33', 'LEO41', 'LEO42', 'LEO51', 'LEO52']
LEO39: 41.090649808151184: ['LEO29', 'LEO39', 'LEO49']
LEO38: 21.268105301628466: ['LEO38', 'LEO48']
LEO68: 23.63474122157058: ['LEO57', 'LEO58', 'LEO66', 'LEO67', 'LEO68', 'LEO76', 'LEO77', 'LEO85', 'LEO86', 'LEO87']
LEO59: 37.4251700599733: ['LEO59', 'LEO61', 'LEO69', 'LEO71', 'LEO78', 'LEO79', 'LEO81', 'LEO88', 'LEO89']
LEO72: 33.028665615920715: ['LEO62', 'LEO72', 'LEO73', 'LEO82', 'LEO83', 'LEO84']
sum_con_loads:  273.20
max_con_loads:   48.76
avg_setup_time: 192.03
