******************************************************************************
METIS 5.0 Copyright 1998-13, Regents of the University of Minnesota
 (HEAD: , Built on: Dec 17 2022, 08:18:35)
 size of idx_t: 64bits, real_t: 32bits, idx_t *: 64bits

Graph Information -----------------------------------------------------------
 Name: MetisTopos/1163, #Vertices: 72, #Edges: 128, #Parts: 8

Options ---------------------------------------------------------------------
 ptype=kway, objtype=cut, ctype=shem, rtype=greedy, iptype=metisrb
 dbglvl=0, ufactor=1.600, no2hop=NO, minconn=NO, contig=NO, nooutput=NO
 seed=-1, niter=10, ncuts=1

Direct k-way Partitioning ---------------------------------------------------
 - Edgecut: 7631, communication volume: 83.

 - Balance:
     constraint #0:  1.570 out of 0.598

 - Most overweight partition:
     pid: 1, actual: 2100, desired: 1337, ratio: 1.57.

 - Subdomain connectivity: max: 6, min: 3, avg: 4.50

 - Each partition is contiguous.

Timing Information ----------------------------------------------------------
  I/O:          		   0.001 sec
  Partitioning: 		   0.002 sec   (METIS time)
  Reporting:    		   0.000 sec

Memory Information ----------------------------------------------------------
  Max memory used:		   0.069 MB
******************************************************************************
LEO39: 47.996222157851406: ['LEO11', 'LEO15', 'LEO16', 'LEO17', 'LEO18', 'LEO19', 'LEO21', 'LEO25', 'LEO26', 'LEO27', 'LEO28', 'LEO29', 'LEO31', 'LEO35', 'LEO36', 'LEO37', 'LEO38', 'LEO39', 'LEO45', 'LEO46', 'LEO56', 'LEO66']
LEO12: 24.972870365174387: ['LEO12', 'LEO13', 'LEO14']
LEO32: 52.140532812756774: ['LEO22', 'LEO32', 'LEO41', 'LEO42', 'LEO51', 'LEO52', 'LEO62', 'LEO72']
LEO23: 23.92738605266519: ['LEO23', 'LEO24', 'LEO33', 'LEO34']
LEO75: 18.423290986742547: ['LEO43', 'LEO44', 'LEO53', 'LEO54', 'LEO55', 'LEO63', 'LEO64', 'LEO65', 'LEO73', 'LEO74', 'LEO75', 'LEO76', 'LEO77', 'LEO83', 'LEO84', 'LEO85', 'LEO86', 'LEO87']
LEO58: 21.8028331528067: ['LEO47', 'LEO48', 'LEO57', 'LEO58', 'LEO67', 'LEO68']
LEO59: 49.27669179307989: ['LEO49', 'LEO59', 'LEO61', 'LEO69', 'LEO71', 'LEO79']
LEO82: 21.372834784904114: ['LEO78', 'LEO81', 'LEO82', 'LEO88', 'LEO89']
sum_con_loads:  259.91
max_con_loads:   52.14
avg_setup_time: 205.63
