******************************************************************************
METIS 5.0 Copyright 1998-13, Regents of the University of Minnesota
 (HEAD: , Built on: Dec 17 2022, 08:18:35)
 size of idx_t: 64bits, real_t: 32bits, idx_t *: 64bits

Graph Information -----------------------------------------------------------
 Name: MetisTopos/1666, #Vertices: 72, #Edges: 128, #Parts: 8

Options ---------------------------------------------------------------------
 ptype=kway, objtype=cut, ctype=shem, rtype=greedy, iptype=metisrb
 dbglvl=0, ufactor=1.100, no2hop=NO, minconn=NO, contig=NO, nooutput=NO
 seed=-1, niter=10, ncuts=1

Direct k-way Partitioning ---------------------------------------------------
 - Edgecut: 10122, communication volume: 78.

 - Balance:
     constraint #0:  1.133 out of 0.533

 - Most overweight partition:
     pid: 4, actual: 1700, desired: 1500, ratio: 1.13.

 - Subdomain connectivity: max: 6, min: 2, avg: 4.25

 - Each partition is contiguous.

Timing Information ----------------------------------------------------------
  I/O:          		   0.001 sec
  Partitioning: 		   0.002 sec   (METIS time)
  Reporting:    		   0.000 sec

Memory Information ----------------------------------------------------------
  Max memory used:		   0.070 MB
******************************************************************************
LEO31: 47.52444437982264: ['LEO11', 'LEO12', 'LEO13', 'LEO14', 'LEO21', 'LEO31', 'LEO41']
LEO38: 27.278535953358706: ['LEO15', 'LEO16', 'LEO17', 'LEO18', 'LEO19', 'LEO26', 'LEO27', 'LEO28', 'LEO35', 'LEO36', 'LEO37', 'LEO38', 'LEO45', 'LEO46', 'LEO47']
LEO32: 28.659899831367763: ['LEO22', 'LEO23', 'LEO32', 'LEO33', 'LEO42', 'LEO43', 'LEO52']
LEO77: 33.12362671330936: ['LEO24', 'LEO25', 'LEO34', 'LEO44', 'LEO53', 'LEO54', 'LEO55', 'LEO56', 'LEO63', 'LEO64', 'LEO65', 'LEO66', 'LEO67', 'LEO74', 'LEO75', 'LEO76', 'LEO77', 'LEO78', 'LEO83', 'LEO84', 'LEO85', 'LEO86', 'LEO87', 'LEO88', 'LEO89']
LEO49: 58.1246220018482: ['LEO29', 'LEO39', 'LEO48', 'LEO49', 'LEO59']
LEO61: 54.61188573648137: ['LEO51', 'LEO61', 'LEO62', 'LEO71', 'LEO79']
LEO58: 39.66861563579675: ['LEO57', 'LEO58', 'LEO68', 'LEO69']
LEO72: 33.290040095096636: ['LEO72', 'LEO73', 'LEO81', 'LEO82']
sum_con_loads:  322.28
max_con_loads:   58.12
avg_setup_time: 188.17
