******************************************************************************
METIS 5.0 Copyright 1998-13, Regents of the University of Minnesota
 (HEAD: , Built on: Dec 17 2022, 08:18:35)
 size of idx_t: 64bits, real_t: 32bits, idx_t *: 64bits

Graph Information -----------------------------------------------------------
 Name: MetisTopos/1666, #Vertices: 72, #Edges: 128, #Parts: 8

Options ---------------------------------------------------------------------
 ptype=kway, objtype=cut, ctype=shem, rtype=greedy, iptype=metisrb
 dbglvl=0, ufactor=2.100, no2hop=NO, minconn=NO, contig=YES, nooutput=NO
 seed=-1, niter=10, ncuts=1

Direct k-way Partitioning ---------------------------------------------------
 - Edgecut: 8390, communication volume: 77.

 - Balance:
     constraint #0:  2.067 out of 0.533

 - Most overweight partition:
     pid: 6, actual: 3100, desired: 1500, ratio: 2.07.

 - Subdomain connectivity: max: 6, min: 3, avg: 4.25

 - Each partition is contiguous.

Timing Information ----------------------------------------------------------
  I/O:          		   0.001 sec
  Partitioning: 		   0.001 sec   (METIS time)
  Reporting:    		   0.000 sec

Memory Information ----------------------------------------------------------
  Max memory used:		   0.070 MB
******************************************************************************
LEO31: 51.236132502437385: ['LEO11', 'LEO12', 'LEO19', 'LEO21', 'LEO22', 'LEO31', 'LEO32', 'LEO41']
LEO33: 16.2937190446436: ['LEO13', 'LEO14', 'LEO15', 'LEO23', 'LEO33']
LEO67: 25.296040584309445: ['LEO16', 'LEO24', 'LEO25', 'LEO26', 'LEO34', 'LEO35', 'LEO36', 'LEO44', 'LEO45', 'LEO46', 'LEO47', 'LEO54', 'LEO55', 'LEO56', 'LEO57', 'LEO64', 'LEO65', 'LEO66', 'LEO67', 'LEO74', 'LEO75', 'LEO76', 'LEO84', 'LEO85', 'LEO86']
LEO39: 44.787108234905304: ['LEO17', 'LEO18', 'LEO27', 'LEO28', 'LEO29', 'LEO37', 'LEO38', 'LEO39']
LEO72: 25.072515517599136: ['LEO42', 'LEO43', 'LEO52', 'LEO53', 'LEO62', 'LEO63', 'LEO72', 'LEO73']
LEO59: 88.05654521814105: ['LEO48', 'LEO49', 'LEO51', 'LEO58', 'LEO59', 'LEO61', 'LEO68', 'LEO69', 'LEO71']
LEO78: 19.350451670819197: ['LEO77', 'LEO78', 'LEO79', 'LEO87', 'LEO88']
LEO81: 17.666819843463724: ['LEO81', 'LEO82', 'LEO83', 'LEO89']
sum_con_loads:  287.76
max_con_loads:   88.06
avg_setup_time: 237.19
