******************************************************************************
METIS 5.0 Copyright 1998-13, Regents of the University of Minnesota
 (HEAD: , Built on: Dec 17 2022, 08:18:35)
 size of idx_t: 64bits, real_t: 32bits, idx_t *: 64bits

Graph Information -----------------------------------------------------------
 Name: MetisTopos/1666, #Vertices: 72, #Edges: 128, #Parts: 8

Options ---------------------------------------------------------------------
 ptype=kway, objtype=cut, ctype=shem, rtype=greedy, iptype=metisrb
 dbglvl=0, ufactor=2.300, no2hop=NO, minconn=NO, contig=NO, nooutput=NO
 seed=-1, niter=10, ncuts=1

Direct k-way Partitioning ---------------------------------------------------
 - Edgecut: 6941, communication volume: 62.

 - Balance:
     constraint #0:  2.267 out of 0.533

 - Most overweight partition:
     pid: 5, actual: 3400, desired: 1500, ratio: 2.27.

 - Subdomain connectivity: max: 5, min: 0, avg: 3.00

 - There are 0 non-contiguous partitions.
   Total components after removing the cut edges: 7,
   max components: 1 for pid: 1.

Timing Information ----------------------------------------------------------
  I/O:          		   0.001 sec
  Partitioning: 		   0.001 sec   (METIS time)
  Reporting:    		   0.000 sec

Memory Information ----------------------------------------------------------
  Max memory used:		   0.069 MB
******************************************************************************
LEO31: 51.23613250243739: ['LEO11', 'LEO12', 'LEO18', 'LEO19', 'LEO21', 'LEO22', 'LEO31', 'LEO32', 'LEO41', 'LEO42']
LEO33: 16.2937190446436: ['LEO13', 'LEO14', 'LEO15', 'LEO23', 'LEO24', 'LEO33', 'LEO34']
LEO49: 62.58051811944846: ['LEO16', 'LEO17', 'LEO25', 'LEO26', 'LEO27', 'LEO35', 'LEO36', 'LEO37', 'LEO38', 'LEO39', 'LEO46', 'LEO47', 'LEO48', 'LEO49', 'LEO56', 'LEO57', 'LEO58', 'LEO59']
LEO29: 17.462385660375226: ['LEO28', 'LEO29']
LEO61: 65.82162342049948: ['LEO43', 'LEO44', 'LEO45', 'LEO51', 'LEO52', 'LEO53', 'LEO54', 'LEO55', 'LEO61', 'LEO62', 'LEO63', 'LEO64', 'LEO65', 'LEO66', 'LEO71', 'LEO72', 'LEO73', 'LEO74', 'LEO75', 'LEO76', 'LEO79', 'LEO81', 'LEO82', 'LEO83', 'LEO84', 'LEO85', 'LEO86', 'LEO87', 'LEO88', 'LEO89']
LEO68: 26.20796910724011: ['LEO67', 'LEO68', 'LEO69']
LEO78: 19.350451670819197: ['LEO77', 'LEO78']
sum_con_loads:  258.95
max_con_loads:   65.82
avg_setup_time: 186.02
