******************************************************************************
METIS 5.0 Copyright 1998-13, Regents of the University of Minnesota
 (HEAD: , Built on: Dec 17 2022, 08:18:35)
 size of idx_t: 64bits, real_t: 32bits, idx_t *: 64bits

Graph Information -----------------------------------------------------------
 Name: MetisTopos/1666, #Vertices: 72, #Edges: 128, #Parts: 8

Options ---------------------------------------------------------------------
 ptype=kway, objtype=cut, ctype=shem, rtype=greedy, iptype=metisrb
 dbglvl=0, ufactor=2.400, no2hop=NO, minconn=NO, contig=NO, nooutput=NO
 seed=-1, niter=10, ncuts=1

Direct k-way Partitioning ---------------------------------------------------
 - Edgecut: 6978, communication volume: 72.

 - Balance:
     constraint #0:  2.400 out of 0.533

 - Most overweight partition:
     pid: 6, actual: 3600, desired: 1500, ratio: 2.40.

 - Subdomain connectivity: max: 6, min: 0, avg: 3.50

 - There are 0 non-contiguous partitions.
   Total components after removing the cut edges: 7,
   max components: 1 for pid: 0.

Timing Information ----------------------------------------------------------
  I/O:          		   0.001 sec
  Partitioning: 		   0.001 sec   (METIS time)
  Reporting:    		   0.000 sec

Memory Information ----------------------------------------------------------
  Max memory used:		   0.070 MB
******************************************************************************
LEO31: 47.50967250819112: ['LEO11', 'LEO12', 'LEO21', 'LEO22', 'LEO31', 'LEO32', 'LEO33']
LEO13: 21.766711450962926: ['LEO13', 'LEO14', 'LEO15', 'LEO16', 'LEO17', 'LEO18', 'LEO19', 'LEO23', 'LEO24', 'LEO25', 'LEO26', 'LEO27', 'LEO34', 'LEO35', 'LEO36', 'LEO42', 'LEO43', 'LEO44', 'LEO45', 'LEO46', 'LEO52', 'LEO53', 'LEO54', 'LEO55', 'LEO56', 'LEO64', 'LEO65', 'LEO66', 'LEO74', 'LEO75', 'LEO76', 'LEO84', 'LEO85', 'LEO86']
LEO29: 17.462385660375226: ['LEO28', 'LEO29']
LEO49: 67.98641923119959: ['LEO37', 'LEO38', 'LEO39', 'LEO47', 'LEO48', 'LEO49', 'LEO58', 'LEO59', 'LEO68', 'LEO69']
LEO61: 70.58168536185062: ['LEO41', 'LEO51', 'LEO61', 'LEO62', 'LEO71', 'LEO72', 'LEO77', 'LEO78', 'LEO79', 'LEO81', 'LEO87', 'LEO88', 'LEO89']
LEO57: 18.283706448708266: ['LEO57', 'LEO67']
LEO73: 16.05089819883923: ['LEO63', 'LEO73', 'LEO82', 'LEO83']
sum_con_loads:  259.64
max_con_loads:   70.58
avg_setup_time: 211.18
