******************************************************************************
METIS 5.0 Copyright 1998-13, Regents of the University of Minnesota
 (HEAD: , Built on: Dec 17 2022, 08:18:35)
 size of idx_t: 64bits, real_t: 32bits, idx_t *: 64bits

Graph Information -----------------------------------------------------------
 Name: MetisTopos/1666, #Vertices: 72, #Edges: 128, #Parts: 8

Options ---------------------------------------------------------------------
 ptype=kway, objtype=cut, ctype=shem, rtype=greedy, iptype=metisrb
 dbglvl=0, ufactor=1.200, no2hop=NO, minconn=NO, contig=YES, nooutput=NO
 seed=-1, niter=10, ncuts=1

Direct k-way Partitioning ---------------------------------------------------
 - Edgecut: 9312, communication volume: 75.

 - Balance:
     constraint #0:  1.200 out of 0.533

 - Most overweight partition:
     pid: 7, actual: 1800, desired: 1500, ratio: 1.20.

 - Subdomain connectivity: max: 6, min: 3, avg: 4.50

 - Each partition is contiguous.

Timing Information ----------------------------------------------------------
  I/O:          		   0.001 sec
  Partitioning: 		   0.001 sec   (METIS time)
  Reporting:    		   0.000 sec

Memory Information ----------------------------------------------------------
  Max memory used:		   0.069 MB
******************************************************************************
LEO31: 49.037559038191674: ['LEO11', 'LEO12', 'LEO19', 'LEO21', 'LEO22', 'LEO31', 'LEO41']
LEO32: 25.76456155524044: ['LEO13', 'LEO14', 'LEO23', 'LEO24', 'LEO25', 'LEO32', 'LEO33', 'LEO34', 'LEO35', 'LEO42', 'LEO43', 'LEO44', 'LEO52', 'LEO53', 'LEO54']
LEO38: 30.70344311279818: ['LEO15', 'LEO16', 'LEO17', 'LEO18', 'LEO26', 'LEO27', 'LEO28', 'LEO29', 'LEO36', 'LEO37', 'LEO38', 'LEO45', 'LEO46', 'LEO47']
LEO49: 56.24988675573353: ['LEO39', 'LEO48', 'LEO49', 'LEO58', 'LEO59']
LEO61: 54.16716086773479: ['LEO51', 'LEO61', 'LEO71', 'LEO81', 'LEO89']
LEO78: 29.718179269313076: ['LEO55', 'LEO56', 'LEO64', 'LEO65', 'LEO66', 'LEO74', 'LEO75', 'LEO76', 'LEO77', 'LEO78', 'LEO79', 'LEO82', 'LEO83', 'LEO84', 'LEO85', 'LEO86', 'LEO87', 'LEO88']
LEO68: 35.415731293592295: ['LEO57', 'LEO67', 'LEO68', 'LEO69']
LEO72: 25.072515517599136: ['LEO62', 'LEO63', 'LEO72', 'LEO73']
sum_con_loads:  306.13
max_con_loads:   56.25
avg_setup_time: 189.49
