******************************************************************************
METIS 5.0 Copyright 1998-13, Regents of the University of Minnesota
 (HEAD: , Built on: Dec 17 2022, 08:18:35)
 size of idx_t: 64bits, real_t: 32bits, idx_t *: 64bits

Graph Information -----------------------------------------------------------
 Name: MetisTopos/1666, #Vertices: 72, #Edges: 128, #Parts: 8

Options ---------------------------------------------------------------------
 ptype=kway, objtype=cut, ctype=shem, rtype=greedy, iptype=metisrb
 dbglvl=0, ufactor=1.300, no2hop=NO, minconn=NO, contig=YES, nooutput=NO
 seed=-1, niter=10, ncuts=1

Direct k-way Partitioning ---------------------------------------------------
 - Edgecut: 9296, communication volume: 76.

 - Balance:
     constraint #0:  1.267 out of 0.533

 - Most overweight partition:
     pid: 2, actual: 1900, desired: 1500, ratio: 1.27.

 - Subdomain connectivity: max: 6, min: 3, avg: 4.25

 - Each partition is contiguous.

Timing Information ----------------------------------------------------------
  I/O:          		   0.001 sec
  Partitioning: 		   0.002 sec   (METIS time)
  Reporting:    		   0.000 sec

Memory Information ----------------------------------------------------------
  Max memory used:		   0.070 MB
******************************************************************************
LEO31: 44.84760401772422: ['LEO11', 'LEO12', 'LEO19', 'LEO21', 'LEO22', 'LEO31']
LEO32: 25.76456155524044: ['LEO13', 'LEO14', 'LEO15', 'LEO23', 'LEO24', 'LEO32', 'LEO33', 'LEO34', 'LEO35', 'LEO42', 'LEO43', 'LEO44', 'LEO52', 'LEO53', 'LEO54']
LEO38: 23.2299290840525: ['LEO16', 'LEO17', 'LEO18', 'LEO25', 'LEO26', 'LEO27', 'LEO28', 'LEO36', 'LEO37', 'LEO38', 'LEO45', 'LEO46', 'LEO47']
LEO49: 60.79353910440308: ['LEO29', 'LEO39', 'LEO48', 'LEO49', 'LEO58', 'LEO59']
LEO61: 57.92285676030376: ['LEO41', 'LEO51', 'LEO61', 'LEO62', 'LEO71']
LEO72: 35.30689178727703: ['LEO55', 'LEO63', 'LEO64', 'LEO65', 'LEO72', 'LEO73', 'LEO74', 'LEO75', 'LEO81', 'LEO82', 'LEO83', 'LEO84', 'LEO85', 'LEO86', 'LEO87', 'LEO88', 'LEO89']
LEO68: 36.44405379051092: ['LEO56', 'LEO57', 'LEO66', 'LEO67', 'LEO68', 'LEO69']
LEO78: 21.409766566791312: ['LEO76', 'LEO77', 'LEO78', 'LEO79']
sum_con_loads:  305.72
max_con_loads:   60.79
avg_setup_time: 190.03
