******************************************************************************
METIS 5.0 Copyright 1998-13, Regents of the University of Minnesota
 (HEAD: , Built on: Dec 17 2022, 08:18:35)
 size of idx_t: 64bits, real_t: 32bits, idx_t *: 64bits

Graph Information -----------------------------------------------------------
 Name: MetisTopos/1666, #Vertices: 72, #Edges: 128, #Parts: 8

Options ---------------------------------------------------------------------
 ptype=kway, objtype=cut, ctype=shem, rtype=greedy, iptype=metisrb
 dbglvl=0, ufactor=1.700, no2hop=NO, minconn=NO, contig=YES, nooutput=NO
 seed=-1, niter=10, ncuts=1

Direct k-way Partitioning ---------------------------------------------------
 - Edgecut: 7871, communication volume: 68.

 - Balance:
     constraint #0:  1.600 out of 0.533

 - Most overweight partition:
     pid: 1, actual: 2400, desired: 1500, ratio: 1.60.

 - Subdomain connectivity: max: 6, min: 0, avg: 3.75

 - There are 0 non-contiguous partitions.
   Total components after removing the cut edges: 7,
   max components: 1 for pid: 1.

Timing Information ----------------------------------------------------------
  I/O:          		   0.001 sec
  Partitioning: 		   0.002 sec   (METIS time)
  Reporting:    		   0.000 sec

Memory Information ----------------------------------------------------------
  Max memory used:		   0.069 MB
******************************************************************************
LEO31: 51.23613250243739: ['LEO11', 'LEO12', 'LEO19', 'LEO21', 'LEO22', 'LEO31', 'LEO32', 'LEO41', 'LEO42', 'LEO52']
LEO29: 25.626227102085235: ['LEO13', 'LEO14', 'LEO15', 'LEO16', 'LEO17', 'LEO18', 'LEO27', 'LEO28', 'LEO29']
LEO64: 37.60598246226446: ['LEO23', 'LEO24', 'LEO25', 'LEO26', 'LEO33', 'LEO34', 'LEO35', 'LEO36', 'LEO43', 'LEO44', 'LEO45', 'LEO46', 'LEO53', 'LEO54', 'LEO55', 'LEO56', 'LEO57', 'LEO63', 'LEO64', 'LEO65', 'LEO66', 'LEO73', 'LEO74', 'LEO75', 'LEO76', 'LEO82', 'LEO83', 'LEO84', 'LEO85', 'LEO86']
LEO49: 60.416254749177924: ['LEO37', 'LEO38', 'LEO39', 'LEO47', 'LEO48', 'LEO49', 'LEO58', 'LEO59']
LEO61: 57.05130289059559: ['LEO51', 'LEO61', 'LEO62', 'LEO71', 'LEO72', 'LEO81', 'LEO89']
LEO68: 26.20796910724011: ['LEO67', 'LEO68', 'LEO69']
LEO78: 19.350451670819197: ['LEO77', 'LEO78', 'LEO79', 'LEO87', 'LEO88']
sum_con_loads:  277.49
max_con_loads:   60.42
avg_setup_time: 197.48
