******************************************************************************
METIS 5.0 Copyright 1998-13, Regents of the University of Minnesota
 (HEAD: , Built on: Dec 17 2022, 08:18:35)
 size of idx_t: 64bits, real_t: 32bits, idx_t *: 64bits

Graph Information -----------------------------------------------------------
 Name: MetisTopos/1666, #Vertices: 72, #Edges: 128, #Parts: 8

Options ---------------------------------------------------------------------
 ptype=kway, objtype=cut, ctype=shem, rtype=greedy, iptype=metisrb
 dbglvl=0, ufactor=1.800, no2hop=NO, minconn=NO, contig=NO, nooutput=NO
 seed=-1, niter=10, ncuts=1

Direct k-way Partitioning ---------------------------------------------------
 - Edgecut: 8259, communication volume: 75.

 - Balance:
     constraint #0:  1.800 out of 0.533

 - Most overweight partition:
     pid: 3, actual: 2700, desired: 1500, ratio: 1.80.

 - Subdomain connectivity: max: 6, min: 3, avg: 4.50

 - Each partition is contiguous.

Timing Information ----------------------------------------------------------
  I/O:          		   0.001 sec
  Partitioning: 		   0.001 sec   (METIS time)
  Reporting:    		   0.000 sec

Memory Information ----------------------------------------------------------
  Max memory used:		   0.069 MB
******************************************************************************
LEO31: 46.63355328559355: ['LEO11', 'LEO19', 'LEO21', 'LEO22', 'LEO31', 'LEO32']
LEO12: 23.908174162566347: ['LEO12', 'LEO13', 'LEO14', 'LEO23', 'LEO24', 'LEO25', 'LEO33', 'LEO34']
LEO37: 23.401631368503498: ['LEO15', 'LEO16', 'LEO17', 'LEO18', 'LEO26', 'LEO27', 'LEO35', 'LEO36', 'LEO37', 'LEO46', 'LEO47', 'LEO56', 'LEO57']
LEO49: 61.57932372821537: ['LEO28', 'LEO29', 'LEO38', 'LEO39', 'LEO48', 'LEO49', 'LEO58', 'LEO59']
LEO61: 61.085566114471796: ['LEO41', 'LEO51', 'LEO61', 'LEO62', 'LEO71', 'LEO79', 'LEO81', 'LEO82', 'LEO89']
LEO73: 22.835737994706925: ['LEO42', 'LEO43', 'LEO44', 'LEO45', 'LEO52', 'LEO53', 'LEO54', 'LEO55', 'LEO63', 'LEO64', 'LEO65', 'LEO66', 'LEO72', 'LEO73', 'LEO74', 'LEO75', 'LEO76', 'LEO83', 'LEO84', 'LEO85', 'LEO86']
LEO68: 26.20796910724011: ['LEO67', 'LEO68', 'LEO69']
LEO78: 19.350451670819197: ['LEO77', 'LEO78', 'LEO87', 'LEO88']
sum_con_loads:  285.00
max_con_loads:   61.58
avg_setup_time: 185.10
