0.02 , iter--1, SumLoad: 422.6485, MaxCon: LEO71, Load: 75.6179 
0.04 , iter--2, SumLoad: 414.6217, MaxCon: LEO41, Load: 71.6325 
0.06 , iter--3, SumLoad: 380.1613, MaxCon: LEO21, Load: 63.8792 
0.09 , iter--4, SumLoad: 378.8327, MaxCon: LEO72, Load: 62.1475 
0.11 , iter--5, SumLoad: 379.1117, MaxCon: LEO61, Load: 57.4742 
0.13 , iter--6, SumLoad: 370.5202, MaxCon: LEO73, Load: 56.6012 
0.16 , iter--7, SumLoad: 364.8939, MaxCon: LEO21, Load: 56.4299 
0.19 , iter--8, SumLoad: 362.8607, MaxCon: LEO32, Load: 54.1631 
0.22 , iter--9, SumLoad: 360.3611, MaxCon: LEO32, Load: 55.6944 
0.25 , iter-10, SumLoad: 348.0836, MaxCon: LEO43, Load: 54.7252 
0.27 , iter-11, SumLoad: 345.0827, MaxCon: LEO43, Load: 53.5903 
0.30 , iter-12, SumLoad: 341.3541, MaxCon: LEO43, Load: 52.4821 
0.32 , iter-13, SumLoad: 335.8444, MaxCon: LEO43, Load: 51.7143 
0.33 , iter-14, SumLoad: 335.3663, MaxCon: LEO34, Load: 47.1883 
0.37 , iter-15, SumLoad: 326.5491, MaxCon: LEO21, Load: 46.0140 
0.40 , iter-16, SumLoad: 326.5491, MaxCon: LEO21, Load: 46.0140 
LEO23: 42.421099608261166: ['LEO11', 'LEO12', 'LEO13', 'LEO14', 'LEO15', 'LEO16', 'LEO17', 'LEO18', 'LEO19', 'LEO23', 'LEO24', 'LEO25', 'LEO26']
LEO41: 46.013969277968165: ['LEO21', 'LEO22', 'LEO27', 'LEO28', 'LEO29', 'LEO41', 'LEO31', 'LEO48', 'LEO38', 'LEO39']
LEO33: 36.46926865851901: ['LEO34', 'LEO35', 'LEO43', 'LEO33']
LEO49: 30.03819149498583: ['LEO46', 'LEO49', 'LEO63', 'LEO53', 'LEO32']
LEO59: 45.678343059243765: ['LEO51', 'LEO56', 'LEO57', 'LEO58', 'LEO59', 'LEO36', 'LEO37', 'LEO47']
LEO61: 43.86434142332021: ['LEO61', 'LEO66', 'LEO67', 'LEO68', 'LEO69', 'LEO71', 'LEO79', 'LEO78']
LEO62: 46.000147823288444: ['LEO76', 'LEO77', 'LEO52', 'LEO42', 'LEO62']
LEO72: 36.06370793020914: ['LEO81', 'LEO82', 'LEO83', 'LEO84', 'LEO85', 'LEO86', 'LEO87', 'LEO88', 'LEO89', 'LEO72', 'LEO73', 'LEO74', 'LEO75', 'LEO45', 'LEO55', 'LEO65', 'LEO44', 'LEO54', 'LEO64']
sum_con_loads:  326.55
max_con_loads:   46.01
avg_setup_time: 216.37
