******************************************************************************
METIS 5.0 Copyright 1998-13, Regents of the University of Minnesota
 (HEAD: , Built on: Dec 17 2022, 08:18:35)
 size of idx_t: 64bits, real_t: 32bits, idx_t *: 64bits

Graph Information -----------------------------------------------------------
 Name: MetisTopos/429, #Vertices: 72, #Edges: 126, #Parts: 8

Options ---------------------------------------------------------------------
 ptype=kway, objtype=cut, ctype=shem, rtype=greedy, iptype=metisrb
 dbglvl=0, ufactor=2.000, no2hop=NO, minconn=NO, contig=YES, nooutput=NO
 seed=-1, niter=10, ncuts=1

Direct k-way Partitioning ---------------------------------------------------
 - Edgecut: 7497, communication volume: 75.

 - Balance:
     constraint #0:  1.887 out of 0.604

 - Most overweight partition:
     pid: 2, actual: 2500, desired: 1325, ratio: 1.89.

 - Subdomain connectivity: max: 6, min: 3, avg: 4.00

 - Each partition is contiguous.

Timing Information ----------------------------------------------------------
  I/O:          		   0.001 sec
  Partitioning: 		   0.002 sec   (METIS time)
  Reporting:    		   0.000 sec

Memory Information ----------------------------------------------------------
  Max memory used:		   0.070 MB
******************************************************************************
LEO32: 32.31540757534911: ['LEO11', 'LEO12', 'LEO21', 'LEO22', 'LEO31', 'LEO32']
LEO23: 38.50743201732004: ['LEO13', 'LEO14', 'LEO23', 'LEO24']
LEO15: 19.51899842496337: ['LEO15', 'LEO25', 'LEO35', 'LEO45']
LEO39: 24.52352645662034: ['LEO16', 'LEO17', 'LEO18', 'LEO19', 'LEO26', 'LEO27', 'LEO28', 'LEO29', 'LEO36', 'LEO37', 'LEO38', 'LEO39', 'LEO46', 'LEO47', 'LEO48', 'LEO56', 'LEO57', 'LEO58', 'LEO67', 'LEO68']
LEO53: 67.1235229830211: ['LEO33', 'LEO34', 'LEO43', 'LEO44', 'LEO53', 'LEO61', 'LEO62', 'LEO63', 'LEO71', 'LEO72', 'LEO73', 'LEO79', 'LEO81', 'LEO82', 'LEO83', 'LEO89']
LEO41: 39.70030323402759: ['LEO41', 'LEO42', 'LEO49', 'LEO51', 'LEO52']
LEO76: 17.854344215898333: ['LEO54', 'LEO55', 'LEO64', 'LEO65', 'LEO66', 'LEO74', 'LEO75', 'LEO76', 'LEO77', 'LEO78', 'LEO84', 'LEO85', 'LEO86', 'LEO87', 'LEO88']
LEO59: 15.94965144537965: ['LEO59', 'LEO69']
sum_con_loads:  255.49
max_con_loads:   67.12
avg_setup_time: 205.74
