******************************************************************************
METIS 5.0 Copyright 1998-13, Regents of the University of Minnesota
 (HEAD: , Built on: Dec 17 2022, 08:18:35)
 size of idx_t: 64bits, real_t: 32bits, idx_t *: 64bits

Graph Information -----------------------------------------------------------
 Name: MetisTopos/429, #Vertices: 72, #Edges: 126, #Parts: 8

Options ---------------------------------------------------------------------
 ptype=kway, objtype=cut, ctype=shem, rtype=greedy, iptype=metisrb
 dbglvl=0, ufactor=2.500, no2hop=NO, minconn=NO, contig=NO, nooutput=NO
 seed=-1, niter=10, ncuts=1

Direct k-way Partitioning ---------------------------------------------------
 - Edgecut: 6377, communication volume: 76.

 - Balance:
     constraint #0:  2.491 out of 0.604

 - Most overweight partition:
     pid: 7, actual: 3300, desired: 1325, ratio: 2.49.

 - Subdomain connectivity: max: 5, min: 0, avg: 3.25

 - There are 0 non-contiguous partitions.
   Total components after removing the cut edges: 7,
   max components: 1 for pid: 0.

Timing Information ----------------------------------------------------------
  I/O:          		   0.001 sec
  Partitioning: 		   0.001 sec   (METIS time)
  Reporting:    		   0.000 sec

Memory Information ----------------------------------------------------------
  Max memory used:		   0.070 MB
******************************************************************************
LEO21: 15.943902833904305: ['LEO11', 'LEO17', 'LEO18', 'LEO19', 'LEO21', 'LEO28', 'LEO29', 'LEO37', 'LEO38']
LEO32: 36.15510367890491: ['LEO12', 'LEO22', 'LEO31', 'LEO32', 'LEO39']
LEO33: 70.8156061757108: ['LEO13', 'LEO23', 'LEO24', 'LEO33', 'LEO43', 'LEO52', 'LEO53', 'LEO63', 'LEO73', 'LEO82', 'LEO83']
LEO14: 17.631299196087674: ['LEO14', 'LEO15', 'LEO16']
LEO36: 22.515767243936757: ['LEO25', 'LEO26', 'LEO27', 'LEO34', 'LEO35', 'LEO36', 'LEO44', 'LEO45', 'LEO46', 'LEO54', 'LEO55', 'LEO56', 'LEO64', 'LEO65', 'LEO74']
LEO51: 54.03801867354419: ['LEO41', 'LEO42', 'LEO49', 'LEO51', 'LEO59', 'LEO61', 'LEO62', 'LEO69', 'LEO71', 'LEO72', 'LEO79', 'LEO81', 'LEO89']
LEO77: 16.005786281617347: ['LEO47', 'LEO48', 'LEO57', 'LEO58', 'LEO66', 'LEO67', 'LEO68', 'LEO75', 'LEO76', 'LEO77', 'LEO78', 'LEO84', 'LEO85', 'LEO86', 'LEO87', 'LEO88']
sum_con_loads:  233.11
max_con_loads:   70.82
avg_setup_time: 216.42
