******************************************************************************
METIS 5.0 Copyright 1998-13, Regents of the University of Minnesota
 (HEAD: , Built on: Dec 17 2022, 08:18:35)
 size of idx_t: 64bits, real_t: 32bits, idx_t *: 64bits

Graph Information -----------------------------------------------------------
 Name: MetisTopos/429, #Vertices: 72, #Edges: 126, #Parts: 8

Options ---------------------------------------------------------------------
 ptype=kway, objtype=cut, ctype=shem, rtype=greedy, iptype=metisrb
 dbglvl=0, ufactor=2.600, no2hop=NO, minconn=NO, contig=YES, nooutput=NO
 seed=-1, niter=10, ncuts=1

Direct k-way Partitioning ---------------------------------------------------
 - Edgecut: 6120, communication volume: 61.

 - Balance:
     constraint #0:  2.415 out of 0.604

 - Most overweight partition:
     pid: 7, actual: 3200, desired: 1325, ratio: 2.42.

 - Subdomain connectivity: max: 5, min: 0, avg: 2.75

 - There are 0 non-contiguous partitions.
   Total components after removing the cut edges: 6,
   max components: 1 for pid: 0.

Timing Information ----------------------------------------------------------
  I/O:          		   0.001 sec
  Partitioning: 		   0.001 sec   (METIS time)
  Reporting:    		   0.000 sec

Memory Information ----------------------------------------------------------
  Max memory used:		   0.070 MB
******************************************************************************
LEO33: 73.54322562257741: ['LEO11', 'LEO12', 'LEO13', 'LEO21', 'LEO22', 'LEO23', 'LEO24', 'LEO31', 'LEO32', 'LEO33', 'LEO34', 'LEO43', 'LEO44', 'LEO53', 'LEO54']
LEO14: 17.631299196087674: ['LEO14', 'LEO15']
LEO38: 29.264681148266206: ['LEO16', 'LEO17', 'LEO18', 'LEO19', 'LEO25', 'LEO26', 'LEO27', 'LEO28', 'LEO29', 'LEO35', 'LEO36', 'LEO37', 'LEO38', 'LEO39', 'LEO45', 'LEO46', 'LEO47', 'LEO48']
LEO51: 54.03801867354418: ['LEO41', 'LEO42', 'LEO49', 'LEO51', 'LEO52', 'LEO59', 'LEO61', 'LEO69', 'LEO71', 'LEO79', 'LEO81', 'LEO82', 'LEO89']
LEO78: 14.693914057517155: ['LEO55', 'LEO56', 'LEO57', 'LEO58', 'LEO65', 'LEO66', 'LEO67', 'LEO68', 'LEO75', 'LEO76', 'LEO77', 'LEO78', 'LEO85', 'LEO86', 'LEO87', 'LEO88']
LEO63: 39.08688401986542: ['LEO62', 'LEO63', 'LEO64', 'LEO72', 'LEO73', 'LEO74', 'LEO83', 'LEO84']
sum_con_loads:  228.26
max_con_loads:   73.54
avg_setup_time: 207.44
