******************************************************************************
METIS 5.0 Copyright 1998-13, Regents of the University of Minnesota
 (HEAD: , Built on: Dec 17 2022, 08:18:35)
 size of idx_t: 64bits, real_t: 32bits, idx_t *: 64bits

Graph Information -----------------------------------------------------------
 Name: MetisTopos/429, #Vertices: 72, #Edges: 126, #Parts: 8

Options ---------------------------------------------------------------------
 ptype=kway, objtype=cut, ctype=shem, rtype=greedy, iptype=metisrb
 dbglvl=0, ufactor=2.700, no2hop=NO, minconn=NO, contig=NO, nooutput=NO
 seed=-1, niter=10, ncuts=1

Direct k-way Partitioning ---------------------------------------------------
 - Edgecut: 5902, communication volume: 61.

 - Balance:
     constraint #0:  2.642 out of 0.604

 - Most overweight partition:
     pid: 7, actual: 3500, desired: 1325, ratio: 2.64.

 - Subdomain connectivity: max: 5, min: 0, avg: 3.00

 - There are 0 non-contiguous partitions.
   Total components after removing the cut edges: 6,
   max components: 1 for pid: 2.

Timing Information ----------------------------------------------------------
  I/O:          		   0.001 sec
  Partitioning: 		   0.001 sec   (METIS time)
  Reporting:    		   0.000 sec

Memory Information ----------------------------------------------------------
  Max memory used:		   0.070 MB
******************************************************************************
LEO38: 12.203704931188195: ['LEO11', 'LEO12', 'LEO18', 'LEO19', 'LEO28', 'LEO29', 'LEO37', 'LEO38']
LEO23: 38.50743201732004: ['LEO13', 'LEO14', 'LEO23', 'LEO24']
LEO15: 11.725076179370431: ['LEO15', 'LEO16', 'LEO17', 'LEO25', 'LEO26', 'LEO27']
LEO41: 59.7248925180445: ['LEO21', 'LEO22', 'LEO31', 'LEO32', 'LEO39', 'LEO41', 'LEO42', 'LEO49', 'LEO59']
LEO53: 74.13585480219245: ['LEO33', 'LEO43', 'LEO44', 'LEO51', 'LEO52', 'LEO53', 'LEO54', 'LEO61', 'LEO62', 'LEO63', 'LEO64', 'LEO69', 'LEO71', 'LEO72', 'LEO73', 'LEO74', 'LEO81', 'LEO82', 'LEO83', 'LEO84']
LEO46: 27.279668400550506: ['LEO34', 'LEO35', 'LEO36', 'LEO45', 'LEO46', 'LEO47', 'LEO48', 'LEO55', 'LEO56', 'LEO57', 'LEO58', 'LEO65', 'LEO66', 'LEO67', 'LEO68', 'LEO75', 'LEO76', 'LEO77', 'LEO78', 'LEO79', 'LEO85', 'LEO86', 'LEO87', 'LEO88', 'LEO89']
sum_con_loads:  223.58
max_con_loads:   74.14
avg_setup_time: 230.28
