******************************************************************************
METIS 5.0 Copyright 1998-13, Regents of the University of Minnesota
 (HEAD: , Built on: Dec 17 2022, 08:18:35)
 size of idx_t: 64bits, real_t: 32bits, idx_t *: 64bits

Graph Information -----------------------------------------------------------
 Name: MetisTopos/429, #Vertices: 72, #Edges: 126, #Parts: 8

Options ---------------------------------------------------------------------
 ptype=kway, objtype=cut, ctype=shem, rtype=greedy, iptype=metisrb
 dbglvl=0, ufactor=2.900, no2hop=NO, minconn=NO, contig=YES, nooutput=NO
 seed=-1, niter=10, ncuts=1

Direct k-way Partitioning ---------------------------------------------------
 - Edgecut: 5690, communication volume: 67.

 - Balance:
     constraint #0:  2.868 out of 0.604

 - Most overweight partition:
     pid: 7, actual: 3800, desired: 1325, ratio: 2.87.

 - Subdomain connectivity: max: 4, min: 0, avg: 2.25

 - There are 0 non-contiguous partitions.
   Total components after removing the cut edges: 5,
   max components: 1 for pid: 2.

Timing Information ----------------------------------------------------------
  I/O:          		   0.001 sec
  Partitioning: 		   0.001 sec   (METIS time)
  Reporting:    		   0.000 sec

Memory Information ----------------------------------------------------------
  Max memory used:		   0.070 MB
******************************************************************************
LEO13: 39.15438089068983: ['LEO11', 'LEO12', 'LEO13', 'LEO14', 'LEO15', 'LEO16', 'LEO17', 'LEO18', 'LEO19', 'LEO25', 'LEO26', 'LEO27', 'LEO35', 'LEO36', 'LEO45', 'LEO46']
LEO33: 81.6569183360683: ['LEO21', 'LEO22', 'LEO23', 'LEO24', 'LEO28', 'LEO29', 'LEO31', 'LEO32', 'LEO33', 'LEO34', 'LEO39', 'LEO43', 'LEO44', 'LEO53', 'LEO63', 'LEO72', 'LEO73']
LEO41: 49.32630217034525: ['LEO37', 'LEO38', 'LEO41', 'LEO42', 'LEO47', 'LEO48', 'LEO49', 'LEO51', 'LEO52', 'LEO57', 'LEO58', 'LEO59', 'LEO67']
LEO74: 9.996984489781491: ['LEO54', 'LEO55', 'LEO56', 'LEO64', 'LEO65', 'LEO66', 'LEO74', 'LEO75', 'LEO76', 'LEO84', 'LEO85']
LEO71: 39.51585404905205: ['LEO61', 'LEO62', 'LEO68', 'LEO69', 'LEO71', 'LEO77', 'LEO78', 'LEO79', 'LEO81', 'LEO82', 'LEO83', 'LEO86', 'LEO87', 'LEO88', 'LEO89']
sum_con_loads:  219.65
max_con_loads:   81.66
avg_setup_time: 241.44
