******************************************************************************
METIS 5.0 Copyright 1998-13, Regents of the University of Minnesota
 (HEAD: , Built on: Dec 17 2022, 08:18:35)
 size of idx_t: 64bits, real_t: 32bits, idx_t *: 64bits

Graph Information -----------------------------------------------------------
 Name: MetisTopos/429, #Vertices: 72, #Edges: 126, #Parts: 8

Options ---------------------------------------------------------------------
 ptype=kway, objtype=cut, ctype=shem, rtype=greedy, iptype=metisrb
 dbglvl=0, ufactor=1.300, no2hop=NO, minconn=NO, contig=NO, nooutput=NO
 seed=-1, niter=10, ncuts=1

Direct k-way Partitioning ---------------------------------------------------
 - Edgecut: 7853, communication volume: 74.

 - Balance:
     constraint #0:  1.283 out of 0.604

 - Most overweight partition:
     pid: 0, actual: 1700, desired: 1325, ratio: 1.28.

 - Subdomain connectivity: max: 7, min: 2, avg: 4.25

 - Each partition is contiguous.

Timing Information ----------------------------------------------------------
  I/O:          		   0.001 sec
  Partitioning: 		   0.001 sec   (METIS time)
  Reporting:    		   0.000 sec

Memory Information ----------------------------------------------------------
  Max memory used:		   0.070 MB
******************************************************************************
LEO32: 32.31540757534911: ['LEO11', 'LEO12', 'LEO17', 'LEO18', 'LEO19', 'LEO21', 'LEO22', 'LEO27', 'LEO28', 'LEO29', 'LEO31', 'LEO32']
LEO13: 25.548390239378254: ['LEO13', 'LEO14', 'LEO15', 'LEO16']
LEO33: 61.715368851086374: ['LEO23', 'LEO33', 'LEO43', 'LEO44', 'LEO53', 'LEO54', 'LEO62', 'LEO63', 'LEO64', 'LEO73', 'LEO74']
LEO24: 23.13968777128693: ['LEO24', 'LEO25', 'LEO34', 'LEO35']
LEO58: 30.132616016448168: ['LEO26', 'LEO36', 'LEO45', 'LEO46', 'LEO47', 'LEO48', 'LEO49', 'LEO55', 'LEO56', 'LEO57', 'LEO58', 'LEO59', 'LEO65', 'LEO66', 'LEO67', 'LEO68', 'LEO75', 'LEO76', 'LEO77', 'LEO78', 'LEO84', 'LEO85', 'LEO86', 'LEO87', 'LEO88']
LEO39: 17.62034436757315: ['LEO37', 'LEO38', 'LEO39']
LEO41: 36.337150650200535: ['LEO41', 'LEO42', 'LEO51', 'LEO52']
LEO61: 36.2095795219125: ['LEO61', 'LEO69', 'LEO71', 'LEO72', 'LEO79', 'LEO81', 'LEO82', 'LEO83', 'LEO89']
sum_con_loads:  263.02
max_con_loads:   61.72
avg_setup_time: 205.79
