******************************************************************************
METIS 5.0 Copyright 1998-13, Regents of the University of Minnesota
 (HEAD: , Built on: Dec 17 2022, 08:18:35)
 size of idx_t: 64bits, real_t: 32bits, idx_t *: 64bits

Graph Information -----------------------------------------------------------
 Name: MetisTopos/429, #Vertices: 72, #Edges: 126, #Parts: 8

Options ---------------------------------------------------------------------
 ptype=kway, objtype=cut, ctype=shem, rtype=greedy, iptype=metisrb
 dbglvl=0, ufactor=1.400, no2hop=NO, minconn=NO, contig=YES, nooutput=NO
 seed=-1, niter=10, ncuts=1

Direct k-way Partitioning ---------------------------------------------------
 - Edgecut: 8247, communication volume: 80.

 - Balance:
     constraint #0:  1.358 out of 0.604

 - Most overweight partition:
     pid: 3, actual: 1800, desired: 1325, ratio: 1.36.

 - Subdomain connectivity: max: 7, min: 2, avg: 4.25

 - Each partition is contiguous.

Timing Information ----------------------------------------------------------
  I/O:          		   0.001 sec
  Partitioning: 		   0.002 sec   (METIS time)
  Reporting:    		   0.000 sec

Memory Information ----------------------------------------------------------
  Max memory used:		   0.070 MB
******************************************************************************
LEO32: 32.31540757534911: ['LEO11', 'LEO12', 'LEO21', 'LEO22', 'LEO31', 'LEO32']
LEO33: 60.551545585400035: ['LEO13', 'LEO23', 'LEO33', 'LEO34', 'LEO42', 'LEO43', 'LEO44', 'LEO53', 'LEO54', 'LEO62', 'LEO63', 'LEO64']
LEO14: 30.213218772842733: ['LEO14', 'LEO15', 'LEO24', 'LEO25']
LEO38: 28.42271575867497: ['LEO16', 'LEO17', 'LEO18', 'LEO19', 'LEO26', 'LEO27', 'LEO28', 'LEO29', 'LEO35', 'LEO36', 'LEO37', 'LEO38', 'LEO39', 'LEO45', 'LEO46', 'LEO55', 'LEO56']
LEO41: 34.42537219116433: ['LEO41', 'LEO47', 'LEO48', 'LEO49', 'LEO57', 'LEO67']
LEO51: 28.79541338265074: ['LEO51', 'LEO52', 'LEO58', 'LEO59', 'LEO68']
LEO61: 29.407690242686776: ['LEO61', 'LEO69', 'LEO71', 'LEO72', 'LEO77', 'LEO78', 'LEO79', 'LEO81', 'LEO82', 'LEO86', 'LEO87', 'LEO88', 'LEO89']
LEO73: 26.715366095197705: ['LEO65', 'LEO66', 'LEO73', 'LEO74', 'LEO75', 'LEO76', 'LEO83', 'LEO84', 'LEO85']
sum_con_loads:  270.85
max_con_loads:   60.55
avg_setup_time: 195.09
