******************************************************************************
METIS 5.0 Copyright 1998-13, Regents of the University of Minnesota
 (HEAD: , Built on: Dec 17 2022, 08:18:35)
 size of idx_t: 64bits, real_t: 32bits, idx_t *: 64bits

Graph Information -----------------------------------------------------------
 Name: MetisTopos/429, #Vertices: 72, #Edges: 126, #Parts: 8

Options ---------------------------------------------------------------------
 ptype=kway, objtype=cut, ctype=shem, rtype=greedy, iptype=metisrb
 dbglvl=0, ufactor=1.500, no2hop=NO, minconn=NO, contig=YES, nooutput=NO
 seed=-1, niter=10, ncuts=1

Direct k-way Partitioning ---------------------------------------------------
 - Edgecut: 7746, communication volume: 73.

 - Balance:
     constraint #0:  1.434 out of 0.604

 - Most overweight partition:
     pid: 3, actual: 1900, desired: 1325, ratio: 1.43.

 - Subdomain connectivity: max: 6, min: 3, avg: 4.00

 - Each partition is contiguous.

Timing Information ----------------------------------------------------------
  I/O:          		   0.001 sec
  Partitioning: 		   0.002 sec   (METIS time)
  Reporting:    		   0.000 sec

Memory Information ----------------------------------------------------------
  Max memory used:		   0.070 MB
******************************************************************************
LEO32: 32.31540757534911: ['LEO11', 'LEO12', 'LEO21', 'LEO22', 'LEO31', 'LEO32']
LEO33: 59.07979708113659: ['LEO13', 'LEO23', 'LEO33', 'LEO43', 'LEO53', 'LEO63']
LEO14: 17.631299196087674: ['LEO14', 'LEO15']
LEO39: 24.581224098784: ['LEO16', 'LEO17', 'LEO18', 'LEO19', 'LEO26', 'LEO27', 'LEO28', 'LEO29', 'LEO36', 'LEO37', 'LEO38', 'LEO39', 'LEO44', 'LEO45', 'LEO46', 'LEO47', 'LEO48', 'LEO54', 'LEO55', 'LEO56', 'LEO57', 'LEO58', 'LEO67', 'LEO68']
LEO24: 23.13968777128693: ['LEO24', 'LEO25', 'LEO34', 'LEO35']
LEO51: 46.261564484719294: ['LEO41', 'LEO42', 'LEO51', 'LEO52', 'LEO61', 'LEO62']
LEO59: 22.464274094945516: ['LEO49', 'LEO59', 'LEO69']
LEO73: 35.33051785188596: ['LEO64', 'LEO65', 'LEO66', 'LEO71', 'LEO72', 'LEO73', 'LEO74', 'LEO75', 'LEO76', 'LEO77', 'LEO78', 'LEO79', 'LEO81', 'LEO82', 'LEO83', 'LEO84', 'LEO85', 'LEO86', 'LEO87', 'LEO88', 'LEO89']
sum_con_loads:  260.80
max_con_loads:   59.08
avg_setup_time: 193.37
