******************************************************************************
METIS 5.0 Copyright 1998-13, Regents of the University of Minnesota
 (HEAD: , Built on: Dec 17 2022, 08:18:35)
 size of idx_t: 64bits, real_t: 32bits, idx_t *: 64bits

Graph Information -----------------------------------------------------------
 Name: MetisTopos/429, #Vertices: 72, #Edges: 126, #Parts: 8

Options ---------------------------------------------------------------------
 ptype=kway, objtype=cut, ctype=shem, rtype=greedy, iptype=metisrb
 dbglvl=0, ufactor=1.700, no2hop=NO, minconn=NO, contig=NO, nooutput=NO
 seed=-1, niter=10, ncuts=1

Direct k-way Partitioning ---------------------------------------------------
 - Edgecut: 7645, communication volume: 80.

 - Balance:
     constraint #0:  1.660 out of 0.604

 - Most overweight partition:
     pid: 2, actual: 2200, desired: 1325, ratio: 1.66.

 - Subdomain connectivity: max: 6, min: 3, avg: 4.50

 - There are 1 non-contiguous partitions.
   Total components after removing the cut edges: 9,
   max components: 2 for pid: 3.

Timing Information ----------------------------------------------------------
  I/O:          		   0.001 sec
  Partitioning: 		   0.002 sec   (METIS time)
  Reporting:    		   0.000 sec

Memory Information ----------------------------------------------------------
  Max memory used:		   0.070 MB
******************************************************************************
LEO32: 32.31540757534911: ['LEO11', 'LEO12', 'LEO18', 'LEO19', 'LEO21', 'LEO22', 'LEO28', 'LEO29', 'LEO31', 'LEO32']
LEO23: 38.50743201732004: ['LEO13', 'LEO14', 'LEO23', 'LEO24']
LEO35: 21.326049870922592: ['LEO15', 'LEO16', 'LEO17', 'LEO25', 'LEO26', 'LEO27', 'LEO34', 'LEO35', 'LEO36', 'LEO44', 'LEO45', 'LEO46']
LEO53: 57.82652493344158: ['LEO33', 'LEO43', 'LEO53', 'LEO54', 'LEO62', 'LEO63', 'LEO64', 'LEO73', 'LEO74', 'LEO82', 'LEO83', 'LEO84']
LEO39: 17.62034436757315: ['LEO37', 'LEO38', 'LEO39']
LEO41: 39.70030323402759: ['LEO41', 'LEO42', 'LEO49', 'LEO51', 'LEO52']
LEO58: 20.399248805183944: ['LEO47', 'LEO48', 'LEO57', 'LEO58', 'LEO59', 'LEO67', 'LEO68', 'LEO77', 'LEO78', 'LEO87', 'LEO88']
LEO61: 30.897888210709613: ['LEO55', 'LEO56', 'LEO61', 'LEO65', 'LEO66', 'LEO69', 'LEO71', 'LEO72', 'LEO75', 'LEO76', 'LEO79', 'LEO81', 'LEO85', 'LEO86', 'LEO89']
sum_con_loads:  258.59
max_con_loads:   57.83
avg_setup_time: 193.51
