******************************************************************************
METIS 5.0 Copyright 1998-13, Regents of the University of Minnesota
 (HEAD: , Built on: Dec 17 2022, 08:18:35)
 size of idx_t: 64bits, real_t: 32bits, idx_t *: 64bits

Graph Information -----------------------------------------------------------
 Name: MetisTopos/1414, #Vertices: 72, #Edges: 128, #Parts: 8

Options ---------------------------------------------------------------------
 ptype=kway, objtype=cut, ctype=shem, rtype=greedy, iptype=metisrb
 dbglvl=0, ufactor=1.100, no2hop=NO, minconn=NO, contig=NO, nooutput=NO
 seed=-1, niter=10, ncuts=1

Direct k-way Partitioning ---------------------------------------------------
 - Edgecut: 11152, communication volume: 81.

 - Balance:
     constraint #0:  1.106 out of 0.455

 - Most overweight partition:
     pid: 5, actual: 1700, desired: 1537, ratio: 1.11.

 - Subdomain connectivity: max: 7, min: 3, avg: 4.50

 - There are 1 non-contiguous partitions.
   Total components after removing the cut edges: 10,
   max components: 3 for pid: 5.

Timing Information ----------------------------------------------------------
  I/O:          		   0.001 sec
  Partitioning: 		   0.002 sec   (METIS time)
  Reporting:    		   0.000 sec

Memory Information ----------------------------------------------------------
  Max memory used:		   0.071 MB
******************************************************************************
LEO13: 32.46332479981473: ['LEO11', 'LEO13', 'LEO14', 'LEO15', 'LEO16', 'LEO17', 'LEO18', 'LEO19', 'LEO24', 'LEO25', 'LEO26', 'LEO27', 'LEO28', 'LEO34', 'LEO35', 'LEO43', 'LEO44', 'LEO45', 'LEO46', 'LEO53', 'LEO54', 'LEO55', 'LEO56', 'LEO63', 'LEO64', 'LEO65', 'LEO66', 'LEO74', 'LEO75', 'LEO76', 'LEO83', 'LEO84', 'LEO85', 'LEO86', 'LEO87', 'LEO88']
LEO22: 39.18277831909553: ['LEO12', 'LEO22', 'LEO23']
LEO49: 41.673146591701425: ['LEO21', 'LEO29', 'LEO38', 'LEO39', 'LEO49']
LEO61: 73.67809200725054: ['LEO31', 'LEO32', 'LEO41', 'LEO42', 'LEO51', 'LEO52', 'LEO61', 'LEO71', 'LEO72', 'LEO82']
LEO62: 38.65491621727315: ['LEO33', 'LEO62', 'LEO73']
LEO47: 28.776962500195452: ['LEO36', 'LEO37', 'LEO47', 'LEO48', 'LEO57']
LEO58: 43.3481093329568: ['LEO58', 'LEO59', 'LEO67', 'LEO68']
LEO79: 48.26706476644051: ['LEO69', 'LEO77', 'LEO78', 'LEO79', 'LEO81', 'LEO89']
sum_con_loads:  346.04
max_con_loads:   73.68
avg_setup_time: 241.03
