******************************************************************************
METIS 5.0 Copyright 1998-13, Regents of the University of Minnesota
 (HEAD: , Built on: Dec 17 2022, 08:18:35)
 size of idx_t: 64bits, real_t: 32bits, idx_t *: 64bits

Graph Information -----------------------------------------------------------
 Name: MetisTopos/1414, #Vertices: 72, #Edges: 128, #Parts: 8

Options ---------------------------------------------------------------------
 ptype=kway, objtype=cut, ctype=shem, rtype=greedy, iptype=metisrb
 dbglvl=0, ufactor=2.100, no2hop=NO, minconn=NO, contig=NO, nooutput=NO
 seed=-1, niter=10, ncuts=1

Direct k-way Partitioning ---------------------------------------------------
 - Edgecut: 8509, communication volume: 68.

 - Balance:
     constraint #0:  2.081 out of 0.455

 - Most overweight partition:
     pid: 7, actual: 3200, desired: 1537, ratio: 2.08.

 - Subdomain connectivity: max: 5, min: 0, avg: 3.25

 - There are 0 non-contiguous partitions.
   Total components after removing the cut edges: 7,
   max components: 1 for pid: 1.

Timing Information ----------------------------------------------------------
  I/O:          		   0.001 sec
  Partitioning: 		   0.001 sec   (METIS time)
  Reporting:    		   0.000 sec

Memory Information ----------------------------------------------------------
  Max memory used:		   0.071 MB
******************************************************************************
LEO49: 46.90456371255778: ['LEO11', 'LEO19', 'LEO21', 'LEO29', 'LEO39', 'LEO48', 'LEO49']
LEO32: 52.663811327232196: ['LEO12', 'LEO22', 'LEO31', 'LEO32', 'LEO33']
LEO13: 23.832618257033484: ['LEO13', 'LEO23']
LEO64: 41.99399799849946: ['LEO14', 'LEO15', 'LEO24', 'LEO25', 'LEO34', 'LEO35', 'LEO43', 'LEO44', 'LEO45', 'LEO46', 'LEO53', 'LEO54', 'LEO55', 'LEO56', 'LEO62', 'LEO63', 'LEO64', 'LEO65', 'LEO66', 'LEO67', 'LEO72', 'LEO73', 'LEO74', 'LEO75', 'LEO76', 'LEO77', 'LEO83', 'LEO84', 'LEO85', 'LEO86', 'LEO87']
LEO37: 16.298145355644344: ['LEO16', 'LEO17', 'LEO18', 'LEO26', 'LEO27', 'LEO28', 'LEO36', 'LEO37', 'LEO38', 'LEO47']
LEO61: 77.39108828947134: ['LEO41', 'LEO42', 'LEO51', 'LEO52', 'LEO61', 'LEO68', 'LEO69', 'LEO71', 'LEO78', 'LEO79', 'LEO81', 'LEO82', 'LEO88', 'LEO89']
LEO59: 34.17342915452812: ['LEO57', 'LEO58', 'LEO59']
sum_con_loads:  293.26
max_con_loads:   77.39
avg_setup_time: 222.41
