******************************************************************************
METIS 5.0 Copyright 1998-13, Regents of the University of Minnesota
 (HEAD: , Built on: Dec 17 2022, 08:18:35)
 size of idx_t: 64bits, real_t: 32bits, idx_t *: 64bits

Graph Information -----------------------------------------------------------
 Name: MetisTopos/1414, #Vertices: 72, #Edges: 128, #Parts: 8

Options ---------------------------------------------------------------------
 ptype=kway, objtype=cut, ctype=shem, rtype=greedy, iptype=metisrb
 dbglvl=0, ufactor=2.300, no2hop=NO, minconn=NO, contig=NO, nooutput=NO
 seed=-1, niter=10, ncuts=1

Direct k-way Partitioning ---------------------------------------------------
 - Edgecut: 7188, communication volume: 68.

 - Balance:
     constraint #0:  2.276 out of 0.455

 - Most overweight partition:
     pid: 7, actual: 3500, desired: 1537, ratio: 2.28.

 - Subdomain connectivity: max: 5, min: 0, avg: 3.50

 - There are 0 non-contiguous partitions.
   Total components after removing the cut edges: 7,
   max components: 1 for pid: 0.

Timing Information ----------------------------------------------------------
  I/O:          		   0.001 sec
  Partitioning: 		   0.001 sec   (METIS time)
  Reporting:    		   0.000 sec

Memory Information ----------------------------------------------------------
  Max memory used:		   0.071 MB
******************************************************************************
LEO37: 12.933767906169534: ['LEO11', 'LEO17', 'LEO18', 'LEO19', 'LEO26', 'LEO27', 'LEO28', 'LEO36', 'LEO37', 'LEO47']
LEO22: 41.206247154538474: ['LEO12', 'LEO13', 'LEO22', 'LEO23']
LEO14: 8.657412821030066: ['LEO14', 'LEO15', 'LEO16', 'LEO24', 'LEO25']
LEO49: 46.9731645995533: ['LEO21', 'LEO29', 'LEO38', 'LEO39', 'LEO48', 'LEO49']
LEO42: 64.86325803251965: ['LEO31', 'LEO32', 'LEO33', 'LEO34', 'LEO41', 'LEO42', 'LEO43', 'LEO44', 'LEO51', 'LEO52', 'LEO53', 'LEO54', 'LEO61', 'LEO62']
LEO69: 63.20863345085901: ['LEO35', 'LEO45', 'LEO46', 'LEO55', 'LEO56', 'LEO57', 'LEO58', 'LEO59', 'LEO66', 'LEO67', 'LEO68', 'LEO69', 'LEO76', 'LEO77', 'LEO78', 'LEO79', 'LEO86', 'LEO87', 'LEO88', 'LEO89']
LEO72: 28.86873168662266: ['LEO63', 'LEO64', 'LEO65', 'LEO71', 'LEO72', 'LEO73', 'LEO74', 'LEO75', 'LEO81', 'LEO82', 'LEO83', 'LEO84', 'LEO85']
sum_con_loads:  266.71
max_con_loads:   64.86
avg_setup_time: 199.06
