******************************************************************************
METIS 5.0 Copyright 1998-13, Regents of the University of Minnesota
 (HEAD: , Built on: Dec 17 2022, 08:18:35)
 size of idx_t: 64bits, real_t: 32bits, idx_t *: 64bits

Graph Information -----------------------------------------------------------
 Name: MetisTopos/1414, #Vertices: 72, #Edges: 128, #Parts: 8

Options ---------------------------------------------------------------------
 ptype=kway, objtype=cut, ctype=shem, rtype=greedy, iptype=metisrb
 dbglvl=0, ufactor=1.300, no2hop=NO, minconn=NO, contig=NO, nooutput=NO
 seed=-1, niter=10, ncuts=1

Direct k-way Partitioning ---------------------------------------------------
 - Edgecut: 9295, communication volume: 75.

 - Balance:
     constraint #0:  1.236 out of 0.455

 - Most overweight partition:
     pid: 1, actual: 1900, desired: 1537, ratio: 1.24.

 - Subdomain connectivity: max: 5, min: 3, avg: 4.25

 - Each partition is contiguous.

Timing Information ----------------------------------------------------------
  I/O:          		   0.001 sec
  Partitioning: 		   0.002 sec   (METIS time)
  Reporting:    		   0.000 sec

Memory Information ----------------------------------------------------------
  Max memory used:		   0.071 MB
******************************************************************************
LEO48: 24.570571656591255: ['LEO11', 'LEO16', 'LEO17', 'LEO18', 'LEO19', 'LEO26', 'LEO27', 'LEO28', 'LEO36', 'LEO37', 'LEO47', 'LEO48']
LEO32: 52.663811327232196: ['LEO12', 'LEO22', 'LEO31', 'LEO32', 'LEO33']
LEO13: 31.508700225319593: ['LEO13', 'LEO14', 'LEO15', 'LEO23', 'LEO24', 'LEO25', 'LEO34', 'LEO35']
LEO49: 41.673146591701425: ['LEO21', 'LEO29', 'LEO38', 'LEO39', 'LEO49']
LEO61: 71.92728549138303: ['LEO41', 'LEO42', 'LEO51', 'LEO52', 'LEO59', 'LEO61', 'LEO62', 'LEO69', 'LEO71', 'LEO79', 'LEO89']
LEO72: 27.18778490869574: ['LEO43', 'LEO44', 'LEO53', 'LEO54', 'LEO63', 'LEO64', 'LEO65', 'LEO72', 'LEO73', 'LEO74', 'LEO81', 'LEO82', 'LEO83', 'LEO84']
LEO78: 27.709860504590658: ['LEO45', 'LEO46', 'LEO55', 'LEO56', 'LEO57', 'LEO66', 'LEO67', 'LEO75', 'LEO76', 'LEO77', 'LEO78', 'LEO85', 'LEO86', 'LEO87', 'LEO88']
LEO58: 31.551419662060397: ['LEO58', 'LEO68']
sum_con_loads:  308.79
max_con_loads:   71.93
avg_setup_time: 205.10
