******************************************************************************
METIS 5.0 Copyright 1998-13, Regents of the University of Minnesota
 (HEAD: , Built on: Dec 17 2022, 08:18:35)
 size of idx_t: 64bits, real_t: 32bits, idx_t *: 64bits

Graph Information -----------------------------------------------------------
 Name: MetisTopos/1414, #Vertices: 72, #Edges: 128, #Parts: 8

Options ---------------------------------------------------------------------
 ptype=kway, objtype=cut, ctype=shem, rtype=greedy, iptype=metisrb
 dbglvl=0, ufactor=1.400, no2hop=NO, minconn=NO, contig=NO, nooutput=NO
 seed=-1, niter=10, ncuts=1

Direct k-way Partitioning ---------------------------------------------------
 - Edgecut: 9650, communication volume: 78.

 - Balance:
     constraint #0:  1.366 out of 0.455

 - Most overweight partition:
     pid: 3, actual: 2100, desired: 1537, ratio: 1.37.

 - Subdomain connectivity: max: 6, min: 3, avg: 4.50

 - Each partition is contiguous.

Timing Information ----------------------------------------------------------
  I/O:          		   0.001 sec
  Partitioning: 		   0.002 sec   (METIS time)
  Reporting:    		   0.000 sec

Memory Information ----------------------------------------------------------
  Max memory used:		   0.071 MB
******************************************************************************
LEO32: 67.0694892031163: ['LEO11', 'LEO19', 'LEO21', 'LEO22', 'LEO29', 'LEO31', 'LEO32', 'LEO39', 'LEO42', 'LEO52']
LEO12: 29.038316489365187: ['LEO12', 'LEO13', 'LEO14', 'LEO15']
LEO37: 25.016631041267196: ['LEO16', 'LEO17', 'LEO18', 'LEO25', 'LEO26', 'LEO27', 'LEO28', 'LEO35', 'LEO36', 'LEO37', 'LEO38', 'LEO45', 'LEO46', 'LEO47', 'LEO55', 'LEO56', 'LEO57', 'LEO66', 'LEO67']
LEO33: 22.94291426691706: ['LEO23', 'LEO24', 'LEO33', 'LEO34']
LEO61: 63.26667979233948: ['LEO41', 'LEO51', 'LEO61', 'LEO69', 'LEO71', 'LEO79', 'LEO81', 'LEO82', 'LEO88', 'LEO89']
LEO62: 23.870750576518304: ['LEO43', 'LEO44', 'LEO53', 'LEO54', 'LEO62', 'LEO63', 'LEO64', 'LEO65', 'LEO72', 'LEO73', 'LEO74', 'LEO75', 'LEO83', 'LEO84', 'LEO85']
LEO49: 54.09031848858797: ['LEO48', 'LEO49', 'LEO58', 'LEO59']
LEO78: 30.69869292823582: ['LEO68', 'LEO76', 'LEO77', 'LEO78', 'LEO86', 'LEO87']
sum_con_loads:  315.99
max_con_loads:   67.07
avg_setup_time: 206.55
