******************************************************************************
METIS 5.0 Copyright 1998-13, Regents of the University of Minnesota
 (HEAD: , Built on: Dec 17 2022, 08:18:35)
 size of idx_t: 64bits, real_t: 32bits, idx_t *: 64bits

Graph Information -----------------------------------------------------------
 Name: MetisTopos/1414, #Vertices: 72, #Edges: 128, #Parts: 8

Options ---------------------------------------------------------------------
 ptype=kway, objtype=cut, ctype=shem, rtype=greedy, iptype=metisrb
 dbglvl=0, ufactor=1.600, no2hop=NO, minconn=NO, contig=NO, nooutput=NO
 seed=-1, niter=10, ncuts=1

Direct k-way Partitioning ---------------------------------------------------
 - Edgecut: 9223, communication volume: 72.

 - Balance:
     constraint #0:  1.366 out of 0.455

 - Most overweight partition:
     pid: 6, actual: 2100, desired: 1537, ratio: 1.37.

 - Subdomain connectivity: max: 7, min: 2, avg: 3.75

 - Each partition is contiguous.

Timing Information ----------------------------------------------------------
  I/O:          		   0.001 sec
  Partitioning: 		   0.002 sec   (METIS time)
  Reporting:    		   0.000 sec

Memory Information ----------------------------------------------------------
  Max memory used:		   0.071 MB
******************************************************************************
LEO39: 42.256251125633206: ['LEO11', 'LEO18', 'LEO19', 'LEO21', 'LEO28', 'LEO29', 'LEO38', 'LEO39', 'LEO49']
LEO22: 41.206247154538474: ['LEO12', 'LEO13', 'LEO22', 'LEO23']
LEO32: 61.707133661378606: ['LEO14', 'LEO15', 'LEO16', 'LEO17', 'LEO24', 'LEO25', 'LEO26', 'LEO27', 'LEO31', 'LEO32', 'LEO33', 'LEO34', 'LEO35', 'LEO42', 'LEO43', 'LEO44', 'LEO45', 'LEO46', 'LEO52', 'LEO53', 'LEO54', 'LEO55', 'LEO56', 'LEO62', 'LEO63', 'LEO64', 'LEO65', 'LEO66', 'LEO67']
LEO48: 22.537325303357413: ['LEO36', 'LEO37', 'LEO47', 'LEO48']
LEO69: 72.09310913789774: ['LEO41', 'LEO51', 'LEO59', 'LEO61', 'LEO68', 'LEO69', 'LEO71', 'LEO79', 'LEO81', 'LEO89']
LEO58: 22.915138572080654: ['LEO57', 'LEO58']
LEO72: 25.08761054380177: ['LEO72', 'LEO73', 'LEO74', 'LEO82', 'LEO83', 'LEO84']
LEO78: 19.572600264997583: ['LEO75', 'LEO76', 'LEO77', 'LEO78', 'LEO85', 'LEO86', 'LEO87', 'LEO88']
sum_con_loads:  307.38
max_con_loads:   72.09
avg_setup_time: 205.41
