******************************************************************************
METIS 5.0 Copyright 1998-13, Regents of the University of Minnesota
 (HEAD: , Built on: Dec 17 2022, 08:18:35)
 size of idx_t: 64bits, real_t: 32bits, idx_t *: 64bits

Graph Information -----------------------------------------------------------
 Name: MetisTopos/0, #Vertices: 72, #Edges: 128, #Parts: 8

Options ---------------------------------------------------------------------
 ptype=kway, objtype=cut, ctype=shem, rtype=greedy, iptype=metisrb
 dbglvl=0, ufactor=2.000, no2hop=NO, minconn=YES, contig=NO, nooutput=NO
 seed=-1, niter=10, ncuts=1

Direct k-way Partitioning ---------------------------------------------------
 - Edgecut: 8326, communication volume: 73.

 - Balance:
     constraint #0:  1.625 out of 0.438

 - Most overweight partition:
     pid: 6, actual: 2600, desired: 1600, ratio: 1.62.

 - Subdomain connectivity: max: 5, min: 3, avg: 4.25

 - Each partition is contiguous.

Timing Information ----------------------------------------------------------
  I/O:          		   0.001 sec
  Partitioning: 		   0.002 sec   (METIS time)
  Reporting:    		   0.000 sec

Memory Information ----------------------------------------------------------
  Max memory used:		   0.095 MB
******************************************************************************
LEO39: 16.874740473449794: ['LEO11', 'LEO18', 'LEO19', 'LEO21', 'LEO28', 'LEO29', 'LEO31', 'LEO38', 'LEO39', 'LEO48', 'LEO49', 'LEO59']
LEO22: 15.815014304360822: ['LEO12', 'LEO13', 'LEO22']
LEO34: 57.05958859669644: ['LEO14', 'LEO15', 'LEO23', 'LEO24', 'LEO34', 'LEO44']
LEO25: 20.46108528906511: ['LEO16', 'LEO17', 'LEO25', 'LEO26', 'LEO27']
LEO42: 68.44384875578983: ['LEO32', 'LEO33', 'LEO41', 'LEO42', 'LEO43', 'LEO51', 'LEO52']
LEO35: 20.697101534396072: ['LEO35', 'LEO36', 'LEO37', 'LEO45', 'LEO46', 'LEO47', 'LEO57', 'LEO58']
LEO63: 51.92670820343316: ['LEO53', 'LEO54', 'LEO55', 'LEO56', 'LEO63', 'LEO64', 'LEO65', 'LEO66', 'LEO73', 'LEO74', 'LEO75', 'LEO76', 'LEO77', 'LEO83', 'LEO84', 'LEO85', 'LEO86']
LEO62: 43.00410348557324: ['LEO61', 'LEO62', 'LEO67', 'LEO68', 'LEO69', 'LEO71', 'LEO72', 'LEO78', 'LEO79', 'LEO81', 'LEO82', 'LEO87', 'LEO88', 'LEO89']
sum_con_loads:  294.28
max_con_loads:   68.44
avg_setup_time: 193.18
