******************************************************************************
METIS 5.0 Copyright 1998-13, Regents of the University of Minnesota
 (HEAD: , Built on: Dec 17 2022, 08:18:35)
 size of idx_t: 64bits, real_t: 32bits, idx_t *: 64bits

Graph Information -----------------------------------------------------------
 Name: MetisTopos/0, #Vertices: 72, #Edges: 128, #Parts: 8

Options ---------------------------------------------------------------------
 ptype=kway, objtype=cut, ctype=shem, rtype=greedy, iptype=metisrb
 dbglvl=0, ufactor=1.100, no2hop=NO, minconn=YES, contig=NO, nooutput=NO
 seed=-1, niter=10, ncuts=1

Direct k-way Partitioning ---------------------------------------------------
 - Edgecut: 12219, communication volume: 77.

 - Balance:
     constraint #0:  1.062 out of 0.438

 - Most overweight partition:
     pid: 0, actual: 1700, desired: 1600, ratio: 1.06.

 - Subdomain connectivity: max: 5, min: 2, avg: 4.00

 - There are 1 non-contiguous partitions.
   Total components after removing the cut edges: 9,
   max components: 2 for pid: 7.

Timing Information ----------------------------------------------------------
  I/O:          		   0.001 sec
  Partitioning: 		   0.002 sec   (METIS time)
  Reporting:    		   0.000 sec

Memory Information ----------------------------------------------------------
  Max memory used:		   0.095 MB
******************************************************************************
LEO22: 32.31439685429614: ['LEO11', 'LEO12', 'LEO13', 'LEO16', 'LEO17', 'LEO18', 'LEO19', 'LEO21', 'LEO22', 'LEO23', 'LEO26', 'LEO27', 'LEO28', 'LEO29', 'LEO36', 'LEO37', 'LEO38', 'LEO39', 'LEO46', 'LEO47', 'LEO48', 'LEO49', 'LEO56', 'LEO57']
LEO24: 44.4129735089998: ['LEO14', 'LEO15', 'LEO24']
LEO34: 65.26205485349986: ['LEO25', 'LEO33', 'LEO34', 'LEO35', 'LEO43', 'LEO44', 'LEO45', 'LEO54', 'LEO55']
LEO42: 55.39018493004818: ['LEO31', 'LEO32', 'LEO41', 'LEO42']
LEO51: 31.226491516269373: ['LEO51', 'LEO58', 'LEO59', 'LEO67', 'LEO68', 'LEO69', 'LEO77', 'LEO78', 'LEO79', 'LEO87', 'LEO88', 'LEO89']
LEO52: 57.82794857261032: ['LEO52', 'LEO61', 'LEO62']
LEO63: 47.530121041941385: ['LEO53', 'LEO63', 'LEO64', 'LEO73', 'LEO74', 'LEO83', 'LEO84']
LEO72: 38.20898707840183: ['LEO65', 'LEO66', 'LEO71', 'LEO72', 'LEO75', 'LEO76', 'LEO81', 'LEO82', 'LEO85', 'LEO86']
sum_con_loads:  372.17
max_con_loads:   65.26
avg_setup_time: 221.12
