******************************************************************************
METIS 5.0 Copyright 1998-13, Regents of the University of Minnesota
 (HEAD: , Built on: Dec 17 2022, 08:18:35)
 size of idx_t: 64bits, real_t: 32bits, idx_t *: 64bits

Graph Information -----------------------------------------------------------
 Name: MetisTopos/0, #Vertices: 72, #Edges: 128, #Parts: 8

Options ---------------------------------------------------------------------
 ptype=kway, objtype=cut, ctype=shem, rtype=greedy, iptype=metisrb
 dbglvl=0, ufactor=2.100, no2hop=NO, minconn=YES, contig=YES, nooutput=NO
 seed=-1, niter=10, ncuts=1

Direct k-way Partitioning ---------------------------------------------------
 - Edgecut: 8374, communication volume: 83.

 - Balance:
     constraint #0:  1.812 out of 0.438

 - Most overweight partition:
     pid: 5, actual: 2900, desired: 1600, ratio: 1.81.

 - Subdomain connectivity: max: 5, min: 3, avg: 4.25

 - Each partition is contiguous.

Timing Information ----------------------------------------------------------
  I/O:          		   0.001 sec
  Partitioning: 		   0.001 sec   (METIS time)
  Reporting:    		   0.000 sec

Memory Information ----------------------------------------------------------
  Max memory used:		   0.095 MB
******************************************************************************
LEO22: 27.11641128940121: ['LEO11', 'LEO12', 'LEO13', 'LEO18', 'LEO19', 'LEO21', 'LEO22', 'LEO28', 'LEO29', 'LEO38', 'LEO39', 'LEO48', 'LEO49', 'LEO59']
LEO34: 63.104754658220216: ['LEO14', 'LEO23', 'LEO24', 'LEO25', 'LEO26', 'LEO34', 'LEO35', 'LEO36', 'LEO44']
LEO15: 21.52974275128846: ['LEO15', 'LEO16', 'LEO17', 'LEO27', 'LEO37', 'LEO47']
LEO42: 68.92308685102792: ['LEO31', 'LEO32', 'LEO33', 'LEO41', 'LEO42', 'LEO43', 'LEO51', 'LEO52']
LEO75: 14.224894715008878: ['LEO45', 'LEO46', 'LEO55', 'LEO56', 'LEO65', 'LEO66', 'LEO67', 'LEO75', 'LEO76']
LEO63: 48.13911841960677: ['LEO53', 'LEO54', 'LEO63', 'LEO64', 'LEO73', 'LEO74', 'LEO83', 'LEO84']
LEO79: 11.907070934209674: ['LEO57', 'LEO58', 'LEO68', 'LEO69', 'LEO77', 'LEO78', 'LEO79', 'LEO85', 'LEO86', 'LEO87', 'LEO88', 'LEO89']
LEO62: 40.325458814950885: ['LEO61', 'LEO62', 'LEO71', 'LEO72', 'LEO81', 'LEO82']
sum_con_loads:  295.27
max_con_loads:   68.92
avg_setup_time: 198.63
