******************************************************************************
METIS 5.0 Copyright 1998-13, Regents of the University of Minnesota
 (HEAD: , Built on: Dec 17 2022, 08:18:35)
 size of idx_t: 64bits, real_t: 32bits, idx_t *: 64bits

Graph Information -----------------------------------------------------------
 Name: MetisTopos/0, #Vertices: 72, #Edges: 128, #Parts: 8

Options ---------------------------------------------------------------------
 ptype=kway, objtype=cut, ctype=shem, rtype=greedy, iptype=metisrb
 dbglvl=0, ufactor=2.100, no2hop=NO, minconn=YES, contig=NO, nooutput=NO
 seed=-1, niter=10, ncuts=1

Direct k-way Partitioning ---------------------------------------------------
 - Edgecut: 8562, communication volume: 80.

 - Balance:
     constraint #0:  1.938 out of 0.438

 - Most overweight partition:
     pid: 7, actual: 3100, desired: 1600, ratio: 1.94.

 - Subdomain connectivity: max: 5, min: 3, avg: 4.25

 - Each partition is contiguous.

Timing Information ----------------------------------------------------------
  I/O:          		   0.001 sec
  Partitioning: 		   0.002 sec   (METIS time)
  Reporting:    		   0.000 sec

Memory Information ----------------------------------------------------------
  Max memory used:		   0.095 MB
******************************************************************************
LEO39: 16.874740473449794: ['LEO11', 'LEO18', 'LEO19', 'LEO21', 'LEO28', 'LEO29', 'LEO31', 'LEO38', 'LEO39', 'LEO48', 'LEO49', 'LEO59']
LEO34: 64.35747745811415: ['LEO12', 'LEO13', 'LEO14', 'LEO23', 'LEO24', 'LEO25', 'LEO33', 'LEO34', 'LEO35', 'LEO44']
LEO15: 19.07735888981765: ['LEO15', 'LEO16', 'LEO17', 'LEO26', 'LEO27']
LEO42: 71.77943931865741: ['LEO22', 'LEO32', 'LEO41', 'LEO42', 'LEO43', 'LEO51', 'LEO52']
LEO75: 20.483934501652985: ['LEO36', 'LEO45', 'LEO46', 'LEO55', 'LEO56', 'LEO65', 'LEO66', 'LEO67', 'LEO75', 'LEO76', 'LEO77']
LEO71: 30.109602462578238: ['LEO37', 'LEO47', 'LEO57', 'LEO58', 'LEO68', 'LEO69', 'LEO71', 'LEO72', 'LEO78', 'LEO79', 'LEO81', 'LEO82', 'LEO88', 'LEO89']
LEO63: 48.13911841960677: ['LEO53', 'LEO54', 'LEO63', 'LEO64', 'LEO73', 'LEO74', 'LEO83', 'LEO84', 'LEO85', 'LEO86', 'LEO87']
LEO62: 28.121940080869578: ['LEO61', 'LEO62']
sum_con_loads:  298.94
max_con_loads:   71.78
avg_setup_time: 203.87
