******************************************************************************
METIS 5.0 Copyright 1998-13, Regents of the University of Minnesota
 (HEAD: , Built on: Dec 17 2022, 08:18:35)
 size of idx_t: 64bits, real_t: 32bits, idx_t *: 64bits

Graph Information -----------------------------------------------------------
 Name: MetisTopos/0, #Vertices: 72, #Edges: 128, #Parts: 8

Options ---------------------------------------------------------------------
 ptype=kway, objtype=cut, ctype=shem, rtype=greedy, iptype=metisrb
 dbglvl=0, ufactor=2.100, no2hop=NO, minconn=NO, contig=YES, nooutput=NO
 seed=-1, niter=10, ncuts=1

Direct k-way Partitioning ---------------------------------------------------
 - Edgecut: 9322, communication volume: 73.

 - Balance:
     constraint #0:  1.938 out of 0.438

 - Most overweight partition:
     pid: 6, actual: 3100, desired: 1600, ratio: 1.94.

 - Subdomain connectivity: max: 7, min: 2, avg: 4.00

 - Each partition is contiguous.

Timing Information ----------------------------------------------------------
  I/O:          		   0.001 sec
  Partitioning: 		   0.001 sec   (METIS time)
  Reporting:    		   0.000 sec

Memory Information ----------------------------------------------------------
  Max memory used:		   0.071 MB
******************************************************************************
LEO38, 24.767536282321785: ['LEO11', 'LEO18', 'LEO19', 'LEO21', 'LEO26', 'LEO27', 'LEO28', 'LEO29', 'LEO31', 'LEO36', 'LEO37', 'LEO38', 'LEO39', 'LEO46', 'LEO47', 'LEO48', 'LEO49', 'LEO56', 'LEO57', 'LEO58', 'LEO59', 'LEO66', 'LEO67', 'LEO68', 'LEO69', 'LEO76', 'LEO77', 'LEO78', 'LEO85', 'LEO86', 'LEO87', 'LEO88']
LEO34, 64.35747745811415: ['LEO12', 'LEO13', 'LEO14', 'LEO23', 'LEO24', 'LEO25', 'LEO34', 'LEO35', 'LEO43', 'LEO44', 'LEO45']
LEO15, 17.710226451060578: ['LEO15', 'LEO16', 'LEO17']
LEO42, 71.77943931865741: ['LEO22', 'LEO32', 'LEO33', 'LEO41', 'LEO42', 'LEO51', 'LEO52']
LEO63, 47.530121041941385: ['LEO53', 'LEO63', 'LEO64', 'LEO73', 'LEO74', 'LEO83', 'LEO84']
LEO54, 33.69019959148966: ['LEO54', 'LEO55', 'LEO65', 'LEO75']
LEO62, 28.121940080869578: ['LEO61', 'LEO62']
LEO72, 26.321183315007044: ['LEO71', 'LEO72', 'LEO79', 'LEO81', 'LEO82', 'LEO89']
sum_con_loads:  314.28
max_con_loads:   71.78
avg_setup_time: 197.49
