******************************************************************************
METIS 5.0 Copyright 1998-13, Regents of the University of Minnesota
 (HEAD: , Built on: Dec 17 2022, 08:18:35)
 size of idx_t: 64bits, real_t: 32bits, idx_t *: 64bits

Graph Information -----------------------------------------------------------
 Name: MetisTopos/0, #Vertices: 72, #Edges: 128, #Parts: 8

Options ---------------------------------------------------------------------
 ptype=kway, objtype=cut, ctype=shem, rtype=greedy, iptype=metisrb
 dbglvl=0, ufactor=2.200, no2hop=NO, minconn=YES, contig=YES, nooutput=NO
 seed=-1, niter=10, ncuts=1

Direct k-way Partitioning ---------------------------------------------------
 - Edgecut: 8581, communication volume: 80.

 - Balance:
     constraint #0:  2.000 out of 0.438

 - Most overweight partition:
     pid: 4, actual: 3200, desired: 1600, ratio: 2.00.

 - Subdomain connectivity: max: 5, min: 2, avg: 4.00

 - Each partition is contiguous.

Timing Information ----------------------------------------------------------
  I/O:          		   0.001 sec
  Partitioning: 		   0.002 sec   (METIS time)
  Reporting:    		   0.000 sec

Memory Information ----------------------------------------------------------
  Max memory used:		   0.095 MB
******************************************************************************
LEO22: 15.815014304360822: ['LEO11', 'LEO12', 'LEO13', 'LEO19', 'LEO21', 'LEO22', 'LEO23', 'LEO29']
LEO34: 57.05958859669644: ['LEO14', 'LEO15', 'LEO24', 'LEO33', 'LEO34', 'LEO43', 'LEO44']
LEO25: 20.46108528906511: ['LEO16', 'LEO17', 'LEO25', 'LEO26']
LEO35: 21.50343857738289: ['LEO18', 'LEO27', 'LEO28', 'LEO35', 'LEO36', 'LEO37', 'LEO38', 'LEO45', 'LEO46', 'LEO47', 'LEO48', 'LEO56', 'LEO57', 'LEO58', 'LEO68']
LEO52: 74.31060311142932: ['LEO31', 'LEO32', 'LEO41', 'LEO42', 'LEO51', 'LEO52', 'LEO62']
LEO61: 28.096156822401323: ['LEO39', 'LEO49', 'LEO59', 'LEO61', 'LEO69']
LEO63: 51.92670820343315: ['LEO53', 'LEO54', 'LEO63', 'LEO64', 'LEO73', 'LEO74', 'LEO75', 'LEO83', 'LEO84', 'LEO85', 'LEO86']
LEO72: 29.99072471939349: ['LEO55', 'LEO65', 'LEO66', 'LEO67', 'LEO71', 'LEO72', 'LEO76', 'LEO77', 'LEO78', 'LEO79', 'LEO81', 'LEO82', 'LEO87', 'LEO88', 'LEO89']
sum_con_loads:  299.16
max_con_loads:   74.31
avg_setup_time: 202.79
