******************************************************************************
METIS 5.0 Copyright 1998-13, Regents of the University of Minnesota
 (HEAD: , Built on: Dec 17 2022, 08:18:35)
 size of idx_t: 64bits, real_t: 32bits, idx_t *: 64bits

Graph Information -----------------------------------------------------------
 Name: MetisTopos/0, #Vertices: 72, #Edges: 128, #Parts: 8

Options ---------------------------------------------------------------------
 ptype=kway, objtype=cut, ctype=shem, rtype=greedy, iptype=metisrb
 dbglvl=0, ufactor=2.200, no2hop=NO, minconn=NO, contig=YES, nooutput=NO
 seed=-1, niter=10, ncuts=1

Direct k-way Partitioning ---------------------------------------------------
 - Edgecut: 8337, communication volume: 76.

 - Balance:
     constraint #0:  2.125 out of 0.438

 - Most overweight partition:
     pid: 4, actual: 3400, desired: 1600, ratio: 2.12.

 - Subdomain connectivity: max: 7, min: 2, avg: 4.00

 - Each partition is contiguous.

Timing Information ----------------------------------------------------------
  I/O:          		   0.001 sec
  Partitioning: 		   0.002 sec   (METIS time)
  Reporting:    		   0.000 sec

Memory Information ----------------------------------------------------------
  Max memory used:		   0.071 MB
******************************************************************************
LEO52, 79.39286872247445: ['LEO11', 'LEO18', 'LEO19', 'LEO21', 'LEO28', 'LEO29', 'LEO31', 'LEO32', 'LEO38', 'LEO39', 'LEO41', 'LEO42', 'LEO48', 'LEO49', 'LEO52', 'LEO61', 'LEO62', 'LEO69']
LEO22, 15.815014304360822: ['LEO12', 'LEO13', 'LEO22']
LEO34, 57.05958859669645: ['LEO14', 'LEO15', 'LEO23', 'LEO24', 'LEO33', 'LEO34']
LEO25, 20.46108528906511: ['LEO16', 'LEO17', 'LEO25', 'LEO26', 'LEO27']
LEO35, 20.697101534396072: ['LEO35', 'LEO36', 'LEO37', 'LEO45', 'LEO46', 'LEO47', 'LEO55', 'LEO56', 'LEO57', 'LEO58', 'LEO65', 'LEO66', 'LEO67', 'LEO68']
LEO63, 51.92670820343315: ['LEO43', 'LEO44', 'LEO53', 'LEO54', 'LEO63', 'LEO64', 'LEO73', 'LEO74', 'LEO75', 'LEO76', 'LEO77', 'LEO83', 'LEO84', 'LEO85', 'LEO86', 'LEO87']
LEO51, 22.45996986625313: ['LEO51', 'LEO59']
LEO71, 26.662737034015304: ['LEO71', 'LEO72', 'LEO78', 'LEO79', 'LEO81', 'LEO82', 'LEO88', 'LEO89']
sum_con_loads:  294.48
max_con_loads:   79.39
avg_setup_time: 195.02
