******************************************************************************
METIS 5.0 Copyright 1998-13, Regents of the University of Minnesota
 (HEAD: , Built on: Dec 17 2022, 08:18:35)
 size of idx_t: 64bits, real_t: 32bits, idx_t *: 64bits

Graph Information -----------------------------------------------------------
 Name: MetisTopos/0, #Vertices: 72, #Edges: 128, #Parts: 8

Options ---------------------------------------------------------------------
 ptype=kway, objtype=cut, ctype=shem, rtype=greedy, iptype=metisrb
 dbglvl=0, ufactor=2.600, no2hop=NO, minconn=NO, contig=NO, nooutput=NO
 seed=-1, niter=10, ncuts=1

Direct k-way Partitioning ---------------------------------------------------
 - Edgecut: 7862, communication volume: 71.

 - Balance:
     constraint #0:  2.375 out of 0.438

 - Most overweight partition:
     pid: 4, actual: 3800, desired: 1600, ratio: 2.38.

 - Subdomain connectivity: max: 4, min: 0, avg: 2.25

 - There are 0 non-contiguous partitions.
   Total components after removing the cut edges: 6,
   max components: 1 for pid: 0.

Timing Information ----------------------------------------------------------
  I/O:          		   0.001 sec
  Partitioning: 		   0.002 sec   (METIS time)
  Reporting:    		   0.000 sec

Memory Information ----------------------------------------------------------
  Max memory used:		   0.071 MB
******************************************************************************
LEO32: 53.22157210075624: ['LEO11', 'LEO12', 'LEO13', 'LEO18', 'LEO19', 'LEO21', 'LEO22', 'LEO23', 'LEO27', 'LEO28', 'LEO29', 'LEO31', 'LEO32', 'LEO33', 'LEO37', 'LEO38', 'LEO39', 'LEO47', 'LEO48', 'LEO57', 'LEO58', 'LEO68']
LEO34: 61.74019624139421: ['LEO14', 'LEO15', 'LEO24', 'LEO25', 'LEO34', 'LEO35']
LEO36: 16.07928706530882: ['LEO16', 'LEO17', 'LEO26', 'LEO36', 'LEO46', 'LEO56', 'LEO66', 'LEO67', 'LEO76', 'LEO77', 'LEO78', 'LEO85', 'LEO86', 'LEO87', 'LEO88']
LEO52: 74.10116055592545: ['LEO41', 'LEO42', 'LEO43', 'LEO49', 'LEO51', 'LEO52', 'LEO59', 'LEO61', 'LEO62', 'LEO69']
LEO73: 65.94477949269313: ['LEO44', 'LEO45', 'LEO53', 'LEO54', 'LEO55', 'LEO63', 'LEO64', 'LEO65', 'LEO71', 'LEO72', 'LEO73', 'LEO74', 'LEO75', 'LEO79', 'LEO81', 'LEO82', 'LEO89']
LEO84: 13.891309956525989: ['LEO83', 'LEO84']
sum_con_loads:  284.98
max_con_loads:   74.10
avg_setup_time: 218.17
