******************************************************************************
METIS 5.0 Copyright 1998-13, Regents of the University of Minnesota
 (HEAD: , Built on: Dec 17 2022, 08:18:35)
 size of idx_t: 64bits, real_t: 32bits, idx_t *: 64bits

Graph Information -----------------------------------------------------------
 Name: MetisTopos/0, #Vertices: 72, #Edges: 128, #Parts: 8

Options ---------------------------------------------------------------------
 ptype=kway, objtype=cut, ctype=shem, rtype=greedy, iptype=metisrb
 dbglvl=0, ufactor=2.800, no2hop=NO, minconn=NO, contig=NO, nooutput=NO
 seed=-1, niter=10, ncuts=1

Direct k-way Partitioning ---------------------------------------------------
 - Edgecut: 7031, communication volume: 61.

 - Balance:
     constraint #0:  2.750 out of 0.438

 - Most overweight partition:
     pid: 7, actual: 4400, desired: 1600, ratio: 2.75.

 - Subdomain connectivity: max: 4, min: 0, avg: 1.75

 - There are 0 non-contiguous partitions.
   Total components after removing the cut edges: 5,
   max components: 1 for pid: 2.

Timing Information ----------------------------------------------------------
  I/O:          		   0.001 sec
  Partitioning: 		   0.001 sec   (METIS time)
  Reporting:    		   0.000 sec

Memory Information ----------------------------------------------------------
  Max memory used:		   0.071 MB
******************************************************************************
LEO31: 37.292226663241124: ['LEO11', 'LEO12', 'LEO13', 'LEO18', 'LEO19', 'LEO21', 'LEO22', 'LEO28', 'LEO29', 'LEO31', 'LEO38', 'LEO39', 'LEO41', 'LEO48', 'LEO49']
LEO42: 104.0759490638171: ['LEO14', 'LEO23', 'LEO24', 'LEO32', 'LEO33', 'LEO34', 'LEO42', 'LEO43', 'LEO44', 'LEO51', 'LEO52', 'LEO61', 'LEO62']
LEO25: 50.144249762744984: ['LEO15', 'LEO16', 'LEO17', 'LEO25', 'LEO26', 'LEO27', 'LEO35', 'LEO36', 'LEO37', 'LEO45', 'LEO46', 'LEO47', 'LEO55', 'LEO56', 'LEO57', 'LEO58', 'LEO59', 'LEO65', 'LEO66', 'LEO67', 'LEO68', 'LEO69']
LEO73: 62.886708833838604: ['LEO53', 'LEO54', 'LEO63', 'LEO64', 'LEO71', 'LEO72', 'LEO73', 'LEO74', 'LEO78', 'LEO79', 'LEO81', 'LEO82', 'LEO83', 'LEO84', 'LEO88', 'LEO89']
LEO75: 14.224894715008878: ['LEO75', 'LEO76', 'LEO77', 'LEO85', 'LEO86', 'LEO87']
sum_con_loads:  268.62
max_con_loads:  104.08
avg_setup_time: 209.56
