******************************************************************************
METIS 5.0 Copyright 1998-13, Regents of the University of Minnesota
 (HEAD: , Built on: Dec 17 2022, 08:18:35)
 size of idx_t: 64bits, real_t: 32bits, idx_t *: 64bits

Graph Information -----------------------------------------------------------
 Name: MetisTopos/0, #Vertices: 72, #Edges: 128, #Parts: 8

Options ---------------------------------------------------------------------
 ptype=kway, objtype=cut, ctype=shem, rtype=greedy, iptype=metisrb
 dbglvl=0, ufactor=2.900, no2hop=NO, minconn=YES, contig=NO, nooutput=NO
 seed=-1, niter=10, ncuts=1

Direct k-way Partitioning ---------------------------------------------------
 - Edgecut: 7235, communication volume: 74.

 - Balance:
     constraint #0:  2.812 out of 0.438

 - Most overweight partition:
     pid: 7, actual: 4500, desired: 1600, ratio: 2.81.

 - Subdomain connectivity: max: 4, min: 0, avg: 2.75

 - Each partition is contiguous.

Timing Information ----------------------------------------------------------
  I/O:          		   0.001 sec
  Partitioning: 		   0.002 sec   (METIS time)
  Reporting:    		   0.000 sec

Memory Information ----------------------------------------------------------
  Max memory used:		   0.095 MB
******************************************************************************
LEO15: 40.22466318200178: ['LEO11', 'LEO12', 'LEO13', 'LEO15', 'LEO18', 'LEO19', 'LEO21', 'LEO26', 'LEO28', 'LEO29', 'LEO31', 'LEO36', 'LEO38', 'LEO39']
LEO32: 97.35440045543379: ['LEO14', 'LEO22', 'LEO23', 'LEO24', 'LEO25', 'LEO32', 'LEO33', 'LEO34', 'LEO35', 'LEO42', 'LEO43', 'LEO44', 'LEO52', 'LEO53', 'LEO54']
LEO68: 16.738206930085806: ['LEO16', 'LEO17', 'LEO27', 'LEO37', 'LEO46', 'LEO47', 'LEO56', 'LEO57', 'LEO58', 'LEO66', 'LEO67', 'LEO68', 'LEO69', 'LEO76', 'LEO77', 'LEO78', 'LEO79', 'LEO88', 'LEO89']
LEO51: 31.859696839590637: ['LEO41', 'LEO48', 'LEO49', 'LEO51', 'LEO59']
LEO75: 13.93335373140232: ['LEO45', 'LEO55', 'LEO65', 'LEO75']
LEO63: 72.33323467562921: ['LEO61', 'LEO62', 'LEO63', 'LEO64', 'LEO71', 'LEO72', 'LEO73', 'LEO74', 'LEO81', 'LEO82', 'LEO83', 'LEO84', 'LEO85', 'LEO86', 'LEO87']
sum_con_loads:  272.44
max_con_loads:   97.35
avg_setup_time: 509.34
