******************************************************************************
METIS 5.0 Copyright 1998-13, Regents of the University of Minnesota
 (HEAD: , Built on: Dec 17 2022, 08:18:35)
 size of idx_t: 64bits, real_t: 32bits, idx_t *: 64bits

Graph Information -----------------------------------------------------------
 Name: MetisTopos/0, #Vertices: 72, #Edges: 128, #Parts: 8

Options ---------------------------------------------------------------------
 ptype=kway, objtype=cut, ctype=shem, rtype=greedy, iptype=metisrb
 dbglvl=0, ufactor=1.200, no2hop=NO, minconn=YES, contig=NO, nooutput=NO
 seed=-1, niter=10, ncuts=1

Direct k-way Partitioning ---------------------------------------------------
 - Edgecut: 12176, communication volume: 83.

 - Balance:
     constraint #0:  1.188 out of 0.438

 - Most overweight partition:
     pid: 0, actual: 1900, desired: 1600, ratio: 1.19.

 - Subdomain connectivity: max: 5, min: 2, avg: 3.75

 - There are 2 non-contiguous partitions.
   Total components after removing the cut edges: 11,
   max components: 3 for pid: 4.

Timing Information ----------------------------------------------------------
  I/O:          		   0.001 sec
  Partitioning: 		   0.002 sec   (METIS time)
  Reporting:    		   0.000 sec

Memory Information ----------------------------------------------------------
  Max memory used:		   0.095 MB
******************************************************************************
LEO34: 73.10417558140735: ['LEO11', 'LEO18', 'LEO19', 'LEO21', 'LEO27', 'LEO28', 'LEO29', 'LEO34', 'LEO37', 'LEO38', 'LEO39', 'LEO41', 'LEO47', 'LEO48', 'LEO49', 'LEO57', 'LEO58', 'LEO59', 'LEO68']
LEO35: 36.97689916273544: ['LEO12', 'LEO17', 'LEO22', 'LEO26', 'LEO35', 'LEO36', 'LEO45', 'LEO46']
LEO24: 40.625383725173414: ['LEO13', 'LEO14', 'LEO23', 'LEO24']
LEO15: 30.786040779846896: ['LEO15', 'LEO16', 'LEO25']
LEO42: 66.96826215217892: ['LEO31', 'LEO32', 'LEO33', 'LEO42', 'LEO52', 'LEO62']
LEO63: 53.20696523876159: ['LEO43', 'LEO44', 'LEO53', 'LEO54', 'LEO55', 'LEO56', 'LEO63', 'LEO64', 'LEO65', 'LEO66', 'LEO67', 'LEO73', 'LEO74', 'LEO75', 'LEO76', 'LEO77', 'LEO78', 'LEO81', 'LEO85', 'LEO86', 'LEO87', 'LEO88', 'LEO89']
LEO51: 31.897101978092834: ['LEO51', 'LEO61', 'LEO69']
LEO72: 37.51456418866799: ['LEO71', 'LEO72', 'LEO79', 'LEO82', 'LEO83', 'LEO84']
sum_con_loads:  371.08
max_con_loads:   73.10
avg_setup_time: 245.31
