******************************************************************************
METIS 5.0 Copyright 1998-13, Regents of the University of Minnesota
 (HEAD: , Built on: Dec 17 2022, 08:18:35)
 size of idx_t: 64bits, real_t: 32bits, idx_t *: 64bits

Graph Information -----------------------------------------------------------
 Name: MetisTopos/0, #Vertices: 72, #Edges: 128, #Parts: 8

Options ---------------------------------------------------------------------
 ptype=kway, objtype=cut, ctype=shem, rtype=greedy, iptype=metisrb
 dbglvl=0, ufactor=3.000, no2hop=NO, minconn=NO, contig=YES, nooutput=NO
 seed=-1, niter=10, ncuts=1

Direct k-way Partitioning ---------------------------------------------------
 - Edgecut: 6911, communication volume: 69.

 - Balance:
     constraint #0:  3.000 out of 0.438

 - Most overweight partition:
     pid: 7, actual: 4800, desired: 1600, ratio: 3.00.

 - Subdomain connectivity: max: 5, min: 0, avg: 2.75

 - There are 0 non-contiguous partitions.
   Total components after removing the cut edges: 6,
   max components: 1 for pid: 2.

Timing Information ----------------------------------------------------------
  I/O:          		   0.001 sec
  Partitioning: 		   0.001 sec   (METIS time)
  Reporting:    		   0.000 sec

Memory Information ----------------------------------------------------------
  Max memory used:		   0.071 MB
******************************************************************************
LEO51: 50.75759840111679: ['LEO11', 'LEO18', 'LEO19', 'LEO21', 'LEO28', 'LEO29', 'LEO31', 'LEO38', 'LEO39', 'LEO41', 'LEO48', 'LEO49', 'LEO51', 'LEO59', 'LEO61', 'LEO69']
LEO14: 32.35359305254532: ['LEO12', 'LEO13', 'LEO14', 'LEO15', 'LEO16', 'LEO17']
LEO52: 106.87466604130404: ['LEO22', 'LEO23', 'LEO24', 'LEO32', 'LEO33', 'LEO34', 'LEO42', 'LEO43', 'LEO44', 'LEO52', 'LEO53', 'LEO54', 'LEO62', 'LEO63', 'LEO64', 'LEO71', 'LEO72', 'LEO73']
LEO35: 32.05878797099971: ['LEO25', 'LEO26', 'LEO27', 'LEO35', 'LEO36', 'LEO37', 'LEO45', 'LEO46', 'LEO47', 'LEO55', 'LEO56', 'LEO57', 'LEO58', 'LEO68']
LEO74: 28.18193046457705: ['LEO65', 'LEO66', 'LEO67', 'LEO74', 'LEO75', 'LEO76', 'LEO77', 'LEO78', 'LEO79', 'LEO85', 'LEO86', 'LEO87', 'LEO88', 'LEO89']
LEO84: 15.81279068147402: ['LEO81', 'LEO82', 'LEO83', 'LEO84']
sum_con_loads:  266.04
max_con_loads:  106.87
avg_setup_time: 195.52
