******************************************************************************
METIS 5.0 Copyright 1998-13, Regents of the University of Minnesota
 (HEAD: , Built on: Dec 17 2022, 08:18:35)
 size of idx_t: 64bits, real_t: 32bits, idx_t *: 64bits

Graph Information -----------------------------------------------------------
 Name: MetisTopos/0, #Vertices: 72, #Edges: 128, #Parts: 8

Options ---------------------------------------------------------------------
 ptype=kway, objtype=cut, ctype=shem, rtype=greedy, iptype=metisrb
 dbglvl=0, ufactor=1.200, no2hop=NO, minconn=YES, contig=YES, nooutput=NO
 seed=-1, niter=10, ncuts=1

Direct k-way Partitioning ---------------------------------------------------
 - Edgecut: 12004, communication volume: 91.

 - Balance:
     constraint #0:  1.188 out of 0.438

 - Most overweight partition:
     pid: 0, actual: 1900, desired: 1600, ratio: 1.19.

 - Subdomain connectivity: max: 5, min: 2, avg: 3.75

 - Each partition is contiguous.

Timing Information ----------------------------------------------------------
  I/O:          		   0.001 sec
  Partitioning: 		   0.002 sec   (METIS time)
  Reporting:    		   0.000 sec

Memory Information ----------------------------------------------------------
  Max memory used:		   0.095 MB
******************************************************************************
LEO22: 33.10358158203171: ['LEO11', 'LEO12', 'LEO13', 'LEO16', 'LEO17', 'LEO18', 'LEO19', 'LEO22', 'LEO23', 'LEO26', 'LEO28', 'LEO36', 'LEO38', 'LEO39', 'LEO46', 'LEO56']
LEO34: 57.742386827608264: ['LEO14', 'LEO24', 'LEO34', 'LEO35']
LEO15: 28.853877436082257: ['LEO15', 'LEO25']
LEO32: 63.04131340540913: ['LEO21', 'LEO27', 'LEO29', 'LEO31', 'LEO32', 'LEO33', 'LEO37', 'LEO41', 'LEO47', 'LEO48', 'LEO49', 'LEO57', 'LEO58', 'LEO59']
LEO52: 61.57045579061358: ['LEO42', 'LEO43', 'LEO52', 'LEO62']
LEO63: 49.21159779282425: ['LEO44', 'LEO45', 'LEO53', 'LEO54', 'LEO55', 'LEO63', 'LEO64', 'LEO65', 'LEO66', 'LEO67', 'LEO73', 'LEO74', 'LEO75', 'LEO76', 'LEO77']
LEO61: 36.69123455332901: ['LEO51', 'LEO61', 'LEO68', 'LEO69', 'LEO78', 'LEO81', 'LEO87', 'LEO88', 'LEO89']
LEO72: 37.51456418866799: ['LEO71', 'LEO72', 'LEO79', 'LEO82', 'LEO83', 'LEO84', 'LEO85', 'LEO86']
sum_con_loads:  367.73
max_con_loads:   63.04
avg_setup_time: 227.89
