******************************************************************************
METIS 5.0 Copyright 1998-13, Regents of the University of Minnesota
 (HEAD: , Built on: Dec 17 2022, 08:18:35)
 size of idx_t: 64bits, real_t: 32bits, idx_t *: 64bits

Graph Information -----------------------------------------------------------
 Name: MetisTopos/0, #Vertices: 72, #Edges: 128, #Parts: 8

Options ---------------------------------------------------------------------
 ptype=kway, objtype=cut, ctype=shem, rtype=greedy, iptype=metisrb
 dbglvl=0, ufactor=3.100, no2hop=NO, minconn=YES, contig=YES, nooutput=NO
 seed=-1, niter=10, ncuts=1

Direct k-way Partitioning ---------------------------------------------------
 - Edgecut: 7017, communication volume: 59.

 - Balance:
     constraint #0:  3.000 out of 0.438

 - Most overweight partition:
     pid: 7, actual: 4800, desired: 1600, ratio: 3.00.

 - Subdomain connectivity: max: 4, min: 0, avg: 2.25

 - There are 0 non-contiguous partitions.
   Total components after removing the cut edges: 6,
   max components: 1 for pid: 1.

Timing Information ----------------------------------------------------------
  I/O:          		   0.001 sec
  Partitioning: 		   0.002 sec   (METIS time)
  Reporting:    		   0.000 sec

Memory Information ----------------------------------------------------------
  Max memory used:		   0.095 MB
******************************************************************************
LEO37: 16.49938254993532: ['LEO11', 'LEO16', 'LEO17', 'LEO18', 'LEO19', 'LEO21', 'LEO26', 'LEO27', 'LEO28', 'LEO29', 'LEO36', 'LEO37', 'LEO38', 'LEO39', 'LEO46', 'LEO47', 'LEO48', 'LEO49', 'LEO56', 'LEO57']
LEO22: 15.815014304360822: ['LEO12', 'LEO13', 'LEO22']
LEO52: 107.52404236759533: ['LEO14', 'LEO23', 'LEO24', 'LEO32', 'LEO33', 'LEO34', 'LEO42', 'LEO43', 'LEO44', 'LEO51', 'LEO52', 'LEO53', 'LEO54', 'LEO61', 'LEO62', 'LEO63']
LEO25: 40.221215487650646: ['LEO15', 'LEO25', 'LEO35', 'LEO45', 'LEO55']
LEO41: 19.639074270629628: ['LEO31', 'LEO41']
LEO73: 68.50667339297613: ['LEO58', 'LEO59', 'LEO64', 'LEO65', 'LEO66', 'LEO67', 'LEO68', 'LEO69', 'LEO71', 'LEO72', 'LEO73', 'LEO74', 'LEO75', 'LEO76', 'LEO77', 'LEO78', 'LEO79', 'LEO81', 'LEO82', 'LEO83', 'LEO84', 'LEO85', 'LEO86', 'LEO87', 'LEO88', 'LEO89']
sum_con_loads:  268.21
max_con_loads:  107.52
avg_setup_time: 205.44
