******************************************************************************
METIS 5.0 Copyright 1998-13, Regents of the University of Minnesota
 (HEAD: , Built on: Dec 17 2022, 08:18:35)
 size of idx_t: 64bits, real_t: 32bits, idx_t *: 64bits

Graph Information -----------------------------------------------------------
 Name: MetisTopos/0, #Vertices: 72, #Edges: 128, #Parts: 8

Options ---------------------------------------------------------------------
 ptype=kway, objtype=cut, ctype=shem, rtype=greedy, iptype=metisrb
 dbglvl=0, ufactor=1.300, no2hop=NO, minconn=YES, contig=YES, nooutput=NO
 seed=-1, niter=10, ncuts=1

Direct k-way Partitioning ---------------------------------------------------
 - Edgecut: 10604, communication volume: 78.

 - Balance:
     constraint #0:  1.250 out of 0.438

 - Most overweight partition:
     pid: 1, actual: 2000, desired: 1600, ratio: 1.25.

 - Subdomain connectivity: max: 5, min: 2, avg: 4.00

 - Each partition is contiguous.

Timing Information ----------------------------------------------------------
  I/O:          		   0.001 sec
  Partitioning: 		   0.002 sec   (METIS time)
  Reporting:    		   0.000 sec

Memory Information ----------------------------------------------------------
  Max memory used:		   0.095 MB
******************************************************************************
LEO51: 38.718398042667815: ['LEO11', 'LEO21', 'LEO31', 'LEO41', 'LEO51', 'LEO59']
LEO42: 55.445425188412: ['LEO12', 'LEO13', 'LEO22', 'LEO23', 'LEO32', 'LEO33', 'LEO42', 'LEO43']
LEO34: 61.52737872563172: ['LEO14', 'LEO24', 'LEO34', 'LEO44', 'LEO54', 'LEO64']
LEO15: 28.853877436082257: ['LEO15', 'LEO25']
LEO36: 27.793240157835776: ['LEO16', 'LEO17', 'LEO18', 'LEO19', 'LEO26', 'LEO27', 'LEO28', 'LEO29', 'LEO35', 'LEO36', 'LEO37', 'LEO38', 'LEO39', 'LEO45', 'LEO46', 'LEO47', 'LEO48', 'LEO49', 'LEO55', 'LEO56', 'LEO57', 'LEO58', 'LEO65', 'LEO66', 'LEO67', 'LEO68', 'LEO76', 'LEO77', 'LEO78', 'LEO85', 'LEO86', 'LEO87', 'LEO88', 'LEO89']
LEO52: 71.81043665843372: ['LEO52', 'LEO53', 'LEO61', 'LEO62', 'LEO63', 'LEO73']
LEO71: 26.88955062446526: ['LEO69', 'LEO71', 'LEO72', 'LEO79', 'LEO81', 'LEO82']
LEO74: 28.909931314124165: ['LEO74', 'LEO75', 'LEO83', 'LEO84']
sum_con_loads:  339.95
max_con_loads:   71.81
avg_setup_time: 213.69
