******************************************************************************
METIS 5.0 Copyright 1998-13, Regents of the University of Minnesota
 (HEAD: , Built on: Dec 17 2022, 08:18:35)
 size of idx_t: 64bits, real_t: 32bits, idx_t *: 64bits

Graph Information -----------------------------------------------------------
 Name: MetisTopos/0, #Vertices: 72, #Edges: 128, #Parts: 8

Options ---------------------------------------------------------------------
 ptype=kway, objtype=cut, ctype=shem, rtype=greedy, iptype=metisrb
 dbglvl=0, ufactor=1.300, no2hop=NO, minconn=YES, contig=NO, nooutput=NO
 seed=-1, niter=10, ncuts=1

Direct k-way Partitioning ---------------------------------------------------
 - Edgecut: 9910, communication volume: 76.

 - Balance:
     constraint #0:  1.250 out of 0.438

 - Most overweight partition:
     pid: 2, actual: 2000, desired: 1600, ratio: 1.25.

 - Subdomain connectivity: max: 5, min: 0, avg: 3.50

 - There are 0 non-contiguous partitions.
   Total components after removing the cut edges: 7,
   max components: 1 for pid: 0.

Timing Information ----------------------------------------------------------
  I/O:          		   0.001 sec
  Partitioning: 		   0.002 sec   (METIS time)
  Reporting:    		   0.000 sec

Memory Information ----------------------------------------------------------
  Max memory used:		   0.095 MB
******************************************************************************
LEO35: 35.98290051294966: ['LEO11', 'LEO12', 'LEO13', 'LEO18', 'LEO19', 'LEO21', 'LEO27', 'LEO28', 'LEO29', 'LEO31', 'LEO35', 'LEO36', 'LEO37', 'LEO38', 'LEO39', 'LEO45', 'LEO46', 'LEO47', 'LEO55', 'LEO56', 'LEO57']
LEO34: 77.98025661921606: ['LEO14', 'LEO23', 'LEO24', 'LEO33', 'LEO34', 'LEO44', 'LEO53', 'LEO54', 'LEO63', 'LEO73']
LEO15: 30.559227189396942: ['LEO15', 'LEO16', 'LEO17', 'LEO25', 'LEO26']
LEO42: 63.027724524723354: ['LEO22', 'LEO32', 'LEO42', 'LEO43', 'LEO52']
LEO51: 40.62621848960687: ['LEO41', 'LEO48', 'LEO49', 'LEO51', 'LEO58', 'LEO59', 'LEO67', 'LEO68', 'LEO69', 'LEO77', 'LEO78', 'LEO79', 'LEO87', 'LEO88', 'LEO89']
LEO62: 40.325458814950885: ['LEO61', 'LEO62', 'LEO71', 'LEO72', 'LEO81', 'LEO82']
LEO74: 37.77068164686124: ['LEO64', 'LEO65', 'LEO66', 'LEO74', 'LEO75', 'LEO76', 'LEO83', 'LEO84', 'LEO85', 'LEO86']
sum_con_loads:  326.27
max_con_loads:   77.98
avg_setup_time: 235.80
