******************************************************************************
METIS 5.0 Copyright 1998-13, Regents of the University of Minnesota
 (HEAD: , Built on: Dec 17 2022, 08:18:35)
 size of idx_t: 64bits, real_t: 32bits, idx_t *: 64bits

Graph Information -----------------------------------------------------------
 Name: MetisTopos/0, #Vertices: 72, #Edges: 128, #Parts: 8

Options ---------------------------------------------------------------------
 ptype=kway, objtype=cut, ctype=shem, rtype=greedy, iptype=metisrb
 dbglvl=0, ufactor=1.300, no2hop=NO, minconn=NO, contig=NO, nooutput=NO
 seed=-1, niter=10, ncuts=1

Direct k-way Partitioning ---------------------------------------------------
 - Edgecut: 10414, communication volume: 81.

 - Balance:
     constraint #0:  1.250 out of 0.438

 - Most overweight partition:
     pid: 4, actual: 2000, desired: 1600, ratio: 1.25.

 - Subdomain connectivity: max: 6, min: 2, avg: 4.25

 - Each partition is contiguous.

Timing Information ----------------------------------------------------------
  I/O:          		   0.001 sec
  Partitioning: 		   0.002 sec   (METIS time)
  Reporting:    		   0.000 sec

Memory Information ----------------------------------------------------------
  Max memory used:		   0.071 MB
******************************************************************************
LEO39: 16.874740473449794: ['LEO11', 'LEO19', 'LEO21', 'LEO29', 'LEO31', 'LEO39', 'LEO49', 'LEO59']
LEO34: 58.90788185993277: ['LEO12', 'LEO13', 'LEO14', 'LEO24', 'LEO34', 'LEO43', 'LEO44', 'LEO54']
LEO15: 30.559227189396942: ['LEO15', 'LEO16', 'LEO17', 'LEO25', 'LEO26']
LEO58: 37.532853569062844: ['LEO18', 'LEO27', 'LEO28', 'LEO35', 'LEO36', 'LEO37', 'LEO38', 'LEO45', 'LEO46', 'LEO47', 'LEO48', 'LEO55', 'LEO56', 'LEO57', 'LEO58', 'LEO66', 'LEO67', 'LEO68', 'LEO69', 'LEO71', 'LEO76', 'LEO77', 'LEO78', 'LEO79', 'LEO86', 'LEO87', 'LEO88', 'LEO89']
LEO42: 63.027724524723354: ['LEO22', 'LEO23', 'LEO32', 'LEO33', 'LEO42', 'LEO52']
LEO51: 41.26758754896419: ['LEO41', 'LEO51', 'LEO61']
LEO63: 59.23732932705304: ['LEO53', 'LEO62', 'LEO63', 'LEO72', 'LEO73', 'LEO81', 'LEO82', 'LEO83', 'LEO84', 'LEO85']
LEO74: 28.689414497367423: ['LEO64', 'LEO65', 'LEO74', 'LEO75']
sum_con_loads:  336.10
max_con_loads:   63.03
avg_setup_time: 222.09
