******************************************************************************
METIS 5.0 Copyright 1998-13, Regents of the University of Minnesota
 (HEAD: , Built on: Dec 17 2022, 08:18:35)
 size of idx_t: 64bits, real_t: 32bits, idx_t *: 64bits

Graph Information -----------------------------------------------------------
 Name: MetisTopos/0, #Vertices: 72, #Edges: 128, #Parts: 8

Options ---------------------------------------------------------------------
 ptype=kway, objtype=cut, ctype=shem, rtype=greedy, iptype=metisrb
 dbglvl=0, ufactor=1.500, no2hop=NO, minconn=NO, contig=NO, nooutput=NO
 seed=-1, niter=10, ncuts=1

Direct k-way Partitioning ---------------------------------------------------
 - Edgecut: 9798, communication volume: 75.

 - Balance:
     constraint #0:  1.500 out of 0.438

 - Most overweight partition:
     pid: 5, actual: 2400, desired: 1600, ratio: 1.50.

 - Subdomain connectivity: max: 7, min: 3, avg: 4.50

 - Each partition is contiguous.

Timing Information ----------------------------------------------------------
  I/O:          		   0.001 sec
  Partitioning: 		   0.002 sec   (METIS time)
  Reporting:    		   0.000 sec

Memory Information ----------------------------------------------------------
  Max memory used:		   0.071 MB
******************************************************************************
LEO38, 24.767536282321785: ['LEO11', 'LEO18', 'LEO19', 'LEO21', 'LEO26', 'LEO27', 'LEO28', 'LEO29', 'LEO31', 'LEO36', 'LEO37', 'LEO38', 'LEO39', 'LEO46', 'LEO47', 'LEO48', 'LEO49', 'LEO56', 'LEO57', 'LEO58', 'LEO59', 'LEO66', 'LEO67', 'LEO68', 'LEO69', 'LEO76', 'LEO77', 'LEO78']
LEO34, 57.483226058797015: ['LEO12', 'LEO13', 'LEO14', 'LEO24', 'LEO33', 'LEO34', 'LEO43', 'LEO44']
LEO15, 17.710226451060578: ['LEO15', 'LEO16', 'LEO17']
LEO42, 67.67019107170957: ['LEO22', 'LEO23', 'LEO32', 'LEO41', 'LEO42', 'LEO52']
LEO25, 26.636796134974084: ['LEO25', 'LEO35']
LEO63, 48.92005680921769: ['LEO45', 'LEO53', 'LEO54', 'LEO55', 'LEO63', 'LEO64', 'LEO65', 'LEO73', 'LEO74', 'LEO75']
LEO61, 42.90349983552876: ['LEO51', 'LEO61', 'LEO62']
LEO72, 37.593807283281166: ['LEO71', 'LEO72', 'LEO79', 'LEO81', 'LEO82', 'LEO83', 'LEO84', 'LEO85', 'LEO86', 'LEO87', 'LEO88', 'LEO89']
sum_con_loads:  323.69
max_con_loads:   67.67
avg_setup_time: 194.66
