******************************************************************************
METIS 5.0 Copyright 1998-13, Regents of the University of Minnesota
 (HEAD: , Built on: Dec 17 2022, 08:18:35)
 size of idx_t: 64bits, real_t: 32bits, idx_t *: 64bits

Graph Information -----------------------------------------------------------
 Name: MetisTopos/0, #Vertices: 72, #Edges: 128, #Parts: 8

Options ---------------------------------------------------------------------
 ptype=kway, objtype=cut, ctype=shem, rtype=greedy, iptype=metisrb
 dbglvl=0, ufactor=1.600, no2hop=NO, minconn=YES, contig=YES, nooutput=NO
 seed=-1, niter=10, ncuts=1

Direct k-way Partitioning ---------------------------------------------------
 - Edgecut: 10226, communication volume: 73.

 - Balance:
     constraint #0:  1.375 out of 0.438

 - Most overweight partition:
     pid: 4, actual: 2200, desired: 1600, ratio: 1.38.

 - Subdomain connectivity: max: 6, min: 3, avg: 4.25

 - Each partition is contiguous.

Timing Information ----------------------------------------------------------
  I/O:          		   0.001 sec
  Partitioning: 		   0.002 sec   (METIS time)
  Reporting:    		   0.000 sec

Memory Information ----------------------------------------------------------
  Max memory used:		   0.095 MB
******************************************************************************
LEO38: 22.122738773746434: ['LEO11', 'LEO16', 'LEO17', 'LEO18', 'LEO19', 'LEO21', 'LEO26', 'LEO27', 'LEO28', 'LEO29', 'LEO31', 'LEO36', 'LEO37', 'LEO38', 'LEO39', 'LEO46', 'LEO47', 'LEO48', 'LEO56', 'LEO57', 'LEO58', 'LEO66', 'LEO67', 'LEO68']
LEO34: 69.19215572287732: ['LEO12', 'LEO13', 'LEO22', 'LEO23', 'LEO24', 'LEO32', 'LEO33', 'LEO34']
LEO14: 26.21020246285372: ['LEO14', 'LEO15']
LEO25: 26.636796134974084: ['LEO25', 'LEO35']
LEO51: 31.859696839590637: ['LEO41', 'LEO49', 'LEO51', 'LEO59']
LEO52: 68.60304917428319: ['LEO42', 'LEO52', 'LEO61', 'LEO62']
LEO63: 49.21159779282425: ['LEO43', 'LEO44', 'LEO45', 'LEO53', 'LEO54', 'LEO55', 'LEO63', 'LEO64', 'LEO65', 'LEO73', 'LEO74', 'LEO75', 'LEO76', 'LEO77']
LEO72: 38.50372831174765: ['LEO69', 'LEO71', 'LEO72', 'LEO78', 'LEO79', 'LEO81', 'LEO82', 'LEO83', 'LEO84', 'LEO85', 'LEO86', 'LEO87', 'LEO88', 'LEO89']
sum_con_loads:  332.34
max_con_loads:   69.19
avg_setup_time: 215.49
