******************************************************************************
METIS 5.0 Copyright 1998-13, Regents of the University of Minnesota
 (HEAD: , Built on: Dec 17 2022, 08:18:35)
 size of idx_t: 64bits, real_t: 32bits, idx_t *: 64bits

Graph Information -----------------------------------------------------------
 Name: MetisTopos/0, #Vertices: 72, #Edges: 128, #Parts: 8

Options ---------------------------------------------------------------------
 ptype=kway, objtype=cut, ctype=shem, rtype=greedy, iptype=metisrb
 dbglvl=0, ufactor=1.700, no2hop=NO, minconn=YES, contig=NO, nooutput=NO
 seed=-1, niter=10, ncuts=1

Direct k-way Partitioning ---------------------------------------------------
 - Edgecut: 10604, communication volume: 74.

 - Balance:
     constraint #0:  1.562 out of 0.438

 - Most overweight partition:
     pid: 6, actual: 2500, desired: 1600, ratio: 1.56.

 - Subdomain connectivity: max: 5, min: 3, avg: 4.00

 - Each partition is contiguous.

Timing Information ----------------------------------------------------------
  I/O:          		   0.001 sec
  Partitioning: 		   0.002 sec   (METIS time)
  Reporting:    		   0.000 sec

Memory Information ----------------------------------------------------------
  Max memory used:		   0.095 MB
******************************************************************************
LEO59: 25.868075713915992: ['LEO11', 'LEO18', 'LEO19', 'LEO21', 'LEO27', 'LEO28', 'LEO29', 'LEO31', 'LEO37', 'LEO38', 'LEO39', 'LEO47', 'LEO48', 'LEO49', 'LEO57', 'LEO58', 'LEO59', 'LEO68', 'LEO69', 'LEO77', 'LEO78', 'LEO79', 'LEO88', 'LEO89']
LEO42: 55.445425188412: ['LEO12', 'LEO22', 'LEO32', 'LEO42', 'LEO43']
LEO14: 26.21020246285372: ['LEO13', 'LEO14', 'LEO15']
LEO35: 23.28102987196229: ['LEO16', 'LEO17', 'LEO26', 'LEO35', 'LEO36', 'LEO45', 'LEO46']
LEO34: 57.02971607355563: ['LEO23', 'LEO24', 'LEO25', 'LEO33', 'LEO34', 'LEO44']
LEO51: 29.79306398174284: ['LEO41', 'LEO51']
LEO52: 70.03146730669162: ['LEO52', 'LEO61', 'LEO62', 'LEO71', 'LEO72', 'LEO81', 'LEO82']
LEO63: 51.92670820343316: ['LEO53', 'LEO54', 'LEO55', 'LEO56', 'LEO63', 'LEO64', 'LEO65', 'LEO66', 'LEO67', 'LEO73', 'LEO74', 'LEO75', 'LEO76', 'LEO83', 'LEO84', 'LEO85', 'LEO86', 'LEO87']
sum_con_loads:  339.59
max_con_loads:   70.03
avg_setup_time: 204.75
