******************************************************************************
METIS 5.0 Copyright 1998-13, Regents of the University of Minnesota
 (HEAD: , Built on: Dec 17 2022, 08:18:35)
 size of idx_t: 64bits, real_t: 32bits, idx_t *: 64bits

Graph Information -----------------------------------------------------------
 Name: MetisTopos/0, #Vertices: 72, #Edges: 128, #Parts: 8

Options ---------------------------------------------------------------------
 ptype=kway, objtype=cut, ctype=shem, rtype=greedy, iptype=metisrb
 dbglvl=0, ufactor=1.700, no2hop=NO, minconn=YES, contig=YES, nooutput=NO
 seed=-1, niter=10, ncuts=1

Direct k-way Partitioning ---------------------------------------------------
 - Edgecut: 9917, communication volume: 81.

 - Balance:
     constraint #0:  1.625 out of 0.438

 - Most overweight partition:
     pid: 4, actual: 2600, desired: 1600, ratio: 1.62.

 - Subdomain connectivity: max: 5, min: 3, avg: 4.25

 - Each partition is contiguous.

Timing Information ----------------------------------------------------------
  I/O:          		   0.001 sec
  Partitioning: 		   0.002 sec   (METIS time)
  Reporting:    		   0.000 sec

Memory Information ----------------------------------------------------------
  Max memory used:		   0.095 MB
******************************************************************************
LEO22: 25.823285197741583: ['LEO11', 'LEO12', 'LEO19', 'LEO21', 'LEO22', 'LEO23', 'LEO29', 'LEO31', 'LEO39']
LEO14: 26.21020246285372: ['LEO13', 'LEO14', 'LEO15']
LEO35: 23.849397181420507: ['LEO16', 'LEO17', 'LEO26', 'LEO27', 'LEO35', 'LEO36', 'LEO37', 'LEO45', 'LEO46', 'LEO47', 'LEO56', 'LEO57', 'LEO58', 'LEO68']
LEO61: 37.403765547784126: ['LEO18', 'LEO28', 'LEO38', 'LEO48', 'LEO49', 'LEO59', 'LEO61', 'LEO62', 'LEO69']
LEO34: 57.02971607355563: ['LEO24', 'LEO25', 'LEO33', 'LEO34', 'LEO43', 'LEO44']
LEO42: 68.44384875578983: ['LEO32', 'LEO41', 'LEO42', 'LEO51', 'LEO52']
LEO63: 49.21159779282426: ['LEO53', 'LEO54', 'LEO55', 'LEO63', 'LEO64', 'LEO65', 'LEO66', 'LEO67', 'LEO73', 'LEO74', 'LEO75', 'LEO76', 'LEO77']
LEO72: 37.93536100228943: ['LEO71', 'LEO72', 'LEO78', 'LEO79', 'LEO81', 'LEO82', 'LEO83', 'LEO84', 'LEO85', 'LEO86', 'LEO87', 'LEO88', 'LEO89']
sum_con_loads:  325.91
max_con_loads:   68.44
avg_setup_time: 204.57
