******************************************************************************
METIS 5.0 Copyright 1998-13, Regents of the University of Minnesota
 (HEAD: , Built on: Dec 17 2022, 08:18:35)
 size of idx_t: 64bits, real_t: 32bits, idx_t *: 64bits

Graph Information -----------------------------------------------------------
 Name: MetisTopos/0, #Vertices: 72, #Edges: 128, #Parts: 8

Options ---------------------------------------------------------------------
 ptype=kway, objtype=cut, ctype=shem, rtype=greedy, iptype=metisrb
 dbglvl=0, ufactor=1.700, no2hop=NO, minconn=NO, contig=YES, nooutput=NO
 seed=-1, niter=10, ncuts=1

Direct k-way Partitioning ---------------------------------------------------
 - Edgecut: 9777, communication volume: 77.

 - Balance:
     constraint #0:  1.375 out of 0.438

 - Most overweight partition:
     pid: 4, actual: 2200, desired: 1600, ratio: 1.38.

 - Subdomain connectivity: max: 7, min: 2, avg: 4.25

 - Each partition is contiguous.

Timing Information ----------------------------------------------------------
  I/O:          		   0.001 sec
  Partitioning: 		   0.002 sec   (METIS time)
  Reporting:    		   0.000 sec

Memory Information ----------------------------------------------------------
  Max memory used:		   0.071 MB
******************************************************************************
LEO22, 23.791548358515115: ['LEO11', 'LEO12', 'LEO21', 'LEO22', 'LEO23', 'LEO31']
LEO34, 53.27199881287005: ['LEO13', 'LEO14', 'LEO24', 'LEO33', 'LEO34', 'LEO44']
LEO15, 30.559227189396942: ['LEO15', 'LEO16', 'LEO17', 'LEO25', 'LEO26']
LEO36, 24.99007014350757: ['LEO18', 'LEO19', 'LEO27', 'LEO28', 'LEO29', 'LEO35', 'LEO36', 'LEO37', 'LEO38', 'LEO39', 'LEO45', 'LEO46', 'LEO47', 'LEO48', 'LEO49', 'LEO55', 'LEO56', 'LEO57', 'LEO58', 'LEO65', 'LEO66', 'LEO67', 'LEO68']
LEO42, 69.72211676924337: ['LEO32', 'LEO41', 'LEO42', 'LEO43', 'LEO52', 'LEO62']
LEO51, 33.93449343347447: ['LEO51', 'LEO59', 'LEO61', 'LEO69']
LEO63, 49.21159779282426: ['LEO53', 'LEO54', 'LEO63', 'LEO64', 'LEO73', 'LEO74', 'LEO75', 'LEO76', 'LEO77']
LEO72, 37.93536100228943: ['LEO71', 'LEO72', 'LEO78', 'LEO79', 'LEO81', 'LEO82', 'LEO83', 'LEO84', 'LEO85', 'LEO86', 'LEO87', 'LEO88', 'LEO89']
sum_con_loads:  323.42
max_con_loads:   69.72
avg_setup_time: 191.45
