******************************************************************************
METIS 5.0 Copyright 1998-13, Regents of the University of Minnesota
 (HEAD: , Built on: Dec 17 2022, 08:18:35)
 size of idx_t: 64bits, real_t: 32bits, idx_t *: 64bits

Graph Information -----------------------------------------------------------
 Name: MetisTopos/0, #Vertices: 72, #Edges: 128, #Parts: 8

Options ---------------------------------------------------------------------
 ptype=kway, objtype=cut, ctype=shem, rtype=greedy, iptype=metisrb
 dbglvl=0, ufactor=1.800, no2hop=NO, minconn=NO, contig=NO, nooutput=NO
 seed=-1, niter=10, ncuts=1

Direct k-way Partitioning ---------------------------------------------------
 - Edgecut: 10165, communication volume: 74.

 - Balance:
     constraint #0:  1.625 out of 0.438

 - Most overweight partition:
     pid: 4, actual: 2600, desired: 1600, ratio: 1.62.

 - Subdomain connectivity: max: 5, min: 3, avg: 4.25

 - Each partition is contiguous.

Timing Information ----------------------------------------------------------
  I/O:          		   0.001 sec
  Partitioning: 		   0.001 sec   (METIS time)
  Reporting:    		   0.000 sec

Memory Information ----------------------------------------------------------
  Max memory used:		   0.071 MB
******************************************************************************
LEO51: 37.95524344182724: ['LEO11', 'LEO18', 'LEO19', 'LEO21', 'LEO27', 'LEO28', 'LEO29', 'LEO37', 'LEO38', 'LEO39', 'LEO41', 'LEO47', 'LEO48', 'LEO49', 'LEO51', 'LEO57', 'LEO58', 'LEO59', 'LEO67', 'LEO68', 'LEO69']
LEO14: 36.3962726456676: ['LEO12', 'LEO13', 'LEO14', 'LEO22']
LEO15: 28.853877436082257: ['LEO15', 'LEO25']
LEO35: 23.28102987196229: ['LEO16', 'LEO17', 'LEO26', 'LEO35', 'LEO36', 'LEO45', 'LEO46']
LEO34: 51.85839989048178: ['LEO23', 'LEO24', 'LEO34', 'LEO44']
LEO52: 74.00085553584853: ['LEO31', 'LEO32', 'LEO33', 'LEO42', 'LEO43', 'LEO52', 'LEO61', 'LEO62']
LEO63: 51.92670820343316: ['LEO53', 'LEO54', 'LEO55', 'LEO56', 'LEO63', 'LEO64', 'LEO65', 'LEO66', 'LEO73', 'LEO74', 'LEO75', 'LEO76', 'LEO83', 'LEO84', 'LEO85', 'LEO86', 'LEO87']
LEO71: 26.662737034015304: ['LEO71', 'LEO72', 'LEO77', 'LEO78', 'LEO79', 'LEO81', 'LEO82', 'LEO88', 'LEO89']
sum_con_loads:  330.94
max_con_loads:   74.00
avg_setup_time: 208.01
