******************************************************************************
METIS 5.0 Copyright 1998-13, Regents of the University of Minnesota
 (HEAD: , Built on: Dec 17 2022, 08:18:35)
 size of idx_t: 64bits, real_t: 32bits, idx_t *: 64bits

Graph Information -----------------------------------------------------------
 Name: MetisTopos/0, #Vertices: 72, #Edges: 128, #Parts: 8

Options ---------------------------------------------------------------------
 ptype=kway, objtype=cut, ctype=shem, rtype=greedy, iptype=metisrb
 dbglvl=0, ufactor=1.800, no2hop=NO, minconn=NO, contig=YES, nooutput=NO
 seed=-1, niter=10, ncuts=1

Direct k-way Partitioning ---------------------------------------------------
 - Edgecut: 9956, communication volume: 73.

 - Balance:
     constraint #0:  1.562 out of 0.438

 - Most overweight partition:
     pid: 7, actual: 2500, desired: 1600, ratio: 1.56.

 - Subdomain connectivity: max: 7, min: 3, avg: 4.50

 - Each partition is contiguous.

Timing Information ----------------------------------------------------------
  I/O:          		   0.001 sec
  Partitioning: 		   0.002 sec   (METIS time)
  Reporting:    		   0.000 sec

Memory Information ----------------------------------------------------------
  Max memory used:		   0.071 MB
******************************************************************************
LEO14: 36.3962726456676: ['LEO11', 'LEO12', 'LEO13', 'LEO14', 'LEO19', 'LEO21', 'LEO22', 'LEO23', 'LEO29']
LEO15: 28.853877436082257: ['LEO15', 'LEO25']
LEO35: 23.849397181420507: ['LEO16', 'LEO17', 'LEO18', 'LEO26', 'LEO27', 'LEO28', 'LEO35', 'LEO36', 'LEO37', 'LEO38', 'LEO45', 'LEO46', 'LEO47', 'LEO48', 'LEO55', 'LEO56', 'LEO57', 'LEO58', 'LEO65', 'LEO66', 'LEO67', 'LEO68']
LEO34: 51.85839989048178: ['LEO24', 'LEO33', 'LEO34', 'LEO43', 'LEO44']
LEO41: 21.477212358880298: ['LEO31', 'LEO39', 'LEO41', 'LEO49']
LEO52: 69.5402021444729: ['LEO32', 'LEO42', 'LEO51', 'LEO52', 'LEO59']
LEO63: 51.92670820343315: ['LEO53', 'LEO54', 'LEO63', 'LEO64', 'LEO73', 'LEO74', 'LEO75', 'LEO76', 'LEO83', 'LEO84', 'LEO85', 'LEO86', 'LEO87']
LEO62: 43.00410348557324: ['LEO61', 'LEO62', 'LEO69', 'LEO71', 'LEO72', 'LEO77', 'LEO78', 'LEO79', 'LEO81', 'LEO82', 'LEO88', 'LEO89']
sum_con_loads:  326.91
max_con_loads:   69.54
avg_setup_time: 201.39
