******************************************************************************
METIS 5.0 Copyright 1998-13, Regents of the University of Minnesota
 (HEAD: , Built on: Dec 17 2022, 08:18:35)
 size of idx_t: 64bits, real_t: 32bits, idx_t *: 64bits

Graph Information -----------------------------------------------------------
 Name: MetisTopos/0, #Vertices: 72, #Edges: 128, #Parts: 8

Options ---------------------------------------------------------------------
 ptype=kway, objtype=cut, ctype=shem, rtype=greedy, iptype=metisrb
 dbglvl=0, ufactor=1.800, no2hop=NO, minconn=YES, contig=YES, nooutput=NO
 seed=-1, niter=10, ncuts=1

Direct k-way Partitioning ---------------------------------------------------
 - Edgecut: 10108, communication volume: 72.

 - Balance:
     constraint #0:  1.562 out of 0.438

 - Most overweight partition:
     pid: 4, actual: 2500, desired: 1600, ratio: 1.56.

 - Subdomain connectivity: max: 5, min: 3, avg: 4.00

 - Each partition is contiguous.

Timing Information ----------------------------------------------------------
  I/O:          		   0.001 sec
  Partitioning: 		   0.002 sec   (METIS time)
  Reporting:    		   0.000 sec

Memory Information ----------------------------------------------------------
  Max memory used:		   0.095 MB
******************************************************************************
LEO59: 20.294732225506586: ['LEO11', 'LEO18', 'LEO19', 'LEO21', 'LEO27', 'LEO28', 'LEO29', 'LEO37', 'LEO38', 'LEO39', 'LEO47', 'LEO48', 'LEO49', 'LEO57', 'LEO58', 'LEO59', 'LEO67', 'LEO68', 'LEO69', 'LEO77', 'LEO78', 'LEO79', 'LEO87', 'LEO88', 'LEO89']
LEO32: 45.79395853167561: ['LEO12', 'LEO22', 'LEO31', 'LEO32']
LEO14: 26.21020246285372: ['LEO13', 'LEO14', 'LEO15']
LEO35: 23.28102987196229: ['LEO16', 'LEO17', 'LEO26', 'LEO35', 'LEO36']
LEO34: 57.02971607355563: ['LEO23', 'LEO24', 'LEO25', 'LEO33', 'LEO34']
LEO52: 64.93465432414625: ['LEO41', 'LEO42', 'LEO51', 'LEO52']
LEO63: 51.92670820343315: ['LEO43', 'LEO44', 'LEO45', 'LEO46', 'LEO53', 'LEO54', 'LEO55', 'LEO56', 'LEO63', 'LEO64', 'LEO65', 'LEO66', 'LEO73', 'LEO74', 'LEO75', 'LEO76', 'LEO83', 'LEO84', 'LEO85', 'LEO86']
LEO62: 40.325458814950885: ['LEO61', 'LEO62', 'LEO71', 'LEO72', 'LEO81', 'LEO82']
sum_con_loads:  329.80
max_con_loads:   64.93
avg_setup_time: 194.28
