0.02 , iter--1, SumLoad: 415.8891, MaxCon: LEO51, Load: 74.0436 
0.04 , iter--2, SumLoad: 379.8266, MaxCon: LEO31, Load: 73.6538 
0.06 , iter--3, SumLoad: 356.5346, MaxCon: LEO71, Load: 71.1704 
0.08 , iter--4, SumLoad: 358.1798, MaxCon: LEO32, Load: 64.8025 
0.10 , iter--5, SumLoad: 344.0147, MaxCon: LEO51, Load: 64.2904 
0.12 , iter--6, SumLoad: 340.3391, MaxCon: LEO51, Load: 62.2810 
0.14 , iter--7, SumLoad: 337.1581, MaxCon: LEO72, Load: 62.1848 
0.16 , iter--8, SumLoad: 333.3858, MaxCon: LEO51, Load: 61.7334 
0.17 , iter--9, SumLoad: 329.4951, MaxCon: LEO51, Load: 59.9909 
0.19 , iter-10, SumLoad: 327.9706, MaxCon: LEO51, Load: 58.9715 
0.22 , iter-11, SumLoad: 333.5081, MaxCon: LEO61, Load: 58.7351 
0.24 , iter-12, SumLoad: 327.2432, MaxCon: LEO81, Load: 57.4718 
0.26 , iter-13, SumLoad: 327.2432, MaxCon: LEO82, Load: 57.4718 
LEO32: 51.09097021940068: ['LEO11', 'LEO12', 'LEO13', 'LEO14', 'LEO15', 'LEO16', 'LEO17', 'LEO18', 'LEO19', 'LEO32', 'LEO22', 'LEO42']
LEO21: 33.760159474385574: ['LEO21', 'LEO23', 'LEO24', 'LEO25', 'LEO26', 'LEO27', 'LEO28', 'LEO29']
LEO33: 36.348026675588315: ['LEO33', 'LEO34', 'LEO35', 'LEO36', 'LEO37', 'LEO38', 'LEO39', 'LEO55', 'LEO45', 'LEO57', 'LEO47', 'LEO56']
LEO49: 21.922979702745888: ['LEO44', 'LEO46', 'LEO48', 'LEO49']
LEO51: 55.2936193314186: ['LEO51', 'LEO59', 'LEO31', 'LEO41']
LEO69: 50.12103711550384: ['LEO61', 'LEO64', 'LEO65', 'LEO67', 'LEO68', 'LEO69', 'LEO71', 'LEO79', 'LEO78', 'LEO53', 'LEO43', 'LEO54', 'LEO58']
LEO74: 21.234569795501105: ['LEO73', 'LEO74', 'LEO75', 'LEO76', 'LEO77', 'LEO66']
LEO62: 57.47183666273941: ['LEO81', 'LEO82', 'LEO83', 'LEO84', 'LEO85', 'LEO86', 'LEO87', 'LEO88', 'LEO89', 'LEO72', 'LEO62', 'LEO52', 'LEO63']
sum_con_loads:  327.24
max_con_loads:   57.47
avg_setup_time: 209.98
