******************************************************************************
METIS 5.0 Copyright 1998-13, Regents of the University of Minnesota
 (HEAD: , Built on: Dec 17 2022, 08:18:35)
 size of idx_t: 64bits, real_t: 32bits, idx_t *: 64bits

Graph Information -----------------------------------------------------------
 Name: MetisTopos/345, #Vertices: 72, #Edges: 127, #Parts: 8

Options ---------------------------------------------------------------------
 ptype=kway, objtype=cut, ctype=shem, rtype=greedy, iptype=metisrb
 dbglvl=0, ufactor=1.100, no2hop=NO, minconn=NO, contig=NO, nooutput=NO
 seed=-1, niter=10, ncuts=1

Direct k-way Partitioning ---------------------------------------------------
 - Edgecut: 12440, communication volume: 104.

 - Balance:
     constraint #0:  1.185 out of 0.593

 - Most overweight partition:
     pid: 2, actual: 1600, desired: 1350, ratio: 1.19.

 - Subdomain connectivity: max: 6, min: 0, avg: 4.25

 - There are 5 non-contiguous partitions.
   Total components after removing the cut edges: 18,
   max components: 6 for pid: 3.

Timing Information ----------------------------------------------------------
  I/O:          		   0.001 sec
  Partitioning: 		   0.002 sec   (METIS time)
  Reporting:    		   0.000 sec

Memory Information ----------------------------------------------------------
  Max memory used:		   0.070 MB
******************************************************************************
LEO83: ['LEO11', 'LEO16', 'LEO17', 'LEO29', 'LEO35', 'LEO38', 'LEO44', 'LEO45', 'LEO46', 'LEO54', 'LEO55', 'LEO56', 'LEO57', 'LEO67', 'LEO77', 'LEO83', 'LEO84']

LEO33: ['LEO12', 'LEO13', 'LEO18', 'LEO19', 'LEO23', 'LEO24', 'LEO25', 'LEO26', 'LEO27', 'LEO28', 'LEO33', 'LEO34', 'LEO36', 'LEO37', 'LEO47', 'LEO48', 'LEO64', 'LEO65', 'LEO66']

LEO14: ['LEO14', 'LEO15', 'LEO39']

LEO42: ['LEO21', 'LEO22', 'LEO41', 'LEO42']

LEO43: ['LEO31', 'LEO32', 'LEO43', 'LEO53', 'LEO63', 'LEO74', 'LEO75']

LEO51: ['LEO49', 'LEO51', 'LEO52', 'LEO59', 'LEO61', 'LEO62']

LEO73: ['LEO58', 'LEO68', 'LEO69', 'LEO71', 'LEO72', 'LEO73', 'LEO76', 'LEO78', 'LEO79', 'LEO81', 'LEO82', 'LEO85', 'LEO86', 'LEO87', 'LEO88', 'LEO89']

sum_con_loads:  356.85

max_con_loads:   88.74

avg_setup_time: 227.65

