******************************************************************************
METIS 5.0 Copyright 1998-13, Regents of the University of Minnesota
 (HEAD: , Built on: Dec 17 2022, 08:18:35)
 size of idx_t: 64bits, real_t: 32bits, idx_t *: 64bits

Graph Information -----------------------------------------------------------
 Name: MetisTopos/345, #Vertices: 72, #Edges: 127, #Parts: 8

Options ---------------------------------------------------------------------
 ptype=kway, objtype=cut, ctype=shem, rtype=greedy, iptype=metisrb
 dbglvl=0, ufactor=2.000, no2hop=NO, minconn=NO, contig=NO, nooutput=NO
 seed=-1, niter=10, ncuts=1

Direct k-way Partitioning ---------------------------------------------------
 - Edgecut: 7455, communication volume: 75.

 - Balance:
     constraint #0:  2.000 out of 0.593

 - Most overweight partition:
     pid: 7, actual: 2700, desired: 1350, ratio: 2.00.

 - Subdomain connectivity: max: 6, min: 3, avg: 4.25

 - Each partition is contiguous.

Timing Information ----------------------------------------------------------
  I/O:          		   0.001 sec
  Partitioning: 		   0.001 sec   (METIS time)
  Reporting:    		   0.000 sec

Memory Information ----------------------------------------------------------
  Max memory used:		   0.070 MB
******************************************************************************
LEO22: 21.361218791678308: ['LEO11', 'LEO12', 'LEO21', 'LEO22']
LEO33: 41.72800039358546: ['LEO13', 'LEO14', 'LEO23', 'LEO24', 'LEO33', 'LEO34']
LEO15: 18.495093069827078: ['LEO15', 'LEO16', 'LEO25', 'LEO26', 'LEO27', 'LEO35', 'LEO36']
LEO31: 19.257759104346576: ['LEO17', 'LEO18', 'LEO19', 'LEO28', 'LEO29', 'LEO31', 'LEO37', 'LEO38', 'LEO39']
LEO53: 78.81118139305337: ['LEO32', 'LEO41', 'LEO42', 'LEO43', 'LEO51', 'LEO52', 'LEO53', 'LEO63', 'LEO73']
LEO76: 19.988558790780417: ['LEO44', 'LEO45', 'LEO46', 'LEO47', 'LEO48', 'LEO54', 'LEO55', 'LEO56', 'LEO57', 'LEO58', 'LEO64', 'LEO65', 'LEO66', 'LEO67', 'LEO68', 'LEO74', 'LEO75', 'LEO76', 'LEO77', 'LEO78', 'LEO86', 'LEO87', 'LEO88']
LEO61: 35.96898017382701: ['LEO49', 'LEO59', 'LEO61', 'LEO62', 'LEO69', 'LEO71', 'LEO72', 'LEO79', 'LEO81', 'LEO89']
LEO83: 21.32948508848829: ['LEO82', 'LEO83', 'LEO84', 'LEO85']
sum_con_loads:  256.94
max_con_loads:   78.81
avg_setup_time: 214.63
