******************************************************************************
METIS 5.0 Copyright 1998-13, Regents of the University of Minnesota
 (HEAD: , Built on: Dec 17 2022, 08:18:35)
 size of idx_t: 64bits, real_t: 32bits, idx_t *: 64bits

Graph Information -----------------------------------------------------------
 Name: MetisTopos/345, #Vertices: 72, #Edges: 127, #Parts: 8

Options ---------------------------------------------------------------------
 ptype=kway, objtype=cut, ctype=shem, rtype=greedy, iptype=metisrb
 dbglvl=0, ufactor=2.200, no2hop=NO, minconn=NO, contig=NO, nooutput=NO
 seed=-1, niter=10, ncuts=1

Direct k-way Partitioning ---------------------------------------------------
 - Edgecut: 6816, communication volume: 71.

 - Balance:
     constraint #0:  2.000 out of 0.593

 - Most overweight partition:
     pid: 6, actual: 2700, desired: 1350, ratio: 2.00.

 - Subdomain connectivity: max: 6, min: 0, avg: 3.75

 - There are 0 non-contiguous partitions.
   Total components after removing the cut edges: 7,
   max components: 1 for pid: 1.

Timing Information ----------------------------------------------------------
  I/O:          		   0.001 sec
  Partitioning: 		   0.002 sec   (METIS time)
  Reporting:    		   0.000 sec

Memory Information ----------------------------------------------------------
  Max memory used:		   0.071 MB
******************************************************************************
LEO35: 17.46600034721613: ['LEO11', 'LEO12', 'LEO18', 'LEO19', 'LEO26', 'LEO27', 'LEO28', 'LEO29', 'LEO35', 'LEO36', 'LEO37', 'LEO45', 'LEO46', 'LEO47']
LEO33: 44.250652115547425: ['LEO13', 'LEO14', 'LEO15', 'LEO16', 'LEO17', 'LEO23', 'LEO24', 'LEO25', 'LEO33', 'LEO34']
LEO22: 18.368803442792213: ['LEO21', 'LEO22']
LEO41: 42.07275108991278: ['LEO31', 'LEO32', 'LEO38', 'LEO39', 'LEO41', 'LEO42', 'LEO48', 'LEO49']
LEO63: 58.35931685703939: ['LEO43', 'LEO53', 'LEO62', 'LEO63', 'LEO72', 'LEO73', 'LEO74', 'LEO75', 'LEO82', 'LEO83', 'LEO84', 'LEO85']
LEO69: 33.880460294143155: ['LEO44', 'LEO54', 'LEO55', 'LEO56', 'LEO57', 'LEO58', 'LEO61', 'LEO64', 'LEO65', 'LEO66', 'LEO67', 'LEO68', 'LEO69', 'LEO71', 'LEO76', 'LEO77', 'LEO78', 'LEO79', 'LEO81', 'LEO86', 'LEO87', 'LEO88', 'LEO89']
LEO51: 29.64801535322428: ['LEO51', 'LEO52', 'LEO59']
sum_con_loads:  244.05
max_con_loads:   58.36
avg_setup_time: 191.31
