******************************************************************************
METIS 5.0 Copyright 1998-13, Regents of the University of Minnesota
 (HEAD: , Built on: Dec 17 2022, 08:18:35)
 size of idx_t: 64bits, real_t: 32bits, idx_t *: 64bits

Graph Information -----------------------------------------------------------
 Name: MetisTopos/345, #Vertices: 72, #Edges: 127, #Parts: 8

Options ---------------------------------------------------------------------
 ptype=kway, objtype=cut, ctype=shem, rtype=greedy, iptype=metisrb
 dbglvl=0, ufactor=2.500, no2hop=NO, minconn=NO, contig=NO, nooutput=NO
 seed=-1, niter=10, ncuts=1

Direct k-way Partitioning ---------------------------------------------------
 - Edgecut: 6475, communication volume: 70.

 - Balance:
     constraint #0:  2.370 out of 0.593

 - Most overweight partition:
     pid: 7, actual: 3200, desired: 1350, ratio: 2.37.

 - Subdomain connectivity: max: 5, min: 0, avg: 3.00

 - There are 0 non-contiguous partitions.
   Total components after removing the cut edges: 6,
   max components: 1 for pid: 2.

Timing Information ----------------------------------------------------------
  I/O:          		   0.001 sec
  Partitioning: 		   0.001 sec   (METIS time)
  Reporting:    		   0.000 sec

Memory Information ----------------------------------------------------------
  Max memory used:		   0.070 MB
******************************************************************************
LEO43: ['LEO11', 'LEO12', 'LEO21', 'LEO22', 'LEO31', 'LEO32', 'LEO42', 'LEO43', 'LEO53', 'LEO62', 'LEO63', 'LEO73', 'LEO82', 'LEO83']

LEO33: ['LEO13', 'LEO14', 'LEO15', 'LEO23', 'LEO24', 'LEO25', 'LEO33', 'LEO34', 'LEO35']

LEO39: ['LEO16', 'LEO17', 'LEO18', 'LEO19', 'LEO26', 'LEO27', 'LEO28', 'LEO29', 'LEO36', 'LEO37', 'LEO38', 'LEO39', 'LEO46', 'LEO47', 'LEO48', 'LEO49', 'LEO56', 'LEO57', 'LEO58', 'LEO66', 'LEO67', 'LEO68']

LEO51: ['LEO41', 'LEO51', 'LEO52', 'LEO59', 'LEO61', 'LEO69']

LEO74: ['LEO44', 'LEO45', 'LEO54', 'LEO55', 'LEO64', 'LEO65', 'LEO74', 'LEO75', 'LEO84', 'LEO85']

LEO79: ['LEO71', 'LEO72', 'LEO76', 'LEO77', 'LEO78', 'LEO79', 'LEO81', 'LEO86', 'LEO87', 'LEO88', 'LEO89']

sum_con_loads:  237.00

max_con_loads:   84.01

avg_setup_time: 161.63

