******************************************************************************
METIS 5.0 Copyright 1998-13, Regents of the University of Minnesota
 (HEAD: , Built on: Dec 17 2022, 08:18:35)
 size of idx_t: 64bits, real_t: 32bits, idx_t *: 64bits

Graph Information -----------------------------------------------------------
 Name: MetisTopos/345, #Vertices: 72, #Edges: 127, #Parts: 8

Options ---------------------------------------------------------------------
 ptype=kway, objtype=cut, ctype=shem, rtype=greedy, iptype=metisrb
 dbglvl=0, ufactor=1.200, no2hop=NO, minconn=NO, contig=YES, nooutput=NO
 seed=-1, niter=10, ncuts=1

Direct k-way Partitioning ---------------------------------------------------
 - Edgecut: 8681, communication volume: 75.

 - Balance:
     constraint #0:  1.185 out of 0.593

 - Most overweight partition:
     pid: 1, actual: 1600, desired: 1350, ratio: 1.19.

 - Subdomain connectivity: max: 6, min: 3, avg: 4.00

 - Each partition is contiguous.

Timing Information ----------------------------------------------------------
  I/O:          		   0.001 sec
  Partitioning: 		   0.002 sec   (METIS time)
  Reporting:    		   0.000 sec

Memory Information ----------------------------------------------------------
  Max memory used:		   0.070 MB
******************************************************************************
LEO39: ['LEO11', 'LEO17', 'LEO18', 'LEO19', 'LEO21', 'LEO27', 'LEO28', 'LEO29', 'LEO37', 'LEO38', 'LEO39', 'LEO47', 'LEO48']

LEO32: ['LEO12', 'LEO22', 'LEO31', 'LEO32', 'LEO41', 'LEO42']

LEO33: ['LEO13', 'LEO23', 'LEO24', 'LEO33', 'LEO34']

LEO15: ['LEO14', 'LEO15', 'LEO16', 'LEO25', 'LEO26', 'LEO35', 'LEO36', 'LEO45', 'LEO46']

LEO53: ['LEO43', 'LEO44', 'LEO53', 'LEO54', 'LEO55', 'LEO62', 'LEO63', 'LEO64', 'LEO65', 'LEO73', 'LEO74', 'LEO75']

LEO51: ['LEO49', 'LEO51', 'LEO52', 'LEO58', 'LEO59']

LEO83: ['LEO56', 'LEO57', 'LEO66', 'LEO67', 'LEO68', 'LEO76', 'LEO77', 'LEO78', 'LEO81', 'LEO82', 'LEO83', 'LEO84', 'LEO85', 'LEO86', 'LEO87', 'LEO88', 'LEO89']

LEO61: ['LEO61', 'LEO69', 'LEO71', 'LEO72', 'LEO79']

sum_con_loads:  281.40

max_con_loads:   53.78

avg_setup_time: 153.96

