******************************************************************************
METIS 5.0 Copyright 1998-13, Regents of the University of Minnesota
 (HEAD: , Built on: Dec 17 2022, 08:18:35)
 size of idx_t: 64bits, real_t: 32bits, idx_t *: 64bits

Graph Information -----------------------------------------------------------
 Name: MetisTopos/345, #Vertices: 72, #Edges: 127, #Parts: 8

Options ---------------------------------------------------------------------
 ptype=kway, objtype=cut, ctype=shem, rtype=greedy, iptype=metisrb
 dbglvl=0, ufactor=1.200, no2hop=NO, minconn=NO, contig=NO, nooutput=NO
 seed=-1, niter=10, ncuts=1

Direct k-way Partitioning ---------------------------------------------------
 - Edgecut: 9854, communication volume: 80.

 - Balance:
     constraint #0:  1.185 out of 0.593

 - Most overweight partition:
     pid: 6, actual: 1600, desired: 1350, ratio: 1.19.

 - Subdomain connectivity: max: 6, min: 3, avg: 4.25

 - Each partition is contiguous.

Timing Information ----------------------------------------------------------
  I/O:          		   0.001 sec
  Partitioning: 		   0.002 sec   (METIS time)
  Reporting:    		   0.000 sec

Memory Information ----------------------------------------------------------
  Max memory used:		   0.070 MB
******************************************************************************
LEO39: 23.843519368845495: ['LEO11', 'LEO17', 'LEO18', 'LEO19', 'LEO21', 'LEO28', 'LEO29', 'LEO37', 'LEO38', 'LEO39', 'LEO48', 'LEO49']
LEO32: 45.454366216237545: ['LEO12', 'LEO22', 'LEO31', 'LEO32', 'LEO41', 'LEO42']
LEO33: 41.0338256363039: ['LEO13', 'LEO23', 'LEO24', 'LEO33', 'LEO34', 'LEO44', 'LEO54']
LEO15: 25.837534268799008: ['LEO14', 'LEO15', 'LEO16', 'LEO25', 'LEO26', 'LEO27', 'LEO35', 'LEO36', 'LEO45', 'LEO46', 'LEO47', 'LEO56']
LEO53: 64.4408453502819: ['LEO43', 'LEO51', 'LEO52', 'LEO53', 'LEO59']
LEO63: 43.76344788515311: ['LEO55', 'LEO62', 'LEO63', 'LEO64', 'LEO65', 'LEO73', 'LEO74', 'LEO75']
LEO83: 31.96855000855983: ['LEO57', 'LEO58', 'LEO66', 'LEO67', 'LEO68', 'LEO76', 'LEO77', 'LEO78', 'LEO81', 'LEO82', 'LEO83', 'LEO84', 'LEO85', 'LEO86', 'LEO87', 'LEO88', 'LEO89']
LEO61: 28.62653897485508: ['LEO61', 'LEO69', 'LEO71', 'LEO72', 'LEO79']
sum_con_loads:  304.97
max_con_loads:   64.44
avg_setup_time: 216.34
