******************************************************************************
METIS 5.0 Copyright 1998-13, Regents of the University of Minnesota
 (HEAD: , Built on: Dec 17 2022, 08:18:35)
 size of idx_t: 64bits, real_t: 32bits, idx_t *: 64bits

Graph Information -----------------------------------------------------------
 Name: MetisTopos/345, #Vertices: 72, #Edges: 127, #Parts: 8

Options ---------------------------------------------------------------------
 ptype=kway, objtype=cut, ctype=shem, rtype=greedy, iptype=metisrb
 dbglvl=0, ufactor=1.400, no2hop=NO, minconn=NO, contig=YES, nooutput=NO
 seed=-1, niter=10, ncuts=1

Direct k-way Partitioning ---------------------------------------------------
 - Edgecut: 8077, communication volume: 72.

 - Balance:
     constraint #0:  1.259 out of 0.593

 - Most overweight partition:
     pid: 2, actual: 1700, desired: 1350, ratio: 1.26.

 - Subdomain connectivity: max: 6, min: 2, avg: 4.00

 - Each partition is contiguous.

Timing Information ----------------------------------------------------------
  I/O:          		   0.001 sec
  Partitioning: 		   0.002 sec   (METIS time)
  Reporting:    		   0.000 sec

Memory Information ----------------------------------------------------------
  Max memory used:		   0.070 MB
******************************************************************************
LEO39: 23.843519368845495: ['LEO11', 'LEO18', 'LEO19', 'LEO21', 'LEO28', 'LEO29', 'LEO38', 'LEO39', 'LEO48', 'LEO49']
LEO32: 45.454366216237545: ['LEO12', 'LEO22', 'LEO31', 'LEO32', 'LEO41', 'LEO42']
LEO33: 41.48214263645984: ['LEO13', 'LEO14', 'LEO23', 'LEO24', 'LEO33']
LEO35: 20.381673370896195: ['LEO15', 'LEO16', 'LEO17', 'LEO25', 'LEO26', 'LEO27', 'LEO34', 'LEO35', 'LEO36', 'LEO37', 'LEO44', 'LEO45', 'LEO46', 'LEO47', 'LEO56']
LEO53: 53.78247913165798: ['LEO43', 'LEO53', 'LEO54', 'LEO55', 'LEO63', 'LEO64', 'LEO65', 'LEO72', 'LEO73', 'LEO74', 'LEO75']
LEO51: 29.64801535322428: ['LEO51', 'LEO52', 'LEO59']
LEO69: 33.404226864374195: ['LEO57', 'LEO58', 'LEO61', 'LEO62', 'LEO66', 'LEO67', 'LEO68', 'LEO69', 'LEO71', 'LEO76', 'LEO77', 'LEO78', 'LEO79', 'LEO81', 'LEO86', 'LEO87', 'LEO88', 'LEO89']
LEO83: 21.32948508848829: ['LEO82', 'LEO83', 'LEO84', 'LEO85']
sum_con_loads:  269.33
max_con_loads:   53.78
avg_setup_time: 185.89
