******************************************************************************
METIS 5.0 Copyright 1998-13, Regents of the University of Minnesota
 (HEAD: , Built on: Dec 17 2022, 08:18:35)
 size of idx_t: 64bits, real_t: 32bits, idx_t *: 64bits

Graph Information -----------------------------------------------------------
 Name: MetisTopos/345, #Vertices: 72, #Edges: 127, #Parts: 8

Options ---------------------------------------------------------------------
 ptype=kway, objtype=cut, ctype=shem, rtype=greedy, iptype=metisrb
 dbglvl=0, ufactor=1.600, no2hop=NO, minconn=NO, contig=YES, nooutput=NO
 seed=-1, niter=10, ncuts=1

Direct k-way Partitioning ---------------------------------------------------
 - Edgecut: 7757, communication volume: 78.

 - Balance:
     constraint #0:  1.407 out of 0.593

 - Most overweight partition:
     pid: 6, actual: 1900, desired: 1350, ratio: 1.41.

 - Subdomain connectivity: max: 6, min: 2, avg: 4.25

 - Each partition is contiguous.

Timing Information ----------------------------------------------------------
  I/O:          		   0.001 sec
  Partitioning: 		   0.002 sec   (METIS time)
  Reporting:    		   0.000 sec

Memory Information ----------------------------------------------------------
  Max memory used:		   0.070 MB
******************************************************************************
LEO22: 21.361218791678308: ['LEO11', 'LEO12', 'LEO21', 'LEO22']
LEO33: 41.48214263645984: ['LEO13', 'LEO14', 'LEO23', 'LEO24', 'LEO33']
LEO15: 18.495093069827075: ['LEO15', 'LEO16', 'LEO17', 'LEO25', 'LEO26', 'LEO27', 'LEO35', 'LEO36', 'LEO37']
LEO41: 42.07275108991278: ['LEO18', 'LEO19', 'LEO28', 'LEO29', 'LEO31', 'LEO32', 'LEO38', 'LEO39', 'LEO41', 'LEO42', 'LEO47', 'LEO48', 'LEO49']
LEO74: 22.823474866486496: ['LEO34', 'LEO44', 'LEO45', 'LEO54', 'LEO55', 'LEO64', 'LEO65', 'LEO74', 'LEO75', 'LEO84', 'LEO85']
LEO63: 55.45475261494733: ['LEO43', 'LEO52', 'LEO53', 'LEO62', 'LEO63', 'LEO72', 'LEO73', 'LEO83']
LEO79: 21.588331581165747: ['LEO46', 'LEO56', 'LEO57', 'LEO58', 'LEO66', 'LEO67', 'LEO68', 'LEO71', 'LEO76', 'LEO77', 'LEO78', 'LEO79', 'LEO81', 'LEO82', 'LEO86', 'LEO87', 'LEO88', 'LEO89']
LEO51: 39.36192667727119: ['LEO51', 'LEO59', 'LEO61', 'LEO69']
sum_con_loads:  262.64
max_con_loads:   55.45
avg_setup_time: 192.09
