******************************************************************************
METIS 5.0 Copyright 1998-13, Regents of the University of Minnesota
 (HEAD: , Built on: Dec 17 2022, 08:18:35)
 size of idx_t: 64bits, real_t: 32bits, idx_t *: 64bits

Graph Information -----------------------------------------------------------
 Name: MetisTopos/345, #Vertices: 72, #Edges: 127, #Parts: 8

Options ---------------------------------------------------------------------
 ptype=kway, objtype=cut, ctype=shem, rtype=greedy, iptype=metisrb
 dbglvl=0, ufactor=1.600, no2hop=NO, minconn=NO, contig=NO, nooutput=NO
 seed=-1, niter=10, ncuts=1

Direct k-way Partitioning ---------------------------------------------------
 - Edgecut: 8002, communication volume: 79.

 - Balance:
     constraint #0:  1.556 out of 0.593

 - Most overweight partition:
     pid: 7, actual: 2100, desired: 1350, ratio: 1.56.

 - Subdomain connectivity: max: 5, min: 3, avg: 4.25

 - Each partition is contiguous.

Timing Information ----------------------------------------------------------
  I/O:          		   0.001 sec
  Partitioning: 		   0.002 sec   (METIS time)
  Reporting:    		   0.000 sec

Memory Information ----------------------------------------------------------
  Max memory used:		   0.070 MB
******************************************************************************
LEO22: ['LEO11', 'LEO12', 'LEO21', 'LEO22']

LEO33: ['LEO13', 'LEO14', 'LEO23', 'LEO24', 'LEO33']

LEO15: ['LEO15', 'LEO16', 'LEO25', 'LEO35']

LEO39: ['LEO17', 'LEO18', 'LEO19', 'LEO26', 'LEO27', 'LEO28', 'LEO29', 'LEO36', 'LEO37', 'LEO38', 'LEO39', 'LEO46', 'LEO47', 'LEO48', 'LEO49', 'LEO56', 'LEO57', 'LEO58', 'LEO67', 'LEO68', 'LEO77', 'LEO78']

LEO41: ['LEO31', 'LEO32', 'LEO41', 'LEO42', 'LEO51', 'LEO59']

LEO74: ['LEO34', 'LEO44', 'LEO45', 'LEO54', 'LEO55', 'LEO64', 'LEO65', 'LEO66', 'LEO74', 'LEO75', 'LEO76', 'LEO84', 'LEO85', 'LEO86', 'LEO87', 'LEO88']

LEO63: ['LEO43', 'LEO52', 'LEO53', 'LEO63', 'LEO73', 'LEO82', 'LEO83']

LEO61: ['LEO61', 'LEO62', 'LEO69', 'LEO71', 'LEO72', 'LEO79', 'LEO81', 'LEO89']

sum_con_loads:  267.55

max_con_loads:   55.45

avg_setup_time: 159.02

