******************************************************************************
METIS 5.0 Copyright 1998-13, Regents of the University of Minnesota
 (HEAD: , Built on: Dec 17 2022, 08:18:35)
 size of idx_t: 64bits, real_t: 32bits, idx_t *: 64bits

Graph Information -----------------------------------------------------------
 Name: MetisTopos/345, #Vertices: 72, #Edges: 127, #Parts: 8

Options ---------------------------------------------------------------------
 ptype=kway, objtype=cut, ctype=shem, rtype=greedy, iptype=metisrb
 dbglvl=0, ufactor=1.900, no2hop=NO, minconn=NO, contig=NO, nooutput=NO
 seed=-1, niter=10, ncuts=1

Direct k-way Partitioning ---------------------------------------------------
 - Edgecut: 7087, communication volume: 70.

 - Balance:
     constraint #0:  1.852 out of 0.593

 - Most overweight partition:
     pid: 7, actual: 2500, desired: 1350, ratio: 1.85.

 - Subdomain connectivity: max: 6, min: 0, avg: 3.75

 - There are 0 non-contiguous partitions.
   Total components after removing the cut edges: 7,
   max components: 1 for pid: 1.

Timing Information ----------------------------------------------------------
  I/O:          		   0.001 sec
  Partitioning: 		   0.002 sec   (METIS time)
  Reporting:    		   0.000 sec

Memory Information ----------------------------------------------------------
  Max memory used:		   0.070 MB
******************************************************************************
LEO31: 36.33130807120178: ['LEO11', 'LEO12', 'LEO17', 'LEO18', 'LEO19', 'LEO21', 'LEO22', 'LEO27', 'LEO28', 'LEO29', 'LEO31', 'LEO37', 'LEO38', 'LEO39', 'LEO48', 'LEO49']
LEO43: 75.99134428881513: ['LEO13', 'LEO23', 'LEO32', 'LEO33', 'LEO42', 'LEO43', 'LEO53', 'LEO62', 'LEO63', 'LEO73', 'LEO83']
LEO24: 37.079588749543134: ['LEO14', 'LEO15', 'LEO16', 'LEO24', 'LEO25', 'LEO26', 'LEO34', 'LEO35', 'LEO36', 'LEO44', 'LEO45', 'LEO46', 'LEO47', 'LEO54', 'LEO55', 'LEO56']
LEO51: 40.97536538254667: ['LEO41', 'LEO51', 'LEO52', 'LEO59']
LEO79: 21.588331581165747: ['LEO57', 'LEO58', 'LEO66', 'LEO67', 'LEO68', 'LEO71', 'LEO72', 'LEO76', 'LEO77', 'LEO78', 'LEO79', 'LEO81', 'LEO82', 'LEO86', 'LEO87', 'LEO88', 'LEO89']
LEO61: 21.351192054888934: ['LEO61', 'LEO69']
LEO74: 15.772837966830007: ['LEO64', 'LEO65', 'LEO74', 'LEO75', 'LEO84', 'LEO85']
sum_con_loads:  249.09
max_con_loads:   75.99
avg_setup_time: 204.96
