******************************************************************************
METIS 5.0 Copyright 1998-13, Regents of the University of Minnesota
 (HEAD: , Built on: Dec 17 2022, 08:18:35)
 size of idx_t: 64bits, real_t: 32bits, idx_t *: 64bits

Graph Information -----------------------------------------------------------
 Name: MetisTopos/1582, #Vertices: 72, #Edges: 128, #Parts: 8

Options ---------------------------------------------------------------------
 ptype=kway, objtype=cut, ctype=shem, rtype=greedy, iptype=metisrb
 dbglvl=0, ufactor=2.300, no2hop=NO, minconn=NO, contig=YES, nooutput=NO
 seed=-1, niter=10, ncuts=1

Direct k-way Partitioning ---------------------------------------------------
 - Edgecut: 7499, communication volume: 79.

 - Balance:
     constraint #0:  2.169 out of 0.407

 - Most overweight partition:
     pid: 7, actual: 3200, desired: 1475, ratio: 2.17.

 - Subdomain connectivity: max: 6, min: 2, avg: 4.25

 - Each partition is contiguous.

Timing Information ----------------------------------------------------------
  I/O:          		   0.001 sec
  Partitioning: 		   0.002 sec   (METIS time)
  Reporting:    		   0.000 sec

Memory Information ----------------------------------------------------------
  Max memory used:		   0.071 MB
******************************************************************************
LEO31: 69.20786572895173: ['LEO11', 'LEO12', 'LEO18', 'LEO19', 'LEO21', 'LEO22', 'LEO28', 'LEO29', 'LEO31', 'LEO32', 'LEO41', 'LEO42']
LEO23: 16.14269750893264: ['LEO13', 'LEO14', 'LEO23', 'LEO24']
LEO57: 20.70156359101535: ['LEO15', 'LEO16', 'LEO17', 'LEO25', 'LEO26', 'LEO27', 'LEO36', 'LEO37', 'LEO45', 'LEO46', 'LEO47', 'LEO56', 'LEO57', 'LEO66', 'LEO67']
LEO34: 17.794536711761193: ['LEO33', 'LEO34', 'LEO35', 'LEO43', 'LEO44', 'LEO53', 'LEO54', 'LEO55', 'LEO64', 'LEO65', 'LEO75', 'LEO76', 'LEO85', 'LEO86']
LEO59: 59.709879796534366: ['LEO38', 'LEO39', 'LEO48', 'LEO49', 'LEO58', 'LEO59', 'LEO68', 'LEO69']
LEO61: 47.00676345273555: ['LEO51', 'LEO52', 'LEO61', 'LEO62', 'LEO71', 'LEO72', 'LEO81']
LEO73: 16.10553440341374: ['LEO63', 'LEO73', 'LEO74', 'LEO82', 'LEO83', 'LEO84']
LEO78: 21.18679891339657: ['LEO77', 'LEO78', 'LEO79', 'LEO87', 'LEO88', 'LEO89']
sum_con_loads:  267.86
max_con_loads:   69.21
avg_setup_time: 190.43
