******************************************************************************
METIS 5.0 Copyright 1998-13, Regents of the University of Minnesota
 (HEAD: , Built on: Dec 17 2022, 08:18:35)
 size of idx_t: 64bits, real_t: 32bits, idx_t *: 64bits

Graph Information -----------------------------------------------------------
 Name: MetisTopos/1582, #Vertices: 72, #Edges: 128, #Parts: 8

Options ---------------------------------------------------------------------
 ptype=kway, objtype=cut, ctype=shem, rtype=greedy, iptype=metisrb
 dbglvl=0, ufactor=2.400, no2hop=NO, minconn=NO, contig=NO, nooutput=NO
 seed=-1, niter=10, ncuts=1

Direct k-way Partitioning ---------------------------------------------------
 - Edgecut: 8157, communication volume: 78.

 - Balance:
     constraint #0:  2.373 out of 0.407

 - Most overweight partition:
     pid: 7, actual: 3500, desired: 1475, ratio: 2.37.

 - Subdomain connectivity: max: 6, min: 3, avg: 4.25

 - Each partition is contiguous.

Timing Information ----------------------------------------------------------
  I/O:          		   0.001 sec
  Partitioning: 		   0.002 sec   (METIS time)
  Reporting:    		   0.000 sec

Memory Information ----------------------------------------------------------
  Max memory used:		   0.071 MB
******************************************************************************
LEO29: 33.86374516667921: ['LEO11', 'LEO17', 'LEO18', 'LEO19', 'LEO27', 'LEO28', 'LEO29', 'LEO37', 'LEO38', 'LEO39']
LEO31: 67.84678971492517: ['LEO12', 'LEO13', 'LEO14', 'LEO21', 'LEO22', 'LEO23', 'LEO24', 'LEO31', 'LEO32', 'LEO33', 'LEO41', 'LEO51']
LEO58: 23.531383503841727: ['LEO15', 'LEO16', 'LEO25', 'LEO26', 'LEO35', 'LEO36', 'LEO45', 'LEO46', 'LEO47', 'LEO55', 'LEO56', 'LEO57', 'LEO58', 'LEO66', 'LEO67']
LEO73: 18.429282609565757: ['LEO34', 'LEO42', 'LEO43', 'LEO44', 'LEO52', 'LEO53', 'LEO54', 'LEO63', 'LEO64', 'LEO65', 'LEO73', 'LEO74', 'LEO75', 'LEO83', 'LEO84', 'LEO85']
LEO49: 51.56148399427768: ['LEO48', 'LEO49', 'LEO59', 'LEO69']
LEO61: 41.99071976830391: ['LEO61', 'LEO62', 'LEO71', 'LEO72', 'LEO81', 'LEO82']
LEO68: 29.79792871281814: ['LEO68', 'LEO78', 'LEO79', 'LEO88', 'LEO89']
LEO77: 14.023234789637055: ['LEO76', 'LEO77', 'LEO86', 'LEO87']
sum_con_loads:  281.04
max_con_loads:   67.85
avg_setup_time: 185.29
