******************************************************************************
METIS 5.0 Copyright 1998-13, Regents of the University of Minnesota
 (HEAD: , Built on: Dec 17 2022, 08:18:35)
 size of idx_t: 64bits, real_t: 32bits, idx_t *: 64bits

Graph Information -----------------------------------------------------------
 Name: MetisTopos/1582, #Vertices: 72, #Edges: 128, #Parts: 8

Options ---------------------------------------------------------------------
 ptype=kway, objtype=cut, ctype=shem, rtype=greedy, iptype=metisrb
 dbglvl=0, ufactor=2.900, no2hop=NO, minconn=NO, contig=YES, nooutput=NO
 seed=-1, niter=10, ncuts=1

Direct k-way Partitioning ---------------------------------------------------
 - Edgecut: 7230, communication volume: 75.

 - Balance:
     constraint #0:  2.847 out of 0.407

 - Most overweight partition:
     pid: 7, actual: 4200, desired: 1475, ratio: 2.85.

 - Subdomain connectivity: max: 5, min: 0, avg: 3.75

 - There are 0 non-contiguous partitions.
   Total components after removing the cut edges: 7,
   max components: 1 for pid: 0.

Timing Information ----------------------------------------------------------
  I/O:          		   0.001 sec
  Partitioning: 		   0.001 sec   (METIS time)
  Reporting:    		   0.000 sec

Memory Information ----------------------------------------------------------
  Max memory used:		   0.071 MB
******************************************************************************
LEO29: 45.36143184453777: ['LEO11', 'LEO12', 'LEO13', 'LEO14', 'LEO15', 'LEO16', 'LEO17', 'LEO18', 'LEO19', 'LEO25', 'LEO26', 'LEO27', 'LEO28', 'LEO29', 'LEO39']
LEO41: 97.66087292136376: ['LEO21', 'LEO22', 'LEO31', 'LEO32', 'LEO41', 'LEO48', 'LEO49', 'LEO51', 'LEO58', 'LEO59', 'LEO61', 'LEO68', 'LEO69']
LEO33: 31.939474692141538: ['LEO23', 'LEO24', 'LEO33', 'LEO34', 'LEO42', 'LEO43', 'LEO44', 'LEO52', 'LEO62']
LEO37: 22.029815082576107: ['LEO35', 'LEO36', 'LEO37', 'LEO38', 'LEO45', 'LEO46', 'LEO47', 'LEO56', 'LEO57', 'LEO66', 'LEO67']
LEO73: 14.828967531091202: ['LEO53', 'LEO54', 'LEO55', 'LEO63', 'LEO64', 'LEO65', 'LEO73', 'LEO74', 'LEO75', 'LEO76', 'LEO85', 'LEO86', 'LEO87', 'LEO88', 'LEO89']
LEO71: 29.47487601828305: ['LEO71', 'LEO72', 'LEO81', 'LEO82', 'LEO83', 'LEO84']
LEO78: 21.18679891339657: ['LEO77', 'LEO78', 'LEO79']
sum_con_loads:  262.48
max_con_loads:   97.66
avg_setup_time: 537.95
