******************************************************************************
METIS 5.0 Copyright 1998-13, Regents of the University of Minnesota
 (HEAD: , Built on: Dec 17 2022, 08:18:35)
 size of idx_t: 64bits, real_t: 32bits, idx_t *: 64bits

Graph Information -----------------------------------------------------------
 Name: MetisTopos/1582, #Vertices: 72, #Edges: 128, #Parts: 8

Options ---------------------------------------------------------------------
 ptype=kway, objtype=cut, ctype=shem, rtype=greedy, iptype=metisrb
 dbglvl=0, ufactor=1.300, no2hop=NO, minconn=NO, contig=YES, nooutput=NO
 seed=-1, niter=10, ncuts=1

Direct k-way Partitioning ---------------------------------------------------
 - Edgecut: 8909, communication volume: 82.

 - Balance:
     constraint #0:  1.288 out of 0.407

 - Most overweight partition:
     pid: 2, actual: 1900, desired: 1475, ratio: 1.29.

 - Subdomain connectivity: max: 6, min: 3, avg: 4.25

 - Each partition is contiguous.

Timing Information ----------------------------------------------------------
  I/O:          		   0.001 sec
  Partitioning: 		   0.002 sec   (METIS time)
  Reporting:    		   0.000 sec

Memory Information ----------------------------------------------------------
  Max memory used:		   0.071 MB
******************************************************************************
LEO31: 58.634428595597925: ['LEO11', 'LEO12', 'LEO21', 'LEO22', 'LEO31', 'LEO32', 'LEO41']
LEO23: 27.22658979170083: ['LEO13', 'LEO14', 'LEO23', 'LEO24', 'LEO33', 'LEO34', 'LEO43', 'LEO44', 'LEO53', 'LEO54', 'LEO64']
LEO57: 24.8781147922126: ['LEO15', 'LEO16', 'LEO17', 'LEO25', 'LEO26', 'LEO27', 'LEO35', 'LEO36', 'LEO37', 'LEO45', 'LEO46', 'LEO47', 'LEO55', 'LEO56', 'LEO57', 'LEO65', 'LEO66', 'LEO67', 'LEO75', 'LEO76', 'LEO85', 'LEO86', 'LEO87', 'LEO88', 'LEO89']
LEO29: 23.209367665011012: ['LEO18', 'LEO19', 'LEO28', 'LEO29']
LEO49: 58.43260092648772: ['LEO38', 'LEO39', 'LEO48', 'LEO49', 'LEO58', 'LEO59', 'LEO69']
LEO72: 26.83409940856188: ['LEO42', 'LEO52', 'LEO62', 'LEO63', 'LEO72', 'LEO73', 'LEO74', 'LEO82', 'LEO83', 'LEO84']
LEO61: 44.93110122174889: ['LEO51', 'LEO61', 'LEO71', 'LEO81']
LEO68: 31.827197031616357: ['LEO68', 'LEO77', 'LEO78', 'LEO79']
sum_con_loads:  295.97
max_con_loads:   58.63
avg_setup_time: 185.45
