******************************************************************************
METIS 5.0 Copyright 1998-13, Regents of the University of Minnesota
 (HEAD: , Built on: Dec 17 2022, 08:18:35)
 size of idx_t: 64bits, real_t: 32bits, idx_t *: 64bits

Graph Information -----------------------------------------------------------
 Name: MetisTopos/1582, #Vertices: 72, #Edges: 128, #Parts: 8

Options ---------------------------------------------------------------------
 ptype=kway, objtype=cut, ctype=shem, rtype=greedy, iptype=metisrb
 dbglvl=0, ufactor=1.400, no2hop=NO, minconn=NO, contig=YES, nooutput=NO
 seed=-1, niter=10, ncuts=1

Direct k-way Partitioning ---------------------------------------------------
 - Edgecut: 8615, communication volume: 78.

 - Balance:
     constraint #0:  1.356 out of 0.407

 - Most overweight partition:
     pid: 2, actual: 2000, desired: 1475, ratio: 1.36.

 - Subdomain connectivity: max: 6, min: 3, avg: 4.25

 - Each partition is contiguous.

Timing Information ----------------------------------------------------------
  I/O:          		   0.001 sec
  Partitioning: 		   0.002 sec   (METIS time)
  Reporting:    		   0.000 sec

Memory Information ----------------------------------------------------------
  Max memory used:		   0.071 MB
******************************************************************************
LEO29: 29.268021993931967: ['LEO11', 'LEO17', 'LEO18', 'LEO19', 'LEO27', 'LEO28', 'LEO29', 'LEO39']
LEO31: 58.928793031260746: ['LEO12', 'LEO21', 'LEO22', 'LEO31', 'LEO32', 'LEO41', 'LEO42']
LEO23: 29.70646344692858: ['LEO13', 'LEO14', 'LEO15', 'LEO16', 'LEO23', 'LEO24', 'LEO25', 'LEO26', 'LEO33', 'LEO34', 'LEO35', 'LEO36', 'LEO43', 'LEO44', 'LEO45', 'LEO46', 'LEO54', 'LEO55', 'LEO56', 'LEO64', 'LEO65', 'LEO66', 'LEO75', 'LEO85']
LEO48: 22.157256437811554: ['LEO37', 'LEO38', 'LEO47', 'LEO48']
LEO59: 56.91127373028998: ['LEO49', 'LEO57', 'LEO58', 'LEO59', 'LEO67', 'LEO68', 'LEO69']
LEO61: 44.93110122174889: ['LEO51', 'LEO61', 'LEO71', 'LEO81', 'LEO89']
LEO72: 25.028489133347144: ['LEO52', 'LEO53', 'LEO62', 'LEO63', 'LEO72', 'LEO73', 'LEO74', 'LEO82', 'LEO83', 'LEO84']
LEO78: 23.209367665011012: ['LEO76', 'LEO77', 'LEO78', 'LEO79', 'LEO86', 'LEO87', 'LEO88']
sum_con_loads:  290.14
max_con_loads:   58.93
avg_setup_time: 182.29
