******************************************************************************
METIS 5.0 Copyright 1998-13, Regents of the University of Minnesota
 (HEAD: , Built on: Dec 17 2022, 08:18:35)
 size of idx_t: 64bits, real_t: 32bits, idx_t *: 64bits

Graph Information -----------------------------------------------------------
 Name: MetisTopos/1582, #Vertices: 72, #Edges: 128, #Parts: 8

Options ---------------------------------------------------------------------
 ptype=kway, objtype=cut, ctype=shem, rtype=greedy, iptype=metisrb
 dbglvl=0, ufactor=1.500, no2hop=NO, minconn=NO, contig=NO, nooutput=NO
 seed=-1, niter=10, ncuts=1

Direct k-way Partitioning ---------------------------------------------------
 - Edgecut: 8313, communication volume: 78.

 - Balance:
     constraint #0:  1.492 out of 0.407

 - Most overweight partition:
     pid: 2, actual: 2200, desired: 1475, ratio: 1.49.

 - Subdomain connectivity: max: 6, min: 3, avg: 4.50

 - Each partition is contiguous.

Timing Information ----------------------------------------------------------
  I/O:          		   0.001 sec
  Partitioning: 		   0.002 sec   (METIS time)
  Reporting:    		   0.000 sec

Memory Information ----------------------------------------------------------
  Max memory used:		   0.071 MB
******************************************************************************
LEO29: 23.209367665011012: ['LEO11', 'LEO18', 'LEO19', 'LEO28', 'LEO29']
LEO31: 63.24194475823401: ['LEO12', 'LEO13', 'LEO21', 'LEO22', 'LEO31', 'LEO41', 'LEO51']
LEO36: 29.525752735287433: ['LEO14', 'LEO15', 'LEO16', 'LEO17', 'LEO23', 'LEO24', 'LEO25', 'LEO26', 'LEO27', 'LEO35', 'LEO36', 'LEO37', 'LEO46', 'LEO47', 'LEO55', 'LEO56', 'LEO57', 'LEO66', 'LEO67']
LEO32: 24.06072483190068: ['LEO32', 'LEO33', 'LEO34', 'LEO42', 'LEO43', 'LEO44', 'LEO45']
LEO59: 59.709879796534366: ['LEO38', 'LEO39', 'LEO48', 'LEO49', 'LEO58', 'LEO59', 'LEO68', 'LEO69']
LEO63: 21.031197585631826: ['LEO52', 'LEO53', 'LEO54', 'LEO62', 'LEO63', 'LEO64', 'LEO65', 'LEO73', 'LEO74', 'LEO75', 'LEO84', 'LEO85']
LEO61: 40.22996366492056: ['LEO61', 'LEO71', 'LEO72', 'LEO81', 'LEO82', 'LEO83', 'LEO89']
LEO78: 23.209367665011012: ['LEO76', 'LEO77', 'LEO78', 'LEO79', 'LEO86', 'LEO87', 'LEO88']
sum_con_loads:  284.22
max_con_loads:   63.24
avg_setup_time: 192.42
