******************************************************************************
METIS 5.0 Copyright 1998-13, Regents of the University of Minnesota
 (HEAD: , Built on: Dec 17 2022, 08:18:35)
 size of idx_t: 64bits, real_t: 32bits, idx_t *: 64bits

Graph Information -----------------------------------------------------------
 Name: MetisTopos/1582, #Vertices: 72, #Edges: 128, #Parts: 8

Options ---------------------------------------------------------------------
 ptype=kway, objtype=cut, ctype=shem, rtype=greedy, iptype=metisrb
 dbglvl=0, ufactor=1.700, no2hop=NO, minconn=NO, contig=YES, nooutput=NO
 seed=-1, niter=10, ncuts=1

Direct k-way Partitioning ---------------------------------------------------
 - Edgecut: 8829, communication volume: 80.

 - Balance:
     constraint #0:  1.627 out of 0.407

 - Most overweight partition:
     pid: 5, actual: 2400, desired: 1475, ratio: 1.63.

 - Subdomain connectivity: max: 6, min: 3, avg: 4.25

 - Each partition is contiguous.

Timing Information ----------------------------------------------------------
  I/O:          		   0.001 sec
  Partitioning: 		   0.002 sec   (METIS time)
  Reporting:    		   0.000 sec

Memory Information ----------------------------------------------------------
  Max memory used:		   0.072 MB
******************************************************************************
LEO29: 33.86374516667921: ['LEO11', 'LEO17', 'LEO18', 'LEO19', 'LEO27', 'LEO28', 'LEO29', 'LEO37', 'LEO38', 'LEO39']
LEO31: 63.2923354299995: ['LEO12', 'LEO21', 'LEO22', 'LEO31', 'LEO32', 'LEO41', 'LEO42', 'LEO51']
LEO23: 27.051887319927868: ['LEO13', 'LEO14', 'LEO23', 'LEO24', 'LEO33', 'LEO34', 'LEO43', 'LEO44', 'LEO45']
LEO67: 26.388707027534153: ['LEO15', 'LEO16', 'LEO25', 'LEO26', 'LEO35', 'LEO36', 'LEO46', 'LEO47', 'LEO54', 'LEO55', 'LEO56', 'LEO57', 'LEO64', 'LEO65', 'LEO66', 'LEO67', 'LEO74', 'LEO75', 'LEO76', 'LEO77', 'LEO85', 'LEO86', 'LEO87', 'LEO88', 'LEO89']
LEO59: 54.29768892145678: ['LEO48', 'LEO49', 'LEO58', 'LEO59', 'LEO69']
LEO62: 19.565281496108724: ['LEO52', 'LEO53', 'LEO62', 'LEO63', 'LEO72', 'LEO73']
LEO61: 40.22996366492057: ['LEO61', 'LEO71', 'LEO81', 'LEO82', 'LEO83', 'LEO84']
LEO68: 29.79792871281814: ['LEO68', 'LEO78', 'LEO79']
sum_con_loads:  294.49
max_con_loads:   63.29
avg_setup_time: 185.13
