******************************************************************************
METIS 5.0 Copyright 1998-13, Regents of the University of Minnesota
 (HEAD: , Built on: Dec 17 2022, 08:18:35)
 size of idx_t: 64bits, real_t: 32bits, idx_t *: 64bits

Graph Information -----------------------------------------------------------
 Name: MetisTopos/1582, #Vertices: 72, #Edges: 128, #Parts: 8

Options ---------------------------------------------------------------------
 ptype=kway, objtype=cut, ctype=shem, rtype=greedy, iptype=metisrb
 dbglvl=0, ufactor=1.900, no2hop=NO, minconn=NO, contig=YES, nooutput=NO
 seed=-1, niter=10, ncuts=1

Direct k-way Partitioning ---------------------------------------------------
 - Edgecut: 8004, communication volume: 79.

 - Balance:
     constraint #0:  1.763 out of 0.407

 - Most overweight partition:
     pid: 3, actual: 2600, desired: 1475, ratio: 1.76.

 - Subdomain connectivity: max: 6, min: 2, avg: 4.00

 - Each partition is contiguous.

Timing Information ----------------------------------------------------------
  I/O:          		   0.001 sec
  Partitioning: 		   0.002 sec   (METIS time)
  Reporting:    		   0.000 sec

Memory Information ----------------------------------------------------------
  Max memory used:		   0.071 MB
******************************************************************************
LEO31: 72.78259291878004: ['LEO11', 'LEO12', 'LEO19', 'LEO21', 'LEO22', 'LEO29', 'LEO31', 'LEO39', 'LEO41', 'LEO51']
LEO23: 16.14269750893264: ['LEO13', 'LEO14', 'LEO23', 'LEO24']
LEO32: 27.19065275668671: ['LEO15', 'LEO16', 'LEO25', 'LEO26', 'LEO32', 'LEO33', 'LEO34', 'LEO35', 'LEO36', 'LEO42', 'LEO43', 'LEO44', 'LEO45', 'LEO46', 'LEO52', 'LEO53', 'LEO54', 'LEO55', 'LEO56', 'LEO64', 'LEO66']
LEO38: 19.513553513945958: ['LEO17', 'LEO18', 'LEO27', 'LEO28', 'LEO37', 'LEO38']
LEO59: 58.399143733341546: ['LEO47', 'LEO48', 'LEO49', 'LEO57', 'LEO58', 'LEO59', 'LEO68', 'LEO69']
LEO61: 40.22996366492057: ['LEO61', 'LEO71', 'LEO81', 'LEO82', 'LEO83', 'LEO84']
LEO62: 19.66917954708324: ['LEO62', 'LEO63', 'LEO72', 'LEO73', 'LEO74']
LEO78: 24.0943234172234: ['LEO65', 'LEO67', 'LEO75', 'LEO76', 'LEO77', 'LEO78', 'LEO79', 'LEO85', 'LEO86', 'LEO87', 'LEO88', 'LEO89']
sum_con_loads:  278.02
max_con_loads:   72.78
avg_setup_time: 191.53
