******************************************************************************
METIS 5.0 Copyright 1998-13, Regents of the University of Minnesota
 (HEAD: , Built on: Dec 17 2022, 08:18:35)
 size of idx_t: 64bits, real_t: 32bits, idx_t *: 64bits

Graph Information -----------------------------------------------------------
 Name: MetisTopos/73, #Vertices: 72, #Edges: 128, #Parts: 8

Options ---------------------------------------------------------------------
 ptype=kway, objtype=cut, ctype=shem, rtype=greedy, iptype=metisrb
 dbglvl=0, ufactor=1.100, no2hop=NO, minconn=NO, contig=YES, nooutput=NO
 seed=-1, niter=10, ncuts=1

Direct k-way Partitioning ---------------------------------------------------
 - Edgecut: 10513, communication volume: 85.

 - Balance:
     constraint #0:  1.152 out of 0.448

 - Most overweight partition:
     pid: 2, actual: 1800, desired: 1562, ratio: 1.15.

 - Subdomain connectivity: max: 7, min: 3, avg: 4.25

 - Each partition is contiguous.

Timing Information ----------------------------------------------------------
  I/O:          		   0.001 sec
  Partitioning: 		   0.002 sec   (METIS time)
  Reporting:    		   0.000 sec

Memory Information ----------------------------------------------------------
  Max memory used:		   0.071 MB
******************************************************************************
LEO15: ['LEO11', 'LEO15', 'LEO16', 'LEO17', 'LEO18', 'LEO19', 'LEO21', 'LEO26', 'LEO27', 'LEO28', 'LEO29', 'LEO36', 'LEO37', 'LEO38', 'LEO45', 'LEO46', 'LEO47', 'LEO56', 'LEO57']

LEO42: ['LEO12', 'LEO22', 'LEO32', 'LEO33', 'LEO42']

LEO24: ['LEO13', 'LEO14', 'LEO23', 'LEO24', 'LEO25']

LEO41: ['LEO31', 'LEO39', 'LEO41', 'LEO48', 'LEO49', 'LEO54', 'LEO55', 'LEO58', 'LEO65', 'LEO66', 'LEO67', 'LEO68', 'LEO76', 'LEO77', 'LEO78', 'LEO86', 'LEO87', 'LEO88', 'LEO89']

LEO44: ['LEO34', 'LEO35', 'LEO43', 'LEO44', 'LEO53', 'LEO63', 'LEO64']

LEO52: ['LEO51', 'LEO52', 'LEO59', 'LEO69', 'LEO79']

LEO62: ['LEO61', 'LEO62', 'LEO71', 'LEO72']

LEO73: ['LEO73', 'LEO74', 'LEO75', 'LEO81', 'LEO82', 'LEO83', 'LEO84', 'LEO85']

sum_con_loads:  335.06

max_con_loads:   66.94

avg_setup_time: 168.78

