******************************************************************************
METIS 5.0 Copyright 1998-13, Regents of the University of Minnesota
 (HEAD: , Built on: Dec 17 2022, 08:18:35)
 size of idx_t: 64bits, real_t: 32bits, idx_t *: 64bits

Graph Information -----------------------------------------------------------
 Name: MetisTopos/73, #Vertices: 72, #Edges: 128, #Parts: 8

Options ---------------------------------------------------------------------
 ptype=kway, objtype=cut, ctype=shem, rtype=greedy, iptype=metisrb
 dbglvl=0, ufactor=2.100, no2hop=NO, minconn=NO, contig=NO, nooutput=NO
 seed=-1, niter=10, ncuts=1

Direct k-way Partitioning ---------------------------------------------------
 - Edgecut: 7921, communication volume: 78.

 - Balance:
     constraint #0:  1.984 out of 0.448

 - Most overweight partition:
     pid: 6, actual: 3100, desired: 1562, ratio: 1.98.

 - Subdomain connectivity: max: 6, min: 0, avg: 3.75

 - There are 0 non-contiguous partitions.
   Total components after removing the cut edges: 7,
   max components: 1 for pid: 1.

Timing Information ----------------------------------------------------------
  I/O:          		   0.001 sec
  Partitioning: 		   0.002 sec   (METIS time)
  Reporting:    		   0.000 sec

Memory Information ----------------------------------------------------------
  Max memory used:		   0.071 MB
******************************************************************************
LEO24: 61.71556135871758: ['LEO11', 'LEO12', 'LEO13', 'LEO14', 'LEO23', 'LEO24', 'LEO25', 'LEO34', 'LEO35', 'LEO44', 'LEO45', 'LEO54', 'LEO55']
LEO15: 26.022783657985695: ['LEO15', 'LEO16', 'LEO17', 'LEO26', 'LEO27', 'LEO36', 'LEO37', 'LEO46', 'LEO47', 'LEO48', 'LEO56', 'LEO57', 'LEO58', 'LEO66', 'LEO67', 'LEO68']
LEO39: 17.12584677350855: ['LEO18', 'LEO19', 'LEO28', 'LEO29', 'LEO38', 'LEO39', 'LEO49', 'LEO59']
LEO42: 64.77423191037454: ['LEO21', 'LEO22', 'LEO31', 'LEO32', 'LEO33', 'LEO41', 'LEO42', 'LEO51', 'LEO52']
LEO63: 71.74115672597266: ['LEO43', 'LEO53', 'LEO61', 'LEO62', 'LEO63', 'LEO69', 'LEO72', 'LEO73', 'LEO81', 'LEO82', 'LEO83', 'LEO84']
LEO74: 23.88009720397521: ['LEO64', 'LEO65', 'LEO74', 'LEO75', 'LEO76', 'LEO85', 'LEO86']
LEO71: 18.012163199397996: ['LEO71', 'LEO77', 'LEO78', 'LEO79', 'LEO87', 'LEO88', 'LEO89']
sum_con_loads:  283.27
max_con_loads:   71.74
avg_setup_time: 211.67
