******************************************************************************
METIS 5.0 Copyright 1998-13, Regents of the University of Minnesota
 (HEAD: , Built on: Dec 17 2022, 08:18:35)
 size of idx_t: 64bits, real_t: 32bits, idx_t *: 64bits

Graph Information -----------------------------------------------------------
 Name: MetisTopos/73, #Vertices: 72, #Edges: 128, #Parts: 8

Options ---------------------------------------------------------------------
 ptype=kway, objtype=cut, ctype=shem, rtype=greedy, iptype=metisrb
 dbglvl=0, ufactor=3.000, no2hop=NO, minconn=NO, contig=YES, nooutput=NO
 seed=-1, niter=10, ncuts=1

Direct k-way Partitioning ---------------------------------------------------
 - Edgecut: 6913, communication volume: 68.

 - Balance:
     constraint #0:  2.880 out of 0.448

 - Most overweight partition:
     pid: 7, actual: 4500, desired: 1562, ratio: 2.88.

 - Subdomain connectivity: max: 6, min: 0, avg: 3.25

 - There are 0 non-contiguous partitions.
   Total components after removing the cut edges: 7,
   max components: 1 for pid: 1.

Timing Information ----------------------------------------------------------
  I/O:          		   0.001 sec
  Partitioning: 		   0.002 sec   (METIS time)
  Reporting:    		   0.000 sec

Memory Information ----------------------------------------------------------
  Max memory used:		   0.073 MB
******************************************************************************
LEO36: 29.017710790190048: ['LEO11', 'LEO16', 'LEO17', 'LEO18', 'LEO19', 'LEO21', 'LEO26', 'LEO27', 'LEO28', 'LEO29', 'LEO35', 'LEO36', 'LEO37', 'LEO38', 'LEO45', 'LEO46', 'LEO47', 'LEO48', 'LEO55', 'LEO56', 'LEO57', 'LEO58', 'LEO59', 'LEO65', 'LEO66', 'LEO67', 'LEO68', 'LEO69']
LEO24: 45.398380838287295: ['LEO12', 'LEO13', 'LEO14', 'LEO15', 'LEO23', 'LEO24', 'LEO25']
LEO52: 104.00097889109111: ['LEO22', 'LEO32', 'LEO33', 'LEO34', 'LEO42', 'LEO43', 'LEO44', 'LEO51', 'LEO52', 'LEO53', 'LEO54', 'LEO61', 'LEO62', 'LEO63', 'LEO72', 'LEO73']
LEO31: 26.94513215606469: ['LEO31', 'LEO39', 'LEO41', 'LEO49']
LEO74: 23.880097203975208: ['LEO64', 'LEO74', 'LEO75', 'LEO76', 'LEO77', 'LEO85', 'LEO86']
LEO71: 18.012163199398: ['LEO71', 'LEO78', 'LEO79', 'LEO87', 'LEO88', 'LEO89']
LEO83: 15.798240761638336: ['LEO81', 'LEO82', 'LEO83', 'LEO84']
sum_con_loads:  263.05
max_con_loads:  104.00
avg_setup_time: 178.51
