******************************************************************************
METIS 5.0 Copyright 1998-13, Regents of the University of Minnesota
 (HEAD: , Built on: Dec 17 2022, 08:18:35)
 size of idx_t: 64bits, real_t: 32bits, idx_t *: 64bits

Graph Information -----------------------------------------------------------
 Name: MetisTopos/73, #Vertices: 72, #Edges: 128, #Parts: 8

Options ---------------------------------------------------------------------
 ptype=kway, objtype=cut, ctype=shem, rtype=greedy, iptype=metisrb
 dbglvl=0, ufactor=1.200, no2hop=NO, minconn=NO, contig=NO, nooutput=NO
 seed=-1, niter=10, ncuts=1

Direct k-way Partitioning ---------------------------------------------------
 - Edgecut: 11350, communication volume: 85.

 - Balance:
     constraint #0:  1.152 out of 0.448

 - Most overweight partition:
     pid: 3, actual: 1800, desired: 1562, ratio: 1.15.

 - Subdomain connectivity: max: 6, min: 3, avg: 4.50

 - There are 2 non-contiguous partitions.
   Total components after removing the cut edges: 10,
   max components: 2 for pid: 1.

Timing Information ----------------------------------------------------------
  I/O:          		   0.001 sec
  Partitioning: 		   0.002 sec   (METIS time)
  Reporting:    		   0.000 sec

Memory Information ----------------------------------------------------------
  Max memory used:		   0.071 MB
******************************************************************************
LEO16: 31.01377564875675: ['LEO11', 'LEO15', 'LEO16', 'LEO17', 'LEO18', 'LEO19', 'LEO21', 'LEO26', 'LEO27', 'LEO28', 'LEO29', 'LEO36', 'LEO37', 'LEO38', 'LEO46', 'LEO47', 'LEO48', 'LEO56', 'LEO57', 'LEO58', 'LEO59', 'LEO66', 'LEO67', 'LEO68', 'LEO69']
LEO42: 43.96140908131842: ['LEO12', 'LEO22', 'LEO32', 'LEO33', 'LEO42']
LEO14: 42.72410644177753: ['LEO13', 'LEO14', 'LEO25', 'LEO35', 'LEO45']
LEO44: 71.09956462432314: ['LEO23', 'LEO24', 'LEO34', 'LEO43', 'LEO44', 'LEO53', 'LEO54', 'LEO64']
LEO31: 26.94513215606469: ['LEO31', 'LEO39', 'LEO41', 'LEO49']
LEO52: 42.952766079144695: ['LEO51', 'LEO52', 'LEO78', 'LEO79', 'LEO81', 'LEO88', 'LEO89']
LEO63: 51.42786281150167: ['LEO55', 'LEO63', 'LEO65', 'LEO73', 'LEO74', 'LEO75', 'LEO76', 'LEO77', 'LEO83', 'LEO84', 'LEO85', 'LEO86', 'LEO87']
LEO62: 41.52951961628127: ['LEO61', 'LEO62', 'LEO71', 'LEO72', 'LEO82']
sum_con_loads:  351.65
max_con_loads:   71.10
avg_setup_time: 230.70
