******************************************************************************
METIS 5.0 Copyright 1998-13, Regents of the University of Minnesota
 (HEAD: , Built on: Dec 17 2022, 08:18:35)
 size of idx_t: 64bits, real_t: 32bits, idx_t *: 64bits

Graph Information -----------------------------------------------------------
 Name: MetisTopos/73, #Vertices: 72, #Edges: 128, #Parts: 8

Options ---------------------------------------------------------------------
 ptype=kway, objtype=cut, ctype=shem, rtype=greedy, iptype=metisrb
 dbglvl=0, ufactor=1.200, no2hop=NO, minconn=NO, contig=YES, nooutput=NO
 seed=-1, niter=10, ncuts=1

Direct k-way Partitioning ---------------------------------------------------
 - Edgecut: 9930, communication volume: 83.

 - Balance:
     constraint #0:  1.152 out of 0.448

 - Most overweight partition:
     pid: 7, actual: 1800, desired: 1562, ratio: 1.15.

 - Subdomain connectivity: max: 6, min: 3, avg: 4.50

 - Each partition is contiguous.

Timing Information ----------------------------------------------------------
  I/O:          		   0.001 sec
  Partitioning: 		   0.002 sec   (METIS time)
  Reporting:    		   0.000 sec

Memory Information ----------------------------------------------------------
  Max memory used:		   0.071 MB
******************************************************************************
LEO42: 43.96140908131842: ['LEO11', 'LEO12', 'LEO21', 'LEO22', 'LEO32', 'LEO33', 'LEO42']
LEO24: 39.093053735037444: ['LEO13', 'LEO14', 'LEO23', 'LEO24', 'LEO25']
LEO35: 34.97276591053846: ['LEO15', 'LEO16', 'LEO17', 'LEO18', 'LEO19', 'LEO26', 'LEO27', 'LEO28', 'LEO29', 'LEO35', 'LEO36']
LEO41: 31.34021494370252: ['LEO31', 'LEO37', 'LEO38', 'LEO39', 'LEO41', 'LEO47', 'LEO48', 'LEO49', 'LEO58', 'LEO68']
LEO53: 58.21019331170892: ['LEO34', 'LEO43', 'LEO44', 'LEO53', 'LEO54', 'LEO63', 'LEO64']
LEO73: 28.979821739269433: ['LEO45', 'LEO46', 'LEO55', 'LEO56', 'LEO57', 'LEO65', 'LEO66', 'LEO67', 'LEO73', 'LEO74', 'LEO75', 'LEO76', 'LEO77', 'LEO83', 'LEO84', 'LEO85', 'LEO86', 'LEO87']
LEO52: 45.32200166454821: ['LEO51', 'LEO52', 'LEO59', 'LEO69', 'LEO78', 'LEO79', 'LEO81', 'LEO88', 'LEO89']
LEO62: 41.52951961628127: ['LEO61', 'LEO62', 'LEO71', 'LEO72', 'LEO82']
sum_con_loads:  323.41
max_con_loads:   58.21
avg_setup_time: 203.41
