******************************************************************************
METIS 5.0 Copyright 1998-13, Regents of the University of Minnesota
 (HEAD: , Built on: Dec 17 2022, 08:18:35)
 size of idx_t: 64bits, real_t: 32bits, idx_t *: 64bits

Graph Information -----------------------------------------------------------
 Name: MetisTopos/73, #Vertices: 72, #Edges: 128, #Parts: 8

Options ---------------------------------------------------------------------
 ptype=kway, objtype=cut, ctype=shem, rtype=greedy, iptype=metisrb
 dbglvl=0, ufactor=3.700, no2hop=NO, minconn=NO, contig=YES, nooutput=NO
 seed=-1, niter=10, ncuts=1

Direct k-way Partitioning ---------------------------------------------------
 - Edgecut: 4994, communication volume: 43.

 - Balance:
     constraint #0:  3.648 out of 0.448

 - Most overweight partition:
     pid: 5, actual: 5700, desired: 1562, ratio: 3.65.

 - Subdomain connectivity: max: 2, min: 0, avg: 0.50

 - There are 0 non-contiguous partitions.
   Total components after removing the cut edges: 3,
   max components: 1 for pid: 3.

Timing Information ----------------------------------------------------------
  I/O:          		   0.001 sec
  Partitioning: 		   0.001 sec   (METIS time)
  Reporting:    		   0.000 sec

Memory Information ----------------------------------------------------------
  Max memory used:		   0.075 MB
******************************************************************************
LEO34: ['LEO11', 'LEO12', 'LEO13', 'LEO14', 'LEO15', 'LEO16', 'LEO17', 'LEO18', 'LEO19', 'LEO24', 'LEO25', 'LEO26', 'LEO27', 'LEO28', 'LEO29', 'LEO33', 'LEO34', 'LEO35', 'LEO36', 'LEO37', 'LEO38', 'LEO39', 'LEO44', 'LEO45', 'LEO46', 'LEO47', 'LEO54', 'LEO55', 'LEO56', 'LEO57', 'LEO64', 'LEO65', 'LEO66', 'LEO74', 'LEO75', 'LEO76']

LEO52: ['LEO21', 'LEO22', 'LEO23', 'LEO31', 'LEO32', 'LEO41', 'LEO42', 'LEO43', 'LEO48', 'LEO49', 'LEO51', 'LEO52', 'LEO53', 'LEO58', 'LEO59', 'LEO62', 'LEO63', 'LEO67', 'LEO68', 'LEO71', 'LEO72', 'LEO73', 'LEO77', 'LEO78', 'LEO81', 'LEO82', 'LEO83', 'LEO84', 'LEO85', 'LEO86', 'LEO87', 'LEO88', 'LEO89']

LEO61: ['LEO61', 'LEO69', 'LEO79']

sum_con_loads:  224.74

max_con_loads:  106.90

avg_setup_time: 178.44

