******************************************************************************
METIS 5.0 Copyright 1998-13, Regents of the University of Minnesota
 (HEAD: , Built on: Dec 17 2022, 08:18:35)
 size of idx_t: 64bits, real_t: 32bits, idx_t *: 64bits

Graph Information -----------------------------------------------------------
 Name: MetisTopos/73, #Vertices: 72, #Edges: 128, #Parts: 8

Options ---------------------------------------------------------------------
 ptype=kway, objtype=cut, ctype=shem, rtype=greedy, iptype=metisrb
 dbglvl=0, ufactor=1.300, no2hop=NO, minconn=NO, contig=NO, nooutput=NO
 seed=-1, niter=10, ncuts=1

Direct k-way Partitioning ---------------------------------------------------
 - Edgecut: 9383, communication volume: 80.

 - Balance:
     constraint #0:  1.216 out of 0.448

 - Most overweight partition:
     pid: 3, actual: 1900, desired: 1562, ratio: 1.22.

 - Subdomain connectivity: max: 6, min: 3, avg: 4.25

 - Each partition is contiguous.

Timing Information ----------------------------------------------------------
  I/O:          		   0.001 sec
  Partitioning: 		   0.001 sec   (METIS time)
  Reporting:    		   0.000 sec

Memory Information ----------------------------------------------------------
  Max memory used:		   0.071 MB
******************************************************************************
LEO41: ['LEO11', 'LEO18', 'LEO19', 'LEO21', 'LEO28', 'LEO29', 'LEO31', 'LEO38', 'LEO39', 'LEO41', 'LEO49']

LEO42: ['LEO12', 'LEO22', 'LEO32', 'LEO33', 'LEO42']

LEO24: ['LEO13', 'LEO14', 'LEO23', 'LEO24', 'LEO25']

LEO15: ['LEO15', 'LEO16', 'LEO17', 'LEO26', 'LEO27', 'LEO36', 'LEO37', 'LEO46', 'LEO47']

LEO43: ['LEO34', 'LEO35', 'LEO43', 'LEO44', 'LEO53', 'LEO54', 'LEO63', 'LEO64']

LEO73: ['LEO45', 'LEO55', 'LEO56', 'LEO65', 'LEO66', 'LEO67', 'LEO73', 'LEO74', 'LEO75', 'LEO76', 'LEO77', 'LEO83', 'LEO84', 'LEO85', 'LEO86', 'LEO87']

LEO51: ['LEO48', 'LEO51', 'LEO52', 'LEO57', 'LEO58', 'LEO59', 'LEO68', 'LEO69', 'LEO78', 'LEO79', 'LEO88', 'LEO89']

LEO62: ['LEO61', 'LEO62', 'LEO71', 'LEO72', 'LEO81', 'LEO82']

sum_con_loads:  312.46

max_con_loads:   62.43

avg_setup_time: 153.61

