******************************************************************************
METIS 5.0 Copyright 1998-13, Regents of the University of Minnesota
 (HEAD: , Built on: Dec 17 2022, 08:18:35)
 size of idx_t: 64bits, real_t: 32bits, idx_t *: 64bits

Graph Information -----------------------------------------------------------
 Name: MetisTopos/73, #Vertices: 72, #Edges: 128, #Parts: 8

Options ---------------------------------------------------------------------
 ptype=kway, objtype=cut, ctype=shem, rtype=greedy, iptype=metisrb
 dbglvl=0, ufactor=1.600, no2hop=NO, minconn=NO, contig=YES, nooutput=NO
 seed=-1, niter=10, ncuts=1

Direct k-way Partitioning ---------------------------------------------------
 - Edgecut: 8988, communication volume: 77.

 - Balance:
     constraint #0:  1.472 out of 0.448

 - Most overweight partition:
     pid: 0, actual: 2300, desired: 1562, ratio: 1.47.

 - Subdomain connectivity: max: 6, min: 3, avg: 4.00

 - Each partition is contiguous.

Timing Information ----------------------------------------------------------
  I/O:          		   0.001 sec
  Partitioning: 		   0.001 sec   (METIS time)
  Reporting:    		   0.000 sec

Memory Information ----------------------------------------------------------
  Max memory used:		   0.071 MB
******************************************************************************
LEO42: 45.60139867015743: ['LEO11', 'LEO12', 'LEO13', 'LEO21', 'LEO22', 'LEO31', 'LEO32', 'LEO33', 'LEO42']
LEO24: 39.093053735037444: ['LEO14', 'LEO23', 'LEO24', 'LEO25']
LEO15: 18.683211042967166: ['LEO15', 'LEO16', 'LEO17', 'LEO26', 'LEO27']
LEO41: 22.534904350116726: ['LEO18', 'LEO19', 'LEO28', 'LEO29', 'LEO38', 'LEO39', 'LEO41', 'LEO49']
LEO44: 66.38788500208385: ['LEO34', 'LEO35', 'LEO36', 'LEO43', 'LEO44', 'LEO45', 'LEO46', 'LEO53', 'LEO54', 'LEO55', 'LEO56', 'LEO57', 'LEO63', 'LEO64']
LEO51: 39.44092685308376: ['LEO37', 'LEO47', 'LEO48', 'LEO51', 'LEO52', 'LEO58', 'LEO59', 'LEO67', 'LEO68']
LEO62: 43.95389442712943: ['LEO61', 'LEO62', 'LEO69', 'LEO71', 'LEO72', 'LEO78', 'LEO79', 'LEO81', 'LEO82', 'LEO88', 'LEO89']
LEO74: 28.979821739269433: ['LEO65', 'LEO66', 'LEO73', 'LEO74', 'LEO75', 'LEO76', 'LEO77', 'LEO83', 'LEO84', 'LEO85', 'LEO86', 'LEO87']
sum_con_loads:  304.68
max_con_loads:   66.39
avg_setup_time: 196.57
