******************************************************************************
METIS 5.0 Copyright 1998-13, Regents of the University of Minnesota
 (HEAD: , Built on: Dec 17 2022, 08:18:35)
 size of idx_t: 64bits, real_t: 32bits, idx_t *: 64bits

Graph Information -----------------------------------------------------------
 Name: MetisTopos/261, #Vertices: 72, #Edges: 126, #Parts: 8

Options ---------------------------------------------------------------------
 ptype=kway, objtype=cut, ctype=shem, rtype=greedy, iptype=metisrb
 dbglvl=0, ufactor=1.100, no2hop=NO, minconn=NO, contig=NO, nooutput=NO
 seed=-1, niter=10, ncuts=1

Direct k-way Partitioning ---------------------------------------------------
 - Edgecut: 13984, communication volume: 94.

 - Balance:
     constraint #0:  1.058 out of 0.529

 - Most overweight partition:
     pid: 0, actual: 1600, desired: 1512, ratio: 1.06.

 - Subdomain connectivity: max: 6, min: 3, avg: 4.50

 - There are 4 non-contiguous partitions.
   Total components after removing the cut edges: 12,
   max components: 2 for pid: 0.

Timing Information ----------------------------------------------------------
  I/O:          		   0.001 sec
  Partitioning: 		   0.002 sec   (METIS time)
  Reporting:    		   0.000 sec

Memory Information ----------------------------------------------------------
  Max memory used:		   0.070 MB
******************************************************************************
LEO43: ['LEO11', 'LEO18', 'LEO19', 'LEO23', 'LEO25', 'LEO26', 'LEO27', 'LEO28', 'LEO33', 'LEO36', 'LEO37', 'LEO38', 'LEO43', 'LEO44', 'LEO45', 'LEO46', 'LEO47', 'LEO48', 'LEO54', 'LEO55', 'LEO56', 'LEO57', 'LEO58', 'LEO66', 'LEO67', 'LEO68', 'LEO76', 'LEO77', 'LEO78', 'LEO81', 'LEO82', 'LEO83', 'LEO84', 'LEO85', 'LEO86', 'LEO87', 'LEO88', 'LEO89']

LEO22: ['LEO12', 'LEO13', 'LEO22', 'LEO34', 'LEO35']

LEO32: ['LEO14', 'LEO15', 'LEO16', 'LEO17', 'LEO31', 'LEO32', 'LEO39', 'LEO49']

LEO42: ['LEO21', 'LEO29', 'LEO41', 'LEO42', 'LEO52']

LEO53: ['LEO24', 'LEO53', 'LEO62', 'LEO63']

LEO51: ['LEO51', 'LEO61']

LEO69: ['LEO59', 'LEO69', 'LEO71', 'LEO72', 'LEO79']

LEO73: ['LEO64', 'LEO65', 'LEO73', 'LEO74', 'LEO75']

sum_con_loads:  400.13

max_con_loads:   76.83

avg_setup_time: 184.25

