******************************************************************************
METIS 5.0 Copyright 1998-13, Regents of the University of Minnesota
 (HEAD: , Built on: Dec 17 2022, 08:18:35)
 size of idx_t: 64bits, real_t: 32bits, idx_t *: 64bits

Graph Information -----------------------------------------------------------
 Name: MetisTopos/261, #Vertices: 72, #Edges: 126, #Parts: 8

Options ---------------------------------------------------------------------
 ptype=kway, objtype=cut, ctype=shem, rtype=greedy, iptype=metisrb
 dbglvl=0, ufactor=2.300, no2hop=NO, minconn=NO, contig=NO, nooutput=NO
 seed=-1, niter=10, ncuts=1

Direct k-way Partitioning ---------------------------------------------------
 - Edgecut: 7781, communication volume: 71.

 - Balance:
     constraint #0:  2.182 out of 0.529

 - Most overweight partition:
     pid: 7, actual: 3300, desired: 1512, ratio: 2.18.

 - Subdomain connectivity: max: 7, min: 3, avg: 4.50

 - Each partition is contiguous.

Timing Information ----------------------------------------------------------
  I/O:          		   0.001 sec
  Partitioning: 		   0.001 sec   (METIS time)
  Reporting:    		   0.000 sec

Memory Information ----------------------------------------------------------
  Max memory used:		   0.071 MB
******************************************************************************
LEO31: 23.265696464220802: ['LEO11', 'LEO19', 'LEO21', 'LEO29', 'LEO31', 'LEO39']
LEO14: 23.28901071802507: ['LEO12', 'LEO13', 'LEO14', 'LEO15', 'LEO16', 'LEO17']
LEO64: 37.725858114176276: ['LEO18', 'LEO25', 'LEO26', 'LEO27', 'LEO28', 'LEO35', 'LEO36', 'LEO37', 'LEO38', 'LEO44', 'LEO45', 'LEO46', 'LEO47', 'LEO48', 'LEO54', 'LEO55', 'LEO56', 'LEO57', 'LEO58', 'LEO64', 'LEO65', 'LEO66', 'LEO67', 'LEO68', 'LEO74', 'LEO75', 'LEO76', 'LEO77', 'LEO78', 'LEO85', 'LEO86', 'LEO87', 'LEO88']
LEO43: 92.68940456369309: ['LEO22', 'LEO23', 'LEO24', 'LEO32', 'LEO33', 'LEO34', 'LEO42', 'LEO43', 'LEO52', 'LEO53', 'LEO63', 'LEO73']
LEO51: 44.08784048360276: ['LEO41', 'LEO49', 'LEO51', 'LEO59']
LEO61: 25.75636792971341: ['LEO61', 'LEO62', 'LEO69']
LEO79: 11.565995195016374: ['LEO71', 'LEO72', 'LEO79', 'LEO81', 'LEO82', 'LEO89']
LEO83: 17.691456184882387: ['LEO83', 'LEO84']
sum_con_loads:  276.07
max_con_loads:   92.69
avg_setup_time: 274.02
