******************************************************************************
METIS 5.0 Copyright 1998-13, Regents of the University of Minnesota
 (HEAD: , Built on: Dec 17 2022, 08:18:35)
 size of idx_t: 64bits, real_t: 32bits, idx_t *: 64bits

Graph Information -----------------------------------------------------------
 Name: MetisTopos/261, #Vertices: 72, #Edges: 126, #Parts: 8

Options ---------------------------------------------------------------------
 ptype=kway, objtype=cut, ctype=shem, rtype=greedy, iptype=metisrb
 dbglvl=0, ufactor=2.400, no2hop=NO, minconn=NO, contig=YES, nooutput=NO
 seed=-1, niter=10, ncuts=1

Direct k-way Partitioning ---------------------------------------------------
 - Edgecut: 7246, communication volume: 64.

 - Balance:
     constraint #0:  2.314 out of 0.529

 - Most overweight partition:
     pid: 7, actual: 3500, desired: 1512, ratio: 2.31.

 - Subdomain connectivity: max: 5, min: 0, avg: 3.00

 - There are 0 non-contiguous partitions.
   Total components after removing the cut edges: 6,
   max components: 1 for pid: 2.

Timing Information ----------------------------------------------------------
  I/O:          		   0.001 sec
  Partitioning: 		   0.001 sec   (METIS time)
  Reporting:    		   0.000 sec

Memory Information ----------------------------------------------------------
  Max memory used:		   0.071 MB
******************************************************************************
LEO23: 47.321294878932264: ['LEO11', 'LEO12', 'LEO13', 'LEO14', 'LEO15', 'LEO16', 'LEO17', 'LEO18', 'LEO19', 'LEO21', 'LEO22', 'LEO23', 'LEO24', 'LEO25', 'LEO26', 'LEO27', 'LEO28', 'LEO29']
LEO41: 40.92569253389697: ['LEO31', 'LEO38', 'LEO39', 'LEO41', 'LEO48', 'LEO49', 'LEO57', 'LEO58', 'LEO59']
LEO53: 97.75492195176781: ['LEO32', 'LEO33', 'LEO42', 'LEO43', 'LEO51', 'LEO52', 'LEO53', 'LEO62', 'LEO63', 'LEO73', 'LEO83', 'LEO84', 'LEO85']
LEO34: 17.694211619420663: ['LEO34', 'LEO35']
LEO74: 27.78389843012754: ['LEO36', 'LEO37', 'LEO44', 'LEO45', 'LEO46', 'LEO47', 'LEO54', 'LEO55', 'LEO56', 'LEO64', 'LEO65', 'LEO66', 'LEO67', 'LEO74', 'LEO75', 'LEO76', 'LEO77', 'LEO86', 'LEO87']
LEO61: 33.98063907254323: ['LEO61', 'LEO68', 'LEO69', 'LEO71', 'LEO72', 'LEO78', 'LEO79', 'LEO81', 'LEO82', 'LEO88', 'LEO89']
sum_con_loads:  265.46
max_con_loads:   97.75
avg_setup_time: 534.67
