******************************************************************************
METIS 5.0 Copyright 1998-13, Regents of the University of Minnesota
 (HEAD: , Built on: Dec 17 2022, 08:18:35)
 size of idx_t: 64bits, real_t: 32bits, idx_t *: 64bits

Graph Information -----------------------------------------------------------
 Name: MetisTopos/261, #Vertices: 72, #Edges: 126, #Parts: 8

Options ---------------------------------------------------------------------
 ptype=kway, objtype=cut, ctype=shem, rtype=greedy, iptype=metisrb
 dbglvl=0, ufactor=2.700, no2hop=NO, minconn=NO, contig=NO, nooutput=NO
 seed=-1, niter=10, ncuts=1

Direct k-way Partitioning ---------------------------------------------------
 - Edgecut: 6528, communication volume: 51.

 - Balance:
     constraint #0:  2.579 out of 0.529

 - Most overweight partition:
     pid: 7, actual: 3900, desired: 1512, ratio: 2.58.

 - Subdomain connectivity: max: 4, min: 0, avg: 2.00

 - There are 0 non-contiguous partitions.
   Total components after removing the cut edges: 5,
   max components: 1 for pid: 1.

Timing Information ----------------------------------------------------------
  I/O:          		   0.001 sec
  Partitioning: 		   0.002 sec   (METIS time)
  Reporting:    		   0.000 sec

Memory Information ----------------------------------------------------------
  Max memory used:		   0.071 MB
******************************************************************************
LEO23: 47.321294878932264: ['LEO11', 'LEO12', 'LEO13', 'LEO14', 'LEO15', 'LEO16', 'LEO17', 'LEO18', 'LEO19', 'LEO21', 'LEO22', 'LEO23', 'LEO24', 'LEO25', 'LEO29']
LEO73: 70.47713125384476: ['LEO26', 'LEO27', 'LEO28', 'LEO36', 'LEO37', 'LEO38', 'LEO39', 'LEO46', 'LEO47', 'LEO48', 'LEO49', 'LEO56', 'LEO57', 'LEO58', 'LEO64', 'LEO65', 'LEO66', 'LEO67', 'LEO68', 'LEO71', 'LEO72', 'LEO73', 'LEO74', 'LEO75', 'LEO76', 'LEO77', 'LEO78', 'LEO79', 'LEO81', 'LEO82', 'LEO83', 'LEO84', 'LEO85', 'LEO86', 'LEO87', 'LEO88', 'LEO89']
LEO53: 97.70219537198538: ['LEO31', 'LEO32', 'LEO33', 'LEO41', 'LEO42', 'LEO43', 'LEO51', 'LEO52', 'LEO53', 'LEO61', 'LEO62', 'LEO63']
LEO34: 17.694211619420663: ['LEO34', 'LEO35', 'LEO44', 'LEO45', 'LEO54', 'LEO55']
LEO59: 18.302953301211346: ['LEO59', 'LEO69']
sum_con_loads:  251.50
max_con_loads:   97.70
avg_setup_time: 553.26
