******************************************************************************
METIS 5.0 Copyright 1998-13, Regents of the University of Minnesota
 (HEAD: , Built on: Dec 17 2022, 08:18:35)
 size of idx_t: 64bits, real_t: 32bits, idx_t *: 64bits

Graph Information -----------------------------------------------------------
 Name: MetisTopos/261, #Vertices: 72, #Edges: 126, #Parts: 8

Options ---------------------------------------------------------------------
 ptype=kway, objtype=cut, ctype=shem, rtype=greedy, iptype=metisrb
 dbglvl=0, ufactor=2.800, no2hop=NO, minconn=NO, contig=NO, nooutput=NO
 seed=-1, niter=10, ncuts=1

Direct k-way Partitioning ---------------------------------------------------
 - Edgecut: 6910, communication volume: 72.

 - Balance:
     constraint #0:  2.711 out of 0.529

 - Most overweight partition:
     pid: 7, actual: 4100, desired: 1512, ratio: 2.71.

 - Subdomain connectivity: max: 6, min: 0, avg: 3.75

 - There are 0 non-contiguous partitions.
   Total components after removing the cut edges: 7,
   max components: 1 for pid: 1.

Timing Information ----------------------------------------------------------
  I/O:          		   0.001 sec
  Partitioning: 		   0.001 sec   (METIS time)
  Reporting:    		   0.000 sec

Memory Information ----------------------------------------------------------
  Max memory used:		   0.070 MB
******************************************************************************
LEO23: 47.321294878932264: ['LEO11', 'LEO12', 'LEO13', 'LEO14', 'LEO15', 'LEO16', 'LEO21', 'LEO22', 'LEO23', 'LEO24']
LEO39: 14.936525858138083: ['LEO17', 'LEO18', 'LEO19', 'LEO28', 'LEO29', 'LEO37', 'LEO38', 'LEO39', 'LEO47', 'LEO48', 'LEO49']
LEO34: 30.27092329121414: ['LEO25', 'LEO26', 'LEO27', 'LEO34', 'LEO35', 'LEO36', 'LEO44', 'LEO45', 'LEO46', 'LEO54', 'LEO55', 'LEO56', 'LEO64', 'LEO65', 'LEO66', 'LEO67', 'LEO76', 'LEO77', 'LEO86', 'LEO87']
LEO53: 100.58371745811509: ['LEO31', 'LEO32', 'LEO33', 'LEO41', 'LEO42', 'LEO43', 'LEO51', 'LEO52', 'LEO53', 'LEO61', 'LEO62', 'LEO63', 'LEO73']
LEO59: 18.989694589442422: ['LEO57', 'LEO58', 'LEO59', 'LEO68', 'LEO69']
LEO79: 13.883833773375446: ['LEO71', 'LEO72', 'LEO78', 'LEO79', 'LEO81', 'LEO88', 'LEO89']
LEO74: 33.08078737225315: ['LEO74', 'LEO75', 'LEO82', 'LEO83', 'LEO84', 'LEO85']
sum_con_loads:  259.07
max_con_loads:  100.58
avg_setup_time: 178.53
