******************************************************************************
METIS 5.0 Copyright 1998-13, Regents of the University of Minnesota
 (HEAD: , Built on: Dec 17 2022, 08:18:35)
 size of idx_t: 64bits, real_t: 32bits, idx_t *: 64bits

Graph Information -----------------------------------------------------------
 Name: MetisTopos/261, #Vertices: 72, #Edges: 126, #Parts: 8

Options ---------------------------------------------------------------------
 ptype=kway, objtype=cut, ctype=shem, rtype=greedy, iptype=metisrb
 dbglvl=0, ufactor=1.200, no2hop=NO, minconn=NO, contig=NO, nooutput=NO
 seed=-1, niter=10, ncuts=1

Direct k-way Partitioning ---------------------------------------------------
 - Edgecut: 10026, communication volume: 80.

 - Balance:
     constraint #0:  1.190 out of 0.529

 - Most overweight partition:
     pid: 3, actual: 1800, desired: 1512, ratio: 1.19.

 - Subdomain connectivity: max: 7, min: 3, avg: 4.50

 - There are 1 non-contiguous partitions.
   Total components after removing the cut edges: 9,
   max components: 2 for pid: 2.

Timing Information ----------------------------------------------------------
  I/O:          		   0.001 sec
  Partitioning: 		   0.002 sec   (METIS time)
  Reporting:    		   0.000 sec

Memory Information ----------------------------------------------------------
  Max memory used:		   0.070 MB
******************************************************************************
LEO32: 42.65309605012149: ['LEO11', 'LEO14', 'LEO15', 'LEO16', 'LEO17', 'LEO18', 'LEO19', 'LEO21', 'LEO29', 'LEO31', 'LEO32']
LEO22: 33.87985245961617: ['LEO12', 'LEO13', 'LEO22', 'LEO39']
LEO33: 50.415024149067634: ['LEO23', 'LEO24', 'LEO33', 'LEO34', 'LEO43', 'LEO44']
LEO56: 31.315735432225345: ['LEO25', 'LEO26', 'LEO27', 'LEO28', 'LEO35', 'LEO36', 'LEO37', 'LEO38', 'LEO45', 'LEO46', 'LEO47', 'LEO48', 'LEO49', 'LEO55', 'LEO56', 'LEO57', 'LEO58', 'LEO59', 'LEO66', 'LEO67', 'LEO68', 'LEO76', 'LEO77', 'LEO78', 'LEO84', 'LEO85', 'LEO86', 'LEO87', 'LEO88']
LEO42: 48.237546791950116: ['LEO41', 'LEO42', 'LEO51', 'LEO52']
LEO63: 57.83190889271509: ['LEO53', 'LEO62', 'LEO63', 'LEO72', 'LEO73', 'LEO82', 'LEO83']
LEO74: 25.111896814778483: ['LEO54', 'LEO64', 'LEO65', 'LEO74', 'LEO75']
LEO61: 31.798403453316524: ['LEO61', 'LEO69', 'LEO71', 'LEO79', 'LEO81', 'LEO89']
sum_con_loads:  321.24
max_con_loads:   57.83
avg_setup_time: 212.82
