******************************************************************************
METIS 5.0 Copyright 1998-13, Regents of the University of Minnesota
 (HEAD: , Built on: Dec 17 2022, 08:18:35)
 size of idx_t: 64bits, real_t: 32bits, idx_t *: 64bits

Graph Information -----------------------------------------------------------
 Name: MetisTopos/261, #Vertices: 72, #Edges: 126, #Parts: 8

Options ---------------------------------------------------------------------
 ptype=kway, objtype=cut, ctype=shem, rtype=greedy, iptype=metisrb
 dbglvl=0, ufactor=1.300, no2hop=NO, minconn=NO, contig=NO, nooutput=NO
 seed=-1, niter=10, ncuts=1

Direct k-way Partitioning ---------------------------------------------------
 - Edgecut: 9571, communication volume: 87.

 - Balance:
     constraint #0:  1.256 out of 0.529

 - Most overweight partition:
     pid: 0, actual: 1900, desired: 1512, ratio: 1.26.

 - Subdomain connectivity: max: 5, min: 3, avg: 4.25

 - There are 1 non-contiguous partitions.
   Total components after removing the cut edges: 9,
   max components: 2 for pid: 1.

Timing Information ----------------------------------------------------------
  I/O:          		   0.001 sec
  Partitioning: 		   0.001 sec   (METIS time)
  Reporting:    		   0.000 sec

Memory Information ----------------------------------------------------------
  Max memory used:		   0.070 MB
******************************************************************************
LEO22: ['LEO11', 'LEO12', 'LEO13', 'LEO19', 'LEO21', 'LEO22', 'LEO29', 'LEO31', 'LEO32']

LEO33: ['LEO14', 'LEO23', 'LEO24', 'LEO33', 'LEO43']

LEO34: ['LEO15', 'LEO16', 'LEO25', 'LEO26', 'LEO34', 'LEO35', 'LEO36', 'LEO37', 'LEO44', 'LEO45', 'LEO46', 'LEO47', 'LEO54', 'LEO55', 'LEO56', 'LEO66', 'LEO67', 'LEO76', 'LEO77', 'LEO86', 'LEO87']

LEO39: ['LEO17', 'LEO18', 'LEO27', 'LEO28', 'LEO38', 'LEO39', 'LEO48', 'LEO49', 'LEO57', 'LEO58', 'LEO59']

LEO42: ['LEO41', 'LEO42', 'LEO51', 'LEO52']

LEO63: ['LEO53', 'LEO63', 'LEO72', 'LEO73', 'LEO83', 'LEO84', 'LEO85']

LEO61: ['LEO61', 'LEO62', 'LEO68', 'LEO69', 'LEO78', 'LEO88']

LEO74: ['LEO64', 'LEO65', 'LEO71', 'LEO74', 'LEO75', 'LEO79', 'LEO81', 'LEO82', 'LEO89']

sum_con_loads:  312.00

max_con_loads:   58.60

avg_setup_time: 150.00

