******************************************************************************
METIS 5.0 Copyright 1998-13, Regents of the University of Minnesota
 (HEAD: , Built on: Dec 17 2022, 08:18:35)
 size of idx_t: 64bits, real_t: 32bits, idx_t *: 64bits

Graph Information -----------------------------------------------------------
 Name: MetisTopos/261, #Vertices: 72, #Edges: 126, #Parts: 8

Options ---------------------------------------------------------------------
 ptype=kway, objtype=cut, ctype=shem, rtype=greedy, iptype=metisrb
 dbglvl=0, ufactor=1.400, no2hop=NO, minconn=NO, contig=NO, nooutput=NO
 seed=-1, niter=10, ncuts=1

Direct k-way Partitioning ---------------------------------------------------
 - Edgecut: 8897, communication volume: 71.

 - Balance:
     constraint #0:  1.322 out of 0.529

 - Most overweight partition:
     pid: 4, actual: 2000, desired: 1512, ratio: 1.32.

 - Subdomain connectivity: max: 6, min: 0, avg: 3.50

 - There are 0 non-contiguous partitions.
   Total components after removing the cut edges: 7,
   max components: 1 for pid: 0.

Timing Information ----------------------------------------------------------
  I/O:          		   0.001 sec
  Partitioning: 		   0.001 sec   (METIS time)
  Reporting:    		   0.000 sec

Memory Information ----------------------------------------------------------
  Max memory used:		   0.070 MB
******************************************************************************
LEO22: ['LEO11', 'LEO12', 'LEO19', 'LEO21', 'LEO22', 'LEO29']

LEO33: ['LEO13', 'LEO14', 'LEO23', 'LEO24', 'LEO33', 'LEO34', 'LEO43', 'LEO44']

LEO68: ['LEO15', 'LEO16', 'LEO17', 'LEO18', 'LEO25', 'LEO26', 'LEO27', 'LEO28', 'LEO35', 'LEO36', 'LEO37', 'LEO38', 'LEO45', 'LEO46', 'LEO47', 'LEO48', 'LEO55', 'LEO56', 'LEO57', 'LEO58', 'LEO66', 'LEO67', 'LEO68', 'LEO69', 'LEO71', 'LEO77', 'LEO78', 'LEO79']

LEO42: ['LEO31', 'LEO32', 'LEO39', 'LEO41', 'LEO42', 'LEO49', 'LEO52']

LEO51: ['LEO51', 'LEO59', 'LEO61']

LEO63: ['LEO53', 'LEO54', 'LEO62', 'LEO63', 'LEO64', 'LEO72', 'LEO73', 'LEO74']

LEO83: ['LEO65', 'LEO75', 'LEO76', 'LEO81', 'LEO82', 'LEO83', 'LEO84', 'LEO85', 'LEO86', 'LEO87', 'LEO88', 'LEO89']

sum_con_loads:  298.37

max_con_loads:   59.92

avg_setup_time: 156.69

