******************************************************************************
METIS 5.0 Copyright 1998-13, Regents of the University of Minnesota
 (HEAD: , Built on: Dec 17 2022, 08:18:35)
 size of idx_t: 64bits, real_t: 32bits, idx_t *: 64bits

Graph Information -----------------------------------------------------------
 Name: MetisTopos/261, #Vertices: 72, #Edges: 126, #Parts: 8

Options ---------------------------------------------------------------------
 ptype=kway, objtype=cut, ctype=shem, rtype=greedy, iptype=metisrb
 dbglvl=0, ufactor=1.500, no2hop=NO, minconn=NO, contig=YES, nooutput=NO
 seed=-1, niter=10, ncuts=1

Direct k-way Partitioning ---------------------------------------------------
 - Edgecut: 8674, communication volume: 79.

 - Balance:
     constraint #0:  1.322 out of 0.529

 - Most overweight partition:
     pid: 6, actual: 2000, desired: 1512, ratio: 1.32.

 - Subdomain connectivity: max: 6, min: 3, avg: 4.50

 - Each partition is contiguous.

Timing Information ----------------------------------------------------------
  I/O:          		   0.001 sec
  Partitioning: 		   0.002 sec   (METIS time)
  Reporting:    		   0.000 sec

Memory Information ----------------------------------------------------------
  Max memory used:		   0.071 MB
******************************************************************************
LEO22: 23.907170422911534: ['LEO11', 'LEO12', 'LEO13', 'LEO21', 'LEO22']
LEO33: 52.950735942751066: ['LEO14', 'LEO23', 'LEO24', 'LEO33', 'LEO34', 'LEO43', 'LEO44']
LEO39: 21.87124519236553: ['LEO15', 'LEO16', 'LEO17', 'LEO18', 'LEO19', 'LEO27', 'LEO28', 'LEO29', 'LEO38', 'LEO39', 'LEO49']
LEO78: 23.78472702656319: ['LEO25', 'LEO26', 'LEO35', 'LEO36', 'LEO37', 'LEO45', 'LEO46', 'LEO47', 'LEO48', 'LEO56', 'LEO57', 'LEO58', 'LEO66', 'LEO67', 'LEO68', 'LEO71', 'LEO76', 'LEO77', 'LEO78', 'LEO79', 'LEO81', 'LEO82', 'LEO86', 'LEO87', 'LEO88', 'LEO89']
LEO42: 52.91919378276626: ['LEO31', 'LEO32', 'LEO41', 'LEO42', 'LEO51', 'LEO52']
LEO63: 58.59857686908156: ['LEO53', 'LEO62', 'LEO63', 'LEO72', 'LEO73', 'LEO83', 'LEO84', 'LEO85']
LEO74: 25.11189681477848: ['LEO54', 'LEO55', 'LEO64', 'LEO65', 'LEO74', 'LEO75']
LEO61: 34.98303722019615: ['LEO59', 'LEO61', 'LEO69']
sum_con_loads:  294.13
max_con_loads:   58.60
avg_setup_time: 194.86
