******************************************************************************
METIS 5.0 Copyright 1998-13, Regents of the University of Minnesota
 (HEAD: , Built on: Dec 17 2022, 08:18:35)
 size of idx_t: 64bits, real_t: 32bits, idx_t *: 64bits

Graph Information -----------------------------------------------------------
 Name: MetisTopos/261, #Vertices: 72, #Edges: 126, #Parts: 8

Options ---------------------------------------------------------------------
 ptype=kway, objtype=cut, ctype=shem, rtype=greedy, iptype=metisrb
 dbglvl=0, ufactor=1.600, no2hop=NO, minconn=NO, contig=YES, nooutput=NO
 seed=-1, niter=10, ncuts=1

Direct k-way Partitioning ---------------------------------------------------
 - Edgecut: 7665, communication volume: 67.

 - Balance:
     constraint #0:  1.587 out of 0.529

 - Most overweight partition:
     pid: 1, actual: 2400, desired: 1512, ratio: 1.59.

 - Subdomain connectivity: max: 6, min: 0, avg: 3.75

 - There are 0 non-contiguous partitions.
   Total components after removing the cut edges: 7,
   max components: 1 for pid: 0.

Timing Information ----------------------------------------------------------
  I/O:          		   0.001 sec
  Partitioning: 		   0.002 sec   (METIS time)
  Reporting:    		   0.000 sec

Memory Information ----------------------------------------------------------
  Max memory used:		   0.071 MB
******************************************************************************
LEO22: 23.907170422911534: ['LEO11', 'LEO12', 'LEO21', 'LEO22']
LEO33: 55.1483396154268: ['LEO13', 'LEO14', 'LEO23', 'LEO24', 'LEO25', 'LEO33', 'LEO34', 'LEO35', 'LEO43', 'LEO44']
LEO39: 21.595198490498944: ['LEO15', 'LEO16', 'LEO17', 'LEO18', 'LEO19', 'LEO27', 'LEO28', 'LEO29', 'LEO37', 'LEO38', 'LEO39']
LEO76: 30.69824045357262: ['LEO26', 'LEO36', 'LEO45', 'LEO46', 'LEO47', 'LEO48', 'LEO55', 'LEO56', 'LEO57', 'LEO58', 'LEO65', 'LEO66', 'LEO67', 'LEO68', 'LEO71', 'LEO75', 'LEO76', 'LEO77', 'LEO78', 'LEO79', 'LEO81', 'LEO82', 'LEO84', 'LEO85', 'LEO86', 'LEO87', 'LEO88', 'LEO89']
LEO42: 56.683978788396786: ['LEO31', 'LEO32', 'LEO41', 'LEO42', 'LEO49', 'LEO51', 'LEO52', 'LEO59']
LEO63: 60.2306692975349: ['LEO53', 'LEO54', 'LEO63', 'LEO64', 'LEO72', 'LEO73', 'LEO74', 'LEO83']
LEO61: 25.75636792971341: ['LEO61', 'LEO62', 'LEO69']
sum_con_loads:  274.02
max_con_loads:   60.23
avg_setup_time: 194.91
