0.02 , iter--1, SumLoad: 388.1121, MaxCon: LEO61, Load: 60.8311 
0.04 , iter--2, SumLoad: 363.9140, MaxCon: LEO81, Load: 59.3280 
0.05 , iter--3, SumLoad: 361.6341, MaxCon: LEO21, Load: 55.5675 
0.07 , iter--4, SumLoad: 352.2459, MaxCon: LEO32, Load: 49.1421 
0.11 , iter--5, SumLoad: 349.3658, MaxCon: LEO32, Load: 51.1033 
0.13 , iter--6, SumLoad: 343.7163, MaxCon: LEO82, Load: 48.2907 
0.15 , iter--7, SumLoad: 342.5191, MaxCon: LEO62, Load: 47.8509 
0.16 , iter--8, SumLoad: 342.4646, MaxCon: LEO64, Load: 47.7964 
0.18 , iter--9, SumLoad: 335.5077, MaxCon: LEO84, Load: 47.7467 
0.20 , iter-10, SumLoad: 335.5077, MaxCon: LEO85, Load: 47.7467 
LEO11: 45.788975512339995: ['LEO11', 'LEO12', 'LEO13', 'LEO14', 'LEO15', 'LEO16', 'LEO17', 'LEO18', 'LEO19', 'LEO22', 'LEO21']
LEO29: 30.731335364723005: ['LEO23', 'LEO24', 'LEO25', 'LEO26', 'LEO27', 'LEO28', 'LEO29']
LEO39: 33.76012065330423: ['LEO32', 'LEO33', 'LEO34', 'LEO39']
LEO48: 46.194071662201644: ['LEO42', 'LEO43', 'LEO44', 'LEO46', 'LEO47', 'LEO48', 'LEO49', 'LEO36', 'LEO37', 'LEO38']
LEO58: 39.73539641347238: ['LEO53', 'LEO56', 'LEO57', 'LEO58', 'LEO59']
LEO68: 44.22574640242479: ['LEO65', 'LEO66', 'LEO67', 'LEO68', 'LEO69', 'LEO35', 'LEO45', 'LEO55']
LEO78: 47.325343646101594: ['LEO72', 'LEO73', 'LEO74', 'LEO75', 'LEO76', 'LEO77', 'LEO78', 'LEO79', 'LEO81', 'LEO89', 'LEO88', 'LEO82', 'LEO83', 'LEO64', 'LEO54']
LEO51: 47.746681510618735: ['LEO84', 'LEO85', 'LEO86', 'LEO87', 'LEO31', 'LEO41', 'LEO51', 'LEO61', 'LEO71', 'LEO62', 'LEO63', 'LEO52']
sum_con_loads:  335.51
max_con_loads:   47.75
avg_setup_time: 230.88
