0.03 , iter--1, SumLoad: 395.9858, MaxCon: LEO41, Load: 74.2185 
0.05 , iter--2, SumLoad: 371.7674, MaxCon: LEO51, Load: 68.7657 
0.07 , iter--3, SumLoad: 368.0918, MaxCon: LEO51, Load: 66.7563 
0.09 , iter--4, SumLoad: 364.9108, MaxCon: LEO51, Load: 66.2087 
0.11 , iter--5, SumLoad: 361.0201, MaxCon: LEO51, Load: 64.4662 
0.13 , iter--6, SumLoad: 359.4955, MaxCon: LEO51, Load: 63.4468 
0.17 , iter--7, SumLoad: 363.7490, MaxCon: LEO31, Load: 62.9881 
0.19 , iter--8, SumLoad: 332.7077, MaxCon: LEO61, Load: 58.0859 
0.22 , iter--9, SumLoad: 326.4315, MaxCon: LEO81, Load: 55.6618 
0.23 , iter-10, SumLoad: 326.4315, MaxCon: LEO82, Load: 55.6618 
LEO33: 51.16319537537869: ['LEO11', 'LEO12', 'LEO13', 'LEO14', 'LEO15', 'LEO16', 'LEO17', 'LEO18', 'LEO19', 'LEO33', 'LEO23', 'LEO43']
LEO22: 33.80078612462321: ['LEO21', 'LEO22', 'LEO24', 'LEO25', 'LEO26', 'LEO27', 'LEO28', 'LEO29']
LEO34: 36.39542443419889: ['LEO31', 'LEO34', 'LEO35', 'LEO36', 'LEO37', 'LEO38', 'LEO39', 'LEO56', 'LEO46', 'LEO58', 'LEO48', 'LEO57']
LEO41: 21.968120425232147: ['LEO41', 'LEO45', 'LEO47', 'LEO49']
LEO42: 48.01149763280945: ['LEO52', 'LEO42', 'LEO32']
LEO51: 49.4604937831363: ['LEO61', 'LEO62', 'LEO65', 'LEO66', 'LEO68', 'LEO69', 'LEO54', 'LEO44', 'LEO55', 'LEO59', 'LEO51']
LEO74: 29.970214973186252: ['LEO71', 'LEO72', 'LEO74', 'LEO75', 'LEO76', 'LEO77', 'LEO78', 'LEO79', 'LEO67']
LEO63: 55.66177511405414: ['LEO81', 'LEO82', 'LEO83', 'LEO84', 'LEO85', 'LEO86', 'LEO87', 'LEO88', 'LEO89', 'LEO53', 'LEO63', 'LEO73', 'LEO64']
sum_con_loads:  326.43
max_con_loads:   55.66
avg_setup_time: 204.76
