******************************************************************************
METIS 5.0 Copyright 1998-13, Regents of the University of Minnesota
 (HEAD: , Built on: Dec 17 2022, 08:18:35)
 size of idx_t: 64bits, real_t: 32bits, idx_t *: 64bits

Graph Information -----------------------------------------------------------
 Name: MetisTopos/1498, #Vertices: 72, #Edges: 128, #Parts: 8

Options ---------------------------------------------------------------------
 ptype=kway, objtype=cut, ctype=shem, rtype=greedy, iptype=metisrb
 dbglvl=0, ufactor=1.100, no2hop=NO, minconn=NO, contig=YES, nooutput=NO
 seed=-1, niter=10, ncuts=1

Direct k-way Partitioning ---------------------------------------------------
 - Edgecut: 13115, communication volume: 82.

 - Balance:
     constraint #0:  1.106 out of 0.455

 - Most overweight partition:
     pid: 0, actual: 1700, desired: 1537, ratio: 1.11.

 - Subdomain connectivity: max: 6, min: 2, avg: 4.00

 - Each partition is contiguous.

Timing Information ----------------------------------------------------------
  I/O:          		   0.001 sec
  Partitioning: 		   0.002 sec   (METIS time)
  Reporting:    		   0.000 sec

Memory Information ----------------------------------------------------------
  Max memory used:		   0.071 MB
******************************************************************************
LEO13: 32.96396393349351: ['LEO11', 'LEO12', 'LEO13', 'LEO14', 'LEO15', 'LEO16', 'LEO23', 'LEO24', 'LEO25', 'LEO26', 'LEO35', 'LEO36']
LEO39: 26.897969380518322: ['LEO17', 'LEO18', 'LEO19', 'LEO21', 'LEO27', 'LEO28', 'LEO29', 'LEO37', 'LEO38', 'LEO39']
LEO32: 58.55100192440587: ['LEO22', 'LEO31', 'LEO32', 'LEO33', 'LEO41', 'LEO42', 'LEO43']
LEO71: 56.06923149275799: ['LEO34', 'LEO44', 'LEO54', 'LEO55', 'LEO64', 'LEO71', 'LEO74', 'LEO75', 'LEO76', 'LEO77', 'LEO78', 'LEO79', 'LEO83', 'LEO84', 'LEO85', 'LEO86', 'LEO87', 'LEO88', 'LEO89']
LEO48: 38.50195432513802: ['LEO45', 'LEO46', 'LEO47', 'LEO48', 'LEO49', 'LEO56', 'LEO57', 'LEO65', 'LEO66', 'LEO67']
LEO61: 83.46943218737067: ['LEO51', 'LEO52', 'LEO53', 'LEO61', 'LEO62', 'LEO63', 'LEO69']
LEO59: 55.55473702208955: ['LEO58', 'LEO59', 'LEO68']
LEO81: 33.45454434406915: ['LEO72', 'LEO73', 'LEO81', 'LEO82']
sum_con_loads:  385.46
max_con_loads:   83.47
avg_setup_time: 259.00
