******************************************************************************
METIS 5.0 Copyright 1998-13, Regents of the University of Minnesota
 (HEAD: , Built on: Dec 17 2022, 08:18:35)
 size of idx_t: 64bits, real_t: 32bits, idx_t *: 64bits

Graph Information -----------------------------------------------------------
 Name: MetisTopos/1498, #Vertices: 72, #Edges: 128, #Parts: 8

Options ---------------------------------------------------------------------
 ptype=kway, objtype=cut, ctype=shem, rtype=greedy, iptype=metisrb
 dbglvl=0, ufactor=2.000, no2hop=NO, minconn=NO, contig=NO, nooutput=NO
 seed=-1, niter=10, ncuts=1

Direct k-way Partitioning ---------------------------------------------------
 - Edgecut: 8679, communication volume: 82.

 - Balance:
     constraint #0:  1.951 out of 0.455

 - Most overweight partition:
     pid: 6, actual: 3000, desired: 1537, ratio: 1.95.

 - Subdomain connectivity: max: 7, min: 3, avg: 4.75

 - There are 1 non-contiguous partitions.
   Total components after removing the cut edges: 9,
   max components: 2 for pid: 5.

Timing Information ----------------------------------------------------------
  I/O:          		   0.001 sec
  Partitioning: 		   0.001 sec   (METIS time)
  Reporting:    		   0.000 sec

Memory Information ----------------------------------------------------------
  Max memory used:		   0.071 MB
******************************************************************************
LEO12: 19.82648057414177: ['LEO11', 'LEO12', 'LEO13']
LEO34: 22.280188995750912: ['LEO14', 'LEO24', 'LEO33', 'LEO34', 'LEO43', 'LEO44']
LEO47: 23.257105560348005: ['LEO15', 'LEO16', 'LEO17', 'LEO25', 'LEO26', 'LEO27', 'LEO35', 'LEO36', 'LEO37', 'LEO45', 'LEO46', 'LEO47', 'LEO55', 'LEO56', 'LEO57', 'LEO65', 'LEO66', 'LEO67']
LEO41: 86.41862467586772: ['LEO18', 'LEO19', 'LEO21', 'LEO28', 'LEO29', 'LEO31', 'LEO32', 'LEO38', 'LEO39', 'LEO41', 'LEO48', 'LEO49', 'LEO51', 'LEO61']
LEO22: 31.468122455669903: ['LEO22', 'LEO23']
LEO62: 19.14972020380289: ['LEO42', 'LEO52', 'LEO62', 'LEO75', 'LEO76', 'LEO85', 'LEO86']
LEO71: 34.73285266022146: ['LEO53', 'LEO54', 'LEO63', 'LEO64', 'LEO71', 'LEO72', 'LEO73', 'LEO74', 'LEO81', 'LEO82', 'LEO83', 'LEO84', 'LEO89']
LEO59: 59.51196645525922: ['LEO58', 'LEO59', 'LEO68', 'LEO69', 'LEO77', 'LEO78', 'LEO79', 'LEO87', 'LEO88']
sum_con_loads:  296.65
max_con_loads:   86.42
avg_setup_time: 231.85
