******************************************************************************
METIS 5.0 Copyright 1998-13, Regents of the University of Minnesota
 (HEAD: , Built on: Dec 17 2022, 08:18:35)
 size of idx_t: 64bits, real_t: 32bits, idx_t *: 64bits

Graph Information -----------------------------------------------------------
 Name: MetisTopos/1498, #Vertices: 72, #Edges: 128, #Parts: 8

Options ---------------------------------------------------------------------
 ptype=kway, objtype=cut, ctype=shem, rtype=greedy, iptype=metisrb
 dbglvl=0, ufactor=2.100, no2hop=NO, minconn=NO, contig=NO, nooutput=NO
 seed=-1, niter=10, ncuts=1

Direct k-way Partitioning ---------------------------------------------------
 - Edgecut: 8622, communication volume: 82.

 - Balance:
     constraint #0:  1.951 out of 0.455

 - Most overweight partition:
     pid: 1, actual: 3000, desired: 1537, ratio: 1.95.

 - Subdomain connectivity: max: 5, min: 4, avg: 4.50

 - Each partition is contiguous.

Timing Information ----------------------------------------------------------
  I/O:          		   0.001 sec
  Partitioning: 		   0.002 sec   (METIS time)
  Reporting:    		   0.000 sec

Memory Information ----------------------------------------------------------
  Max memory used:		   0.071 MB
******************************************************************************
LEO32: 68.19087394459079: ['LEO11', 'LEO12', 'LEO22', 'LEO23', 'LEO31', 'LEO32', 'LEO33', 'LEO41', 'LEO42', 'LEO51', 'LEO52']
LEO13: 20.855080167614403: ['LEO13', 'LEO14', 'LEO15', 'LEO16', 'LEO17', 'LEO18', 'LEO19', 'LEO24', 'LEO25', 'LEO26', 'LEO27']
LEO39: 42.03471418474389: ['LEO21', 'LEO28', 'LEO29', 'LEO37', 'LEO38', 'LEO39', 'LEO48', 'LEO49']
LEO73: 15.884541558054785: ['LEO34', 'LEO43', 'LEO44', 'LEO45', 'LEO53', 'LEO54', 'LEO55', 'LEO63', 'LEO64', 'LEO65', 'LEO73', 'LEO74']
LEO57: 24.6342115188671: ['LEO35', 'LEO36', 'LEO46', 'LEO47', 'LEO56', 'LEO57', 'LEO66', 'LEO67', 'LEO75', 'LEO76', 'LEO77', 'LEO85', 'LEO86', 'LEO87']
LEO59: 57.76285711268482: ['LEO58', 'LEO59', 'LEO68', 'LEO69', 'LEO78', 'LEO79', 'LEO88']
LEO61: 42.80178272374665: ['LEO61', 'LEO62', 'LEO71', 'LEO72']
LEO81: 23.470973045191737: ['LEO81', 'LEO82', 'LEO83', 'LEO84', 'LEO89']
sum_con_loads:  295.64
max_con_loads:   68.19
avg_setup_time: 200.24
