******************************************************************************
METIS 5.0 Copyright 1998-13, Regents of the University of Minnesota
 (HEAD: , Built on: Dec 17 2022, 08:18:35)
 size of idx_t: 64bits, real_t: 32bits, idx_t *: 64bits

Graph Information -----------------------------------------------------------
 Name: MetisTopos/1498, #Vertices: 72, #Edges: 128, #Parts: 8

Options ---------------------------------------------------------------------
 ptype=kway, objtype=cut, ctype=shem, rtype=greedy, iptype=metisrb
 dbglvl=0, ufactor=2.400, no2hop=NO, minconn=NO, contig=YES, nooutput=NO
 seed=-1, niter=10, ncuts=1

Direct k-way Partitioning ---------------------------------------------------
 - Edgecut: 8184, communication volume: 78.

 - Balance:
     constraint #0:  2.341 out of 0.455

 - Most overweight partition:
     pid: 7, actual: 3600, desired: 1537, ratio: 2.34.

 - Subdomain connectivity: max: 6, min: 3, avg: 4.50

 - Each partition is contiguous.

Timing Information ----------------------------------------------------------
  I/O:          		   0.001 sec
  Partitioning: 		   0.001 sec   (METIS time)
  Reporting:    		   0.000 sec

Memory Information ----------------------------------------------------------
  Max memory used:		   0.071 MB
******************************************************************************
LEO22: 35.87451537843643: ['LEO11', 'LEO12', 'LEO13', 'LEO22', 'LEO23']
LEO36: 19.843846586467116: ['LEO14', 'LEO15', 'LEO16', 'LEO17', 'LEO18', 'LEO24', 'LEO25', 'LEO26', 'LEO27', 'LEO28', 'LEO35', 'LEO36', 'LEO37', 'LEO38', 'LEO46', 'LEO47', 'LEO56']
LEO49: 95.87152942942038: ['LEO19', 'LEO21', 'LEO29', 'LEO31', 'LEO32', 'LEO39', 'LEO41', 'LEO42', 'LEO48', 'LEO49', 'LEO51', 'LEO59', 'LEO61', 'LEO69']
LEO33: 16.473489001438914: ['LEO33', 'LEO34', 'LEO43', 'LEO44', 'LEO45', 'LEO54', 'LEO55', 'LEO64', 'LEO65', 'LEO74']
LEO62: 21.407591228188817: ['LEO52', 'LEO53', 'LEO62', 'LEO63', 'LEO72', 'LEO73']
LEO58: 35.28705040973838: ['LEO57', 'LEO58', 'LEO68']
LEO77: 14.570114002468884: ['LEO66', 'LEO67', 'LEO75', 'LEO76', 'LEO77', 'LEO85', 'LEO86', 'LEO87', 'LEO88']
LEO71: 47.16608874245191: ['LEO71', 'LEO78', 'LEO79', 'LEO81', 'LEO82', 'LEO83', 'LEO84', 'LEO89']
sum_con_loads:  286.49
max_con_loads:   95.87
avg_setup_time: 363.72
