******************************************************************************
METIS 5.0 Copyright 1998-13, Regents of the University of Minnesota
 (HEAD: , Built on: Dec 17 2022, 08:18:35)
 size of idx_t: 64bits, real_t: 32bits, idx_t *: 64bits

Graph Information -----------------------------------------------------------
 Name: MetisTopos/1498, #Vertices: 72, #Edges: 128, #Parts: 8

Options ---------------------------------------------------------------------
 ptype=kway, objtype=cut, ctype=shem, rtype=greedy, iptype=metisrb
 dbglvl=0, ufactor=2.500, no2hop=NO, minconn=NO, contig=NO, nooutput=NO
 seed=-1, niter=10, ncuts=1

Direct k-way Partitioning ---------------------------------------------------
 - Edgecut: 7583, communication volume: 67.

 - Balance:
     constraint #0:  2.472 out of 0.455

 - Most overweight partition:
     pid: 7, actual: 3800, desired: 1537, ratio: 2.47.

 - Subdomain connectivity: max: 5, min: 0, avg: 3.00

 - There are 1 non-contiguous partitions.
   Total components after removing the cut edges: 7,
   max components: 2 for pid: 6.

Timing Information ----------------------------------------------------------
  I/O:          		   0.001 sec
  Partitioning: 		   0.001 sec   (METIS time)
  Reporting:    		   0.000 sec

Memory Information ----------------------------------------------------------
  Max memory used:		   0.071 MB
******************************************************************************
LEO49: 59.01962949604389: ['LEO11', 'LEO15', 'LEO16', 'LEO17', 'LEO18', 'LEO19', 'LEO21', 'LEO25', 'LEO26', 'LEO27', 'LEO28', 'LEO29', 'LEO35', 'LEO36', 'LEO37', 'LEO38', 'LEO39', 'LEO46', 'LEO47', 'LEO48', 'LEO49', 'LEO54', 'LEO55', 'LEO56', 'LEO57', 'LEO64', 'LEO65', 'LEO66', 'LEO67', 'LEO74', 'LEO75', 'LEO76', 'LEO85', 'LEO86']
LEO22: 34.462964788176514: ['LEO12', 'LEO22', 'LEO23']
LEO13: 14.972508952184135: ['LEO13', 'LEO14', 'LEO24']
LEO51: 97.7847256421368: ['LEO31', 'LEO32', 'LEO41', 'LEO42', 'LEO51', 'LEO58', 'LEO59', 'LEO61', 'LEO68', 'LEO69', 'LEO71', 'LEO79', 'LEO81', 'LEO89']
LEO33: 15.344498285700247: ['LEO33', 'LEO34', 'LEO43', 'LEO44', 'LEO45']
LEO72: 53.16190882635491: ['LEO52', 'LEO53', 'LEO62', 'LEO63', 'LEO72', 'LEO73', 'LEO77', 'LEO78', 'LEO82', 'LEO83', 'LEO84', 'LEO87', 'LEO88']
sum_con_loads:  274.75
max_con_loads:   97.78
avg_setup_time: 556.97
