******************************************************************************
METIS 5.0 Copyright 1998-13, Regents of the University of Minnesota
 (HEAD: , Built on: Dec 17 2022, 08:18:35)
 size of idx_t: 64bits, real_t: 32bits, idx_t *: 64bits

Graph Information -----------------------------------------------------------
 Name: MetisTopos/1498, #Vertices: 72, #Edges: 128, #Parts: 8

Options ---------------------------------------------------------------------
 ptype=kway, objtype=cut, ctype=shem, rtype=greedy, iptype=metisrb
 dbglvl=0, ufactor=3.400, no2hop=NO, minconn=NO, contig=NO, nooutput=NO
 seed=-1, niter=10, ncuts=1

Direct k-way Partitioning ---------------------------------------------------
 - Edgecut: 6162, communication volume: 62.

 - Balance:
     constraint #0:  3.382 out of 0.455

 - Most overweight partition:
     pid: 7, actual: 5200, desired: 1537, ratio: 3.38.

 - Subdomain connectivity: max: 5, min: 0, avg: 2.50

 - There are 0 non-contiguous partitions.
   Total components after removing the cut edges: 6,
   max components: 1 for pid: 0.

Timing Information ----------------------------------------------------------
  I/O:          		   0.001 sec
  Partitioning: 		   0.001 sec   (METIS time)
  Reporting:    		   0.000 sec

Memory Information ----------------------------------------------------------
  Max memory used:		   0.071 MB
******************************************************************************
LEO29: 49.3964638951147: ['LEO11', 'LEO12', 'LEO13', 'LEO14', 'LEO15', 'LEO16', 'LEO17', 'LEO18', 'LEO19', 'LEO21', 'LEO25', 'LEO26', 'LEO27', 'LEO28', 'LEO29', 'LEO35', 'LEO36', 'LEO37', 'LEO38', 'LEO39', 'LEO45', 'LEO46', 'LEO47']
LEO51: 104.39908056800492: ['LEO22', 'LEO31', 'LEO32', 'LEO41', 'LEO42', 'LEO48', 'LEO49', 'LEO51', 'LEO58', 'LEO59', 'LEO61', 'LEO68', 'LEO69', 'LEO71', 'LEO79', 'LEO81', 'LEO89']
LEO33: 22.557932970848686: ['LEO23', 'LEO24', 'LEO33', 'LEO34', 'LEO43', 'LEO44']
LEO62: 37.121671237811476: ['LEO52', 'LEO53', 'LEO54', 'LEO55', 'LEO56', 'LEO57', 'LEO62', 'LEO63', 'LEO64', 'LEO65', 'LEO66', 'LEO67', 'LEO72', 'LEO73', 'LEO74', 'LEO75', 'LEO76', 'LEO85', 'LEO86']
LEO78: 20.94924452731252: ['LEO77', 'LEO78', 'LEO87', 'LEO88']
LEO82: 11.926830539096178: ['LEO82', 'LEO83', 'LEO84']
sum_con_loads:  246.35
max_con_loads:  104.40
avg_setup_time: 193.32
