******************************************************************************
METIS 5.0 Copyright 1998-13, Regents of the University of Minnesota
 (HEAD: , Built on: Dec 17 2022, 08:18:35)
 size of idx_t: 64bits, real_t: 32bits, idx_t *: 64bits

Graph Information -----------------------------------------------------------
 Name: MetisTopos/1498, #Vertices: 72, #Edges: 128, #Parts: 8

Options ---------------------------------------------------------------------
 ptype=kway, objtype=cut, ctype=shem, rtype=greedy, iptype=metisrb
 dbglvl=0, ufactor=1.300, no2hop=NO, minconn=NO, contig=NO, nooutput=NO
 seed=-1, niter=10, ncuts=1

Direct k-way Partitioning ---------------------------------------------------
 - Edgecut: 9413, communication volume: 82.

 - Balance:
     constraint #0:  1.236 out of 0.455

 - Most overweight partition:
     pid: 4, actual: 1900, desired: 1537, ratio: 1.24.

 - Subdomain connectivity: max: 6, min: 3, avg: 4.50

 - There are 1 non-contiguous partitions.
   Total components after removing the cut edges: 9,
   max components: 2 for pid: 7.

Timing Information ----------------------------------------------------------
  I/O:          		   0.001 sec
  Partitioning: 		   0.002 sec   (METIS time)
  Reporting:    		   0.000 sec

Memory Information ----------------------------------------------------------
  Max memory used:		   0.070 MB
******************************************************************************
LEO12: 27.57946779412961: ['LEO11', 'LEO12', 'LEO13', 'LEO23']
LEO49: 38.23031120925906: ['LEO14', 'LEO15', 'LEO16', 'LEO24', 'LEO25', 'LEO26', 'LEO34', 'LEO35', 'LEO36', 'LEO48', 'LEO49']
LEO39: 26.897969380518322: ['LEO17', 'LEO18', 'LEO19', 'LEO21', 'LEO27', 'LEO28', 'LEO29', 'LEO37', 'LEO38', 'LEO39']
LEO31: 63.23543214366881: ['LEO22', 'LEO31', 'LEO32', 'LEO33', 'LEO41', 'LEO51']
LEO62: 23.76095903968845: ['LEO42', 'LEO43', 'LEO44', 'LEO45', 'LEO52', 'LEO53', 'LEO54', 'LEO55', 'LEO62', 'LEO63', 'LEO64', 'LEO72', 'LEO73', 'LEO74']
LEO77: 34.14098074658943: ['LEO46', 'LEO47', 'LEO56', 'LEO57', 'LEO65', 'LEO66', 'LEO67', 'LEO75', 'LEO76', 'LEO77', 'LEO78', 'LEO85', 'LEO86', 'LEO87', 'LEO88']
LEO59: 56.33989863409113: ['LEO58', 'LEO59', 'LEO68', 'LEO69', 'LEO79']
LEO71: 41.12197415862261: ['LEO61', 'LEO71', 'LEO81', 'LEO82', 'LEO83', 'LEO84', 'LEO89']
sum_con_loads:  311.31
max_con_loads:   63.24
avg_setup_time: 206.67
