******************************************************************************
METIS 5.0 Copyright 1998-13, Regents of the University of Minnesota
 (HEAD: , Built on: Dec 17 2022, 08:18:35)
 size of idx_t: 64bits, real_t: 32bits, idx_t *: 64bits

Graph Information -----------------------------------------------------------
 Name: MetisTopos/1498, #Vertices: 72, #Edges: 128, #Parts: 8

Options ---------------------------------------------------------------------
 ptype=kway, objtype=cut, ctype=shem, rtype=greedy, iptype=metisrb
 dbglvl=0, ufactor=1.500, no2hop=NO, minconn=NO, contig=YES, nooutput=NO
 seed=-1, niter=10, ncuts=1

Direct k-way Partitioning ---------------------------------------------------
 - Edgecut: 9420, communication volume: 81.

 - Balance:
     constraint #0:  1.496 out of 0.455

 - Most overweight partition:
     pid: 5, actual: 2300, desired: 1537, ratio: 1.50.

 - Subdomain connectivity: max: 5, min: 4, avg: 4.50

 - Each partition is contiguous.

Timing Information ----------------------------------------------------------
  I/O:          		   0.001 sec
  Partitioning: 		   0.002 sec   (METIS time)
  Reporting:    		   0.000 sec

Memory Information ----------------------------------------------------------
  Max memory used:		   0.071 MB
******************************************************************************
LEO39: 34.79605548745553: ['LEO11', 'LEO19', 'LEO21', 'LEO29', 'LEO39', 'LEO49']
LEO32: 65.37752925846374: ['LEO12', 'LEO13', 'LEO22', 'LEO31', 'LEO32', 'LEO41', 'LEO51']
LEO33: 36.949539192710574: ['LEO14', 'LEO15', 'LEO16', 'LEO17', 'LEO18', 'LEO23', 'LEO24', 'LEO25', 'LEO26', 'LEO27', 'LEO28', 'LEO33', 'LEO34', 'LEO35', 'LEO36', 'LEO37', 'LEO38']
LEO62: 23.76095903968845: ['LEO42', 'LEO43', 'LEO44', 'LEO52', 'LEO53', 'LEO54', 'LEO55', 'LEO62', 'LEO63', 'LEO64', 'LEO65', 'LEO72', 'LEO73', 'LEO74']
LEO57: 23.115856165799975: ['LEO45', 'LEO46', 'LEO47', 'LEO56', 'LEO57', 'LEO66', 'LEO67', 'LEO75', 'LEO76', 'LEO77', 'LEO85', 'LEO86', 'LEO87']
LEO58: 31.57145827756458: ['LEO48', 'LEO58']
LEO69: 54.50567887702112: ['LEO59', 'LEO68', 'LEO69', 'LEO78', 'LEO79', 'LEO88']
LEO71: 41.12197415862261: ['LEO61', 'LEO71', 'LEO81', 'LEO82', 'LEO83', 'LEO84', 'LEO89']
sum_con_loads:  311.20
max_con_loads:   65.38
avg_setup_time: 198.89
