******************************************************************************
METIS 5.0 Copyright 1998-13, Regents of the University of Minnesota
 (HEAD: , Built on: Dec 17 2022, 08:18:35)
 size of idx_t: 64bits, real_t: 32bits, idx_t *: 64bits

Graph Information -----------------------------------------------------------
 Name: MetisTopos/1498, #Vertices: 72, #Edges: 128, #Parts: 8

Options ---------------------------------------------------------------------
 ptype=kway, objtype=cut, ctype=shem, rtype=greedy, iptype=metisrb
 dbglvl=0, ufactor=1.900, no2hop=NO, minconn=NO, contig=NO, nooutput=NO
 seed=-1, niter=10, ncuts=1

Direct k-way Partitioning ---------------------------------------------------
 - Edgecut: 7445, communication volume: 78.

 - Balance:
     constraint #0:  1.886 out of 0.455

 - Most overweight partition:
     pid: 7, actual: 2900, desired: 1537, ratio: 1.89.

 - Subdomain connectivity: max: 6, min: 0, avg: 3.75

 - There are 0 non-contiguous partitions.
   Total components after removing the cut edges: 7,
   max components: 1 for pid: 0.

Timing Information ----------------------------------------------------------
  I/O:          		   0.001 sec
  Partitioning: 		   0.001 sec   (METIS time)
  Reporting:    		   0.000 sec

Memory Information ----------------------------------------------------------
  Max memory used:		   0.071 MB
******************************************************************************
LEO41: 71.40838778744357: ['LEO11', 'LEO12', 'LEO22', 'LEO31', 'LEO32', 'LEO41', 'LEO42', 'LEO51', 'LEO52', 'LEO61', 'LEO62']
LEO36: 29.077274288228775: ['LEO13', 'LEO14', 'LEO15', 'LEO16', 'LEO25', 'LEO26', 'LEO35', 'LEO36', 'LEO46', 'LEO47', 'LEO56', 'LEO57', 'LEO65', 'LEO66', 'LEO67', 'LEO75', 'LEO76', 'LEO85', 'LEO86']
LEO39: 26.897969380518322: ['LEO17', 'LEO18', 'LEO19', 'LEO21', 'LEO27', 'LEO28', 'LEO29', 'LEO37', 'LEO38', 'LEO39']
LEO33: 23.18197454346183: ['LEO23', 'LEO24', 'LEO33', 'LEO34', 'LEO43', 'LEO44', 'LEO45', 'LEO53', 'LEO54', 'LEO55', 'LEO63', 'LEO64']
LEO59: 66.11956409840143: ['LEO48', 'LEO49', 'LEO58', 'LEO59', 'LEO68', 'LEO69', 'LEO79']
LEO71: 34.280421257099846: ['LEO71', 'LEO72', 'LEO73', 'LEO74', 'LEO81', 'LEO82', 'LEO83', 'LEO84', 'LEO89']
LEO78: 20.94924452731252: ['LEO77', 'LEO78', 'LEO87', 'LEO88']
sum_con_loads:  271.91
max_con_loads:   71.41
avg_setup_time: 203.84
