******************************************************************************
METIS 5.0 Copyright 1998-13, Regents of the University of Minnesota
 (HEAD: , Built on: Dec 17 2022, 08:18:35)
 size of idx_t: 64bits, real_t: 32bits, idx_t *: 64bits

Graph Information -----------------------------------------------------------
 Name: MetisTopos/764, #Vertices: 72, #Edges: 126, #Parts: 8

Options ---------------------------------------------------------------------
 ptype=kway, objtype=cut, ctype=shem, rtype=greedy, iptype=metisrb
 dbglvl=0, ufactor=2.000, no2hop=NO, minconn=NO, contig=YES, nooutput=NO
 seed=-1, niter=10, ncuts=1

Direct k-way Partitioning ---------------------------------------------------
 - Edgecut: 9803, communication volume: 75.

 - Balance:
     constraint #0:  1.836 out of 0.459

 - Most overweight partition:
     pid: 6, actual: 2800, desired: 1525, ratio: 1.84.

 - Subdomain connectivity: max: 6, min: 2, avg: 4.00

 - Each partition is contiguous.

Timing Information ----------------------------------------------------------
  I/O:          		   0.001 sec
  Partitioning: 		   0.001 sec   (METIS time)
  Reporting:    		   0.000 sec

Memory Information ----------------------------------------------------------
  Max memory used:		   0.071 MB
******************************************************************************
LEO23: 62.07951609381746: ['LEO11', 'LEO12', 'LEO21', 'LEO22', 'LEO23', 'LEO24', 'LEO32', 'LEO33', 'LEO43']
LEO13: 20.350044400065517: ['LEO13', 'LEO14']
LEO41: 56.64515141720307: ['LEO15', 'LEO16', 'LEO17', 'LEO18', 'LEO19', 'LEO25', 'LEO26', 'LEO27', 'LEO28', 'LEO29', 'LEO31', 'LEO36', 'LEO37', 'LEO38', 'LEO39', 'LEO41', 'LEO46', 'LEO47', 'LEO48', 'LEO49']
LEO34: 21.397278147253736: ['LEO34', 'LEO35', 'LEO44', 'LEO45', 'LEO53', 'LEO54']
LEO61: 79.93313085036864: ['LEO42', 'LEO51', 'LEO52', 'LEO61', 'LEO62', 'LEO69', 'LEO71', 'LEO72', 'LEO78', 'LEO79']
LEO63: 20.421721529198077: ['LEO55', 'LEO56', 'LEO63', 'LEO64', 'LEO65', 'LEO66', 'LEO73', 'LEO74', 'LEO75', 'LEO76']
LEO59: 32.37625429220831: ['LEO57', 'LEO58', 'LEO59', 'LEO67', 'LEO68', 'LEO77']
LEO82: 25.061742456525582: ['LEO81', 'LEO82', 'LEO83', 'LEO84', 'LEO85', 'LEO86', 'LEO87', 'LEO88', 'LEO89']
sum_con_loads:  318.26
max_con_loads:   79.93
avg_setup_time: 238.50
