******************************************************************************
METIS 5.0 Copyright 1998-13, Regents of the University of Minnesota
 (HEAD: , Built on: Dec 17 2022, 08:18:35)
 size of idx_t: 64bits, real_t: 32bits, idx_t *: 64bits

Graph Information -----------------------------------------------------------
 Name: MetisTopos/764, #Vertices: 72, #Edges: 126, #Parts: 8

Options ---------------------------------------------------------------------
 ptype=kway, objtype=cut, ctype=shem, rtype=greedy, iptype=metisrb
 dbglvl=0, ufactor=2.000, no2hop=NO, minconn=NO, contig=NO, nooutput=NO
 seed=-1, niter=10, ncuts=1

Direct k-way Partitioning ---------------------------------------------------
 - Edgecut: 9049, communication volume: 73.

 - Balance:
     constraint #0:  1.902 out of 0.459

 - Most overweight partition:
     pid: 6, actual: 2900, desired: 1525, ratio: 1.90.

 - Subdomain connectivity: max: 6, min: 2, avg: 4.25

 - Each partition is contiguous.

Timing Information ----------------------------------------------------------
  I/O:          		   0.001 sec
  Partitioning: 		   0.002 sec   (METIS time)
  Reporting:    		   0.000 sec

Memory Information ----------------------------------------------------------
  Max memory used:		   0.071 MB
******************************************************************************
LEO33: 65.5054131153602: ['LEO11', 'LEO21', 'LEO22', 'LEO23', 'LEO24', 'LEO31', 'LEO32', 'LEO33', 'LEO43']
LEO13: 20.350044400065517: ['LEO12', 'LEO13', 'LEO14']
LEO37: 20.39751981614411: ['LEO15', 'LEO16', 'LEO17', 'LEO18', 'LEO19', 'LEO25', 'LEO26', 'LEO27', 'LEO28', 'LEO29', 'LEO36', 'LEO37', 'LEO38', 'LEO39', 'LEO47', 'LEO48']
LEO34: 23.100270219500896: ['LEO34', 'LEO35', 'LEO44', 'LEO45', 'LEO46', 'LEO53', 'LEO54', 'LEO55', 'LEO56', 'LEO64', 'LEO65', 'LEO75']
LEO51: 85.58748662671768: ['LEO41', 'LEO42', 'LEO49', 'LEO51', 'LEO52', 'LEO59', 'LEO61', 'LEO62', 'LEO71', 'LEO72']
LEO69: 44.452128979481365: ['LEO57', 'LEO58', 'LEO66', 'LEO67', 'LEO68', 'LEO69', 'LEO76', 'LEO77', 'LEO78', 'LEO79', 'LEO81', 'LEO87', 'LEO88', 'LEO89']
LEO63: 19.642000874906152: ['LEO63', 'LEO73', 'LEO74']
LEO82: 24.03789252643882: ['LEO82', 'LEO83', 'LEO84', 'LEO85', 'LEO86']
sum_con_loads:  303.07
max_con_loads:   85.59
avg_setup_time: 245.89
