******************************************************************************
METIS 5.0 Copyright 1998-13, Regents of the University of Minnesota
 (HEAD: , Built on: Dec 17 2022, 08:18:35)
 size of idx_t: 64bits, real_t: 32bits, idx_t *: 64bits

Graph Information -----------------------------------------------------------
 Name: MetisTopos/764, #Vertices: 72, #Edges: 126, #Parts: 8

Options ---------------------------------------------------------------------
 ptype=kway, objtype=cut, ctype=shem, rtype=greedy, iptype=metisrb
 dbglvl=0, ufactor=2.100, no2hop=NO, minconn=NO, contig=NO, nooutput=NO
 seed=-1, niter=10, ncuts=1

Direct k-way Partitioning ---------------------------------------------------
 - Edgecut: 9003, communication volume: 77.

 - Balance:
     constraint #0:  2.033 out of 0.459

 - Most overweight partition:
     pid: 7, actual: 3100, desired: 1525, ratio: 2.03.

 - Subdomain connectivity: max: 7, min: 2, avg: 4.00

 - Each partition is contiguous.

Timing Information ----------------------------------------------------------
  I/O:          		   0.001 sec
  Partitioning: 		   0.002 sec   (METIS time)
  Reporting:    		   0.000 sec

Memory Information ----------------------------------------------------------
  Max memory used:		   0.071 MB
******************************************************************************
LEO41: 65.35404308531355: ['LEO11', 'LEO21', 'LEO31', 'LEO32', 'LEO41', 'LEO49', 'LEO51', 'LEO58', 'LEO59']
LEO23: 39.08230833797759: ['LEO12', 'LEO13', 'LEO14', 'LEO15', 'LEO16', 'LEO17', 'LEO18', 'LEO19', 'LEO22', 'LEO23', 'LEO24', 'LEO25', 'LEO26', 'LEO27', 'LEO28', 'LEO29']
LEO33: 34.99133484438451: ['LEO33', 'LEO34', 'LEO35']
LEO37: 22.09906847646568: ['LEO36', 'LEO37', 'LEO38', 'LEO39', 'LEO47', 'LEO48', 'LEO56', 'LEO57', 'LEO66', 'LEO67', 'LEO68', 'LEO77', 'LEO81', 'LEO86', 'LEO87', 'LEO88', 'LEO89']
LEO62: 61.05457230837573: ['LEO42', 'LEO43', 'LEO44', 'LEO45', 'LEO46', 'LEO52', 'LEO53', 'LEO54', 'LEO55', 'LEO62', 'LEO63', 'LEO64', 'LEO65', 'LEO72', 'LEO73', 'LEO74', 'LEO75', 'LEO76', 'LEO84', 'LEO85']
LEO61: 35.93402238923244: ['LEO61', 'LEO69', 'LEO71']
LEO79: 19.46348894879424: ['LEO78', 'LEO79']
LEO82: 24.03789252643882: ['LEO82', 'LEO83']
sum_con_loads:  302.02
max_con_loads:   65.35
avg_setup_time: 194.10
