******************************************************************************
METIS 5.0 Copyright 1998-13, Regents of the University of Minnesota
 (HEAD: , Built on: Dec 17 2022, 08:18:35)
 size of idx_t: 64bits, real_t: 32bits, idx_t *: 64bits

Graph Information -----------------------------------------------------------
 Name: MetisTopos/764, #Vertices: 72, #Edges: 126, #Parts: 8

Options ---------------------------------------------------------------------
 ptype=kway, objtype=cut, ctype=shem, rtype=greedy, iptype=metisrb
 dbglvl=0, ufactor=2.200, no2hop=NO, minconn=NO, contig=YES, nooutput=NO
 seed=-1, niter=10, ncuts=1

Direct k-way Partitioning ---------------------------------------------------
 - Edgecut: 8015, communication volume: 79.

 - Balance:
     constraint #0:  2.033 out of 0.459

 - Most overweight partition:
     pid: 7, actual: 3100, desired: 1525, ratio: 2.03.

 - Subdomain connectivity: max: 5, min: 3, avg: 3.75

 - Each partition is contiguous.

Timing Information ----------------------------------------------------------
  I/O:          		   0.001 sec
  Partitioning: 		   0.001 sec   (METIS time)
  Reporting:    		   0.000 sec

Memory Information ----------------------------------------------------------
  Max memory used:		   0.071 MB
******************************************************************************
LEO41: 65.35404308531355: ['LEO11', 'LEO12', 'LEO21', 'LEO31', 'LEO32', 'LEO41', 'LEO49', 'LEO51', 'LEO58', 'LEO59']
LEO23: 31.599336995186167: ['LEO13', 'LEO22', 'LEO23']
LEO14: 18.74642825794649: ['LEO14', 'LEO24']
LEO37: 23.72756801120303: ['LEO15', 'LEO16', 'LEO17', 'LEO18', 'LEO19', 'LEO25', 'LEO26', 'LEO27', 'LEO28', 'LEO29', 'LEO36', 'LEO37', 'LEO38', 'LEO39', 'LEO47', 'LEO48', 'LEO56', 'LEO57', 'LEO67', 'LEO76', 'LEO77', 'LEO87']
LEO62: 65.19683104121711: ['LEO33', 'LEO42', 'LEO43', 'LEO52', 'LEO53', 'LEO62', 'LEO63', 'LEO72', 'LEO82']
LEO34: 15.27131688245876: ['LEO34', 'LEO35', 'LEO44', 'LEO45', 'LEO46']
LEO83: 21.799876931151108: ['LEO54', 'LEO55', 'LEO64', 'LEO65', 'LEO66', 'LEO73', 'LEO74', 'LEO75', 'LEO83', 'LEO84', 'LEO85', 'LEO86']
LEO61: 40.5167108021793: ['LEO61', 'LEO68', 'LEO69', 'LEO71', 'LEO78', 'LEO79', 'LEO81', 'LEO88', 'LEO89']
sum_con_loads:  282.21
max_con_loads:   65.35
avg_setup_time: 199.44
