******************************************************************************
METIS 5.0 Copyright 1998-13, Regents of the University of Minnesota
 (HEAD: , Built on: Dec 17 2022, 08:18:35)
 size of idx_t: 64bits, real_t: 32bits, idx_t *: 64bits

Graph Information -----------------------------------------------------------
 Name: MetisTopos/764, #Vertices: 72, #Edges: 126, #Parts: 8

Options ---------------------------------------------------------------------
 ptype=kway, objtype=cut, ctype=shem, rtype=greedy, iptype=metisrb
 dbglvl=0, ufactor=2.300, no2hop=NO, minconn=NO, contig=YES, nooutput=NO
 seed=-1, niter=10, ncuts=1

Direct k-way Partitioning ---------------------------------------------------
 - Edgecut: 7280, communication volume: 74.

 - Balance:
     constraint #0:  1.902 out of 0.459

 - Most overweight partition:
     pid: 2, actual: 2900, desired: 1525, ratio: 1.90.

 - Subdomain connectivity: max: 6, min: 0, avg: 3.25

 - There are 0 non-contiguous partitions.
   Total components after removing the cut edges: 7,
   max components: 1 for pid: 0.

Timing Information ----------------------------------------------------------
  I/O:          		   0.001 sec
  Partitioning: 		   0.001 sec   (METIS time)
  Reporting:    		   0.000 sec

Memory Information ----------------------------------------------------------
  Max memory used:		   0.071 MB
******************************************************************************
LEO38: 14.743094493081905: ['LEO11', 'LEO12', 'LEO18', 'LEO19', 'LEO28', 'LEO29', 'LEO38', 'LEO39', 'LEO48']
LEO21: 65.89005181435866: ['LEO13', 'LEO21', 'LEO22', 'LEO23', 'LEO24', 'LEO31', 'LEO41', 'LEO49']
LEO14: 15.421598071227933: ['LEO14', 'LEO15', 'LEO16', 'LEO17', 'LEO25', 'LEO26', 'LEO27']
LEO52: 60.56413378535759: ['LEO32', 'LEO33', 'LEO34', 'LEO35', 'LEO42', 'LEO43', 'LEO44', 'LEO45', 'LEO52', 'LEO53', 'LEO54', 'LEO55', 'LEO62', 'LEO63']
LEO51: 61.72871618186522: ['LEO36', 'LEO37', 'LEO46', 'LEO47', 'LEO51', 'LEO56', 'LEO57', 'LEO58', 'LEO59', 'LEO61', 'LEO66', 'LEO67', 'LEO68', 'LEO69', 'LEO71', 'LEO79']
LEO72: 35.00666240783589: ['LEO64', 'LEO65', 'LEO72', 'LEO73', 'LEO74', 'LEO75', 'LEO82', 'LEO83', 'LEO84', 'LEO85', 'LEO86']
LEO78: 14.354982651943248: ['LEO76', 'LEO77', 'LEO78', 'LEO81', 'LEO87', 'LEO88', 'LEO89']
sum_con_loads:  267.71
max_con_loads:   65.89
avg_setup_time: 224.11
