******************************************************************************
METIS 5.0 Copyright 1998-13, Regents of the University of Minnesota
 (HEAD: , Built on: Dec 17 2022, 08:18:35)
 size of idx_t: 64bits, real_t: 32bits, idx_t *: 64bits

Graph Information -----------------------------------------------------------
 Name: MetisTopos/764, #Vertices: 72, #Edges: 126, #Parts: 8

Options ---------------------------------------------------------------------
 ptype=kway, objtype=cut, ctype=shem, rtype=greedy, iptype=metisrb
 dbglvl=0, ufactor=2.400, no2hop=NO, minconn=NO, contig=YES, nooutput=NO
 seed=-1, niter=10, ncuts=1

Direct k-way Partitioning ---------------------------------------------------
 - Edgecut: 7952, communication volume: 73.

 - Balance:
     constraint #0:  2.295 out of 0.459

 - Most overweight partition:
     pid: 7, actual: 3500, desired: 1525, ratio: 2.30.

 - Subdomain connectivity: max: 6, min: 2, avg: 4.25

 - Each partition is contiguous.

Timing Information ----------------------------------------------------------
  I/O:          		   0.001 sec
  Partitioning: 		   0.001 sec   (METIS time)
  Reporting:    		   0.000 sec

Memory Information ----------------------------------------------------------
  Max memory used:		   0.071 MB
******************************************************************************
LEO13: 23.6888356703491: ['LEO11', 'LEO12', 'LEO13', 'LEO14']
LEO36: 29.396305987837906: ['LEO15', 'LEO16', 'LEO17', 'LEO18', 'LEO19', 'LEO24', 'LEO25', 'LEO26', 'LEO27', 'LEO28', 'LEO29', 'LEO36', 'LEO37', 'LEO38', 'LEO39', 'LEO46', 'LEO47', 'LEO48', 'LEO56', 'LEO57', 'LEO67', 'LEO68']
LEO42: 87.44026503099994: ['LEO21', 'LEO22', 'LEO23', 'LEO31', 'LEO32', 'LEO33', 'LEO41', 'LEO42', 'LEO43', 'LEO51', 'LEO52', 'LEO53', 'LEO62', 'LEO63']
LEO34: 24.7458534367449: ['LEO34', 'LEO35', 'LEO44', 'LEO45', 'LEO54', 'LEO55', 'LEO64', 'LEO65', 'LEO66', 'LEO73', 'LEO74', 'LEO75', 'LEO84', 'LEO85', 'LEO86']
LEO59: 34.77124868319654: ['LEO49', 'LEO58', 'LEO59']
LEO61: 37.01732998468542: ['LEO61', 'LEO69', 'LEO71', 'LEO79']
LEO72: 29.863134797848563: ['LEO72', 'LEO82', 'LEO83']
LEO78: 14.354982651943248: ['LEO76', 'LEO77', 'LEO78', 'LEO81', 'LEO87', 'LEO88', 'LEO89']
sum_con_loads:  281.28
max_con_loads:   87.44
avg_setup_time: 244.22
