******************************************************************************
METIS 5.0 Copyright 1998-13, Regents of the University of Minnesota
 (HEAD: , Built on: Dec 17 2022, 08:18:35)
 size of idx_t: 64bits, real_t: 32bits, idx_t *: 64bits

Graph Information -----------------------------------------------------------
 Name: MetisTopos/764, #Vertices: 72, #Edges: 126, #Parts: 8

Options ---------------------------------------------------------------------
 ptype=kway, objtype=cut, ctype=shem, rtype=greedy, iptype=metisrb
 dbglvl=0, ufactor=2.500, no2hop=NO, minconn=NO, contig=NO, nooutput=NO
 seed=-1, niter=10, ncuts=1

Direct k-way Partitioning ---------------------------------------------------
 - Edgecut: 6891, communication volume: 73.

 - Balance:
     constraint #0:  2.492 out of 0.459

 - Most overweight partition:
     pid: 7, actual: 3800, desired: 1525, ratio: 2.49.

 - Subdomain connectivity: max: 5, min: 0, avg: 3.00

 - There are 0 non-contiguous partitions.
   Total components after removing the cut edges: 6,
   max components: 1 for pid: 0.

Timing Information ----------------------------------------------------------
  I/O:          		   0.001 sec
  Partitioning: 		   0.001 sec   (METIS time)
  Reporting:    		   0.000 sec

Memory Information ----------------------------------------------------------
  Max memory used:		   0.072 MB
******************************************************************************
LEO38: 14.02976502336298: ['LEO11', 'LEO12', 'LEO18', 'LEO19', 'LEO28', 'LEO29', 'LEO38', 'LEO39']
LEO42: 85.27618359489603: ['LEO13', 'LEO21', 'LEO22', 'LEO23', 'LEO31', 'LEO32', 'LEO33', 'LEO34', 'LEO41', 'LEO42', 'LEO43', 'LEO44', 'LEO52', 'LEO53', 'LEO54', 'LEO62']
LEO24: 33.003130872943: ['LEO14', 'LEO15', 'LEO16', 'LEO17', 'LEO24', 'LEO25', 'LEO26', 'LEO27', 'LEO35', 'LEO36', 'LEO37', 'LEO47', 'LEO57', 'LEO67', 'LEO77', 'LEO81', 'LEO86', 'LEO87', 'LEO88', 'LEO89']
LEO63: 20.421721529198077: ['LEO45', 'LEO46', 'LEO55', 'LEO56', 'LEO63', 'LEO64', 'LEO65', 'LEO66', 'LEO73', 'LEO74', 'LEO75', 'LEO76', 'LEO84', 'LEO85']
LEO59: 34.77124868319654: ['LEO48', 'LEO49', 'LEO58', 'LEO59']
LEO71: 72.42824331331602: ['LEO51', 'LEO61', 'LEO68', 'LEO69', 'LEO71', 'LEO72', 'LEO78', 'LEO79', 'LEO82', 'LEO83']
sum_con_loads:  259.93
max_con_loads:   85.28
avg_setup_time: 254.79
