******************************************************************************
METIS 5.0 Copyright 1998-13, Regents of the University of Minnesota
 (HEAD: , Built on: Dec 17 2022, 08:18:35)
 size of idx_t: 64bits, real_t: 32bits, idx_t *: 64bits

Graph Information -----------------------------------------------------------
 Name: MetisTopos/764, #Vertices: 72, #Edges: 126, #Parts: 8

Options ---------------------------------------------------------------------
 ptype=kway, objtype=cut, ctype=shem, rtype=greedy, iptype=metisrb
 dbglvl=0, ufactor=2.600, no2hop=NO, minconn=NO, contig=YES, nooutput=NO
 seed=-1, niter=10, ncuts=1

Direct k-way Partitioning ---------------------------------------------------
 - Edgecut: 7243, communication volume: 73.

 - Balance:
     constraint #0:  2.426 out of 0.459

 - Most overweight partition:
     pid: 7, actual: 3700, desired: 1525, ratio: 2.43.

 - Subdomain connectivity: max: 6, min: 0, avg: 3.00

 - There are 0 non-contiguous partitions.
   Total components after removing the cut edges: 7,
   max components: 1 for pid: 0.

Timing Information ----------------------------------------------------------
  I/O:          		   0.001 sec
  Partitioning: 		   0.001 sec   (METIS time)
  Reporting:    		   0.000 sec

Memory Information ----------------------------------------------------------
  Max memory used:		   0.071 MB
******************************************************************************
LEO51: 91.90864848601436: ['LEO11', 'LEO12', 'LEO21', 'LEO31', 'LEO41', 'LEO42', 'LEO51', 'LEO52', 'LEO59', 'LEO61', 'LEO62', 'LEO71', 'LEO72', 'LEO82']
LEO33: 62.05588248716453: ['LEO13', 'LEO22', 'LEO23', 'LEO24', 'LEO32', 'LEO33', 'LEO34', 'LEO43', 'LEO53', 'LEO63']
LEO14: 14.031818265346434: ['LEO14', 'LEO15']
LEO57: 24.629156593279305: ['LEO16', 'LEO17', 'LEO25', 'LEO26', 'LEO27', 'LEO35', 'LEO36', 'LEO37', 'LEO44', 'LEO45', 'LEO46', 'LEO47', 'LEO54', 'LEO55', 'LEO56', 'LEO57', 'LEO58', 'LEO64', 'LEO65', 'LEO66', 'LEO67', 'LEO75', 'LEO76', 'LEO77', 'LEO85', 'LEO86', 'LEO87']
LEO49: 21.395878908971266: ['LEO18', 'LEO19', 'LEO28', 'LEO29', 'LEO38', 'LEO39', 'LEO48', 'LEO49']
LEO79: 31.487569712630666: ['LEO68', 'LEO69', 'LEO78', 'LEO79', 'LEO81', 'LEO88', 'LEO89']
LEO83: 21.395878908971266: ['LEO73', 'LEO74', 'LEO83', 'LEO84']
sum_con_loads:  266.90
max_con_loads:   91.91
avg_setup_time: 275.52
