******************************************************************************
METIS 5.0 Copyright 1998-13, Regents of the University of Minnesota
 (HEAD: , Built on: Dec 17 2022, 08:18:35)
 size of idx_t: 64bits, real_t: 32bits, idx_t *: 64bits

Graph Information -----------------------------------------------------------
 Name: MetisTopos/764, #Vertices: 72, #Edges: 126, #Parts: 8

Options ---------------------------------------------------------------------
 ptype=kway, objtype=cut, ctype=shem, rtype=greedy, iptype=metisrb
 dbglvl=0, ufactor=3.300, no2hop=NO, minconn=NO, contig=NO, nooutput=NO
 seed=-1, niter=10, ncuts=1

Direct k-way Partitioning ---------------------------------------------------
 - Edgecut: 5944, communication volume: 72.

 - Balance:
     constraint #0:  3.279 out of 0.459

 - Most overweight partition:
     pid: 7, actual: 5000, desired: 1525, ratio: 3.28.

 - Subdomain connectivity: max: 5, min: 0, avg: 2.75

 - There are 0 non-contiguous partitions.
   Total components after removing the cut edges: 6,
   max components: 1 for pid: 0.

Timing Information ----------------------------------------------------------
  I/O:          		   0.001 sec
  Partitioning: 		   0.001 sec   (METIS time)
  Reporting:    		   0.000 sec

Memory Information ----------------------------------------------------------
  Max memory used:		   0.071 MB
******************************************************************************
LEO38: 14.02976502336298: ['LEO11', 'LEO12', 'LEO17', 'LEO18', 'LEO19', 'LEO27', 'LEO28', 'LEO29', 'LEO38', 'LEO39']
LEO52: 96.9160835620395: ['LEO13', 'LEO21', 'LEO22', 'LEO23', 'LEO31', 'LEO32', 'LEO33', 'LEO41', 'LEO42', 'LEO43', 'LEO51', 'LEO52', 'LEO61', 'LEO62', 'LEO71', 'LEO72', 'LEO82', 'LEO83']
LEO14: 21.749463097670798: ['LEO14', 'LEO15', 'LEO24', 'LEO25']
LEO79: 28.790189148136456: ['LEO16', 'LEO26', 'LEO36', 'LEO37', 'LEO46', 'LEO47', 'LEO57', 'LEO66', 'LEO67', 'LEO76', 'LEO77', 'LEO78', 'LEO79', 'LEO81', 'LEO87', 'LEO88', 'LEO89']
LEO53: 35.145343225194146: ['LEO34', 'LEO35', 'LEO44', 'LEO45', 'LEO53', 'LEO54', 'LEO55', 'LEO56', 'LEO63', 'LEO64', 'LEO65', 'LEO73', 'LEO74', 'LEO75', 'LEO84', 'LEO85', 'LEO86']
LEO59: 44.32010044037535: ['LEO48', 'LEO49', 'LEO58', 'LEO59', 'LEO68', 'LEO69']
sum_con_loads:  240.95
max_con_loads:   96.92
avg_setup_time: 449.27
