******************************************************************************
METIS 5.0 Copyright 1998-13, Regents of the University of Minnesota
 (HEAD: , Built on: Dec 17 2022, 08:18:35)
 size of idx_t: 64bits, real_t: 32bits, idx_t *: 64bits

Graph Information -----------------------------------------------------------
 Name: MetisTopos/764, #Vertices: 72, #Edges: 126, #Parts: 8

Options ---------------------------------------------------------------------
 ptype=kway, objtype=cut, ctype=shem, rtype=greedy, iptype=metisrb
 dbglvl=0, ufactor=1.300, no2hop=NO, minconn=NO, contig=YES, nooutput=NO
 seed=-1, niter=10, ncuts=1

Direct k-way Partitioning ---------------------------------------------------
 - Edgecut: 8903, communication volume: 77.

 - Balance:
     constraint #0:  1.246 out of 0.459

 - Most overweight partition:
     pid: 3, actual: 1900, desired: 1525, ratio: 1.25.

 - Subdomain connectivity: max: 5, min: 3, avg: 4.25

 - Each partition is contiguous.

Timing Information ----------------------------------------------------------
  I/O:          		   0.001 sec
  Partitioning: 		   0.002 sec   (METIS time)
  Reporting:    		   0.000 sec

Memory Information ----------------------------------------------------------
  Max memory used:		   0.071 MB
******************************************************************************
LEO41: 57.72231321490008: ['LEO11', 'LEO21', 'LEO22', 'LEO31', 'LEO41', 'LEO49', 'LEO51']
LEO23: 33.97489846705871: ['LEO12', 'LEO13', 'LEO14', 'LEO23']
LEO24: 28.827760824478176: ['LEO15', 'LEO24', 'LEO25', 'LEO34', 'LEO35', 'LEO44', 'LEO45']
LEO57: 27.746070110180742: ['LEO16', 'LEO17', 'LEO18', 'LEO19', 'LEO26', 'LEO27', 'LEO28', 'LEO29', 'LEO36', 'LEO37', 'LEO38', 'LEO39', 'LEO46', 'LEO47', 'LEO48', 'LEO57', 'LEO66', 'LEO67', 'LEO68', 'LEO76', 'LEO77', 'LEO78', 'LEO81', 'LEO87', 'LEO88', 'LEO89']
LEO52: 54.13093319290517: ['LEO32', 'LEO33', 'LEO42', 'LEO43', 'LEO52', 'LEO53', 'LEO62', 'LEO63']
LEO72: 35.039858000122386: ['LEO54', 'LEO55', 'LEO56', 'LEO64', 'LEO65', 'LEO72', 'LEO73', 'LEO74', 'LEO75', 'LEO82', 'LEO83', 'LEO84', 'LEO85', 'LEO86']
LEO59: 25.733994223040877: ['LEO58', 'LEO59']
LEO61: 37.01732998468542: ['LEO61', 'LEO69', 'LEO71', 'LEO79']
sum_con_loads:  300.19
max_con_loads:   57.72
avg_setup_time: 196.78
