******************************************************************************
METIS 5.0 Copyright 1998-13, Regents of the University of Minnesota
 (HEAD: , Built on: Dec 17 2022, 08:18:35)
 size of idx_t: 64bits, real_t: 32bits, idx_t *: 64bits

Graph Information -----------------------------------------------------------
 Name: MetisTopos/764, #Vertices: 72, #Edges: 126, #Parts: 8

Options ---------------------------------------------------------------------
 ptype=kway, objtype=cut, ctype=shem, rtype=greedy, iptype=metisrb
 dbglvl=0, ufactor=1.400, no2hop=NO, minconn=NO, contig=YES, nooutput=NO
 seed=-1, niter=10, ncuts=1

Direct k-way Partitioning ---------------------------------------------------
 - Edgecut: 9430, communication volume: 76.

 - Balance:
     constraint #0:  1.180 out of 0.459

 - Most overweight partition:
     pid: 4, actual: 1800, desired: 1525, ratio: 1.18.

 - Subdomain connectivity: max: 5, min: 3, avg: 4.00

 - Each partition is contiguous.

Timing Information ----------------------------------------------------------
  I/O:          		   0.001 sec
  Partitioning: 		   0.002 sec   (METIS time)
  Reporting:    		   0.000 sec

Memory Information ----------------------------------------------------------
  Max memory used:		   0.071 MB
******************************************************************************
LEO41: 46.71534928133954: ['LEO11', 'LEO21', 'LEO31', 'LEO41', 'LEO49']
LEO23: 46.64119313357223: ['LEO12', 'LEO13', 'LEO22', 'LEO23', 'LEO32', 'LEO33']
LEO36: 26.862108006428784: ['LEO14', 'LEO15', 'LEO16', 'LEO17', 'LEO18', 'LEO19', 'LEO26', 'LEO27', 'LEO28', 'LEO29', 'LEO36', 'LEO37', 'LEO38', 'LEO39', 'LEO46', 'LEO47', 'LEO48']
LEO34: 22.647356737285826: ['LEO24', 'LEO25', 'LEO34', 'LEO35', 'LEO44', 'LEO45']
LEO52: 46.68841677190992: ['LEO42', 'LEO43', 'LEO52', 'LEO53', 'LEO62', 'LEO63']
LEO51: 51.731723828306656: ['LEO51', 'LEO59', 'LEO61', 'LEO69', 'LEO71']
LEO72: 35.039858000122386: ['LEO54', 'LEO55', 'LEO64', 'LEO65', 'LEO72', 'LEO73', 'LEO74', 'LEO75', 'LEO82', 'LEO83', 'LEO84', 'LEO85']
LEO78: 34.2651970309852: ['LEO56', 'LEO57', 'LEO58', 'LEO66', 'LEO67', 'LEO68', 'LEO76', 'LEO77', 'LEO78', 'LEO79', 'LEO81', 'LEO86', 'LEO87', 'LEO88', 'LEO89']
sum_con_loads:  310.59
max_con_loads:   51.73
avg_setup_time: 197.45
