******************************************************************************
METIS 5.0 Copyright 1998-13, Regents of the University of Minnesota
 (HEAD: , Built on: Dec 17 2022, 08:18:35)
 size of idx_t: 64bits, real_t: 32bits, idx_t *: 64bits

Graph Information -----------------------------------------------------------
 Name: MetisTopos/764, #Vertices: 72, #Edges: 126, #Parts: 8

Options ---------------------------------------------------------------------
 ptype=kway, objtype=cut, ctype=shem, rtype=greedy, iptype=metisrb
 dbglvl=0, ufactor=1.500, no2hop=NO, minconn=NO, contig=NO, nooutput=NO
 seed=-1, niter=10, ncuts=1

Direct k-way Partitioning ---------------------------------------------------
 - Edgecut: 9133, communication volume: 77.

 - Balance:
     constraint #0:  1.377 out of 0.459

 - Most overweight partition:
     pid: 2, actual: 2100, desired: 1525, ratio: 1.38.

 - Subdomain connectivity: max: 6, min: 3, avg: 4.50

 - Each partition is contiguous.

Timing Information ----------------------------------------------------------
  I/O:          		   0.001 sec
  Partitioning: 		   0.001 sec   (METIS time)
  Reporting:    		   0.000 sec

Memory Information ----------------------------------------------------------
  Max memory used:		   0.071 MB
******************************************************************************
LEO15: 28.06158328870941: ['LEO11', 'LEO12', 'LEO14', 'LEO15', 'LEO16', 'LEO17', 'LEO18', 'LEO19', 'LEO27', 'LEO28', 'LEO29', 'LEO38', 'LEO39']
LEO31: 68.6040711950888: ['LEO13', 'LEO21', 'LEO22', 'LEO23', 'LEO31', 'LEO41', 'LEO51']
LEO34: 22.647356737285826: ['LEO24', 'LEO25', 'LEO34', 'LEO35']
LEO77: 29.837782839523996: ['LEO26', 'LEO36', 'LEO37', 'LEO44', 'LEO45', 'LEO46', 'LEO47', 'LEO54', 'LEO55', 'LEO56', 'LEO57', 'LEO64', 'LEO65', 'LEO66', 'LEO67', 'LEO68', 'LEO73', 'LEO74', 'LEO75', 'LEO76', 'LEO77', 'LEO78', 'LEO81', 'LEO84', 'LEO85', 'LEO86', 'LEO87', 'LEO88', 'LEO89']
LEO52: 54.13093319290517: ['LEO32', 'LEO33', 'LEO42', 'LEO43', 'LEO52', 'LEO53', 'LEO62', 'LEO63']
LEO59: 34.77124868319654: ['LEO48', 'LEO49', 'LEO58', 'LEO59']
LEO61: 37.01732998468542: ['LEO61', 'LEO69', 'LEO71', 'LEO79']
LEO72: 29.863134797848563: ['LEO72', 'LEO82', 'LEO83']
sum_con_loads:  304.93
max_con_loads:   68.60
avg_setup_time: 226.94
