******************************************************************************
METIS 5.0 Copyright 1998-13, Regents of the University of Minnesota
 (HEAD: , Built on: Dec 17 2022, 08:18:35)
 size of idx_t: 64bits, real_t: 32bits, idx_t *: 64bits

Graph Information -----------------------------------------------------------
 Name: MetisTopos/764, #Vertices: 72, #Edges: 126, #Parts: 8

Options ---------------------------------------------------------------------
 ptype=kway, objtype=cut, ctype=shem, rtype=greedy, iptype=metisrb
 dbglvl=0, ufactor=1.500, no2hop=NO, minconn=NO, contig=YES, nooutput=NO
 seed=-1, niter=10, ncuts=1

Direct k-way Partitioning ---------------------------------------------------
 - Edgecut: 8777, communication volume: 71.

 - Balance:
     constraint #0:  1.443 out of 0.459

 - Most overweight partition:
     pid: 5, actual: 2200, desired: 1525, ratio: 1.44.

 - Subdomain connectivity: max: 6, min: 0, avg: 4.00

 - Each partition is contiguous.

Timing Information ----------------------------------------------------------
  I/O:          		   0.001 sec
  Partitioning: 		   0.001 sec   (METIS time)
  Reporting:    		   0.000 sec

Memory Information ----------------------------------------------------------
  Max memory used:		   0.071 MB
******************************************************************************
LEO21: 57.59710726152828: ['LEO11', 'LEO12', 'LEO13', 'LEO21', 'LEO22', 'LEO23', 'LEO31', 'LEO32', 'LEO41']
LEO38: 35.4276971743177: ['LEO14', 'LEO15', 'LEO38', 'LEO39', 'LEO48', 'LEO49']
LEO79: 46.254657301764475: ['LEO16', 'LEO17', 'LEO18', 'LEO19', 'LEO26', 'LEO27', 'LEO28', 'LEO29', 'LEO36', 'LEO37', 'LEO44', 'LEO45', 'LEO46', 'LEO47', 'LEO54', 'LEO55', 'LEO56', 'LEO57', 'LEO58', 'LEO64', 'LEO65', 'LEO66', 'LEO67', 'LEO68', 'LEO73', 'LEO74', 'LEO75', 'LEO76', 'LEO77', 'LEO78', 'LEO79', 'LEO81', 'LEO84', 'LEO85', 'LEO86', 'LEO87', 'LEO88', 'LEO89']
LEO34: 22.647356737285826: ['LEO24', 'LEO25', 'LEO34', 'LEO35']
LEO52: 54.130933192905175: ['LEO33', 'LEO42', 'LEO43', 'LEO52', 'LEO53', 'LEO62', 'LEO63']
LEO51: 51.731723828306656: ['LEO51', 'LEO59', 'LEO61', 'LEO69', 'LEO71']
LEO72: 29.863134797848563: ['LEO72', 'LEO82', 'LEO83']
sum_con_loads:  297.65
max_con_loads:   57.60
avg_setup_time: 233.29
