******************************************************************************
METIS 5.0 Copyright 1998-13, Regents of the University of Minnesota
 (HEAD: , Built on: Dec 17 2022, 08:18:35)
 size of idx_t: 64bits, real_t: 32bits, idx_t *: 64bits

Graph Information -----------------------------------------------------------
 Name: MetisTopos/764, #Vertices: 72, #Edges: 126, #Parts: 8

Options ---------------------------------------------------------------------
 ptype=kway, objtype=cut, ctype=shem, rtype=greedy, iptype=metisrb
 dbglvl=0, ufactor=1.700, no2hop=NO, minconn=NO, contig=YES, nooutput=NO
 seed=-1, niter=10, ncuts=1

Direct k-way Partitioning ---------------------------------------------------
 - Edgecut: 8855, communication volume: 82.

 - Balance:
     constraint #0:  1.574 out of 0.459

 - Most overweight partition:
     pid: 6, actual: 2400, desired: 1525, ratio: 1.57.

 - Subdomain connectivity: max: 6, min: 3, avg: 4.50

 - Each partition is contiguous.

Timing Information ----------------------------------------------------------
  I/O:          		   0.001 sec
  Partitioning: 		   0.002 sec   (METIS time)
  Reporting:    		   0.000 sec

Memory Information ----------------------------------------------------------
  Max memory used:		   0.071 MB
******************************************************************************
LEO41: 46.71534928133954: ['LEO11', 'LEO12', 'LEO21', 'LEO22', 'LEO31', 'LEO32', 'LEO41', 'LEO49']
LEO33: 70.96719945580912: ['LEO13', 'LEO23', 'LEO33', 'LEO42', 'LEO43', 'LEO52', 'LEO53', 'LEO62']
LEO36: 27.90011592554615: ['LEO14', 'LEO15', 'LEO16', 'LEO17', 'LEO18', 'LEO19', 'LEO26', 'LEO27', 'LEO28', 'LEO29', 'LEO36', 'LEO37', 'LEO38', 'LEO39', 'LEO46', 'LEO47', 'LEO48', 'LEO57', 'LEO66', 'LEO67']
LEO34: 22.647356737285826: ['LEO24', 'LEO25', 'LEO34', 'LEO35']
LEO63: 20.81013563931604: ['LEO44', 'LEO45', 'LEO54', 'LEO55', 'LEO56', 'LEO63', 'LEO64', 'LEO73', 'LEO74']
LEO51: 54.967364281793564: ['LEO51', 'LEO58', 'LEO59', 'LEO61', 'LEO68', 'LEO69', 'LEO71']
LEO79: 25.212139684761038: ['LEO65', 'LEO75', 'LEO76', 'LEO77', 'LEO78', 'LEO79', 'LEO81', 'LEO84', 'LEO85', 'LEO86', 'LEO87', 'LEO88', 'LEO89']
LEO72: 29.863134797848563: ['LEO72', 'LEO82', 'LEO83']
sum_con_loads:  299.08
max_con_loads:   70.97
avg_setup_time: 217.58
