******************************************************************************
METIS 5.0 Copyright 1998-13, Regents of the University of Minnesota
 (HEAD: , Built on: Dec 17 2022, 08:18:35)
 size of idx_t: 64bits, real_t: 32bits, idx_t *: 64bits

Graph Information -----------------------------------------------------------
 Name: MetisTopos/828, #Vertices: 72, #Edges: 128, #Parts: 8

Options ---------------------------------------------------------------------
 ptype=kway, objtype=cut, ctype=shem, rtype=greedy, iptype=metisrb
 dbglvl=0, ufactor=1.100, no2hop=NO, minconn=NO, contig=NO, nooutput=NO
 seed=-1, niter=10, ncuts=1

Direct k-way Partitioning ---------------------------------------------------
 - Edgecut: 12575, communication volume: 90.

 - Balance:
     constraint #0:  1.058 out of 0.463

 - Most overweight partition:
     pid: 1, actual: 1600, desired: 1512, ratio: 1.06.

 - Subdomain connectivity: max: 7, min: 3, avg: 4.75

 - There are 1 non-contiguous partitions.
   Total components after removing the cut edges: 9,
   max components: 2 for pid: 6.

Timing Information ----------------------------------------------------------
  I/O:          		   0.001 sec
  Partitioning: 		   0.002 sec   (METIS time)
  Reporting:    		   0.000 sec

Memory Information ----------------------------------------------------------
  Max memory used:		   0.071 MB
******************************************************************************
LEO32: 66.66701338300136: ['LEO11', 'LEO21', 'LEO22', 'LEO31', 'LEO32', 'LEO33', 'LEO42', 'LEO52']
LEO23: 33.919726646681056: ['LEO12', 'LEO13', 'LEO14', 'LEO23']
LEO39: 28.83327573753058: ['LEO15', 'LEO16', 'LEO17', 'LEO18', 'LEO19', 'LEO27', 'LEO28', 'LEO29', 'LEO38', 'LEO39', 'LEO48', 'LEO49']
LEO34: 48.23758026338733: ['LEO24', 'LEO25', 'LEO34', 'LEO35', 'LEO41', 'LEO43', 'LEO44', 'LEO45', 'LEO46', 'LEO53', 'LEO54']
LEO78: 35.24615948356214: ['LEO26', 'LEO36', 'LEO37', 'LEO47', 'LEO57', 'LEO58', 'LEO66', 'LEO67', 'LEO68', 'LEO76', 'LEO77', 'LEO78', 'LEO79']
LEO51: 55.09799334466446: ['LEO51', 'LEO59', 'LEO69']
LEO72: 34.58178779197863: ['LEO55', 'LEO56', 'LEO65', 'LEO72', 'LEO75', 'LEO81', 'LEO82', 'LEO83', 'LEO84', 'LEO85', 'LEO86', 'LEO87', 'LEO88', 'LEO89']
LEO62: 70.02153371565281: ['LEO61', 'LEO62', 'LEO63', 'LEO64', 'LEO71', 'LEO73', 'LEO74']
sum_con_loads:  372.61
max_con_loads:   70.02
avg_setup_time: 252.53
