******************************************************************************
METIS 5.0 Copyright 1998-13, Regents of the University of Minnesota
 (HEAD: , Built on: Dec 17 2022, 08:18:35)
 size of idx_t: 64bits, real_t: 32bits, idx_t *: 64bits

Graph Information -----------------------------------------------------------
 Name: MetisTopos/828, #Vertices: 72, #Edges: 128, #Parts: 8

Options ---------------------------------------------------------------------
 ptype=kway, objtype=cut, ctype=shem, rtype=greedy, iptype=metisrb
 dbglvl=0, ufactor=1.100, no2hop=NO, minconn=NO, contig=YES, nooutput=NO
 seed=-1, niter=10, ncuts=1

Direct k-way Partitioning ---------------------------------------------------
 - Edgecut: 11180, communication volume: 84.

 - Balance:
     constraint #0:  1.058 out of 0.463

 - Most overweight partition:
     pid: 0, actual: 1600, desired: 1512, ratio: 1.06.

 - Subdomain connectivity: max: 6, min: 3, avg: 4.00

 - Each partition is contiguous.

Timing Information ----------------------------------------------------------
  I/O:          		   0.001 sec
  Partitioning: 		   0.002 sec   (METIS time)
  Reporting:    		   0.000 sec

Memory Information ----------------------------------------------------------
  Max memory used:		   0.071 MB
******************************************************************************
LEO41: 72.61982323133785: ['LEO11', 'LEO21', 'LEO31', 'LEO32', 'LEO41', 'LEO42', 'LEO51', 'LEO52']
LEO33: 48.71250307381505: ['LEO12', 'LEO13', 'LEO22', 'LEO23', 'LEO33', 'LEO43']
LEO24: 32.14830091096859: ['LEO14', 'LEO24', 'LEO25', 'LEO34', 'LEO35', 'LEO44', 'LEO45']
LEO48: 30.665102256109193: ['LEO15', 'LEO16', 'LEO17', 'LEO18', 'LEO19', 'LEO26', 'LEO27', 'LEO28', 'LEO29', 'LEO36', 'LEO37', 'LEO38', 'LEO39', 'LEO46', 'LEO47', 'LEO48', 'LEO49', 'LEO57', 'LEO67']
LEO73: 28.53456679423071: ['LEO53', 'LEO54', 'LEO55', 'LEO56', 'LEO63', 'LEO64', 'LEO65', 'LEO66', 'LEO73', 'LEO74', 'LEO75', 'LEO76', 'LEO77', 'LEO86', 'LEO87', 'LEO88', 'LEO89']
LEO79: 31.45274260109113: ['LEO58', 'LEO68', 'LEO78', 'LEO79']
LEO61: 59.66395085865471: ['LEO59', 'LEO61', 'LEO69', 'LEO71']
LEO72: 40.93344056024: ['LEO62', 'LEO72', 'LEO81', 'LEO82', 'LEO83', 'LEO84', 'LEO85']
sum_con_loads:  344.73
max_con_loads:   72.62
avg_setup_time: 226.02
