******************************************************************************
METIS 5.0 Copyright 1998-13, Regents of the University of Minnesota
 (HEAD: , Built on: Dec 17 2022, 08:18:35)
 size of idx_t: 64bits, real_t: 32bits, idx_t *: 64bits

Graph Information -----------------------------------------------------------
 Name: MetisTopos/828, #Vertices: 72, #Edges: 128, #Parts: 8

Options ---------------------------------------------------------------------
 ptype=kway, objtype=cut, ctype=shem, rtype=greedy, iptype=metisrb
 dbglvl=0, ufactor=2.200, no2hop=NO, minconn=NO, contig=YES, nooutput=NO
 seed=-1, niter=10, ncuts=1

Direct k-way Partitioning ---------------------------------------------------
 - Edgecut: 8044, communication volume: 75.

 - Balance:
     constraint #0:  2.116 out of 0.463

 - Most overweight partition:
     pid: 5, actual: 3200, desired: 1512, ratio: 2.12.

 - Subdomain connectivity: max: 6, min: 2, avg: 4.25

 - Each partition is contiguous.

Timing Information ----------------------------------------------------------
  I/O:          		   0.001 sec
  Partitioning: 		   0.001 sec   (METIS time)
  Reporting:    		   0.000 sec

Memory Information ----------------------------------------------------------
  Max memory used:		   0.070 MB
******************************************************************************
LEO31: 20.93195587933409: ['LEO11', 'LEO12', 'LEO21', 'LEO22', 'LEO31']
LEO23: 34.332930301264014: ['LEO13', 'LEO23', 'LEO24']
LEO14: 14.030927803301271: ['LEO14', 'LEO15']
LEO37: 18.993255358837413: ['LEO16', 'LEO17', 'LEO18', 'LEO19', 'LEO25', 'LEO26', 'LEO27', 'LEO28', 'LEO29', 'LEO35', 'LEO36', 'LEO37', 'LEO38', 'LEO39', 'LEO45', 'LEO46']
LEO52: 67.88989225769488: ['LEO32', 'LEO33', 'LEO34', 'LEO42', 'LEO43', 'LEO44', 'LEO52', 'LEO53', 'LEO54', 'LEO55', 'LEO56', 'LEO62', 'LEO63', 'LEO64', 'LEO65', 'LEO66']
LEO51: 66.7475601414705: ['LEO41', 'LEO49', 'LEO51', 'LEO59', 'LEO61', 'LEO69', 'LEO71', 'LEO79']
LEO58: 23.134528977001988: ['LEO47', 'LEO48', 'LEO57', 'LEO58', 'LEO67', 'LEO68', 'LEO76', 'LEO77', 'LEO78']
LEO72: 35.83996202721994: ['LEO72', 'LEO73', 'LEO74', 'LEO75', 'LEO81', 'LEO82', 'LEO83', 'LEO84', 'LEO85', 'LEO86', 'LEO87', 'LEO88', 'LEO89']
sum_con_loads:  281.90
max_con_loads:   67.89
avg_setup_time: 195.22
