******************************************************************************
METIS 5.0 Copyright 1998-13, Regents of the University of Minnesota
 (HEAD: , Built on: Dec 17 2022, 08:18:35)
 size of idx_t: 64bits, real_t: 32bits, idx_t *: 64bits

Graph Information -----------------------------------------------------------
 Name: MetisTopos/828, #Vertices: 72, #Edges: 128, #Parts: 8

Options ---------------------------------------------------------------------
 ptype=kway, objtype=cut, ctype=shem, rtype=greedy, iptype=metisrb
 dbglvl=0, ufactor=2.400, no2hop=NO, minconn=NO, contig=NO, nooutput=NO
 seed=-1, niter=10, ncuts=1

Direct k-way Partitioning ---------------------------------------------------
 - Edgecut: 8059, communication volume: 70.

 - Balance:
     constraint #0:  2.380 out of 0.463

 - Most overweight partition:
     pid: 7, actual: 3600, desired: 1512, ratio: 2.38.

 - Subdomain connectivity: max: 7, min: 2, avg: 3.50

 - Each partition is contiguous.

Timing Information ----------------------------------------------------------
  I/O:          		   0.001 sec
  Partitioning: 		   0.001 sec   (METIS time)
  Reporting:    		   0.000 sec

Memory Information ----------------------------------------------------------
  Max memory used:		   0.071 MB
******************************************************************************
LEO21: 15.075674096819355: ['LEO11', 'LEO19', 'LEO21', 'LEO22', 'LEO29']
LEO23: 34.332930301264014: ['LEO12', 'LEO13', 'LEO23', 'LEO24']
LEO14: 14.030927803301271: ['LEO14', 'LEO15']
LEO55: 50.166386371303844: ['LEO16', 'LEO17', 'LEO18', 'LEO25', 'LEO26', 'LEO27', 'LEO28', 'LEO34', 'LEO35', 'LEO36', 'LEO37', 'LEO44', 'LEO45', 'LEO46', 'LEO47', 'LEO54', 'LEO55', 'LEO56', 'LEO57', 'LEO58', 'LEO64', 'LEO65', 'LEO66', 'LEO67', 'LEO68', 'LEO73', 'LEO74', 'LEO75', 'LEO76', 'LEO77', 'LEO83', 'LEO84', 'LEO85', 'LEO86', 'LEO87']
LEO41: 38.02843681676929: ['LEO31', 'LEO38', 'LEO39', 'LEO41', 'LEO48', 'LEO49']
LEO52: 95.84949921959979: ['LEO32', 'LEO33', 'LEO42', 'LEO51', 'LEO52', 'LEO59', 'LEO61', 'LEO62', 'LEO69', 'LEO71', 'LEO72', 'LEO81', 'LEO82']
LEO63: 13.859578829717622: ['LEO43', 'LEO53', 'LEO63']
LEO79: 20.896705464190955: ['LEO78', 'LEO79', 'LEO88', 'LEO89']
sum_con_loads:  282.24
max_con_loads:   95.85
avg_setup_time: 382.12
