******************************************************************************
METIS 5.0 Copyright 1998-13, Regents of the University of Minnesota
 (HEAD: , Built on: Dec 17 2022, 08:18:35)
 size of idx_t: 64bits, real_t: 32bits, idx_t *: 64bits

Graph Information -----------------------------------------------------------
 Name: MetisTopos/828, #Vertices: 72, #Edges: 128, #Parts: 8

Options ---------------------------------------------------------------------
 ptype=kway, objtype=cut, ctype=shem, rtype=greedy, iptype=metisrb
 dbglvl=0, ufactor=2.400, no2hop=NO, minconn=NO, contig=YES, nooutput=NO
 seed=-1, niter=10, ncuts=1

Direct k-way Partitioning ---------------------------------------------------
 - Edgecut: 8046, communication volume: 74.

 - Balance:
     constraint #0:  2.380 out of 0.463

 - Most overweight partition:
     pid: 7, actual: 3600, desired: 1512, ratio: 2.38.

 - Subdomain connectivity: max: 6, min: 2, avg: 3.50

 - Each partition is contiguous.

Timing Information ----------------------------------------------------------
  I/O:          		   0.001 sec
  Partitioning: 		   0.001 sec   (METIS time)
  Reporting:    		   0.000 sec

Memory Information ----------------------------------------------------------
  Max memory used:		   0.071 MB
******************************************************************************
LEO21: 15.075674096819354: ['LEO11', 'LEO21']
LEO23: 34.332930301264014: ['LEO12', 'LEO13', 'LEO22', 'LEO23', 'LEO24']
LEO14: 14.030927803301271: ['LEO14', 'LEO15']
LEO36: 32.76655075956955: ['LEO16', 'LEO17', 'LEO25', 'LEO26', 'LEO27', 'LEO34', 'LEO35', 'LEO36', 'LEO37', 'LEO44', 'LEO45', 'LEO46', 'LEO47', 'LEO54', 'LEO55', 'LEO56', 'LEO57', 'LEO65', 'LEO66', 'LEO67', 'LEO75', 'LEO76', 'LEO77', 'LEO78', 'LEO81', 'LEO86', 'LEO87', 'LEO88', 'LEO89']
LEO41: 38.02843681676929: ['LEO18', 'LEO19', 'LEO28', 'LEO29', 'LEO31', 'LEO38', 'LEO39', 'LEO41', 'LEO48', 'LEO49']
LEO52: 93.04799232238844: ['LEO32', 'LEO33', 'LEO42', 'LEO43', 'LEO51', 'LEO52', 'LEO53', 'LEO61', 'LEO62', 'LEO71', 'LEO72', 'LEO79', 'LEO82', 'LEO83', 'LEO84', 'LEO85']
LEO59: 35.27336538728689: ['LEO58', 'LEO59', 'LEO68', 'LEO69']
LEO63: 19.637204425119556: ['LEO63', 'LEO64', 'LEO73', 'LEO74']
sum_con_loads:  282.19
max_con_loads:   93.05
avg_setup_time: 293.61
