******************************************************************************
METIS 5.0 Copyright 1998-13, Regents of the University of Minnesota
 (HEAD: , Built on: Dec 17 2022, 08:18:35)
 size of idx_t: 64bits, real_t: 32bits, idx_t *: 64bits

Graph Information -----------------------------------------------------------
 Name: MetisTopos/828, #Vertices: 72, #Edges: 128, #Parts: 8

Options ---------------------------------------------------------------------
 ptype=kway, objtype=cut, ctype=shem, rtype=greedy, iptype=metisrb
 dbglvl=0, ufactor=2.500, no2hop=NO, minconn=NO, contig=NO, nooutput=NO
 seed=-1, niter=10, ncuts=1

Direct k-way Partitioning ---------------------------------------------------
 - Edgecut: 8002, communication volume: 76.

 - Balance:
     constraint #0:  2.380 out of 0.463

 - Most overweight partition:
     pid: 7, actual: 3600, desired: 1512, ratio: 2.38.

 - Subdomain connectivity: max: 7, min: 1, avg: 3.00

 - Each partition is contiguous.

Timing Information ----------------------------------------------------------
  I/O:          		   0.001 sec
  Partitioning: 		   0.001 sec   (METIS time)
  Reporting:    		   0.000 sec

Memory Information ----------------------------------------------------------
  Max memory used:		   0.070 MB
******************************************************************************
LEO21: 15.075674096819354: ['LEO11', 'LEO12', 'LEO21']
LEO32: 90.54599408077715: ['LEO13', 'LEO16', 'LEO17', 'LEO18', 'LEO19', 'LEO22', 'LEO23', 'LEO24', 'LEO25', 'LEO26', 'LEO27', 'LEO28', 'LEO29', 'LEO31', 'LEO32', 'LEO33', 'LEO36', 'LEO37', 'LEO38', 'LEO39', 'LEO42', 'LEO43', 'LEO46', 'LEO47', 'LEO48', 'LEO52', 'LEO53', 'LEO57', 'LEO62', 'LEO67']
LEO14: 14.030927803301271: ['LEO14', 'LEO15']
LEO34: 15.367228455450556: ['LEO34', 'LEO35', 'LEO44', 'LEO45']
LEO41: 24.5289823174587: ['LEO41', 'LEO49']
LEO61: 78.10378504323705: ['LEO51', 'LEO58', 'LEO59', 'LEO61', 'LEO68', 'LEO69', 'LEO71', 'LEO72', 'LEO81', 'LEO82', 'LEO83', 'LEO84', 'LEO85']
LEO63: 20.218403478064243: ['LEO54', 'LEO55', 'LEO56', 'LEO63', 'LEO64', 'LEO65', 'LEO66', 'LEO73', 'LEO74', 'LEO75']
LEO79: 23.24734091127632: ['LEO76', 'LEO77', 'LEO78', 'LEO79', 'LEO86', 'LEO87', 'LEO88', 'LEO89']
sum_con_loads:  281.12
max_con_loads:   90.55
avg_setup_time: 275.84
