******************************************************************************
METIS 5.0 Copyright 1998-13, Regents of the University of Minnesota
 (HEAD: , Built on: Dec 17 2022, 08:18:35)
 size of idx_t: 64bits, real_t: 32bits, idx_t *: 64bits

Graph Information -----------------------------------------------------------
 Name: MetisTopos/828, #Vertices: 72, #Edges: 128, #Parts: 8

Options ---------------------------------------------------------------------
 ptype=kway, objtype=cut, ctype=shem, rtype=greedy, iptype=metisrb
 dbglvl=0, ufactor=2.900, no2hop=NO, minconn=NO, contig=YES, nooutput=NO
 seed=-1, niter=10, ncuts=1

Direct k-way Partitioning ---------------------------------------------------
 - Edgecut: 6884, communication volume: 71.

 - Balance:
     constraint #0:  2.843 out of 0.463

 - Most overweight partition:
     pid: 7, actual: 4300, desired: 1512, ratio: 2.84.

 - Subdomain connectivity: max: 5, min: 0, avg: 3.00

 - There are 0 non-contiguous partitions.
   Total components after removing the cut edges: 6,
   max components: 1 for pid: 2.

Timing Information ----------------------------------------------------------
  I/O:          		   0.001 sec
  Partitioning: 		   0.001 sec   (METIS time)
  Reporting:    		   0.000 sec

Memory Information ----------------------------------------------------------
  Max memory used:		   0.070 MB
******************************************************************************
LEO31: 25.06871893740759: ['LEO11', 'LEO18', 'LEO19', 'LEO21', 'LEO22', 'LEO28', 'LEO29', 'LEO31', 'LEO38', 'LEO39']
LEO13: 19.754516924525213: ['LEO12', 'LEO13', 'LEO14']
LEO34: 42.48838777822279: ['LEO15', 'LEO16', 'LEO17', 'LEO24', 'LEO25', 'LEO26', 'LEO27', 'LEO34', 'LEO35', 'LEO36', 'LEO37', 'LEO43', 'LEO44', 'LEO45', 'LEO53', 'LEO63']
LEO52: 98.74723964540381: ['LEO23', 'LEO32', 'LEO33', 'LEO41', 'LEO42', 'LEO49', 'LEO51', 'LEO52', 'LEO61', 'LEO62', 'LEO71', 'LEO72', 'LEO73', 'LEO81', 'LEO82', 'LEO83']
LEO59: 40.48111429528225: ['LEO46', 'LEO47', 'LEO48', 'LEO57', 'LEO58', 'LEO59', 'LEO66', 'LEO67', 'LEO68', 'LEO69', 'LEO76', 'LEO77']
LEO79: 32.26303518566399: ['LEO54', 'LEO55', 'LEO56', 'LEO64', 'LEO65', 'LEO74', 'LEO75', 'LEO78', 'LEO79', 'LEO84', 'LEO85', 'LEO86', 'LEO87', 'LEO88', 'LEO89']
sum_con_loads:  258.80
max_con_loads:   98.75
avg_setup_time: 841.66
