******************************************************************************
METIS 5.0 Copyright 1998-13, Regents of the University of Minnesota
 (HEAD: , Built on: Dec 17 2022, 08:18:35)
 size of idx_t: 64bits, real_t: 32bits, idx_t *: 64bits

Graph Information -----------------------------------------------------------
 Name: MetisTopos/828, #Vertices: 72, #Edges: 128, #Parts: 8

Options ---------------------------------------------------------------------
 ptype=kway, objtype=cut, ctype=shem, rtype=greedy, iptype=metisrb
 dbglvl=0, ufactor=3.200, no2hop=NO, minconn=NO, contig=NO, nooutput=NO
 seed=-1, niter=10, ncuts=1

Direct k-way Partitioning ---------------------------------------------------
 - Edgecut: 6337, communication volume: 70.

 - Balance:
     constraint #0:  3.174 out of 0.463

 - Most overweight partition:
     pid: 7, actual: 4800, desired: 1512, ratio: 3.17.

 - Subdomain connectivity: max: 6, min: 0, avg: 3.50

 - There are 0 non-contiguous partitions.
   Total components after removing the cut edges: 7,
   max components: 1 for pid: 1.

Timing Information ----------------------------------------------------------
  I/O:          		   0.001 sec
  Partitioning: 		   0.001 sec   (METIS time)
  Reporting:    		   0.000 sec

Memory Information ----------------------------------------------------------
  Max memory used:		   0.070 MB
******************************************************************************
LEO11: 5.7103735798742115: ['LEO11', 'LEO12']
LEO42: 101.76686801273785: ['LEO13', 'LEO21', 'LEO22', 'LEO23', 'LEO31', 'LEO32', 'LEO33', 'LEO41', 'LEO42', 'LEO49', 'LEO51', 'LEO52', 'LEO61', 'LEO62', 'LEO71', 'LEO72', 'LEO81', 'LEO82']
LEO24: 34.28848065288: ['LEO14', 'LEO15', 'LEO16', 'LEO17', 'LEO18', 'LEO19', 'LEO24', 'LEO25', 'LEO26', 'LEO27', 'LEO28', 'LEO29', 'LEO34', 'LEO35', 'LEO36', 'LEO37', 'LEO44', 'LEO45']
LEO38: 9.98303249741735: ['LEO38', 'LEO39']
LEO63: 13.859578829717622: ['LEO43', 'LEO53', 'LEO63']
LEO59: 37.86344675661212: ['LEO46', 'LEO47', 'LEO48', 'LEO57', 'LEO58', 'LEO59', 'LEO66', 'LEO67', 'LEO68', 'LEO69']
LEO79: 44.37745961410232: ['LEO54', 'LEO55', 'LEO56', 'LEO64', 'LEO65', 'LEO73', 'LEO74', 'LEO75', 'LEO76', 'LEO77', 'LEO78', 'LEO79', 'LEO83', 'LEO84', 'LEO85', 'LEO86', 'LEO87', 'LEO88', 'LEO89']
sum_con_loads:  247.85
max_con_loads:  101.77
avg_setup_time: 184.11
