******************************************************************************
METIS 5.0 Copyright 1998-13, Regents of the University of Minnesota
 (HEAD: , Built on: Dec 17 2022, 08:18:35)
 size of idx_t: 64bits, real_t: 32bits, idx_t *: 64bits

Graph Information -----------------------------------------------------------
 Name: MetisTopos/828, #Vertices: 72, #Edges: 128, #Parts: 8

Options ---------------------------------------------------------------------
 ptype=kway, objtype=cut, ctype=shem, rtype=greedy, iptype=metisrb
 dbglvl=0, ufactor=3.700, no2hop=NO, minconn=NO, contig=YES, nooutput=NO
 seed=-1, niter=10, ncuts=1

Direct k-way Partitioning ---------------------------------------------------
 - Edgecut: 4883, communication volume: 55.

 - Balance:
     constraint #0:  3.570 out of 0.463

 - Most overweight partition:
     pid: 7, actual: 5400, desired: 1512, ratio: 3.57.

 - Subdomain connectivity: max: 4, min: 0, avg: 1.50

 - There are 0 non-contiguous partitions.
   Total components after removing the cut edges: 5,
   max components: 1 for pid: 3.

Timing Information ----------------------------------------------------------
  I/O:          		   0.001 sec
  Partitioning: 		   0.001 sec   (METIS time)
  Reporting:    		   0.000 sec

Memory Information ----------------------------------------------------------
  Max memory used:		   0.073 MB
******************************************************************************
LEO32: 84.78889219009478: ['LEO11', 'LEO12', 'LEO13', 'LEO14', 'LEO18', 'LEO19', 'LEO21', 'LEO22', 'LEO23', 'LEO24', 'LEO28', 'LEO29', 'LEO31', 'LEO32', 'LEO33', 'LEO34', 'LEO38', 'LEO39', 'LEO41', 'LEO42', 'LEO43', 'LEO44', 'LEO48', 'LEO49']
LEO35: 13.483502186956937: ['LEO15', 'LEO16', 'LEO17', 'LEO25', 'LEO26', 'LEO27', 'LEO35', 'LEO36', 'LEO37', 'LEO45', 'LEO46', 'LEO47']
LEO52: 96.81796270619414: ['LEO51', 'LEO52', 'LEO53', 'LEO54', 'LEO55', 'LEO56', 'LEO57', 'LEO58', 'LEO59', 'LEO61', 'LEO62', 'LEO63', 'LEO64', 'LEO67', 'LEO68', 'LEO69', 'LEO71', 'LEO72', 'LEO73', 'LEO79', 'LEO81', 'LEO82', 'LEO83', 'LEO89']
LEO74: 11.33285633211729: ['LEO65', 'LEO66', 'LEO74', 'LEO75', 'LEO84', 'LEO85', 'LEO86', 'LEO87', 'LEO88']
LEO78: 12.239143863002276: ['LEO76', 'LEO77', 'LEO78']
sum_con_loads:  218.66
max_con_loads:   96.82
avg_setup_time: 467.17
