******************************************************************************
METIS 5.0 Copyright 1998-13, Regents of the University of Minnesota
 (HEAD: , Built on: Dec 17 2022, 08:18:35)
 size of idx_t: 64bits, real_t: 32bits, idx_t *: 64bits

Graph Information -----------------------------------------------------------
 Name: MetisTopos/828, #Vertices: 72, #Edges: 128, #Parts: 8

Options ---------------------------------------------------------------------
 ptype=kway, objtype=cut, ctype=shem, rtype=greedy, iptype=metisrb
 dbglvl=0, ufactor=1.500, no2hop=NO, minconn=NO, contig=YES, nooutput=NO
 seed=-1, niter=10, ncuts=1

Direct k-way Partitioning ---------------------------------------------------
 - Edgecut: 9028, communication volume: 80.

 - Balance:
     constraint #0:  1.388 out of 0.463

 - Most overweight partition:
     pid: 1, actual: 2100, desired: 1512, ratio: 1.39.

 - Subdomain connectivity: max: 6, min: 3, avg: 4.25

 - Each partition is contiguous.

Timing Information ----------------------------------------------------------
  I/O:          		   0.001 sec
  Partitioning: 		   0.002 sec   (METIS time)
  Reporting:    		   0.000 sec

Memory Information ----------------------------------------------------------
  Max memory used:		   0.071 MB
******************************************************************************
LEO31: 25.06871893740759: ['LEO11', 'LEO18', 'LEO19', 'LEO21', 'LEO22', 'LEO28', 'LEO29', 'LEO31', 'LEO38', 'LEO39']
LEO23: 33.919726646681056: ['LEO12', 'LEO13', 'LEO14', 'LEO23']
LEO49: 35.247449757921146: ['LEO15', 'LEO16', 'LEO17', 'LEO26', 'LEO27', 'LEO36', 'LEO37', 'LEO41', 'LEO47', 'LEO48', 'LEO49']
LEO34: 22.567005222516134: ['LEO24', 'LEO25', 'LEO34', 'LEO35', 'LEO44', 'LEO45', 'LEO46']
LEO52: 63.254506688470656: ['LEO32', 'LEO33', 'LEO42', 'LEO43', 'LEO52', 'LEO53', 'LEO62', 'LEO63']
LEO61: 56.01649616457381: ['LEO51', 'LEO61', 'LEO69', 'LEO71', 'LEO78', 'LEO79', 'LEO88', 'LEO89']
LEO72: 34.7097067524944: ['LEO54', 'LEO55', 'LEO56', 'LEO64', 'LEO65', 'LEO66', 'LEO72', 'LEO73', 'LEO74', 'LEO75', 'LEO81', 'LEO82', 'LEO83', 'LEO84', 'LEO85']
LEO59: 30.95460399718992: ['LEO57', 'LEO58', 'LEO59', 'LEO67', 'LEO68', 'LEO76', 'LEO77', 'LEO86', 'LEO87']
sum_con_loads:  301.74
max_con_loads:   63.25
avg_setup_time: 195.45
