******************************************************************************
METIS 5.0 Copyright 1998-13, Regents of the University of Minnesota
 (HEAD: , Built on: Dec 17 2022, 08:18:35)
 size of idx_t: 64bits, real_t: 32bits, idx_t *: 64bits

Graph Information -----------------------------------------------------------
 Name: MetisTopos/828, #Vertices: 72, #Edges: 128, #Parts: 8

Options ---------------------------------------------------------------------
 ptype=kway, objtype=cut, ctype=shem, rtype=greedy, iptype=metisrb
 dbglvl=0, ufactor=1.600, no2hop=NO, minconn=NO, contig=NO, nooutput=NO
 seed=-1, niter=10, ncuts=1

Direct k-way Partitioning ---------------------------------------------------
 - Edgecut: 9299, communication volume: 89.

 - Balance:
     constraint #0:  1.587 out of 0.463

 - Most overweight partition:
     pid: 7, actual: 2400, desired: 1512, ratio: 1.59.

 - Subdomain connectivity: max: 7, min: 3, avg: 4.50

 - There are 1 non-contiguous partitions.
   Total components after removing the cut edges: 9,
   max components: 2 for pid: 4.

Timing Information ----------------------------------------------------------
  I/O:          		   0.001 sec
  Partitioning: 		   0.001 sec   (METIS time)
  Reporting:    		   0.000 sec

Memory Information ----------------------------------------------------------
  Max memory used:		   0.070 MB
******************************************************************************
LEO13: 26.882632193099212: ['LEO11', 'LEO12', 'LEO13', 'LEO14', 'LEO15']
LEO58: 26.08000554811425: ['LEO16', 'LEO17', 'LEO18', 'LEO19', 'LEO26', 'LEO27', 'LEO28', 'LEO29', 'LEO36', 'LEO37', 'LEO47', 'LEO48', 'LEO55', 'LEO56', 'LEO57', 'LEO58', 'LEO65', 'LEO66', 'LEO67', 'LEO68', 'LEO75', 'LEO76', 'LEO77', 'LEO78', 'LEO86', 'LEO87', 'LEO88']
LEO32: 71.24085696530236: ['LEO21', 'LEO22', 'LEO23', 'LEO31', 'LEO32', 'LEO33', 'LEO34', 'LEO42', 'LEO52']
LEO25: 24.712692125010204: ['LEO24', 'LEO25', 'LEO35', 'LEO38', 'LEO39', 'LEO45', 'LEO46']
LEO51: 62.63591105846023: ['LEO41', 'LEO51', 'LEO61', 'LEO69', 'LEO71', 'LEO79', 'LEO89']
LEO63: 23.242036614491294: ['LEO43', 'LEO44', 'LEO53', 'LEO54', 'LEO63', 'LEO64', 'LEO73', 'LEO74']
LEO59: 31.49393830360137: ['LEO49', 'LEO59']
LEO72: 40.93344056024: ['LEO62', 'LEO72', 'LEO81', 'LEO82', 'LEO83', 'LEO84', 'LEO85']
sum_con_loads:  307.22
max_con_loads:   71.24
avg_setup_time: 211.91
