0.01 , iter--1, SumLoad: 400.3100, MaxCon: LEO31, Load: 79.5720 
0.04 , iter--2, SumLoad: 407.5300, MaxCon: LEO31, Load: 75.6018 
0.06 , iter--3, SumLoad: 399.0530, MaxCon: LEO31, Load: 71.0097 
0.08 , iter--4, SumLoad: 398.5388, MaxCon: LEO61, Load: 70.7622 
0.10 , iter--5, SumLoad: 389.6384, MaxCon: LEO31, Load: 70.3761 
0.12 , iter--6, SumLoad: 393.1744, MaxCon: LEO21, Load: 68.6716 
0.14 , iter--7, SumLoad: 378.2242, MaxCon: LEO52, Load: 58.5500 
0.16 , iter--8, SumLoad: 371.8523, MaxCon: LEO22, Load: 58.4623 
0.18 , iter--9, SumLoad: 373.4693, MaxCon: LEO22, Load: 59.2708 
LEO12: 26.902006442884947: ['LEO11', 'LEO12', 'LEO13', 'LEO14', 'LEO15', 'LEO16', 'LEO17', 'LEO18', 'LEO19']
LEO32: 58.46230299055058: ['LEO22', 'LEO23', 'LEO24', 'LEO25', 'LEO26', 'LEO27', 'LEO28', 'LEO33', 'LEO34', 'LEO44', 'LEO35', 'LEO36', 'LEO46', 'LEO32', 'LEO52', 'LEO42']
LEO51: 55.9184970294251: ['LEO31', 'LEO51', 'LEO41', 'LEO61']
LEO39: 43.16648287117496: ['LEO43', 'LEO45', 'LEO47', 'LEO48', 'LEO49', 'LEO37', 'LEO38', 'LEO21', 'LEO29', 'LEO39']
LEO59: 54.04818527091789: ['LEO53', 'LEO54', 'LEO55', 'LEO56', 'LEO57', 'LEO58', 'LEO59']
LEO69: 55.54569828335542: ['LEO62', 'LEO63', 'LEO64', 'LEO65', 'LEO66', 'LEO67', 'LEO68', 'LEO69']
LEO71: 52.740934493348895: ['LEO71', 'LEO72', 'LEO73', 'LEO74', 'LEO75', 'LEO76', 'LEO77', 'LEO78', 'LEO79']
LEO81: 25.068242124325874: ['LEO81', 'LEO82', 'LEO83', 'LEO84', 'LEO85', 'LEO86', 'LEO87', 'LEO88', 'LEO89']
sum_con_loads:  371.85
max_con_loads:   58.46
avg_setup_time: 222.00
