******************************************************************************
METIS 5.0 Copyright 1998-13, Regents of the University of Minnesota
 (HEAD: , Built on: Dec 17 2022, 08:18:35)
 size of idx_t: 64bits, real_t: 32bits, idx_t *: 64bits

Graph Information -----------------------------------------------------------
 Name: MetisTopos/1917, #Vertices: 72, #Edges: 128, #Parts: 8

Options ---------------------------------------------------------------------
 ptype=kway, objtype=cut, ctype=shem, rtype=greedy, iptype=metisrb
 dbglvl=0, ufactor=1.100, no2hop=NO, minconn=NO, contig=NO, nooutput=NO
 seed=-1, niter=10, ncuts=1

Direct k-way Partitioning ---------------------------------------------------
 - Edgecut: 11160, communication volume: 80.

 - Balance:
     constraint #0:  1.103 out of 0.552

 - Most overweight partition:
     pid: 6, actual: 1600, desired: 1450, ratio: 1.10.

 - Subdomain connectivity: max: 7, min: 2, avg: 4.25

 - There are 2 non-contiguous partitions.
   Total components after removing the cut edges: 10,
   max components: 2 for pid: 3.

Timing Information ----------------------------------------------------------
  I/O:          		   0.001 sec
  Partitioning: 		   0.002 sec   (METIS time)
  Reporting:    		   0.000 sec

Memory Information ----------------------------------------------------------
  Max memory used:		   0.070 MB
******************************************************************************
LEO31: 52.062538272372024: ['LEO11', 'LEO19', 'LEO21', 'LEO29', 'LEO31', 'LEO39', 'LEO41', 'LEO49', 'LEO51', 'LEO59']
LEO12: 28.234758922249878: ['LEO12', 'LEO13', 'LEO36']
LEO22: 34.757026646676564: ['LEO14', 'LEO15', 'LEO16', 'LEO17', 'LEO18', 'LEO22', 'LEO23', 'LEO24', 'LEO25', 'LEO26', 'LEO27', 'LEO32', 'LEO33', 'LEO34', 'LEO35', 'LEO42', 'LEO43', 'LEO44', 'LEO45', 'LEO52', 'LEO53', 'LEO54', 'LEO55', 'LEO62', 'LEO63', 'LEO64', 'LEO65', 'LEO73', 'LEO74', 'LEO75']
LEO48: 59.42318742342384: ['LEO28', 'LEO48', 'LEO58']
LEO47: 37.52686941379958: ['LEO37', 'LEO38', 'LEO46', 'LEO47', 'LEO56', 'LEO57']
LEO79: 51.21853531652638: ['LEO61', 'LEO69', 'LEO71', 'LEO76', 'LEO77', 'LEO79', 'LEO84', 'LEO85', 'LEO86', 'LEO87', 'LEO88', 'LEO89']
LEO68: 46.30245592913583: ['LEO66', 'LEO67', 'LEO68', 'LEO78']
LEO81: 30.404217845226217: ['LEO72', 'LEO81', 'LEO82', 'LEO83']
sum_con_loads:  339.93
max_con_loads:   59.42
avg_setup_time: 233.28
