******************************************************************************
METIS 5.0 Copyright 1998-13, Regents of the University of Minnesota
 (HEAD: , Built on: Dec 17 2022, 08:18:35)
 size of idx_t: 64bits, real_t: 32bits, idx_t *: 64bits

Graph Information -----------------------------------------------------------
 Name: MetisTopos/1917, #Vertices: 72, #Edges: 128, #Parts: 8

Options ---------------------------------------------------------------------
 ptype=kway, objtype=cut, ctype=shem, rtype=greedy, iptype=metisrb
 dbglvl=0, ufactor=2.000, no2hop=NO, minconn=NO, contig=YES, nooutput=NO
 seed=-1, niter=10, ncuts=1

Direct k-way Partitioning ---------------------------------------------------
 - Edgecut: 8405, communication volume: 77.

 - Balance:
     constraint #0:  1.862 out of 0.552

 - Most overweight partition:
     pid: 7, actual: 2700, desired: 1450, ratio: 1.86.

 - Subdomain connectivity: max: 6, min: 3, avg: 4.50

 - Each partition is contiguous.

Timing Information ----------------------------------------------------------
  I/O:          		   0.001 sec
  Partitioning: 		   0.002 sec   (METIS time)
  Reporting:    		   0.000 sec

Memory Information ----------------------------------------------------------
  Max memory used:		   0.070 MB
******************************************************************************
LEO21: 51.19612790827921: ['LEO11', 'LEO12', 'LEO21', 'LEO31', 'LEO39', 'LEO41']
LEO23: 21.540511643763878: ['LEO13', 'LEO14', 'LEO23', 'LEO24', 'LEO33']
LEO38: 28.66968114987341: ['LEO15', 'LEO16', 'LEO17', 'LEO18', 'LEO19', 'LEO26', 'LEO27', 'LEO28', 'LEO29', 'LEO36', 'LEO37', 'LEO38']
LEO22: 21.17636150674177: ['LEO22', 'LEO32', 'LEO42', 'LEO52', 'LEO62']
LEO66: 32.560469603215516: ['LEO25', 'LEO34', 'LEO35', 'LEO43', 'LEO44', 'LEO45', 'LEO53', 'LEO54', 'LEO55', 'LEO63', 'LEO64', 'LEO65', 'LEO66', 'LEO67', 'LEO73', 'LEO74', 'LEO75', 'LEO76', 'LEO77', 'LEO83', 'LEO84', 'LEO85', 'LEO86', 'LEO87']
LEO57: 20.23816427188712: ['LEO46', 'LEO47', 'LEO56', 'LEO57']
LEO58: 77.52582764618326: ['LEO48', 'LEO49', 'LEO51', 'LEO58', 'LEO59', 'LEO61', 'LEO68', 'LEO69', 'LEO78', 'LEO79', 'LEO88', 'LEO89']
LEO71: 31.103967633310884: ['LEO71', 'LEO72', 'LEO81', 'LEO82']
sum_con_loads:  284.01
max_con_loads:   77.53
avg_setup_time: 223.77
