******************************************************************************
METIS 5.0 Copyright 1998-13, Regents of the University of Minnesota
 (HEAD: , Built on: Dec 17 2022, 08:18:35)
 size of idx_t: 64bits, real_t: 32bits, idx_t *: 64bits

Graph Information -----------------------------------------------------------
 Name: MetisTopos/1917, #Vertices: 72, #Edges: 128, #Parts: 8

Options ---------------------------------------------------------------------
 ptype=kway, objtype=cut, ctype=shem, rtype=greedy, iptype=metisrb
 dbglvl=0, ufactor=1.100, no2hop=NO, minconn=NO, contig=YES, nooutput=NO
 seed=-1, niter=10, ncuts=1

Direct k-way Partitioning ---------------------------------------------------
 - Edgecut: 10173, communication volume: 82.

 - Balance:
     constraint #0:  1.034 out of 0.552

 - Most overweight partition:
     pid: 0, actual: 1500, desired: 1450, ratio: 1.03.

 - Subdomain connectivity: max: 6, min: 3, avg: 4.25

 - Each partition is contiguous.

Timing Information ----------------------------------------------------------
  I/O:          		   0.001 sec
  Partitioning: 		   0.001 sec   (METIS time)
  Reporting:    		   0.000 sec

Memory Information ----------------------------------------------------------
  Max memory used:		   0.070 MB
******************************************************************************
LEO31: 52.062538272372024: ['LEO11', 'LEO19', 'LEO21', 'LEO29', 'LEO31', 'LEO39', 'LEO41', 'LEO51']
LEO12: 30.413327125247683: ['LEO12', 'LEO13', 'LEO14', 'LEO15', 'LEO16', 'LEO17', 'LEO18', 'LEO26', 'LEO27', 'LEO36']
LEO22: 31.436014162428986: ['LEO22', 'LEO23', 'LEO24', 'LEO25', 'LEO32', 'LEO33', 'LEO34', 'LEO35', 'LEO42', 'LEO43', 'LEO44', 'LEO45', 'LEO52', 'LEO53', 'LEO54', 'LEO55', 'LEO62', 'LEO63', 'LEO64', 'LEO65', 'LEO74', 'LEO75', 'LEO84', 'LEO85']
LEO38: 35.57391034323227: ['LEO28', 'LEO37', 'LEO38', 'LEO46', 'LEO47', 'LEO56']
LEO58: 49.25128143045653: ['LEO48', 'LEO49', 'LEO57', 'LEO58', 'LEO59']
LEO71: 47.65228050406388: ['LEO61', 'LEO69', 'LEO71', 'LEO72', 'LEO73', 'LEO79', 'LEO82', 'LEO83']
LEO68: 46.30245592913583: ['LEO66', 'LEO67', 'LEO68', 'LEO78']
LEO89: 27.654477605988625: ['LEO76', 'LEO77', 'LEO81', 'LEO86', 'LEO87', 'LEO88', 'LEO89']
sum_con_loads:  320.35
max_con_loads:   52.06
avg_setup_time: 222.43
