******************************************************************************
METIS 5.0 Copyright 1998-13, Regents of the University of Minnesota
 (HEAD: , Built on: Dec 17 2022, 08:18:35)
 size of idx_t: 64bits, real_t: 32bits, idx_t *: 64bits

Graph Information -----------------------------------------------------------
 Name: MetisTopos/1917, #Vertices: 72, #Edges: 128, #Parts: 8

Options ---------------------------------------------------------------------
 ptype=kway, objtype=cut, ctype=shem, rtype=greedy, iptype=metisrb
 dbglvl=0, ufactor=2.100, no2hop=NO, minconn=NO, contig=NO, nooutput=NO
 seed=-1, niter=10, ncuts=1

Direct k-way Partitioning ---------------------------------------------------
 - Edgecut: 7367, communication volume: 68.

 - Balance:
     constraint #0:  2.000 out of 0.552

 - Most overweight partition:
     pid: 7, actual: 2900, desired: 1450, ratio: 2.00.

 - Subdomain connectivity: max: 5, min: 0, avg: 3.00

 - There are 0 non-contiguous partitions.
   Total components after removing the cut edges: 6,
   max components: 1 for pid: 1.

Timing Information ----------------------------------------------------------
  I/O:          		   0.001 sec
  Partitioning: 		   0.001 sec   (METIS time)
  Reporting:    		   0.000 sec

Memory Information ----------------------------------------------------------
  Max memory used:		   0.070 MB
******************************************************************************
LEO21: 57.716881533793305: ['LEO11', 'LEO12', 'LEO21', 'LEO22', 'LEO31', 'LEO32', 'LEO39', 'LEO41', 'LEO51']
LEO61: 57.822365489657926: ['LEO13', 'LEO14', 'LEO15', 'LEO23', 'LEO24', 'LEO33', 'LEO34', 'LEO42', 'LEO43', 'LEO44', 'LEO52', 'LEO53', 'LEO54', 'LEO61', 'LEO62', 'LEO63', 'LEO64', 'LEO71', 'LEO72', 'LEO73', 'LEO82', 'LEO83']
LEO38: 26.532757190310853: ['LEO16', 'LEO17', 'LEO18', 'LEO19', 'LEO27', 'LEO28', 'LEO29', 'LEO37', 'LEO38']
LEO56: 34.497643108861084: ['LEO25', 'LEO26', 'LEO35', 'LEO36', 'LEO45', 'LEO46', 'LEO47', 'LEO55', 'LEO56', 'LEO65', 'LEO66', 'LEO67', 'LEO74', 'LEO75']
LEO68: 70.99099514465318: ['LEO48', 'LEO49', 'LEO57', 'LEO58', 'LEO59', 'LEO68', 'LEO69', 'LEO79', 'LEO81', 'LEO89']
LEO78: 15.78744816302715: ['LEO76', 'LEO77', 'LEO78', 'LEO84', 'LEO85', 'LEO86', 'LEO87', 'LEO88']
sum_con_loads:  263.35
max_con_loads:   70.99
avg_setup_time: 244.88
