******************************************************************************
METIS 5.0 Copyright 1998-13, Regents of the University of Minnesota
 (HEAD: , Built on: Dec 17 2022, 08:18:35)
 size of idx_t: 64bits, real_t: 32bits, idx_t *: 64bits

Graph Information -----------------------------------------------------------
 Name: MetisTopos/1917, #Vertices: 72, #Edges: 128, #Parts: 8

Options ---------------------------------------------------------------------
 ptype=kway, objtype=cut, ctype=shem, rtype=greedy, iptype=metisrb
 dbglvl=0, ufactor=2.800, no2hop=NO, minconn=NO, contig=YES, nooutput=NO
 seed=-1, niter=10, ncuts=1

Direct k-way Partitioning ---------------------------------------------------
 - Edgecut: 6593, communication volume: 59.

 - Balance:
     constraint #0:  2.621 out of 0.552

 - Most overweight partition:
     pid: 5, actual: 3800, desired: 1450, ratio: 2.62.

 - Subdomain connectivity: max: 4, min: 0, avg: 2.00

 - There are 0 non-contiguous partitions.
   Total components after removing the cut edges: 5,
   max components: 1 for pid: 2.

Timing Information ----------------------------------------------------------
  I/O:          		   0.001 sec
  Partitioning: 		   0.001 sec   (METIS time)
  Reporting:    		   0.000 sec

Memory Information ----------------------------------------------------------
  Max memory used:		   0.070 MB
******************************************************************************
LEO21: 61.172933188417055: ['LEO11', 'LEO12', 'LEO19', 'LEO21', 'LEO22', 'LEO23', 'LEO29', 'LEO31', 'LEO32', 'LEO33', 'LEO39']
LEO13: 13.420293668999594: ['LEO13', 'LEO14', 'LEO15', 'LEO16', 'LEO17', 'LEO18']
LEO35: 24.3064792435099: ['LEO24', 'LEO25', 'LEO26', 'LEO27', 'LEO34', 'LEO35', 'LEO36', 'LEO37', 'LEO44', 'LEO45', 'LEO46', 'LEO55', 'LEO56', 'LEO65', 'LEO66']
LEO58: 93.02676168151726: ['LEO28', 'LEO38', 'LEO41', 'LEO42', 'LEO43', 'LEO47', 'LEO48', 'LEO49', 'LEO51', 'LEO52', 'LEO53', 'LEO54', 'LEO57', 'LEO58', 'LEO59', 'LEO64', 'LEO67', 'LEO68']
LEO79: 56.165009720834796: ['LEO61', 'LEO62', 'LEO63', 'LEO69', 'LEO71', 'LEO72', 'LEO73', 'LEO74', 'LEO75', 'LEO76', 'LEO77', 'LEO78', 'LEO79', 'LEO81', 'LEO82', 'LEO83', 'LEO84', 'LEO85', 'LEO86', 'LEO87', 'LEO88', 'LEO89']
sum_con_loads:  248.09
max_con_loads:   93.03
avg_setup_time: 323.02
