******************************************************************************
METIS 5.0 Copyright 1998-13, Regents of the University of Minnesota
 (HEAD: , Built on: Dec 17 2022, 08:18:35)
 size of idx_t: 64bits, real_t: 32bits, idx_t *: 64bits

Graph Information -----------------------------------------------------------
 Name: MetisTopos/1917, #Vertices: 72, #Edges: 128, #Parts: 8

Options ---------------------------------------------------------------------
 ptype=kway, objtype=cut, ctype=shem, rtype=greedy, iptype=metisrb
 dbglvl=0, ufactor=1.200, no2hop=NO, minconn=NO, contig=NO, nooutput=NO
 seed=-1, niter=10, ncuts=1

Direct k-way Partitioning ---------------------------------------------------
 - Edgecut: 10416, communication volume: 85.

 - Balance:
     constraint #0:  1.172 out of 0.552

 - Most overweight partition:
     pid: 5, actual: 1700, desired: 1450, ratio: 1.17.

 - Subdomain connectivity: max: 7, min: 3, avg: 4.00

 - Each partition is contiguous.

Timing Information ----------------------------------------------------------
  I/O:          		   0.001 sec
  Partitioning: 		   0.002 sec   (METIS time)
  Reporting:    		   0.000 sec

Memory Information ----------------------------------------------------------
  Max memory used:		   0.071 MB
******************************************************************************
LEO21: 50.86298539483913: ['LEO11', 'LEO18', 'LEO19', 'LEO21', 'LEO29', 'LEO31', 'LEO39', 'LEO41']
LEO13: 33.216461466948886: ['LEO12', 'LEO13', 'LEO14', 'LEO15', 'LEO16', 'LEO17', 'LEO24', 'LEO25', 'LEO26', 'LEO27', 'LEO34', 'LEO35', 'LEO43', 'LEO44', 'LEO45', 'LEO53', 'LEO54', 'LEO55', 'LEO63', 'LEO64', 'LEO65', 'LEO73', 'LEO74', 'LEO75', 'LEO85']
LEO51: 43.997888545406354: ['LEO22', 'LEO23', 'LEO32', 'LEO33', 'LEO42', 'LEO51', 'LEO52']
LEO48: 53.704821264428446: ['LEO28', 'LEO38', 'LEO48', 'LEO49', 'LEO58', 'LEO59']
LEO47: 28.67228201655661: ['LEO36', 'LEO37', 'LEO46', 'LEO47', 'LEO56', 'LEO57']
LEO61: 35.9671544555115: ['LEO61', 'LEO62', 'LEO71', 'LEO72']
LEO67: 29.01666381180565: ['LEO66', 'LEO67', 'LEO76', 'LEO77', 'LEO78', 'LEO86', 'LEO87', 'LEO88']
LEO68: 49.267850284874896: ['LEO68', 'LEO69', 'LEO79', 'LEO81', 'LEO82', 'LEO83', 'LEO84', 'LEO89']
sum_con_loads:  324.71
max_con_loads:   53.70
avg_setup_time: 228.78
