******************************************************************************
METIS 5.0 Copyright 1998-13, Regents of the University of Minnesota
 (HEAD: , Built on: Dec 17 2022, 08:18:35)
 size of idx_t: 64bits, real_t: 32bits, idx_t *: 64bits

Graph Information -----------------------------------------------------------
 Name: MetisTopos/1917, #Vertices: 72, #Edges: 128, #Parts: 8

Options ---------------------------------------------------------------------
 ptype=kway, objtype=cut, ctype=shem, rtype=greedy, iptype=metisrb
 dbglvl=0, ufactor=1.400, no2hop=NO, minconn=NO, contig=NO, nooutput=NO
 seed=-1, niter=10, ncuts=1

Direct k-way Partitioning ---------------------------------------------------
 - Edgecut: 8737, communication volume: 87.

 - Balance:
     constraint #0:  1.379 out of 0.552

 - Most overweight partition:
     pid: 1, actual: 2000, desired: 1450, ratio: 1.38.

 - Subdomain connectivity: max: 6, min: 3, avg: 4.50

 - Each partition is contiguous.

Timing Information ----------------------------------------------------------
  I/O:          		   0.001 sec
  Partitioning: 		   0.002 sec   (METIS time)
  Reporting:    		   0.000 sec

Memory Information ----------------------------------------------------------
  Max memory used:		   0.070 MB
******************************************************************************
LEO21: 54.028672107392154: ['LEO11', 'LEO12', 'LEO19', 'LEO21', 'LEO29', 'LEO31', 'LEO39', 'LEO41']
LEO35: 26.98941164447805: ['LEO13', 'LEO14', 'LEO24', 'LEO25', 'LEO26', 'LEO34', 'LEO35', 'LEO36', 'LEO44', 'LEO45', 'LEO46', 'LEO54', 'LEO55', 'LEO64', 'LEO65', 'LEO74', 'LEO75', 'LEO76', 'LEO84', 'LEO85', 'LEO86']
LEO38: 29.206009354025564: ['LEO15', 'LEO16', 'LEO17', 'LEO18', 'LEO27', 'LEO28', 'LEO37', 'LEO38', 'LEO47']
LEO22: 23.229114113502323: ['LEO22', 'LEO23', 'LEO32', 'LEO33', 'LEO42', 'LEO43', 'LEO52', 'LEO53']
LEO58: 52.67871178788862: ['LEO48', 'LEO49', 'LEO58', 'LEO59', 'LEO68']
LEO61: 53.859232589653836: ['LEO51', 'LEO61', 'LEO62', 'LEO69', 'LEO71', 'LEO72', 'LEO77', 'LEO78', 'LEO79']
LEO57: 27.169299652509523: ['LEO56', 'LEO57', 'LEO66', 'LEO67']
LEO81: 23.87750739020312: ['LEO63', 'LEO73', 'LEO81', 'LEO82', 'LEO83', 'LEO87', 'LEO88', 'LEO89']
sum_con_loads:  291.04
max_con_loads:   54.03
avg_setup_time: 210.29
