******************************************************************************
METIS 5.0 Copyright 1998-13, Regents of the University of Minnesota
 (HEAD: , Built on: Dec 17 2022, 08:18:35)
 size of idx_t: 64bits, real_t: 32bits, idx_t *: 64bits

Graph Information -----------------------------------------------------------
 Name: MetisTopos/1917, #Vertices: 72, #Edges: 128, #Parts: 8

Options ---------------------------------------------------------------------
 ptype=kway, objtype=cut, ctype=shem, rtype=greedy, iptype=metisrb
 dbglvl=0, ufactor=1.500, no2hop=NO, minconn=NO, contig=YES, nooutput=NO
 seed=-1, niter=10, ncuts=1

Direct k-way Partitioning ---------------------------------------------------
 - Edgecut: 9115, communication volume: 85.

 - Balance:
     constraint #0:  1.448 out of 0.552

 - Most overweight partition:
     pid: 0, actual: 2100, desired: 1450, ratio: 1.45.

 - Subdomain connectivity: max: 5, min: 2, avg: 4.00

 - Each partition is contiguous.

Timing Information ----------------------------------------------------------
  I/O:          		   0.001 sec
  Partitioning: 		   0.002 sec   (METIS time)
  Reporting:    		   0.000 sec

Memory Information ----------------------------------------------------------
  Max memory used:		   0.070 MB
******************************************************************************
LEO41: 73.06239585483732: ['LEO11', 'LEO21', 'LEO31', 'LEO39', 'LEO41', 'LEO47', 'LEO48', 'LEO49', 'LEO51']
LEO13: 31.96325247444033: ['LEO12', 'LEO13', 'LEO14', 'LEO24', 'LEO25', 'LEO26', 'LEO34', 'LEO35', 'LEO36', 'LEO44', 'LEO45', 'LEO46', 'LEO54', 'LEO64']
LEO38: 26.532757190310853: ['LEO15', 'LEO16', 'LEO17', 'LEO18', 'LEO19', 'LEO27', 'LEO28', 'LEO29', 'LEO37', 'LEO38']
LEO22: 23.229114113502323: ['LEO22', 'LEO23', 'LEO32', 'LEO33', 'LEO42', 'LEO43', 'LEO52', 'LEO53']
LEO76: 25.100181709466078: ['LEO55', 'LEO56', 'LEO65', 'LEO66', 'LEO75', 'LEO76', 'LEO77', 'LEO78', 'LEO84', 'LEO85', 'LEO86', 'LEO87', 'LEO88']
LEO58: 52.069934069329435: ['LEO57', 'LEO58', 'LEO59', 'LEO67', 'LEO68']
LEO61: 44.77398289740593: ['LEO61', 'LEO62', 'LEO69', 'LEO71', 'LEO72', 'LEO79', 'LEO89']
LEO81: 21.98545270300945: ['LEO63', 'LEO73', 'LEO74', 'LEO81', 'LEO82', 'LEO83']
sum_con_loads:  298.72
max_con_loads:   73.06
avg_setup_time: 231.16
