******************************************************************************
METIS 5.0 Copyright 1998-13, Regents of the University of Minnesota
 (HEAD: , Built on: Dec 17 2022, 08:18:35)
 size of idx_t: 64bits, real_t: 32bits, idx_t *: 64bits

Graph Information -----------------------------------------------------------
 Name: MetisTopos/1917, #Vertices: 72, #Edges: 128, #Parts: 8

Options ---------------------------------------------------------------------
 ptype=kway, objtype=cut, ctype=shem, rtype=greedy, iptype=metisrb
 dbglvl=0, ufactor=1.500, no2hop=NO, minconn=NO, contig=NO, nooutput=NO
 seed=-1, niter=10, ncuts=1

Direct k-way Partitioning ---------------------------------------------------
 - Edgecut: 8482, communication volume: 83.

 - Balance:
     constraint #0:  1.310 out of 0.552

 - Most overweight partition:
     pid: 0, actual: 1900, desired: 1450, ratio: 1.31.

 - Subdomain connectivity: max: 7, min: 3, avg: 4.50

 - Each partition is contiguous.

Timing Information ----------------------------------------------------------
  I/O:          		   0.001 sec
  Partitioning: 		   0.002 sec   (METIS time)
  Reporting:    		   0.000 sec

Memory Information ----------------------------------------------------------
  Max memory used:		   0.070 MB
******************************************************************************
LEO31: 53.510279657523576: ['LEO11', 'LEO12', 'LEO21', 'LEO31', 'LEO39', 'LEO41', 'LEO51']
LEO35: 26.98941164447805: ['LEO13', 'LEO14', 'LEO15', 'LEO16', 'LEO24', 'LEO25', 'LEO26', 'LEO34', 'LEO35', 'LEO36', 'LEO44', 'LEO45', 'LEO46', 'LEO54', 'LEO55', 'LEO64', 'LEO65', 'LEO74', 'LEO75', 'LEO76', 'LEO85', 'LEO86']
LEO38: 26.532757190310853: ['LEO17', 'LEO18', 'LEO19', 'LEO27', 'LEO28', 'LEO29', 'LEO37', 'LEO38']
LEO22: 23.229114113502323: ['LEO22', 'LEO23', 'LEO32', 'LEO33', 'LEO42', 'LEO43', 'LEO52']
LEO58: 55.192256169468536: ['LEO47', 'LEO48', 'LEO49', 'LEO58', 'LEO59', 'LEO68']
LEO81: 21.98545270300945: ['LEO53', 'LEO63', 'LEO73', 'LEO81', 'LEO82', 'LEO83', 'LEO84']
LEO57: 27.169299652509523: ['LEO56', 'LEO57', 'LEO66', 'LEO67']
LEO79: 51.08905000163722: ['LEO61', 'LEO62', 'LEO69', 'LEO71', 'LEO72', 'LEO77', 'LEO78', 'LEO79', 'LEO87', 'LEO88', 'LEO89']
sum_con_loads:  285.70
max_con_loads:   55.19
avg_setup_time: 207.16
