******************************************************************************
METIS 5.0 Copyright 1998-13, Regents of the University of Minnesota
 (HEAD: , Built on: Dec 17 2022, 08:18:35)
 size of idx_t: 64bits, real_t: 32bits, idx_t *: 64bits

Graph Information -----------------------------------------------------------
 Name: MetisTopos/1917, #Vertices: 72, #Edges: 128, #Parts: 8

Options ---------------------------------------------------------------------
 ptype=kway, objtype=cut, ctype=shem, rtype=greedy, iptype=metisrb
 dbglvl=0, ufactor=1.600, no2hop=NO, minconn=NO, contig=NO, nooutput=NO
 seed=-1, niter=10, ncuts=1

Direct k-way Partitioning ---------------------------------------------------
 - Edgecut: 8495, communication volume: 83.

 - Balance:
     constraint #0:  1.448 out of 0.552

 - Most overweight partition:
     pid: 1, actual: 2100, desired: 1450, ratio: 1.45.

 - Subdomain connectivity: max: 5, min: 2, avg: 4.25

 - Each partition is contiguous.

Timing Information ----------------------------------------------------------
  I/O:          		   0.001 sec
  Partitioning: 		   0.002 sec   (METIS time)
  Reporting:    		   0.000 sec

Memory Information ----------------------------------------------------------
  Max memory used:		   0.070 MB
******************************************************************************
LEO11: 26.79369699716348: ['LEO11', 'LEO12']
LEO22: 25.966279610330815: ['LEO13', 'LEO14', 'LEO15', 'LEO22', 'LEO23', 'LEO24']
LEO38: 25.44870247418657: ['LEO16', 'LEO17', 'LEO18', 'LEO26', 'LEO27', 'LEO28', 'LEO36', 'LEO37', 'LEO38']
LEO31: 62.72089231887851: ['LEO19', 'LEO21', 'LEO29', 'LEO31', 'LEO32', 'LEO33', 'LEO39', 'LEO41', 'LEO42', 'LEO43', 'LEO51', 'LEO61']
LEO67: 28.53297842588927: ['LEO25', 'LEO35', 'LEO45', 'LEO55', 'LEO65', 'LEO66', 'LEO67', 'LEO74', 'LEO75', 'LEO76', 'LEO77', 'LEO84', 'LEO85', 'LEO86', 'LEO87']
LEO71: 36.103705433957344: ['LEO34', 'LEO44', 'LEO52', 'LEO53', 'LEO54', 'LEO62', 'LEO63', 'LEO64', 'LEO71', 'LEO72', 'LEO73', 'LEO81', 'LEO82', 'LEO83']
LEO57: 20.23816427188712: ['LEO46', 'LEO47', 'LEO56', 'LEO57']
LEO58: 60.07219564689071: ['LEO48', 'LEO49', 'LEO58', 'LEO59', 'LEO68', 'LEO69', 'LEO78', 'LEO79', 'LEO88', 'LEO89']
sum_con_loads:  285.88
max_con_loads:   62.72
avg_setup_time: 210.14
