******************************************************************************
METIS 5.0 Copyright 1998-13, Regents of the University of Minnesota
 (HEAD: , Built on: Dec 17 2022, 08:18:35)
 size of idx_t: 64bits, real_t: 32bits, idx_t *: 64bits

Graph Information -----------------------------------------------------------
 Name: MetisTopos/1917, #Vertices: 72, #Edges: 128, #Parts: 8

Options ---------------------------------------------------------------------
 ptype=kway, objtype=cut, ctype=shem, rtype=greedy, iptype=metisrb
 dbglvl=0, ufactor=1.800, no2hop=NO, minconn=NO, contig=NO, nooutput=NO
 seed=-1, niter=10, ncuts=1

Direct k-way Partitioning ---------------------------------------------------
 - Edgecut: 8032, communication volume: 81.

 - Balance:
     constraint #0:  1.586 out of 0.552

 - Most overweight partition:
     pid: 5, actual: 2300, desired: 1450, ratio: 1.59.

 - Subdomain connectivity: max: 6, min: 3, avg: 4.50

 - Each partition is contiguous.

Timing Information ----------------------------------------------------------
  I/O:          		   0.001 sec
  Partitioning: 		   0.002 sec   (METIS time)
  Reporting:    		   0.000 sec

Memory Information ----------------------------------------------------------
  Max memory used:		   0.071 MB
******************************************************************************
LEO21: 56.34282385663652: ['LEO11', 'LEO12', 'LEO19', 'LEO21', 'LEO29', 'LEO31', 'LEO39', 'LEO41', 'LEO51']
LEO35: 25.759053170538117: ['LEO13', 'LEO14', 'LEO15', 'LEO16', 'LEO24', 'LEO25', 'LEO26', 'LEO34', 'LEO35', 'LEO36', 'LEO44', 'LEO45', 'LEO46', 'LEO47', 'LEO54', 'LEO64']
LEO38: 23.311778514624017: ['LEO17', 'LEO18', 'LEO27', 'LEO28', 'LEO37', 'LEO38']
LEO22: 23.229114113502327: ['LEO22', 'LEO23', 'LEO32', 'LEO33']
LEO72: 17.84143967761413: ['LEO42', 'LEO43', 'LEO52', 'LEO53', 'LEO62', 'LEO63', 'LEO72', 'LEO73', 'LEO82', 'LEO83']
LEO58: 57.72634486595786: ['LEO48', 'LEO49', 'LEO58', 'LEO59', 'LEO67', 'LEO68']
LEO56: 25.046574863091013: ['LEO55', 'LEO56', 'LEO57', 'LEO65', 'LEO66', 'LEO74', 'LEO75', 'LEO76', 'LEO84', 'LEO85', 'LEO86']
LEO79: 47.82220298137497: ['LEO61', 'LEO69', 'LEO71', 'LEO77', 'LEO78', 'LEO79', 'LEO81', 'LEO87', 'LEO88', 'LEO89']
sum_con_loads:  277.08
max_con_loads:   57.73
avg_setup_time: 202.77
