******************************************************************************
METIS 5.0 Copyright 1998-13, Regents of the University of Minnesota
 (HEAD: , Built on: Dec 17 2022, 08:18:35)
 size of idx_t: 64bits, real_t: 32bits, idx_t *: 64bits

Graph Information -----------------------------------------------------------
 Name: MetisTopos/157, #Vertices: 72, #Edges: 128, #Parts: 8

Options ---------------------------------------------------------------------
 ptype=kway, objtype=cut, ctype=shem, rtype=greedy, iptype=metisrb
 dbglvl=0, ufactor=1.100, no2hop=NO, minconn=NO, contig=YES, nooutput=NO
 seed=-1, niter=10, ncuts=1

Direct k-way Partitioning ---------------------------------------------------
 - Edgecut: 13534, communication volume: 88.

 - Balance:
     constraint #0:  1.097 out of 0.452

 - Most overweight partition:
     pid: 0, actual: 1700, desired: 1550, ratio: 1.10.

 - Subdomain connectivity: max: 6, min: 3, avg: 4.00

 - Each partition is contiguous.

Timing Information ----------------------------------------------------------
  I/O:          		   0.001 sec
  Partitioning: 		   0.002 sec   (METIS time)
  Reporting:    		   0.000 sec

Memory Information ----------------------------------------------------------
  Max memory used:		   0.071 MB
******************************************************************************
LEO22: ['LEO11', 'LEO12', 'LEO13', 'LEO14', 'LEO17', 'LEO18', 'LEO19', 'LEO21', 'LEO22', 'LEO27', 'LEO28', 'LEO29', 'LEO32', 'LEO37', 'LEO38', 'LEO47', 'LEO48', 'LEO58']

LEO36: ['LEO15', 'LEO16', 'LEO26', 'LEO36', 'LEO46', 'LEO56', 'LEO57', 'LEO64', 'LEO65', 'LEO66', 'LEO67', 'LEO68', 'LEO76', 'LEO77', 'LEO78', 'LEO87', 'LEO88']

LEO43: ['LEO23', 'LEO24', 'LEO33', 'LEO34', 'LEO42', 'LEO43', 'LEO44']

LEO53: ['LEO25', 'LEO35', 'LEO45', 'LEO53', 'LEO54', 'LEO55']

LEO49: ['LEO31', 'LEO39', 'LEO41', 'LEO49', 'LEO59']

LEO62: ['LEO51', 'LEO52', 'LEO62', 'LEO63', 'LEO72', 'LEO73']

LEO71: ['LEO61', 'LEO69', 'LEO71', 'LEO79', 'LEO81', 'LEO89']

LEO83: ['LEO74', 'LEO75', 'LEO82', 'LEO83', 'LEO84', 'LEO85', 'LEO86']

sum_con_loads:  394.67

max_con_loads:   78.21

avg_setup_time: 196.48

