******************************************************************************
METIS 5.0 Copyright 1998-13, Regents of the University of Minnesota
 (HEAD: , Built on: Dec 17 2022, 08:18:35)
 size of idx_t: 64bits, real_t: 32bits, idx_t *: 64bits

Graph Information -----------------------------------------------------------
 Name: MetisTopos/157, #Vertices: 72, #Edges: 128, #Parts: 8

Options ---------------------------------------------------------------------
 ptype=kway, objtype=cut, ctype=shem, rtype=greedy, iptype=metisrb
 dbglvl=0, ufactor=1.100, no2hop=NO, minconn=NO, contig=NO, nooutput=NO
 seed=-1, niter=10, ncuts=1

Direct k-way Partitioning ---------------------------------------------------
 - Edgecut: 12248, communication volume: 83.

 - Balance:
     constraint #0:  1.097 out of 0.452

 - Most overweight partition:
     pid: 0, actual: 1700, desired: 1550, ratio: 1.10.

 - Subdomain connectivity: max: 5, min: 3, avg: 4.00

 - Each partition is contiguous.

Timing Information ----------------------------------------------------------
  I/O:          		   0.001 sec
  Partitioning: 		   0.002 sec   (METIS time)
  Reporting:    		   0.000 sec

Memory Information ----------------------------------------------------------
  Max memory used:		   0.071 MB
******************************************************************************
LEO32: ['LEO11', 'LEO12', 'LEO13', 'LEO16', 'LEO17', 'LEO18', 'LEO19', 'LEO21', 'LEO22', 'LEO23', 'LEO28', 'LEO29', 'LEO32', 'LEO42']

LEO34: ['LEO14', 'LEO24', 'LEO33', 'LEO34', 'LEO43', 'LEO44']

LEO25: ['LEO15', 'LEO25', 'LEO26', 'LEO35', 'LEO36', 'LEO45', 'LEO46', 'LEO55', 'LEO56', 'LEO57', 'LEO65', 'LEO66']

LEO49: ['LEO27', 'LEO31', 'LEO37', 'LEO38', 'LEO39', 'LEO41', 'LEO47', 'LEO48', 'LEO49', 'LEO58', 'LEO59']

LEO52: ['LEO51', 'LEO52', 'LEO61']

LEO53: ['LEO53', 'LEO54', 'LEO63', 'LEO64']

LEO72: ['LEO62', 'LEO72', 'LEO73', 'LEO74', 'LEO82', 'LEO83', 'LEO84', 'LEO85', 'LEO86']

LEO71: ['LEO67', 'LEO68', 'LEO69', 'LEO71', 'LEO75', 'LEO76', 'LEO77', 'LEO78', 'LEO79', 'LEO81', 'LEO87', 'LEO88', 'LEO89']

sum_con_loads:  368.66

max_con_loads:   58.72

avg_setup_time: 163.80

