******************************************************************************
METIS 5.0 Copyright 1998-13, Regents of the University of Minnesota
 (HEAD: , Built on: Dec 17 2022, 08:18:35)
 size of idx_t: 64bits, real_t: 32bits, idx_t *: 64bits

Graph Information -----------------------------------------------------------
 Name: MetisTopos/157, #Vertices: 72, #Edges: 128, #Parts: 8

Options ---------------------------------------------------------------------
 ptype=kway, objtype=cut, ctype=shem, rtype=greedy, iptype=metisrb
 dbglvl=0, ufactor=2.100, no2hop=NO, minconn=NO, contig=YES, nooutput=NO
 seed=-1, niter=10, ncuts=1

Direct k-way Partitioning ---------------------------------------------------
 - Edgecut: 8863, communication volume: 85.

 - Balance:
     constraint #0:  2.065 out of 0.452

 - Most overweight partition:
     pid: 7, actual: 3200, desired: 1550, ratio: 2.06.

 - Subdomain connectivity: max: 7, min: 2, avg: 4.25

 - Each partition is contiguous.

Timing Information ----------------------------------------------------------
  I/O:          		   0.001 sec
  Partitioning: 		   0.001 sec   (METIS time)
  Reporting:    		   0.000 sec

Memory Information ----------------------------------------------------------
  Max memory used:		   0.071 MB
******************************************************************************
LEO58: 21.209914832427497: ['LEO11', 'LEO16', 'LEO17', 'LEO18', 'LEO19', 'LEO21', 'LEO26', 'LEO27', 'LEO28', 'LEO29', 'LEO37', 'LEO38', 'LEO47', 'LEO48', 'LEO57', 'LEO58', 'LEO59', 'LEO67', 'LEO68', 'LEO69', 'LEO78']
LEO32: 36.3543388371404: ['LEO12', 'LEO22', 'LEO23', 'LEO32', 'LEO42']
LEO24: 35.2539414827422: ['LEO13', 'LEO14', 'LEO15', 'LEO24', 'LEO25']
LEO41: 21.41298835798727: ['LEO31', 'LEO39', 'LEO41', 'LEO49']
LEO52: 95.8128468759101: ['LEO33', 'LEO34', 'LEO43', 'LEO51', 'LEO52', 'LEO53', 'LEO61', 'LEO62', 'LEO71', 'LEO72']
LEO35: 16.98304000697854: ['LEO35', 'LEO36', 'LEO45', 'LEO46']
LEO76: 27.47834084706756: ['LEO44', 'LEO54', 'LEO55', 'LEO56', 'LEO65', 'LEO66', 'LEO75', 'LEO76', 'LEO77', 'LEO79', 'LEO87', 'LEO88', 'LEO89']
LEO73: 46.51681539647721: ['LEO63', 'LEO64', 'LEO73', 'LEO74', 'LEO81', 'LEO82', 'LEO83', 'LEO84', 'LEO85', 'LEO86']
sum_con_loads:  301.02
max_con_loads:   95.81
avg_setup_time: 373.73
