******************************************************************************
METIS 5.0 Copyright 1998-13, Regents of the University of Minnesota
 (HEAD: , Built on: Dec 17 2022, 08:18:35)
 size of idx_t: 64bits, real_t: 32bits, idx_t *: 64bits

Graph Information -----------------------------------------------------------
 Name: MetisTopos/157, #Vertices: 72, #Edges: 128, #Parts: 8

Options ---------------------------------------------------------------------
 ptype=kway, objtype=cut, ctype=shem, rtype=greedy, iptype=metisrb
 dbglvl=0, ufactor=2.200, no2hop=NO, minconn=NO, contig=NO, nooutput=NO
 seed=-1, niter=10, ncuts=1

Direct k-way Partitioning ---------------------------------------------------
 - Edgecut: 8494, communication volume: 79.

 - Balance:
     constraint #0:  2.194 out of 0.452

 - Most overweight partition:
     pid: 7, actual: 3400, desired: 1550, ratio: 2.19.

 - Subdomain connectivity: max: 6, min: 2, avg: 4.25

 - Each partition is contiguous.

Timing Information ----------------------------------------------------------
  I/O:          		   0.001 sec
  Partitioning: 		   0.001 sec   (METIS time)
  Reporting:    		   0.000 sec

Memory Information ----------------------------------------------------------
  Max memory used:		   0.071 MB
******************************************************************************
LEO32: ['LEO11', 'LEO12', 'LEO13', 'LEO16', 'LEO17', 'LEO18', 'LEO19', 'LEO21', 'LEO22', 'LEO23', 'LEO26', 'LEO27', 'LEO28', 'LEO29', 'LEO31', 'LEO32', 'LEO36', 'LEO37', 'LEO38', 'LEO39', 'LEO46']

LEO33: ['LEO14', 'LEO15', 'LEO24', 'LEO25', 'LEO33', 'LEO34', 'LEO35', 'LEO43', 'LEO53', 'LEO63']

LEO42: ['LEO41', 'LEO42']

LEO64: ['LEO44', 'LEO45', 'LEO54', 'LEO55', 'LEO64', 'LEO65', 'LEO74', 'LEO75']

LEO59: ['LEO47', 'LEO48', 'LEO49', 'LEO56', 'LEO57', 'LEO58', 'LEO59', 'LEO66', 'LEO67', 'LEO68', 'LEO69', 'LEO76', 'LEO77', 'LEO78', 'LEO81', 'LEO87', 'LEO88', 'LEO89']

LEO52: ['LEO51', 'LEO52', 'LEO61', 'LEO62', 'LEO72']

LEO71: ['LEO71', 'LEO79']

LEO73: ['LEO73', 'LEO82', 'LEO83', 'LEO84', 'LEO85', 'LEO86']

sum_con_loads:  293.76

max_con_loads:   74.75

avg_setup_time: 155.83

