******************************************************************************
METIS 5.0 Copyright 1998-13, Regents of the University of Minnesota
 (HEAD: , Built on: Dec 17 2022, 08:18:35)
 size of idx_t: 64bits, real_t: 32bits, idx_t *: 64bits

Graph Information -----------------------------------------------------------
 Name: MetisTopos/157, #Vertices: 72, #Edges: 128, #Parts: 8

Options ---------------------------------------------------------------------
 ptype=kway, objtype=cut, ctype=shem, rtype=greedy, iptype=metisrb
 dbglvl=0, ufactor=2.400, no2hop=NO, minconn=NO, contig=NO, nooutput=NO
 seed=-1, niter=10, ncuts=1

Direct k-way Partitioning ---------------------------------------------------
 - Edgecut: 8103, communication volume: 80.

 - Balance:
     constraint #0:  2.323 out of 0.452

 - Most overweight partition:
     pid: 7, actual: 3600, desired: 1550, ratio: 2.32.

 - Subdomain connectivity: max: 6, min: 2, avg: 3.75

 - Each partition is contiguous.

Timing Information ----------------------------------------------------------
  I/O:          		   0.001 sec
  Partitioning: 		   0.001 sec   (METIS time)
  Reporting:    		   0.000 sec

Memory Information ----------------------------------------------------------
  Max memory used:		   0.071 MB
******************************************************************************
LEO41: ['LEO11', 'LEO19', 'LEO21', 'LEO29', 'LEO31', 'LEO39', 'LEO41', 'LEO49']

LEO22: ['LEO12', 'LEO13', 'LEO22']

LEO34: ['LEO14', 'LEO23', 'LEO24', 'LEO34', 'LEO35', 'LEO36', 'LEO44', 'LEO45', 'LEO46', 'LEO47', 'LEO54']

LEO15: ['LEO15', 'LEO16', 'LEO25', 'LEO26']

LEO59: ['LEO17', 'LEO18', 'LEO27', 'LEO28', 'LEO37', 'LEO38', 'LEO48', 'LEO55', 'LEO56', 'LEO57', 'LEO58', 'LEO59', 'LEO64', 'LEO65', 'LEO66', 'LEO67']

LEO52: ['LEO32', 'LEO33', 'LEO42', 'LEO43', 'LEO51', 'LEO52', 'LEO53', 'LEO61', 'LEO62', 'LEO63', 'LEO72', 'LEO73', 'LEO82', 'LEO83']

LEO71: ['LEO68', 'LEO69', 'LEO71', 'LEO77', 'LEO78', 'LEO79', 'LEO81', 'LEO87', 'LEO88', 'LEO89']

LEO84: ['LEO74', 'LEO75', 'LEO76', 'LEO84', 'LEO85', 'LEO86']

sum_con_loads:  285.86

max_con_loads:   95.69

avg_setup_time: 153.21

