******************************************************************************
METIS 5.0 Copyright 1998-13, Regents of the University of Minnesota
 (HEAD: , Built on: Dec 17 2022, 08:18:35)
 size of idx_t: 64bits, real_t: 32bits, idx_t *: 64bits

Graph Information -----------------------------------------------------------
 Name: MetisTopos/157, #Vertices: 72, #Edges: 128, #Parts: 8

Options ---------------------------------------------------------------------
 ptype=kway, objtype=cut, ctype=shem, rtype=greedy, iptype=metisrb
 dbglvl=0, ufactor=2.500, no2hop=NO, minconn=NO, contig=YES, nooutput=NO
 seed=-1, niter=10, ncuts=1

Direct k-way Partitioning ---------------------------------------------------
 - Edgecut: 8198, communication volume: 70.

 - Balance:
     constraint #0:  2.452 out of 0.452

 - Most overweight partition:
     pid: 7, actual: 3800, desired: 1550, ratio: 2.45.

 - Subdomain connectivity: max: 5, min: 0, avg: 3.00

 - There are 0 non-contiguous partitions.
   Total components after removing the cut edges: 7,
   max components: 1 for pid: 0.

Timing Information ----------------------------------------------------------
  I/O:          		   0.001 sec
  Partitioning: 		   0.001 sec   (METIS time)
  Reporting:    		   0.000 sec

Memory Information ----------------------------------------------------------
  Max memory used:		   0.071 MB
******************************************************************************
LEO32: 28.710038123127795: ['LEO11', 'LEO12', 'LEO19', 'LEO21', 'LEO22', 'LEO23', 'LEO29', 'LEO31', 'LEO32', 'LEO39']
LEO24: 31.11542814487758: ['LEO13', 'LEO14', 'LEO24']
LEO15: 19.73039542987773: ['LEO15', 'LEO16', 'LEO17', 'LEO18', 'LEO25', 'LEO26']
LEO36: 30.76723789866077: ['LEO27', 'LEO28', 'LEO35', 'LEO36', 'LEO37', 'LEO38', 'LEO45', 'LEO46', 'LEO47', 'LEO48', 'LEO49', 'LEO55', 'LEO56', 'LEO57', 'LEO58', 'LEO59', 'LEO65', 'LEO66', 'LEO67', 'LEO68', 'LEO69', 'LEO76']
LEO52: 96.15580953715477: ['LEO33', 'LEO34', 'LEO41', 'LEO42', 'LEO43', 'LEO44', 'LEO51', 'LEO52', 'LEO53', 'LEO54', 'LEO61', 'LEO62']
LEO73: 64.53882983566409: ['LEO63', 'LEO64', 'LEO71', 'LEO72', 'LEO73', 'LEO74', 'LEO75', 'LEO79', 'LEO81', 'LEO82', 'LEO83', 'LEO89']
LEO84: 16.90953833785674: ['LEO77', 'LEO78', 'LEO84', 'LEO85', 'LEO86', 'LEO87', 'LEO88']
sum_con_loads:  287.93
max_con_loads:   96.16
avg_setup_time: 397.91
