******************************************************************************
METIS 5.0 Copyright 1998-13, Regents of the University of Minnesota
 (HEAD: , Built on: Dec 17 2022, 08:18:35)
 size of idx_t: 64bits, real_t: 32bits, idx_t *: 64bits

Graph Information -----------------------------------------------------------
 Name: MetisTopos/157, #Vertices: 72, #Edges: 128, #Parts: 8

Options ---------------------------------------------------------------------
 ptype=kway, objtype=cut, ctype=shem, rtype=greedy, iptype=metisrb
 dbglvl=0, ufactor=1.200, no2hop=NO, minconn=NO, contig=NO, nooutput=NO
 seed=-1, niter=10, ncuts=1

Direct k-way Partitioning ---------------------------------------------------
 - Edgecut: 10234, communication volume: 80.

 - Balance:
     constraint #0:  1.226 out of 0.452

 - Most overweight partition:
     pid: 4, actual: 1900, desired: 1550, ratio: 1.23.

 - Subdomain connectivity: max: 7, min: 2, avg: 4.25

 - Each partition is contiguous.

Timing Information ----------------------------------------------------------
  I/O:          		   0.001 sec
  Partitioning: 		   0.002 sec   (METIS time)
  Reporting:    		   0.000 sec

Memory Information ----------------------------------------------------------
  Max memory used:		   0.071 MB
******************************************************************************
LEO49: ['LEO11', 'LEO17', 'LEO18', 'LEO19', 'LEO21', 'LEO27', 'LEO28', 'LEO29', 'LEO31', 'LEO36', 'LEO37', 'LEO38', 'LEO39', 'LEO41', 'LEO46', 'LEO47', 'LEO48', 'LEO49', 'LEO56', 'LEO57', 'LEO58', 'LEO66', 'LEO67', 'LEO68', 'LEO76', 'LEO77', 'LEO78', 'LEO87']

LEO32: ['LEO12', 'LEO13', 'LEO22', 'LEO23', 'LEO32', 'LEO42']

LEO14: ['LEO14', 'LEO15', 'LEO16', 'LEO25', 'LEO26']

LEO33: ['LEO24', 'LEO33', 'LEO34', 'LEO35', 'LEO43', 'LEO53']

LEO63: ['LEO44', 'LEO45', 'LEO54', 'LEO55', 'LEO63', 'LEO64', 'LEO65', 'LEO74', 'LEO75']

LEO51: ['LEO51', 'LEO59', 'LEO61']

LEO62: ['LEO52', 'LEO62', 'LEO69', 'LEO71', 'LEO72', 'LEO79', 'LEO81', 'LEO82', 'LEO88', 'LEO89']

LEO73: ['LEO73', 'LEO83', 'LEO84', 'LEO85', 'LEO86']

sum_con_loads:  328.30

max_con_loads:   62.62

avg_setup_time: 150.54

