******************************************************************************
METIS 5.0 Copyright 1998-13, Regents of the University of Minnesota
 (HEAD: , Built on: Dec 17 2022, 08:18:35)
 size of idx_t: 64bits, real_t: 32bits, idx_t *: 64bits

Graph Information -----------------------------------------------------------
 Name: MetisTopos/157, #Vertices: 72, #Edges: 128, #Parts: 8

Options ---------------------------------------------------------------------
 ptype=kway, objtype=cut, ctype=shem, rtype=greedy, iptype=metisrb
 dbglvl=0, ufactor=3.900, no2hop=NO, minconn=NO, contig=NO, nooutput=NO
 seed=-1, niter=10, ncuts=1

Direct k-way Partitioning ---------------------------------------------------
	***Cannot bisect a graph with 0 vertices!
	***You are trying to partition a graph into too many parts!
 - Edgecut: 4953, communication volume: 43.

 - Balance:
     constraint #0:  3.871 out of 0.452

 - Most overweight partition:
     pid: 7, actual: 6000, desired: 1550, ratio: 3.87.

 - Subdomain connectivity: max: 3, min: 0, avg: 1.50

 - There are 0 non-contiguous partitions.
   Total components after removing the cut edges: 4,
   max components: 1 for pid: 0.

Timing Information ----------------------------------------------------------
  I/O:          		   0.001 sec
  Partitioning: 		   0.001 sec   (METIS time)
  Reporting:    		   0.000 sec

Memory Information ----------------------------------------------------------
  Max memory used:		   0.075 MB
******************************************************************************
LEO24: 75.12061096959836: ['LEO11', 'LEO12', 'LEO13', 'LEO14', 'LEO15', 'LEO16', 'LEO17', 'LEO18', 'LEO19', 'LEO21', 'LEO22', 'LEO23', 'LEO24', 'LEO25', 'LEO26', 'LEO27', 'LEO28', 'LEO29', 'LEO31', 'LEO32', 'LEO35', 'LEO36', 'LEO37', 'LEO38', 'LEO39', 'LEO45', 'LEO46', 'LEO47', 'LEO48', 'LEO49']
LEO53: 105.04023918895459: ['LEO33', 'LEO34', 'LEO41', 'LEO42', 'LEO43', 'LEO44', 'LEO51', 'LEO52', 'LEO53', 'LEO54', 'LEO61', 'LEO62', 'LEO63', 'LEO71', 'LEO72', 'LEO73', 'LEO81', 'LEO82', 'LEO83', 'LEO84']
LEO64: 20.437538590192506: ['LEO55', 'LEO56', 'LEO57', 'LEO64', 'LEO65', 'LEO66', 'LEO74', 'LEO75', 'LEO76', 'LEO85', 'LEO86']
LEO59: 22.445835622684154: ['LEO58', 'LEO59', 'LEO67', 'LEO68', 'LEO69', 'LEO77', 'LEO78', 'LEO79', 'LEO87', 'LEO88', 'LEO89']
sum_con_loads:  223.04
max_con_loads:  105.04
avg_setup_time: 197.22
