******************************************************************************
METIS 5.0 Copyright 1998-13, Regents of the University of Minnesota
 (HEAD: , Built on: Dec 17 2022, 08:18:35)
 size of idx_t: 64bits, real_t: 32bits, idx_t *: 64bits

Graph Information -----------------------------------------------------------
 Name: MetisTopos/157, #Vertices: 72, #Edges: 128, #Parts: 8

Options ---------------------------------------------------------------------
 ptype=kway, objtype=cut, ctype=shem, rtype=greedy, iptype=metisrb
 dbglvl=0, ufactor=1.300, no2hop=NO, minconn=NO, contig=NO, nooutput=NO
 seed=-1, niter=10, ncuts=1

Direct k-way Partitioning ---------------------------------------------------
 - Edgecut: 9890, communication volume: 76.

 - Balance:
     constraint #0:  1.290 out of 0.452

 - Most overweight partition:
     pid: 2, actual: 2000, desired: 1550, ratio: 1.29.

 - Subdomain connectivity: max: 6, min: 3, avg: 4.25

 - Each partition is contiguous.

Timing Information ----------------------------------------------------------
  I/O:          		   0.001 sec
  Partitioning: 		   0.002 sec   (METIS time)
  Reporting:    		   0.000 sec

Memory Information ----------------------------------------------------------
  Max memory used:		   0.071 MB
******************************************************************************
LEO37: 29.16125711303792: ['LEO11', 'LEO15', 'LEO16', 'LEO17', 'LEO18', 'LEO19', 'LEO21', 'LEO26', 'LEO27', 'LEO28', 'LEO29', 'LEO31', 'LEO36', 'LEO37', 'LEO38', 'LEO39', 'LEO46', 'LEO47', 'LEO48', 'LEO49', 'LEO58']
LEO42: 41.694123861076434: ['LEO12', 'LEO22', 'LEO23', 'LEO32', 'LEO41', 'LEO42']
LEO24: 33.854152600924735: ['LEO13', 'LEO14', 'LEO24', 'LEO25']
LEO53: 83.84466963282827: ['LEO33', 'LEO34', 'LEO43', 'LEO44', 'LEO52', 'LEO53', 'LEO54', 'LEO63', 'LEO64']
LEO35: 29.032691389738655: ['LEO35', 'LEO45', 'LEO55', 'LEO56', 'LEO57', 'LEO65', 'LEO66', 'LEO67', 'LEO68', 'LEO74', 'LEO75', 'LEO76', 'LEO77', 'LEO78', 'LEO87', 'LEO88']
LEO51: 25.904103743373476: ['LEO51', 'LEO59']
LEO62: 47.16136579615717: ['LEO61', 'LEO62', 'LEO69', 'LEO71', 'LEO72', 'LEO79', 'LEO81', 'LEO89']
LEO73: 31.097631315500887: ['LEO73', 'LEO82', 'LEO83', 'LEO84', 'LEO85', 'LEO86']
sum_con_loads:  321.75
max_con_loads:   83.84
avg_setup_time: 231.51
