******************************************************************************
METIS 5.0 Copyright 1998-13, Regents of the University of Minnesota
 (HEAD: , Built on: Dec 17 2022, 08:18:35)
 size of idx_t: 64bits, real_t: 32bits, idx_t *: 64bits

Graph Information -----------------------------------------------------------
 Name: MetisTopos/157, #Vertices: 72, #Edges: 128, #Parts: 8

Options ---------------------------------------------------------------------
 ptype=kway, objtype=cut, ctype=shem, rtype=greedy, iptype=metisrb
 dbglvl=0, ufactor=1.400, no2hop=NO, minconn=NO, contig=NO, nooutput=NO
 seed=-1, niter=10, ncuts=1

Direct k-way Partitioning ---------------------------------------------------
 - Edgecut: 9459, communication volume: 84.

 - Balance:
     constraint #0:  1.355 out of 0.452

 - Most overweight partition:
     pid: 7, actual: 2100, desired: 1550, ratio: 1.35.

 - Subdomain connectivity: max: 6, min: 3, avg: 4.50

 - Each partition is contiguous.

Timing Information ----------------------------------------------------------
  I/O:          		   0.001 sec
  Partitioning: 		   0.002 sec   (METIS time)
  Reporting:    		   0.000 sec

Memory Information ----------------------------------------------------------
  Max memory used:		   0.071 MB
******************************************************************************
LEO32: 28.710038123127795: ['LEO11', 'LEO12', 'LEO19', 'LEO21', 'LEO22', 'LEO23', 'LEO29', 'LEO31', 'LEO32', 'LEO39']
LEO33: 62.942214806044944: ['LEO13', 'LEO14', 'LEO24', 'LEO33', 'LEO34', 'LEO43', 'LEO44', 'LEO53', 'LEO54']
LEO48: 28.902984836140686: ['LEO15', 'LEO16', 'LEO17', 'LEO18', 'LEO27', 'LEO28', 'LEO37', 'LEO38', 'LEO41', 'LEO47', 'LEO48', 'LEO49']
LEO35: 24.139063611296866: ['LEO25', 'LEO26', 'LEO35', 'LEO36', 'LEO45', 'LEO46']
LEO52: 63.10177091390804: ['LEO42', 'LEO52', 'LEO62', 'LEO71', 'LEO72', 'LEO79', 'LEO81', 'LEO82', 'LEO89']
LEO51: 33.84129922819297: ['LEO51', 'LEO61']
LEO68: 26.188764575716814: ['LEO55', 'LEO56', 'LEO57', 'LEO58', 'LEO59', 'LEO65', 'LEO66', 'LEO67', 'LEO68', 'LEO69', 'LEO75', 'LEO76', 'LEO77', 'LEO78', 'LEO87', 'LEO88']
LEO73: 44.91548002040797: ['LEO63', 'LEO64', 'LEO73', 'LEO74', 'LEO83', 'LEO84', 'LEO85', 'LEO86']
sum_con_loads:  312.74
max_con_loads:   63.10
avg_setup_time: 212.90
