******************************************************************************
METIS 5.0 Copyright 1998-13, Regents of the University of Minnesota
 (HEAD: , Built on: Dec 17 2022, 08:18:35)
 size of idx_t: 64bits, real_t: 32bits, idx_t *: 64bits

Graph Information -----------------------------------------------------------
 Name: MetisTopos/157, #Vertices: 72, #Edges: 128, #Parts: 8

Options ---------------------------------------------------------------------
 ptype=kway, objtype=cut, ctype=shem, rtype=greedy, iptype=metisrb
 dbglvl=0, ufactor=1.500, no2hop=NO, minconn=NO, contig=YES, nooutput=NO
 seed=-1, niter=10, ncuts=1

Direct k-way Partitioning ---------------------------------------------------
 - Edgecut: 9256, communication volume: 76.

 - Balance:
     constraint #0:  1.484 out of 0.452

 - Most overweight partition:
     pid: 2, actual: 2300, desired: 1550, ratio: 1.48.

 - Subdomain connectivity: max: 6, min: 3, avg: 4.50

 - Each partition is contiguous.

Timing Information ----------------------------------------------------------
  I/O:          		   0.001 sec
  Partitioning: 		   0.001 sec   (METIS time)
  Reporting:    		   0.000 sec

Memory Information ----------------------------------------------------------
  Max memory used:		   0.072 MB
******************************************************************************
LEO37: 29.16125711303792: ['LEO11', 'LEO15', 'LEO16', 'LEO17', 'LEO18', 'LEO19', 'LEO21', 'LEO26', 'LEO27', 'LEO28', 'LEO29', 'LEO31', 'LEO36', 'LEO37', 'LEO38', 'LEO39', 'LEO48', 'LEO49', 'LEO58']
LEO42: 41.694123861076434: ['LEO12', 'LEO22', 'LEO32', 'LEO41', 'LEO42']
LEO24: 33.854152600924735: ['LEO13', 'LEO14', 'LEO23', 'LEO24', 'LEO25']
LEO43: 67.59609357426886: ['LEO33', 'LEO34', 'LEO35', 'LEO43', 'LEO44', 'LEO53', 'LEO54', 'LEO63', 'LEO64']
LEO78: 22.874126234163086: ['LEO45', 'LEO46', 'LEO47', 'LEO55', 'LEO56', 'LEO57', 'LEO65', 'LEO66', 'LEO67', 'LEO68', 'LEO69', 'LEO75', 'LEO76', 'LEO77', 'LEO78', 'LEO79', 'LEO87', 'LEO88', 'LEO89']
LEO51: 25.904103743373476: ['LEO51', 'LEO59']
LEO62: 56.08388046708332: ['LEO52', 'LEO61', 'LEO62', 'LEO71', 'LEO72', 'LEO81', 'LEO82']
LEO73: 31.683133809181285: ['LEO73', 'LEO74', 'LEO83', 'LEO84', 'LEO85', 'LEO86']
sum_con_loads:  308.85
max_con_loads:   67.60
avg_setup_time: 197.49
