******************************************************************************
METIS 5.0 Copyright 1998-13, Regents of the University of Minnesota
 (HEAD: , Built on: Dec 17 2022, 08:18:35)
 size of idx_t: 64bits, real_t: 32bits, idx_t *: 64bits

Graph Information -----------------------------------------------------------
 Name: MetisTopos/157, #Vertices: 72, #Edges: 128, #Parts: 8

Options ---------------------------------------------------------------------
 ptype=kway, objtype=cut, ctype=shem, rtype=greedy, iptype=metisrb
 dbglvl=0, ufactor=1.700, no2hop=NO, minconn=NO, contig=NO, nooutput=NO
 seed=-1, niter=10, ncuts=1

Direct k-way Partitioning ---------------------------------------------------
 - Edgecut: 8826, communication volume: 81.

 - Balance:
     constraint #0:  1.613 out of 0.452

 - Most overweight partition:
     pid: 4, actual: 2500, desired: 1550, ratio: 1.61.

 - Subdomain connectivity: max: 6, min: 3, avg: 4.50

 - Each partition is contiguous.

Timing Information ----------------------------------------------------------
  I/O:          		   0.001 sec
  Partitioning: 		   0.002 sec   (METIS time)
  Reporting:    		   0.000 sec

Memory Information ----------------------------------------------------------
  Max memory used:		   0.071 MB
******************************************************************************
LEO32: 28.710038123127795: ['LEO11', 'LEO12', 'LEO19', 'LEO21', 'LEO22', 'LEO29', 'LEO31', 'LEO32', 'LEO39']
LEO14: 26.856898242708056: ['LEO13', 'LEO14', 'LEO15', 'LEO25']
LEO49: 26.571967672897152: ['LEO16', 'LEO17', 'LEO18', 'LEO26', 'LEO27', 'LEO28', 'LEO36', 'LEO37', 'LEO38', 'LEO41', 'LEO46', 'LEO47', 'LEO48', 'LEO49']
LEO43: 69.60293039759108: ['LEO23', 'LEO24', 'LEO33', 'LEO34', 'LEO35', 'LEO43', 'LEO44', 'LEO45', 'LEO53', 'LEO54', 'LEO63']
LEO62: 66.30963464232485: ['LEO42', 'LEO52', 'LEO61', 'LEO62', 'LEO69', 'LEO71', 'LEO72', 'LEO79', 'LEO81', 'LEO82', 'LEO89']
LEO51: 30.915784153696475: ['LEO51', 'LEO58', 'LEO59', 'LEO68', 'LEO77', 'LEO78', 'LEO87', 'LEO88']
LEO64: 20.237483019200564: ['LEO55', 'LEO56', 'LEO57', 'LEO64', 'LEO65', 'LEO66', 'LEO67', 'LEO74', 'LEO75', 'LEO76']
LEO73: 31.097631315500887: ['LEO73', 'LEO83', 'LEO84', 'LEO85', 'LEO86']
sum_con_loads:  300.30
max_con_loads:   69.60
avg_setup_time: 205.00
