******************************************************************************
METIS 5.0 Copyright 1998-13, Regents of the University of Minnesota
 (HEAD: , Built on: Dec 17 2022, 08:18:35)
 size of idx_t: 64bits, real_t: 32bits, idx_t *: 64bits

Graph Information -----------------------------------------------------------
 Name: MetisTopos/157, #Vertices: 72, #Edges: 128, #Parts: 8

Options ---------------------------------------------------------------------
 ptype=kway, objtype=cut, ctype=shem, rtype=greedy, iptype=metisrb
 dbglvl=0, ufactor=1.900, no2hop=NO, minconn=NO, contig=NO, nooutput=NO
 seed=-1, niter=10, ncuts=1

Direct k-way Partitioning ---------------------------------------------------
 - Edgecut: 8131, communication volume: 76.

 - Balance:
     constraint #0:  1.806 out of 0.452

 - Most overweight partition:
     pid: 7, actual: 2800, desired: 1550, ratio: 1.81.

 - Subdomain connectivity: max: 7, min: 3, avg: 4.50

 - Each partition is contiguous.

Timing Information ----------------------------------------------------------
  I/O:          		   0.001 sec
  Partitioning: 		   0.002 sec   (METIS time)
  Reporting:    		   0.000 sec

Memory Information ----------------------------------------------------------
  Max memory used:		   0.071 MB
******************************************************************************
LEO41: 21.41298835798727: ['LEO11', 'LEO19', 'LEO21', 'LEO29', 'LEO31', 'LEO39', 'LEO41', 'LEO49']
LEO24: 44.73914088549724: ['LEO12', 'LEO13', 'LEO14', 'LEO15', 'LEO16', 'LEO23', 'LEO24', 'LEO25', 'LEO26']
LEO36: 24.456765060460512: ['LEO17', 'LEO18', 'LEO27', 'LEO28', 'LEO35', 'LEO36', 'LEO37', 'LEO38', 'LEO45', 'LEO46', 'LEO47', 'LEO48', 'LEO55', 'LEO56', 'LEO57', 'LEO58', 'LEO65', 'LEO66', 'LEO67', 'LEO68', 'LEO76', 'LEO77', 'LEO78', 'LEO87', 'LEO88']
LEO53: 94.7818457601933: ['LEO22', 'LEO32', 'LEO33', 'LEO34', 'LEO42', 'LEO43', 'LEO44', 'LEO52', 'LEO53', 'LEO54', 'LEO62', 'LEO63', 'LEO72', 'LEO73']
LEO51: 37.02275801954043: ['LEO51', 'LEO59', 'LEO61', 'LEO69']
LEO74: 19.654287507191988: ['LEO64', 'LEO74', 'LEO75']
LEO71: 20.949094975555187: ['LEO71', 'LEO79', 'LEO81', 'LEO89']
LEO83: 23.484434073793004: ['LEO82', 'LEO83', 'LEO84', 'LEO85', 'LEO86']
sum_con_loads:  286.50
max_con_loads:   94.78
avg_setup_time: 317.74
