******************************************************************************
METIS 5.0 Copyright 1998-13, Regents of the University of Minnesota
 (HEAD: , Built on: Dec 17 2022, 08:18:35)
 size of idx_t: 64bits, real_t: 32bits, idx_t *: 64bits

Graph Information -----------------------------------------------------------
 Name: MetisTopos/1518, #Vertices: 72, #Edges: 126, #Parts: 8

Options ---------------------------------------------------------------------
 ptype=kway, objtype=cut, ctype=shem, rtype=greedy, iptype=metisrb
 dbglvl=0, ufactor=1.100, no2hop=NO, minconn=NO, contig=YES, nooutput=NO
 seed=-1, niter=10, ncuts=1

Direct k-way Partitioning ---------------------------------------------------
 - Edgecut: 11001, communication volume: 78.

 - Balance:
     constraint #0:  1.085 out of 0.407

 - Most overweight partition:
     pid: 4, actual: 1600, desired: 1475, ratio: 1.08.

 - Subdomain connectivity: max: 6, min: 2, avg: 3.75

 - Each partition is contiguous.

Timing Information ----------------------------------------------------------
  I/O:          		   0.001 sec
  Partitioning: 		   0.002 sec   (METIS time)
  Reporting:    		   0.000 sec

Memory Information ----------------------------------------------------------
  Max memory used:		   0.071 MB
******************************************************************************
LEO32: 46.099557469985854: ['LEO11', 'LEO12', 'LEO22', 'LEO32']
LEO23: 27.506424968204175: ['LEO13', 'LEO23', 'LEO33', 'LEO34']
LEO77: 30.49656272014812: ['LEO14', 'LEO15', 'LEO16', 'LEO17', 'LEO18', 'LEO24', 'LEO25', 'LEO26', 'LEO27', 'LEO35', 'LEO36', 'LEO43', 'LEO44', 'LEO45', 'LEO46', 'LEO47', 'LEO53', 'LEO54', 'LEO55', 'LEO56', 'LEO63', 'LEO64', 'LEO65', 'LEO66', 'LEO67', 'LEO74', 'LEO75', 'LEO76', 'LEO77', 'LEO78', 'LEO79', 'LEO83', 'LEO84', 'LEO85', 'LEO86', 'LEO87', 'LEO88', 'LEO89']
LEO31: 63.54247457388837: ['LEO19', 'LEO21', 'LEO28', 'LEO29', 'LEO31', 'LEO39', 'LEO41']
LEO49: 51.44372199027275: ['LEO37', 'LEO38', 'LEO48', 'LEO49', 'LEO59', 'LEO69']
LEO72: 27.14900553616519: ['LEO42', 'LEO52', 'LEO62', 'LEO72', 'LEO73', 'LEO82']
LEO61: 57.52249477831159: ['LEO51', 'LEO61', 'LEO71', 'LEO81']
LEO58: 34.17571365301089: ['LEO57', 'LEO58', 'LEO68']
sum_con_loads:  337.94
max_con_loads:   63.54
avg_setup_time: 210.99
