******************************************************************************
METIS 5.0 Copyright 1998-13, Regents of the University of Minnesota
 (HEAD: , Built on: Dec 17 2022, 08:18:35)
 size of idx_t: 64bits, real_t: 32bits, idx_t *: 64bits

Graph Information -----------------------------------------------------------
 Name: MetisTopos/1518, #Vertices: 72, #Edges: 126, #Parts: 8

Options ---------------------------------------------------------------------
 ptype=kway, objtype=cut, ctype=shem, rtype=greedy, iptype=metisrb
 dbglvl=0, ufactor=2.000, no2hop=NO, minconn=NO, contig=YES, nooutput=NO
 seed=-1, niter=10, ncuts=1

Direct k-way Partitioning ---------------------------------------------------
 - Edgecut: 8285, communication volume: 74.

 - Balance:
     constraint #0:  1.966 out of 0.407

 - Most overweight partition:
     pid: 6, actual: 2900, desired: 1475, ratio: 1.97.

 - Subdomain connectivity: max: 6, min: 4, avg: 4.50

 - Each partition is contiguous.

Timing Information ----------------------------------------------------------
  I/O:          		   0.001 sec
  Partitioning: 		   0.002 sec   (METIS time)
  Reporting:    		   0.000 sec

Memory Information ----------------------------------------------------------
  Max memory used:		   0.071 MB
******************************************************************************
LEO12: 17.64463877736273: ['LEO11', 'LEO12', 'LEO13', 'LEO14']
LEO38: 23.43062476240583: ['LEO15', 'LEO16', 'LEO17', 'LEO18', 'LEO25', 'LEO26', 'LEO27', 'LEO28', 'LEO35', 'LEO36', 'LEO37', 'LEO38', 'LEO45', 'LEO46', 'LEO47', 'LEO55', 'LEO56']
LEO29: 28.57883271073738: ['LEO19', 'LEO21', 'LEO29', 'LEO39']
LEO51: 78.05550679065286: ['LEO22', 'LEO31', 'LEO32', 'LEO41', 'LEO51', 'LEO61', 'LEO71', 'LEO81']
LEO33: 20.08736196702862: ['LEO23', 'LEO24', 'LEO33', 'LEO34']
LEO79: 49.16507878870466: ['LEO42', 'LEO43', 'LEO44', 'LEO52', 'LEO53', 'LEO54', 'LEO62', 'LEO63', 'LEO64', 'LEO65', 'LEO66', 'LEO72', 'LEO73', 'LEO74', 'LEO75', 'LEO76', 'LEO77', 'LEO78', 'LEO79', 'LEO82', 'LEO83', 'LEO84', 'LEO85', 'LEO86', 'LEO87', 'LEO88', 'LEO89']
LEO49: 25.610727795732828: ['LEO48', 'LEO49']
LEO59: 41.09326963377323: ['LEO57', 'LEO58', 'LEO59', 'LEO67', 'LEO68', 'LEO69']
sum_con_loads:  283.67
max_con_loads:   78.06
avg_setup_time: 217.21
