******************************************************************************
METIS 5.0 Copyright 1998-13, Regents of the University of Minnesota
 (HEAD: , Built on: Dec 17 2022, 08:18:35)
 size of idx_t: 64bits, real_t: 32bits, idx_t *: 64bits

Graph Information -----------------------------------------------------------
 Name: MetisTopos/1518, #Vertices: 72, #Edges: 126, #Parts: 8

Options ---------------------------------------------------------------------
 ptype=kway, objtype=cut, ctype=shem, rtype=greedy, iptype=metisrb
 dbglvl=0, ufactor=2.600, no2hop=NO, minconn=NO, contig=NO, nooutput=NO
 seed=-1, niter=10, ncuts=1

Direct k-way Partitioning ---------------------------------------------------
 - Edgecut: 7267, communication volume: 77.

 - Balance:
     constraint #0:  2.576 out of 0.407

 - Most overweight partition:
     pid: 7, actual: 3800, desired: 1475, ratio: 2.58.

 - Subdomain connectivity: max: 6, min: 3, avg: 4.50

 - Each partition is contiguous.

Timing Information ----------------------------------------------------------
  I/O:          		   0.001 sec
  Partitioning: 		   0.001 sec   (METIS time)
  Reporting:    		   0.000 sec

Memory Information ----------------------------------------------------------
  Max memory used:		   0.071 MB
******************************************************************************
LEO32: 72.01449351501758: ['LEO11', 'LEO12', 'LEO13', 'LEO14', 'LEO22', 'LEO23', 'LEO24', 'LEO31', 'LEO32', 'LEO33', 'LEO34', 'LEO41', 'LEO42', 'LEO51', 'LEO52']
LEO37: 23.25910913705928: ['LEO15', 'LEO16', 'LEO25', 'LEO26', 'LEO35', 'LEO36', 'LEO37', 'LEO38', 'LEO46', 'LEO47', 'LEO56', 'LEO57']
LEO29: 30.698967021950264: ['LEO17', 'LEO18', 'LEO19', 'LEO21', 'LEO27', 'LEO28', 'LEO29', 'LEO39']
LEO73: 10.882798427207454: ['LEO43', 'LEO44', 'LEO45', 'LEO53', 'LEO54', 'LEO55', 'LEO63', 'LEO64', 'LEO65', 'LEO73', 'LEO74']
LEO59: 47.34078545255404: ['LEO48', 'LEO49', 'LEO58', 'LEO59', 'LEO68', 'LEO69']
LEO61: 47.39066294359811: ['LEO61', 'LEO62', 'LEO71', 'LEO72', 'LEO81', 'LEO82', 'LEO83', 'LEO84']
LEO77: 13.848532317864095: ['LEO66', 'LEO67', 'LEO75', 'LEO76', 'LEO77', 'LEO85', 'LEO86', 'LEO87']
LEO78: 17.933051628020202: ['LEO78', 'LEO79', 'LEO88', 'LEO89']
sum_con_loads:  263.37
max_con_loads:   72.01
avg_setup_time: 187.59
