******************************************************************************
METIS 5.0 Copyright 1998-13, Regents of the University of Minnesota
 (HEAD: , Built on: Dec 17 2022, 08:18:35)
 size of idx_t: 64bits, real_t: 32bits, idx_t *: 64bits

Graph Information -----------------------------------------------------------
 Name: MetisTopos/1518, #Vertices: 72, #Edges: 126, #Parts: 8

Options ---------------------------------------------------------------------
 ptype=kway, objtype=cut, ctype=shem, rtype=greedy, iptype=metisrb
 dbglvl=0, ufactor=1.200, no2hop=NO, minconn=NO, contig=YES, nooutput=NO
 seed=-1, niter=10, ncuts=1

Direct k-way Partitioning ---------------------------------------------------
 - Edgecut: 10283, communication volume: 77.

 - Balance:
     constraint #0:  1.153 out of 0.407

 - Most overweight partition:
     pid: 2, actual: 1700, desired: 1475, ratio: 1.15.

 - Subdomain connectivity: max: 5, min: 3, avg: 4.00

 - Each partition is contiguous.

Timing Information ----------------------------------------------------------
  I/O:          		   0.001 sec
  Partitioning: 		   0.002 sec   (METIS time)
  Reporting:    		   0.000 sec

Memory Information ----------------------------------------------------------
  Max memory used:		   0.071 MB
******************************************************************************
LEO32: 47.64421498705103: ['LEO11', 'LEO12', 'LEO22', 'LEO32', 'LEO42']
LEO23: 28.02002587618055: ['LEO13', 'LEO14', 'LEO15', 'LEO16', 'LEO23', 'LEO24', 'LEO25', 'LEO26', 'LEO33', 'LEO34', 'LEO35', 'LEO36']
LEO31: 63.54247457388837: ['LEO17', 'LEO18', 'LEO19', 'LEO21', 'LEO27', 'LEO28', 'LEO29', 'LEO31', 'LEO39', 'LEO41']
LEO49: 33.72714813067728: ['LEO37', 'LEO38', 'LEO48', 'LEO49']
LEO72: 25.09715992615586: ['LEO43', 'LEO52', 'LEO53', 'LEO62', 'LEO63', 'LEO72', 'LEO73', 'LEO82', 'LEO83']
LEO78: 27.04864136177747: ['LEO44', 'LEO45', 'LEO46', 'LEO47', 'LEO54', 'LEO55', 'LEO56', 'LEO64', 'LEO65', 'LEO66', 'LEO67', 'LEO74', 'LEO75', 'LEO76', 'LEO77', 'LEO78', 'LEO79', 'LEO84', 'LEO85', 'LEO86', 'LEO87', 'LEO88', 'LEO89']
LEO61: 57.52249477831159: ['LEO51', 'LEO61', 'LEO71', 'LEO81']
LEO59: 41.09326963377323: ['LEO57', 'LEO58', 'LEO59', 'LEO68', 'LEO69']
sum_con_loads:  323.70
max_con_loads:   63.54
avg_setup_time: 202.75
