******************************************************************************
METIS 5.0 Copyright 1998-13, Regents of the University of Minnesota
 (HEAD: , Built on: Dec 17 2022, 08:18:35)
 size of idx_t: 64bits, real_t: 32bits, idx_t *: 64bits

Graph Information -----------------------------------------------------------
 Name: MetisTopos/1518, #Vertices: 72, #Edges: 126, #Parts: 8

Options ---------------------------------------------------------------------
 ptype=kway, objtype=cut, ctype=shem, rtype=greedy, iptype=metisrb
 dbglvl=0, ufactor=3.700, no2hop=NO, minconn=NO, contig=YES, nooutput=NO
 seed=-1, niter=10, ncuts=1

Direct k-way Partitioning ---------------------------------------------------
 - Edgecut: 5870, communication volume: 61.

 - Balance:
     constraint #0:  3.661 out of 0.407

 - Most overweight partition:
     pid: 7, actual: 5400, desired: 1475, ratio: 3.66.

 - Subdomain connectivity: max: 4, min: 0, avg: 1.50

 - There are 0 non-contiguous partitions.
   Total components after removing the cut edges: 5,
   max components: 1 for pid: 0.

Timing Information ----------------------------------------------------------
  I/O:          		   0.001 sec
  Partitioning: 		   0.001 sec   (METIS time)
  Reporting:    		   0.000 sec

Memory Information ----------------------------------------------------------
  Max memory used:		   0.075 MB
******************************************************************************
LEO29: 28.724676252883924: ['LEO11', 'LEO15', 'LEO16', 'LEO17', 'LEO18', 'LEO19', 'LEO21', 'LEO25', 'LEO26', 'LEO27', 'LEO28', 'LEO29']
LEO22: 35.56526916490861: ['LEO12', 'LEO13', 'LEO14', 'LEO22', 'LEO23', 'LEO24']
LEO41: 106.93943493675992: ['LEO31', 'LEO32', 'LEO33', 'LEO34', 'LEO35', 'LEO36', 'LEO37', 'LEO38', 'LEO39', 'LEO41', 'LEO42', 'LEO48', 'LEO49', 'LEO51', 'LEO58', 'LEO59', 'LEO61', 'LEO69', 'LEO71', 'LEO81', 'LEO82', 'LEO83', 'LEO84', 'LEO89']
LEO62: 20.068931302581408: ['LEO43', 'LEO44', 'LEO45', 'LEO52', 'LEO53', 'LEO54', 'LEO62', 'LEO63', 'LEO64', 'LEO72', 'LEO73', 'LEO74']
LEO68: 44.00281109532671: ['LEO46', 'LEO47', 'LEO55', 'LEO56', 'LEO57', 'LEO65', 'LEO66', 'LEO67', 'LEO68', 'LEO75', 'LEO76', 'LEO77', 'LEO78', 'LEO79', 'LEO85', 'LEO86', 'LEO87', 'LEO88']
sum_con_loads:  235.30
max_con_loads:  106.94
avg_setup_time: 174.78
