******************************************************************************
METIS 5.0 Copyright 1998-13, Regents of the University of Minnesota
 (HEAD: , Built on: Dec 17 2022, 08:18:35)
 size of idx_t: 64bits, real_t: 32bits, idx_t *: 64bits

Graph Information -----------------------------------------------------------
 Name: MetisTopos/1518, #Vertices: 72, #Edges: 126, #Parts: 8

Options ---------------------------------------------------------------------
 ptype=kway, objtype=cut, ctype=shem, rtype=greedy, iptype=metisrb
 dbglvl=0, ufactor=1.400, no2hop=NO, minconn=NO, contig=YES, nooutput=NO
 seed=-1, niter=10, ncuts=1

Direct k-way Partitioning ---------------------------------------------------
 - Edgecut: 8778, communication volume: 77.

 - Balance:
     constraint #0:  1.288 out of 0.407

 - Most overweight partition:
     pid: 7, actual: 1900, desired: 1475, ratio: 1.29.

 - Subdomain connectivity: max: 5, min: 4, avg: 4.50

 - Each partition is contiguous.

Timing Information ----------------------------------------------------------
  I/O:          		   0.001 sec
  Partitioning: 		   0.002 sec   (METIS time)
  Reporting:    		   0.000 sec

Memory Information ----------------------------------------------------------
  Max memory used:		   0.071 MB
******************************************************************************
LEO39: 35.29469019469751: ['LEO11', 'LEO17', 'LEO18', 'LEO19', 'LEO21', 'LEO27', 'LEO28', 'LEO29', 'LEO37', 'LEO38', 'LEO39']
LEO23: 38.43782178922192: ['LEO12', 'LEO13', 'LEO14', 'LEO15', 'LEO16', 'LEO23', 'LEO24', 'LEO25', 'LEO26', 'LEO33', 'LEO34', 'LEO35', 'LEO36', 'LEO45', 'LEO46', 'LEO56']
LEO31: 60.15256058260709: ['LEO22', 'LEO31', 'LEO32', 'LEO41', 'LEO51']
LEO62: 21.857598767150186: ['LEO42', 'LEO43', 'LEO44', 'LEO52', 'LEO53', 'LEO54', 'LEO55', 'LEO62', 'LEO63', 'LEO64', 'LEO65', 'LEO72', 'LEO73', 'LEO74']
LEO48: 24.73961158567511: ['LEO47', 'LEO48', 'LEO57']
LEO59: 45.85291544950246: ['LEO49', 'LEO58', 'LEO59', 'LEO68', 'LEO69']
LEO61: 43.94922560172029: ['LEO61', 'LEO71', 'LEO81', 'LEO82', 'LEO83', 'LEO84']
LEO78: 23.209367665011012: ['LEO66', 'LEO67', 'LEO75', 'LEO76', 'LEO77', 'LEO78', 'LEO79', 'LEO85', 'LEO86', 'LEO87', 'LEO88', 'LEO89']
sum_con_loads:  293.49
max_con_loads:   60.15
avg_setup_time: 192.21
