******************************************************************************
METIS 5.0 Copyright 1998-13, Regents of the University of Minnesota
 (HEAD: , Built on: Dec 17 2022, 08:18:35)
 size of idx_t: 64bits, real_t: 32bits, idx_t *: 64bits

Graph Information -----------------------------------------------------------
 Name: MetisTopos/325, #Vertices: 72, #Edges: 128, #Parts: 8

Options ---------------------------------------------------------------------
 ptype=kway, objtype=cut, ctype=shem, rtype=greedy, iptype=metisrb
 dbglvl=0, ufactor=1.100, no2hop=NO, minconn=NO, contig=YES, nooutput=NO
 seed=-1, niter=10, ncuts=1

Direct k-way Partitioning ---------------------------------------------------
 - Edgecut: 10657, communication volume: 77.

 - Balance:
     constraint #0:  1.124 out of 0.529

 - Most overweight partition:
     pid: 6, actual: 1700, desired: 1512, ratio: 1.12.

 - Subdomain connectivity: max: 6, min: 3, avg: 4.25

 - Each partition is contiguous.

Timing Information ----------------------------------------------------------
  I/O:          		   0.001 sec
  Partitioning: 		   0.002 sec   (METIS time)
  Reporting:    		   0.000 sec

Memory Information ----------------------------------------------------------
  Max memory used:		   0.070 MB
******************************************************************************
LEO13: 35.01401987893777: ['LEO11', 'LEO12', 'LEO13', 'LEO14', 'LEO15', 'LEO16', 'LEO17', 'LEO18', 'LEO19', 'LEO25', 'LEO26', 'LEO27', 'LEO28', 'LEO35', 'LEO36', 'LEO37', 'LEO38', 'LEO46', 'LEO47', 'LEO48', 'LEO56', 'LEO57', 'LEO58', 'LEO66', 'LEO67', 'LEO68', 'LEO76', 'LEO77', 'LEO85', 'LEO86', 'LEO87']
LEO31: 23.265696464220802: ['LEO21', 'LEO29', 'LEO31', 'LEO39', 'LEO49']
LEO42: 62.686656775512986: ['LEO22', 'LEO32', 'LEO41', 'LEO42', 'LEO52']
LEO33: 48.96248133676673: ['LEO23', 'LEO24', 'LEO33', 'LEO34', 'LEO43', 'LEO44', 'LEO45', 'LEO54', 'LEO55', 'LEO65']
LEO51: 44.38767194310064: ['LEO51', 'LEO59', 'LEO69']
LEO63: 53.144247612972805: ['LEO53', 'LEO63', 'LEO64', 'LEO73']
LEO61: 32.53549659654776: ['LEO61', 'LEO62', 'LEO71', 'LEO72', 'LEO78', 'LEO79', 'LEO81', 'LEO82', 'LEO88', 'LEO89']
LEO74: 33.33721636114853: ['LEO74', 'LEO75', 'LEO83', 'LEO84']
sum_con_loads:  333.33
max_con_loads:   62.69
avg_setup_time: 193.53
