******************************************************************************
METIS 5.0 Copyright 1998-13, Regents of the University of Minnesota
 (HEAD: , Built on: Dec 17 2022, 08:18:35)
 size of idx_t: 64bits, real_t: 32bits, idx_t *: 64bits

Graph Information -----------------------------------------------------------
 Name: MetisTopos/325, #Vertices: 72, #Edges: 128, #Parts: 8

Options ---------------------------------------------------------------------
 ptype=kway, objtype=cut, ctype=shem, rtype=greedy, iptype=metisrb
 dbglvl=0, ufactor=2.100, no2hop=NO, minconn=NO, contig=NO, nooutput=NO
 seed=-1, niter=10, ncuts=1

Direct k-way Partitioning ---------------------------------------------------
 - Edgecut: 7761, communication volume: 79.

 - Balance:
     constraint #0:  1.917 out of 0.529

 - Most overweight partition:
     pid: 1, actual: 2900, desired: 1512, ratio: 1.92.

 - Subdomain connectivity: max: 5, min: 3, avg: 4.25

 - Each partition is contiguous.

Timing Information ----------------------------------------------------------
  I/O:          		   0.001 sec
  Partitioning: 		   0.001 sec   (METIS time)
  Reporting:    		   0.000 sec

Memory Information ----------------------------------------------------------
  Max memory used:		   0.070 MB
******************************************************************************
LEO31: 23.265696464220802: ['LEO11', 'LEO17', 'LEO18', 'LEO19', 'LEO21', 'LEO28', 'LEO29', 'LEO31', 'LEO37', 'LEO38', 'LEO39', 'LEO48', 'LEO49']
LEO33: 49.53929737382101: ['LEO12', 'LEO13', 'LEO14', 'LEO15', 'LEO16', 'LEO23', 'LEO24', 'LEO25', 'LEO33']
LEO42: 73.54385761020943: ['LEO22', 'LEO32', 'LEO41', 'LEO42', 'LEO51', 'LEO52', 'LEO61']
LEO34: 18.857313627994053: ['LEO26', 'LEO27', 'LEO34', 'LEO35', 'LEO36', 'LEO44', 'LEO45', 'LEO46', 'LEO47', 'LEO54', 'LEO55', 'LEO56']
LEO63: 57.29721076822738: ['LEO43', 'LEO53', 'LEO62', 'LEO63', 'LEO64', 'LEO73', 'LEO74', 'LEO83']
LEO59: 17.320848059754525: ['LEO57', 'LEO58', 'LEO59', 'LEO67', 'LEO68', 'LEO77', 'LEO78', 'LEO87', 'LEO88', 'LEO89']
LEO75: 16.06981068483895: ['LEO65', 'LEO66', 'LEO75', 'LEO76', 'LEO84', 'LEO85', 'LEO86']
LEO79: 19.53519577901864: ['LEO69', 'LEO71', 'LEO72', 'LEO79', 'LEO81', 'LEO82']
sum_con_loads:  275.43
max_con_loads:   73.54
avg_setup_time: 190.55
