******************************************************************************
METIS 5.0 Copyright 1998-13, Regents of the University of Minnesota
 (HEAD: , Built on: Dec 17 2022, 08:18:35)
 size of idx_t: 64bits, real_t: 32bits, idx_t *: 64bits

Graph Information -----------------------------------------------------------
 Name: MetisTopos/325, #Vertices: 72, #Edges: 128, #Parts: 8

Options ---------------------------------------------------------------------
 ptype=kway, objtype=cut, ctype=shem, rtype=greedy, iptype=metisrb
 dbglvl=0, ufactor=2.600, no2hop=NO, minconn=NO, contig=NO, nooutput=NO
 seed=-1, niter=10, ncuts=1

Direct k-way Partitioning ---------------------------------------------------
 - Edgecut: 8131, communication volume: 77.

 - Balance:
     constraint #0:  2.579 out of 0.529

 - Most overweight partition:
     pid: 7, actual: 3900, desired: 1512, ratio: 2.58.

 - Subdomain connectivity: max: 6, min: 3, avg: 4.25

 - Each partition is contiguous.

Timing Information ----------------------------------------------------------
  I/O:          		   0.001 sec
  Partitioning: 		   0.001 sec   (METIS time)
  Reporting:    		   0.000 sec

Memory Information ----------------------------------------------------------
  Max memory used:		   0.070 MB
******************************************************************************
LEO22: 19.1773790326352: ['LEO11', 'LEO19', 'LEO21', 'LEO22', 'LEO29']
LEO23: 35.90994159323915: ['LEO12', 'LEO13', 'LEO14', 'LEO15', 'LEO16', 'LEO23', 'LEO24', 'LEO25', 'LEO26']
LEO39: 14.043620918723603: ['LEO17', 'LEO18', 'LEO27', 'LEO28', 'LEO38', 'LEO39', 'LEO49']
LEO52: 95.41679127030821: ['LEO31', 'LEO32', 'LEO41', 'LEO42', 'LEO51', 'LEO52', 'LEO53', 'LEO61', 'LEO62', 'LEO63', 'LEO73', 'LEO74']
LEO33: 56.27594429620817: ['LEO33', 'LEO34', 'LEO35', 'LEO43', 'LEO44', 'LEO45', 'LEO54', 'LEO64']
LEO75: 16.13301822012826: ['LEO36', 'LEO37', 'LEO46', 'LEO47', 'LEO48', 'LEO55', 'LEO56', 'LEO57', 'LEO58', 'LEO65', 'LEO66', 'LEO67', 'LEO68', 'LEO75', 'LEO76', 'LEO77', 'LEO78', 'LEO85', 'LEO86', 'LEO87', 'LEO88']
LEO69: 28.761865069501386: ['LEO59', 'LEO69', 'LEO71', 'LEO72', 'LEO79', 'LEO81', 'LEO89']
LEO83: 17.69145618488239: ['LEO82', 'LEO83', 'LEO84']
sum_con_loads:  283.41
max_con_loads:   95.42
avg_setup_time: 346.51
