******************************************************************************
METIS 5.0 Copyright 1998-13, Regents of the University of Minnesota
 (HEAD: , Built on: Dec 17 2022, 08:18:35)
 size of idx_t: 64bits, real_t: 32bits, idx_t *: 64bits

Graph Information -----------------------------------------------------------
 Name: MetisTopos/325, #Vertices: 72, #Edges: 128, #Parts: 8

Options ---------------------------------------------------------------------
 ptype=kway, objtype=cut, ctype=shem, rtype=greedy, iptype=metisrb
 dbglvl=0, ufactor=1.200, no2hop=NO, minconn=NO, contig=NO, nooutput=NO
 seed=-1, niter=10, ncuts=1

Direct k-way Partitioning ---------------------------------------------------
 - Edgecut: 10246, communication volume: 85.

 - Balance:
     constraint #0:  1.190 out of 0.529

 - Most overweight partition:
     pid: 3, actual: 1800, desired: 1512, ratio: 1.19.

 - Subdomain connectivity: max: 6, min: 3, avg: 4.25

 - Each partition is contiguous.

Timing Information ----------------------------------------------------------
  I/O:          		   0.001 sec
  Partitioning: 		   0.002 sec   (METIS time)
  Reporting:    		   0.000 sec

Memory Information ----------------------------------------------------------
  Max memory used:		   0.070 MB
******************************************************************************
LEO31: 34.894909440475054: ['LEO11', 'LEO12', 'LEO17', 'LEO18', 'LEO19', 'LEO21', 'LEO27', 'LEO28', 'LEO29', 'LEO31', 'LEO38', 'LEO39', 'LEO47', 'LEO48', 'LEO49', 'LEO57', 'LEO58', 'LEO67', 'LEO68']
LEO33: 48.20432334151624: ['LEO13', 'LEO23', 'LEO24', 'LEO25', 'LEO33', 'LEO34', 'LEO35']
LEO14: 29.19607873481996: ['LEO14', 'LEO15', 'LEO16', 'LEO26', 'LEO36', 'LEO37', 'LEO44', 'LEO45', 'LEO46', 'LEO54', 'LEO55', 'LEO56', 'LEO64', 'LEO65', 'LEO66']
LEO42: 62.686656775512986: ['LEO22', 'LEO32', 'LEO41', 'LEO42', 'LEO52']
LEO63: 54.43776235669385: ['LEO43', 'LEO53', 'LEO63', 'LEO73', 'LEO83']
LEO51: 40.94753062063265: ['LEO51', 'LEO61', 'LEO62']
LEO69: 28.761865069501386: ['LEO59', 'LEO69', 'LEO71', 'LEO72', 'LEO79', 'LEO81', 'LEO82', 'LEO89']
LEO74: 25.809953700917667: ['LEO74', 'LEO75', 'LEO76', 'LEO77', 'LEO78', 'LEO84', 'LEO85', 'LEO86', 'LEO87', 'LEO88']
sum_con_loads:  324.94
max_con_loads:   62.69
avg_setup_time: 202.80
