******************************************************************************
METIS 5.0 Copyright 1998-13, Regents of the University of Minnesota
 (HEAD: , Built on: Dec 17 2022, 08:18:35)
 size of idx_t: 64bits, real_t: 32bits, idx_t *: 64bits

Graph Information -----------------------------------------------------------
 Name: MetisTopos/325, #Vertices: 72, #Edges: 128, #Parts: 8

Options ---------------------------------------------------------------------
 ptype=kway, objtype=cut, ctype=shem, rtype=greedy, iptype=metisrb
 dbglvl=0, ufactor=3.000, no2hop=NO, minconn=NO, contig=YES, nooutput=NO
 seed=-1, niter=10, ncuts=1

Direct k-way Partitioning ---------------------------------------------------
 - Edgecut: 6696, communication volume: 61.

 - Balance:
     constraint #0:  2.975 out of 0.529

 - Most overweight partition:
     pid: 7, actual: 4500, desired: 1512, ratio: 2.98.

 - Subdomain connectivity: max: 5, min: 0, avg: 2.50

 - There are 0 non-contiguous partitions.
   Total components after removing the cut edges: 6,
   max components: 1 for pid: 1.

Timing Information ----------------------------------------------------------
  I/O:          		   0.001 sec
  Partitioning: 		   0.001 sec   (METIS time)
  Reporting:    		   0.000 sec

Memory Information ----------------------------------------------------------
  Max memory used:		   0.073 MB
******************************************************************************
LEO22: 60.10100333146412: ['LEO11', 'LEO12', 'LEO13', 'LEO14', 'LEO15', 'LEO16', 'LEO17', 'LEO18', 'LEO19', 'LEO21', 'LEO22', 'LEO23', 'LEO24', 'LEO25', 'LEO26', 'LEO27', 'LEO28', 'LEO29', 'LEO31', 'LEO37', 'LEO38', 'LEO39']
LEO53: 101.89222162761827: ['LEO32', 'LEO33', 'LEO41', 'LEO42', 'LEO43', 'LEO49', 'LEO51', 'LEO52', 'LEO53', 'LEO59', 'LEO63', 'LEO73', 'LEO82', 'LEO83']
LEO34: 31.24389033560348: ['LEO34', 'LEO35', 'LEO36', 'LEO44', 'LEO45', 'LEO46', 'LEO47', 'LEO48', 'LEO54', 'LEO55', 'LEO56', 'LEO57', 'LEO58', 'LEO64', 'LEO65', 'LEO66', 'LEO67', 'LEO68', 'LEO76', 'LEO77', 'LEO86', 'LEO87']
LEO61: 26.032414631579996: ['LEO61', 'LEO62', 'LEO69']
LEO79: 13.883833773375446: ['LEO71', 'LEO72', 'LEO78', 'LEO79', 'LEO81', 'LEO88', 'LEO89']
LEO74: 21.443004988128656: ['LEO74', 'LEO75', 'LEO84', 'LEO85']
sum_con_loads:  254.60
max_con_loads:  101.89
avg_setup_time: 185.59
