******************************************************************************
METIS 5.0 Copyright 1998-13, Regents of the University of Minnesota
 (HEAD: , Built on: Dec 17 2022, 08:18:35)
 size of idx_t: 64bits, real_t: 32bits, idx_t *: 64bits

Graph Information -----------------------------------------------------------
 Name: MetisTopos/325, #Vertices: 72, #Edges: 128, #Parts: 8

Options ---------------------------------------------------------------------
 ptype=kway, objtype=cut, ctype=shem, rtype=greedy, iptype=metisrb
 dbglvl=0, ufactor=3.500, no2hop=NO, minconn=NO, contig=YES, nooutput=NO
 seed=-1, niter=10, ncuts=1

Direct k-way Partitioning ---------------------------------------------------
 - Edgecut: 6206, communication volume: 53.

 - Balance:
     constraint #0:  3.306 out of 0.529

 - Most overweight partition:
     pid: 7, actual: 5000, desired: 1512, ratio: 3.31.

 - Subdomain connectivity: max: 3, min: 0, avg: 1.00

 - There are 0 non-contiguous partitions.
   Total components after removing the cut edges: 4,
   max components: 1 for pid: 1.

Timing Information ----------------------------------------------------------
  I/O:          		   0.001 sec
  Partitioning: 		   0.001 sec   (METIS time)
  Reporting:    		   0.000 sec

Memory Information ----------------------------------------------------------
  Max memory used:		   0.071 MB
******************************************************************************
LEO22: ['LEO11', 'LEO12', 'LEO19', 'LEO21', 'LEO22', 'LEO29']

LEO42: ['LEO13', 'LEO14', 'LEO15', 'LEO16', 'LEO17', 'LEO18', 'LEO23', 'LEO24', 'LEO27', 'LEO28', 'LEO31', 'LEO32', 'LEO33', 'LEO34', 'LEO38', 'LEO39', 'LEO41', 'LEO42', 'LEO43', 'LEO47', 'LEO48', 'LEO49', 'LEO51', 'LEO52']

LEO61: ['LEO25', 'LEO26', 'LEO35', 'LEO36', 'LEO37', 'LEO46', 'LEO56', 'LEO57', 'LEO58', 'LEO59', 'LEO61', 'LEO66', 'LEO67', 'LEO68', 'LEO69', 'LEO71', 'LEO76', 'LEO77', 'LEO78', 'LEO79', 'LEO81', 'LEO82', 'LEO83', 'LEO84', 'LEO85', 'LEO86', 'LEO87', 'LEO88', 'LEO89']

LEO63: ['LEO44', 'LEO45', 'LEO53', 'LEO54', 'LEO55', 'LEO62', 'LEO63', 'LEO64', 'LEO65', 'LEO72', 'LEO73', 'LEO74', 'LEO75']

sum_con_loads:  244.83

max_con_loads:   97.45

avg_setup_time: 171.16

