******************************************************************************
METIS 5.0 Copyright 1998-13, Regents of the University of Minnesota
 (HEAD: , Built on: Dec 17 2022, 08:18:35)
 size of idx_t: 64bits, real_t: 32bits, idx_t *: 64bits

Graph Information -----------------------------------------------------------
 Name: MetisTopos/325, #Vertices: 72, #Edges: 128, #Parts: 8

Options ---------------------------------------------------------------------
 ptype=kway, objtype=cut, ctype=shem, rtype=greedy, iptype=metisrb
 dbglvl=0, ufactor=1.300, no2hop=NO, minconn=NO, contig=NO, nooutput=NO
 seed=-1, niter=10, ncuts=1

Direct k-way Partitioning ---------------------------------------------------
 - Edgecut: 9998, communication volume: 80.

 - Balance:
     constraint #0:  1.190 out of 0.529

 - Most overweight partition:
     pid: 3, actual: 1800, desired: 1512, ratio: 1.19.

 - Subdomain connectivity: max: 6, min: 3, avg: 4.50

 - Each partition is contiguous.

Timing Information ----------------------------------------------------------
  I/O:          		   0.001 sec
  Partitioning: 		   0.002 sec   (METIS time)
  Reporting:    		   0.000 sec

Memory Information ----------------------------------------------------------
  Max memory used:		   0.070 MB
******************************************************************************
LEO35: 27.032598100814262: ['LEO11', 'LEO12', 'LEO15', 'LEO16', 'LEO17', 'LEO18', 'LEO19', 'LEO25', 'LEO26', 'LEO27', 'LEO28', 'LEO35', 'LEO36', 'LEO37', 'LEO38', 'LEO44', 'LEO45', 'LEO46', 'LEO47', 'LEO48', 'LEO54', 'LEO55', 'LEO56']
LEO33: 46.21156788365881: ['LEO13', 'LEO14', 'LEO23', 'LEO24', 'LEO33', 'LEO34']
LEO31: 23.265696464220802: ['LEO21', 'LEO29', 'LEO31', 'LEO39']
LEO42: 62.686656775512986: ['LEO22', 'LEO32', 'LEO41', 'LEO42', 'LEO52']
LEO63: 55.49680026275515: ['LEO43', 'LEO53', 'LEO62', 'LEO63', 'LEO64', 'LEO72', 'LEO73']
LEO79: 26.03392287619655: ['LEO49', 'LEO58', 'LEO59', 'LEO68', 'LEO71', 'LEO78', 'LEO79']
LEO51: 43.91140618435342: ['LEO51', 'LEO61', 'LEO69']
LEO74: 35.336831597501: ['LEO57', 'LEO65', 'LEO66', 'LEO67', 'LEO74', 'LEO75', 'LEO76', 'LEO77', 'LEO81', 'LEO82', 'LEO83', 'LEO84', 'LEO85', 'LEO86', 'LEO87', 'LEO88', 'LEO89']
sum_con_loads:  319.98
max_con_loads:   62.69
avg_setup_time: 198.59
