******************************************************************************
METIS 5.0 Copyright 1998-13, Regents of the University of Minnesota
 (HEAD: , Built on: Dec 17 2022, 08:18:35)
 size of idx_t: 64bits, real_t: 32bits, idx_t *: 64bits

Graph Information -----------------------------------------------------------
 Name: MetisTopos/325, #Vertices: 72, #Edges: 128, #Parts: 8

Options ---------------------------------------------------------------------
 ptype=kway, objtype=cut, ctype=shem, rtype=greedy, iptype=metisrb
 dbglvl=0, ufactor=1.300, no2hop=NO, minconn=NO, contig=YES, nooutput=NO
 seed=-1, niter=10, ncuts=1

Direct k-way Partitioning ---------------------------------------------------
 - Edgecut: 10510, communication volume: 75.

 - Balance:
     constraint #0:  1.256 out of 0.529

 - Most overweight partition:
     pid: 1, actual: 1900, desired: 1512, ratio: 1.26.

 - Subdomain connectivity: max: 6, min: 3, avg: 4.50

 - Each partition is contiguous.

Timing Information ----------------------------------------------------------
  I/O:          		   0.001 sec
  Partitioning: 		   0.002 sec   (METIS time)
  Reporting:    		   0.000 sec

Memory Information ----------------------------------------------------------
  Max memory used:		   0.070 MB
******************************************************************************
LEO31: ['LEO11', 'LEO17', 'LEO18', 'LEO19', 'LEO21', 'LEO22', 'LEO28', 'LEO29', 'LEO31', 'LEO38', 'LEO39', 'LEO49']

LEO33: ['LEO12', 'LEO13', 'LEO14', 'LEO23', 'LEO24', 'LEO33']

LEO34: ['LEO15', 'LEO16', 'LEO25', 'LEO26', 'LEO27', 'LEO34', 'LEO35', 'LEO36', 'LEO37', 'LEO44', 'LEO45', 'LEO46', 'LEO54', 'LEO55', 'LEO56']

LEO42: ['LEO32', 'LEO41', 'LEO42', 'LEO51', 'LEO52']

LEO63: ['LEO43', 'LEO53', 'LEO63', 'LEO64']

LEO73: ['LEO47', 'LEO48', 'LEO57', 'LEO58', 'LEO66', 'LEO67', 'LEO68', 'LEO71', 'LEO72', 'LEO73', 'LEO74', 'LEO76', 'LEO77', 'LEO78', 'LEO79', 'LEO81', 'LEO82', 'LEO86', 'LEO87', 'LEO88', 'LEO89']

LEO61: ['LEO59', 'LEO61', 'LEO62', 'LEO69']

LEO83: ['LEO65', 'LEO75', 'LEO83', 'LEO84', 'LEO85']

sum_con_loads:  330.50

max_con_loads:   61.45

avg_setup_time: 148.81

