******************************************************************************
METIS 5.0 Copyright 1998-13, Regents of the University of Minnesota
 (HEAD: , Built on: Dec 17 2022, 08:18:35)
 size of idx_t: 64bits, real_t: 32bits, idx_t *: 64bits

Graph Information -----------------------------------------------------------
 Name: MetisTopos/325, #Vertices: 72, #Edges: 128, #Parts: 8

Options ---------------------------------------------------------------------
 ptype=kway, objtype=cut, ctype=shem, rtype=greedy, iptype=metisrb
 dbglvl=0, ufactor=1.400, no2hop=NO, minconn=NO, contig=NO, nooutput=NO
 seed=-1, niter=10, ncuts=1

Direct k-way Partitioning ---------------------------------------------------
 - Edgecut: 9375, communication volume: 73.

 - Balance:
     constraint #0:  1.256 out of 0.529

 - Most overweight partition:
     pid: 4, actual: 1900, desired: 1512, ratio: 1.26.

 - Subdomain connectivity: max: 6, min: 2, avg: 4.25

 - Each partition is contiguous.

Timing Information ----------------------------------------------------------
  I/O:          		   0.001 sec
  Partitioning: 		   0.001 sec   (METIS time)
  Reporting:    		   0.000 sec

Memory Information ----------------------------------------------------------
  Max memory used:		   0.071 MB
******************************************************************************
LEO22: 36.55183614040066: ['LEO11', 'LEO12', 'LEO19', 'LEO21', 'LEO22', 'LEO29', 'LEO31', 'LEO39']
LEO33: 46.21156788365881: ['LEO13', 'LEO14', 'LEO23', 'LEO24', 'LEO33', 'LEO34']
LEO35: 18.996090254634964: ['LEO15', 'LEO16', 'LEO17', 'LEO18', 'LEO25', 'LEO26', 'LEO27', 'LEO28', 'LEO35', 'LEO36', 'LEO37', 'LEO38', 'LEO44', 'LEO45', 'LEO46', 'LEO47', 'LEO48', 'LEO54']
LEO42: 61.45453704211365: ['LEO32', 'LEO41', 'LEO42', 'LEO51', 'LEO52']
LEO63: 55.49680026275515: ['LEO43', 'LEO53', 'LEO63', 'LEO64', 'LEO72', 'LEO73']
LEO61: 35.25908392206274: ['LEO49', 'LEO59', 'LEO61', 'LEO62', 'LEO69']
LEO78: 24.361162762166323: ['LEO55', 'LEO56', 'LEO57', 'LEO58', 'LEO65', 'LEO66', 'LEO67', 'LEO68', 'LEO71', 'LEO75', 'LEO76', 'LEO77', 'LEO78', 'LEO79', 'LEO81', 'LEO86', 'LEO87', 'LEO88', 'LEO89']
LEO83: 29.547605357300025: ['LEO74', 'LEO82', 'LEO83', 'LEO84', 'LEO85']
sum_con_loads:  307.88
max_con_loads:   61.45
avg_setup_time: 195.23
