******************************************************************************
METIS 5.0 Copyright 1998-13, Regents of the University of Minnesota
 (HEAD: , Built on: Dec 17 2022, 08:18:35)
 size of idx_t: 64bits, real_t: 32bits, idx_t *: 64bits

Graph Information -----------------------------------------------------------
 Name: MetisTopos/325, #Vertices: 72, #Edges: 128, #Parts: 8

Options ---------------------------------------------------------------------
 ptype=kway, objtype=cut, ctype=shem, rtype=greedy, iptype=metisrb
 dbglvl=0, ufactor=1.500, no2hop=NO, minconn=NO, contig=NO, nooutput=NO
 seed=-1, niter=10, ncuts=1

Direct k-way Partitioning ---------------------------------------------------
 - Edgecut: 8576, communication volume: 82.

 - Balance:
     constraint #0:  1.455 out of 0.529

 - Most overweight partition:
     pid: 0, actual: 2200, desired: 1512, ratio: 1.45.

 - Subdomain connectivity: max: 6, min: 3, avg: 4.50

 - Each partition is contiguous.

Timing Information ----------------------------------------------------------
  I/O:          		   0.001 sec
  Partitioning: 		   0.001 sec   (METIS time)
  Reporting:    		   0.000 sec

Memory Information ----------------------------------------------------------
  Max memory used:		   0.071 MB
******************************************************************************
LEO31: ['LEO11', 'LEO18', 'LEO19', 'LEO21', 'LEO28', 'LEO29', 'LEO31', 'LEO38', 'LEO39', 'LEO48', 'LEO49']

LEO33: ['LEO12', 'LEO13', 'LEO14', 'LEO23', 'LEO24', 'LEO33', 'LEO34', 'LEO44', 'LEO54']

LEO35: ['LEO15', 'LEO16', 'LEO17', 'LEO25', 'LEO26', 'LEO27', 'LEO35', 'LEO36', 'LEO37', 'LEO45', 'LEO46', 'LEO47', 'LEO56', 'LEO66']

LEO42: ['LEO22', 'LEO32', 'LEO41', 'LEO42', 'LEO51', 'LEO52']

LEO63: ['LEO43', 'LEO53', 'LEO63', 'LEO64', 'LEO72', 'LEO73', 'LEO74']

LEO83: ['LEO55', 'LEO65', 'LEO75', 'LEO76', 'LEO82', 'LEO83', 'LEO84', 'LEO85', 'LEO86']

LEO59: ['LEO57', 'LEO58', 'LEO59', 'LEO67', 'LEO68', 'LEO71', 'LEO77', 'LEO78', 'LEO79', 'LEO81', 'LEO87', 'LEO88', 'LEO89']

LEO61: ['LEO61', 'LEO62', 'LEO69']

sum_con_loads:  291.76

max_con_loads:   66.10

avg_setup_time: 140.29

