******************************************************************************
METIS 5.0 Copyright 1998-13, Regents of the University of Minnesota
 (HEAD: , Built on: Dec 17 2022, 08:18:35)
 size of idx_t: 64bits, real_t: 32bits, idx_t *: 64bits

Graph Information -----------------------------------------------------------
 Name: MetisTopos/325, #Vertices: 72, #Edges: 128, #Parts: 8

Options ---------------------------------------------------------------------
 ptype=kway, objtype=cut, ctype=shem, rtype=greedy, iptype=metisrb
 dbglvl=0, ufactor=1.600, no2hop=NO, minconn=NO, contig=YES, nooutput=NO
 seed=-1, niter=10, ncuts=1

Direct k-way Partitioning ---------------------------------------------------
 - Edgecut: 8378, communication volume: 65.

 - Balance:
     constraint #0:  1.587 out of 0.529

 - Most overweight partition:
     pid: 4, actual: 2400, desired: 1512, ratio: 1.59.

 - Subdomain connectivity: max: 6, min: 0, avg: 3.75

 - There are 0 non-contiguous partitions.
   Total components after removing the cut edges: 7,
   max components: 1 for pid: 0.

Timing Information ----------------------------------------------------------
  I/O:          		   0.001 sec
  Partitioning: 		   0.002 sec   (METIS time)
  Reporting:    		   0.000 sec

Memory Information ----------------------------------------------------------
  Max memory used:		   0.071 MB
******************************************************************************
LEO31: ['LEO11', 'LEO19', 'LEO21', 'LEO22', 'LEO29', 'LEO31', 'LEO39']

LEO33: ['LEO12', 'LEO13', 'LEO14', 'LEO23', 'LEO24', 'LEO33', 'LEO34']

LEO76: ['LEO15', 'LEO16', 'LEO17', 'LEO18', 'LEO25', 'LEO26', 'LEO27', 'LEO28', 'LEO35', 'LEO36', 'LEO37', 'LEO38', 'LEO44', 'LEO45', 'LEO46', 'LEO47', 'LEO48', 'LEO54', 'LEO55', 'LEO56', 'LEO57', 'LEO58', 'LEO65', 'LEO66', 'LEO67', 'LEO74', 'LEO75', 'LEO76', 'LEO77', 'LEO84', 'LEO85', 'LEO86', 'LEO87']

LEO42: ['LEO32', 'LEO41', 'LEO42', 'LEO49', 'LEO51', 'LEO52', 'LEO59']

LEO63: ['LEO43', 'LEO53', 'LEO63', 'LEO64', 'LEO73', 'LEO83']

LEO61: ['LEO61', 'LEO62']

LEO79: ['LEO68', 'LEO69', 'LEO71', 'LEO72', 'LEO78', 'LEO79', 'LEO81', 'LEO82', 'LEO88', 'LEO89']

sum_con_loads:  287.86

max_con_loads:   65.13

avg_setup_time: 153.74

