******************************************************************************
METIS 5.0 Copyright 1998-13, Regents of the University of Minnesota
 (HEAD: , Built on: Dec 17 2022, 08:18:35)
 size of idx_t: 64bits, real_t: 32bits, idx_t *: 64bits

Graph Information -----------------------------------------------------------
 Name: MetisTopos/325, #Vertices: 72, #Edges: 128, #Parts: 8

Options ---------------------------------------------------------------------
 ptype=kway, objtype=cut, ctype=shem, rtype=greedy, iptype=metisrb
 dbglvl=0, ufactor=1.900, no2hop=NO, minconn=NO, contig=YES, nooutput=NO
 seed=-1, niter=10, ncuts=1

Direct k-way Partitioning ---------------------------------------------------
 - Edgecut: 8411, communication volume: 76.

 - Balance:
     constraint #0:  1.785 out of 0.529

 - Most overweight partition:
     pid: 7, actual: 2700, desired: 1512, ratio: 1.79.

 - Subdomain connectivity: max: 6, min: 2, avg: 4.25

 - Each partition is contiguous.

Timing Information ----------------------------------------------------------
  I/O:          		   0.001 sec
  Partitioning: 		   0.002 sec   (METIS time)
  Reporting:    		   0.000 sec

Memory Information ----------------------------------------------------------
  Max memory used:		   0.070 MB
******************************************************************************
LEO39: ['LEO11', 'LEO17', 'LEO18', 'LEO19', 'LEO25', 'LEO26', 'LEO27', 'LEO28', 'LEO29', 'LEO35', 'LEO36', 'LEO37', 'LEO38', 'LEO39', 'LEO48', 'LEO49']

LEO33: ['LEO12', 'LEO13', 'LEO14', 'LEO15', 'LEO16', 'LEO23', 'LEO24', 'LEO33', 'LEO34']

LEO42: ['LEO21', 'LEO22', 'LEO31', 'LEO32', 'LEO41', 'LEO42', 'LEO51', 'LEO52']

LEO63: ['LEO43', 'LEO53', 'LEO63', 'LEO72', 'LEO73', 'LEO82', 'LEO83']

LEO75: ['LEO44', 'LEO45', 'LEO46', 'LEO47', 'LEO54', 'LEO55', 'LEO56', 'LEO57', 'LEO58', 'LEO65', 'LEO66', 'LEO67', 'LEO68', 'LEO75', 'LEO76', 'LEO77', 'LEO78', 'LEO84', 'LEO85', 'LEO86', 'LEO87', 'LEO88']

LEO59: ['LEO59', 'LEO69']

LEO61: ['LEO61', 'LEO62', 'LEO71', 'LEO79', 'LEO81', 'LEO89']

LEO74: ['LEO64', 'LEO74']

sum_con_loads:  288.63

max_con_loads:   66.88

avg_setup_time: 142.08

