******************************************************************************
METIS 5.0 Copyright 1998-13, Regents of the University of Minnesota
 (HEAD: , Built on: Dec 17 2022, 08:18:35)
 size of idx_t: 64bits, real_t: 32bits, idx_t *: 64bits

Graph Information -----------------------------------------------------------
 Name: MetisTopos/325, #Vertices: 72, #Edges: 128, #Parts: 8

Options ---------------------------------------------------------------------
 ptype=kway, objtype=cut, ctype=shem, rtype=greedy, iptype=metisrb
 dbglvl=0, ufactor=1.900, no2hop=NO, minconn=NO, contig=NO, nooutput=NO
 seed=-1, niter=10, ncuts=1

Direct k-way Partitioning ---------------------------------------------------
 - Edgecut: 9150, communication volume: 87.

 - Balance:
     constraint #0:  1.785 out of 0.529

 - Most overweight partition:
     pid: 7, actual: 2700, desired: 1512, ratio: 1.79.

 - Subdomain connectivity: max: 6, min: 2, avg: 4.50

 - There are 1 non-contiguous partitions.
   Total components after removing the cut edges: 9,
   max components: 2 for pid: 5.

Timing Information ----------------------------------------------------------
  I/O:          		   0.001 sec
  Partitioning: 		   0.002 sec   (METIS time)
  Reporting:    		   0.000 sec

Memory Information ----------------------------------------------------------
  Max memory used:		   0.070 MB
******************************************************************************
LEO59: 11.264970203476729: ['LEO11', 'LEO19', 'LEO29', 'LEO49', 'LEO59']
LEO33: 52.540120039502554: ['LEO12', 'LEO13', 'LEO14', 'LEO23', 'LEO24', 'LEO25', 'LEO33', 'LEO34', 'LEO35']
LEO39: 37.39922929174974: ['LEO15', 'LEO16', 'LEO17', 'LEO18', 'LEO28', 'LEO38', 'LEO39', 'LEO48', 'LEO57', 'LEO58', 'LEO67', 'LEO68', 'LEO71', 'LEO72', 'LEO76', 'LEO77', 'LEO78', 'LEO79', 'LEO81', 'LEO86', 'LEO87', 'LEO88', 'LEO89']
LEO42: 66.8768974862512: ['LEO21', 'LEO22', 'LEO31', 'LEO32', 'LEO41', 'LEO42', 'LEO51', 'LEO52']
LEO43: 34.248871548526715: ['LEO26', 'LEO27', 'LEO36', 'LEO37', 'LEO43', 'LEO44', 'LEO45', 'LEO46', 'LEO47', 'LEO54', 'LEO55', 'LEO56', 'LEO65', 'LEO66', 'LEO75']
LEO63: 53.31256568999169: ['LEO53', 'LEO62', 'LEO63', 'LEO73', 'LEO82', 'LEO83', 'LEO84', 'LEO85']
LEO61: 26.032414631579996: ['LEO61', 'LEO69']
LEO74: 21.75332029368859: ['LEO64', 'LEO74']
sum_con_loads:  303.43
max_con_loads:   66.88
avg_setup_time: 211.05
