******************************************************************************
METIS 5.0 Copyright 1998-13, Regents of the University of Minnesota
 (HEAD: , Built on: Dec 17 2022, 08:18:35)
 size of idx_t: 64bits, real_t: 32bits, idx_t *: 64bits

Graph Information -----------------------------------------------------------
 Name: MetisTopos/680, #Vertices: 72, #Edges: 127, #Parts: 8

Options ---------------------------------------------------------------------
 ptype=kway, objtype=cut, ctype=shem, rtype=greedy, iptype=metisrb
 dbglvl=0, ufactor=1.100, no2hop=NO, minconn=NO, contig=NO, nooutput=NO
 seed=-1, niter=10, ncuts=1

Direct k-way Partitioning ---------------------------------------------------
 - Edgecut: 16810, communication volume: 91.

 - Balance:
     constraint #0:  1.041 out of 0.455

 - Most overweight partition:
     pid: 1, actual: 1600, desired: 1537, ratio: 1.04.

 - Subdomain connectivity: max: 7, min: 3, avg: 4.25

 - There are 3 non-contiguous partitions.
   Total components after removing the cut edges: 12,
   max components: 3 for pid: 2.

Timing Information ----------------------------------------------------------
  I/O:          		   0.001 sec
  Partitioning: 		   0.002 sec   (METIS time)
  Reporting:    		   0.000 sec

Memory Information ----------------------------------------------------------
  Max memory used:		   0.070 MB
******************************************************************************
LEO13: 30.500147460599987: ['LEO11', 'LEO12', 'LEO13', 'LEO14', 'LEO15']
LEO31: 62.55670498434296: ['LEO16', 'LEO17', 'LEO18', 'LEO19', 'LEO27', 'LEO28', 'LEO29', 'LEO31', 'LEO32', 'LEO37', 'LEO38', 'LEO39', 'LEO48', 'LEO49']
LEO41: 104.08141271390119: ['LEO21', 'LEO33', 'LEO41', 'LEO42']
LEO23: 50.01292541973844: ['LEO22', 'LEO23', 'LEO24', 'LEO34']
LEO51: 83.55559473264913: ['LEO25', 'LEO26', 'LEO35', 'LEO36', 'LEO43', 'LEO44', 'LEO45', 'LEO46', 'LEO51', 'LEO52', 'LEO53', 'LEO54', 'LEO55', 'LEO64', 'LEO65', 'LEO81', 'LEO82', 'LEO83', 'LEO84', 'LEO85', 'LEO86', 'LEO87', 'LEO88', 'LEO89']
LEO69: 33.85426390581203: ['LEO47', 'LEO56', 'LEO57', 'LEO66', 'LEO67', 'LEO68', 'LEO69', 'LEO77', 'LEO78', 'LEO79']
LEO61: 54.38265480535472: ['LEO58', 'LEO59', 'LEO61', 'LEO71']
LEO62: 40.24457381762742: ['LEO62', 'LEO63', 'LEO72', 'LEO73', 'LEO74', 'LEO75', 'LEO76']
sum_con_loads:  459.19
max_con_loads:  104.08
avg_setup_time: 290.70
