******************************************************************************
METIS 5.0 Copyright 1998-13, Regents of the University of Minnesota
 (HEAD: , Built on: Dec 17 2022, 08:18:35)
 size of idx_t: 64bits, real_t: 32bits, idx_t *: 64bits

Graph Information -----------------------------------------------------------
 Name: MetisTopos/680, #Vertices: 72, #Edges: 127, #Parts: 8

Options ---------------------------------------------------------------------
 ptype=kway, objtype=cut, ctype=shem, rtype=greedy, iptype=metisrb
 dbglvl=0, ufactor=1.100, no2hop=NO, minconn=NO, contig=YES, nooutput=NO
 seed=-1, niter=10, ncuts=1

Direct k-way Partitioning ---------------------------------------------------
 - Edgecut: 11518, communication volume: 80.

 - Balance:
     constraint #0:  1.041 out of 0.455

 - Most overweight partition:
     pid: 1, actual: 1600, desired: 1537, ratio: 1.04.

 - Subdomain connectivity: max: 7, min: 3, avg: 4.50

 - Each partition is contiguous.

Timing Information ----------------------------------------------------------
  I/O:          		   0.001 sec
  Partitioning: 		   0.002 sec   (METIS time)
  Reporting:    		   0.000 sec

Memory Information ----------------------------------------------------------
  Max memory used:		   0.070 MB
******************************************************************************
LEO33: 50.28992428861851: ['LEO11', 'LEO12', 'LEO13', 'LEO23', 'LEO32', 'LEO33']
LEO14: 31.520389377252336: ['LEO14', 'LEO15', 'LEO16', 'LEO24', 'LEO25', 'LEO26', 'LEO35', 'LEO36']
LEO48: 34.13405090434007: ['LEO17', 'LEO18', 'LEO19', 'LEO27', 'LEO28', 'LEO29', 'LEO37', 'LEO38', 'LEO46', 'LEO47', 'LEO48', 'LEO49', 'LEO56', 'LEO57', 'LEO66', 'LEO67', 'LEO68', 'LEO77', 'LEO78', 'LEO87', 'LEO88']
LEO41: 58.60325397498349: ['LEO21', 'LEO22', 'LEO31', 'LEO39', 'LEO41', 'LEO42']
LEO53: 51.77979625789545: ['LEO34', 'LEO43', 'LEO44', 'LEO45', 'LEO52', 'LEO53', 'LEO54', 'LEO55', 'LEO62', 'LEO63', 'LEO64', 'LEO65', 'LEO72']
LEO51: 61.7334224330609: ['LEO51', 'LEO58', 'LEO59', 'LEO61']
LEO69: 36.36938787689073: ['LEO69', 'LEO71', 'LEO79']
LEO73: 28.94774362928164: ['LEO73', 'LEO74', 'LEO75', 'LEO76', 'LEO81', 'LEO82', 'LEO83', 'LEO84', 'LEO85', 'LEO86', 'LEO89']
sum_con_loads:  353.38
max_con_loads:   61.73
avg_setup_time: 219.75
