******************************************************************************
METIS 5.0 Copyright 1998-13, Regents of the University of Minnesota
 (HEAD: , Built on: Dec 17 2022, 08:18:35)
 size of idx_t: 64bits, real_t: 32bits, idx_t *: 64bits

Graph Information -----------------------------------------------------------
 Name: MetisTopos/680, #Vertices: 72, #Edges: 127, #Parts: 8

Options ---------------------------------------------------------------------
 ptype=kway, objtype=cut, ctype=shem, rtype=greedy, iptype=metisrb
 dbglvl=0, ufactor=2.800, no2hop=NO, minconn=NO, contig=YES, nooutput=NO
 seed=-1, niter=10, ncuts=1

Direct k-way Partitioning ---------------------------------------------------
 - Edgecut: 7627, communication volume: 77.

 - Balance:
     constraint #0:  2.797 out of 0.455

 - Most overweight partition:
     pid: 7, actual: 4300, desired: 1537, ratio: 2.80.

 - Subdomain connectivity: max: 6, min: 0, avg: 3.00

 - There are 0 non-contiguous partitions.
   Total components after removing the cut edges: 7,
   max components: 1 for pid: 1.

Timing Information ----------------------------------------------------------
  I/O:          		   0.001 sec
  Partitioning: 		   0.002 sec   (METIS time)
  Reporting:    		   0.000 sec

Memory Information ----------------------------------------------------------
  Max memory used:		   0.070 MB
******************************************************************************
LEO14: 31.00040276607376: ['LEO11', 'LEO12', 'LEO14', 'LEO15', 'LEO16', 'LEO17', 'LEO18', 'LEO19', 'LEO27', 'LEO28', 'LEO37', 'LEO38']
LEO41: 100.48798784685123: ['LEO13', 'LEO21', 'LEO22', 'LEO23', 'LEO24', 'LEO25', 'LEO26', 'LEO29', 'LEO31', 'LEO32', 'LEO33', 'LEO36', 'LEO39', 'LEO41', 'LEO42', 'LEO43', 'LEO46', 'LEO47', 'LEO48', 'LEO49', 'LEO51']
LEO34: 15.560438373914828: ['LEO34', 'LEO35']
LEO74: 14.074539388967457: ['LEO44', 'LEO45', 'LEO54', 'LEO55', 'LEO64', 'LEO65', 'LEO66', 'LEO74', 'LEO75', 'LEO76', 'LEO84', 'LEO85', 'LEO86']
LEO62: 42.31556670866616: ['LEO52', 'LEO53', 'LEO62', 'LEO63', 'LEO72', 'LEO73', 'LEO81', 'LEO82', 'LEO83', 'LEO89']
LEO58: 17.79052794556354: ['LEO56', 'LEO57', 'LEO58', 'LEO67', 'LEO68', 'LEO77', 'LEO78', 'LEO87', 'LEO88']
LEO61: 54.41565703159437: ['LEO59', 'LEO61', 'LEO69', 'LEO71', 'LEO79']
sum_con_loads:  275.65
max_con_loads:  100.49
avg_setup_time: 204.16
