******************************************************************************
METIS 5.0 Copyright 1998-13, Regents of the University of Minnesota
 (HEAD: , Built on: Dec 17 2022, 08:18:35)
 size of idx_t: 64bits, real_t: 32bits, idx_t *: 64bits

Graph Information -----------------------------------------------------------
 Name: MetisTopos/680, #Vertices: 72, #Edges: 127, #Parts: 8

Options ---------------------------------------------------------------------
 ptype=kway, objtype=cut, ctype=shem, rtype=greedy, iptype=metisrb
 dbglvl=0, ufactor=1.200, no2hop=NO, minconn=NO, contig=NO, nooutput=NO
 seed=-1, niter=10, ncuts=1

Direct k-way Partitioning ---------------------------------------------------
 - Edgecut: 10049, communication volume: 76.

 - Balance:
     constraint #0:  1.171 out of 0.455

 - Most overweight partition:
     pid: 1, actual: 1800, desired: 1537, ratio: 1.17.

 - Subdomain connectivity: max: 6, min: 3, avg: 4.50

 - Each partition is contiguous.

Timing Information ----------------------------------------------------------
  I/O:          		   0.001 sec
  Partitioning: 		   0.002 sec   (METIS time)
  Reporting:    		   0.000 sec

Memory Information ----------------------------------------------------------
  Max memory used:		   0.070 MB
******************************************************************************
LEO39: 27.748030384723688: ['LEO11', 'LEO18', 'LEO19', 'LEO21', 'LEO22', 'LEO28', 'LEO29', 'LEO38', 'LEO39']
LEO33: 48.8554453399436: ['LEO12', 'LEO13', 'LEO23', 'LEO32', 'LEO33']
LEO14: 28.214055518727: ['LEO14', 'LEO15', 'LEO16', 'LEO17', 'LEO24', 'LEO25', 'LEO26', 'LEO27', 'LEO37']
LEO41: 65.23294895947951: ['LEO31', 'LEO41', 'LEO49', 'LEO51']
LEO43: 37.88769637257062: ['LEO34', 'LEO35', 'LEO36', 'LEO42', 'LEO43', 'LEO44', 'LEO45', 'LEO46', 'LEO53', 'LEO54', 'LEO55', 'LEO56', 'LEO63', 'LEO64', 'LEO65', 'LEO66']
LEO59: 35.531723227919805: ['LEO47', 'LEO48', 'LEO57', 'LEO58', 'LEO59', 'LEO67', 'LEO68', 'LEO77', 'LEO78', 'LEO87', 'LEO88', 'LEO89']
LEO72: 40.61139152228499: ['LEO52', 'LEO62', 'LEO72', 'LEO73', 'LEO74', 'LEO75', 'LEO76', 'LEO82', 'LEO83', 'LEO84', 'LEO85', 'LEO86']
LEO61: 39.98094500959529: ['LEO61', 'LEO69', 'LEO71', 'LEO79', 'LEO81']
sum_con_loads:  324.06
max_con_loads:   65.23
avg_setup_time: 204.85
