******************************************************************************
METIS 5.0 Copyright 1998-13, Regents of the University of Minnesota
 (HEAD: , Built on: Dec 17 2022, 08:18:35)
 size of idx_t: 64bits, real_t: 32bits, idx_t *: 64bits

Graph Information -----------------------------------------------------------
 Name: MetisTopos/680, #Vertices: 72, #Edges: 127, #Parts: 8

Options ---------------------------------------------------------------------
 ptype=kway, objtype=cut, ctype=shem, rtype=greedy, iptype=metisrb
 dbglvl=0, ufactor=1.900, no2hop=NO, minconn=NO, contig=YES, nooutput=NO
 seed=-1, niter=10, ncuts=1

Direct k-way Partitioning ---------------------------------------------------
 - Edgecut: 8089, communication volume: 70.

 - Balance:
     constraint #0:  1.886 out of 0.455

 - Most overweight partition:
     pid: 6, actual: 2900, desired: 1537, ratio: 1.89.

 - Subdomain connectivity: max: 6, min: 0, avg: 3.50

 - There are 0 non-contiguous partitions.
   Total components after removing the cut edges: 7,
   max components: 1 for pid: 1.

Timing Information ----------------------------------------------------------
  I/O:          		   0.001 sec
  Partitioning: 		   0.002 sec   (METIS time)
  Reporting:    		   0.000 sec

Memory Information ----------------------------------------------------------
  Max memory used:		   0.071 MB
******************************************************************************
LEO41: 82.42218089907804: ['LEO11', 'LEO12', 'LEO21', 'LEO31', 'LEO41', 'LEO42', 'LEO49', 'LEO51', 'LEO52', 'LEO61', 'LEO62', 'LEO72']
LEO33: 54.76225197495856: ['LEO13', 'LEO22', 'LEO23', 'LEO24', 'LEO32', 'LEO33', 'LEO34']
LEO14: 19.568288189549065: ['LEO14', 'LEO15']
LEO38: 25.088863393003525: ['LEO16', 'LEO17', 'LEO18', 'LEO19', 'LEO25', 'LEO26', 'LEO27', 'LEO28', 'LEO29', 'LEO35', 'LEO36', 'LEO37', 'LEO38', 'LEO39', 'LEO45', 'LEO46', 'LEO47', 'LEO48', 'LEO55', 'LEO56', 'LEO57', 'LEO65', 'LEO66', 'LEO67', 'LEO76', 'LEO77', 'LEO87']
LEO63: 42.29899035191216: ['LEO43', 'LEO44', 'LEO53', 'LEO54', 'LEO63', 'LEO64', 'LEO73', 'LEO74', 'LEO75', 'LEO82', 'LEO83', 'LEO84', 'LEO85', 'LEO86']
LEO59: 34.37193082128692: ['LEO58', 'LEO59', 'LEO68', 'LEO69']
LEO79: 26.321079299480928: ['LEO71', 'LEO78', 'LEO79', 'LEO81', 'LEO88', 'LEO89']
sum_con_loads:  284.83
max_con_loads:   82.42
avg_setup_time: 216.29
