******************************************************************************
METIS 5.0 Copyright 1998-13, Regents of the University of Minnesota
 (HEAD: , Built on: Dec 17 2022, 08:18:35)
 size of idx_t: 64bits, real_t: 32bits, idx_t *: 64bits

Graph Information -----------------------------------------------------------
 Name: MetisTopos/1330, #Vertices: 72, #Edges: 128, #Parts: 8

Options ---------------------------------------------------------------------
 ptype=kway, objtype=cut, ctype=shem, rtype=greedy, iptype=metisrb
 dbglvl=0, ufactor=1.100, no2hop=NO, minconn=NO, contig=YES, nooutput=NO
 seed=-1, niter=10, ncuts=1

Direct k-way Partitioning ---------------------------------------------------
 - Edgecut: 12235, communication volume: 77.

 - Balance:
     constraint #0:  1.113 out of 0.487

 - Most overweight partition:
     pid: 0, actual: 1600, desired: 1437, ratio: 1.11.

 - Subdomain connectivity: max: 5, min: 2, avg: 3.75

 - Each partition is contiguous.

Timing Information ----------------------------------------------------------
  I/O:          		   0.001 sec
  Partitioning: 		   0.002 sec   (METIS time)
  Reporting:    		   0.000 sec

Memory Information ----------------------------------------------------------
  Max memory used:		   0.070 MB
******************************************************************************
LEO14: 47.87350155986039: ['LEO11', 'LEO12', 'LEO14', 'LEO15', 'LEO16', 'LEO17', 'LEO18', 'LEO19', 'LEO24', 'LEO27', 'LEO34', 'LEO37', 'LEO47', 'LEO48']
LEO13: 29.456018968738604: ['LEO13', 'LEO23']
LEO32: 52.01231156646891: ['LEO21', 'LEO22', 'LEO31', 'LEO32', 'LEO33']
LEO61: 56.5204704921621: ['LEO25', 'LEO26', 'LEO35', 'LEO36', 'LEO43', 'LEO44', 'LEO45', 'LEO46', 'LEO53', 'LEO54', 'LEO55', 'LEO56', 'LEO57', 'LEO61', 'LEO63', 'LEO64', 'LEO65', 'LEO66', 'LEO67', 'LEO71', 'LEO74', 'LEO75', 'LEO76', 'LEO77', 'LEO78', 'LEO79', 'LEO81', 'LEO83', 'LEO84', 'LEO85', 'LEO86', 'LEO87', 'LEO88', 'LEO89']
LEO39: 43.03517947088558: ['LEO28', 'LEO29', 'LEO38', 'LEO39', 'LEO49']
LEO59: 73.7368041556289: ['LEO41', 'LEO42', 'LEO51', 'LEO52', 'LEO59', 'LEO62', 'LEO69']
LEO58: 30.138074767876375: ['LEO58', 'LEO68']
LEO72: 26.83021383575442: ['LEO72', 'LEO73', 'LEO82']
sum_con_loads:  359.60
max_con_loads:   73.74
avg_setup_time: 257.41
