******************************************************************************
METIS 5.0 Copyright 1998-13, Regents of the University of Minnesota
 (HEAD: , Built on: Dec 17 2022, 08:18:35)
 size of idx_t: 64bits, real_t: 32bits, idx_t *: 64bits

Graph Information -----------------------------------------------------------
 Name: MetisTopos/1330, #Vertices: 72, #Edges: 128, #Parts: 8

Options ---------------------------------------------------------------------
 ptype=kway, objtype=cut, ctype=shem, rtype=greedy, iptype=metisrb
 dbglvl=0, ufactor=2.000, no2hop=NO, minconn=NO, contig=NO, nooutput=NO
 seed=-1, niter=10, ncuts=1

Direct k-way Partitioning ---------------------------------------------------
 - Edgecut: 8430, communication volume: 80.

 - Balance:
     constraint #0:  1.670 out of 0.487

 - Most overweight partition:
     pid: 6, actual: 2400, desired: 1437, ratio: 1.67.

 - Subdomain connectivity: max: 6, min: 3, avg: 4.25

 - There are 1 non-contiguous partitions.
   Total components after removing the cut edges: 9,
   max components: 2 for pid: 5.

Timing Information ----------------------------------------------------------
  I/O:          		   0.001 sec
  Partitioning: 		   0.002 sec   (METIS time)
  Reporting:    		   0.000 sec

Memory Information ----------------------------------------------------------
  Max memory used:		   0.071 MB
******************************************************************************
LEO39: 35.59273529241412: ['LEO11', 'LEO19', 'LEO29', 'LEO31', 'LEO38', 'LEO39']
LEO32: 55.89594866770615: ['LEO12', 'LEO21', 'LEO22', 'LEO23', 'LEO32', 'LEO33']
LEO13: 20.740044644318473: ['LEO13', 'LEO14', 'LEO15', 'LEO16', 'LEO26', 'LEO36']
LEO34: 15.835702620855418: ['LEO17', 'LEO18', 'LEO24', 'LEO25', 'LEO27', 'LEO28', 'LEO34', 'LEO35', 'LEO37', 'LEO44', 'LEO45', 'LEO55']
LEO59: 49.343046609365516: ['LEO41', 'LEO49', 'LEO58', 'LEO59']
LEO61: 49.004062620926135: ['LEO42', 'LEO43', 'LEO51', 'LEO52', 'LEO53', 'LEO54', 'LEO61', 'LEO62', 'LEO63', 'LEO64', 'LEO71', 'LEO72', 'LEO73', 'LEO74', 'LEO81', 'LEO82', 'LEO83', 'LEO84']
LEO57: 24.59580665273535: ['LEO46', 'LEO47', 'LEO48', 'LEO56', 'LEO57', 'LEO65', 'LEO66', 'LEO67', 'LEO75', 'LEO76', 'LEO77', 'LEO85', 'LEO86', 'LEO87']
LEO69: 32.61565351541096: ['LEO68', 'LEO69', 'LEO78', 'LEO79', 'LEO88', 'LEO89']
sum_con_loads:  283.62
max_con_loads:   55.90
avg_setup_time: 192.80
