******************************************************************************
METIS 5.0 Copyright 1998-13, Regents of the University of Minnesota
 (HEAD: , Built on: Dec 17 2022, 08:18:35)
 size of idx_t: 64bits, real_t: 32bits, idx_t *: 64bits

Graph Information -----------------------------------------------------------
 Name: MetisTopos/1330, #Vertices: 72, #Edges: 128, #Parts: 8

Options ---------------------------------------------------------------------
 ptype=kway, objtype=cut, ctype=shem, rtype=greedy, iptype=metisrb
 dbglvl=0, ufactor=1.100, no2hop=NO, minconn=NO, contig=NO, nooutput=NO
 seed=-1, niter=10, ncuts=1

Direct k-way Partitioning ---------------------------------------------------
 - Edgecut: 12179, communication volume: 86.

 - Balance:
     constraint #0:  1.113 out of 0.487

 - Most overweight partition:
     pid: 0, actual: 1600, desired: 1437, ratio: 1.11.

 - Subdomain connectivity: max: 6, min: 3, avg: 4.75

 - There are 3 non-contiguous partitions.
   Total components after removing the cut edges: 12,
   max components: 3 for pid: 5.

Timing Information ----------------------------------------------------------
  I/O:          		   0.001 sec
  Partitioning: 		   0.002 sec   (METIS time)
  Reporting:    		   0.000 sec

Memory Information ----------------------------------------------------------
  Max memory used:		   0.070 MB
******************************************************************************
LEO12: 36.92755963067295: ['LEO11', 'LEO12', 'LEO19', 'LEO37', 'LEO81', 'LEO82', 'LEO83']
LEO13: 29.456018968738604: ['LEO13', 'LEO23']
LEO39: 55.29189449659821: ['LEO14', 'LEO15', 'LEO24', 'LEO31', 'LEO34', 'LEO38', 'LEO39', 'LEO48']
LEO69: 59.52207637822326: ['LEO16', 'LEO17', 'LEO18', 'LEO25', 'LEO26', 'LEO27', 'LEO28', 'LEO35', 'LEO36', 'LEO44', 'LEO45', 'LEO46', 'LEO47', 'LEO51', 'LEO54', 'LEO55', 'LEO56', 'LEO57', 'LEO61', 'LEO64', 'LEO65', 'LEO66', 'LEO67', 'LEO69', 'LEO71', 'LEO74', 'LEO75', 'LEO76', 'LEO77', 'LEO78', 'LEO79', 'LEO84', 'LEO85', 'LEO86', 'LEO87', 'LEO88', 'LEO89']
LEO32: 52.01231156646891: ['LEO21', 'LEO22', 'LEO32', 'LEO33']
LEO49: 53.85725469220334: ['LEO29', 'LEO49', 'LEO59']
LEO62: 41.335346056573506: ['LEO41', 'LEO42', 'LEO43', 'LEO52', 'LEO53', 'LEO62', 'LEO63', 'LEO72', 'LEO73']
LEO58: 30.138074767876375: ['LEO58', 'LEO68']
sum_con_loads:  358.54
max_con_loads:   59.52
avg_setup_time: 263.28
