******************************************************************************
METIS 5.0 Copyright 1998-13, Regents of the University of Minnesota
 (HEAD: , Built on: Dec 17 2022, 08:18:35)
 size of idx_t: 64bits, real_t: 32bits, idx_t *: 64bits

Graph Information -----------------------------------------------------------
 Name: MetisTopos/1330, #Vertices: 72, #Edges: 128, #Parts: 8

Options ---------------------------------------------------------------------
 ptype=kway, objtype=cut, ctype=shem, rtype=greedy, iptype=metisrb
 dbglvl=0, ufactor=2.100, no2hop=NO, minconn=NO, contig=NO, nooutput=NO
 seed=-1, niter=10, ncuts=1

Direct k-way Partitioning ---------------------------------------------------
 - Edgecut: 7592, communication volume: 75.

 - Balance:
     constraint #0:  2.017 out of 0.487

 - Most overweight partition:
     pid: 3, actual: 2900, desired: 1437, ratio: 2.02.

 - Subdomain connectivity: max: 6, min: 3, avg: 4.25

 - Each partition is contiguous.

Timing Information ----------------------------------------------------------
  I/O:          		   0.001 sec
  Partitioning: 		   0.001 sec   (METIS time)
  Reporting:    		   0.000 sec

Memory Information ----------------------------------------------------------
  Max memory used:		   0.070 MB
******************************************************************************
LEO49: 58.79613221603752: ['LEO11', 'LEO19', 'LEO21', 'LEO29', 'LEO31', 'LEO39', 'LEO48', 'LEO49', 'LEO58', 'LEO59']
LEO32: 53.809706969738784: ['LEO12', 'LEO22', 'LEO23', 'LEO32']
LEO13: 24.661363434058323: ['LEO13', 'LEO14', 'LEO15', 'LEO16', 'LEO24', 'LEO25', 'LEO26', 'LEO35', 'LEO36', 'LEO45', 'LEO46', 'LEO55']
LEO38: 10.002958161400386: ['LEO17', 'LEO18', 'LEO27', 'LEO28', 'LEO37', 'LEO38']
LEO33: 19.487087735889936: ['LEO33', 'LEO34']
LEO61: 49.004062620926135: ['LEO41', 'LEO42', 'LEO43', 'LEO44', 'LEO51', 'LEO52', 'LEO53', 'LEO54', 'LEO61', 'LEO62', 'LEO63', 'LEO64', 'LEO65', 'LEO71', 'LEO72', 'LEO73', 'LEO74', 'LEO81', 'LEO82', 'LEO83', 'LEO84']
LEO57: 18.3672923284978: ['LEO47', 'LEO56', 'LEO57', 'LEO66', 'LEO67', 'LEO75', 'LEO76', 'LEO77', 'LEO85', 'LEO86', 'LEO87']
LEO69: 32.61565351541096: ['LEO68', 'LEO69', 'LEO78', 'LEO79', 'LEO88', 'LEO89']
sum_con_loads:  266.74
max_con_loads:   58.80
avg_setup_time: 192.17
