******************************************************************************
METIS 5.0 Copyright 1998-13, Regents of the University of Minnesota
 (HEAD: , Built on: Dec 17 2022, 08:18:35)
 size of idx_t: 64bits, real_t: 32bits, idx_t *: 64bits

Graph Information -----------------------------------------------------------
 Name: MetisTopos/1330, #Vertices: 72, #Edges: 128, #Parts: 8

Options ---------------------------------------------------------------------
 ptype=kway, objtype=cut, ctype=shem, rtype=greedy, iptype=metisrb
 dbglvl=0, ufactor=3.200, no2hop=NO, minconn=NO, contig=YES, nooutput=NO
 seed=-1, niter=10, ncuts=1

Direct k-way Partitioning ---------------------------------------------------
 - Edgecut: 5927, communication volume: 61.

 - Balance:
     constraint #0:  3.200 out of 0.487

 - Most overweight partition:
     pid: 7, actual: 4600, desired: 1437, ratio: 3.20.

 - Subdomain connectivity: max: 4, min: 0, avg: 2.25

 - There are 0 non-contiguous partitions.
   Total components after removing the cut edges: 5,
   max components: 1 for pid: 1.

Timing Information ----------------------------------------------------------
  I/O:          		   0.001 sec
  Partitioning: 		   0.001 sec   (METIS time)
  Reporting:    		   0.000 sec

Memory Information ----------------------------------------------------------
  Max memory used:		   0.070 MB
******************************************************************************
LEO14: 45.70338991436785: ['LEO11', 'LEO12', 'LEO13', 'LEO14', 'LEO15', 'LEO16', 'LEO17', 'LEO18', 'LEO19', 'LEO24', 'LEO25', 'LEO26', 'LEO27', 'LEO28', 'LEO34', 'LEO35', 'LEO36', 'LEO37', 'LEO38', 'LEO44', 'LEO45', 'LEO46', 'LEO55', 'LEO56', 'LEO66', 'LEO75', 'LEO76', 'LEO86']
LEO49: 94.7551826721676: ['LEO21', 'LEO22', 'LEO23', 'LEO29', 'LEO31', 'LEO32', 'LEO33', 'LEO39', 'LEO41', 'LEO42', 'LEO43', 'LEO49', 'LEO51', 'LEO52', 'LEO59', 'LEO61', 'LEO69', 'LEO71', 'LEO79']
LEO58: 37.95426425192463: ['LEO47', 'LEO48', 'LEO57', 'LEO58', 'LEO67', 'LEO68']
LEO72: 29.314971126575916: ['LEO53', 'LEO54', 'LEO62', 'LEO63', 'LEO64', 'LEO65', 'LEO72', 'LEO73', 'LEO74', 'LEO83', 'LEO84', 'LEO85']
LEO81: 25.692568706974075: ['LEO77', 'LEO78', 'LEO81', 'LEO82', 'LEO87', 'LEO88', 'LEO89']
sum_con_loads:  233.42
max_con_loads:   94.76
avg_setup_time: 372.87
