******************************************************************************
METIS 5.0 Copyright 1998-13, Regents of the University of Minnesota
 (HEAD: , Built on: Dec 17 2022, 08:18:35)
 size of idx_t: 64bits, real_t: 32bits, idx_t *: 64bits

Graph Information -----------------------------------------------------------
 Name: MetisTopos/1330, #Vertices: 72, #Edges: 128, #Parts: 8

Options ---------------------------------------------------------------------
 ptype=kway, objtype=cut, ctype=shem, rtype=greedy, iptype=metisrb
 dbglvl=0, ufactor=3.700, no2hop=NO, minconn=NO, contig=YES, nooutput=NO
 seed=-1, niter=10, ncuts=1

Direct k-way Partitioning ---------------------------------------------------
 - Edgecut: 5673, communication volume: 74.

 - Balance:
     constraint #0:  3.687 out of 0.487

 - Most overweight partition:
     pid: 7, actual: 5300, desired: 1437, ratio: 3.69.

 - Subdomain connectivity: max: 5, min: 0, avg: 2.00

 - There are 0 non-contiguous partitions.
   Total components after removing the cut edges: 6,
   max components: 1 for pid: 2.

Timing Information ----------------------------------------------------------
  I/O:          		   0.001 sec
  Partitioning: 		   0.001 sec   (METIS time)
  Reporting:    		   0.000 sec

Memory Information ----------------------------------------------------------
  Max memory used:		   0.071 MB
******************************************************************************
LEO29: 11.945099917985594: ['LEO11', 'LEO17', 'LEO18', 'LEO19', 'LEO21', 'LEO27', 'LEO28', 'LEO29']
LEO49: 106.80041017113176: ['LEO12', 'LEO13', 'LEO14', 'LEO15', 'LEO16', 'LEO22', 'LEO26', 'LEO31', 'LEO32', 'LEO36', 'LEO39', 'LEO41', 'LEO42', 'LEO46', 'LEO49', 'LEO51', 'LEO52', 'LEO56', 'LEO57', 'LEO58', 'LEO59', 'LEO61', 'LEO69', 'LEO71', 'LEO79', 'LEO81', 'LEO89']
LEO33: 32.81666828762147: ['LEO23', 'LEO24', 'LEO25', 'LEO33', 'LEO34', 'LEO35', 'LEO43', 'LEO44', 'LEO45', 'LEO53', 'LEO54', 'LEO55', 'LEO63', 'LEO64', 'LEO74', 'LEO75', 'LEO84']
LEO38: 15.790447343954904: ['LEO37', 'LEO38', 'LEO47', 'LEO48']
LEO72: 35.54879669917321: ['LEO62', 'LEO72', 'LEO73', 'LEO82', 'LEO83']
LEO68: 25.682330643814662: ['LEO65', 'LEO66', 'LEO67', 'LEO68', 'LEO76', 'LEO77', 'LEO78', 'LEO85', 'LEO86', 'LEO87', 'LEO88']
sum_con_loads:  228.58
max_con_loads:  106.80
avg_setup_time: 195.06
