******************************************************************************
METIS 5.0 Copyright 1998-13, Regents of the University of Minnesota
 (HEAD: , Built on: Dec 17 2022, 08:18:35)
 size of idx_t: 64bits, real_t: 32bits, idx_t *: 64bits

Graph Information -----------------------------------------------------------
 Name: MetisTopos/1330, #Vertices: 72, #Edges: 128, #Parts: 8

Options ---------------------------------------------------------------------
 ptype=kway, objtype=cut, ctype=shem, rtype=greedy, iptype=metisrb
 dbglvl=0, ufactor=1.300, no2hop=NO, minconn=NO, contig=NO, nooutput=NO
 seed=-1, niter=10, ncuts=1

Direct k-way Partitioning ---------------------------------------------------
 - Edgecut: 8573, communication volume: 74.

 - Balance:
     constraint #0:  1.252 out of 0.487

 - Most overweight partition:
     pid: 0, actual: 1800, desired: 1437, ratio: 1.25.

 - Subdomain connectivity: max: 6, min: 0, avg: 4.00

 - Each partition is contiguous.

Timing Information ----------------------------------------------------------
  I/O:          		   0.001 sec
  Partitioning: 		   0.002 sec   (METIS time)
  Reporting:    		   0.000 sec

Memory Information ----------------------------------------------------------
  Max memory used:		   0.070 MB
******************************************************************************
LEO29: 35.80988960695255: ['LEO11', 'LEO17', 'LEO18', 'LEO19', 'LEO21', 'LEO27', 'LEO28', 'LEO29', 'LEO37', 'LEO38', 'LEO73']
LEO32: 52.948105913447456: ['LEO12', 'LEO22', 'LEO32', 'LEO33', 'LEO42', 'LEO43', 'LEO53', 'LEO63']
LEO13: 33.05900088509383: ['LEO13', 'LEO14', 'LEO15', 'LEO16', 'LEO23', 'LEO24', 'LEO25', 'LEO26', 'LEO36']
LEO49: 49.666974103676104: ['LEO31', 'LEO39', 'LEO41', 'LEO48', 'LEO49', 'LEO59']
LEO57: 37.861877743157045: ['LEO34', 'LEO35', 'LEO44', 'LEO45', 'LEO46', 'LEO47', 'LEO54', 'LEO55', 'LEO56', 'LEO57', 'LEO58', 'LEO64', 'LEO65', 'LEO66', 'LEO67', 'LEO74', 'LEO75', 'LEO76', 'LEO77', 'LEO84', 'LEO85', 'LEO86', 'LEO87']
LEO61: 44.50655656700415: ['LEO51', 'LEO52', 'LEO61', 'LEO62', 'LEO71', 'LEO72', 'LEO81', 'LEO82', 'LEO83']
LEO69: 32.61565351541096: ['LEO68', 'LEO69', 'LEO78', 'LEO79', 'LEO88', 'LEO89']
sum_con_loads:  286.47
max_con_loads:   52.95
avg_setup_time: 218.00
