******************************************************************************
METIS 5.0 Copyright 1998-13, Regents of the University of Minnesota
 (HEAD: , Built on: Dec 17 2022, 08:18:35)
 size of idx_t: 64bits, real_t: 32bits, idx_t *: 64bits

Graph Information -----------------------------------------------------------
 Name: MetisTopos/1330, #Vertices: 72, #Edges: 128, #Parts: 8

Options ---------------------------------------------------------------------
 ptype=kway, objtype=cut, ctype=shem, rtype=greedy, iptype=metisrb
 dbglvl=0, ufactor=1.300, no2hop=NO, minconn=NO, contig=YES, nooutput=NO
 seed=-1, niter=10, ncuts=1

Direct k-way Partitioning ---------------------------------------------------
 - Edgecut: 9716, communication volume: 80.

 - Balance:
     constraint #0:  1.252 out of 0.487

 - Most overweight partition:
     pid: 3, actual: 1800, desired: 1437, ratio: 1.25.

 - Subdomain connectivity: max: 6, min: 3, avg: 4.50

 - Each partition is contiguous.

Timing Information ----------------------------------------------------------
  I/O:          		   0.001 sec
  Partitioning: 		   0.002 sec   (METIS time)
  Reporting:    		   0.000 sec

Memory Information ----------------------------------------------------------
  Max memory used:		   0.070 MB
******************************************************************************
LEO13: 32.1023037603785: ['LEO11', 'LEO12', 'LEO13', 'LEO16', 'LEO17', 'LEO18', 'LEO19', 'LEO26', 'LEO27', 'LEO28', 'LEO36', 'LEO37']
LEO24: 31.42061817022985: ['LEO14', 'LEO15', 'LEO23', 'LEO24', 'LEO25', 'LEO34', 'LEO35']
LEO32: 54.61659993981203: ['LEO21', 'LEO22', 'LEO29', 'LEO32']
LEO49: 48.84998371102782: ['LEO31', 'LEO38', 'LEO39', 'LEO49', 'LEO59']
LEO43: 35.86041064749568: ['LEO33', 'LEO43', 'LEO44', 'LEO45', 'LEO46', 'LEO53', 'LEO54', 'LEO55', 'LEO56', 'LEO63', 'LEO64', 'LEO65', 'LEO66', 'LEO73', 'LEO74', 'LEO75', 'LEO76', 'LEO83', 'LEO84', 'LEO85', 'LEO86', 'LEO87', 'LEO88']
LEO61: 44.50655656700415: ['LEO41', 'LEO42', 'LEO51', 'LEO52', 'LEO61', 'LEO62', 'LEO71', 'LEO72', 'LEO81', 'LEO82']
LEO58: 26.399196900038163: ['LEO47', 'LEO48', 'LEO57', 'LEO58']
LEO69: 35.46487086914042: ['LEO67', 'LEO68', 'LEO69', 'LEO77', 'LEO78', 'LEO79', 'LEO89']
sum_con_loads:  309.22
max_con_loads:   54.62
avg_setup_time: 221.63
