******************************************************************************
METIS 5.0 Copyright 1998-13, Regents of the University of Minnesota
 (HEAD: , Built on: Dec 17 2022, 08:18:35)
 size of idx_t: 64bits, real_t: 32bits, idx_t *: 64bits

Graph Information -----------------------------------------------------------
 Name: MetisTopos/1330, #Vertices: 72, #Edges: 128, #Parts: 8

Options ---------------------------------------------------------------------
 ptype=kway, objtype=cut, ctype=shem, rtype=greedy, iptype=metisrb
 dbglvl=0, ufactor=1.400, no2hop=NO, minconn=NO, contig=NO, nooutput=NO
 seed=-1, niter=10, ncuts=1

Direct k-way Partitioning ---------------------------------------------------
 - Edgecut: 9794, communication volume: 80.

 - Balance:
     constraint #0:  1.391 out of 0.487

 - Most overweight partition:
     pid: 3, actual: 2000, desired: 1437, ratio: 1.39.

 - Subdomain connectivity: max: 6, min: 0, avg: 3.25

 - Each partition is contiguous.

Timing Information ----------------------------------------------------------
  I/O:          		   0.001 sec
  Partitioning: 		   0.002 sec   (METIS time)
  Reporting:    		   0.000 sec

Memory Information ----------------------------------------------------------
  Max memory used:		   0.070 MB
******************************************************************************
LEO13: 21.73177814259487: ['LEO11', 'LEO13', 'LEO14', 'LEO15', 'LEO19']
LEO32: 56.14600677191427: ['LEO12', 'LEO22', 'LEO23', 'LEO24', 'LEO32', 'LEO42', 'LEO52']
LEO59: 80.4819757466303: ['LEO16', 'LEO25', 'LEO26', 'LEO35', 'LEO36', 'LEO41', 'LEO45', 'LEO46', 'LEO49', 'LEO51', 'LEO54', 'LEO55', 'LEO56', 'LEO59', 'LEO61', 'LEO64', 'LEO65', 'LEO66', 'LEO67', 'LEO71', 'LEO74', 'LEO75', 'LEO76', 'LEO77', 'LEO78', 'LEO81', 'LEO84', 'LEO85', 'LEO86', 'LEO87', 'LEO88', 'LEO89']
LEO39: 50.469103729930936: ['LEO17', 'LEO18', 'LEO21', 'LEO27', 'LEO28', 'LEO29', 'LEO31', 'LEO37', 'LEO38', 'LEO39', 'LEO47', 'LEO48', 'LEO57']
LEO33: 19.487087735889936: ['LEO33', 'LEO34', 'LEO43', 'LEO44', 'LEO53']
LEO69: 47.131585443392666: ['LEO58', 'LEO68', 'LEO69', 'LEO79']
LEO72: 35.54879669917321: ['LEO62', 'LEO63', 'LEO72', 'LEO73', 'LEO82', 'LEO83']
sum_con_loads:  311.00
max_con_loads:   80.48
avg_setup_time: 242.10
