******************************************************************************
METIS 5.0 Copyright 1998-13, Regents of the University of Minnesota
 (HEAD: , Built on: Dec 17 2022, 08:18:35)
 size of idx_t: 64bits, real_t: 32bits, idx_t *: 64bits

Graph Information -----------------------------------------------------------
 Name: MetisTopos/1330, #Vertices: 72, #Edges: 128, #Parts: 8

Options ---------------------------------------------------------------------
 ptype=kway, objtype=cut, ctype=shem, rtype=greedy, iptype=metisrb
 dbglvl=0, ufactor=1.500, no2hop=NO, minconn=NO, contig=YES, nooutput=NO
 seed=-1, niter=10, ncuts=1

Direct k-way Partitioning ---------------------------------------------------
 - Edgecut: 8700, communication volume: 71.

 - Balance:
     constraint #0:  1.461 out of 0.487

 - Most overweight partition:
     pid: 0, actual: 2100, desired: 1437, ratio: 1.46.

 - Subdomain connectivity: max: 6, min: 3, avg: 4.25

 - Each partition is contiguous.

Timing Information ----------------------------------------------------------
  I/O:          		   0.001 sec
  Partitioning: 		   0.002 sec   (METIS time)
  Reporting:    		   0.000 sec

Memory Information ----------------------------------------------------------
  Max memory used:		   0.071 MB
******************************************************************************
LEO39: 37.68074349354529: ['LEO11', 'LEO17', 'LEO18', 'LEO19', 'LEO21', 'LEO27', 'LEO28', 'LEO29', 'LEO31', 'LEO37', 'LEO38', 'LEO39']
LEO12: 22.317732157738536: ['LEO12', 'LEO13']
LEO35: 24.832627632970446: ['LEO14', 'LEO15', 'LEO16', 'LEO24', 'LEO25', 'LEO26', 'LEO34', 'LEO35', 'LEO36', 'LEO44', 'LEO45', 'LEO46', 'LEO54', 'LEO55', 'LEO56', 'LEO64', 'LEO65', 'LEO66', 'LEO67', 'LEO74', 'LEO75', 'LEO76', 'LEO77', 'LEO84', 'LEO85', 'LEO86', 'LEO87']
LEO32: 54.9601543207276: ['LEO22', 'LEO23', 'LEO32', 'LEO33']
LEO49: 45.262508535027955: ['LEO41', 'LEO48', 'LEO49', 'LEO59']
LEO61: 49.004062620926135: ['LEO42', 'LEO43', 'LEO51', 'LEO52', 'LEO53', 'LEO61', 'LEO62', 'LEO63', 'LEO71', 'LEO72', 'LEO73', 'LEO81', 'LEO82', 'LEO83']
LEO58: 22.01991432634815: ['LEO47', 'LEO57', 'LEO58']
LEO69: 32.61565351541096: ['LEO68', 'LEO69', 'LEO78', 'LEO79', 'LEO88', 'LEO89']
sum_con_loads:  288.69
max_con_loads:   54.96
avg_setup_time: 190.71
