******************************************************************************
METIS 5.0 Copyright 1998-13, Regents of the University of Minnesota
 (HEAD: , Built on: Dec 17 2022, 08:18:35)
 size of idx_t: 64bits, real_t: 32bits, idx_t *: 64bits

Graph Information -----------------------------------------------------------
 Name: MetisTopos/1330, #Vertices: 72, #Edges: 128, #Parts: 8

Options ---------------------------------------------------------------------
 ptype=kway, objtype=cut, ctype=shem, rtype=greedy, iptype=metisrb
 dbglvl=0, ufactor=1.700, no2hop=NO, minconn=NO, contig=NO, nooutput=NO
 seed=-1, niter=10, ncuts=1

Direct k-way Partitioning ---------------------------------------------------
 - Edgecut: 8848, communication volume: 75.

 - Balance:
     constraint #0:  1.670 out of 0.487

 - Most overweight partition:
     pid: 4, actual: 2400, desired: 1437, ratio: 1.67.

 - Subdomain connectivity: max: 6, min: 0, avg: 3.25

 - There are 0 non-contiguous partitions.
   Total components after removing the cut edges: 7,
   max components: 1 for pid: 0.

Timing Information ----------------------------------------------------------
  I/O:          		   0.001 sec
  Partitioning: 		   0.001 sec   (METIS time)
  Reporting:    		   0.000 sec

Memory Information ----------------------------------------------------------
  Max memory used:		   0.071 MB
******************************************************************************
LEO13: 23.390269045001702: ['LEO11', 'LEO13', 'LEO14', 'LEO15', 'LEO16', 'LEO17', 'LEO18', 'LEO19', 'LEO24', 'LEO25', 'LEO26', 'LEO27', 'LEO28']
LEO22: 61.59956364037587: ['LEO12', 'LEO21', 'LEO22', 'LEO23', 'LEO29', 'LEO32', 'LEO41', 'LEO42']
LEO49: 56.346639364234335: ['LEO31', 'LEO36', 'LEO37', 'LEO38', 'LEO39', 'LEO46', 'LEO47', 'LEO48', 'LEO49', 'LEO56', 'LEO66', 'LEO67', 'LEO76', 'LEO77', 'LEO86', 'LEO87']
LEO33: 20.76248813629034: ['LEO33', 'LEO34', 'LEO35', 'LEO43', 'LEO44', 'LEO45', 'LEO55']
LEO61: 59.86333519175003: ['LEO51', 'LEO52', 'LEO61', 'LEO62', 'LEO68', 'LEO69', 'LEO71', 'LEO72', 'LEO78', 'LEO79', 'LEO81', 'LEO88', 'LEO89']
LEO73: 25.80201506786901: ['LEO53', 'LEO54', 'LEO63', 'LEO64', 'LEO65', 'LEO73', 'LEO74', 'LEO75', 'LEO82', 'LEO83', 'LEO84', 'LEO85']
LEO59: 44.2780712594123: ['LEO57', 'LEO58', 'LEO59']
sum_con_loads:  292.04
max_con_loads:   61.60
avg_setup_time: 216.69
