******************************************************************************
METIS 5.0 Copyright 1998-13, Regents of the University of Minnesota
 (HEAD: , Built on: Dec 17 2022, 08:18:35)
 size of idx_t: 64bits, real_t: 32bits, idx_t *: 64bits

Graph Information -----------------------------------------------------------
 Name: MetisTopos/1330, #Vertices: 72, #Edges: 128, #Parts: 8

Options ---------------------------------------------------------------------
 ptype=kway, objtype=cut, ctype=shem, rtype=greedy, iptype=metisrb
 dbglvl=0, ufactor=1.900, no2hop=NO, minconn=NO, contig=YES, nooutput=NO
 seed=-1, niter=10, ncuts=1

Direct k-way Partitioning ---------------------------------------------------
 - Edgecut: 8420, communication volume: 76.

 - Balance:
     constraint #0:  1.530 out of 0.487

 - Most overweight partition:
     pid: 4, actual: 2200, desired: 1437, ratio: 1.53.

 - Subdomain connectivity: max: 5, min: 2, avg: 4.25

 - Each partition is contiguous.

Timing Information ----------------------------------------------------------
  I/O:          		   0.001 sec
  Partitioning: 		   0.001 sec   (METIS time)
  Reporting:    		   0.000 sec

Memory Information ----------------------------------------------------------
  Max memory used:		   0.071 MB
******************************************************************************
LEO22: 61.360828707562: ['LEO11', 'LEO19', 'LEO21', 'LEO22', 'LEO23', 'LEO29', 'LEO32']
LEO12: 22.317732157738536: ['LEO12', 'LEO13']
LEO37: 18.263536504544064: ['LEO14', 'LEO15', 'LEO16', 'LEO17', 'LEO18', 'LEO26', 'LEO27', 'LEO28', 'LEO36', 'LEO37', 'LEO38']
LEO33: 21.39795601567415: ['LEO24', 'LEO25', 'LEO33', 'LEO34', 'LEO35', 'LEO43', 'LEO44', 'LEO45', 'LEO55']
LEO59: 53.747512178013665: ['LEO31', 'LEO39', 'LEO41', 'LEO49', 'LEO58', 'LEO59']
LEO61: 49.004062620926135: ['LEO42', 'LEO51', 'LEO52', 'LEO53', 'LEO54', 'LEO61', 'LEO62', 'LEO63', 'LEO64', 'LEO65', 'LEO71', 'LEO72', 'LEO73', 'LEO74', 'LEO81', 'LEO82', 'LEO83', 'LEO84']
LEO57: 24.59580665273535: ['LEO46', 'LEO47', 'LEO48', 'LEO56', 'LEO57', 'LEO66', 'LEO67', 'LEO75', 'LEO76', 'LEO77', 'LEO85', 'LEO86', 'LEO87']
LEO69: 32.61565351541096: ['LEO68', 'LEO69', 'LEO78', 'LEO79', 'LEO88', 'LEO89']
sum_con_loads:  283.30
max_con_loads:   61.36
avg_setup_time: 204.78
