******************************************************************************
METIS 5.0 Copyright 1998-13, Regents of the University of Minnesota
 (HEAD: , Built on: Dec 17 2022, 08:18:35)
 size of idx_t: 64bits, real_t: 32bits, idx_t *: 64bits

Graph Information -----------------------------------------------------------
 Name: MetisTopos/1015, #Vertices: 72, #Edges: 127, #Parts: 8

Options ---------------------------------------------------------------------
 ptype=kway, objtype=cut, ctype=shem, rtype=greedy, iptype=metisrb
 dbglvl=0, ufactor=2.200, no2hop=NO, minconn=NO, contig=NO, nooutput=NO
 seed=-1, niter=10, ncuts=1

Direct k-way Partitioning ---------------------------------------------------
 - Edgecut: 7989, communication volume: 75.

 - Balance:
     constraint #0:  1.818 out of 0.582

 - Most overweight partition:
     pid: 7, actual: 2500, desired: 1375, ratio: 1.82.

 - Subdomain connectivity: max: 6, min: 3, avg: 4.25

 - Each partition is contiguous.

Timing Information ----------------------------------------------------------
  I/O:          		   0.001 sec
  Partitioning: 		   0.001 sec   (METIS time)
  Reporting:    		   0.000 sec

Memory Information ----------------------------------------------------------
  Max memory used:		   0.069 MB
******************************************************************************
LEO31: 37.684550507954086: ['LEO11', 'LEO18', 'LEO19', 'LEO21', 'LEO28', 'LEO29', 'LEO31', 'LEO41']
LEO42: 66.47577667788667: ['LEO12', 'LEO13', 'LEO22', 'LEO23', 'LEO32', 'LEO33', 'LEO42', 'LEO43', 'LEO52', 'LEO53', 'LEO61', 'LEO62', 'LEO63']
LEO14: 11.125455533178727: ['LEO14', 'LEO15', 'LEO16', 'LEO17', 'LEO24', 'LEO25', 'LEO26', 'LEO27']
LEO55: 17.814620177783418: ['LEO34', 'LEO35', 'LEO44', 'LEO45', 'LEO46', 'LEO54', 'LEO55', 'LEO56', 'LEO64', 'LEO65', 'LEO66', 'LEO67', 'LEO75', 'LEO76', 'LEO77', 'LEO85', 'LEO86', 'LEO87']
LEO49: 48.52107758159006: ['LEO36', 'LEO37', 'LEO38', 'LEO39', 'LEO47', 'LEO48', 'LEO49', 'LEO51', 'LEO57', 'LEO58', 'LEO59']
LEO69: 25.322405292789618: ['LEO68', 'LEO69']
LEO72: 39.71378459024319: ['LEO71', 'LEO72', 'LEO73', 'LEO74', 'LEO82', 'LEO83', 'LEO84']
LEO79: 23.24905493839066: ['LEO78', 'LEO79', 'LEO81', 'LEO88', 'LEO89']
sum_con_loads:  269.91
max_con_loads:   66.48
avg_setup_time: 191.51
