******************************************************************************
METIS 5.0 Copyright 1998-13, Regents of the University of Minnesota
 (HEAD: , Built on: Dec 17 2022, 08:18:35)
 size of idx_t: 64bits, real_t: 32bits, idx_t *: 64bits

Graph Information -----------------------------------------------------------
 Name: MetisTopos/1015, #Vertices: 72, #Edges: 127, #Parts: 8

Options ---------------------------------------------------------------------
 ptype=kway, objtype=cut, ctype=shem, rtype=greedy, iptype=metisrb
 dbglvl=0, ufactor=2.200, no2hop=NO, minconn=NO, contig=YES, nooutput=NO
 seed=-1, niter=10, ncuts=1

Direct k-way Partitioning ---------------------------------------------------
 - Edgecut: 7732, communication volume: 71.

 - Balance:
     constraint #0:  2.036 out of 0.582

 - Most overweight partition:
     pid: 7, actual: 2800, desired: 1375, ratio: 2.04.

 - Subdomain connectivity: max: 6, min: 2, avg: 4.00

 - Each partition is contiguous.

Timing Information ----------------------------------------------------------
  I/O:          		   0.001 sec
  Partitioning: 		   0.001 sec   (METIS time)
  Reporting:    		   0.000 sec

Memory Information ----------------------------------------------------------
  Max memory used:		   0.069 MB
******************************************************************************
LEO29: 16.03831136109697: ['LEO11', 'LEO19', 'LEO29']
LEO42: 73.25125361603105: ['LEO12', 'LEO13', 'LEO21', 'LEO22', 'LEO23', 'LEO31', 'LEO32', 'LEO41', 'LEO42', 'LEO52', 'LEO61', 'LEO62']
LEO14: 18.47089373655938: ['LEO14', 'LEO15', 'LEO16', 'LEO24', 'LEO25', 'LEO34', 'LEO35', 'LEO36']
LEO49: 48.52107758159006: ['LEO17', 'LEO18', 'LEO26', 'LEO27', 'LEO28', 'LEO37', 'LEO38', 'LEO39', 'LEO47', 'LEO48', 'LEO49', 'LEO51', 'LEO57', 'LEO58', 'LEO59']
LEO55: 21.600888514598307: ['LEO33', 'LEO43', 'LEO44', 'LEO45', 'LEO46', 'LEO53', 'LEO54', 'LEO55', 'LEO56', 'LEO63', 'LEO64', 'LEO65', 'LEO66', 'LEO67', 'LEO74', 'LEO75', 'LEO76', 'LEO77', 'LEO84', 'LEO85', 'LEO86', 'LEO87']
LEO69: 25.322405292789618: ['LEO68', 'LEO69']
LEO72: 38.43752102373425: ['LEO71', 'LEO72', 'LEO73', 'LEO82', 'LEO83']
LEO79: 23.24905493839066: ['LEO78', 'LEO79', 'LEO81', 'LEO88', 'LEO89']
sum_con_loads:  264.89
max_con_loads:   73.25
avg_setup_time: 204.77
