******************************************************************************
METIS 5.0 Copyright 1998-13, Regents of the University of Minnesota
 (HEAD: , Built on: Dec 17 2022, 08:18:35)
 size of idx_t: 64bits, real_t: 32bits, idx_t *: 64bits

Graph Information -----------------------------------------------------------
 Name: MetisTopos/1015, #Vertices: 72, #Edges: 127, #Parts: 8

Options ---------------------------------------------------------------------
 ptype=kway, objtype=cut, ctype=shem, rtype=greedy, iptype=metisrb
 dbglvl=0, ufactor=2.300, no2hop=NO, minconn=NO, contig=YES, nooutput=NO
 seed=-1, niter=10, ncuts=1

Direct k-way Partitioning ---------------------------------------------------
 - Edgecut: 7283, communication volume: 71.

 - Balance:
     constraint #0:  2.109 out of 0.582

 - Most overweight partition:
     pid: 7, actual: 2900, desired: 1375, ratio: 2.11.

 - Subdomain connectivity: max: 6, min: 0, avg: 3.50

 - There are 0 non-contiguous partitions.
   Total components after removing the cut edges: 7,
   max components: 1 for pid: 0.

Timing Information ----------------------------------------------------------
  I/O:          		   0.001 sec
  Partitioning: 		   0.001 sec   (METIS time)
  Reporting:    		   0.000 sec

Memory Information ----------------------------------------------------------
  Max memory used:		   0.070 MB
******************************************************************************
LEO32: 50.23355285000126: ['LEO11', 'LEO12', 'LEO13', 'LEO14', 'LEO15', 'LEO16', 'LEO17', 'LEO18', 'LEO19', 'LEO22', 'LEO23', 'LEO24', 'LEO25', 'LEO26', 'LEO27', 'LEO28', 'LEO32', 'LEO33', 'LEO34', 'LEO35', 'LEO36', 'LEO43', 'LEO44', 'LEO45', 'LEO53', 'LEO54', 'LEO55']
LEO42: 82.08908432506684: ['LEO21', 'LEO29', 'LEO31', 'LEO39', 'LEO41', 'LEO42', 'LEO52', 'LEO61', 'LEO62', 'LEO71', 'LEO72', 'LEO82']
LEO38: 19.901203157354256: ['LEO37', 'LEO38', 'LEO46', 'LEO47', 'LEO48', 'LEO56', 'LEO57', 'LEO65', 'LEO66', 'LEO67', 'LEO75', 'LEO76', 'LEO85', 'LEO86']
LEO59: 44.24540335944786: ['LEO49', 'LEO51', 'LEO59', 'LEO69']
LEO58: 16.429884322395306: ['LEO58', 'LEO68']
LEO73: 15.763772469735647: ['LEO63', 'LEO64', 'LEO73', 'LEO74', 'LEO83', 'LEO84']
LEO79: 26.882785937130148: ['LEO77', 'LEO78', 'LEO79', 'LEO81', 'LEO87', 'LEO88', 'LEO89']
sum_con_loads:  255.55
max_con_loads:   82.09
avg_setup_time: 230.97
