******************************************************************************
METIS 5.0 Copyright 1998-13, Regents of the University of Minnesota
 (HEAD: , Built on: Dec 17 2022, 08:18:35)
 size of idx_t: 64bits, real_t: 32bits, idx_t *: 64bits

Graph Information -----------------------------------------------------------
 Name: MetisTopos/1015, #Vertices: 72, #Edges: 127, #Parts: 8

Options ---------------------------------------------------------------------
 ptype=kway, objtype=cut, ctype=shem, rtype=greedy, iptype=metisrb
 dbglvl=0, ufactor=2.400, no2hop=NO, minconn=NO, contig=YES, nooutput=NO
 seed=-1, niter=10, ncuts=1

Direct k-way Partitioning ---------------------------------------------------
 - Edgecut: 7363, communication volume: 76.

 - Balance:
     constraint #0:  2.400 out of 0.582

 - Most overweight partition:
     pid: 7, actual: 3300, desired: 1375, ratio: 2.40.

 - Subdomain connectivity: max: 6, min: 1, avg: 3.50

 - Each partition is contiguous.

Timing Information ----------------------------------------------------------
  I/O:          		   0.001 sec
  Partitioning: 		   0.001 sec   (METIS time)
  Reporting:    		   0.000 sec

Memory Information ----------------------------------------------------------
  Max memory used:		   0.070 MB
******************************************************************************
LEO29: 16.03831136109697: ['LEO11', 'LEO19', 'LEO29']
LEO42: 84.88422620220618: ['LEO12', 'LEO21', 'LEO22', 'LEO23', 'LEO31', 'LEO32', 'LEO39', 'LEO41', 'LEO42', 'LEO49', 'LEO52', 'LEO61', 'LEO62']
LEO13: 17.63738952223467: ['LEO13', 'LEO14', 'LEO15', 'LEO16']
LEO38: 14.218881185553705: ['LEO17', 'LEO18', 'LEO26', 'LEO27', 'LEO28', 'LEO37', 'LEO38']
LEO69: 54.049160423112916: ['LEO24', 'LEO25', 'LEO35', 'LEO36', 'LEO45', 'LEO46', 'LEO47', 'LEO48', 'LEO51', 'LEO55', 'LEO56', 'LEO57', 'LEO58', 'LEO59', 'LEO65', 'LEO66', 'LEO67', 'LEO68', 'LEO69', 'LEO75', 'LEO76', 'LEO79', 'LEO81', 'LEO85', 'LEO86', 'LEO87', 'LEO88', 'LEO89']
LEO34: 14.082810228502302: ['LEO33', 'LEO34', 'LEO43', 'LEO44', 'LEO53', 'LEO54', 'LEO63', 'LEO64', 'LEO74']
LEO72: 38.43752102373424: ['LEO71', 'LEO72', 'LEO73', 'LEO82', 'LEO83', 'LEO84']
LEO78: 17.63738952223467: ['LEO77', 'LEO78']
sum_con_loads:  256.99
max_con_loads:   84.88
avg_setup_time: 228.76
