******************************************************************************
METIS 5.0 Copyright 1998-13, Regents of the University of Minnesota
 (HEAD: , Built on: Dec 17 2022, 08:18:35)
 size of idx_t: 64bits, real_t: 32bits, idx_t *: 64bits

Graph Information -----------------------------------------------------------
 Name: MetisTopos/1015, #Vertices: 72, #Edges: 127, #Parts: 8

Options ---------------------------------------------------------------------
 ptype=kway, objtype=cut, ctype=shem, rtype=greedy, iptype=metisrb
 dbglvl=0, ufactor=2.600, no2hop=NO, minconn=NO, contig=YES, nooutput=NO
 seed=-1, niter=10, ncuts=1

Direct k-way Partitioning ---------------------------------------------------
 - Edgecut: 6331, communication volume: 64.

 - Balance:
     constraint #0:  2.545 out of 0.582

 - Most overweight partition:
     pid: 7, actual: 3500, desired: 1375, ratio: 2.55.

 - Subdomain connectivity: max: 5, min: 0, avg: 3.00

 - There are 0 non-contiguous partitions.
   Total components after removing the cut edges: 6,
   max components: 1 for pid: 2.

Timing Information ----------------------------------------------------------
  I/O:          		   0.001 sec
  Partitioning: 		   0.001 sec   (METIS time)
  Reporting:    		   0.000 sec

Memory Information ----------------------------------------------------------
  Max memory used:		   0.069 MB
******************************************************************************
LEO21: 21.355081325780695: ['LEO11', 'LEO19', 'LEO21', 'LEO29']
LEO32: 46.73939654117018: ['LEO12', 'LEO13', 'LEO14', 'LEO15', 'LEO16', 'LEO22', 'LEO23', 'LEO24', 'LEO32', 'LEO33', 'LEO34']
LEO39: 19.3647023077982: ['LEO17', 'LEO18', 'LEO26', 'LEO27', 'LEO28', 'LEO37', 'LEO38', 'LEO39', 'LEO46', 'LEO47', 'LEO48']
LEO75: 20.302145770583735: ['LEO25', 'LEO35', 'LEO36', 'LEO43', 'LEO44', 'LEO45', 'LEO53', 'LEO54', 'LEO55', 'LEO56', 'LEO57', 'LEO63', 'LEO64', 'LEO65', 'LEO66', 'LEO67', 'LEO74', 'LEO75', 'LEO76', 'LEO77', 'LEO83', 'LEO84', 'LEO85', 'LEO86', 'LEO87']
LEO52: 84.35059772197079: ['LEO31', 'LEO41', 'LEO42', 'LEO49', 'LEO51', 'LEO52', 'LEO59', 'LEO61', 'LEO62', 'LEO71', 'LEO72', 'LEO73', 'LEO82']
LEO69: 44.42205196965693: ['LEO58', 'LEO68', 'LEO69', 'LEO78', 'LEO79', 'LEO81', 'LEO88', 'LEO89']
sum_con_loads:  236.53
max_con_loads:   84.35
avg_setup_time: 235.58
