******************************************************************************
METIS 5.0 Copyright 1998-13, Regents of the University of Minnesota
 (HEAD: , Built on: Dec 17 2022, 08:18:35)
 size of idx_t: 64bits, real_t: 32bits, idx_t *: 64bits

Graph Information -----------------------------------------------------------
 Name: MetisTopos/1015, #Vertices: 72, #Edges: 127, #Parts: 8

Options ---------------------------------------------------------------------
 ptype=kway, objtype=cut, ctype=shem, rtype=greedy, iptype=metisrb
 dbglvl=0, ufactor=1.200, no2hop=NO, minconn=NO, contig=NO, nooutput=NO
 seed=-1, niter=10, ncuts=1

Direct k-way Partitioning ---------------------------------------------------
 - Edgecut: 9069, communication volume: 84.

 - Balance:
     constraint #0:  1.164 out of 0.582

 - Most overweight partition:
     pid: 4, actual: 1600, desired: 1375, ratio: 1.16.

 - Subdomain connectivity: max: 7, min: 3, avg: 4.50

 - There are 1 non-contiguous partitions.
   Total components after removing the cut edges: 9,
   max components: 2 for pid: 5.

Timing Information ----------------------------------------------------------
  I/O:          		   0.001 sec
  Partitioning: 		   0.002 sec   (METIS time)
  Reporting:    		   0.000 sec

Memory Information ----------------------------------------------------------
  Max memory used:		   0.070 MB
******************************************************************************
LEO31: 38.357689666530135: ['LEO11', 'LEO16', 'LEO17', 'LEO18', 'LEO19', 'LEO21', 'LEO27', 'LEO28', 'LEO29', 'LEO31', 'LEO41']
LEO32: 41.84369856263977: ['LEO12', 'LEO13', 'LEO22', 'LEO23', 'LEO32', 'LEO33']
LEO35: 27.80177193819099: ['LEO14', 'LEO15', 'LEO24', 'LEO25', 'LEO26', 'LEO34', 'LEO35', 'LEO43', 'LEO44', 'LEO45', 'LEO46', 'LEO53', 'LEO58']
LEO49: 37.02501976834031: ['LEO36', 'LEO37', 'LEO38', 'LEO39', 'LEO47', 'LEO48', 'LEO49']
LEO62: 52.20646496639487: ['LEO42', 'LEO52', 'LEO61', 'LEO62', 'LEO63', 'LEO71', 'LEO72', 'LEO73']
LEO69: 36.538422710744456: ['LEO51', 'LEO59', 'LEO68', 'LEO69']
LEO82: 29.06955482964926: ['LEO54', 'LEO55', 'LEO56', 'LEO64', 'LEO65', 'LEO66', 'LEO74', 'LEO75', 'LEO76', 'LEO81', 'LEO82', 'LEO83', 'LEO84', 'LEO85', 'LEO86', 'LEO89']
LEO79: 28.655715541776388: ['LEO57', 'LEO67', 'LEO77', 'LEO78', 'LEO79', 'LEO87', 'LEO88']
sum_con_loads:  291.50
max_con_loads:   52.21
avg_setup_time: 203.85
