******************************************************************************
METIS 5.0 Copyright 1998-13, Regents of the University of Minnesota
 (HEAD: , Built on: Dec 17 2022, 08:18:35)
 size of idx_t: 64bits, real_t: 32bits, idx_t *: 64bits

Graph Information -----------------------------------------------------------
 Name: MetisTopos/1015, #Vertices: 72, #Edges: 127, #Parts: 8

Options ---------------------------------------------------------------------
 ptype=kway, objtype=cut, ctype=shem, rtype=greedy, iptype=metisrb
 dbglvl=0, ufactor=3.200, no2hop=NO, minconn=NO, contig=NO, nooutput=NO
 seed=-1, niter=10, ncuts=1

Direct k-way Partitioning ---------------------------------------------------
 - Edgecut: 5624, communication volume: 62.

 - Balance:
     constraint #0:  3.200 out of 0.582

 - Most overweight partition:
     pid: 7, actual: 4400, desired: 1375, ratio: 3.20.

 - Subdomain connectivity: max: 5, min: 0, avg: 2.50

 - There are 0 non-contiguous partitions.
   Total components after removing the cut edges: 6,
   max components: 1 for pid: 0.

Timing Information ----------------------------------------------------------
  I/O:          		   0.001 sec
  Partitioning: 		   0.001 sec   (METIS time)
  Reporting:    		   0.000 sec

Memory Information ----------------------------------------------------------
  Max memory used:		   0.070 MB
******************************************************************************
LEO22: 49.83454858843858: ['LEO11', 'LEO12', 'LEO13', 'LEO14', 'LEO15', 'LEO19', 'LEO21', 'LEO22', 'LEO23', 'LEO24', 'LEO29']
LEO38: 32.631208337069666: ['LEO16', 'LEO17', 'LEO18', 'LEO25', 'LEO26', 'LEO27', 'LEO28', 'LEO35', 'LEO36', 'LEO37', 'LEO38', 'LEO39', 'LEO45', 'LEO46', 'LEO47', 'LEO48', 'LEO54', 'LEO55', 'LEO56', 'LEO57', 'LEO64', 'LEO65', 'LEO66', 'LEO67', 'LEO74', 'LEO75', 'LEO76', 'LEO77', 'LEO84', 'LEO85', 'LEO86', 'LEO87']
LEO52: 92.42400890230687: ['LEO31', 'LEO32', 'LEO41', 'LEO42', 'LEO49', 'LEO51', 'LEO52', 'LEO59', 'LEO61', 'LEO62', 'LEO63', 'LEO69', 'LEO71', 'LEO72', 'LEO73', 'LEO78', 'LEO79']
LEO34: 9.990773413037028: ['LEO33', 'LEO34', 'LEO43', 'LEO44', 'LEO53']
LEO58: 16.429884322395306: ['LEO58', 'LEO68']
LEO82: 21.324556966504275: ['LEO81', 'LEO82', 'LEO83', 'LEO88', 'LEO89']
sum_con_loads:  222.63
max_con_loads:   92.42
avg_setup_time: 306.35
