******************************************************************************
METIS 5.0 Copyright 1998-13, Regents of the University of Minnesota
 (HEAD: , Built on: Dec 17 2022, 08:18:35)
 size of idx_t: 64bits, real_t: 32bits, idx_t *: 64bits

Graph Information -----------------------------------------------------------
 Name: MetisTopos/1015, #Vertices: 72, #Edges: 127, #Parts: 8

Options ---------------------------------------------------------------------
 ptype=kway, objtype=cut, ctype=shem, rtype=greedy, iptype=metisrb
 dbglvl=0, ufactor=3.600, no2hop=NO, minconn=NO, contig=YES, nooutput=NO
 seed=-1, niter=10, ncuts=1

Direct k-way Partitioning ---------------------------------------------------
 - Edgecut: 5777, communication volume: 62.

 - Balance:
     constraint #0:  3.491 out of 0.582

 - Most overweight partition:
     pid: 7, actual: 4800, desired: 1375, ratio: 3.49.

 - Subdomain connectivity: max: 3, min: 0, avg: 1.00

 - There are 0 non-contiguous partitions.
   Total components after removing the cut edges: 4,
   max components: 1 for pid: 1.

Timing Information ----------------------------------------------------------
  I/O:          		   0.001 sec
  Partitioning: 		   0.001 sec   (METIS time)
  Reporting:    		   0.000 sec

Memory Information ----------------------------------------------------------
  Max memory used:		   0.071 MB
******************************************************************************
LEO32: 49.85439741424206: ['LEO11', 'LEO12', 'LEO13', 'LEO14', 'LEO15', 'LEO16', 'LEO17', 'LEO18', 'LEO19', 'LEO22', 'LEO23', 'LEO24', 'LEO32', 'LEO33', 'LEO34']
LEO41: 103.36548779921281: ['LEO21', 'LEO26', 'LEO27', 'LEO28', 'LEO29', 'LEO31', 'LEO37', 'LEO41', 'LEO42', 'LEO47', 'LEO48', 'LEO51', 'LEO52', 'LEO57', 'LEO58', 'LEO59', 'LEO61', 'LEO62', 'LEO69', 'LEO71', 'LEO72', 'LEO79', 'LEO81', 'LEO82', 'LEO83', 'LEO84', 'LEO85', 'LEO86', 'LEO87', 'LEO88', 'LEO89']
LEO78: 35.55452522534937: ['LEO25', 'LEO35', 'LEO36', 'LEO43', 'LEO44', 'LEO45', 'LEO46', 'LEO53', 'LEO54', 'LEO55', 'LEO56', 'LEO63', 'LEO64', 'LEO65', 'LEO66', 'LEO67', 'LEO68', 'LEO73', 'LEO74', 'LEO75', 'LEO76', 'LEO77', 'LEO78']
LEO49: 36.6458643325811: ['LEO38', 'LEO39', 'LEO49']
sum_con_loads:  225.42
max_con_loads:  103.37
avg_setup_time: 206.01
