******************************************************************************
METIS 5.0 Copyright 1998-13, Regents of the University of Minnesota
 (HEAD: , Built on: Dec 17 2022, 08:18:35)
 size of idx_t: 64bits, real_t: 32bits, idx_t *: 64bits

Graph Information -----------------------------------------------------------
 Name: MetisTopos/1015, #Vertices: 72, #Edges: 127, #Parts: 8

Options ---------------------------------------------------------------------
 ptype=kway, objtype=cut, ctype=shem, rtype=greedy, iptype=metisrb
 dbglvl=0, ufactor=3.700, no2hop=NO, minconn=NO, contig=YES, nooutput=NO
 seed=-1, niter=10, ncuts=1

Direct k-way Partitioning ---------------------------------------------------
 - Edgecut: 4307, communication volume: 50.

 - Balance:
     constraint #0:  3.564 out of 0.582

 - Most overweight partition:
     pid: 7, actual: 4900, desired: 1375, ratio: 3.56.

 - Subdomain connectivity: max: 3, min: 0, avg: 1.00

 - There are 0 non-contiguous partitions.
   Total components after removing the cut edges: 4,
   max components: 1 for pid: 0.

Timing Information ----------------------------------------------------------
  I/O:          		   0.001 sec
  Partitioning: 		   0.001 sec   (METIS time)
  Reporting:    		   0.000 sec

Memory Information ----------------------------------------------------------
  Max memory used:		   0.071 MB
******************************************************************************
LEO49: 72.71114730195572: ['LEO11', 'LEO16', 'LEO17', 'LEO18', 'LEO19', 'LEO21', 'LEO27', 'LEO28', 'LEO29', 'LEO31', 'LEO37', 'LEO38', 'LEO39', 'LEO41', 'LEO47', 'LEO48', 'LEO49', 'LEO51', 'LEO57', 'LEO58', 'LEO59', 'LEO67', 'LEO68', 'LEO69']
LEO52: 92.05092393794395: ['LEO12', 'LEO13', 'LEO14', 'LEO15', 'LEO22', 'LEO23', 'LEO24', 'LEO25', 'LEO26', 'LEO32', 'LEO33', 'LEO34', 'LEO35', 'LEO36', 'LEO42', 'LEO43', 'LEO44', 'LEO45', 'LEO46', 'LEO52', 'LEO53', 'LEO54', 'LEO55', 'LEO56', 'LEO61', 'LEO62', 'LEO63', 'LEO64', 'LEO65', 'LEO66', 'LEO71', 'LEO72', 'LEO75', 'LEO76', 'LEO77', 'LEO78', 'LEO79']
LEO73: 9.992544709472629: ['LEO73', 'LEO74']
LEO82: 21.324556966504275: ['LEO81', 'LEO82', 'LEO83', 'LEO84', 'LEO85', 'LEO86', 'LEO87', 'LEO88', 'LEO89']
sum_con_loads:  196.08
max_con_loads:   92.05
avg_setup_time: 306.58
