******************************************************************************
METIS 5.0 Copyright 1998-13, Regents of the University of Minnesota
 (HEAD: , Built on: Dec 17 2022, 08:18:35)
 size of idx_t: 64bits, real_t: 32bits, idx_t *: 64bits

Graph Information -----------------------------------------------------------
 Name: MetisTopos/1015, #Vertices: 72, #Edges: 127, #Parts: 8

Options ---------------------------------------------------------------------
 ptype=kway, objtype=cut, ctype=shem, rtype=greedy, iptype=metisrb
 dbglvl=0, ufactor=1.700, no2hop=NO, minconn=NO, contig=YES, nooutput=NO
 seed=-1, niter=10, ncuts=1

Direct k-way Partitioning ---------------------------------------------------
 - Edgecut: 7647, communication volume: 80.

 - Balance:
     constraint #0:  1.382 out of 0.582

 - Most overweight partition:
     pid: 7, actual: 1900, desired: 1375, ratio: 1.38.

 - Subdomain connectivity: max: 5, min: 4, avg: 4.50

 - Each partition is contiguous.

Timing Information ----------------------------------------------------------
  I/O:          		   0.001 sec
  Partitioning: 		   0.002 sec   (METIS time)
  Reporting:    		   0.000 sec

Memory Information ----------------------------------------------------------
  Max memory used:		   0.070 MB
******************************************************************************
LEO38: 20.269963566792843: ['LEO11', 'LEO17', 'LEO18', 'LEO19', 'LEO27', 'LEO28', 'LEO36', 'LEO37', 'LEO38', 'LEO46', 'LEO47', 'LEO48']
LEO32: 41.84369856263977: ['LEO12', 'LEO13', 'LEO22', 'LEO23', 'LEO32', 'LEO33']
LEO14: 18.47089373655938: ['LEO14', 'LEO15', 'LEO16', 'LEO24', 'LEO25', 'LEO26', 'LEO34', 'LEO35', 'LEO45', 'LEO55']
LEO31: 43.05374210923059: ['LEO21', 'LEO29', 'LEO31', 'LEO39', 'LEO41', 'LEO49']
LEO62: 56.28978666236066: ['LEO42', 'LEO52', 'LEO61', 'LEO62', 'LEO71', 'LEO72', 'LEO82']
LEO73: 15.763772469735647: ['LEO43', 'LEO44', 'LEO53', 'LEO54', 'LEO63', 'LEO64', 'LEO65', 'LEO73', 'LEO74', 'LEO75', 'LEO83', 'LEO84', 'LEO85']
LEO59: 38.05309475130788: ['LEO51', 'LEO58', 'LEO59', 'LEO68', 'LEO69']
LEO79: 28.655715541776388: ['LEO56', 'LEO57', 'LEO66', 'LEO67', 'LEO76', 'LEO77', 'LEO78', 'LEO79', 'LEO81', 'LEO86', 'LEO87', 'LEO88', 'LEO89']
sum_con_loads:  262.40
max_con_loads:   56.29
avg_setup_time: 187.89
