******************************************************************************
METIS 5.0 Copyright 1998-13, Regents of the University of Minnesota
 (HEAD: , Built on: Dec 17 2022, 08:18:35)
 size of idx_t: 64bits, real_t: 32bits, idx_t *: 64bits

Graph Information -----------------------------------------------------------
 Name: MetisTopos/1015, #Vertices: 72, #Edges: 127, #Parts: 8

Options ---------------------------------------------------------------------
 ptype=kway, objtype=cut, ctype=shem, rtype=greedy, iptype=metisrb
 dbglvl=0, ufactor=1.900, no2hop=NO, minconn=NO, contig=YES, nooutput=NO
 seed=-1, niter=10, ncuts=1

Direct k-way Partitioning ---------------------------------------------------
 - Edgecut: 8232, communication volume: 81.

 - Balance:
     constraint #0:  1.891 out of 0.582

 - Most overweight partition:
     pid: 5, actual: 2600, desired: 1375, ratio: 1.89.

 - Subdomain connectivity: max: 6, min: 3, avg: 4.25

 - Each partition is contiguous.

Timing Information ----------------------------------------------------------
  I/O:          		   0.001 sec
  Partitioning: 		   0.001 sec   (METIS time)
  Reporting:    		   0.000 sec

Memory Information ----------------------------------------------------------
  Max memory used:		   0.070 MB
******************************************************************************
LEO38: 20.269963566792843: ['LEO11', 'LEO16', 'LEO17', 'LEO18', 'LEO19', 'LEO27', 'LEO28', 'LEO37', 'LEO38', 'LEO46', 'LEO47', 'LEO48']
LEO42: 67.6820028234367: ['LEO12', 'LEO13', 'LEO14', 'LEO15', 'LEO22', 'LEO32', 'LEO42', 'LEO52', 'LEO61', 'LEO62']
LEO49: 56.2949302882372: ['LEO21', 'LEO29', 'LEO31', 'LEO39', 'LEO41', 'LEO49', 'LEO51', 'LEO58', 'LEO59']
LEO23: 23.069304952058484: ['LEO23', 'LEO24', 'LEO25', 'LEO26', 'LEO33', 'LEO34', 'LEO35', 'LEO36', 'LEO43', 'LEO44', 'LEO45', 'LEO53', 'LEO54', 'LEO55']
LEO67: 19.20774572989259: ['LEO56', 'LEO57', 'LEO65', 'LEO66', 'LEO67', 'LEO68', 'LEO75', 'LEO76', 'LEO77', 'LEO85', 'LEO86', 'LEO87']
LEO73: 15.763772469735647: ['LEO63', 'LEO64', 'LEO73', 'LEO74', 'LEO83', 'LEO84']
LEO79: 35.10342103083754: ['LEO69', 'LEO78', 'LEO79', 'LEO81', 'LEO88', 'LEO89']
LEO72: 36.863690362489585: ['LEO71', 'LEO72', 'LEO82']
sum_con_loads:  274.25
max_con_loads:   67.68
avg_setup_time: 200.82
