******************************************************************************
METIS 5.0 Copyright 1998-13, Regents of the University of Minnesota
 (HEAD: , Built on: Dec 17 2022, 08:18:35)
 size of idx_t: 64bits, real_t: 32bits, idx_t *: 64bits

Graph Information -----------------------------------------------------------
 Name: MetisTopos/10, #Vertices: 72, #Edges: 127, #Parts: 8

Options ---------------------------------------------------------------------
 ptype=kway, objtype=cut, ctype=shem, rtype=greedy, iptype=metisrb
 dbglvl=0, ufactor=1.100, no2hop=NO, minconn=NO, contig=YES, nooutput=NO
 seed=-1, niter=10, ncuts=1

Direct k-way Partitioning ---------------------------------------------------
 - Edgecut: 11283, communication volume: 81.

 - Balance:
     constraint #0:  1.216 out of 0.448

 - Most overweight partition:
     pid: 6, actual: 1900, desired: 1562, ratio: 1.22.

 - Subdomain connectivity: max: 7, min: 3, avg: 3.75

 - Each partition is contiguous.

Timing Information ----------------------------------------------------------
  I/O:          		   0.001 sec
  Partitioning: 		   0.002 sec   (METIS time)
  Reporting:    		   0.000 sec

Memory Information ----------------------------------------------------------
  Max memory used:		   0.071 MB
******************************************************************************
LEO41: 26.945132156064687: ['LEO11', 'LEO19', 'LEO21', 'LEO29', 'LEO31', 'LEO39', 'LEO41', 'LEO49']
LEO42: 60.17997238484216: ['LEO12', 'LEO13', 'LEO22', 'LEO23', 'LEO32', 'LEO33', 'LEO42']
LEO34: 53.35157115125602: ['LEO14', 'LEO24', 'LEO34', 'LEO35']
LEO15: 28.74610798125393: ['LEO15', 'LEO16', 'LEO17', 'LEO18', 'LEO25', 'LEO26', 'LEO27', 'LEO28', 'LEO37', 'LEO38', 'LEO47', 'LEO48']
LEO51: 50.88178178490652: ['LEO36', 'LEO43', 'LEO44', 'LEO45', 'LEO46', 'LEO51', 'LEO54', 'LEO55', 'LEO56', 'LEO57', 'LEO58', 'LEO59', 'LEO65', 'LEO66', 'LEO67', 'LEO68', 'LEO76', 'LEO77', 'LEO78', 'LEO86', 'LEO87', 'LEO88']
LEO62: 70.7139892469022: ['LEO52', 'LEO53', 'LEO62', 'LEO63', 'LEO64', 'LEO72', 'LEO73']
LEO71: 30.681081258730128: ['LEO61', 'LEO69', 'LEO71', 'LEO79']
LEO74: 28.963418213200363: ['LEO74', 'LEO75', 'LEO81', 'LEO82', 'LEO83', 'LEO84', 'LEO85', 'LEO89']
sum_con_loads:  350.46
max_con_loads:   70.71
avg_setup_time: 232.35
