******************************************************************************
METIS 5.0 Copyright 1998-13, Regents of the University of Minnesota
 (HEAD: , Built on: Dec 17 2022, 08:18:35)
 size of idx_t: 64bits, real_t: 32bits, idx_t *: 64bits

Graph Information -----------------------------------------------------------
 Name: MetisTopos/10, #Vertices: 72, #Edges: 127, #Parts: 8

Options ---------------------------------------------------------------------
 ptype=kway, objtype=cut, ctype=shem, rtype=greedy, iptype=metisrb
 dbglvl=0, ufactor=2.100, no2hop=NO, minconn=NO, contig=YES, nooutput=NO
 seed=-1, niter=10, ncuts=1

Direct k-way Partitioning ---------------------------------------------------
 - Edgecut: 8972, communication volume: 77.

 - Balance:
     constraint #0:  1.984 out of 0.448

 - Most overweight partition:
     pid: 7, actual: 3100, desired: 1562, ratio: 1.98.

 - Subdomain connectivity: max: 6, min: 2, avg: 4.25

 - Each partition is contiguous.

Timing Information ----------------------------------------------------------
  I/O:          		   0.001 sec
  Partitioning: 		   0.002 sec   (METIS time)
  Reporting:    		   0.000 sec

Memory Information ----------------------------------------------------------
  Max memory used:		   0.071 MB
******************************************************************************
LEO34: ['LEO11', 'LEO12', 'LEO13', 'LEO14', 'LEO23', 'LEO24', 'LEO25', 'LEO26', 'LEO33', 'LEO34', 'LEO35', 'LEO36']

LEO15: ['LEO15', 'LEO16']

LEO39: ['LEO17', 'LEO18', 'LEO19', 'LEO27', 'LEO28', 'LEO29', 'LEO37', 'LEO38', 'LEO39', 'LEO47', 'LEO48', 'LEO49', 'LEO58', 'LEO59', 'LEO68', 'LEO69', 'LEO78']

LEO42: ['LEO21', 'LEO22', 'LEO31', 'LEO32', 'LEO41', 'LEO42', 'LEO51', 'LEO52']

LEO44: ['LEO43', 'LEO44', 'LEO45', 'LEO46', 'LEO55', 'LEO56', 'LEO57', 'LEO65', 'LEO66', 'LEO67', 'LEO75', 'LEO76', 'LEO77', 'LEO85', 'LEO86', 'LEO87']

LEO63: ['LEO53', 'LEO54', 'LEO63', 'LEO64', 'LEO73', 'LEO74', 'LEO83', 'LEO84']

LEO62: ['LEO61', 'LEO62']

LEO71: ['LEO71', 'LEO72', 'LEO79', 'LEO81', 'LEO82', 'LEO88', 'LEO89']

sum_con_loads:  304.19

max_con_loads:   75.81

avg_setup_time: 152.87

