******************************************************************************
METIS 5.0 Copyright 1998-13, Regents of the University of Minnesota
 (HEAD: , Built on: Dec 17 2022, 08:18:35)
 size of idx_t: 64bits, real_t: 32bits, idx_t *: 64bits

Graph Information -----------------------------------------------------------
 Name: MetisTopos/10, #Vertices: 72, #Edges: 127, #Parts: 8

Options ---------------------------------------------------------------------
 ptype=kway, objtype=cut, ctype=shem, rtype=greedy, iptype=metisrb
 dbglvl=0, ufactor=2.600, no2hop=NO, minconn=NO, contig=NO, nooutput=NO
 seed=-1, niter=10, ncuts=1

Direct k-way Partitioning ---------------------------------------------------
 - Edgecut: 6875, communication volume: 63.

 - Balance:
     constraint #0:  2.560 out of 0.448

 - Most overweight partition:
     pid: 7, actual: 4000, desired: 1562, ratio: 2.56.

 - Subdomain connectivity: max: 5, min: 0, avg: 2.75

 - There are 0 non-contiguous partitions.
   Total components after removing the cut edges: 6,
   max components: 1 for pid: 1.

Timing Information ----------------------------------------------------------
  I/O:          		   0.001 sec
  Partitioning: 		   0.001 sec   (METIS time)
  Reporting:    		   0.000 sec

Memory Information ----------------------------------------------------------
  Max memory used:		   0.073 MB
******************************************************************************
LEO34: 73.16447901819151: ['LEO11', 'LEO12', 'LEO13', 'LEO14', 'LEO21', 'LEO22', 'LEO23', 'LEO24', 'LEO25', 'LEO26', 'LEO31', 'LEO32', 'LEO33', 'LEO34']
LEO15: 17.691723891271373: ['LEO15', 'LEO16']
LEO59: 25.705762746787176: ['LEO17', 'LEO18', 'LEO19', 'LEO27', 'LEO28', 'LEO29', 'LEO37', 'LEO38', 'LEO39', 'LEO47', 'LEO48', 'LEO49', 'LEO57', 'LEO58', 'LEO59', 'LEO67', 'LEO68', 'LEO69', 'LEO78', 'LEO79', 'LEO88', 'LEO89']
LEO35: 17.332246494287094: ['LEO35', 'LEO36']
LEO52: 80.76891677650686: ['LEO41', 'LEO42', 'LEO51', 'LEO52', 'LEO61', 'LEO62', 'LEO71', 'LEO72']
LEO63: 47.745133443484804: ['LEO43', 'LEO44', 'LEO45', 'LEO46', 'LEO53', 'LEO54', 'LEO55', 'LEO56', 'LEO63', 'LEO64', 'LEO65', 'LEO66', 'LEO73', 'LEO74', 'LEO75', 'LEO76', 'LEO77', 'LEO81', 'LEO82', 'LEO83', 'LEO84', 'LEO85', 'LEO86', 'LEO87']
sum_con_loads:  262.41
max_con_loads:   80.77
avg_setup_time: 227.08
