******************************************************************************
METIS 5.0 Copyright 1998-13, Regents of the University of Minnesota
 (HEAD: , Built on: Dec 17 2022, 08:18:35)
 size of idx_t: 64bits, real_t: 32bits, idx_t *: 64bits

Graph Information -----------------------------------------------------------
 Name: MetisTopos/10, #Vertices: 72, #Edges: 127, #Parts: 8

Options ---------------------------------------------------------------------
 ptype=kway, objtype=cut, ctype=shem, rtype=greedy, iptype=metisrb
 dbglvl=0, ufactor=1.200, no2hop=NO, minconn=NO, contig=YES, nooutput=NO
 seed=-1, niter=10, ncuts=1

Direct k-way Partitioning ---------------------------------------------------
 - Edgecut: 11991, communication volume: 90.

 - Balance:
     constraint #0:  1.152 out of 0.448

 - Most overweight partition:
     pid: 1, actual: 1800, desired: 1562, ratio: 1.15.

 - Subdomain connectivity: max: 6, min: 2, avg: 3.75

 - Each partition is contiguous.

Timing Information ----------------------------------------------------------
  I/O:          		   0.001 sec
  Partitioning: 		   0.002 sec   (METIS time)
  Reporting:    		   0.000 sec

Memory Information ----------------------------------------------------------
  Max memory used:		   0.071 MB
******************************************************************************
LEO72: ['LEO11', 'LEO19', 'LEO21', 'LEO29', 'LEO39', 'LEO49', 'LEO59', 'LEO69', 'LEO72', 'LEO79', 'LEO81', 'LEO82', 'LEO89']

LEO42: ['LEO12', 'LEO13', 'LEO22', 'LEO23', 'LEO32', 'LEO42', 'LEO52']

LEO34: ['LEO14', 'LEO24', 'LEO33', 'LEO34', 'LEO43', 'LEO44']

LEO15: ['LEO15', 'LEO16', 'LEO25', 'LEO26', 'LEO36']

LEO54: ['LEO17', 'LEO18', 'LEO27', 'LEO28', 'LEO35', 'LEO37', 'LEO38', 'LEO45', 'LEO46', 'LEO47', 'LEO48', 'LEO53', 'LEO54', 'LEO55', 'LEO56', 'LEO57', 'LEO58', 'LEO63', 'LEO64', 'LEO65', 'LEO66', 'LEO67', 'LEO68', 'LEO73', 'LEO78', 'LEO88']

LEO41: ['LEO31', 'LEO41', 'LEO51']

LEO62: ['LEO61', 'LEO62', 'LEO71']

LEO74: ['LEO74', 'LEO75', 'LEO76', 'LEO77', 'LEO83', 'LEO84', 'LEO85', 'LEO86', 'LEO87']

sum_con_loads:  364.51

max_con_loads:   66.72

avg_setup_time: 178.83

