******************************************************************************
METIS 5.0 Copyright 1998-13, Regents of the University of Minnesota
 (HEAD: , Built on: Dec 17 2022, 08:18:35)
 size of idx_t: 64bits, real_t: 32bits, idx_t *: 64bits

Graph Information -----------------------------------------------------------
 Name: MetisTopos/10, #Vertices: 72, #Edges: 127, #Parts: 8

Options ---------------------------------------------------------------------
 ptype=kway, objtype=cut, ctype=shem, rtype=greedy, iptype=metisrb
 dbglvl=0, ufactor=1.300, no2hop=NO, minconn=NO, contig=NO, nooutput=NO
 seed=-1, niter=10, ncuts=1

Direct k-way Partitioning ---------------------------------------------------
 - Edgecut: 10253, communication volume: 79.

 - Balance:
     constraint #0:  1.216 out of 0.448

 - Most overweight partition:
     pid: 3, actual: 1900, desired: 1562, ratio: 1.22.

 - Subdomain connectivity: max: 7, min: 3, avg: 4.50

 - Each partition is contiguous.

Timing Information ----------------------------------------------------------
  I/O:          		   0.001 sec
  Partitioning: 		   0.001 sec   (METIS time)
  Reporting:    		   0.000 sec

Memory Information ----------------------------------------------------------
  Max memory used:		   0.070 MB
******************************************************************************
LEO71: 37.556029270631576: ['LEO11', 'LEO12', 'LEO13', 'LEO18', 'LEO19', 'LEO21', 'LEO28', 'LEO29', 'LEO37', 'LEO38', 'LEO39', 'LEO47', 'LEO48', 'LEO58', 'LEO68', 'LEO69', 'LEO71', 'LEO78', 'LEO79', 'LEO87', 'LEO88', 'LEO89']
LEO34: 53.35157115125602: ['LEO14', 'LEO24', 'LEO34', 'LEO35']
LEO15: 25.12496022127628: ['LEO15', 'LEO16', 'LEO17', 'LEO25', 'LEO26', 'LEO27']
LEO42: 67.02076275548495: ['LEO22', 'LEO23', 'LEO31', 'LEO32', 'LEO33', 'LEO42', 'LEO43', 'LEO52']
LEO53: 47.49039584297287: ['LEO36', 'LEO44', 'LEO45', 'LEO46', 'LEO53', 'LEO54', 'LEO55', 'LEO56', 'LEO57', 'LEO63', 'LEO64', 'LEO65', 'LEO66', 'LEO67', 'LEO73']
LEO51: 32.644432578136616: ['LEO41', 'LEO49', 'LEO51', 'LEO59']
LEO62: 39.69467619479133: ['LEO61', 'LEO62', 'LEO72', 'LEO81', 'LEO82']
LEO74: 27.0450897308988: ['LEO74', 'LEO75', 'LEO76', 'LEO77', 'LEO83', 'LEO84', 'LEO85', 'LEO86']
sum_con_loads:  329.93
max_con_loads:   67.02
avg_setup_time: 220.82
