******************************************************************************
METIS 5.0 Copyright 1998-13, Regents of the University of Minnesota
 (HEAD: , Built on: Dec 17 2022, 08:18:35)
 size of idx_t: 64bits, real_t: 32bits, idx_t *: 64bits

Graph Information -----------------------------------------------------------
 Name: MetisTopos/10, #Vertices: 72, #Edges: 127, #Parts: 8

Options ---------------------------------------------------------------------
 ptype=kway, objtype=cut, ctype=shem, rtype=greedy, iptype=metisrb
 dbglvl=0, ufactor=1.400, no2hop=NO, minconn=NO, contig=NO, nooutput=NO
 seed=-1, niter=10, ncuts=1

Direct k-way Partitioning ---------------------------------------------------
 - Edgecut: 10222, communication volume: 80.

 - Balance:
     constraint #0:  1.344 out of 0.448

 - Most overweight partition:
     pid: 0, actual: 2100, desired: 1562, ratio: 1.34.

 - Subdomain connectivity: max: 5, min: 3, avg: 4.25

 - Each partition is contiguous.

Timing Information ----------------------------------------------------------
  I/O:          		   0.001 sec
  Partitioning: 		   0.001 sec   (METIS time)
  Reporting:    		   0.000 sec

Memory Information ----------------------------------------------------------
  Max memory used:		   0.070 MB
******************************************************************************
LEO22: 26.191935646635855: ['LEO11', 'LEO12', 'LEO13', 'LEO19', 'LEO21', 'LEO22', 'LEO29', 'LEO39']
LEO34: 53.351571151256024: ['LEO14', 'LEO23', 'LEO24', 'LEO33', 'LEO34', 'LEO35']
LEO15: 26.525395527379825: ['LEO15', 'LEO16', 'LEO17', 'LEO18', 'LEO25', 'LEO26', 'LEO27', 'LEO28', 'LEO38']
LEO42: 67.47601879537173: ['LEO31', 'LEO32', 'LEO41', 'LEO42', 'LEO52']
LEO74: 32.135155449001346: ['LEO36', 'LEO37', 'LEO45', 'LEO46', 'LEO47', 'LEO55', 'LEO56', 'LEO65', 'LEO66', 'LEO67', 'LEO74', 'LEO75', 'LEO76', 'LEO84', 'LEO85', 'LEO86', 'LEO87']
LEO63: 40.94202205360032: ['LEO43', 'LEO44', 'LEO53', 'LEO54', 'LEO63', 'LEO64', 'LEO73', 'LEO83']
LEO79: 28.259555822567386: ['LEO48', 'LEO49', 'LEO57', 'LEO58', 'LEO59', 'LEO68', 'LEO69', 'LEO71', 'LEO77', 'LEO78', 'LEO79', 'LEO88', 'LEO89']
LEO62: 54.33575451130383: ['LEO51', 'LEO61', 'LEO62', 'LEO72', 'LEO81', 'LEO82']
sum_con_loads:  329.22
max_con_loads:   67.48
avg_setup_time: 214.20
