******************************************************************************
METIS 5.0 Copyright 1998-13, Regents of the University of Minnesota
 (HEAD: , Built on: Dec 17 2022, 08:18:35)
 size of idx_t: 64bits, real_t: 32bits, idx_t *: 64bits

Graph Information -----------------------------------------------------------
 Name: MetisTopos/10, #Vertices: 72, #Edges: 127, #Parts: 8

Options ---------------------------------------------------------------------
 ptype=kway, objtype=cut, ctype=shem, rtype=greedy, iptype=metisrb
 dbglvl=0, ufactor=1.500, no2hop=NO, minconn=NO, contig=NO, nooutput=NO
 seed=-1, niter=10, ncuts=1

Direct k-way Partitioning ---------------------------------------------------
 - Edgecut: 10093, communication volume: 85.

 - Balance:
     constraint #0:  1.408 out of 0.448

 - Most overweight partition:
     pid: 6, actual: 2200, desired: 1562, ratio: 1.41.

 - Subdomain connectivity: max: 6, min: 3, avg: 4.75

 - There are 1 non-contiguous partitions.
   Total components after removing the cut edges: 9,
   max components: 2 for pid: 7.

Timing Information ----------------------------------------------------------
  I/O:          		   0.001 sec
  Partitioning: 		   0.001 sec   (METIS time)
  Reporting:    		   0.000 sec

Memory Information ----------------------------------------------------------
  Max memory used:		   0.070 MB
******************************************************************************
LEO72: 34.70918844880093: ['LEO11', 'LEO19', 'LEO21', 'LEO29', 'LEO31', 'LEO71', 'LEO72', 'LEO81', 'LEO82', 'LEO87', 'LEO88', 'LEO89']
LEO34: 53.40161536802948: ['LEO12', 'LEO13', 'LEO14', 'LEO23', 'LEO24', 'LEO33', 'LEO34']
LEO15: 25.12496022127628: ['LEO15', 'LEO16', 'LEO17', 'LEO18', 'LEO25', 'LEO26', 'LEO27', 'LEO28']
LEO52: 78.25285955694488: ['LEO22', 'LEO32', 'LEO42', 'LEO52', 'LEO53', 'LEO62', 'LEO63', 'LEO73']
LEO44: 39.41947040981846: ['LEO35', 'LEO36', 'LEO37', 'LEO43', 'LEO44', 'LEO45', 'LEO46', 'LEO47', 'LEO54', 'LEO55', 'LEO56', 'LEO57', 'LEO64', 'LEO65', 'LEO66']
LEO51: 43.15183541198309: ['LEO38', 'LEO39', 'LEO41', 'LEO48', 'LEO49', 'LEO51', 'LEO58', 'LEO59', 'LEO67', 'LEO68', 'LEO78']
LEO61: 25.55347999966055: ['LEO61', 'LEO69', 'LEO79']
LEO74: 27.0450897308988: ['LEO74', 'LEO75', 'LEO76', 'LEO77', 'LEO83', 'LEO84', 'LEO85', 'LEO86']
sum_con_loads:  326.66
max_con_loads:   78.25
avg_setup_time: 231.03
