******************************************************************************
METIS 5.0 Copyright 1998-13, Regents of the University of Minnesota
 (HEAD: , Built on: Dec 17 2022, 08:18:35)
 size of idx_t: 64bits, real_t: 32bits, idx_t *: 64bits

Graph Information -----------------------------------------------------------
 Name: MetisTopos/10, #Vertices: 72, #Edges: 127, #Parts: 8

Options ---------------------------------------------------------------------
 ptype=kway, objtype=cut, ctype=shem, rtype=greedy, iptype=metisrb
 dbglvl=0, ufactor=1.500, no2hop=NO, minconn=NO, contig=YES, nooutput=NO
 seed=-1, niter=10, ncuts=1

Direct k-way Partitioning ---------------------------------------------------
 - Edgecut: 9431, communication volume: 82.

 - Balance:
     constraint #0:  1.472 out of 0.448

 - Most overweight partition:
     pid: 6, actual: 2300, desired: 1562, ratio: 1.47.

 - Subdomain connectivity: max: 6, min: 3, avg: 4.50

 - Each partition is contiguous.

Timing Information ----------------------------------------------------------
  I/O:          		   0.001 sec
  Partitioning: 		   0.002 sec   (METIS time)
  Reporting:    		   0.000 sec

Memory Information ----------------------------------------------------------
  Max memory used:		   0.070 MB
******************************************************************************
LEO22: 26.588170289145857: ['LEO11', 'LEO12', 'LEO19', 'LEO21', 'LEO22', 'LEO23', 'LEO31']
LEO34: 56.914824883290144: ['LEO13', 'LEO14', 'LEO24', 'LEO33', 'LEO34', 'LEO35', 'LEO36']
LEO15: 25.12496022127628: ['LEO15', 'LEO16', 'LEO17', 'LEO18', 'LEO25', 'LEO26', 'LEO27', 'LEO28']
LEO59: 25.705762746787176: ['LEO29', 'LEO37', 'LEO38', 'LEO39', 'LEO47', 'LEO48', 'LEO49', 'LEO57', 'LEO58', 'LEO59', 'LEO68', 'LEO69', 'LEO78', 'LEO79', 'LEO87', 'LEO88', 'LEO89']
LEO42: 72.01098906931205: ['LEO32', 'LEO41', 'LEO42', 'LEO51', 'LEO52']
LEO63: 38.15902728162726: ['LEO43', 'LEO44', 'LEO53', 'LEO54', 'LEO63', 'LEO64', 'LEO73']
LEO74: 28.963418213200363: ['LEO45', 'LEO46', 'LEO55', 'LEO56', 'LEO65', 'LEO66', 'LEO67', 'LEO74', 'LEO75', 'LEO76', 'LEO77', 'LEO81', 'LEO82', 'LEO83', 'LEO84', 'LEO85', 'LEO86']
LEO62: 39.962776873464655: ['LEO61', 'LEO62', 'LEO71', 'LEO72']
sum_con_loads:  313.43
max_con_loads:   72.01
avg_setup_time: 202.53
