******************************************************************************
METIS 5.0 Copyright 1998-13, Regents of the University of Minnesota
 (HEAD: , Built on: Dec 17 2022, 08:18:35)
 size of idx_t: 64bits, real_t: 32bits, idx_t *: 64bits

Graph Information -----------------------------------------------------------
 Name: MetisTopos/10, #Vertices: 72, #Edges: 127, #Parts: 8

Options ---------------------------------------------------------------------
 ptype=kway, objtype=cut, ctype=shem, rtype=greedy, iptype=metisrb
 dbglvl=0, ufactor=1.700, no2hop=NO, minconn=NO, contig=NO, nooutput=NO
 seed=-1, niter=10, ncuts=1

Direct k-way Partitioning ---------------------------------------------------
 - Edgecut: 9686, communication volume: 78.

 - Balance:
     constraint #0:  1.600 out of 0.448

 - Most overweight partition:
     pid: 4, actual: 2500, desired: 1562, ratio: 1.60.

 - Subdomain connectivity: max: 6, min: 3, avg: 4.50

 - Each partition is contiguous.

Timing Information ----------------------------------------------------------
  I/O:          		   0.001 sec
  Partitioning: 		   0.002 sec   (METIS time)
  Reporting:    		   0.000 sec

Memory Information ----------------------------------------------------------
  Max memory used:		   0.070 MB
******************************************************************************
LEO39: 16.14379111114904: ['LEO11', 'LEO16', 'LEO17', 'LEO18', 'LEO19', 'LEO21', 'LEO28', 'LEO29', 'LEO38', 'LEO39', 'LEO49']
LEO32: 68.84293444589561: ['LEO12', 'LEO22', 'LEO23', 'LEO24', 'LEO31', 'LEO32', 'LEO33', 'LEO34']
LEO14: 26.046137090829426: ['LEO13', 'LEO14', 'LEO15']
LEO35: 24.36714904485612: ['LEO25', 'LEO26', 'LEO27', 'LEO35', 'LEO36', 'LEO37', 'LEO45', 'LEO46', 'LEO47']
LEO52: 75.46025690079023: ['LEO41', 'LEO42', 'LEO52', 'LEO61', 'LEO62']
LEO63: 43.04381018921017: ['LEO43', 'LEO44', 'LEO53', 'LEO54', 'LEO55', 'LEO56', 'LEO63', 'LEO64', 'LEO65', 'LEO66', 'LEO67', 'LEO73', 'LEO74', 'LEO75', 'LEO76', 'LEO77']
LEO72: 41.151094140359945: ['LEO48', 'LEO57', 'LEO58', 'LEO68', 'LEO69', 'LEO71', 'LEO72', 'LEO78', 'LEO79', 'LEO81', 'LEO82', 'LEO83', 'LEO84', 'LEO85', 'LEO86', 'LEO87', 'LEO88', 'LEO89']
LEO51: 23.317654680931614: ['LEO51', 'LEO59']
sum_con_loads:  318.37
max_con_loads:   75.46
avg_setup_time: 226.70
