******************************************************************************
METIS 5.0 Copyright 1998-13, Regents of the University of Minnesota
 (HEAD: , Built on: Dec 17 2022, 08:18:35)
 size of idx_t: 64bits, real_t: 32bits, idx_t *: 64bits

Graph Information -----------------------------------------------------------
 Name: MetisTopos/10, #Vertices: 72, #Edges: 127, #Parts: 8

Options ---------------------------------------------------------------------
 ptype=kway, objtype=cut, ctype=shem, rtype=greedy, iptype=metisrb
 dbglvl=0, ufactor=1.900, no2hop=NO, minconn=NO, contig=NO, nooutput=NO
 seed=-1, niter=10, ncuts=1

Direct k-way Partitioning ---------------------------------------------------
 - Edgecut: 10131, communication volume: 82.

 - Balance:
     constraint #0:  1.856 out of 0.448

 - Most overweight partition:
     pid: 5, actual: 2900, desired: 1562, ratio: 1.86.

 - Subdomain connectivity: max: 6, min: 2, avg: 4.50

 - There are 1 non-contiguous partitions.
   Total components after removing the cut edges: 9,
   max components: 2 for pid: 1.

Timing Information ----------------------------------------------------------
  I/O:          		   0.001 sec
  Partitioning: 		   0.002 sec   (METIS time)
  Reporting:    		   0.000 sec

Memory Information ----------------------------------------------------------
  Max memory used:		   0.071 MB
******************************************************************************
LEO32: ['LEO11', 'LEO12', 'LEO13', 'LEO17', 'LEO18', 'LEO19', 'LEO21', 'LEO22', 'LEO23', 'LEO27', 'LEO28', 'LEO29', 'LEO31', 'LEO32', 'LEO33', 'LEO37', 'LEO38', 'LEO47', 'LEO48', 'LEO58', 'LEO67', 'LEO68', 'LEO78', 'LEO87', 'LEO88', 'LEO89']

LEO34: ['LEO14', 'LEO15', 'LEO24', 'LEO34', 'LEO43', 'LEO44']

LEO72: ['LEO16', 'LEO26', 'LEO36', 'LEO72', 'LEO81', 'LEO82']

LEO35: ['LEO25', 'LEO35']

LEO41: ['LEO39', 'LEO41', 'LEO49']

LEO52: ['LEO42', 'LEO51', 'LEO52', 'LEO59', 'LEO61', 'LEO62', 'LEO69']

LEO63: ['LEO45', 'LEO46', 'LEO53', 'LEO54', 'LEO55', 'LEO56', 'LEO57', 'LEO63', 'LEO64', 'LEO65', 'LEO66', 'LEO73', 'LEO74', 'LEO75', 'LEO76', 'LEO77', 'LEO83', 'LEO84', 'LEO85', 'LEO86']

LEO71: ['LEO71', 'LEO79']

sum_con_loads:  327.35

max_con_loads:   75.59

avg_setup_time: 167.86

