******************************************************************************
METIS 5.0 Copyright 1998-13, Regents of the University of Minnesota
 (HEAD: , Built on: Dec 17 2022, 08:18:35)
 size of idx_t: 64bits, real_t: 32bits, idx_t *: 64bits

Graph Information -----------------------------------------------------------
 Name: MetisTopos/10, #Vertices: 72, #Edges: 127, #Parts: 8

Options ---------------------------------------------------------------------
 ptype=kway, objtype=cut, ctype=shem, rtype=greedy, iptype=metisrb
 dbglvl=0, ufactor=1.900, no2hop=NO, minconn=NO, contig=YES, nooutput=NO
 seed=-1, niter=10, ncuts=1

Direct k-way Partitioning ---------------------------------------------------
 - Edgecut: 8509, communication volume: 79.

 - Balance:
     constraint #0:  1.792 out of 0.448

 - Most overweight partition:
     pid: 3, actual: 2800, desired: 1562, ratio: 1.79.

 - Subdomain connectivity: max: 7, min: 3, avg: 4.50

 - Each partition is contiguous.

Timing Information ----------------------------------------------------------
  I/O:          		   0.001 sec
  Partitioning: 		   0.002 sec   (METIS time)
  Reporting:    		   0.000 sec

Memory Information ----------------------------------------------------------
  Max memory used:		   0.071 MB
******************************************************************************
LEO31: 34.58119571007051: ['LEO11', 'LEO12', 'LEO17', 'LEO18', 'LEO19', 'LEO21', 'LEO22', 'LEO23', 'LEO27', 'LEO28', 'LEO29', 'LEO31', 'LEO37', 'LEO38', 'LEO47', 'LEO48', 'LEO57', 'LEO58', 'LEO68', 'LEO77', 'LEO78', 'LEO87', 'LEO88']
LEO42: 90.21012992124244: ['LEO13', 'LEO14', 'LEO24', 'LEO32', 'LEO33', 'LEO34', 'LEO42', 'LEO43', 'LEO44', 'LEO52', 'LEO62']
LEO15: 17.691723891271373: ['LEO15', 'LEO16']
LEO35: 24.367149044856113: ['LEO25', 'LEO26', 'LEO35', 'LEO36']
LEO41: 22.980389379245572: ['LEO39', 'LEO41', 'LEO49']
LEO63: 44.39949905747989: ['LEO45', 'LEO46', 'LEO53', 'LEO54', 'LEO55', 'LEO56', 'LEO63', 'LEO64', 'LEO65', 'LEO66', 'LEO67', 'LEO73', 'LEO74', 'LEO75', 'LEO76', 'LEO83', 'LEO84', 'LEO85', 'LEO86']
LEO51: 34.36385232328738: ['LEO51', 'LEO59', 'LEO61', 'LEO69']
LEO71: 26.313583495075463: ['LEO71', 'LEO72', 'LEO79', 'LEO81', 'LEO82', 'LEO89']
sum_con_loads:  294.91
max_con_loads:   90.21
avg_setup_time: 264.75
