******************************************************************************
METIS 5.0 Copyright 1998-13, Regents of the University of Minnesota
 (HEAD: , Built on: Dec 17 2022, 08:18:35)
 size of idx_t: 64bits, real_t: 32bits, idx_t *: 64bits

Graph Information -----------------------------------------------------------
 Name: MetisTopos/241, #Vertices: 72, #Edges: 128, #Parts: 8

Options ---------------------------------------------------------------------
 ptype=kway, objtype=cut, ctype=shem, rtype=greedy, iptype=metisrb
 dbglvl=0, ufactor=1.100, no2hop=NO, minconn=NO, contig=NO, nooutput=NO
 seed=-1, niter=10, ncuts=1

Direct k-way Partitioning ---------------------------------------------------
 - Edgecut: 12100, communication volume: 81.

 - Balance:
     constraint #0:  1.106 out of 0.455

 - Most overweight partition:
     pid: 6, actual: 1700, desired: 1537, ratio: 1.11.

 - Subdomain connectivity: max: 7, min: 2, avg: 4.00

 - Each partition is contiguous.

Timing Information ----------------------------------------------------------
  I/O:          		   0.001 sec
  Partitioning: 		   0.002 sec   (METIS time)
  Reporting:    		   0.000 sec

Memory Information ----------------------------------------------------------
  Max memory used:		   0.071 MB
******************************************************************************
LEO22: 26.906156775438763: ['LEO11', 'LEO12', 'LEO13', 'LEO21', 'LEO22']
LEO33: 55.242454189030916: ['LEO14', 'LEO23', 'LEO24', 'LEO33', 'LEO34']
LEO25: 28.916120954928783: ['LEO15', 'LEO16', 'LEO25', 'LEO26', 'LEO35', 'LEO36', 'LEO46', 'LEO47']
LEO42: 65.52114651681809: ['LEO17', 'LEO18', 'LEO19', 'LEO27', 'LEO28', 'LEO29', 'LEO31', 'LEO32', 'LEO37', 'LEO38', 'LEO39', 'LEO42', 'LEO48', 'LEO49', 'LEO56', 'LEO57', 'LEO58', 'LEO59', 'LEO66', 'LEO67', 'LEO68', 'LEO69', 'LEO76', 'LEO77', 'LEO78', 'LEO86', 'LEO87', 'LEO88']
LEO52: 60.60702659907034: ['LEO41', 'LEO51', 'LEO52', 'LEO62']
LEO53: 66.78558043571874: ['LEO43', 'LEO53', 'LEO63', 'LEO72', 'LEO73', 'LEO81', 'LEO82', 'LEO83', 'LEO89']
LEO74: 26.911990912372225: ['LEO44', 'LEO45', 'LEO54', 'LEO55', 'LEO64', 'LEO65', 'LEO74', 'LEO75', 'LEO84', 'LEO85']
LEO61: 33.61895679489338: ['LEO61', 'LEO71', 'LEO79']
sum_con_loads:  364.51
max_con_loads:   66.79
avg_setup_time: 218.84
