******************************************************************************
METIS 5.0 Copyright 1998-13, Regents of the University of Minnesota
 (HEAD: , Built on: Dec 17 2022, 08:18:35)
 size of idx_t: 64bits, real_t: 32bits, idx_t *: 64bits

Graph Information -----------------------------------------------------------
 Name: MetisTopos/241, #Vertices: 72, #Edges: 128, #Parts: 8

Options ---------------------------------------------------------------------
 ptype=kway, objtype=cut, ctype=shem, rtype=greedy, iptype=metisrb
 dbglvl=0, ufactor=2.700, no2hop=NO, minconn=NO, contig=YES, nooutput=NO
 seed=-1, niter=10, ncuts=1

Direct k-way Partitioning ---------------------------------------------------
 - Edgecut: 7669, communication volume: 76.

 - Balance:
     constraint #0:  2.667 out of 0.455

 - Most overweight partition:
     pid: 7, actual: 4100, desired: 1537, ratio: 2.67.

 - Subdomain connectivity: max: 7, min: 3, avg: 4.25

 - Each partition is contiguous.

Timing Information ----------------------------------------------------------
  I/O:          		   0.001 sec
  Partitioning: 		   0.002 sec   (METIS time)
  Reporting:    		   0.000 sec

Memory Information ----------------------------------------------------------
  Max memory used:		   0.071 MB
******************************************************************************
LEO36: 21.251213121343277: ['LEO11', 'LEO16', 'LEO17', 'LEO18', 'LEO19', 'LEO25', 'LEO26', 'LEO27', 'LEO28', 'LEO36', 'LEO37', 'LEO38', 'LEO46', 'LEO47', 'LEO48', 'LEO56', 'LEO57', 'LEO58', 'LEO66', 'LEO67', 'LEO68', 'LEO77', 'LEO78']
LEO22: 30.215609549290782: ['LEO12', 'LEO22', 'LEO32']
LEO14: 17.678171002128305: ['LEO13', 'LEO14', 'LEO15']
LEO31: 19.5548178648092: ['LEO21', 'LEO29', 'LEO31', 'LEO39']
LEO42: 99.70648271648916: ['LEO23', 'LEO24', 'LEO33', 'LEO41', 'LEO42', 'LEO43', 'LEO49', 'LEO51', 'LEO52', 'LEO53', 'LEO59', 'LEO61', 'LEO62', 'LEO69']
LEO34: 21.809193875106704: ['LEO34', 'LEO35', 'LEO44', 'LEO45', 'LEO54', 'LEO55']
LEO63: 44.707923494891915: ['LEO63', 'LEO64', 'LEO65', 'LEO72', 'LEO73', 'LEO74', 'LEO75', 'LEO76', 'LEO81', 'LEO82', 'LEO83', 'LEO84', 'LEO85', 'LEO86', 'LEO87', 'LEO88', 'LEO89']
LEO71: 21.192838493003713: ['LEO71', 'LEO79']
sum_con_loads:  276.12
max_con_loads:   99.71
avg_setup_time: 2929.54
