******************************************************************************
METIS 5.0 Copyright 1998-13, Regents of the University of Minnesota
 (HEAD: , Built on: Dec 17 2022, 08:18:35)
 size of idx_t: 64bits, real_t: 32bits, idx_t *: 64bits

Graph Information -----------------------------------------------------------
 Name: MetisTopos/241, #Vertices: 72, #Edges: 128, #Parts: 8

Options ---------------------------------------------------------------------
 ptype=kway, objtype=cut, ctype=shem, rtype=greedy, iptype=metisrb
 dbglvl=0, ufactor=1.200, no2hop=NO, minconn=NO, contig=NO, nooutput=NO
 seed=-1, niter=10, ncuts=1

Direct k-way Partitioning ---------------------------------------------------
 - Edgecut: 10834, communication volume: 80.

 - Balance:
     constraint #0:  1.171 out of 0.455

 - Most overweight partition:
     pid: 3, actual: 1800, desired: 1537, ratio: 1.17.

 - Subdomain connectivity: max: 6, min: 3, avg: 4.00

 - Each partition is contiguous.

Timing Information ----------------------------------------------------------
  I/O:          		   0.001 sec
  Partitioning: 		   0.002 sec   (METIS time)
  Reporting:    		   0.000 sec

Memory Information ----------------------------------------------------------
  Max memory used:		   0.071 MB
******************************************************************************
LEO22: 26.906156775438763: ['LEO11', 'LEO12', 'LEO21', 'LEO22']
LEO14: 25.99168465227558: ['LEO13', 'LEO14', 'LEO15', 'LEO25']
LEO42: 64.16974166494806: ['LEO16', 'LEO17', 'LEO18', 'LEO19', 'LEO26', 'LEO27', 'LEO28', 'LEO29', 'LEO31', 'LEO32', 'LEO35', 'LEO36', 'LEO37', 'LEO38', 'LEO39', 'LEO42', 'LEO45', 'LEO46', 'LEO55', 'LEO56', 'LEO57', 'LEO66']
LEO33: 59.64766580832083: ['LEO23', 'LEO24', 'LEO33', 'LEO34', 'LEO43', 'LEO44', 'LEO53', 'LEO54']
LEO49: 30.7126930399734: ['LEO41', 'LEO47', 'LEO48', 'LEO49', 'LEO58', 'LEO59', 'LEO67', 'LEO68', 'LEO69', 'LEO77', 'LEO78']
LEO52: 53.08044364358305: ['LEO51', 'LEO52', 'LEO61', 'LEO62']
LEO63: 41.502846341464355: ['LEO63', 'LEO64', 'LEO73', 'LEO74', 'LEO82', 'LEO83']
LEO71: 37.39518487057736: ['LEO65', 'LEO71', 'LEO72', 'LEO75', 'LEO76', 'LEO79', 'LEO81', 'LEO84', 'LEO85', 'LEO86', 'LEO87', 'LEO88', 'LEO89']
sum_con_loads:  339.41
max_con_loads:   64.17
avg_setup_time: 216.71
