******************************************************************************
METIS 5.0 Copyright 1998-13, Regents of the University of Minnesota
 (HEAD: , Built on: Dec 17 2022, 08:18:35)
 size of idx_t: 64bits, real_t: 32bits, idx_t *: 64bits

Graph Information -----------------------------------------------------------
 Name: MetisTopos/241, #Vertices: 72, #Edges: 128, #Parts: 8

Options ---------------------------------------------------------------------
 ptype=kway, objtype=cut, ctype=shem, rtype=greedy, iptype=metisrb
 dbglvl=0, ufactor=1.300, no2hop=NO, minconn=NO, contig=NO, nooutput=NO
 seed=-1, niter=10, ncuts=1

Direct k-way Partitioning ---------------------------------------------------
 - Edgecut: 9770, communication volume: 79.

 - Balance:
     constraint #0:  1.236 out of 0.455

 - Most overweight partition:
     pid: 7, actual: 1900, desired: 1537, ratio: 1.24.

 - Subdomain connectivity: max: 6, min: 2, avg: 4.25

 - Each partition is contiguous.

Timing Information ----------------------------------------------------------
  I/O:          		   0.001 sec
  Partitioning: 		   0.002 sec   (METIS time)
  Reporting:    		   0.000 sec

Memory Information ----------------------------------------------------------
  Max memory used:		   0.071 MB
******************************************************************************
LEO22: 26.906156775438763: ['LEO11', 'LEO12', 'LEO21', 'LEO22']
LEO14: 25.99168465227558: ['LEO13', 'LEO14', 'LEO15', 'LEO16', 'LEO25', 'LEO26']
LEO41: 30.209436082389857: ['LEO17', 'LEO18', 'LEO19', 'LEO27', 'LEO28', 'LEO29', 'LEO31', 'LEO36', 'LEO37', 'LEO38', 'LEO39', 'LEO41', 'LEO46', 'LEO47', 'LEO48', 'LEO49', 'LEO56', 'LEO66']
LEO33: 58.878342801186726: ['LEO23', 'LEO24', 'LEO33', 'LEO34', 'LEO35', 'LEO43', 'LEO44', 'LEO45', 'LEO54', 'LEO55']
LEO52: 82.64416073201474: ['LEO32', 'LEO42', 'LEO52', 'LEO53', 'LEO62', 'LEO63', 'LEO64', 'LEO72', 'LEO73']
LEO51: 31.771116820524576: ['LEO51', 'LEO57', 'LEO58', 'LEO59', 'LEO67', 'LEO68', 'LEO77', 'LEO78', 'LEO81', 'LEO82', 'LEO87', 'LEO88', 'LEO89']
LEO61: 33.61895679489338: ['LEO61', 'LEO69', 'LEO71', 'LEO79']
LEO83: 27.832173211191897: ['LEO65', 'LEO74', 'LEO75', 'LEO76', 'LEO83', 'LEO84', 'LEO85', 'LEO86']
sum_con_loads:  317.85
max_con_loads:   82.64
avg_setup_time: 220.81
