******************************************************************************
METIS 5.0 Copyright 1998-13, Regents of the University of Minnesota
 (HEAD: , Built on: Dec 17 2022, 08:18:35)
 size of idx_t: 64bits, real_t: 32bits, idx_t *: 64bits

Graph Information -----------------------------------------------------------
 Name: MetisTopos/241, #Vertices: 72, #Edges: 128, #Parts: 8

Options ---------------------------------------------------------------------
 ptype=kway, objtype=cut, ctype=shem, rtype=greedy, iptype=metisrb
 dbglvl=0, ufactor=1.400, no2hop=NO, minconn=NO, contig=NO, nooutput=NO
 seed=-1, niter=10, ncuts=1

Direct k-way Partitioning ---------------------------------------------------
 - Edgecut: 10449, communication volume: 78.

 - Balance:
     constraint #0:  1.366 out of 0.455

 - Most overweight partition:
     pid: 0, actual: 2100, desired: 1537, ratio: 1.37.

 - Subdomain connectivity: max: 6, min: 3, avg: 4.25

 - Each partition is contiguous.

Timing Information ----------------------------------------------------------
  I/O:          		   0.001 sec
  Partitioning: 		   0.002 sec   (METIS time)
  Reporting:    		   0.000 sec

Memory Information ----------------------------------------------------------
  Max memory used:		   0.071 MB
******************************************************************************
LEO25: ['LEO11', 'LEO12', 'LEO15', 'LEO16', 'LEO17', 'LEO18', 'LEO19', 'LEO25', 'LEO26', 'LEO27', 'LEO28', 'LEO29', 'LEO36', 'LEO37', 'LEO38', 'LEO46', 'LEO47', 'LEO48', 'LEO56', 'LEO57', 'LEO58', 'LEO66', 'LEO67', 'LEO68', 'LEO77']

LEO33: ['LEO13', 'LEO14', 'LEO22', 'LEO23', 'LEO24', 'LEO33', 'LEO42', 'LEO43']

LEO31: ['LEO21', 'LEO31', 'LEO32', 'LEO39', 'LEO41', 'LEO49']

LEO34: ['LEO34', 'LEO35', 'LEO44', 'LEO45']

LEO52: ['LEO51', 'LEO52', 'LEO59', 'LEO61', 'LEO62', 'LEO69']

LEO63: ['LEO53', 'LEO63', 'LEO73', 'LEO82', 'LEO83']

LEO74: ['LEO54', 'LEO55', 'LEO64', 'LEO65', 'LEO74', 'LEO75', 'LEO76', 'LEO84', 'LEO85', 'LEO86', 'LEO87']

LEO71: ['LEO71', 'LEO72', 'LEO78', 'LEO79', 'LEO81', 'LEO88', 'LEO89']

sum_con_loads:  331.75

max_con_loads:   86.38

avg_setup_time: 159.76

