******************************************************************************
METIS 5.0 Copyright 1998-13, Regents of the University of Minnesota
 (HEAD: , Built on: Dec 17 2022, 08:18:35)
 size of idx_t: 64bits, real_t: 32bits, idx_t *: 64bits

Graph Information -----------------------------------------------------------
 Name: MetisTopos/241, #Vertices: 72, #Edges: 128, #Parts: 8

Options ---------------------------------------------------------------------
 ptype=kway, objtype=cut, ctype=shem, rtype=greedy, iptype=metisrb
 dbglvl=0, ufactor=1.500, no2hop=NO, minconn=NO, contig=NO, nooutput=NO
 seed=-1, niter=10, ncuts=1

Direct k-way Partitioning ---------------------------------------------------
 - Edgecut: 8964, communication volume: 91.

 - Balance:
     constraint #0:  1.366 out of 0.455

 - Most overweight partition:
     pid: 7, actual: 2100, desired: 1537, ratio: 1.37.

 - Subdomain connectivity: max: 6, min: 3, avg: 4.75

 - There are 1 non-contiguous partitions.
   Total components after removing the cut edges: 9,
   max components: 2 for pid: 0.

Timing Information ----------------------------------------------------------
  I/O:          		   0.001 sec
  Partitioning: 		   0.002 sec   (METIS time)
  Reporting:    		   0.000 sec

Memory Information ----------------------------------------------------------
  Max memory used:		   0.071 MB
******************************************************************************
LEO22: 26.906156775438763: ['LEO11', 'LEO12', 'LEO13', 'LEO21', 'LEO22']
LEO14: 31.560912317556433: ['LEO14', 'LEO15', 'LEO16', 'LEO17', 'LEO18', 'LEO19', 'LEO27', 'LEO28', 'LEO29', 'LEO31', 'LEO37', 'LEO38', 'LEO39', 'LEO48', 'LEO58', 'LEO68']
LEO33: 61.46368893139552: ['LEO23', 'LEO24', 'LEO25', 'LEO33', 'LEO34', 'LEO43', 'LEO44', 'LEO53', 'LEO54']
LEO36: 24.109499164919395: ['LEO26', 'LEO35', 'LEO36', 'LEO45', 'LEO46', 'LEO47', 'LEO55', 'LEO56', 'LEO57', 'LEO65', 'LEO66', 'LEO75', 'LEO76']
LEO52: 63.83168333435475: ['LEO32', 'LEO42', 'LEO51', 'LEO52', 'LEO61', 'LEO62']
LEO41: 28.69549706885842: ['LEO41', 'LEO49', 'LEO59', 'LEO67', 'LEO69', 'LEO77', 'LEO81', 'LEO87', 'LEO88', 'LEO89']
LEO63: 42.00455176239166: ['LEO63', 'LEO64', 'LEO73', 'LEO74', 'LEO82', 'LEO83', 'LEO84', 'LEO85', 'LEO86']
LEO71: 23.267434330333025: ['LEO71', 'LEO72', 'LEO78', 'LEO79']
sum_con_loads:  301.84
max_con_loads:   63.83
avg_setup_time: 203.55
