******************************************************************************
METIS 5.0 Copyright 1998-13, Regents of the University of Minnesota
 (HEAD: , Built on: Dec 17 2022, 08:18:35)
 size of idx_t: 64bits, real_t: 32bits, idx_t *: 64bits

Graph Information -----------------------------------------------------------
 Name: MetisTopos/241, #Vertices: 72, #Edges: 128, #Parts: 8

Options ---------------------------------------------------------------------
 ptype=kway, objtype=cut, ctype=shem, rtype=greedy, iptype=metisrb
 dbglvl=0, ufactor=1.700, no2hop=NO, minconn=NO, contig=YES, nooutput=NO
 seed=-1, niter=10, ncuts=1

Direct k-way Partitioning ---------------------------------------------------
 - Edgecut: 8679, communication volume: 73.

 - Balance:
     constraint #0:  1.626 out of 0.455

 - Most overweight partition:
     pid: 2, actual: 2500, desired: 1537, ratio: 1.63.

 - Subdomain connectivity: max: 6, min: 3, avg: 4.50

 - Each partition is contiguous.

Timing Information ----------------------------------------------------------
  I/O:          		   0.001 sec
  Partitioning: 		   0.002 sec   (METIS time)
  Reporting:    		   0.000 sec

Memory Information ----------------------------------------------------------
  Max memory used:		   0.071 MB
******************************************************************************
LEO22: 26.906156775438763: ['LEO11', 'LEO12', 'LEO13', 'LEO21', 'LEO22']
LEO14: 25.99168465227558: ['LEO14', 'LEO15', 'LEO16', 'LEO25', 'LEO26']
LEO41: 30.04204569157882: ['LEO17', 'LEO18', 'LEO19', 'LEO27', 'LEO28', 'LEO29', 'LEO31', 'LEO36', 'LEO37', 'LEO38', 'LEO39', 'LEO41', 'LEO46', 'LEO47', 'LEO48', 'LEO49']
LEO33: 62.20745762531377: ['LEO23', 'LEO24', 'LEO33', 'LEO34', 'LEO35', 'LEO43', 'LEO44', 'LEO45', 'LEO53', 'LEO54', 'LEO55']
LEO52: 67.71481497279999: ['LEO32', 'LEO42', 'LEO51', 'LEO52', 'LEO58', 'LEO59', 'LEO61', 'LEO62', 'LEO68', 'LEO69']
LEO75: 20.65717210668805: ['LEO56', 'LEO57', 'LEO65', 'LEO66', 'LEO67', 'LEO75', 'LEO76', 'LEO77', 'LEO78', 'LEO84', 'LEO85', 'LEO86', 'LEO87', 'LEO88']
LEO63: 41.502846341464355: ['LEO63', 'LEO64', 'LEO73', 'LEO74', 'LEO82', 'LEO83']
LEO71: 21.192838493003713: ['LEO71', 'LEO72', 'LEO79', 'LEO81', 'LEO89']
sum_con_loads:  296.22
max_con_loads:   67.71
avg_setup_time: 191.99
