******************************************************************************
METIS 5.0 Copyright 1998-13, Regents of the University of Minnesota
 (HEAD: , Built on: Dec 17 2022, 08:18:35)
 size of idx_t: 64bits, real_t: 32bits, idx_t *: 64bits

Graph Information -----------------------------------------------------------
 Name: MetisTopos/241, #Vertices: 72, #Edges: 128, #Parts: 8

Options ---------------------------------------------------------------------
 ptype=kway, objtype=cut, ctype=shem, rtype=greedy, iptype=metisrb
 dbglvl=0, ufactor=1.900, no2hop=NO, minconn=NO, contig=NO, nooutput=NO
 seed=-1, niter=10, ncuts=1

Direct k-way Partitioning ---------------------------------------------------
 - Edgecut: 8415, communication volume: 79.

 - Balance:
     constraint #0:  1.626 out of 0.455

 - Most overweight partition:
     pid: 4, actual: 2500, desired: 1537, ratio: 1.63.

 - Subdomain connectivity: max: 6, min: 3, avg: 4.50

 - Each partition is contiguous.

Timing Information ----------------------------------------------------------
  I/O:          		   0.001 sec
  Partitioning: 		   0.001 sec   (METIS time)
  Reporting:    		   0.000 sec

Memory Information ----------------------------------------------------------
  Max memory used:		   0.071 MB
******************************************************************************
LEO22: 37.42597476870723: ['LEO11', 'LEO12', 'LEO19', 'LEO21', 'LEO22', 'LEO29', 'LEO31', 'LEO32', 'LEO39']
LEO33: 64.83670005822987: ['LEO13', 'LEO14', 'LEO15', 'LEO23', 'LEO24', 'LEO25', 'LEO33', 'LEO43', 'LEO44', 'LEO53']
LEO58: 23.89769601901247: ['LEO16', 'LEO17', 'LEO18', 'LEO26', 'LEO27', 'LEO28', 'LEO36', 'LEO37', 'LEO38', 'LEO48', 'LEO49', 'LEO58', 'LEO59', 'LEO68', 'LEO69', 'LEO78']
LEO34: 20.243539394075075: ['LEO34', 'LEO35']
LEO52: 61.80496169329702: ['LEO41', 'LEO42', 'LEO51', 'LEO52', 'LEO61', 'LEO62']
LEO64: 21.311965732372244: ['LEO45', 'LEO46', 'LEO47', 'LEO54', 'LEO55', 'LEO56', 'LEO57', 'LEO64', 'LEO65', 'LEO66', 'LEO67', 'LEO74', 'LEO75', 'LEO76', 'LEO77', 'LEO86', 'LEO87']
LEO63: 40.23331337225307: ['LEO63', 'LEO72', 'LEO73', 'LEO83', 'LEO84', 'LEO85']
LEO71: 21.192838493003713: ['LEO71', 'LEO79', 'LEO81', 'LEO82', 'LEO88', 'LEO89']
sum_con_loads:  290.95
max_con_loads:   64.84
avg_setup_time: 188.40
