******************************************************************************
METIS 5.0 Copyright 1998-13, Regents of the University of Minnesota
 (HEAD: , Built on: Dec 17 2022, 08:18:35)
 size of idx_t: 64bits, real_t: 32bits, idx_t *: 64bits

Graph Information -----------------------------------------------------------
 Name: MetisTopos/241, #Vertices: 72, #Edges: 128, #Parts: 8

Options ---------------------------------------------------------------------
 ptype=kway, objtype=cut, ctype=shem, rtype=greedy, iptype=metisrb
 dbglvl=0, ufactor=1.900, no2hop=NO, minconn=NO, contig=YES, nooutput=NO
 seed=-1, niter=10, ncuts=1

Direct k-way Partitioning ---------------------------------------------------
 - Edgecut: 8870, communication volume: 77.

 - Balance:
     constraint #0:  1.821 out of 0.455

 - Most overweight partition:
     pid: 7, actual: 2800, desired: 1537, ratio: 1.82.

 - Subdomain connectivity: max: 5, min: 2, avg: 3.75

 - Each partition is contiguous.

Timing Information ----------------------------------------------------------
  I/O:          		   0.001 sec
  Partitioning: 		   0.002 sec   (METIS time)
  Reporting:    		   0.000 sec

Memory Information ----------------------------------------------------------
  Max memory used:		   0.071 MB
******************************************************************************
LEO31: ['LEO11', 'LEO19', 'LEO21', 'LEO29', 'LEO31', 'LEO39']

LEO33: ['LEO12', 'LEO13', 'LEO14', 'LEO22', 'LEO23', 'LEO24', 'LEO32', 'LEO33', 'LEO34', 'LEO43']

LEO25: ['LEO15', 'LEO16', 'LEO25', 'LEO26', 'LEO35', 'LEO36']

LEO49: ['LEO17', 'LEO18', 'LEO27', 'LEO28', 'LEO37', 'LEO38', 'LEO41', 'LEO46', 'LEO47', 'LEO48', 'LEO49', 'LEO56', 'LEO57', 'LEO58', 'LEO59', 'LEO66', 'LEO67', 'LEO68', 'LEO69', 'LEO76', 'LEO77', 'LEO78', 'LEO86', 'LEO87', 'LEO88']

LEO52: ['LEO42', 'LEO51', 'LEO52', 'LEO61', 'LEO62']

LEO75: ['LEO44', 'LEO45', 'LEO54', 'LEO55', 'LEO65', 'LEO75', 'LEO84', 'LEO85']

LEO63: ['LEO53', 'LEO63', 'LEO64', 'LEO73', 'LEO74', 'LEO82', 'LEO83']

LEO71: ['LEO71', 'LEO72', 'LEO79', 'LEO81', 'LEO89']

sum_con_loads:  299.97

max_con_loads:   72.06

avg_setup_time: 145.29

