******************************************************************************
METIS 5.0 Copyright 1998-13, Regents of the University of Minnesota
 (HEAD: , Built on: Dec 17 2022, 08:18:35)
 size of idx_t: 64bits, real_t: 32bits, idx_t *: 64bits

Graph Information -----------------------------------------------------------
 Name: MetisTopos/848, #Vertices: 72, #Edges: 126, #Parts: 8

Options ---------------------------------------------------------------------
 ptype=kway, objtype=cut, ctype=shem, rtype=greedy, iptype=metisrb
 dbglvl=0, ufactor=1.100, no2hop=NO, minconn=NO, contig=YES, nooutput=NO
 seed=-1, niter=10, ncuts=1

Direct k-way Partitioning ---------------------------------------------------
 - Edgecut: 11125, communication volume: 81.

 - Balance:
     constraint #0:  1.094 out of 0.410

 - Most overweight partition:
     pid: 0, actual: 1600, desired: 1462, ratio: 1.09.

 - Subdomain connectivity: max: 6, min: 3, avg: 4.25

 - Each partition is contiguous.

Timing Information ----------------------------------------------------------
  I/O:          		   0.001 sec
  Partitioning: 		   0.001 sec   (METIS time)
  Reporting:    		   0.000 sec

Memory Information ----------------------------------------------------------
  Max memory used:		   0.071 MB
******************************************************************************
LEO13: 29.316139212012146: ['LEO11', 'LEO12', 'LEO13', 'LEO14', 'LEO18', 'LEO19', 'LEO24']
LEO78: 30.025722121059623: ['LEO15', 'LEO16', 'LEO17', 'LEO25', 'LEO26', 'LEO27', 'LEO35', 'LEO36', 'LEO37', 'LEO45', 'LEO46', 'LEO47', 'LEO55', 'LEO56', 'LEO57', 'LEO65', 'LEO66', 'LEO67', 'LEO75', 'LEO76', 'LEO77', 'LEO78', 'LEO79', 'LEO81', 'LEO86', 'LEO87', 'LEO88', 'LEO89']
LEO31: 34.968426300970414: ['LEO21', 'LEO28', 'LEO29', 'LEO31', 'LEO38', 'LEO39']
LEO33: 44.09523608598508: ['LEO22', 'LEO23', 'LEO33', 'LEO34']
LEO42: 83.59636982403195: ['LEO32', 'LEO41', 'LEO42', 'LEO49', 'LEO51', 'LEO61']
LEO73: 26.873270940468537: ['LEO43', 'LEO44', 'LEO53', 'LEO54', 'LEO63', 'LEO64', 'LEO73', 'LEO74', 'LEO83', 'LEO84', 'LEO85']
LEO59: 34.634816789172554: ['LEO48', 'LEO58', 'LEO59', 'LEO68', 'LEO69']
LEO62: 55.98483587780643: ['LEO52', 'LEO62', 'LEO71', 'LEO72', 'LEO82']
sum_con_loads:  339.49
max_con_loads:   83.60
avg_setup_time: 238.02
