******************************************************************************
METIS 5.0 Copyright 1998-13, Regents of the University of Minnesota
 (HEAD: , Built on: Dec 17 2022, 08:18:35)
 size of idx_t: 64bits, real_t: 32bits, idx_t *: 64bits

Graph Information -----------------------------------------------------------
 Name: MetisTopos/848, #Vertices: 72, #Edges: 126, #Parts: 8

Options ---------------------------------------------------------------------
 ptype=kway, objtype=cut, ctype=shem, rtype=greedy, iptype=metisrb
 dbglvl=0, ufactor=2.100, no2hop=NO, minconn=NO, contig=YES, nooutput=NO
 seed=-1, niter=10, ncuts=1

Direct k-way Partitioning ---------------------------------------------------
 - Edgecut: 8406, communication volume: 80.

 - Balance:
     constraint #0:  2.051 out of 0.410

 - Most overweight partition:
     pid: 7, actual: 3000, desired: 1462, ratio: 2.05.

 - Subdomain connectivity: max: 6, min: 2, avg: 4.25

 - Each partition is contiguous.

Timing Information ----------------------------------------------------------
  I/O:          		   0.001 sec
  Partitioning: 		   0.002 sec   (METIS time)
  Reporting:    		   0.000 sec

Memory Information ----------------------------------------------------------
  Max memory used:		   0.071 MB
******************************************************************************
LEO32: 72.56539879845492: ['LEO11', 'LEO12', 'LEO13', 'LEO21', 'LEO22', 'LEO23', 'LEO31', 'LEO32', 'LEO33', 'LEO42', 'LEO52']
LEO24: 16.14244294013731: ['LEO14', 'LEO15', 'LEO24', 'LEO25']
LEO39: 33.525388501567924: ['LEO16', 'LEO17', 'LEO18', 'LEO19', 'LEO26', 'LEO27', 'LEO28', 'LEO29', 'LEO34', 'LEO35', 'LEO36', 'LEO37', 'LEO38', 'LEO39']
LEO51: 46.632919629623984: ['LEO41', 'LEO48', 'LEO49', 'LEO51', 'LEO58', 'LEO59']
LEO63: 25.816808380251842: ['LEO43', 'LEO44', 'LEO45', 'LEO46', 'LEO47', 'LEO53', 'LEO54', 'LEO55', 'LEO56', 'LEO57', 'LEO63', 'LEO64', 'LEO65', 'LEO73', 'LEO74', 'LEO75', 'LEO76']
LEO62: 58.92546395990672: ['LEO61', 'LEO62', 'LEO69', 'LEO71', 'LEO72', 'LEO79']
LEO78: 13.84586276448188: ['LEO66', 'LEO67', 'LEO68', 'LEO77', 'LEO78', 'LEO81', 'LEO87', 'LEO88', 'LEO89']
LEO82: 17.636802416000357: ['LEO82', 'LEO83', 'LEO84', 'LEO85', 'LEO86']
sum_con_loads:  285.09
max_con_loads:   72.57
avg_setup_time: 219.49
