******************************************************************************
METIS 5.0 Copyright 1998-13, Regents of the University of Minnesota
 (HEAD: , Built on: Dec 17 2022, 08:18:35)
 size of idx_t: 64bits, real_t: 32bits, idx_t *: 64bits

Graph Information -----------------------------------------------------------
 Name: MetisTopos/848, #Vertices: 72, #Edges: 126, #Parts: 8

Options ---------------------------------------------------------------------
 ptype=kway, objtype=cut, ctype=shem, rtype=greedy, iptype=metisrb
 dbglvl=0, ufactor=2.200, no2hop=NO, minconn=NO, contig=NO, nooutput=NO
 seed=-1, niter=10, ncuts=1

Direct k-way Partitioning ---------------------------------------------------
 - Edgecut: 7571, communication volume: 78.

 - Balance:
     constraint #0:  2.188 out of 0.410

 - Most overweight partition:
     pid: 7, actual: 3200, desired: 1462, ratio: 2.19.

 - Subdomain connectivity: max: 6, min: 0, avg: 3.75

 - There are 0 non-contiguous partitions.
   Total components after removing the cut edges: 7,
   max components: 1 for pid: 0.

Timing Information ----------------------------------------------------------
  I/O:          		   0.001 sec
  Partitioning: 		   0.001 sec   (METIS time)
  Reporting:    		   0.000 sec

Memory Information ----------------------------------------------------------
  Max memory used:		   0.071 MB
******************************************************************************
LEO13: 21.368403813212364: ['LEO11', 'LEO12', 'LEO13', 'LEO14', 'LEO15', 'LEO16', 'LEO17', 'LEO18', 'LEO19']
LEO42: 89.00538950391172: ['LEO21', 'LEO22', 'LEO23', 'LEO31', 'LEO32', 'LEO33', 'LEO41', 'LEO42', 'LEO43', 'LEO51', 'LEO52', 'LEO53', 'LEO61', 'LEO62']
LEO34: 20.086286432127455: ['LEO24', 'LEO25', 'LEO34', 'LEO35', 'LEO36']
LEO63: 25.34453920874469: ['LEO26', 'LEO27', 'LEO37', 'LEO44', 'LEO45', 'LEO46', 'LEO47', 'LEO54', 'LEO55', 'LEO56', 'LEO57', 'LEO63', 'LEO64', 'LEO65', 'LEO66', 'LEO73', 'LEO74', 'LEO75']
LEO49: 45.41584252113863: ['LEO28', 'LEO29', 'LEO38', 'LEO39', 'LEO48', 'LEO49', 'LEO58', 'LEO59']
LEO78: 13.84586276448188: ['LEO67', 'LEO68', 'LEO76', 'LEO77', 'LEO78', 'LEO86', 'LEO87', 'LEO88']
LEO72: 53.55232393814143: ['LEO69', 'LEO71', 'LEO72', 'LEO79', 'LEO81', 'LEO82', 'LEO83', 'LEO84', 'LEO85', 'LEO89']
sum_con_loads:  268.62
max_con_loads:   89.01
avg_setup_time: 260.67
