******************************************************************************
METIS 5.0 Copyright 1998-13, Regents of the University of Minnesota
 (HEAD: , Built on: Dec 17 2022, 08:18:35)
 size of idx_t: 64bits, real_t: 32bits, idx_t *: 64bits

Graph Information -----------------------------------------------------------
 Name: MetisTopos/848, #Vertices: 72, #Edges: 126, #Parts: 8

Options ---------------------------------------------------------------------
 ptype=kway, objtype=cut, ctype=shem, rtype=greedy, iptype=metisrb
 dbglvl=0, ufactor=2.200, no2hop=NO, minconn=NO, contig=YES, nooutput=NO
 seed=-1, niter=10, ncuts=1

Direct k-way Partitioning ---------------------------------------------------
 - Edgecut: 7675, communication volume: 82.

 - Balance:
     constraint #0:  2.188 out of 0.410

 - Most overweight partition:
     pid: 7, actual: 3200, desired: 1462, ratio: 2.19.

 - Subdomain connectivity: max: 6, min: 0, avg: 3.50

 - There are 0 non-contiguous partitions.
   Total components after removing the cut edges: 7,
   max components: 1 for pid: 0.

Timing Information ----------------------------------------------------------
  I/O:          		   0.001 sec
  Partitioning: 		   0.001 sec   (METIS time)
  Reporting:    		   0.000 sec

Memory Information ----------------------------------------------------------
  Max memory used:		   0.071 MB
******************************************************************************
LEO13: 21.368403813212364: ['LEO11', 'LEO12', 'LEO13', 'LEO14', 'LEO15', 'LEO16', 'LEO17', 'LEO18', 'LEO19']
LEO32: 80.02008088514184: ['LEO21', 'LEO22', 'LEO23', 'LEO28', 'LEO29', 'LEO31', 'LEO32', 'LEO33', 'LEO41', 'LEO42', 'LEO43', 'LEO52']
LEO34: 24.07752527259379: ['LEO24', 'LEO25', 'LEO26', 'LEO27', 'LEO34', 'LEO35', 'LEO36', 'LEO37', 'LEO44', 'LEO45', 'LEO46', 'LEO47', 'LEO55', 'LEO56', 'LEO57', 'LEO65', 'LEO66', 'LEO75']
LEO49: 22.156485247859784: ['LEO38', 'LEO39', 'LEO48', 'LEO49']
LEO59: 45.864957686038665: ['LEO51', 'LEO58', 'LEO59', 'LEO61', 'LEO67', 'LEO68', 'LEO69', 'LEO76', 'LEO77', 'LEO86', 'LEO87']
LEO72: 59.37306438531277: ['LEO53', 'LEO54', 'LEO62', 'LEO63', 'LEO64', 'LEO71', 'LEO72', 'LEO73', 'LEO74', 'LEO78', 'LEO79']
LEO82: 17.636802416000357: ['LEO81', 'LEO82', 'LEO83', 'LEO84', 'LEO85', 'LEO88', 'LEO89']
sum_con_loads:  270.50
max_con_loads:   80.02
avg_setup_time: 220.28
