******************************************************************************
METIS 5.0 Copyright 1998-13, Regents of the University of Minnesota
 (HEAD: , Built on: Dec 17 2022, 08:18:35)
 size of idx_t: 64bits, real_t: 32bits, idx_t *: 64bits

Graph Information -----------------------------------------------------------
 Name: MetisTopos/848, #Vertices: 72, #Edges: 126, #Parts: 8

Options ---------------------------------------------------------------------
 ptype=kway, objtype=cut, ctype=shem, rtype=greedy, iptype=metisrb
 dbglvl=0, ufactor=2.300, no2hop=NO, minconn=NO, contig=NO, nooutput=NO
 seed=-1, niter=10, ncuts=1

Direct k-way Partitioning ---------------------------------------------------
 - Edgecut: 8046, communication volume: 71.

 - Balance:
     constraint #0:  2.188 out of 0.410

 - Most overweight partition:
     pid: 6, actual: 3200, desired: 1462, ratio: 2.19.

 - Subdomain connectivity: max: 6, min: 2, avg: 3.50

 - Each partition is contiguous.

Timing Information ----------------------------------------------------------
  I/O:          		   0.001 sec
  Partitioning: 		   0.001 sec   (METIS time)
  Reporting:    		   0.000 sec

Memory Information ----------------------------------------------------------
  Max memory used:		   0.071 MB
******************************************************************************
LEO21: 23.822559682559344: ['LEO11', 'LEO21']
LEO23: 31.28439765130419: ['LEO12', 'LEO13', 'LEO22', 'LEO23']
LEO24: 16.14244294013731: ['LEO14', 'LEO24']
LEO38: 19.476209004993468: ['LEO15', 'LEO16', 'LEO17', 'LEO25', 'LEO26', 'LEO27', 'LEO36', 'LEO37', 'LEO38', 'LEO39', 'LEO46', 'LEO47', 'LEO48', 'LEO55', 'LEO56', 'LEO57', 'LEO65', 'LEO66', 'LEO67', 'LEO75', 'LEO76', 'LEO77', 'LEO86', 'LEO87']
LEO29: 9.976858496369045: ['LEO18', 'LEO19', 'LEO28', 'LEO29']
LEO42: 88.0536330300002: ['LEO31', 'LEO32', 'LEO33', 'LEO34', 'LEO35', 'LEO41', 'LEO42', 'LEO43', 'LEO44', 'LEO45', 'LEO51', 'LEO52', 'LEO53', 'LEO54', 'LEO61', 'LEO62', 'LEO63', 'LEO64']
LEO59: 30.019775782953445: ['LEO49', 'LEO58', 'LEO59']
LEO72: 59.24785208272907: ['LEO68', 'LEO69', 'LEO71', 'LEO72', 'LEO73', 'LEO74', 'LEO78', 'LEO79', 'LEO81', 'LEO82', 'LEO83', 'LEO84', 'LEO85', 'LEO88', 'LEO89']
sum_con_loads:  278.02
max_con_loads:   88.05
avg_setup_time: 241.71
