******************************************************************************
METIS 5.0 Copyright 1998-13, Regents of the University of Minnesota
 (HEAD: , Built on: Dec 17 2022, 08:18:35)
 size of idx_t: 64bits, real_t: 32bits, idx_t *: 64bits

Graph Information -----------------------------------------------------------
 Name: MetisTopos/848, #Vertices: 72, #Edges: 126, #Parts: 8

Options ---------------------------------------------------------------------
 ptype=kway, objtype=cut, ctype=shem, rtype=greedy, iptype=metisrb
 dbglvl=0, ufactor=2.600, no2hop=NO, minconn=NO, contig=NO, nooutput=NO
 seed=-1, niter=10, ncuts=1

Direct k-way Partitioning ---------------------------------------------------
 - Edgecut: 6955, communication volume: 66.

 - Balance:
     constraint #0:  2.598 out of 0.410

 - Most overweight partition:
     pid: 7, actual: 3800, desired: 1462, ratio: 2.60.

 - Subdomain connectivity: max: 6, min: 0, avg: 3.75

 - There are 0 non-contiguous partitions.
   Total components after removing the cut edges: 7,
   max components: 1 for pid: 1.

Timing Information ----------------------------------------------------------
  I/O:          		   0.001 sec
  Partitioning: 		   0.001 sec   (METIS time)
  Reporting:    		   0.000 sec

Memory Information ----------------------------------------------------------
  Max memory used:		   0.071 MB
******************************************************************************
LEO31: 35.285030214563555: ['LEO11', 'LEO12', 'LEO18', 'LEO19', 'LEO21', 'LEO28', 'LEO29', 'LEO31', 'LEO38', 'LEO39']
LEO13: 17.639761222667822: ['LEO13', 'LEO14']
LEO34: 22.268491126240576: ['LEO15', 'LEO16', 'LEO17', 'LEO24', 'LEO25', 'LEO26', 'LEO27', 'LEO34', 'LEO35', 'LEO36', 'LEO37']
LEO42: 91.86051474881184: ['LEO22', 'LEO23', 'LEO32', 'LEO33', 'LEO41', 'LEO42', 'LEO49', 'LEO51', 'LEO52', 'LEO59', 'LEO61', 'LEO69']
LEO62: 52.1655536717509: ['LEO43', 'LEO44', 'LEO45', 'LEO53', 'LEO54', 'LEO55', 'LEO62', 'LEO63', 'LEO64', 'LEO65', 'LEO71', 'LEO72', 'LEO73', 'LEO74', 'LEO75', 'LEO81', 'LEO82', 'LEO83', 'LEO84', 'LEO85', 'LEO86', 'LEO87', 'LEO88', 'LEO89']
LEO58: 16.42533348458361: ['LEO46', 'LEO47', 'LEO48', 'LEO56', 'LEO57', 'LEO58', 'LEO66', 'LEO67', 'LEO68', 'LEO76', 'LEO77']
LEO79: 20.279968284893272: ['LEO78', 'LEO79']
sum_con_loads:  255.92
max_con_loads:   91.86
avg_setup_time: 270.09
