******************************************************************************
METIS 5.0 Copyright 1998-13, Regents of the University of Minnesota
 (HEAD: , Built on: Dec 17 2022, 08:18:35)
 size of idx_t: 64bits, real_t: 32bits, idx_t *: 64bits

Graph Information -----------------------------------------------------------
 Name: MetisTopos/848, #Vertices: 72, #Edges: 126, #Parts: 8

Options ---------------------------------------------------------------------
 ptype=kway, objtype=cut, ctype=shem, rtype=greedy, iptype=metisrb
 dbglvl=0, ufactor=3.000, no2hop=NO, minconn=NO, contig=NO, nooutput=NO
 seed=-1, niter=10, ncuts=1

Direct k-way Partitioning ---------------------------------------------------
 - Edgecut: 6446, communication volume: 63.

 - Balance:
     constraint #0:  2.940 out of 0.410

 - Most overweight partition:
     pid: 7, actual: 4300, desired: 1462, ratio: 2.94.

 - Subdomain connectivity: max: 5, min: 0, avg: 3.00

 - There are 0 non-contiguous partitions.
   Total components after removing the cut edges: 6,
   max components: 1 for pid: 0.

Timing Information ----------------------------------------------------------
  I/O:          		   0.001 sec
  Partitioning: 		   0.001 sec   (METIS time)
  Reporting:    		   0.000 sec

Memory Information ----------------------------------------------------------
  Max memory used:		   0.071 MB
******************************************************************************
LEO21: 30.648326314489122: ['LEO11', 'LEO18', 'LEO19', 'LEO21', 'LEO28', 'LEO29', 'LEO31']
LEO13: 17.639761222667822: ['LEO12', 'LEO13', 'LEO14', 'LEO15']
LEO73: 48.639262851899076: ['LEO16', 'LEO17', 'LEO26', 'LEO27', 'LEO37', 'LEO47', 'LEO48', 'LEO53', 'LEO54', 'LEO55', 'LEO56', 'LEO57', 'LEO58', 'LEO63', 'LEO64', 'LEO65', 'LEO66', 'LEO67', 'LEO68', 'LEO73', 'LEO74', 'LEO75', 'LEO76', 'LEO77', 'LEO78', 'LEO83', 'LEO84', 'LEO85', 'LEO86', 'LEO87', 'LEO88']
LEO33: 48.99131653154564: ['LEO22', 'LEO23', 'LEO24', 'LEO25', 'LEO33', 'LEO34', 'LEO35', 'LEO36', 'LEO43', 'LEO44', 'LEO45', 'LEO46']
LEO52: 88.6736174012682: ['LEO32', 'LEO41', 'LEO42', 'LEO49', 'LEO51', 'LEO52', 'LEO59', 'LEO61', 'LEO62', 'LEO69', 'LEO71', 'LEO72', 'LEO79', 'LEO81', 'LEO82', 'LEO89']
LEO38: 11.316977059938935: ['LEO38', 'LEO39']
sum_con_loads:  245.91
max_con_loads:   88.67
avg_setup_time: 256.97
