******************************************************************************
METIS 5.0 Copyright 1998-13, Regents of the University of Minnesota
 (HEAD: , Built on: Dec 17 2022, 08:18:35)
 size of idx_t: 64bits, real_t: 32bits, idx_t *: 64bits

Graph Information -----------------------------------------------------------
 Name: MetisTopos/848, #Vertices: 72, #Edges: 126, #Parts: 8

Options ---------------------------------------------------------------------
 ptype=kway, objtype=cut, ctype=shem, rtype=greedy, iptype=metisrb
 dbglvl=0, ufactor=3.100, no2hop=NO, minconn=NO, contig=YES, nooutput=NO
 seed=-1, niter=10, ncuts=1

Direct k-way Partitioning ---------------------------------------------------
 - Edgecut: 6382, communication volume: 72.

 - Balance:
     constraint #0:  3.009 out of 0.410

 - Most overweight partition:
     pid: 7, actual: 4400, desired: 1462, ratio: 3.01.

 - Subdomain connectivity: max: 6, min: 0, avg: 3.75

 - There are 0 non-contiguous partitions.
   Total components after removing the cut edges: 7,
   max components: 1 for pid: 1.

Timing Information ----------------------------------------------------------
  I/O:          		   0.001 sec
  Partitioning: 		   0.001 sec   (METIS time)
  Reporting:    		   0.000 sec

Memory Information ----------------------------------------------------------
  Max memory used:		   0.071 MB
******************************************************************************
LEO31: 35.285030214563555: ['LEO11', 'LEO12', 'LEO18', 'LEO19', 'LEO21', 'LEO22', 'LEO28', 'LEO29', 'LEO31', 'LEO38', 'LEO39']
LEO23: 35.539902515812514: ['LEO13', 'LEO14', 'LEO15', 'LEO23', 'LEO24', 'LEO25']
LEO58: 15.394821007929856: ['LEO16', 'LEO17', 'LEO26', 'LEO27', 'LEO36', 'LEO37', 'LEO47', 'LEO48', 'LEO56', 'LEO57', 'LEO58', 'LEO68']
LEO52: 94.68464293754847: ['LEO32', 'LEO33', 'LEO41', 'LEO42', 'LEO43', 'LEO49', 'LEO51', 'LEO52', 'LEO53', 'LEO59', 'LEO61', 'LEO62', 'LEO69', 'LEO71', 'LEO72', 'LEO82']
LEO34: 22.733712775355812: ['LEO34', 'LEO35', 'LEO44', 'LEO45', 'LEO46', 'LEO54', 'LEO63', 'LEO64']
LEO74: 20.58025568460049: ['LEO55', 'LEO65', 'LEO66', 'LEO67', 'LEO73', 'LEO74', 'LEO75', 'LEO76', 'LEO77', 'LEO83', 'LEO84', 'LEO85', 'LEO86', 'LEO87']
LEO79: 20.279968284893272: ['LEO78', 'LEO79', 'LEO81', 'LEO88', 'LEO89']
sum_con_loads:  244.50
max_con_loads:   94.68
avg_setup_time: 325.48
