******************************************************************************
METIS 5.0 Copyright 1998-13, Regents of the University of Minnesota
 (HEAD: , Built on: Dec 17 2022, 08:18:35)
 size of idx_t: 64bits, real_t: 32bits, idx_t *: 64bits

Graph Information -----------------------------------------------------------
 Name: MetisTopos/848, #Vertices: 72, #Edges: 126, #Parts: 8

Options ---------------------------------------------------------------------
 ptype=kway, objtype=cut, ctype=shem, rtype=greedy, iptype=metisrb
 dbglvl=0, ufactor=3.200, no2hop=NO, minconn=NO, contig=YES, nooutput=NO
 seed=-1, niter=10, ncuts=1

Direct k-way Partitioning ---------------------------------------------------
 - Edgecut: 5831, communication volume: 66.

 - Balance:
     constraint #0:  3.077 out of 0.410

 - Most overweight partition:
     pid: 7, actual: 4500, desired: 1462, ratio: 3.08.

 - Subdomain connectivity: max: 4, min: 0, avg: 2.00

 - There are 0 non-contiguous partitions.
   Total components after removing the cut edges: 5,
   max components: 1 for pid: 0.

Timing Information ----------------------------------------------------------
  I/O:          		   0.001 sec
  Partitioning: 		   0.001 sec   (METIS time)
  Reporting:    		   0.000 sec

Memory Information ----------------------------------------------------------
  Max memory used:		   0.071 MB
******************************************************************************
LEO13: 21.368403813212364: ['LEO11', 'LEO12', 'LEO13', 'LEO14', 'LEO15', 'LEO18', 'LEO19']
LEO49: 46.54908830319488: ['LEO16', 'LEO17', 'LEO24', 'LEO25', 'LEO26', 'LEO27', 'LEO37', 'LEO38', 'LEO39', 'LEO46', 'LEO47', 'LEO48', 'LEO49', 'LEO56', 'LEO57', 'LEO58', 'LEO59']
LEO42: 95.18431314421575: ['LEO21', 'LEO22', 'LEO23', 'LEO28', 'LEO29', 'LEO31', 'LEO32', 'LEO33', 'LEO41', 'LEO42', 'LEO43', 'LEO51', 'LEO52', 'LEO61', 'LEO62', 'LEO71', 'LEO72', 'LEO81', 'LEO82']
LEO34: 12.669107973568048: ['LEO34', 'LEO35', 'LEO36', 'LEO44', 'LEO45']
LEO79: 57.94075385619867: ['LEO53', 'LEO54', 'LEO55', 'LEO63', 'LEO64', 'LEO65', 'LEO66', 'LEO67', 'LEO68', 'LEO69', 'LEO73', 'LEO74', 'LEO75', 'LEO76', 'LEO77', 'LEO78', 'LEO79', 'LEO83', 'LEO84', 'LEO85', 'LEO86', 'LEO87', 'LEO88', 'LEO89']
sum_con_loads:  233.71
max_con_loads:   95.18
avg_setup_time: 370.02
