******************************************************************************
METIS 5.0 Copyright 1998-13, Regents of the University of Minnesota
 (HEAD: , Built on: Dec 17 2022, 08:18:35)
 size of idx_t: 64bits, real_t: 32bits, idx_t *: 64bits

Graph Information -----------------------------------------------------------
 Name: MetisTopos/848, #Vertices: 72, #Edges: 126, #Parts: 8

Options ---------------------------------------------------------------------
 ptype=kway, objtype=cut, ctype=shem, rtype=greedy, iptype=metisrb
 dbglvl=0, ufactor=3.400, no2hop=NO, minconn=NO, contig=YES, nooutput=NO
 seed=-1, niter=10, ncuts=1

Direct k-way Partitioning ---------------------------------------------------
 - Edgecut: 6278, communication volume: 67.

 - Balance:
     constraint #0:  3.350 out of 0.410

 - Most overweight partition:
     pid: 7, actual: 4900, desired: 1462, ratio: 3.35.

 - Subdomain connectivity: max: 6, min: 0, avg: 2.50

 - There are 0 non-contiguous partitions.
   Total components after removing the cut edges: 7,
   max components: 1 for pid: 1.

Timing Information ----------------------------------------------------------
  I/O:          		   0.001 sec
  Partitioning: 		   0.001 sec   (METIS time)
  Reporting:    		   0.000 sec

Memory Information ----------------------------------------------------------
  Max memory used:		   0.073 MB
******************************************************************************
LEO21: 25.961591289607497: ['LEO11', 'LEO17', 'LEO18', 'LEO19', 'LEO21', 'LEO22', 'LEO28', 'LEO29']
LEO23: 35.539902515812514: ['LEO12', 'LEO13', 'LEO14', 'LEO15', 'LEO16', 'LEO23', 'LEO24', 'LEO25', 'LEO26']
LEO42: 104.67763728006912: ['LEO27', 'LEO31', 'LEO32', 'LEO33', 'LEO34', 'LEO35', 'LEO36', 'LEO37', 'LEO38', 'LEO39', 'LEO41', 'LEO42', 'LEO44', 'LEO45', 'LEO46', 'LEO47', 'LEO48', 'LEO49', 'LEO51', 'LEO52', 'LEO54', 'LEO59', 'LEO61', 'LEO62', 'LEO71', 'LEO72', 'LEO82']
LEO63: 11.920506057711819: ['LEO43', 'LEO53', 'LEO63']
LEO58: 16.670167514429085: ['LEO55', 'LEO56', 'LEO57', 'LEO58', 'LEO65', 'LEO66', 'LEO67', 'LEO68', 'LEO75', 'LEO76', 'LEO77', 'LEO86', 'LEO87']
LEO73: 16.10493175045069: ['LEO64', 'LEO73', 'LEO74', 'LEO83', 'LEO84', 'LEO85']
LEO79: 31.574287319270592: ['LEO69', 'LEO78', 'LEO79', 'LEO81', 'LEO88', 'LEO89']
sum_con_loads:  242.45
max_con_loads:  104.68
avg_setup_time: 165.72
