******************************************************************************
METIS 5.0 Copyright 1998-13, Regents of the University of Minnesota
 (HEAD: , Built on: Dec 17 2022, 08:18:35)
 size of idx_t: 64bits, real_t: 32bits, idx_t *: 64bits

Graph Information -----------------------------------------------------------
 Name: MetisTopos/848, #Vertices: 72, #Edges: 126, #Parts: 8

Options ---------------------------------------------------------------------
 ptype=kway, objtype=cut, ctype=shem, rtype=greedy, iptype=metisrb
 dbglvl=0, ufactor=3.500, no2hop=NO, minconn=NO, contig=YES, nooutput=NO
 seed=-1, niter=10, ncuts=1

Direct k-way Partitioning ---------------------------------------------------
 - Edgecut: 5614, communication volume: 63.

 - Balance:
     constraint #0:  3.487 out of 0.410

 - Most overweight partition:
     pid: 7, actual: 5100, desired: 1462, ratio: 3.49.

 - Subdomain connectivity: max: 5, min: 0, avg: 2.00

 - There are 0 non-contiguous partitions.
   Total components after removing the cut edges: 6,
   max components: 1 for pid: 0.

Timing Information ----------------------------------------------------------
  I/O:          		   0.001 sec
  Partitioning: 		   0.001 sec   (METIS time)
  Reporting:    		   0.000 sec

Memory Information ----------------------------------------------------------
  Max memory used:		   0.071 MB
******************************************************************************
LEO21: 70.21116814594988: ['LEO11', 'LEO12', 'LEO13', 'LEO14', 'LEO15', 'LEO16', 'LEO17', 'LEO18', 'LEO19', 'LEO21', 'LEO22', 'LEO24', 'LEO25', 'LEO28', 'LEO29', 'LEO31', 'LEO38', 'LEO39', 'LEO41', 'LEO48', 'LEO49']
LEO52: 105.17664910861544: ['LEO23', 'LEO26', 'LEO27', 'LEO32', 'LEO33', 'LEO34', 'LEO35', 'LEO36', 'LEO37', 'LEO42', 'LEO44', 'LEO45', 'LEO46', 'LEO47', 'LEO51', 'LEO52', 'LEO54', 'LEO55', 'LEO56', 'LEO57', 'LEO58', 'LEO59', 'LEO61', 'LEO62', 'LEO64', 'LEO65', 'LEO66', 'LEO67', 'LEO68', 'LEO69', 'LEO71', 'LEO72', 'LEO75', 'LEO82']
LEO63: 11.920506057711819: ['LEO43', 'LEO53', 'LEO63']
LEO74: 10.242366015166038: ['LEO73', 'LEO74']
LEO83: 11.31533327845701: ['LEO76', 'LEO77', 'LEO83', 'LEO84', 'LEO85', 'LEO86', 'LEO87']
LEO79: 20.279968284893272: ['LEO78', 'LEO79', 'LEO81', 'LEO88', 'LEO89']
sum_con_loads:  229.15
max_con_loads:  105.18
avg_setup_time: 201.18
