******************************************************************************
METIS 5.0 Copyright 1998-13, Regents of the University of Minnesota
 (HEAD: , Built on: Dec 17 2022, 08:18:35)
 size of idx_t: 64bits, real_t: 32bits, idx_t *: 64bits

Graph Information -----------------------------------------------------------
 Name: MetisTopos/848, #Vertices: 72, #Edges: 126, #Parts: 8

Options ---------------------------------------------------------------------
 ptype=kway, objtype=cut, ctype=shem, rtype=greedy, iptype=metisrb
 dbglvl=0, ufactor=3.600, no2hop=NO, minconn=NO, contig=YES, nooutput=NO
 seed=-1, niter=10, ncuts=1

Direct k-way Partitioning ---------------------------------------------------
 - Edgecut: 6278, communication volume: 68.

 - Balance:
     constraint #0:  3.487 out of 0.410

 - Most overweight partition:
     pid: 7, actual: 5100, desired: 1462, ratio: 3.49.

 - Subdomain connectivity: max: 5, min: 0, avg: 2.50

 - There are 0 non-contiguous partitions.
   Total components after removing the cut edges: 6,
   max components: 1 for pid: 1.

Timing Information ----------------------------------------------------------
  I/O:          		   0.001 sec
  Partitioning: 		   0.001 sec   (METIS time)
  Reporting:    		   0.000 sec

Memory Information ----------------------------------------------------------
  Max memory used:		   0.074 MB
******************************************************************************
LEO11: 35.52029484807565: ['LEO11', 'LEO12', 'LEO13', 'LEO14', 'LEO15', 'LEO16', 'LEO17', 'LEO18', 'LEO19', 'LEO25', 'LEO26', 'LEO27', 'LEO37', 'LEO47', 'LEO56', 'LEO57', 'LEO58', 'LEO66', 'LEO67', 'LEO68']
LEO31: 48.27540806775552: ['LEO21', 'LEO22', 'LEO28', 'LEO29', 'LEO31', 'LEO38', 'LEO39', 'LEO41', 'LEO48', 'LEO49']
LEO23: 29.692346151729062: ['LEO23', 'LEO24']
LEO52: 98.6297233952174: ['LEO32', 'LEO33', 'LEO42', 'LEO43', 'LEO44', 'LEO51', 'LEO52', 'LEO53', 'LEO54', 'LEO55', 'LEO59', 'LEO61', 'LEO62', 'LEO63', 'LEO64', 'LEO65', 'LEO69', 'LEO71', 'LEO72', 'LEO73', 'LEO74', 'LEO75', 'LEO76', 'LEO77', 'LEO78', 'LEO79']
LEO34: 12.669107973568048: ['LEO34', 'LEO35', 'LEO36', 'LEO45', 'LEO46']
LEO82: 17.636802416000357: ['LEO81', 'LEO82', 'LEO83', 'LEO84', 'LEO85', 'LEO86', 'LEO87', 'LEO88', 'LEO89']
sum_con_loads:  242.42
max_con_loads:   98.63
avg_setup_time: 802.68
