******************************************************************************
METIS 5.0 Copyright 1998-13, Regents of the University of Minnesota
 (HEAD: , Built on: Dec 17 2022, 08:18:35)
 size of idx_t: 64bits, real_t: 32bits, idx_t *: 64bits

Graph Information -----------------------------------------------------------
 Name: MetisTopos/848, #Vertices: 72, #Edges: 126, #Parts: 8

Options ---------------------------------------------------------------------
 ptype=kway, objtype=cut, ctype=shem, rtype=greedy, iptype=metisrb
 dbglvl=0, ufactor=1.300, no2hop=NO, minconn=NO, contig=YES, nooutput=NO
 seed=-1, niter=10, ncuts=1

Direct k-way Partitioning ---------------------------------------------------
 - Edgecut: 8773, communication volume: 78.

 - Balance:
     constraint #0:  1.231 out of 0.410

 - Most overweight partition:
     pid: 0, actual: 1800, desired: 1462, ratio: 1.23.

 - Subdomain connectivity: max: 5, min: 4, avg: 4.50

 - Each partition is contiguous.

Timing Information ----------------------------------------------------------
  I/O:          		   0.001 sec
  Partitioning: 		   0.002 sec   (METIS time)
  Reporting:    		   0.000 sec

Memory Information ----------------------------------------------------------
  Max memory used:		   0.071 MB
******************************************************************************
LEO31: 40.83875972810603: ['LEO11', 'LEO18', 'LEO19', 'LEO21', 'LEO28', 'LEO29', 'LEO31', 'LEO41']
LEO13: 25.587496621467608: ['LEO12', 'LEO13', 'LEO14', 'LEO24']
LEO49: 29.33990440081844: ['LEO15', 'LEO16', 'LEO17', 'LEO25', 'LEO26', 'LEO27', 'LEO35', 'LEO36', 'LEO37', 'LEO38', 'LEO39', 'LEO46', 'LEO47', 'LEO48', 'LEO49', 'LEO56', 'LEO57']
LEO32: 58.88292118233072: ['LEO22', 'LEO23', 'LEO32', 'LEO33', 'LEO42', 'LEO43', 'LEO52']
LEO63: 29.735318188379967: ['LEO34', 'LEO44', 'LEO45', 'LEO53', 'LEO54', 'LEO55', 'LEO63', 'LEO64', 'LEO65', 'LEO66', 'LEO73', 'LEO74', 'LEO75']
LEO51: 41.153181997071286: ['LEO51', 'LEO58', 'LEO59', 'LEO61', 'LEO68', 'LEO69']
LEO62: 43.69294741412331: ['LEO62', 'LEO71', 'LEO72', 'LEO82', 'LEO83', 'LEO84', 'LEO85']
LEO79: 23.200050453397512: ['LEO67', 'LEO76', 'LEO77', 'LEO78', 'LEO79', 'LEO81', 'LEO86', 'LEO87', 'LEO88', 'LEO89']
sum_con_loads:  292.43
max_con_loads:   58.88
avg_setup_time: 199.15
