******************************************************************************
METIS 5.0 Copyright 1998-13, Regents of the University of Minnesota
 (HEAD: , Built on: Dec 17 2022, 08:18:35)
 size of idx_t: 64bits, real_t: 32bits, idx_t *: 64bits

Graph Information -----------------------------------------------------------
 Name: MetisTopos/848, #Vertices: 72, #Edges: 126, #Parts: 8

Options ---------------------------------------------------------------------
 ptype=kway, objtype=cut, ctype=shem, rtype=greedy, iptype=metisrb
 dbglvl=0, ufactor=1.500, no2hop=NO, minconn=NO, contig=YES, nooutput=NO
 seed=-1, niter=10, ncuts=1

Direct k-way Partitioning ---------------------------------------------------
 - Edgecut: 8429, communication volume: 81.

 - Balance:
     constraint #0:  1.436 out of 0.410

 - Most overweight partition:
     pid: 7, actual: 2100, desired: 1462, ratio: 1.44.

 - Subdomain connectivity: max: 6, min: 3, avg: 4.50

 - Each partition is contiguous.

Timing Information ----------------------------------------------------------
  I/O:          		   0.001 sec
  Partitioning: 		   0.002 sec   (METIS time)
  Reporting:    		   0.000 sec

Memory Information ----------------------------------------------------------
  Max memory used:		   0.071 MB
******************************************************************************
LEO21: 30.648326314489122: ['LEO11', 'LEO12', 'LEO18', 'LEO19', 'LEO21', 'LEO22', 'LEO28', 'LEO29', 'LEO31']
LEO14: 33.32778164650952: ['LEO13', 'LEO14', 'LEO15', 'LEO16', 'LEO17', 'LEO25', 'LEO26', 'LEO27', 'LEO34', 'LEO35', 'LEO36', 'LEO37', 'LEO46', 'LEO47', 'LEO56', 'LEO57']
LEO32: 61.54625697650695: ['LEO23', 'LEO24', 'LEO32', 'LEO33', 'LEO42', 'LEO52']
LEO49: 22.156485247859784: ['LEO38', 'LEO39', 'LEO48', 'LEO49']
LEO51: 48.997936902536: ['LEO41', 'LEO51', 'LEO58', 'LEO59', 'LEO61', 'LEO69']
LEO63: 21.958969792199717: ['LEO43', 'LEO44', 'LEO45', 'LEO53', 'LEO54', 'LEO55', 'LEO63', 'LEO64', 'LEO65', 'LEO73', 'LEO74', 'LEO75', 'LEO76', 'LEO86']
LEO62: 43.69294741412331: ['LEO62', 'LEO71', 'LEO72', 'LEO82', 'LEO83', 'LEO84', 'LEO85']
LEO79: 23.20005045339751: ['LEO66', 'LEO67', 'LEO68', 'LEO77', 'LEO78', 'LEO79', 'LEO81', 'LEO87', 'LEO88', 'LEO89']
sum_con_loads:  285.53
max_con_loads:   61.55
avg_setup_time: 194.55
