******************************************************************************
METIS 5.0 Copyright 1998-13, Regents of the University of Minnesota
 (HEAD: , Built on: Dec 17 2022, 08:18:35)
 size of idx_t: 64bits, real_t: 32bits, idx_t *: 64bits

Graph Information -----------------------------------------------------------
 Name: MetisTopos/848, #Vertices: 72, #Edges: 126, #Parts: 8

Options ---------------------------------------------------------------------
 ptype=kway, objtype=cut, ctype=shem, rtype=greedy, iptype=metisrb
 dbglvl=0, ufactor=1.600, no2hop=NO, minconn=NO, contig=YES, nooutput=NO
 seed=-1, niter=10, ncuts=1

Direct k-way Partitioning ---------------------------------------------------
 - Edgecut: 8306, communication volume: 76.

 - Balance:
     constraint #0:  1.504 out of 0.410

 - Most overweight partition:
     pid: 1, actual: 2200, desired: 1462, ratio: 1.50.

 - Subdomain connectivity: max: 6, min: 3, avg: 4.50

 - Each partition is contiguous.

Timing Information ----------------------------------------------------------
  I/O:          		   0.001 sec
  Partitioning: 		   0.002 sec   (METIS time)
  Reporting:    		   0.000 sec

Memory Information ----------------------------------------------------------
  Max memory used:		   0.071 MB
******************************************************************************
LEO21: 30.648326314489122: ['LEO11', 'LEO18', 'LEO19', 'LEO21', 'LEO28', 'LEO29', 'LEO31']
LEO13: 25.587496621467608: ['LEO12', 'LEO13', 'LEO14', 'LEO24']
LEO49: 29.37453708447661: ['LEO15', 'LEO16', 'LEO17', 'LEO25', 'LEO26', 'LEO27', 'LEO35', 'LEO36', 'LEO37', 'LEO38', 'LEO39', 'LEO45', 'LEO46', 'LEO47', 'LEO48', 'LEO49', 'LEO55', 'LEO56', 'LEO57']
LEO32: 61.507829113952766: ['LEO22', 'LEO23', 'LEO32', 'LEO33', 'LEO34', 'LEO42', 'LEO43', 'LEO44', 'LEO52', 'LEO53', 'LEO54']
LEO51: 48.997936902536: ['LEO41', 'LEO51', 'LEO58', 'LEO59', 'LEO61', 'LEO69']
LEO62: 43.69294741412331: ['LEO62', 'LEO71', 'LEO72', 'LEO81', 'LEO82', 'LEO83', 'LEO84', 'LEO85']
LEO63: 20.13770121993383: ['LEO63', 'LEO64', 'LEO65', 'LEO73', 'LEO74', 'LEO75', 'LEO76', 'LEO86']
LEO79: 23.20005045339751: ['LEO66', 'LEO67', 'LEO68', 'LEO77', 'LEO78', 'LEO79', 'LEO87', 'LEO88', 'LEO89']
sum_con_loads:  283.15
max_con_loads:   61.51
avg_setup_time: 189.12
