******************************************************************************
METIS 5.0 Copyright 1998-13, Regents of the University of Minnesota
 (HEAD: , Built on: Dec 17 2022, 08:18:35)
 size of idx_t: 64bits, real_t: 32bits, idx_t *: 64bits

Graph Information -----------------------------------------------------------
 Name: MetisTopos/848, #Vertices: 72, #Edges: 126, #Parts: 8

Options ---------------------------------------------------------------------
 ptype=kway, objtype=cut, ctype=shem, rtype=greedy, iptype=metisrb
 dbglvl=0, ufactor=1.800, no2hop=NO, minconn=NO, contig=NO, nooutput=NO
 seed=-1, niter=10, ncuts=1

Direct k-way Partitioning ---------------------------------------------------
 - Edgecut: 8214, communication volume: 79.

 - Balance:
     constraint #0:  1.778 out of 0.410

 - Most overweight partition:
     pid: 6, actual: 2600, desired: 1462, ratio: 1.78.

 - Subdomain connectivity: max: 7, min: 3, avg: 4.50

 - Each partition is contiguous.

Timing Information ----------------------------------------------------------
  I/O:          		   0.001 sec
  Partitioning: 		   0.002 sec   (METIS time)
  Reporting:    		   0.000 sec

Memory Information ----------------------------------------------------------
  Max memory used:		   0.071 MB
******************************************************************************
LEO21: 30.648326314489122: ['LEO11', 'LEO18', 'LEO19', 'LEO21', 'LEO28', 'LEO29', 'LEO31']
LEO23: 33.55374300391233: ['LEO12', 'LEO13', 'LEO14', 'LEO15', 'LEO22', 'LEO23']
LEO63: 35.79946210429816: ['LEO16', 'LEO17', 'LEO26', 'LEO27', 'LEO37', 'LEO44', 'LEO45', 'LEO46', 'LEO47', 'LEO48', 'LEO53', 'LEO54', 'LEO55', 'LEO56', 'LEO57', 'LEO58', 'LEO63', 'LEO64', 'LEO65', 'LEO66', 'LEO67', 'LEO68', 'LEO73', 'LEO74', 'LEO75', 'LEO76', 'LEO77', 'LEO86', 'LEO87']
LEO34: 20.086286432127455: ['LEO24', 'LEO25', 'LEO34', 'LEO35', 'LEO36']
LEO52: 72.86846872543302: ['LEO32', 'LEO33', 'LEO42', 'LEO43', 'LEO52', 'LEO62', 'LEO71', 'LEO72', 'LEO82', 'LEO83', 'LEO84', 'LEO85']
LEO38: 11.316977059938935: ['LEO38', 'LEO39']
LEO41: 25.676679555410963: ['LEO41', 'LEO49']
LEO69: 51.27458095551917: ['LEO51', 'LEO59', 'LEO61', 'LEO69', 'LEO78', 'LEO79', 'LEO81', 'LEO88', 'LEO89']
sum_con_loads:  281.22
max_con_loads:   72.87
avg_setup_time: 207.18
