******************************************************************************
METIS 5.0 Copyright 1998-13, Regents of the University of Minnesota
 (HEAD: , Built on: Dec 17 2022, 08:18:35)
 size of idx_t: 64bits, real_t: 32bits, idx_t *: 64bits

Graph Information -----------------------------------------------------------
 Name: MetisTopos/848, #Vertices: 72, #Edges: 126, #Parts: 8

Options ---------------------------------------------------------------------
 ptype=kway, objtype=cut, ctype=shem, rtype=greedy, iptype=metisrb
 dbglvl=0, ufactor=1.800, no2hop=NO, minconn=NO, contig=YES, nooutput=NO
 seed=-1, niter=10, ncuts=1

Direct k-way Partitioning ---------------------------------------------------
 - Edgecut: 8455, communication volume: 79.

 - Balance:
     constraint #0:  1.778 out of 0.410

 - Most overweight partition:
     pid: 6, actual: 2600, desired: 1462, ratio: 1.78.

 - Subdomain connectivity: max: 7, min: 2, avg: 4.25

 - Each partition is contiguous.

Timing Information ----------------------------------------------------------
  I/O:          		   0.001 sec
  Partitioning: 		   0.002 sec   (METIS time)
  Reporting:    		   0.000 sec

Memory Information ----------------------------------------------------------
  Max memory used:		   0.071 MB
******************************************************************************
LEO31: 38.261324482777795: ['LEO11', 'LEO16', 'LEO17', 'LEO18', 'LEO19', 'LEO21', 'LEO26', 'LEO27', 'LEO28', 'LEO29', 'LEO31', 'LEO37', 'LEO38', 'LEO39']
LEO23: 31.28439765130419: ['LEO12', 'LEO13', 'LEO22', 'LEO23']
LEO24: 20.75845292473451: ['LEO14', 'LEO15', 'LEO24', 'LEO25', 'LEO35', 'LEO36']
LEO52: 74.50799265732562: ['LEO32', 'LEO33', 'LEO34', 'LEO42', 'LEO52', 'LEO62', 'LEO71', 'LEO72', 'LEO82']
LEO41: 25.676679555410963: ['LEO41', 'LEO49']
LEO63: 21.363189677233574: ['LEO43', 'LEO44', 'LEO53', 'LEO54', 'LEO63', 'LEO64', 'LEO73', 'LEO74']
LEO58: 22.74874144912958: ['LEO45', 'LEO46', 'LEO47', 'LEO48', 'LEO55', 'LEO56', 'LEO57', 'LEO58', 'LEO65', 'LEO66', 'LEO67', 'LEO75', 'LEO76', 'LEO77', 'LEO83', 'LEO84', 'LEO85', 'LEO86', 'LEO87']
LEO69: 51.27458095551917: ['LEO51', 'LEO59', 'LEO61', 'LEO68', 'LEO69', 'LEO78', 'LEO79', 'LEO81', 'LEO88', 'LEO89']
sum_con_loads:  285.88
max_con_loads:   74.51
avg_setup_time: 211.32
