******************************************************************************
METIS 5.0 Copyright 1998-13, Regents of the University of Minnesota
 (HEAD: , Built on: Dec 17 2022, 08:18:35)
 size of idx_t: 64bits, real_t: 32bits, idx_t *: 64bits

Graph Information -----------------------------------------------------------
 Name: MetisTopos/848, #Vertices: 72, #Edges: 126, #Parts: 8

Options ---------------------------------------------------------------------
 ptype=kway, objtype=cut, ctype=shem, rtype=greedy, iptype=metisrb
 dbglvl=0, ufactor=1.900, no2hop=NO, minconn=NO, contig=YES, nooutput=NO
 seed=-1, niter=10, ncuts=1

Direct k-way Partitioning ---------------------------------------------------
 - Edgecut: 8045, communication volume: 86.

 - Balance:
     constraint #0:  1.778 out of 0.410

 - Most overweight partition:
     pid: 3, actual: 2600, desired: 1462, ratio: 1.78.

 - Subdomain connectivity: max: 6, min: 3, avg: 4.50

 - Each partition is contiguous.

Timing Information ----------------------------------------------------------
  I/O:          		   0.001 sec
  Partitioning: 		   0.002 sec   (METIS time)
  Reporting:    		   0.000 sec

Memory Information ----------------------------------------------------------
  Max memory used:		   0.071 MB
******************************************************************************
LEO32: 72.27835196156994: ['LEO11', 'LEO12', 'LEO21', 'LEO22', 'LEO23', 'LEO31', 'LEO32', 'LEO33', 'LEO42', 'LEO43', 'LEO52']
LEO14: 26.03521162612905: ['LEO13', 'LEO14', 'LEO15', 'LEO16', 'LEO17', 'LEO26', 'LEO27', 'LEO37', 'LEO45', 'LEO46', 'LEO47', 'LEO55', 'LEO56', 'LEO57', 'LEO65', 'LEO66', 'LEO67', 'LEO75', 'LEO76', 'LEO77']
LEO39: 19.93220028969965: ['LEO18', 'LEO19', 'LEO28', 'LEO29', 'LEO38', 'LEO39', 'LEO48']
LEO34: 20.086286432127455: ['LEO24', 'LEO25', 'LEO34', 'LEO35', 'LEO36']
LEO51: 47.294217102375256: ['LEO41', 'LEO49', 'LEO51', 'LEO59', 'LEO61', 'LEO69']
LEO63: 19.576553788625862: ['LEO44', 'LEO53', 'LEO54', 'LEO63', 'LEO64', 'LEO73', 'LEO74']
LEO68: 21.404200656706244: ['LEO58', 'LEO68', 'LEO78']
LEO72: 51.26930105321642: ['LEO62', 'LEO71', 'LEO72', 'LEO79', 'LEO81', 'LEO82', 'LEO83', 'LEO84', 'LEO85', 'LEO86', 'LEO87', 'LEO88', 'LEO89']
sum_con_loads:  277.88
max_con_loads:   72.28
avg_setup_time: 209.17
