******************************************************************************
METIS 5.0 Copyright 1998-13, Regents of the University of Minnesota
 (HEAD: , Built on: Dec 17 2022, 08:18:35)
 size of idx_t: 64bits, real_t: 32bits, idx_t *: 64bits

Graph Information -----------------------------------------------------------
 Name: MetisTopos/660, #Vertices: 72, #Edges: 128, #Parts: 8

Options ---------------------------------------------------------------------
 ptype=kway, objtype=cut, ctype=shem, rtype=greedy, iptype=metisrb
 dbglvl=0, ufactor=1.100, no2hop=NO, minconn=NO, contig=YES, nooutput=NO
 seed=-1, niter=10, ncuts=1

Direct k-way Partitioning ---------------------------------------------------
 - Edgecut: 11836, communication volume: 76.

 - Balance:
     constraint #0:  1.172 out of 0.483

 - Most overweight partition:
     pid: 1, actual: 1700, desired: 1450, ratio: 1.17.

 - Subdomain connectivity: max: 6, min: 2, avg: 3.75

 - Each partition is contiguous.

Timing Information ----------------------------------------------------------
  I/O:          		   0.001 sec
  Partitioning: 		   0.002 sec   (METIS time)
  Reporting:    		   0.000 sec

Memory Information ----------------------------------------------------------
  Max memory used:		   0.070 MB
******************************************************************************
LEO41: 41.90694337797963: ['LEO11', 'LEO12', 'LEO21', 'LEO22', 'LEO31', 'LEO32', 'LEO41']
LEO33: 53.17570118069645: ['LEO13', 'LEO23', 'LEO33', 'LEO34']
LEO14: 29.5058013969781: ['LEO14', 'LEO24']
LEO37: 32.139972592262815: ['LEO15', 'LEO16', 'LEO17', 'LEO18', 'LEO19', 'LEO25', 'LEO26', 'LEO27', 'LEO28', 'LEO29', 'LEO35', 'LEO36', 'LEO37', 'LEO38', 'LEO39', 'LEO46', 'LEO47', 'LEO48', 'LEO49']
LEO52: 84.6472735323681: ['LEO42', 'LEO43', 'LEO44', 'LEO45', 'LEO51', 'LEO52', 'LEO53', 'LEO54', 'LEO55', 'LEO56', 'LEO57', 'LEO62', 'LEO64', 'LEO65', 'LEO66', 'LEO67', 'LEO74', 'LEO75', 'LEO76', 'LEO77', 'LEO84', 'LEO85', 'LEO86', 'LEO87', 'LEO88', 'LEO89']
LEO61: 41.643841222424236: ['LEO58', 'LEO61', 'LEO68', 'LEO71', 'LEO78', 'LEO79', 'LEO81']
LEO59: 30.181789549873365: ['LEO59', 'LEO69']
LEO72: 39.63960755668166: ['LEO63', 'LEO72', 'LEO73', 'LEO82', 'LEO83']
sum_con_loads:  352.84
max_con_loads:   84.65
avg_setup_time: 264.73
