******************************************************************************
METIS 5.0 Copyright 1998-13, Regents of the University of Minnesota
 (HEAD: , Built on: Dec 17 2022, 08:18:35)
 size of idx_t: 64bits, real_t: 32bits, idx_t *: 64bits

Graph Information -----------------------------------------------------------
 Name: MetisTopos/660, #Vertices: 72, #Edges: 128, #Parts: 8

Options ---------------------------------------------------------------------
 ptype=kway, objtype=cut, ctype=shem, rtype=greedy, iptype=metisrb
 dbglvl=0, ufactor=1.100, no2hop=NO, minconn=NO, contig=NO, nooutput=NO
 seed=-1, niter=10, ncuts=1

Direct k-way Partitioning ---------------------------------------------------
 - Edgecut: 12869, communication volume: 110.

 - Balance:
     constraint #0:  1.241 out of 0.483

 - Most overweight partition:
     pid: 1, actual: 1800, desired: 1450, ratio: 1.24.

 - Subdomain connectivity: max: 6, min: 0, avg: 4.00

 - There are 5 non-contiguous partitions.
   Total components after removing the cut edges: 20,
   max components: 6 for pid: 2.

Timing Information ----------------------------------------------------------
  I/O:          		   0.001 sec
  Partitioning: 		   0.002 sec   (METIS time)
  Reporting:    		   0.000 sec

Memory Information ----------------------------------------------------------
  Max memory used:		   0.070 MB
******************************************************************************
LEO31: 61.32972923981651: ['LEO11', 'LEO12', 'LEO18', 'LEO19', 'LEO25', 'LEO31', 'LEO32', 'LEO36', 'LEO39', 'LEO49', 'LEO64', 'LEO74', 'LEO89']
LEO14: 35.325144772267755: ['LEO13', 'LEO14', 'LEO24']
LEO61: 63.389003020715734: ['LEO15', 'LEO17', 'LEO29', 'LEO37', 'LEO46', 'LEO47', 'LEO48', 'LEO54', 'LEO55', 'LEO56', 'LEO57', 'LEO58', 'LEO61', 'LEO65', 'LEO66', 'LEO67', 'LEO68', 'LEO71', 'LEO75', 'LEO76', 'LEO77', 'LEO78', 'LEO81', 'LEO85']
LEO59: 44.74165814069453: ['LEO16', 'LEO26', 'LEO27', 'LEO28', 'LEO38', 'LEO59', 'LEO69']
LEO41: 55.01159247567529: ['LEO21', 'LEO22', 'LEO41', 'LEO51']
LEO33: 56.63678832098172: ['LEO23', 'LEO33', 'LEO34', 'LEO35']
LEO62: 57.01637476634731: ['LEO42', 'LEO43', 'LEO44', 'LEO45', 'LEO52', 'LEO53', 'LEO62', 'LEO63', 'LEO72', 'LEO73', 'LEO79', 'LEO82', 'LEO83', 'LEO84', 'LEO86', 'LEO87', 'LEO88']
sum_con_loads:  373.45
max_con_loads:   63.39
avg_setup_time: 301.52
