******************************************************************************
METIS 5.0 Copyright 1998-13, Regents of the University of Minnesota
 (HEAD: , Built on: Dec 17 2022, 08:18:35)
 size of idx_t: 64bits, real_t: 32bits, idx_t *: 64bits

Graph Information -----------------------------------------------------------
 Name: MetisTopos/660, #Vertices: 72, #Edges: 128, #Parts: 8

Options ---------------------------------------------------------------------
 ptype=kway, objtype=cut, ctype=shem, rtype=greedy, iptype=metisrb
 dbglvl=0, ufactor=2.300, no2hop=NO, minconn=NO, contig=YES, nooutput=NO
 seed=-1, niter=10, ncuts=1

Direct k-way Partitioning ---------------------------------------------------
 - Edgecut: 7516, communication volume: 73.

 - Balance:
     constraint #0:  1.931 out of 0.483

 - Most overweight partition:
     pid: 1, actual: 2800, desired: 1450, ratio: 1.93.

 - Subdomain connectivity: max: 6, min: 0, avg: 3.75

 - There are 0 non-contiguous partitions.
   Total components after removing the cut edges: 7,
   max components: 1 for pid: 0.

Timing Information ----------------------------------------------------------
  I/O:          		   0.001 sec
  Partitioning: 		   0.001 sec   (METIS time)
  Reporting:    		   0.000 sec

Memory Information ----------------------------------------------------------
  Max memory used:		   0.071 MB
******************************************************************************
LEO21: 20.70645431954624: ['LEO11', 'LEO15', 'LEO16', 'LEO17', 'LEO18', 'LEO19', 'LEO21', 'LEO22', 'LEO28', 'LEO29']
LEO33: 62.919909965502754: ['LEO12', 'LEO13', 'LEO14', 'LEO23', 'LEO33', 'LEO34', 'LEO35']
LEO24: 16.390345256322448: ['LEO24', 'LEO25']
LEO59: 27.34150717727858: ['LEO26', 'LEO27', 'LEO36', 'LEO37', 'LEO46', 'LEO47', 'LEO56', 'LEO57', 'LEO58', 'LEO59', 'LEO66', 'LEO67', 'LEO68', 'LEO76', 'LEO77']
LEO41: 52.688771089328284: ['LEO31', 'LEO32', 'LEO38', 'LEO39', 'LEO41', 'LEO48', 'LEO49', 'LEO51']
LEO62: 50.61594254300615: ['LEO42', 'LEO43', 'LEO44', 'LEO45', 'LEO52', 'LEO53', 'LEO54', 'LEO55', 'LEO62', 'LEO63', 'LEO64', 'LEO65', 'LEO72', 'LEO73', 'LEO74', 'LEO75', 'LEO82', 'LEO83', 'LEO84', 'LEO85', 'LEO86']
LEO61: 35.62046477894316: ['LEO61', 'LEO69', 'LEO71', 'LEO78', 'LEO79', 'LEO81', 'LEO87', 'LEO88', 'LEO89']
sum_con_loads:  266.28
max_con_loads:   62.92
avg_setup_time: 202.42
