******************************************************************************
METIS 5.0 Copyright 1998-13, Regents of the University of Minnesota
 (HEAD: , Built on: Dec 17 2022, 08:18:35)
 size of idx_t: 64bits, real_t: 32bits, idx_t *: 64bits

Graph Information -----------------------------------------------------------
 Name: MetisTopos/660, #Vertices: 72, #Edges: 128, #Parts: 8

Options ---------------------------------------------------------------------
 ptype=kway, objtype=cut, ctype=shem, rtype=greedy, iptype=metisrb
 dbglvl=0, ufactor=1.200, no2hop=NO, minconn=NO, contig=YES, nooutput=NO
 seed=-1, niter=10, ncuts=1

Direct k-way Partitioning ---------------------------------------------------
 - Edgecut: 10939, communication volume: 83.

 - Balance:
     constraint #0:  1.172 out of 0.483

 - Most overweight partition:
     pid: 6, actual: 1700, desired: 1450, ratio: 1.17.

 - Subdomain connectivity: max: 7, min: 3, avg: 4.50

 - Each partition is contiguous.

Timing Information ----------------------------------------------------------
  I/O:          		   0.001 sec
  Partitioning: 		   0.002 sec   (METIS time)
  Reporting:    		   0.000 sec

Memory Information ----------------------------------------------------------
  Max memory used:		   0.071 MB
******************************************************************************
LEO36: 28.91749668979917: ['LEO11', 'LEO12', 'LEO15', 'LEO16', 'LEO17', 'LEO18', 'LEO19', 'LEO25', 'LEO26', 'LEO27', 'LEO28', 'LEO29', 'LEO35', 'LEO36', 'LEO37', 'LEO38', 'LEO39', 'LEO45', 'LEO46', 'LEO47', 'LEO48']
LEO53: 77.32403525568816: ['LEO13', 'LEO23', 'LEO32', 'LEO33', 'LEO42', 'LEO43', 'LEO52', 'LEO53', 'LEO62', 'LEO72', 'LEO73']
LEO14: 29.5058013969781: ['LEO14', 'LEO24']
LEO41: 41.216060917399226: ['LEO21', 'LEO22', 'LEO31', 'LEO41']
LEO63: 42.66541046795243: ['LEO34', 'LEO44', 'LEO54', 'LEO63', 'LEO64', 'LEO74']
LEO51: 46.68452297759334: ['LEO49', 'LEO51', 'LEO59']
LEO69: 38.11551842954553: ['LEO55', 'LEO56', 'LEO57', 'LEO58', 'LEO61', 'LEO65', 'LEO66', 'LEO67', 'LEO68', 'LEO69', 'LEO75', 'LEO76', 'LEO77']
LEO71: 30.436624855810333: ['LEO71', 'LEO78', 'LEO79', 'LEO81', 'LEO82', 'LEO83', 'LEO84', 'LEO85', 'LEO86', 'LEO87', 'LEO88', 'LEO89']
sum_con_loads:  334.87
max_con_loads:   77.32
avg_setup_time: 258.76
