******************************************************************************
METIS 5.0 Copyright 1998-13, Regents of the University of Minnesota
 (HEAD: , Built on: Dec 17 2022, 08:18:35)
 size of idx_t: 64bits, real_t: 32bits, idx_t *: 64bits

Graph Information -----------------------------------------------------------
 Name: MetisTopos/660, #Vertices: 72, #Edges: 128, #Parts: 8

Options ---------------------------------------------------------------------
 ptype=kway, objtype=cut, ctype=shem, rtype=greedy, iptype=metisrb
 dbglvl=0, ufactor=1.200, no2hop=NO, minconn=NO, contig=NO, nooutput=NO
 seed=-1, niter=10, ncuts=1

Direct k-way Partitioning ---------------------------------------------------
 - Edgecut: 9748, communication volume: 75.

 - Balance:
     constraint #0:  1.172 out of 0.483

 - Most overweight partition:
     pid: 2, actual: 1700, desired: 1450, ratio: 1.17.

 - Subdomain connectivity: max: 5, min: 2, avg: 3.75

 - Each partition is contiguous.

Timing Information ----------------------------------------------------------
  I/O:          		   0.001 sec
  Partitioning: 		   0.002 sec   (METIS time)
  Reporting:    		   0.000 sec

Memory Information ----------------------------------------------------------
  Max memory used:		   0.071 MB
******************************************************************************
LEO37: 28.91749668979917: ['LEO11', 'LEO15', 'LEO16', 'LEO17', 'LEO18', 'LEO19', 'LEO25', 'LEO26', 'LEO27', 'LEO28', 'LEO29', 'LEO35', 'LEO36', 'LEO37', 'LEO38', 'LEO39', 'LEO45', 'LEO46', 'LEO47', 'LEO48', 'LEO56']
LEO33: 53.17570118069646: ['LEO12', 'LEO13', 'LEO23', 'LEO32', 'LEO33', 'LEO34', 'LEO43', 'LEO44']
LEO14: 29.5058013969781: ['LEO14', 'LEO24']
LEO41: 43.845617334360206: ['LEO21', 'LEO22', 'LEO31', 'LEO41', 'LEO42', 'LEO49']
LEO51: 41.65159142012755: ['LEO51', 'LEO59']
LEO62: 46.15934980339208: ['LEO52', 'LEO53', 'LEO62', 'LEO63', 'LEO72', 'LEO73', 'LEO82', 'LEO83']
LEO71: 31.482107915838508: ['LEO54', 'LEO55', 'LEO64', 'LEO65', 'LEO71', 'LEO74', 'LEO75', 'LEO76', 'LEO77', 'LEO78', 'LEO79', 'LEO81', 'LEO84', 'LEO85', 'LEO86', 'LEO87', 'LEO88', 'LEO89']
LEO69: 36.29078817076478: ['LEO57', 'LEO58', 'LEO61', 'LEO66', 'LEO67', 'LEO68', 'LEO69']
sum_con_loads:  311.03
max_con_loads:   53.18
avg_setup_time: 205.77
