******************************************************************************
METIS 5.0 Copyright 1998-13, Regents of the University of Minnesota
 (HEAD: , Built on: Dec 17 2022, 08:18:35)
 size of idx_t: 64bits, real_t: 32bits, idx_t *: 64bits

Graph Information -----------------------------------------------------------
 Name: MetisTopos/660, #Vertices: 72, #Edges: 128, #Parts: 8

Options ---------------------------------------------------------------------
 ptype=kway, objtype=cut, ctype=shem, rtype=greedy, iptype=metisrb
 dbglvl=0, ufactor=1.300, no2hop=NO, minconn=NO, contig=YES, nooutput=NO
 seed=-1, niter=10, ncuts=1

Direct k-way Partitioning ---------------------------------------------------
 - Edgecut: 9687, communication volume: 84.

 - Balance:
     constraint #0:  1.241 out of 0.483

 - Most overweight partition:
     pid: 0, actual: 1800, desired: 1450, ratio: 1.24.

 - Subdomain connectivity: max: 6, min: 3, avg: 4.25

 - Each partition is contiguous.

Timing Information ----------------------------------------------------------
  I/O:          		   0.001 sec
  Partitioning: 		   0.002 sec   (METIS time)
  Reporting:    		   0.000 sec

Memory Information ----------------------------------------------------------
  Max memory used:		   0.071 MB
******************************************************************************
LEO33: 50.728430363232704: ['LEO11', 'LEO12', 'LEO13', 'LEO22', 'LEO23', 'LEO32', 'LEO33', 'LEO42', 'LEO43', 'LEO53']
LEO15: 28.96217884230456: ['LEO14', 'LEO15', 'LEO16', 'LEO25', 'LEO26', 'LEO35', 'LEO36', 'LEO45', 'LEO46', 'LEO56']
LEO69: 29.451300111015897: ['LEO17', 'LEO18', 'LEO19', 'LEO27', 'LEO28', 'LEO29', 'LEO37', 'LEO47', 'LEO57', 'LEO66', 'LEO67', 'LEO68', 'LEO69', 'LEO77', 'LEO78', 'LEO79', 'LEO87', 'LEO88']
LEO31: 45.10535545563026: ['LEO21', 'LEO31', 'LEO38', 'LEO39', 'LEO41']
LEO24: 27.420708363814235: ['LEO24', 'LEO34', 'LEO44']
LEO51: 49.45312693335518: ['LEO48', 'LEO49', 'LEO51', 'LEO58', 'LEO59']
LEO62: 49.3972869825367: ['LEO52', 'LEO61', 'LEO62', 'LEO71', 'LEO72', 'LEO81', 'LEO82', 'LEO83', 'LEO89']
LEO73: 29.291690929759902: ['LEO54', 'LEO55', 'LEO63', 'LEO64', 'LEO65', 'LEO73', 'LEO74', 'LEO75', 'LEO76', 'LEO84', 'LEO85', 'LEO86']
sum_con_loads:  309.81
max_con_loads:   50.73
avg_setup_time: 199.62
