******************************************************************************
METIS 5.0 Copyright 1998-13, Regents of the University of Minnesota
 (HEAD: , Built on: Dec 17 2022, 08:18:35)
 size of idx_t: 64bits, real_t: 32bits, idx_t *: 64bits

Graph Information -----------------------------------------------------------
 Name: MetisTopos/660, #Vertices: 72, #Edges: 128, #Parts: 8

Options ---------------------------------------------------------------------
 ptype=kway, objtype=cut, ctype=shem, rtype=greedy, iptype=metisrb
 dbglvl=0, ufactor=1.400, no2hop=NO, minconn=NO, contig=YES, nooutput=NO
 seed=-1, niter=10, ncuts=1

Direct k-way Partitioning ---------------------------------------------------
 - Edgecut: 9301, communication volume: 73.

 - Balance:
     constraint #0:  1.241 out of 0.483

 - Most overweight partition:
     pid: 6, actual: 1800, desired: 1450, ratio: 1.24.

 - Subdomain connectivity: max: 7, min: 3, avg: 4.25

 - Each partition is contiguous.

Timing Information ----------------------------------------------------------
  I/O:          		   0.001 sec
  Partitioning: 		   0.002 sec   (METIS time)
  Reporting:    		   0.000 sec

Memory Information ----------------------------------------------------------
  Max memory used:		   0.071 MB
******************************************************************************
LEO13: 23.703083975708466: ['LEO11', 'LEO12', 'LEO13', 'LEO14', 'LEO19']
LEO46: 34.40620905658517: ['LEO15', 'LEO16', 'LEO17', 'LEO18', 'LEO25', 'LEO26', 'LEO27', 'LEO28', 'LEO35', 'LEO36', 'LEO37', 'LEO38', 'LEO44', 'LEO45', 'LEO46', 'LEO47', 'LEO48', 'LEO54', 'LEO55', 'LEO56', 'LEO57', 'LEO64', 'LEO65', 'LEO66', 'LEO67', 'LEO74', 'LEO75', 'LEO76', 'LEO77', 'LEO84', 'LEO85', 'LEO86', 'LEO87']
LEO33: 61.4223630198243: ['LEO21', 'LEO22', 'LEO23', 'LEO29', 'LEO31', 'LEO32', 'LEO33', 'LEO39']
LEO24: 27.420708363814235: ['LEO24', 'LEO34']
LEO41: 46.383368999514445: ['LEO41', 'LEO49', 'LEO51']
LEO62: 46.15934980339208: ['LEO42', 'LEO43', 'LEO52', 'LEO53', 'LEO62', 'LEO63', 'LEO72', 'LEO73', 'LEO82', 'LEO83']
LEO59: 30.006885553690168: ['LEO58', 'LEO59', 'LEO68', 'LEO78']
LEO61: 32.67374003039231: ['LEO61', 'LEO69', 'LEO71', 'LEO79', 'LEO81', 'LEO88', 'LEO89']
sum_con_loads:  302.18
max_con_loads:   61.42
avg_setup_time: 211.11
