******************************************************************************
METIS 5.0 Copyright 1998-13, Regents of the University of Minnesota
 (HEAD: , Built on: Dec 17 2022, 08:18:35)
 size of idx_t: 64bits, real_t: 32bits, idx_t *: 64bits

Graph Information -----------------------------------------------------------
 Name: MetisTopos/660, #Vertices: 72, #Edges: 128, #Parts: 8

Options ---------------------------------------------------------------------
 ptype=kway, objtype=cut, ctype=shem, rtype=greedy, iptype=metisrb
 dbglvl=0, ufactor=1.800, no2hop=NO, minconn=NO, contig=NO, nooutput=NO
 seed=-1, niter=10, ncuts=1

Direct k-way Partitioning ---------------------------------------------------
 - Edgecut: 8456, communication volume: 81.

 - Balance:
     constraint #0:  1.724 out of 0.483

 - Most overweight partition:
     pid: 3, actual: 2500, desired: 1450, ratio: 1.72.

 - Subdomain connectivity: max: 5, min: 2, avg: 4.00

 - Each partition is contiguous.

Timing Information ----------------------------------------------------------
  I/O:          		   0.001 sec
  Partitioning: 		   0.002 sec   (METIS time)
  Reporting:    		   0.000 sec

Memory Information ----------------------------------------------------------
  Max memory used:		   0.071 MB
******************************************************************************
LEO41: 54.93152309252974: ['LEO11', 'LEO19', 'LEO21', 'LEO22', 'LEO29', 'LEO31', 'LEO39', 'LEO41', 'LEO49', 'LEO51']
LEO33: 54.52130749077814: ['LEO12', 'LEO13', 'LEO23', 'LEO32', 'LEO33', 'LEO34', 'LEO42', 'LEO43', 'LEO44', 'LEO53']
LEO14: 29.5058013969781: ['LEO14', 'LEO24']
LEO35: 18.016523104916466: ['LEO15', 'LEO16', 'LEO17', 'LEO18', 'LEO25', 'LEO26', 'LEO35', 'LEO36', 'LEO45', 'LEO46', 'LEO56']
LEO59: 28.54775896815937: ['LEO27', 'LEO28', 'LEO37', 'LEO38', 'LEO47', 'LEO48', 'LEO57', 'LEO58', 'LEO59']
LEO62: 48.77761160999178: ['LEO52', 'LEO61', 'LEO62', 'LEO69', 'LEO71', 'LEO72', 'LEO79', 'LEO81', 'LEO82', 'LEO89']
LEO73: 29.291690929759902: ['LEO54', 'LEO55', 'LEO63', 'LEO64', 'LEO65', 'LEO66', 'LEO73', 'LEO74', 'LEO75']
LEO83: 21.743110040534123: ['LEO67', 'LEO68', 'LEO76', 'LEO77', 'LEO78', 'LEO83', 'LEO84', 'LEO85', 'LEO86', 'LEO87', 'LEO88']
sum_con_loads:  285.34
max_con_loads:   54.93
avg_setup_time: 200.62
