******************************************************************************
METIS 5.0 Copyright 1998-13, Regents of the University of Minnesota
 (HEAD: , Built on: Dec 17 2022, 08:18:35)
 size of idx_t: 64bits, real_t: 32bits, idx_t *: 64bits

Graph Information -----------------------------------------------------------
 Name: MetisTopos/744, #Vertices: 72, #Edges: 128, #Parts: 8

Options ---------------------------------------------------------------------
 ptype=kway, objtype=cut, ctype=shem, rtype=greedy, iptype=metisrb
 dbglvl=0, ufactor=2.000, no2hop=NO, minconn=NO, contig=YES, nooutput=NO
 seed=-1, niter=10, ncuts=1

Direct k-way Partitioning ---------------------------------------------------
 - Edgecut: 8930, communication volume: 75.

 - Balance:
     constraint #0:  1.951 out of 0.455

 - Most overweight partition:
     pid: 6, actual: 3000, desired: 1537, ratio: 1.95.

 - Subdomain connectivity: max: 7, min: 3, avg: 4.50

 - Each partition is contiguous.

Timing Information ----------------------------------------------------------
  I/O:          		   0.001 sec
  Partitioning: 		   0.001 sec   (METIS time)
  Reporting:    		   0.000 sec

Memory Information ----------------------------------------------------------
  Max memory used:		   0.071 MB
******************************************************************************
LEO23: 44.13778841643681: ['LEO11', 'LEO12', 'LEO21', 'LEO22', 'LEO23']
LEO13: 25.766265768067733: ['LEO13', 'LEO14']
LEO46: 20.826265606326572: ['LEO15', 'LEO16', 'LEO17', 'LEO18', 'LEO19', 'LEO25', 'LEO26', 'LEO27', 'LEO28', 'LEO29', 'LEO35', 'LEO36', 'LEO45', 'LEO46', 'LEO47', 'LEO55', 'LEO56', 'LEO57', 'LEO65', 'LEO66', 'LEO67', 'LEO68', 'LEO76', 'LEO77', 'LEO78']
LEO34: 20.007751975407526: ['LEO24', 'LEO34']
LEO41: 44.854338780716496: ['LEO31', 'LEO39', 'LEO41', 'LEO49']
LEO62: 71.87676181543635: ['LEO32', 'LEO33', 'LEO42', 'LEO43', 'LEO44', 'LEO52', 'LEO53', 'LEO54', 'LEO62', 'LEO63', 'LEO64', 'LEO72', 'LEO73', 'LEO74', 'LEO75', 'LEO81', 'LEO82', 'LEO83', 'LEO84', 'LEO85', 'LEO86', 'LEO87', 'LEO88', 'LEO89']
LEO38: 17.146003325740097: ['LEO37', 'LEO38', 'LEO48', 'LEO58']
LEO61: 56.68644607811814: ['LEO51', 'LEO59', 'LEO61', 'LEO69', 'LEO71', 'LEO79']
sum_con_loads:  301.30
max_con_loads:   71.88
avg_setup_time: 209.96
