******************************************************************************
METIS 5.0 Copyright 1998-13, Regents of the University of Minnesota
 (HEAD: , Built on: Dec 17 2022, 08:18:35)
 size of idx_t: 64bits, real_t: 32bits, idx_t *: 64bits

Graph Information -----------------------------------------------------------
 Name: MetisTopos/744, #Vertices: 72, #Edges: 128, #Parts: 8

Options ---------------------------------------------------------------------
 ptype=kway, objtype=cut, ctype=shem, rtype=greedy, iptype=metisrb
 dbglvl=0, ufactor=2.000, no2hop=NO, minconn=NO, contig=NO, nooutput=NO
 seed=-1, niter=10, ncuts=1

Direct k-way Partitioning ---------------------------------------------------
 - Edgecut: 8915, communication volume: 73.

 - Balance:
     constraint #0:  1.756 out of 0.455

 - Most overweight partition:
     pid: 7, actual: 2700, desired: 1537, ratio: 1.76.

 - Subdomain connectivity: max: 5, min: 3, avg: 4.00

 - Each partition is contiguous.

Timing Information ----------------------------------------------------------
  I/O:          		   0.001 sec
  Partitioning: 		   0.001 sec   (METIS time)
  Reporting:    		   0.000 sec

Memory Information ----------------------------------------------------------
  Max memory used:		   0.071 MB
******************************************************************************
LEO41: 47.55626913348508: ['LEO11', 'LEO19', 'LEO21', 'LEO22', 'LEO29', 'LEO31', 'LEO39', 'LEO41', 'LEO49']
LEO13: 25.766265768067733: ['LEO12', 'LEO13', 'LEO14']
LEO36: 23.900721406325882: ['LEO15', 'LEO16', 'LEO17', 'LEO18', 'LEO25', 'LEO26', 'LEO27', 'LEO28', 'LEO35', 'LEO36', 'LEO37', 'LEO38', 'LEO44', 'LEO45', 'LEO46', 'LEO47', 'LEO48', 'LEO54', 'LEO55', 'LEO56', 'LEO57', 'LEO64', 'LEO65', 'LEO66', 'LEO67']
LEO33: 47.29961624080162: ['LEO23', 'LEO32', 'LEO33']
LEO34: 20.007751975407526: ['LEO24', 'LEO34']
LEO62: 64.28867287473442: ['LEO42', 'LEO43', 'LEO52', 'LEO53', 'LEO62', 'LEO63', 'LEO72', 'LEO73', 'LEO74', 'LEO75', 'LEO81', 'LEO82', 'LEO83', 'LEO84', 'LEO85', 'LEO86', 'LEO87', 'LEO88', 'LEO89']
LEO61: 56.68644607811814: ['LEO51', 'LEO59', 'LEO61', 'LEO69', 'LEO71', 'LEO79']
LEO78: 15.538873841493754: ['LEO58', 'LEO68', 'LEO76', 'LEO77', 'LEO78']
sum_con_loads:  301.04
max_con_loads:   64.29
avg_setup_time: 196.17
