******************************************************************************
METIS 5.0 Copyright 1998-13, Regents of the University of Minnesota
 (HEAD: , Built on: Dec 17 2022, 08:18:35)
 size of idx_t: 64bits, real_t: 32bits, idx_t *: 64bits

Graph Information -----------------------------------------------------------
 Name: MetisTopos/744, #Vertices: 72, #Edges: 128, #Parts: 8

Options ---------------------------------------------------------------------
 ptype=kway, objtype=cut, ctype=shem, rtype=greedy, iptype=metisrb
 dbglvl=0, ufactor=1.100, no2hop=NO, minconn=NO, contig=NO, nooutput=NO
 seed=-1, niter=10, ncuts=1

Direct k-way Partitioning ---------------------------------------------------
 - Edgecut: 10877, communication volume: 74.

 - Balance:
     constraint #0:  1.041 out of 0.455

 - Most overweight partition:
     pid: 0, actual: 1600, desired: 1537, ratio: 1.04.

 - Subdomain connectivity: max: 5, min: 2, avg: 4.00

 - Each partition is contiguous.

Timing Information ----------------------------------------------------------
  I/O:          		   0.001 sec
  Partitioning: 		   0.002 sec   (METIS time)
  Reporting:    		   0.000 sec

Memory Information ----------------------------------------------------------
  Max memory used:		   0.070 MB
******************************************************************************
LEO48: 32.238490106067914: ['LEO11', 'LEO12', 'LEO15', 'LEO16', 'LEO17', 'LEO18', 'LEO19', 'LEO25', 'LEO26', 'LEO27', 'LEO28', 'LEO37', 'LEO38', 'LEO48', 'LEO49']
LEO13: 33.3238331447277: ['LEO13', 'LEO14', 'LEO24']
LEO41: 41.673146591701425: ['LEO21', 'LEO29', 'LEO31', 'LEO39', 'LEO41']
LEO33: 54.66480104367937: ['LEO22', 'LEO23', 'LEO32', 'LEO33', 'LEO34', 'LEO35']
LEO63: 34.51768629937538: ['LEO36', 'LEO44', 'LEO45', 'LEO46', 'LEO47', 'LEO54', 'LEO55', 'LEO56', 'LEO57', 'LEO58', 'LEO63', 'LEO64', 'LEO65', 'LEO66', 'LEO67', 'LEO68', 'LEO73', 'LEO74', 'LEO75', 'LEO76', 'LEO77', 'LEO84', 'LEO85', 'LEO86', 'LEO87']
LEO52: 72.1926412955939: ['LEO42', 'LEO43', 'LEO51', 'LEO52', 'LEO53', 'LEO62', 'LEO72', 'LEO82', 'LEO83']
LEO59: 31.563839385988935: ['LEO59', 'LEO69']
LEO61: 40.454013473571436: ['LEO61', 'LEO71', 'LEO78', 'LEO79', 'LEO81', 'LEO88', 'LEO89']
sum_con_loads:  340.63
max_con_loads:   72.19
avg_setup_time: 223.11
