******************************************************************************
METIS 5.0 Copyright 1998-13, Regents of the University of Minnesota
 (HEAD: , Built on: Dec 17 2022, 08:18:35)
 size of idx_t: 64bits, real_t: 32bits, idx_t *: 64bits

Graph Information -----------------------------------------------------------
 Name: MetisTopos/744, #Vertices: 72, #Edges: 128, #Parts: 8

Options ---------------------------------------------------------------------
 ptype=kway, objtype=cut, ctype=shem, rtype=greedy, iptype=metisrb
 dbglvl=0, ufactor=2.300, no2hop=NO, minconn=NO, contig=NO, nooutput=NO
 seed=-1, niter=10, ncuts=1

Direct k-way Partitioning ---------------------------------------------------
 - Edgecut: 7735, communication volume: 75.

 - Balance:
     constraint #0:  2.276 out of 0.455

 - Most overweight partition:
     pid: 7, actual: 3500, desired: 1537, ratio: 2.28.

 - Subdomain connectivity: max: 6, min: 0, avg: 3.50

 - There are 0 non-contiguous partitions.
   Total components after removing the cut edges: 7,
   max components: 1 for pid: 1.

Timing Information ----------------------------------------------------------
  I/O:          		   0.001 sec
  Partitioning: 		   0.002 sec   (METIS time)
  Reporting:    		   0.000 sec

Memory Information ----------------------------------------------------------
  Max memory used:		   0.071 MB
******************************************************************************
LEO41: 90.65019044214262: ['LEO11', 'LEO12', 'LEO21', 'LEO31', 'LEO32', 'LEO33', 'LEO41', 'LEO42', 'LEO43', 'LEO49', 'LEO51', 'LEO52', 'LEO53', 'LEO59']
LEO23: 52.5900086709015: ['LEO13', 'LEO14', 'LEO15', 'LEO16', 'LEO17', 'LEO18', 'LEO19', 'LEO22', 'LEO23', 'LEO24', 'LEO25', 'LEO26', 'LEO27', 'LEO28', 'LEO29', 'LEO36', 'LEO46', 'LEO47', 'LEO57', 'LEO58', 'LEO66', 'LEO67', 'LEO68']
LEO34: 15.864284527760981: ['LEO34', 'LEO35']
LEO38: 16.303989931610715: ['LEO37', 'LEO38', 'LEO39', 'LEO48']
LEO74: 14.545775933624649: ['LEO44', 'LEO45', 'LEO54', 'LEO55', 'LEO56', 'LEO64', 'LEO65', 'LEO74', 'LEO75', 'LEO84', 'LEO85', 'LEO86']
LEO62: 69.63255834292077: ['LEO61', 'LEO62', 'LEO63', 'LEO69', 'LEO71', 'LEO72', 'LEO73', 'LEO81', 'LEO82', 'LEO83', 'LEO89']
LEO79: 18.030309959665196: ['LEO76', 'LEO77', 'LEO78', 'LEO79', 'LEO87', 'LEO88']
sum_con_loads:  277.62
max_con_loads:   90.65
avg_setup_time: 276.26
