******************************************************************************
METIS 5.0 Copyright 1998-13, Regents of the University of Minnesota
 (HEAD: , Built on: Dec 17 2022, 08:18:35)
 size of idx_t: 64bits, real_t: 32bits, idx_t *: 64bits

Graph Information -----------------------------------------------------------
 Name: MetisTopos/744, #Vertices: 72, #Edges: 128, #Parts: 8

Options ---------------------------------------------------------------------
 ptype=kway, objtype=cut, ctype=shem, rtype=greedy, iptype=metisrb
 dbglvl=0, ufactor=2.400, no2hop=NO, minconn=NO, contig=YES, nooutput=NO
 seed=-1, niter=10, ncuts=1

Direct k-way Partitioning ---------------------------------------------------
 - Edgecut: 7733, communication volume: 54.

 - Balance:
     constraint #0:  2.276 out of 0.455

 - Most overweight partition:
     pid: 7, actual: 3500, desired: 1537, ratio: 2.28.

 - Subdomain connectivity: max: 4, min: 0, avg: 2.00

 - There are 0 non-contiguous partitions.
   Total components after removing the cut edges: 5,
   max components: 1 for pid: 1.

Timing Information ----------------------------------------------------------
  I/O:          		   0.001 sec
  Partitioning: 		   0.001 sec   (METIS time)
  Reporting:    		   0.000 sec

Memory Information ----------------------------------------------------------
  Max memory used:		   0.071 MB
******************************************************************************
LEO31: 49.56965828428795: ['LEO11', 'LEO12', 'LEO15', 'LEO16', 'LEO17', 'LEO18', 'LEO19', 'LEO21', 'LEO22', 'LEO25', 'LEO26', 'LEO27', 'LEO28', 'LEO29', 'LEO31', 'LEO36', 'LEO37', 'LEO38', 'LEO39', 'LEO46', 'LEO47', 'LEO48', 'LEO57', 'LEO58', 'LEO66', 'LEO67', 'LEO68']
LEO23: 41.22378088243759: ['LEO13', 'LEO14', 'LEO23', 'LEO24']
LEO33: 53.11881443373276: ['LEO32', 'LEO33', 'LEO34', 'LEO35', 'LEO43', 'LEO44', 'LEO45', 'LEO53', 'LEO54', 'LEO55', 'LEO56', 'LEO63', 'LEO64']
LEO51: 83.07706293717017: ['LEO41', 'LEO42', 'LEO49', 'LEO51', 'LEO52', 'LEO59', 'LEO61', 'LEO62', 'LEO69']
LEO71: 50.70655814693272: ['LEO65', 'LEO71', 'LEO72', 'LEO73', 'LEO74', 'LEO75', 'LEO76', 'LEO77', 'LEO78', 'LEO79', 'LEO81', 'LEO82', 'LEO83', 'LEO84', 'LEO85', 'LEO86', 'LEO87', 'LEO88', 'LEO89']
sum_con_loads:  277.70
max_con_loads:   83.08
avg_setup_time: 237.81
