******************************************************************************
METIS 5.0 Copyright 1998-13, Regents of the University of Minnesota
 (HEAD: , Built on: Dec 17 2022, 08:18:35)
 size of idx_t: 64bits, real_t: 32bits, idx_t *: 64bits

Graph Information -----------------------------------------------------------
 Name: MetisTopos/744, #Vertices: 72, #Edges: 128, #Parts: 8

Options ---------------------------------------------------------------------
 ptype=kway, objtype=cut, ctype=shem, rtype=greedy, iptype=metisrb
 dbglvl=0, ufactor=2.900, no2hop=NO, minconn=NO, contig=YES, nooutput=NO
 seed=-1, niter=10, ncuts=1

Direct k-way Partitioning ---------------------------------------------------
 - Edgecut: 6912, communication volume: 75.

 - Balance:
     constraint #0:  2.862 out of 0.455

 - Most overweight partition:
     pid: 7, actual: 4400, desired: 1537, ratio: 2.86.

 - Subdomain connectivity: max: 5, min: 0, avg: 2.75

 - There are 0 non-contiguous partitions.
   Total components after removing the cut edges: 6,
   max components: 1 for pid: 0.

Timing Information ----------------------------------------------------------
  I/O:          		   0.001 sec
  Partitioning: 		   0.001 sec   (METIS time)
  Reporting:    		   0.000 sec

Memory Information ----------------------------------------------------------
  Max memory used:		   0.071 MB
******************************************************************************
LEO49: 46.150150196835796: ['LEO11', 'LEO12', 'LEO17', 'LEO18', 'LEO19', 'LEO27', 'LEO28', 'LEO29', 'LEO37', 'LEO38', 'LEO39', 'LEO48', 'LEO49', 'LEO58', 'LEO59']
LEO41: 99.01330842788134: ['LEO13', 'LEO21', 'LEO22', 'LEO23', 'LEO31', 'LEO32', 'LEO33', 'LEO41', 'LEO42', 'LEO43', 'LEO51', 'LEO52', 'LEO53', 'LEO61', 'LEO62', 'LEO69']
LEO14: 24.700261211469172: ['LEO14', 'LEO15', 'LEO16', 'LEO26', 'LEO36', 'LEO46', 'LEO47', 'LEO57', 'LEO67', 'LEO68', 'LEO76', 'LEO77', 'LEO87', 'LEO88']
LEO34: 22.95095055887082: ['LEO24', 'LEO25', 'LEO34', 'LEO35', 'LEO44', 'LEO45', 'LEO54', 'LEO55', 'LEO56']
LEO73: 39.51944295316185: ['LEO63', 'LEO64', 'LEO65', 'LEO66', 'LEO72', 'LEO73', 'LEO74', 'LEO75', 'LEO81', 'LEO82', 'LEO83', 'LEO84', 'LEO85', 'LEO86', 'LEO89']
LEO71: 28.94966896700374: ['LEO71', 'LEO78', 'LEO79']
sum_con_loads:  261.28
max_con_loads:   99.01
avg_setup_time: 1007.10
