******************************************************************************
METIS 5.0 Copyright 1998-13, Regents of the University of Minnesota
 (HEAD: , Built on: Dec 17 2022, 08:18:35)
 size of idx_t: 64bits, real_t: 32bits, idx_t *: 64bits

Graph Information -----------------------------------------------------------
 Name: MetisTopos/744, #Vertices: 72, #Edges: 128, #Parts: 8

Options ---------------------------------------------------------------------
 ptype=kway, objtype=cut, ctype=shem, rtype=greedy, iptype=metisrb
 dbglvl=0, ufactor=1.200, no2hop=NO, minconn=NO, contig=YES, nooutput=NO
 seed=-1, niter=10, ncuts=1

Direct k-way Partitioning ---------------------------------------------------
 - Edgecut: 9899, communication volume: 76.

 - Balance:
     constraint #0:  1.171 out of 0.455

 - Most overweight partition:
     pid: 1, actual: 1800, desired: 1537, ratio: 1.17.

 - Subdomain connectivity: max: 5, min: 2, avg: 3.50

 - Each partition is contiguous.

Timing Information ----------------------------------------------------------
  I/O:          		   0.001 sec
  Partitioning: 		   0.002 sec   (METIS time)
  Reporting:    		   0.000 sec

Memory Information ----------------------------------------------------------
  Max memory used:		   0.070 MB
******************************************************************************
LEO41: 42.256251125633206: ['LEO11', 'LEO12', 'LEO21', 'LEO31', 'LEO39', 'LEO41']
LEO33: 48.40073772090625: ['LEO13', 'LEO22', 'LEO23', 'LEO32', 'LEO33']
LEO24: 37.31639412556414: ['LEO14', 'LEO24', 'LEO25', 'LEO34', 'LEO35']
LEO48: 30.89254710775297: ['LEO15', 'LEO16', 'LEO17', 'LEO18', 'LEO19', 'LEO26', 'LEO27', 'LEO28', 'LEO29', 'LEO36', 'LEO37', 'LEO38', 'LEO46', 'LEO47', 'LEO48', 'LEO49']
LEO62: 71.61882023582388: ['LEO42', 'LEO43', 'LEO51', 'LEO52', 'LEO53', 'LEO61', 'LEO62', 'LEO63', 'LEO71', 'LEO81']
LEO79: 30.399010270238275: ['LEO44', 'LEO45', 'LEO54', 'LEO55', 'LEO56', 'LEO57', 'LEO58', 'LEO64', 'LEO65', 'LEO66', 'LEO67', 'LEO68', 'LEO76', 'LEO77', 'LEO78', 'LEO79', 'LEO87', 'LEO88', 'LEO89']
LEO59: 31.563839385988935: ['LEO59', 'LEO69']
LEO73: 28.71229987574857: ['LEO72', 'LEO73', 'LEO74', 'LEO75', 'LEO82', 'LEO83', 'LEO84', 'LEO85', 'LEO86']
sum_con_loads:  321.16
max_con_loads:   71.62
avg_setup_time: 212.55
