******************************************************************************
METIS 5.0 Copyright 1998-13, Regents of the University of Minnesota
 (HEAD: , Built on: Dec 17 2022, 08:18:35)
 size of idx_t: 64bits, real_t: 32bits, idx_t *: 64bits

Graph Information -----------------------------------------------------------
 Name: MetisTopos/744, #Vertices: 72, #Edges: 128, #Parts: 8

Options ---------------------------------------------------------------------
 ptype=kway, objtype=cut, ctype=shem, rtype=greedy, iptype=metisrb
 dbglvl=0, ufactor=1.200, no2hop=NO, minconn=NO, contig=NO, nooutput=NO
 seed=-1, niter=10, ncuts=1

Direct k-way Partitioning ---------------------------------------------------
 - Edgecut: 9720, communication volume: 77.

 - Balance:
     constraint #0:  1.171 out of 0.455

 - Most overweight partition:
     pid: 1, actual: 1800, desired: 1537, ratio: 1.17.

 - Subdomain connectivity: max: 5, min: 2, avg: 3.75

 - Each partition is contiguous.

Timing Information ----------------------------------------------------------
  I/O:          		   0.001 sec
  Partitioning: 		   0.002 sec   (METIS time)
  Reporting:    		   0.000 sec

Memory Information ----------------------------------------------------------
  Max memory used:		   0.070 MB
******************************************************************************
LEO41: 40.588630585342514: ['LEO11', 'LEO12', 'LEO19', 'LEO21', 'LEO22', 'LEO29', 'LEO31', 'LEO41']
LEO23: 52.276294803678205: ['LEO13', 'LEO23', 'LEO24', 'LEO32', 'LEO33']
LEO14: 34.99190117674086: ['LEO14', 'LEO15', 'LEO16', 'LEO17', 'LEO18', 'LEO25', 'LEO26', 'LEO27', 'LEO28', 'LEO34', 'LEO35', 'LEO36']
LEO49: 26.929261994643824: ['LEO37', 'LEO38', 'LEO39', 'LEO48', 'LEO49']
LEO62: 71.61882023582388: ['LEO42', 'LEO43', 'LEO51', 'LEO52', 'LEO53', 'LEO61', 'LEO62', 'LEO63', 'LEO71', 'LEO81']
LEO79: 30.904594080367534: ['LEO44', 'LEO45', 'LEO46', 'LEO47', 'LEO54', 'LEO55', 'LEO56', 'LEO57', 'LEO58', 'LEO64', 'LEO65', 'LEO66', 'LEO67', 'LEO68', 'LEO77', 'LEO78', 'LEO79', 'LEO87', 'LEO88', 'LEO89']
LEO59: 31.563839385988935: ['LEO59', 'LEO69']
LEO73: 28.71229987574857: ['LEO72', 'LEO73', 'LEO74', 'LEO75', 'LEO76', 'LEO82', 'LEO83', 'LEO84', 'LEO85', 'LEO86']
sum_con_loads:  317.59
max_con_loads:   71.62
avg_setup_time: 208.54
