******************************************************************************
METIS 5.0 Copyright 1998-13, Regents of the University of Minnesota
 (HEAD: , Built on: Dec 17 2022, 08:18:35)
 size of idx_t: 64bits, real_t: 32bits, idx_t *: 64bits

Graph Information -----------------------------------------------------------
 Name: MetisTopos/744, #Vertices: 72, #Edges: 128, #Parts: 8

Options ---------------------------------------------------------------------
 ptype=kway, objtype=cut, ctype=shem, rtype=greedy, iptype=metisrb
 dbglvl=0, ufactor=3.100, no2hop=NO, minconn=NO, contig=NO, nooutput=NO
 seed=-1, niter=10, ncuts=1

Direct k-way Partitioning ---------------------------------------------------
 - Edgecut: 5866, communication volume: 60.

 - Balance:
     constraint #0:  3.057 out of 0.455

 - Most overweight partition:
     pid: 7, actual: 4700, desired: 1537, ratio: 3.06.

 - Subdomain connectivity: max: 4, min: 0, avg: 2.25

 - There are 0 non-contiguous partitions.
   Total components after removing the cut edges: 5,
   max components: 1 for pid: 3.

Timing Information ----------------------------------------------------------
  I/O:          		   0.001 sec
  Partitioning: 		   0.001 sec   (METIS time)
  Reporting:    		   0.000 sec

Memory Information ----------------------------------------------------------
  Max memory used:		   0.071 MB
******************************************************************************
LEO24: 55.31028474305575: ['LEO11', 'LEO14', 'LEO15', 'LEO16', 'LEO17', 'LEO18', 'LEO19', 'LEO24', 'LEO25', 'LEO26', 'LEO27', 'LEO28', 'LEO29', 'LEO34', 'LEO35', 'LEO36', 'LEO37', 'LEO38', 'LEO39', 'LEO44', 'LEO45', 'LEO46', 'LEO47', 'LEO57', 'LEO67']
LEO42: 96.8330982442653: ['LEO12', 'LEO13', 'LEO21', 'LEO22', 'LEO23', 'LEO31', 'LEO32', 'LEO33', 'LEO41', 'LEO42', 'LEO43', 'LEO51', 'LEO52', 'LEO61', 'LEO62', 'LEO71', 'LEO72', 'LEO81', 'LEO82', 'LEO83']
LEO59: 43.20093218786673: ['LEO48', 'LEO49', 'LEO58', 'LEO59', 'LEO68', 'LEO69']
LEO63: 25.61195362186675: ['LEO53', 'LEO54', 'LEO55', 'LEO56', 'LEO63', 'LEO64', 'LEO65', 'LEO66', 'LEO73', 'LEO74', 'LEO75', 'LEO84', 'LEO85', 'LEO86']
LEO79: 19.57990598495555: ['LEO76', 'LEO77', 'LEO78', 'LEO79', 'LEO87', 'LEO88', 'LEO89']
sum_con_loads:  240.54
max_con_loads:   96.83
avg_setup_time: 442.93
