******************************************************************************
METIS 5.0 Copyright 1998-13, Regents of the University of Minnesota
 (HEAD: , Built on: Dec 17 2022, 08:18:35)
 size of idx_t: 64bits, real_t: 32bits, idx_t *: 64bits

Graph Information -----------------------------------------------------------
 Name: MetisTopos/744, #Vertices: 72, #Edges: 128, #Parts: 8

Options ---------------------------------------------------------------------
 ptype=kway, objtype=cut, ctype=shem, rtype=greedy, iptype=metisrb
 dbglvl=0, ufactor=1.300, no2hop=NO, minconn=NO, contig=NO, nooutput=NO
 seed=-1, niter=10, ncuts=1

Direct k-way Partitioning ---------------------------------------------------
 - Edgecut: 9373, communication volume: 80.

 - Balance:
     constraint #0:  1.236 out of 0.455

 - Most overweight partition:
     pid: 1, actual: 1900, desired: 1537, ratio: 1.24.

 - Subdomain connectivity: max: 7, min: 3, avg: 4.25

 - There are 1 non-contiguous partitions.
   Total components after removing the cut edges: 9,
   max components: 2 for pid: 3.

Timing Information ----------------------------------------------------------
  I/O:          		   0.001 sec
  Partitioning: 		   0.002 sec   (METIS time)
  Reporting:    		   0.000 sec

Memory Information ----------------------------------------------------------
  Max memory used:		   0.070 MB
******************************************************************************
LEO41: 42.256251125633206: ['LEO11', 'LEO12', 'LEO19', 'LEO21', 'LEO22', 'LEO29', 'LEO31', 'LEO32', 'LEO39', 'LEO41']
LEO33: 52.68938134708507: ['LEO13', 'LEO23', 'LEO33', 'LEO34']
LEO14: 31.520389377252332: ['LEO14', 'LEO15', 'LEO16', 'LEO24', 'LEO25', 'LEO26', 'LEO35', 'LEO36']
LEO49: 25.730597735142695: ['LEO17', 'LEO18', 'LEO27', 'LEO28', 'LEO37', 'LEO38', 'LEO44', 'LEO45', 'LEO48', 'LEO49', 'LEO54', 'LEO55', 'LEO56']
LEO62: 71.9711198111308: ['LEO42', 'LEO43', 'LEO51', 'LEO52', 'LEO53', 'LEO61', 'LEO62', 'LEO63', 'LEO71', 'LEO72', 'LEO81']
LEO79: 27.719357940536014: ['LEO46', 'LEO47', 'LEO57', 'LEO58', 'LEO66', 'LEO67', 'LEO68', 'LEO76', 'LEO77', 'LEO78', 'LEO79', 'LEO87', 'LEO88', 'LEO89']
LEO59: 31.563839385988935: ['LEO59', 'LEO69']
LEO73: 27.19801291663689: ['LEO64', 'LEO65', 'LEO73', 'LEO74', 'LEO75', 'LEO82', 'LEO83', 'LEO84', 'LEO85', 'LEO86']
sum_con_loads:  310.65
max_con_loads:   71.97
avg_setup_time: 206.72
