******************************************************************************
METIS 5.0 Copyright 1998-13, Regents of the University of Minnesota
 (HEAD: , Built on: Dec 17 2022, 08:18:35)
 size of idx_t: 64bits, real_t: 32bits, idx_t *: 64bits

Graph Information -----------------------------------------------------------
 Name: MetisTopos/744, #Vertices: 72, #Edges: 128, #Parts: 8

Options ---------------------------------------------------------------------
 ptype=kway, objtype=cut, ctype=shem, rtype=greedy, iptype=metisrb
 dbglvl=0, ufactor=1.500, no2hop=NO, minconn=NO, contig=YES, nooutput=NO
 seed=-1, niter=10, ncuts=1

Direct k-way Partitioning ---------------------------------------------------
 - Edgecut: 8845, communication volume: 75.

 - Balance:
     constraint #0:  1.496 out of 0.455

 - Most overweight partition:
     pid: 5, actual: 2300, desired: 1537, ratio: 1.50.

 - Subdomain connectivity: max: 6, min: 3, avg: 4.25

 - Each partition is contiguous.

Timing Information ----------------------------------------------------------
  I/O:          		   0.001 sec
  Partitioning: 		   0.002 sec   (METIS time)
  Reporting:    		   0.000 sec

Memory Information ----------------------------------------------------------
  Max memory used:		   0.070 MB
******************************************************************************
LEO41: 42.256251125633206: ['LEO11', 'LEO12', 'LEO19', 'LEO21', 'LEO29', 'LEO31', 'LEO39', 'LEO41']
LEO23: 42.55106842252137: ['LEO13', 'LEO14', 'LEO15', 'LEO22', 'LEO23']
LEO48: 26.675216941186243: ['LEO16', 'LEO17', 'LEO18', 'LEO26', 'LEO27', 'LEO28', 'LEO36', 'LEO37', 'LEO38', 'LEO46', 'LEO47', 'LEO48', 'LEO49']
LEO34: 22.95095055887082: ['LEO24', 'LEO25', 'LEO34', 'LEO35']
LEO52: 79.55920875183274: ['LEO32', 'LEO33', 'LEO42', 'LEO43', 'LEO51', 'LEO52', 'LEO53', 'LEO61', 'LEO62', 'LEO63', 'LEO71', 'LEO72', 'LEO81']
LEO73: 27.19801291663689: ['LEO44', 'LEO45', 'LEO54', 'LEO55', 'LEO64', 'LEO65', 'LEO66', 'LEO73', 'LEO74', 'LEO75', 'LEO76', 'LEO82', 'LEO83', 'LEO84', 'LEO85']
LEO79: 27.21377413040675: ['LEO56', 'LEO57', 'LEO58', 'LEO67', 'LEO68', 'LEO77', 'LEO78', 'LEO79', 'LEO86', 'LEO87', 'LEO88', 'LEO89']
LEO59: 31.563839385988935: ['LEO59', 'LEO69']
sum_con_loads:  299.97
max_con_loads:   79.56
avg_setup_time: 213.69
