******************************************************************************
METIS 5.0 Copyright 1998-13, Regents of the University of Minnesota
 (HEAD: , Built on: Dec 17 2022, 08:18:35)
 size of idx_t: 64bits, real_t: 32bits, idx_t *: 64bits

Graph Information -----------------------------------------------------------
 Name: MetisTopos/744, #Vertices: 72, #Edges: 128, #Parts: 8

Options ---------------------------------------------------------------------
 ptype=kway, objtype=cut, ctype=shem, rtype=greedy, iptype=metisrb
 dbglvl=0, ufactor=1.600, no2hop=NO, minconn=NO, contig=YES, nooutput=NO
 seed=-1, niter=10, ncuts=1

Direct k-way Partitioning ---------------------------------------------------
 - Edgecut: 9416, communication volume: 81.

 - Balance:
     constraint #0:  1.496 out of 0.455

 - Most overweight partition:
     pid: 4, actual: 2300, desired: 1537, ratio: 1.50.

 - Subdomain connectivity: max: 6, min: 4, avg: 4.50

 - Each partition is contiguous.

Timing Information ----------------------------------------------------------
  I/O:          		   0.001 sec
  Partitioning: 		   0.002 sec   (METIS time)
  Reporting:    		   0.000 sec

Memory Information ----------------------------------------------------------
  Max memory used:		   0.071 MB
******************************************************************************
LEO41: 47.55626913348508: ['LEO11', 'LEO19', 'LEO21', 'LEO22', 'LEO29', 'LEO31', 'LEO39', 'LEO41', 'LEO49']
LEO23: 55.229393217943304: ['LEO12', 'LEO13', 'LEO14', 'LEO23', 'LEO32', 'LEO33', 'LEO43', 'LEO53']
LEO35: 37.946994723510024: ['LEO15', 'LEO16', 'LEO17', 'LEO18', 'LEO24', 'LEO25', 'LEO26', 'LEO27', 'LEO28', 'LEO34', 'LEO35', 'LEO36', 'LEO37', 'LEO38', 'LEO44', 'LEO45', 'LEO46', 'LEO47', 'LEO48', 'LEO54', 'LEO55', 'LEO56', 'LEO57', 'LEO65', 'LEO66', 'LEO67']
LEO62: 51.607664736500276: ['LEO42', 'LEO52', 'LEO62', 'LEO72', 'LEO82', 'LEO83', 'LEO84', 'LEO85', 'LEO86']
LEO51: 34.198999174380994: ['LEO51', 'LEO58', 'LEO59']
LEO61: 41.072303404120944: ['LEO61', 'LEO68', 'LEO69', 'LEO71', 'LEO81']
LEO73: 23.879517440467858: ['LEO63', 'LEO64', 'LEO73', 'LEO74', 'LEO75']
LEO79: 19.57990598495555: ['LEO76', 'LEO77', 'LEO78', 'LEO79', 'LEO87', 'LEO88', 'LEO89']
sum_con_loads:  311.07
max_con_loads:   55.23
avg_setup_time: 195.43
