******************************************************************************
METIS 5.0 Copyright 1998-13, Regents of the University of Minnesota
 (HEAD: , Built on: Dec 17 2022, 08:18:35)
 size of idx_t: 64bits, real_t: 32bits, idx_t *: 64bits

Graph Information -----------------------------------------------------------
 Name: MetisTopos/744, #Vertices: 72, #Edges: 128, #Parts: 8

Options ---------------------------------------------------------------------
 ptype=kway, objtype=cut, ctype=shem, rtype=greedy, iptype=metisrb
 dbglvl=0, ufactor=1.900, no2hop=NO, minconn=NO, contig=YES, nooutput=NO
 seed=-1, niter=10, ncuts=1

Direct k-way Partitioning ---------------------------------------------------
 - Edgecut: 8293, communication volume: 74.

 - Balance:
     constraint #0:  1.756 out of 0.455

 - Most overweight partition:
     pid: 3, actual: 2700, desired: 1537, ratio: 1.76.

 - Subdomain connectivity: max: 6, min: 3, avg: 4.50

 - Each partition is contiguous.

Timing Information ----------------------------------------------------------
  I/O:          		   0.001 sec
  Partitioning: 		   0.001 sec   (METIS time)
  Reporting:    		   0.000 sec

Memory Information ----------------------------------------------------------
  Max memory used:		   0.070 MB
******************************************************************************
LEO38: 22.82385668547404: ['LEO11', 'LEO12', 'LEO17', 'LEO18', 'LEO19', 'LEO26', 'LEO27', 'LEO28', 'LEO29', 'LEO36', 'LEO37', 'LEO38', 'LEO39', 'LEO46', 'LEO47', 'LEO48', 'LEO56', 'LEO57', 'LEO66', 'LEO67']
LEO33: 54.3075443559212: ['LEO13', 'LEO23', 'LEO24', 'LEO33', 'LEO34']
LEO14: 20.508937434258858: ['LEO14', 'LEO15', 'LEO16', 'LEO25']
LEO41: 46.32145917862599: ['LEO21', 'LEO22', 'LEO31', 'LEO32', 'LEO41', 'LEO49']
LEO74: 19.2570700478712: ['LEO35', 'LEO44', 'LEO45', 'LEO54', 'LEO55', 'LEO64', 'LEO65', 'LEO74', 'LEO75', 'LEO84', 'LEO85']
LEO62: 73.78259022484185: ['LEO42', 'LEO43', 'LEO51', 'LEO52', 'LEO53', 'LEO61', 'LEO62', 'LEO63', 'LEO71', 'LEO72', 'LEO73', 'LEO81', 'LEO82', 'LEO83', 'LEO89']
LEO59: 33.91897184108467: ['LEO58', 'LEO59', 'LEO68', 'LEO69']
LEO79: 18.030309959665196: ['LEO76', 'LEO77', 'LEO78', 'LEO79', 'LEO86', 'LEO87', 'LEO88']
sum_con_loads:  288.95
max_con_loads:   73.78
avg_setup_time: 197.08
