******************************************************************************
METIS 5.0 Copyright 1998-13, Regents of the University of Minnesota
 (HEAD: , Built on: Dec 17 2022, 08:18:35)
 size of idx_t: 64bits, real_t: 32bits, idx_t *: 64bits

Graph Information -----------------------------------------------------------
 Name: MetisTopos/1770, #Vertices: 72, #Edges: 126, #Parts: 8

Options ---------------------------------------------------------------------
 ptype=kway, objtype=cut, ctype=shem, rtype=greedy, iptype=metisrb
 dbglvl=0, ufactor=1.100, no2hop=NO, minconn=NO, contig=NO, nooutput=NO
 seed=-1, niter=10, ncuts=1

Direct k-way Partitioning ---------------------------------------------------
 - Edgecut: 9713, communication volume: 74.

 - Balance:
     constraint #0:  1.143 out of 0.571

 - Most overweight partition:
     pid: 0, actual: 1600, desired: 1400, ratio: 1.14.

 - Subdomain connectivity: max: 6, min: 3, avg: 4.00

 - There are 1 non-contiguous partitions.
   Total components after removing the cut edges: 9,
   max components: 2 for pid: 4.

Timing Information ----------------------------------------------------------
  I/O:          		   0.001 sec
  Partitioning: 		   0.002 sec   (METIS time)
  Reporting:    		   0.000 sec

Memory Information ----------------------------------------------------------
  Max memory used:		   0.071 MB
******************************************************************************
LEO29: 47.02716575860707: ['LEO11', 'LEO18', 'LEO19', 'LEO28', 'LEO29', 'LEO39']
LEO12: 30.307371782875506: ['LEO12', 'LEO13', 'LEO22']
LEO54: 30.846561994637103: ['LEO14', 'LEO15', 'LEO23', 'LEO24', 'LEO33', 'LEO34', 'LEO35', 'LEO43', 'LEO44', 'LEO45', 'LEO53', 'LEO54', 'LEO55', 'LEO56', 'LEO57', 'LEO63', 'LEO64', 'LEO65', 'LEO66', 'LEO72', 'LEO73', 'LEO74', 'LEO75', 'LEO82', 'LEO83', 'LEO84', 'LEO85']
LEO37: 33.53293542659915: ['LEO16', 'LEO17', 'LEO25', 'LEO26', 'LEO27', 'LEO36', 'LEO37', 'LEO38', 'LEO46', 'LEO47']
LEO31: 62.152467006501126: ['LEO21', 'LEO31', 'LEO32', 'LEO41', 'LEO42', 'LEO51', 'LEO52', 'LEO61', 'LEO62', 'LEO69', 'LEO71']
LEO48: 39.26780411324697: ['LEO48', 'LEO49', 'LEO58', 'LEO59']
LEO68: 37.65238319817759: ['LEO67', 'LEO68', 'LEO78', 'LEO79', 'LEO88']
LEO89: 25.734749511633677: ['LEO76', 'LEO77', 'LEO81', 'LEO86', 'LEO87', 'LEO89']
sum_con_loads:  306.52
max_con_loads:   62.15
avg_setup_time: 220.03
