******************************************************************************
METIS 5.0 Copyright 1998-13, Regents of the University of Minnesota
 (HEAD: , Built on: Dec 17 2022, 08:18:35)
 size of idx_t: 64bits, real_t: 32bits, idx_t *: 64bits

Graph Information -----------------------------------------------------------
 Name: MetisTopos/1770, #Vertices: 72, #Edges: 126, #Parts: 8

Options ---------------------------------------------------------------------
 ptype=kway, objtype=cut, ctype=shem, rtype=greedy, iptype=metisrb
 dbglvl=0, ufactor=1.100, no2hop=NO, minconn=NO, contig=YES, nooutput=NO
 seed=-1, niter=10, ncuts=1

Direct k-way Partitioning ---------------------------------------------------
 - Edgecut: 10399, communication volume: 73.

 - Balance:
     constraint #0:  1.071 out of 0.571

 - Most overweight partition:
     pid: 0, actual: 1500, desired: 1400, ratio: 1.07.

 - Subdomain connectivity: max: 7, min: 2, avg: 4.25

 - Each partition is contiguous.

Timing Information ----------------------------------------------------------
  I/O:          		   0.001 sec
  Partitioning: 		   0.002 sec   (METIS time)
  Reporting:    		   0.000 sec

Memory Information ----------------------------------------------------------
  Max memory used:		   0.071 MB
******************************************************************************
LEO11: 35.006700084878936: ['LEO11', 'LEO12', 'LEO22']
LEO36: 29.67299493011574: ['LEO13', 'LEO14', 'LEO23', 'LEO24', 'LEO34', 'LEO35', 'LEO36', 'LEO37']
LEO29: 58.034679493257904: ['LEO15', 'LEO16', 'LEO17', 'LEO18', 'LEO19', 'LEO21', 'LEO25', 'LEO26', 'LEO27', 'LEO28', 'LEO29', 'LEO38', 'LEO39']
LEO31: 53.34211469092717: ['LEO31', 'LEO32', 'LEO33', 'LEO41', 'LEO42', 'LEO43', 'LEO51', 'LEO52', 'LEO53', 'LEO61', 'LEO62', 'LEO63', 'LEO69']
LEO78: 33.191087906667086: ['LEO44', 'LEO45', 'LEO46', 'LEO54', 'LEO55', 'LEO56', 'LEO64', 'LEO65', 'LEO66', 'LEO74', 'LEO75', 'LEO76', 'LEO77', 'LEO78', 'LEO79', 'LEO82', 'LEO83', 'LEO84', 'LEO85', 'LEO86', 'LEO87', 'LEO88', 'LEO89']
LEO48: 38.941011399435475: ['LEO47', 'LEO48', 'LEO49', 'LEO57']
LEO68: 44.87921655386287: ['LEO58', 'LEO59', 'LEO67', 'LEO68']
LEO71: 26.78209201083247: ['LEO71', 'LEO72', 'LEO73', 'LEO81']
sum_con_loads:  319.85
max_con_loads:   58.03
avg_setup_time: 221.62
