******************************************************************************
METIS 5.0 Copyright 1998-13, Regents of the University of Minnesota
 (HEAD: , Built on: Dec 17 2022, 08:18:35)
 size of idx_t: 64bits, real_t: 32bits, idx_t *: 64bits

Graph Information -----------------------------------------------------------
 Name: MetisTopos/1770, #Vertices: 72, #Edges: 126, #Parts: 8

Options ---------------------------------------------------------------------
 ptype=kway, objtype=cut, ctype=shem, rtype=greedy, iptype=metisrb
 dbglvl=0, ufactor=2.100, no2hop=NO, minconn=NO, contig=YES, nooutput=NO
 seed=-1, niter=10, ncuts=1

Direct k-way Partitioning ---------------------------------------------------
 - Edgecut: 7775, communication volume: 71.

 - Balance:
     constraint #0:  2.071 out of 0.571

 - Most overweight partition:
     pid: 7, actual: 2900, desired: 1400, ratio: 2.07.

 - Subdomain connectivity: max: 6, min: 2, avg: 4.00

 - Each partition is contiguous.

Timing Information ----------------------------------------------------------
  I/O:          		   0.001 sec
  Partitioning: 		   0.002 sec   (METIS time)
  Reporting:    		   0.000 sec

Memory Information ----------------------------------------------------------
  Max memory used:		   0.071 MB
******************************************************************************
LEO21: 37.29286968117458: ['LEO11', 'LEO12', 'LEO21', 'LEO22']
LEO23: 19.43040641037726: ['LEO13', 'LEO14', 'LEO15', 'LEO23', 'LEO24', 'LEO33', 'LEO34', 'LEO43', 'LEO44']
LEO38: 32.5906375115841: ['LEO16', 'LEO17', 'LEO18', 'LEO19', 'LEO25', 'LEO26', 'LEO27', 'LEO28', 'LEO29', 'LEO38', 'LEO39']
LEO51: 57.33592203387281: ['LEO31', 'LEO32', 'LEO41', 'LEO42', 'LEO51', 'LEO52', 'LEO53', 'LEO54', 'LEO61', 'LEO62', 'LEO63', 'LEO64', 'LEO69', 'LEO71', 'LEO72', 'LEO73', 'LEO74', 'LEO82', 'LEO83']
LEO37: 17.638154345227996: ['LEO35', 'LEO36', 'LEO37']
LEO67: 25.862683198737386: ['LEO45', 'LEO46', 'LEO47', 'LEO55', 'LEO56', 'LEO65', 'LEO66', 'LEO67', 'LEO75', 'LEO76', 'LEO84', 'LEO85', 'LEO86']
LEO58: 61.75346335255449: ['LEO48', 'LEO49', 'LEO57', 'LEO58', 'LEO59', 'LEO68', 'LEO77', 'LEO78', 'LEO79', 'LEO87', 'LEO88']
LEO81: 15.741762681383705: ['LEO81', 'LEO89']
sum_con_loads:  267.65
max_con_loads:   61.75
avg_setup_time: 197.45
