******************************************************************************
METIS 5.0 Copyright 1998-13, Regents of the University of Minnesota
 (HEAD: , Built on: Dec 17 2022, 08:18:35)
 size of idx_t: 64bits, real_t: 32bits, idx_t *: 64bits

Graph Information -----------------------------------------------------------
 Name: MetisTopos/1770, #Vertices: 72, #Edges: 126, #Parts: 8

Options ---------------------------------------------------------------------
 ptype=kway, objtype=cut, ctype=shem, rtype=greedy, iptype=metisrb
 dbglvl=0, ufactor=3.000, no2hop=NO, minconn=NO, contig=YES, nooutput=NO
 seed=-1, niter=10, ncuts=1

Direct k-way Partitioning ---------------------------------------------------
 - Edgecut: 6031, communication volume: 48.

 - Balance:
     constraint #0:  3.000 out of 0.571

 - Most overweight partition:
     pid: 7, actual: 4200, desired: 1400, ratio: 3.00.

 - Subdomain connectivity: max: 4, min: 0, avg: 1.75

 - There are 0 non-contiguous partitions.
   Total components after removing the cut edges: 5,
   max components: 1 for pid: 1.

Timing Information ----------------------------------------------------------
  I/O:          		   0.001 sec
  Partitioning: 		   0.001 sec   (METIS time)
  Reporting:    		   0.000 sec

Memory Information ----------------------------------------------------------
  Max memory used:		   0.071 MB
******************************************************************************
LEO21: 37.29286968117458: ['LEO11', 'LEO12', 'LEO21', 'LEO22']
LEO13: 11.626609237704153: ['LEO13', 'LEO14', 'LEO23', 'LEO24', 'LEO25']
LEO38: 36.39837975376002: ['LEO15', 'LEO16', 'LEO17', 'LEO18', 'LEO19', 'LEO26', 'LEO27', 'LEO28', 'LEO29', 'LEO37', 'LEO38', 'LEO39']
LEO48: 94.30914862676843: ['LEO31', 'LEO32', 'LEO33', 'LEO34', 'LEO35', 'LEO36', 'LEO41', 'LEO44', 'LEO45', 'LEO46', 'LEO47', 'LEO48', 'LEO49', 'LEO51', 'LEO55', 'LEO56', 'LEO57', 'LEO58', 'LEO59', 'LEO61', 'LEO68', 'LEO69']
LEO78: 52.80779655750075: ['LEO42', 'LEO43', 'LEO52', 'LEO53', 'LEO54', 'LEO62', 'LEO63', 'LEO64', 'LEO65', 'LEO66', 'LEO67', 'LEO71', 'LEO72', 'LEO73', 'LEO74', 'LEO75', 'LEO76', 'LEO77', 'LEO78', 'LEO79', 'LEO81', 'LEO82', 'LEO83', 'LEO84', 'LEO85', 'LEO86', 'LEO87', 'LEO88', 'LEO89']
sum_con_loads:  232.43
max_con_loads:   94.31
avg_setup_time: 349.68
