******************************************************************************
METIS 5.0 Copyright 1998-13, Regents of the University of Minnesota
 (HEAD: , Built on: Dec 17 2022, 08:18:35)
 size of idx_t: 64bits, real_t: 32bits, idx_t *: 64bits

Graph Information -----------------------------------------------------------
 Name: MetisTopos/1770, #Vertices: 72, #Edges: 126, #Parts: 8

Options ---------------------------------------------------------------------
 ptype=kway, objtype=cut, ctype=shem, rtype=greedy, iptype=metisrb
 dbglvl=0, ufactor=1.200, no2hop=NO, minconn=NO, contig=NO, nooutput=NO
 seed=-1, niter=10, ncuts=1

Direct k-way Partitioning ---------------------------------------------------
 - Edgecut: 12791, communication volume: 91.

 - Balance:
     constraint #0:  1.214 out of 0.571

 - Most overweight partition:
     pid: 6, actual: 1700, desired: 1400, ratio: 1.21.

 - Subdomain connectivity: max: 6, min: 0, avg: 4.00

 - There are 3 non-contiguous partitions.
   Total components after removing the cut edges: 13,
   max components: 3 for pid: 0.

Timing Information ----------------------------------------------------------
  I/O:          		   0.001 sec
  Partitioning: 		   0.002 sec   (METIS time)
  Reporting:    		   0.000 sec

Memory Information ----------------------------------------------------------
  Max memory used:		   0.071 MB
******************************************************************************
LEO11: 32.99336326701498: ['LEO11', 'LEO12', 'LEO13', 'LEO14', 'LEO15', 'LEO16', 'LEO17', 'LEO24', 'LEO25', 'LEO26', 'LEO27', 'LEO34', 'LEO35', 'LEO36', 'LEO44']
LEO31: 63.662379427002605: ['LEO18', 'LEO19', 'LEO21', 'LEO28', 'LEO29', 'LEO31', 'LEO39', 'LEO41']
LEO51: 66.92932032589067: ['LEO22', 'LEO23', 'LEO33', 'LEO47', 'LEO51']
LEO58: 52.595167358178585: ['LEO32', 'LEO37', 'LEO42', 'LEO43', 'LEO52', 'LEO53', 'LEO57', 'LEO58', 'LEO59', 'LEO62', 'LEO63']
LEO61: 74.92609522850455: ['LEO38', 'LEO48', 'LEO49', 'LEO61', 'LEO69', 'LEO73']
LEO71: 38.76705307623597: ['LEO45', 'LEO46', 'LEO54', 'LEO55', 'LEO56', 'LEO64', 'LEO65', 'LEO66', 'LEO71', 'LEO72', 'LEO74', 'LEO75', 'LEO76', 'LEO81', 'LEO82', 'LEO83', 'LEO84', 'LEO85', 'LEO86', 'LEO89']
LEO68: 37.96270303373106: ['LEO67', 'LEO68', 'LEO77', 'LEO78', 'LEO79', 'LEO87', 'LEO88']
sum_con_loads:  367.84
max_con_loads:   74.93
avg_setup_time: 316.53
