******************************************************************************
METIS 5.0 Copyright 1998-13, Regents of the University of Minnesota
 (HEAD: , Built on: Dec 17 2022, 08:18:35)
 size of idx_t: 64bits, real_t: 32bits, idx_t *: 64bits

Graph Information -----------------------------------------------------------
 Name: MetisTopos/1770, #Vertices: 72, #Edges: 126, #Parts: 8

Options ---------------------------------------------------------------------
 ptype=kway, objtype=cut, ctype=shem, rtype=greedy, iptype=metisrb
 dbglvl=0, ufactor=1.200, no2hop=NO, minconn=NO, contig=YES, nooutput=NO
 seed=-1, niter=10, ncuts=1

Direct k-way Partitioning ---------------------------------------------------
 - Edgecut: 10232, communication volume: 76.

 - Balance:
     constraint #0:  1.214 out of 0.571

 - Most overweight partition:
     pid: 1, actual: 1700, desired: 1400, ratio: 1.21.

 - Subdomain connectivity: max: 7, min: 3, avg: 4.25

 - Each partition is contiguous.

Timing Information ----------------------------------------------------------
  I/O:          		   0.001 sec
  Partitioning: 		   0.002 sec   (METIS time)
  Reporting:    		   0.000 sec

Memory Information ----------------------------------------------------------
  Max memory used:		   0.071 MB
******************************************************************************
LEO11: 25.512176635335337: ['LEO11', 'LEO12', 'LEO13']
LEO37: 36.35127351196974: ['LEO14', 'LEO15', 'LEO16', 'LEO17', 'LEO24', 'LEO25', 'LEO26', 'LEO27', 'LEO34', 'LEO35', 'LEO36', 'LEO37', 'LEO38', 'LEO42', 'LEO43', 'LEO44', 'LEO52', 'LEO53', 'LEO54', 'LEO62', 'LEO63', 'LEO64', 'LEO73', 'LEO74']
LEO31: 63.662379427002605: ['LEO18', 'LEO19', 'LEO21', 'LEO28', 'LEO29', 'LEO31', 'LEO39', 'LEO41', 'LEO49']
LEO22: 23.183168392599924: ['LEO22', 'LEO23', 'LEO32', 'LEO33']
LEO78: 38.04572327280036: ['LEO45', 'LEO46', 'LEO47', 'LEO55', 'LEO56', 'LEO65', 'LEO66', 'LEO75', 'LEO76', 'LEO77', 'LEO78', 'LEO79', 'LEO84', 'LEO85', 'LEO86', 'LEO87', 'LEO88']
LEO58: 42.574007094696455: ['LEO48', 'LEO57', 'LEO58']
LEO61: 62.358627041830324: ['LEO51', 'LEO59', 'LEO61', 'LEO67', 'LEO68', 'LEO69']
LEO71: 24.788487150246564: ['LEO71', 'LEO72', 'LEO81', 'LEO82', 'LEO83', 'LEO89']
sum_con_loads:  316.48
max_con_loads:   63.66
avg_setup_time: 230.18
