******************************************************************************
METIS 5.0 Copyright 1998-13, Regents of the University of Minnesota
 (HEAD: , Built on: Dec 17 2022, 08:18:35)
 size of idx_t: 64bits, real_t: 32bits, idx_t *: 64bits

Graph Information -----------------------------------------------------------
 Name: MetisTopos/1770, #Vertices: 72, #Edges: 126, #Parts: 8

Options ---------------------------------------------------------------------
 ptype=kway, objtype=cut, ctype=shem, rtype=greedy, iptype=metisrb
 dbglvl=0, ufactor=1.300, no2hop=NO, minconn=NO, contig=NO, nooutput=NO
 seed=-1, niter=10, ncuts=1

Direct k-way Partitioning ---------------------------------------------------
 - Edgecut: 8975, communication volume: 81.

 - Balance:
     constraint #0:  1.286 out of 0.571

 - Most overweight partition:
     pid: 0, actual: 1800, desired: 1400, ratio: 1.29.

 - Subdomain connectivity: max: 7, min: 3, avg: 4.50

 - Each partition is contiguous.

Timing Information ----------------------------------------------------------
  I/O:          		   0.001 sec
  Partitioning: 		   0.002 sec   (METIS time)
  Reporting:    		   0.000 sec

Memory Information ----------------------------------------------------------
  Max memory used:		   0.071 MB
******************************************************************************
LEO21: 38.75502768384531: ['LEO11', 'LEO12', 'LEO13', 'LEO21']
LEO57: 30.4274839003125: ['LEO14', 'LEO15', 'LEO16', 'LEO24', 'LEO25', 'LEO26', 'LEO34', 'LEO35', 'LEO36', 'LEO44', 'LEO45', 'LEO46', 'LEO47', 'LEO54', 'LEO55', 'LEO56', 'LEO57', 'LEO65', 'LEO66', 'LEO67']
LEO29: 24.240723848714932: ['LEO17', 'LEO18', 'LEO19', 'LEO27', 'LEO28', 'LEO29']
LEO22: 23.183168392599928: ['LEO22', 'LEO23', 'LEO32', 'LEO33', 'LEO42', 'LEO43', 'LEO52', 'LEO53', 'LEO62', 'LEO63']
LEO31: 70.15434615720993: ['LEO31', 'LEO37', 'LEO38', 'LEO39', 'LEO41', 'LEO51', 'LEO61', 'LEO69']
LEO48: 39.26780411324697: ['LEO48', 'LEO49', 'LEO58', 'LEO59']
LEO71: 26.782092010832475: ['LEO64', 'LEO71', 'LEO72', 'LEO73', 'LEO74', 'LEO81', 'LEO82', 'LEO83', 'LEO84', 'LEO89']
LEO68: 39.07920118325674: ['LEO68', 'LEO75', 'LEO76', 'LEO77', 'LEO78', 'LEO79', 'LEO85', 'LEO86', 'LEO87', 'LEO88']
sum_con_loads:  291.89
max_con_loads:   70.15
avg_setup_time: 211.10
