******************************************************************************
METIS 5.0 Copyright 1998-13, Regents of the University of Minnesota
 (HEAD: , Built on: Dec 17 2022, 08:18:35)
 size of idx_t: 64bits, real_t: 32bits, idx_t *: 64bits

Graph Information -----------------------------------------------------------
 Name: MetisTopos/1770, #Vertices: 72, #Edges: 126, #Parts: 8

Options ---------------------------------------------------------------------
 ptype=kway, objtype=cut, ctype=shem, rtype=greedy, iptype=metisrb
 dbglvl=0, ufactor=1.400, no2hop=NO, minconn=NO, contig=NO, nooutput=NO
 seed=-1, niter=10, ncuts=1

Direct k-way Partitioning ---------------------------------------------------
 - Edgecut: 8150, communication volume: 73.

 - Balance:
     constraint #0:  1.357 out of 0.571

 - Most overweight partition:
     pid: 1, actual: 1900, desired: 1400, ratio: 1.36.

 - Subdomain connectivity: max: 6, min: 0, avg: 3.50

 - There are 0 non-contiguous partitions.
   Total components after removing the cut edges: 7,
   max components: 1 for pid: 1.

Timing Information ----------------------------------------------------------
  I/O:          		   0.001 sec
  Partitioning: 		   0.001 sec   (METIS time)
  Reporting:    		   0.000 sec

Memory Information ----------------------------------------------------------
  Max memory used:		   0.071 MB
******************************************************************************
LEO11: 36.1802004396877: ['LEO11', 'LEO12', 'LEO13', 'LEO14', 'LEO15', 'LEO16', 'LEO23', 'LEO24', 'LEO25', 'LEO32', 'LEO33', 'LEO34', 'LEO42', 'LEO43', 'LEO44']
LEO38: 36.39837975376002: ['LEO17', 'LEO18', 'LEO19', 'LEO26', 'LEO27', 'LEO28', 'LEO29', 'LEO37', 'LEO38', 'LEO39']
LEO31: 60.621199060074126: ['LEO21', 'LEO22', 'LEO31', 'LEO41', 'LEO51', 'LEO61', 'LEO69']
LEO48: 40.63790698167787: ['LEO35', 'LEO36', 'LEO45', 'LEO46', 'LEO47', 'LEO48', 'LEO49', 'LEO55', 'LEO56', 'LEO65', 'LEO66']
LEO71: 26.782092010832475: ['LEO52', 'LEO53', 'LEO54', 'LEO62', 'LEO63', 'LEO64', 'LEO71', 'LEO72', 'LEO73', 'LEO74', 'LEO81', 'LEO82', 'LEO83', 'LEO89']
LEO68: 46.88464169325012: ['LEO57', 'LEO58', 'LEO59', 'LEO67', 'LEO68']
LEO78: 27.480194243394106: ['LEO75', 'LEO76', 'LEO77', 'LEO78', 'LEO79', 'LEO84', 'LEO85', 'LEO86', 'LEO87', 'LEO88']
sum_con_loads:  274.98
max_con_loads:   60.62
avg_setup_time: 199.87
