******************************************************************************
METIS 5.0 Copyright 1998-13, Regents of the University of Minnesota
 (HEAD: , Built on: Dec 17 2022, 08:18:35)
 size of idx_t: 64bits, real_t: 32bits, idx_t *: 64bits

Graph Information -----------------------------------------------------------
 Name: MetisTopos/1770, #Vertices: 72, #Edges: 126, #Parts: 8

Options ---------------------------------------------------------------------
 ptype=kway, objtype=cut, ctype=shem, rtype=greedy, iptype=metisrb
 dbglvl=0, ufactor=1.500, no2hop=NO, minconn=NO, contig=YES, nooutput=NO
 seed=-1, niter=10, ncuts=1

Direct k-way Partitioning ---------------------------------------------------
 - Edgecut: 8528, communication volume: 80.

 - Balance:
     constraint #0:  1.500 out of 0.571

 - Most overweight partition:
     pid: 1, actual: 2100, desired: 1400, ratio: 1.50.

 - Subdomain connectivity: max: 7, min: 2, avg: 4.25

 - Each partition is contiguous.

Timing Information ----------------------------------------------------------
  I/O:          		   0.001 sec
  Partitioning: 		   0.002 sec   (METIS time)
  Reporting:    		   0.000 sec

Memory Information ----------------------------------------------------------
  Max memory used:		   0.071 MB
******************************************************************************
LEO31: 64.76068236800467: ['LEO11', 'LEO12', 'LEO21', 'LEO31', 'LEO41', 'LEO51', 'LEO61', 'LEO69', 'LEO71']
LEO22: 24.886451794948748: ['LEO13', 'LEO22', 'LEO23']
LEO33: 25.627750665699736: ['LEO14', 'LEO15', 'LEO16', 'LEO17', 'LEO18', 'LEO19', 'LEO24', 'LEO25', 'LEO26', 'LEO27', 'LEO32', 'LEO33', 'LEO34', 'LEO35', 'LEO36', 'LEO42', 'LEO43', 'LEO44', 'LEO45', 'LEO46', 'LEO55', 'LEO65']
LEO38: 35.175920573948524: ['LEO28', 'LEO29', 'LEO37', 'LEO38', 'LEO39']
LEO48: 31.657714679355763: ['LEO47', 'LEO48', 'LEO49']
LEO75: 19.583476083690435: ['LEO52', 'LEO53', 'LEO54', 'LEO62', 'LEO63', 'LEO64', 'LEO72', 'LEO73', 'LEO74', 'LEO75', 'LEO76', 'LEO77', 'LEO82', 'LEO83', 'LEO84', 'LEO85', 'LEO86', 'LEO87']
LEO68: 47.8147716564076: ['LEO56', 'LEO57', 'LEO58', 'LEO59', 'LEO66', 'LEO67', 'LEO68']
LEO78: 33.1001251326725: ['LEO78', 'LEO79', 'LEO81', 'LEO88', 'LEO89']
sum_con_loads:  282.61
max_con_loads:   64.76
avg_setup_time: 213.75
