******************************************************************************
METIS 5.0 Copyright 1998-13, Regents of the University of Minnesota
 (HEAD: , Built on: Dec 17 2022, 08:18:35)
 size of idx_t: 64bits, real_t: 32bits, idx_t *: 64bits

Graph Information -----------------------------------------------------------
 Name: MetisTopos/1770, #Vertices: 72, #Edges: 126, #Parts: 8

Options ---------------------------------------------------------------------
 ptype=kway, objtype=cut, ctype=shem, rtype=greedy, iptype=metisrb
 dbglvl=0, ufactor=1.700, no2hop=NO, minconn=NO, contig=NO, nooutput=NO
 seed=-1, niter=10, ncuts=1

Direct k-way Partitioning ---------------------------------------------------
 - Edgecut: 8259, communication volume: 77.

 - Balance:
     constraint #0:  1.643 out of 0.571

 - Most overweight partition:
     pid: 5, actual: 2300, desired: 1400, ratio: 1.64.

 - Subdomain connectivity: max: 6, min: 3, avg: 4.50

 - Each partition is contiguous.

Timing Information ----------------------------------------------------------
  I/O:          		   0.001 sec
  Partitioning: 		   0.002 sec   (METIS time)
  Reporting:    		   0.000 sec

Memory Information ----------------------------------------------------------
  Max memory used:		   0.071 MB
******************************************************************************
LEO31: 60.07277577942072: ['LEO11', 'LEO12', 'LEO21', 'LEO22', 'LEO31', 'LEO32', 'LEO41', 'LEO42', 'LEO51', 'LEO52']
LEO23: 19.43040641037726: ['LEO13', 'LEO14', 'LEO15', 'LEO23', 'LEO24', 'LEO25', 'LEO33', 'LEO34', 'LEO43', 'LEO44']
LEO38: 52.15888377361412: ['LEO16', 'LEO17', 'LEO18', 'LEO19', 'LEO26', 'LEO27', 'LEO28', 'LEO29', 'LEO38', 'LEO39', 'LEO47', 'LEO48', 'LEO49']
LEO37: 17.638154345227996: ['LEO35', 'LEO36', 'LEO37']
LEO67: 21.129156487194724: ['LEO45', 'LEO46', 'LEO55', 'LEO56', 'LEO65', 'LEO66', 'LEO67', 'LEO75', 'LEO76', 'LEO77', 'LEO82', 'LEO83', 'LEO84', 'LEO85', 'LEO86', 'LEO87']
LEO61: 38.86850649417741: ['LEO53', 'LEO54', 'LEO61', 'LEO62', 'LEO63', 'LEO64', 'LEO69', 'LEO71', 'LEO72', 'LEO73', 'LEO74']
LEO68: 48.41465328012528: ['LEO57', 'LEO58', 'LEO59', 'LEO68', 'LEO78', 'LEO79']
LEO81: 19.495385169911447: ['LEO81', 'LEO88', 'LEO89']
sum_con_loads:  277.21
max_con_loads:   60.07
avg_setup_time: 193.57
