******************************************************************************
METIS 5.0 Copyright 1998-13, Regents of the University of Minnesota
 (HEAD: , Built on: Dec 17 2022, 08:18:35)
 size of idx_t: 64bits, real_t: 32bits, idx_t *: 64bits

Graph Information -----------------------------------------------------------
 Name: MetisTopos/1770, #Vertices: 72, #Edges: 126, #Parts: 8

Options ---------------------------------------------------------------------
 ptype=kway, objtype=cut, ctype=shem, rtype=greedy, iptype=metisrb
 dbglvl=0, ufactor=1.900, no2hop=NO, minconn=NO, contig=NO, nooutput=NO
 seed=-1, niter=10, ncuts=1

Direct k-way Partitioning ---------------------------------------------------
 - Edgecut: 8047, communication volume: 72.

 - Balance:
     constraint #0:  1.714 out of 0.571

 - Most overweight partition:
     pid: 3, actual: 2400, desired: 1400, ratio: 1.71.

 - Subdomain connectivity: max: 6, min: 3, avg: 4.00

 - Each partition is contiguous.

Timing Information ----------------------------------------------------------
  I/O:          		   0.001 sec
  Partitioning: 		   0.002 sec   (METIS time)
  Reporting:    		   0.000 sec

Memory Information ----------------------------------------------------------
  Max memory used:		   0.071 MB
******************************************************************************
LEO21: 37.29286968117458: ['LEO11', 'LEO12', 'LEO21', 'LEO22']
LEO23: 19.43040641037726: ['LEO13', 'LEO14', 'LEO15', 'LEO23', 'LEO24', 'LEO33', 'LEO34', 'LEO43', 'LEO44']
LEO38: 32.5906375115841: ['LEO16', 'LEO17', 'LEO18', 'LEO19', 'LEO25', 'LEO26', 'LEO27', 'LEO28', 'LEO29', 'LEO38', 'LEO39']
LEO41: 76.68035457062294: ['LEO31', 'LEO32', 'LEO41', 'LEO42', 'LEO48', 'LEO49', 'LEO51', 'LEO52', 'LEO58', 'LEO59', 'LEO61', 'LEO62', 'LEO69']
LEO37: 17.638154345227996: ['LEO35', 'LEO36', 'LEO37']
LEO57: 23.282797843151094: ['LEO45', 'LEO46', 'LEO47', 'LEO53', 'LEO54', 'LEO55', 'LEO56', 'LEO57', 'LEO63', 'LEO64', 'LEO65', 'LEO73', 'LEO74', 'LEO75', 'LEO83', 'LEO84', 'LEO85']
LEO68: 41.084626322643985: ['LEO66', 'LEO67', 'LEO68', 'LEO76', 'LEO77', 'LEO78', 'LEO79', 'LEO86', 'LEO87', 'LEO88']
LEO71: 24.788487150246564: ['LEO71', 'LEO72', 'LEO81', 'LEO82', 'LEO89']
sum_con_loads:  272.79
max_con_loads:   76.68
avg_setup_time: 215.83
