0.01 , iter--1, SumLoad: 404.6275, MaxCon: LEO31, Load: 70.4185 
0.04 , iter--2, SumLoad: 407.5398, MaxCon: LEO31, Load: 70.1138 
0.07 , iter--3, SumLoad: 400.7474, MaxCon: LEO31, Load: 66.8142 
0.10 , iter--4, SumLoad: 401.6124, MaxCon: LEO61, Load: 64.3201 
0.12 , iter--5, SumLoad: 377.1246, MaxCon: LEO31, Load: 60.4478 
0.14 , iter--6, SumLoad: 363.8462, MaxCon: LEO71, Load: 59.2775 
0.17 , iter--7, SumLoad: 367.9011, MaxCon: LEO71, Load: 56.0008 
0.19 , iter--8, SumLoad: 365.6588, MaxCon: LEO71, Load: 56.0008 
0.21 , iter--9, SumLoad: 365.7627, MaxCon: LEO71, Load: 56.0008 
LEO12: 17.64463877736273: ['LEO11', 'LEO12', 'LEO13', 'LEO14', 'LEO15', 'LEO16', 'LEO17', 'LEO18']
LEO22: 41.25751495135392: ['LEO21', 'LEO22', 'LEO23', 'LEO24', 'LEO25', 'LEO26', 'LEO27', 'LEO28']
LEO31: 49.15838780971719: ['LEO31', 'LEO32', 'LEO33']
LEO39: 53.859618429361674: ['LEO42', 'LEO43', 'LEO45', 'LEO47', 'LEO48', 'LEO49', 'LEO37', 'LEO38', 'LEO39', 'LEO29', 'LEO19']
LEO59: 48.30127668718175: ['LEO52', 'LEO53', 'LEO54', 'LEO55', 'LEO56', 'LEO57', 'LEO58', 'LEO59', 'LEO34', 'LEO35', 'LEO44', 'LEO36', 'LEO46']
LEO69: 47.13045648482173: ['LEO62', 'LEO63', 'LEO64', 'LEO65', 'LEO67', 'LEO68', 'LEO69', 'LEO72', 'LEO73', 'LEO74']
LEO71: 56.000803657012426: ['LEO71', 'LEO75', 'LEO76', 'LEO77', 'LEO78', 'LEO79', 'LEO61', 'LEO81', 'LEO66']
LEO51: 52.306128642093555: ['LEO82', 'LEO83', 'LEO84', 'LEO85', 'LEO86', 'LEO87', 'LEO88', 'LEO89', 'LEO51', 'LEO41']
sum_con_loads:  365.66
max_con_loads:   56.00
avg_setup_time: 236.40
