0.01 , iter--1, SumLoad: 393.9784, MaxCon: LEO61, Load: 73.4942 
0.04 , iter--2, SumLoad: 392.7000, MaxCon: LEO61, Load: 73.1387 
0.06 , iter--3, SumLoad: 387.9412, MaxCon: LEO61, Load: 72.3330 
0.08 , iter--4, SumLoad: 386.5084, MaxCon: LEO61, Load: 70.9002 
0.10 , iter--5, SumLoad: 382.7484, MaxCon: LEO31, Load: 70.6276 
0.12 , iter--6, SumLoad: 348.2768, MaxCon: LEO21, Load: 69.7550 
0.14 , iter--7, SumLoad: 355.2388, MaxCon: LEO61, Load: 69.0022 
0.16 , iter--8, SumLoad: 354.3538, MaxCon: LEO21, Load: 68.9458 
0.19 , iter--9, SumLoad: 352.5351, MaxCon: LEO61, Load: 68.1173 
0.21 , iter-10, SumLoad: 357.1073, MaxCon: LEO21, Load: 67.7907 
0.23 , iter-11, SumLoad: 355.5585, MaxCon: LEO21, Load: 66.5942 
0.25 , iter-12, SumLoad: 355.5585, MaxCon: LEO21, Load: 66.5942 
LEO12: 21.376014444362877: ['LEO11', 'LEO12', 'LEO13', 'LEO14', 'LEO15', 'LEO16', 'LEO17', 'LEO18', 'LEO19']
LEO21: 66.59422722139291: ['LEO21', 'LEO22', 'LEO27', 'LEO28', 'LEO29', 'LEO31', 'LEO41']
LEO32: 49.44595364075743: ['LEO32', 'LEO33', 'LEO34', 'LEO35', 'LEO36', 'LEO37', 'LEO38', 'LEO39', 'LEO64', 'LEO54', 'LEO44', 'LEO23', 'LEO24', 'LEO25', 'LEO26']
LEO49: 46.37648106560354: ['LEO42', 'LEO45', 'LEO47', 'LEO48', 'LEO49']
LEO59: 46.79815957309992: ['LEO52', 'LEO55', 'LEO57', 'LEO58', 'LEO59', 'LEO67']
LEO61: 62.049132453726855: ['LEO61', 'LEO62', 'LEO69', 'LEO51', 'LEO71']
LEO78: 45.27677509979337: ['LEO72', 'LEO73', 'LEO74', 'LEO75', 'LEO76', 'LEO77', 'LEO78', 'LEO79', 'LEO63', 'LEO53', 'LEO43', 'LEO65', 'LEO66', 'LEO56', 'LEO46', 'LEO68']
LEO81: 17.641732873704008: ['LEO81', 'LEO82', 'LEO83', 'LEO84', 'LEO85', 'LEO86', 'LEO87', 'LEO88', 'LEO89']
sum_con_loads:  355.56
max_con_loads:   66.59
avg_setup_time: 223.93
