******************************************************************************
METIS 5.0 Copyright 1998-13, Regents of the University of Minnesota
 (HEAD: , Built on: Dec 17 2022, 08:18:35)
 size of idx_t: 64bits, real_t: 32bits, idx_t *: 64bits

Graph Information -----------------------------------------------------------
 Name: MetisTopos/1247, #Vertices: 72, #Edges: 128, #Parts: 8

Options ---------------------------------------------------------------------
 ptype=kway, objtype=cut, ctype=shem, rtype=greedy, iptype=metisrb
 dbglvl=0, ufactor=1.100, no2hop=NO, minconn=NO, contig=YES, nooutput=NO
 seed=-1, niter=10, ncuts=1

Direct k-way Partitioning ---------------------------------------------------
 - Edgecut: 11822, communication volume: 84.

 - Balance:
     constraint #0:  1.103 out of 0.552

 - Most overweight partition:
     pid: 5, actual: 1600, desired: 1450, ratio: 1.10.

 - Subdomain connectivity: max: 6, min: 3, avg: 4.25

 - Each partition is contiguous.

Timing Information ----------------------------------------------------------
  I/O:          		   0.001 sec
  Partitioning: 		   0.002 sec   (METIS time)
  Reporting:    		   0.000 sec

Memory Information ----------------------------------------------------------
  Max memory used:		   0.070 MB
******************************************************************************
LEO39: 32.354223297566534: ['LEO11', 'LEO21', 'LEO29', 'LEO31', 'LEO38', 'LEO39', 'LEO48']
LEO42: 68.23469972401304: ['LEO12', 'LEO22', 'LEO32', 'LEO41', 'LEO42', 'LEO49']
LEO13: 25.432905791616275: ['LEO13', 'LEO14', 'LEO15', 'LEO16', 'LEO17', 'LEO18', 'LEO19', 'LEO28']
LEO25: 39.30561917061339: ['LEO23', 'LEO24', 'LEO25', 'LEO26', 'LEO27', 'LEO34', 'LEO37', 'LEO47', 'LEO57']
LEO52: 62.29677760540995: ['LEO33', 'LEO35', 'LEO36', 'LEO43', 'LEO44', 'LEO45', 'LEO46', 'LEO51', 'LEO52', 'LEO53', 'LEO54', 'LEO55', 'LEO56', 'LEO63', 'LEO64', 'LEO65', 'LEO66', 'LEO67', 'LEO72', 'LEO73', 'LEO74', 'LEO75', 'LEO76', 'LEO83', 'LEO84', 'LEO85', 'LEO86', 'LEO87', 'LEO88', 'LEO89']
LEO59: 48.45809318910199: ['LEO58', 'LEO59', 'LEO69']
LEO62: 47.76798108042739: ['LEO61', 'LEO62', 'LEO71', 'LEO81', 'LEO82']
LEO68: 29.01425180834567: ['LEO68', 'LEO77', 'LEO78', 'LEO79']
sum_con_loads:  352.86
max_con_loads:   68.23
avg_setup_time: 262.87
