******************************************************************************
METIS 5.0 Copyright 1998-13, Regents of the University of Minnesota
 (HEAD: , Built on: Dec 17 2022, 08:18:35)
 size of idx_t: 64bits, real_t: 32bits, idx_t *: 64bits

Graph Information -----------------------------------------------------------
 Name: MetisTopos/1247, #Vertices: 72, #Edges: 128, #Parts: 8

Options ---------------------------------------------------------------------
 ptype=kway, objtype=cut, ctype=shem, rtype=greedy, iptype=metisrb
 dbglvl=0, ufactor=1.100, no2hop=NO, minconn=NO, contig=NO, nooutput=NO
 seed=-1, niter=10, ncuts=1

Direct k-way Partitioning ---------------------------------------------------
 - Edgecut: 15801, communication volume: 102.

 - Balance:
     constraint #0:  1.241 out of 0.552

 - Most overweight partition:
     pid: 6, actual: 1800, desired: 1450, ratio: 1.24.

 - Subdomain connectivity: max: 6, min: 0, avg: 4.25

 - There are 7 non-contiguous partitions.
   Total components after removing the cut edges: 22,
   max components: 6 for pid: 1.

Timing Information ----------------------------------------------------------
  I/O:          		   0.001 sec
  Partitioning: 		   0.002 sec   (METIS time)
  Reporting:    		   0.000 sec

Memory Information ----------------------------------------------------------
  Max memory used:		   0.070 MB
******************************************************************************
LEO39: 54.31225020797211: ['LEO11', 'LEO15', 'LEO24', 'LEO25', 'LEO29', 'LEO39', 'LEO48', 'LEO58']
LEO12: 36.455046310944184: ['LEO12', 'LEO13', 'LEO14', 'LEO38']
LEO42: 95.29720770869783: ['LEO16', 'LEO17', 'LEO18', 'LEO19', 'LEO26', 'LEO27', 'LEO28', 'LEO33', 'LEO34', 'LEO36', 'LEO41', 'LEO42', 'LEO47', 'LEO67', 'LEO72', 'LEO73', 'LEO74', 'LEO75', 'LEO76', 'LEO78', 'LEO83', 'LEO84', 'LEO85', 'LEO86', 'LEO87', 'LEO88', 'LEO89']
LEO32: 88.23780584799384: ['LEO21', 'LEO22', 'LEO23', 'LEO31', 'LEO32', 'LEO35', 'LEO43', 'LEO44', 'LEO45', 'LEO46', 'LEO51', 'LEO52', 'LEO53', 'LEO54', 'LEO55', 'LEO56', 'LEO63', 'LEO64', 'LEO65', 'LEO66']
LEO68: 35.09537111978834: ['LEO37', 'LEO57', 'LEO68', 'LEO77']
LEO59: 62.43610329288497: ['LEO49', 'LEO59', 'LEO69', 'LEO81']
LEO71: 60.65045123178736: ['LEO61', 'LEO62', 'LEO71', 'LEO79', 'LEO82']
sum_con_loads:  432.48
max_con_loads:   95.30
avg_setup_time: 549.89
