******************************************************************************
METIS 5.0 Copyright 1998-13, Regents of the University of Minnesota
 (HEAD: , Built on: Dec 17 2022, 08:18:35)
 size of idx_t: 64bits, real_t: 32bits, idx_t *: 64bits

Graph Information -----------------------------------------------------------
 Name: MetisTopos/1247, #Vertices: 72, #Edges: 128, #Parts: 8

Options ---------------------------------------------------------------------
 ptype=kway, objtype=cut, ctype=shem, rtype=greedy, iptype=metisrb
 dbglvl=0, ufactor=2.800, no2hop=NO, minconn=NO, contig=NO, nooutput=NO
 seed=-1, niter=10, ncuts=1

Direct k-way Partitioning ---------------------------------------------------
 - Edgecut: 6973, communication volume: 63.

 - Balance:
     constraint #0:  2.759 out of 0.552

 - Most overweight partition:
     pid: 7, actual: 4000, desired: 1450, ratio: 2.76.

 - Subdomain connectivity: max: 5, min: 0, avg: 2.75

 - There are 0 non-contiguous partitions.
   Total components after removing the cut edges: 6,
   max components: 1 for pid: 0.

Timing Information ----------------------------------------------------------
  I/O:          		   0.001 sec
  Partitioning: 		   0.001 sec   (METIS time)
  Reporting:    		   0.000 sec

Memory Information ----------------------------------------------------------
  Max memory used:		   0.071 MB
******************************************************************************
LEO12: 28.937073259229507: ['LEO11', 'LEO12', 'LEO21']
LEO13: 23.219563224852184: ['LEO13', 'LEO14', 'LEO15']
LEO39: 25.446772871418595: ['LEO16', 'LEO17', 'LEO18', 'LEO19', 'LEO27', 'LEO28', 'LEO29', 'LEO31', 'LEO37', 'LEO38', 'LEO39']
LEO52: 88.48406060316603: ['LEO22', 'LEO32', 'LEO41', 'LEO42', 'LEO49', 'LEO51', 'LEO52', 'LEO59', 'LEO61', 'LEO62', 'LEO69', 'LEO71', 'LEO72', 'LEO81', 'LEO82']
LEO33: 43.05873111299419: ['LEO23', 'LEO24', 'LEO25', 'LEO26', 'LEO33', 'LEO34', 'LEO35', 'LEO36', 'LEO43', 'LEO44', 'LEO45', 'LEO46', 'LEO53', 'LEO54', 'LEO55', 'LEO56', 'LEO63', 'LEO64', 'LEO65', 'LEO66', 'LEO73', 'LEO74', 'LEO75', 'LEO76', 'LEO83', 'LEO84', 'LEO85', 'LEO86']
LEO68: 46.416383021989645: ['LEO47', 'LEO48', 'LEO57', 'LEO58', 'LEO67', 'LEO68', 'LEO77', 'LEO78', 'LEO79', 'LEO87', 'LEO88', 'LEO89']
sum_con_loads:  255.56
max_con_loads:   88.48
avg_setup_time: 277.53
