******************************************************************************
METIS 5.0 Copyright 1998-13, Regents of the University of Minnesota
 (HEAD: , Built on: Dec 17 2022, 08:18:35)
 size of idx_t: 64bits, real_t: 32bits, idx_t *: 64bits

Graph Information -----------------------------------------------------------
 Name: MetisTopos/1247, #Vertices: 72, #Edges: 128, #Parts: 8

Options ---------------------------------------------------------------------
 ptype=kway, objtype=cut, ctype=shem, rtype=greedy, iptype=metisrb
 dbglvl=0, ufactor=1.200, no2hop=NO, minconn=NO, contig=NO, nooutput=NO
 seed=-1, niter=10, ncuts=1

Direct k-way Partitioning ---------------------------------------------------
 - Edgecut: 9562, communication volume: 78.

 - Balance:
     constraint #0:  1.172 out of 0.552

 - Most overweight partition:
     pid: 5, actual: 1700, desired: 1450, ratio: 1.17.

 - Subdomain connectivity: max: 7, min: 3, avg: 4.50

 - Each partition is contiguous.

Timing Information ----------------------------------------------------------
  I/O:          		   0.001 sec
  Partitioning: 		   0.002 sec   (METIS time)
  Reporting:    		   0.000 sec

Memory Information ----------------------------------------------------------
  Max memory used:		   0.070 MB
******************************************************************************
LEO12: 34.33195771520547: ['LEO11', 'LEO12', 'LEO13', 'LEO19', 'LEO21']
LEO35: 30.14412611680914: ['LEO14', 'LEO15', 'LEO16', 'LEO17', 'LEO18', 'LEO24', 'LEO25', 'LEO26', 'LEO27', 'LEO28', 'LEO34', 'LEO35', 'LEO36', 'LEO37', 'LEO44', 'LEO45', 'LEO46', 'LEO53', 'LEO54', 'LEO55', 'LEO56', 'LEO63', 'LEO64', 'LEO65', 'LEO66', 'LEO74', 'LEO75', 'LEO76']
LEO32: 50.30539137735232: ['LEO22', 'LEO23', 'LEO32', 'LEO33', 'LEO41', 'LEO42', 'LEO43']
LEO49: 53.69774605427917: ['LEO29', 'LEO31', 'LEO39', 'LEO49', 'LEO59']
LEO58: 27.261612167636983: ['LEO38', 'LEO47', 'LEO48', 'LEO57', 'LEO58']
LEO62: 38.87550912715088: ['LEO51', 'LEO52', 'LEO62', 'LEO72', 'LEO73']
LEO69: 47.398748686701765: ['LEO61', 'LEO67', 'LEO68', 'LEO69', 'LEO71', 'LEO79', 'LEO81', 'LEO89']
LEO82: 25.760332515796303: ['LEO77', 'LEO78', 'LEO82', 'LEO83', 'LEO84', 'LEO85', 'LEO86', 'LEO87', 'LEO88']
sum_con_loads:  307.78
max_con_loads:   53.70
avg_setup_time: 209.16
