******************************************************************************
METIS 5.0 Copyright 1998-13, Regents of the University of Minnesota
 (HEAD: , Built on: Dec 17 2022, 08:18:35)
 size of idx_t: 64bits, real_t: 32bits, idx_t *: 64bits

Graph Information -----------------------------------------------------------
 Name: MetisTopos/1247, #Vertices: 72, #Edges: 128, #Parts: 8

Options ---------------------------------------------------------------------
 ptype=kway, objtype=cut, ctype=shem, rtype=greedy, iptype=metisrb
 dbglvl=0, ufactor=3.200, no2hop=NO, minconn=NO, contig=YES, nooutput=NO
 seed=-1, niter=10, ncuts=1

Direct k-way Partitioning ---------------------------------------------------
 - Edgecut: 5840, communication volume: 56.

 - Balance:
     constraint #0:  3.172 out of 0.552

 - Most overweight partition:
     pid: 7, actual: 4600, desired: 1450, ratio: 3.17.

 - Subdomain connectivity: max: 4, min: 0, avg: 1.75

 - There are 0 non-contiguous partitions.
   Total components after removing the cut edges: 5,
   max components: 1 for pid: 0.

Timing Information ----------------------------------------------------------
  I/O:          		   0.001 sec
  Partitioning: 		   0.001 sec   (METIS time)
  Reporting:    		   0.000 sec

Memory Information ----------------------------------------------------------
  Max memory used:		   0.070 MB
******************************************************************************
LEO22: 59.070127924667936: ['LEO11', 'LEO12', 'LEO13', 'LEO14', 'LEO15', 'LEO16', 'LEO17', 'LEO18', 'LEO19', 'LEO21', 'LEO22', 'LEO23', 'LEO24', 'LEO25', 'LEO29']
LEO46: 42.93914544098255: ['LEO26', 'LEO27', 'LEO28', 'LEO33', 'LEO34', 'LEO35', 'LEO36', 'LEO37', 'LEO38', 'LEO44', 'LEO45', 'LEO46', 'LEO47', 'LEO48', 'LEO54', 'LEO55', 'LEO56', 'LEO57', 'LEO58']
LEO59: 94.74785238287137: ['LEO31', 'LEO32', 'LEO39', 'LEO41', 'LEO42', 'LEO43', 'LEO49', 'LEO51', 'LEO52', 'LEO53', 'LEO59', 'LEO61', 'LEO62', 'LEO63', 'LEO68', 'LEO69', 'LEO71', 'LEO72', 'LEO73', 'LEO79']
LEO77: 18.551544036948233: ['LEO64', 'LEO65', 'LEO66', 'LEO67', 'LEO74', 'LEO75', 'LEO76', 'LEO77', 'LEO78', 'LEO84', 'LEO85', 'LEO86', 'LEO87', 'LEO88', 'LEO89']
LEO82: 17.653131939188807: ['LEO81', 'LEO82', 'LEO83']
sum_con_loads:  232.96
max_con_loads:   94.75
avg_setup_time: 369.20
