******************************************************************************
METIS 5.0 Copyright 1998-13, Regents of the University of Minnesota
 (HEAD: , Built on: Dec 17 2022, 08:18:35)
 size of idx_t: 64bits, real_t: 32bits, idx_t *: 64bits

Graph Information -----------------------------------------------------------
 Name: MetisTopos/1247, #Vertices: 72, #Edges: 128, #Parts: 8

Options ---------------------------------------------------------------------
 ptype=kway, objtype=cut, ctype=shem, rtype=greedy, iptype=metisrb
 dbglvl=0, ufactor=3.300, no2hop=NO, minconn=NO, contig=YES, nooutput=NO
 seed=-1, niter=10, ncuts=1

Direct k-way Partitioning ---------------------------------------------------
 - Edgecut: 5849, communication volume: 64.

 - Balance:
     constraint #0:  3.241 out of 0.552

 - Most overweight partition:
     pid: 7, actual: 4700, desired: 1450, ratio: 3.24.

 - Subdomain connectivity: max: 4, min: 0, avg: 1.50

 - There are 0 non-contiguous partitions.
   Total components after removing the cut edges: 5,
   max components: 1 for pid: 0.

Timing Information ----------------------------------------------------------
  I/O:          		   0.001 sec
  Partitioning: 		   0.002 sec   (METIS time)
  Reporting:    		   0.000 sec

Memory Information ----------------------------------------------------------
  Max memory used:		   0.073 MB
******************************************************************************
LEO39: 26.530345186850873: ['LEO11', 'LEO16', 'LEO17', 'LEO18', 'LEO19', 'LEO21', 'LEO28', 'LEO29', 'LEO31', 'LEO38', 'LEO39']
LEO23: 70.88948839369755: ['LEO12', 'LEO13', 'LEO14', 'LEO15', 'LEO23', 'LEO24', 'LEO25', 'LEO26', 'LEO27', 'LEO33', 'LEO34', 'LEO35', 'LEO36', 'LEO37', 'LEO43', 'LEO44', 'LEO45', 'LEO46', 'LEO47', 'LEO48', 'LEO53', 'LEO54', 'LEO55', 'LEO56', 'LEO57', 'LEO58', 'LEO63', 'LEO64', 'LEO65']
LEO61: 102.41527988222938: ['LEO22', 'LEO32', 'LEO41', 'LEO42', 'LEO49', 'LEO51', 'LEO52', 'LEO59', 'LEO61', 'LEO62', 'LEO66', 'LEO67', 'LEO68', 'LEO69', 'LEO71', 'LEO72', 'LEO73', 'LEO74', 'LEO75', 'LEO76']
LEO79: 15.78616176118183: ['LEO77', 'LEO78', 'LEO79']
LEO82: 17.653131939188807: ['LEO81', 'LEO82', 'LEO83', 'LEO84', 'LEO85', 'LEO86', 'LEO87', 'LEO88', 'LEO89']
sum_con_loads:  233.27
max_con_loads:  102.42
avg_setup_time: 241.71
