******************************************************************************
METIS 5.0 Copyright 1998-13, Regents of the University of Minnesota
 (HEAD: , Built on: Dec 17 2022, 08:18:35)
 size of idx_t: 64bits, real_t: 32bits, idx_t *: 64bits

Graph Information -----------------------------------------------------------
 Name: MetisTopos/1247, #Vertices: 72, #Edges: 128, #Parts: 8

Options ---------------------------------------------------------------------
 ptype=kway, objtype=cut, ctype=shem, rtype=greedy, iptype=metisrb
 dbglvl=0, ufactor=3.900, no2hop=NO, minconn=NO, contig=NO, nooutput=NO
 seed=-1, niter=10, ncuts=1

Direct k-way Partitioning ---------------------------------------------------
	***Cannot bisect a graph with 0 vertices!
	***You are trying to partition a graph into too many parts!
 - Edgecut: 4796, communication volume: 60.

 - Balance:
     constraint #0:  3.862 out of 0.552

 - Most overweight partition:
     pid: 7, actual: 5600, desired: 1450, ratio: 3.86.

 - Subdomain connectivity: max: 4, min: 0, avg: 2.00

 - There are 0 non-contiguous partitions.
   Total components after removing the cut edges: 5,
   max components: 1 for pid: 3.

Timing Information ----------------------------------------------------------
  I/O:          		   0.001 sec
  Partitioning: 		   0.001 sec   (METIS time)
  Reporting:    		   0.000 sec

Memory Information ----------------------------------------------------------
  Max memory used:		   0.074 MB
******************************************************************************
LEO59: 93.48926184931571: ['LEO11', 'LEO12', 'LEO17', 'LEO18', 'LEO19', 'LEO21', 'LEO22', 'LEO29', 'LEO31', 'LEO32', 'LEO39', 'LEO41', 'LEO42', 'LEO49', 'LEO51', 'LEO52', 'LEO59', 'LEO61', 'LEO62', 'LEO69', 'LEO71', 'LEO72', 'LEO79', 'LEO81', 'LEO82', 'LEO83', 'LEO84', 'LEO89']
LEO13: 23.219563224852184: ['LEO13', 'LEO14', 'LEO15', 'LEO16']
LEO35: 51.35234956373199: ['LEO23', 'LEO24', 'LEO25', 'LEO26', 'LEO27', 'LEO28', 'LEO33', 'LEO34', 'LEO35', 'LEO36', 'LEO37', 'LEO38', 'LEO43', 'LEO44', 'LEO45', 'LEO46', 'LEO53', 'LEO54', 'LEO55', 'LEO56', 'LEO63', 'LEO64', 'LEO65', 'LEO73', 'LEO74']
LEO58: 20.236556269580465: ['LEO47', 'LEO48', 'LEO57', 'LEO58']
LEO68: 23.853018703262833: ['LEO66', 'LEO67', 'LEO68', 'LEO75', 'LEO76', 'LEO77', 'LEO78', 'LEO85', 'LEO86', 'LEO87', 'LEO88']
sum_con_loads:  212.15
max_con_loads:   93.49
avg_setup_time: 333.94
