******************************************************************************
METIS 5.0 Copyright 1998-13, Regents of the University of Minnesota
 (HEAD: , Built on: Dec 17 2022, 08:18:35)
 size of idx_t: 64bits, real_t: 32bits, idx_t *: 64bits

Graph Information -----------------------------------------------------------
 Name: MetisTopos/1247, #Vertices: 72, #Edges: 128, #Parts: 8

Options ---------------------------------------------------------------------
 ptype=kway, objtype=cut, ctype=shem, rtype=greedy, iptype=metisrb
 dbglvl=0, ufactor=1.300, no2hop=NO, minconn=NO, contig=NO, nooutput=NO
 seed=-1, niter=10, ncuts=1

Direct k-way Partitioning ---------------------------------------------------
 - Edgecut: 9051, communication volume: 76.

 - Balance:
     constraint #0:  1.241 out of 0.552

 - Most overweight partition:
     pid: 6, actual: 1800, desired: 1450, ratio: 1.24.

 - Subdomain connectivity: max: 5, min: 2, avg: 4.00

 - Each partition is contiguous.

Timing Information ----------------------------------------------------------
  I/O:          		   0.001 sec
  Partitioning: 		   0.002 sec   (METIS time)
  Reporting:    		   0.000 sec

Memory Information ----------------------------------------------------------
  Max memory used:		   0.071 MB
******************************************************************************
LEO39: 26.530345186850873: ['LEO11', 'LEO18', 'LEO19', 'LEO21', 'LEO28', 'LEO29', 'LEO31', 'LEO38', 'LEO39']
LEO32: 50.8563689399938: ['LEO12', 'LEO22', 'LEO32', 'LEO33', 'LEO41', 'LEO42', 'LEO43', 'LEO51', 'LEO52', 'LEO53']
LEO13: 23.219563224852187: ['LEO13', 'LEO14']
LEO24: 31.29028407327413: ['LEO15', 'LEO16', 'LEO17', 'LEO23', 'LEO24', 'LEO25', 'LEO26', 'LEO27', 'LEO34', 'LEO35', 'LEO36', 'LEO37', 'LEO44', 'LEO45', 'LEO46', 'LEO54', 'LEO55', 'LEO56', 'LEO65', 'LEO66']
LEO58: 32.20298490566165: ['LEO47', 'LEO48', 'LEO57', 'LEO58', 'LEO67', 'LEO68']
LEO59: 52.67340538027668: ['LEO49', 'LEO59', 'LEO69']
LEO71: 51.08390439425593: ['LEO61', 'LEO62', 'LEO63', 'LEO71', 'LEO72', 'LEO73', 'LEO78', 'LEO79', 'LEO81', 'LEO88', 'LEO89']
LEO82: 29.563373500606332: ['LEO64', 'LEO74', 'LEO75', 'LEO76', 'LEO77', 'LEO82', 'LEO83', 'LEO84', 'LEO85', 'LEO86', 'LEO87']
sum_con_loads:  297.42
max_con_loads:   52.67
avg_setup_time: 208.20
