******************************************************************************
METIS 5.0 Copyright 1998-13, Regents of the University of Minnesota
 (HEAD: , Built on: Dec 17 2022, 08:18:35)
 size of idx_t: 64bits, real_t: 32bits, idx_t *: 64bits

Graph Information -----------------------------------------------------------
 Name: MetisTopos/1247, #Vertices: 72, #Edges: 128, #Parts: 8

Options ---------------------------------------------------------------------
 ptype=kway, objtype=cut, ctype=shem, rtype=greedy, iptype=metisrb
 dbglvl=0, ufactor=1.500, no2hop=NO, minconn=NO, contig=YES, nooutput=NO
 seed=-1, niter=10, ncuts=1

Direct k-way Partitioning ---------------------------------------------------
 - Edgecut: 9256, communication volume: 84.

 - Balance:
     constraint #0:  1.448 out of 0.552

 - Most overweight partition:
     pid: 4, actual: 2100, desired: 1450, ratio: 1.45.

 - Subdomain connectivity: max: 6, min: 2, avg: 4.00

 - Each partition is contiguous.

Timing Information ----------------------------------------------------------
  I/O:          		   0.001 sec
  Partitioning: 		   0.003 sec   (METIS time)
  Reporting:    		   0.000 sec

Memory Information ----------------------------------------------------------
  Max memory used:		   0.070 MB
******************************************************************************
LEO39: 26.530345186850873: ['LEO11', 'LEO17', 'LEO18', 'LEO19', 'LEO21', 'LEO28', 'LEO29', 'LEO31', 'LEO38', 'LEO39']
LEO42: 70.74824410559296: ['LEO12', 'LEO22', 'LEO32', 'LEO41', 'LEO42', 'LEO48', 'LEO49']
LEO13: 23.219563224852184: ['LEO13', 'LEO14', 'LEO15', 'LEO16']
LEO23: 32.844996900769: ['LEO23', 'LEO24', 'LEO25', 'LEO26', 'LEO27', 'LEO33', 'LEO34', 'LEO35', 'LEO36', 'LEO37', 'LEO43', 'LEO44', 'LEO45', 'LEO46', 'LEO47', 'LEO56']
LEO62: 34.293779876159554: ['LEO51', 'LEO52', 'LEO53', 'LEO54', 'LEO55', 'LEO62', 'LEO63', 'LEO64', 'LEO65', 'LEO74', 'LEO75', 'LEO83', 'LEO84', 'LEO85', 'LEO86', 'LEO87', 'LEO88']
LEO59: 59.15858658156263: ['LEO57', 'LEO58', 'LEO59', 'LEO61', 'LEO69', 'LEO71', 'LEO79', 'LEO81', 'LEO89']
LEO68: 23.853018703262833: ['LEO66', 'LEO67', 'LEO68', 'LEO76', 'LEO77', 'LEO78']
LEO72: 31.10139482962024: ['LEO72', 'LEO73', 'LEO82']
sum_con_loads:  301.75
max_con_loads:   70.75
avg_setup_time: 227.32
