******************************************************************************
METIS 5.0 Copyright 1998-13, Regents of the University of Minnesota
 (HEAD: , Built on: Dec 17 2022, 08:18:35)
 size of idx_t: 64bits, real_t: 32bits, idx_t *: 64bits

Graph Information -----------------------------------------------------------
 Name: MetisTopos/1247, #Vertices: 72, #Edges: 128, #Parts: 8

Options ---------------------------------------------------------------------
 ptype=kway, objtype=cut, ctype=shem, rtype=greedy, iptype=metisrb
 dbglvl=0, ufactor=1.700, no2hop=NO, minconn=NO, contig=YES, nooutput=NO
 seed=-1, niter=10, ncuts=1

Direct k-way Partitioning ---------------------------------------------------
 - Edgecut: 8305, communication volume: 75.

 - Balance:
     constraint #0:  1.655 out of 0.552

 - Most overweight partition:
     pid: 3, actual: 2400, desired: 1450, ratio: 1.66.

 - Subdomain connectivity: max: 5, min: 0, avg: 3.50

 - There are 0 non-contiguous partitions.
   Total components after removing the cut edges: 7,
   max components: 1 for pid: 0.

Timing Information ----------------------------------------------------------
  I/O:          		   0.001 sec
  Partitioning: 		   0.002 sec   (METIS time)
  Reporting:    		   0.000 sec

Memory Information ----------------------------------------------------------
  Max memory used:		   0.071 MB
******************************************************************************
LEO49: 57.83917663599093: ['LEO11', 'LEO21', 'LEO29', 'LEO31', 'LEO39', 'LEO49', 'LEO59']
LEO22: 57.107144525758414: ['LEO12', 'LEO13', 'LEO14', 'LEO22', 'LEO32', 'LEO41', 'LEO42', 'LEO51', 'LEO52']
LEO38: 24.21568406933144: ['LEO15', 'LEO16', 'LEO17', 'LEO18', 'LEO19', 'LEO25', 'LEO26', 'LEO27', 'LEO28', 'LEO36', 'LEO37', 'LEO38', 'LEO46', 'LEO47', 'LEO48']
LEO23: 25.467339512790634: ['LEO23', 'LEO24', 'LEO33', 'LEO34', 'LEO35', 'LEO43', 'LEO44', 'LEO45', 'LEO53', 'LEO54', 'LEO55', 'LEO65']
LEO57: 25.044806060553697: ['LEO56', 'LEO57', 'LEO58', 'LEO66', 'LEO67', 'LEO75', 'LEO76', 'LEO77', 'LEO86', 'LEO87']
LEO69: 46.98574672889918: ['LEO61', 'LEO68', 'LEO69', 'LEO71', 'LEO78', 'LEO79', 'LEO81', 'LEO88', 'LEO89']
LEO72: 46.14765256223991: ['LEO62', 'LEO63', 'LEO64', 'LEO72', 'LEO73', 'LEO74', 'LEO82', 'LEO83', 'LEO84', 'LEO85']
sum_con_loads:  282.81
max_con_loads:   57.84
avg_setup_time: 212.38
