******************************************************************************
METIS 5.0 Copyright 1998-13, Regents of the University of Minnesota
 (HEAD: , Built on: Dec 17 2022, 08:18:35)
 size of idx_t: 64bits, real_t: 32bits, idx_t *: 64bits

Graph Information -----------------------------------------------------------
 Name: MetisTopos/2021, #Vertices: 72, #Edges: 127, #Parts: 8

Options ---------------------------------------------------------------------
 ptype=kway, objtype=cut, ctype=shem, rtype=greedy, iptype=metisrb
 dbglvl=0, ufactor=2.000, no2hop=NO, minconn=NO, contig=YES, nooutput=NO
 seed=-1, niter=10, ncuts=1

Direct k-way Partitioning ---------------------------------------------------
 - Edgecut: 8299, communication volume: 78.

 - Balance:
     constraint #0:  1.951 out of 0.455

 - Most overweight partition:
     pid: 7, actual: 3000, desired: 1537, ratio: 1.95.

 - Subdomain connectivity: max: 6, min: 3, avg: 4.00

 - Each partition is contiguous.

Timing Information ----------------------------------------------------------
  I/O:          		   0.001 sec
  Partitioning: 		   0.001 sec   (METIS time)
  Reporting:    		   0.000 sec

Memory Information ----------------------------------------------------------
  Max memory used:		   0.070 MB
******************************************************************************
LEO31: 50.27350040724268: ['LEO11', 'LEO21', 'LEO31', 'LEO41']
LEO12: 19.563726000278002: ['LEO12', 'LEO13', 'LEO14']
LEO55: 28.537682581452145: ['LEO15', 'LEO16', 'LEO25', 'LEO26', 'LEO35', 'LEO36', 'LEO45', 'LEO52', 'LEO53', 'LEO54', 'LEO55', 'LEO62', 'LEO63', 'LEO64', 'LEO65', 'LEO72', 'LEO73', 'LEO74', 'LEO75', 'LEO82', 'LEO83', 'LEO84', 'LEO85']
LEO28: 11.946886949679598: ['LEO17', 'LEO18', 'LEO19', 'LEO27', 'LEO28', 'LEO29']
LEO32: 22.642085996826495: ['LEO22', 'LEO23', 'LEO24', 'LEO32', 'LEO33', 'LEO34', 'LEO42', 'LEO43', 'LEO44']
LEO48: 74.87041408844571: ['LEO37', 'LEO38', 'LEO39', 'LEO46', 'LEO47', 'LEO48', 'LEO49', 'LEO56', 'LEO57', 'LEO58']
LEO69: 38.73789343766837: ['LEO51', 'LEO59', 'LEO61', 'LEO69', 'LEO71', 'LEO79', 'LEO81', 'LEO89']
LEO68: 42.485359695591555: ['LEO66', 'LEO67', 'LEO68', 'LEO76', 'LEO77', 'LEO78', 'LEO86', 'LEO87', 'LEO88']
sum_con_loads:  289.06
max_con_loads:   74.87
avg_setup_time: 206.30
