******************************************************************************
METIS 5.0 Copyright 1998-13, Regents of the University of Minnesota
 (HEAD: , Built on: Dec 17 2022, 08:18:35)
 size of idx_t: 64bits, real_t: 32bits, idx_t *: 64bits

Graph Information -----------------------------------------------------------
 Name: MetisTopos/2021, #Vertices: 72, #Edges: 127, #Parts: 8

Options ---------------------------------------------------------------------
 ptype=kway, objtype=cut, ctype=shem, rtype=greedy, iptype=metisrb
 dbglvl=0, ufactor=1.100, no2hop=NO, minconn=NO, contig=NO, nooutput=NO
 seed=-1, niter=10, ncuts=1

Direct k-way Partitioning ---------------------------------------------------
 - Edgecut: 11697, communication volume: 83.

 - Balance:
     constraint #0:  1.041 out of 0.455

 - Most overweight partition:
     pid: 0, actual: 1600, desired: 1537, ratio: 1.04.

 - Subdomain connectivity: max: 7, min: 3, avg: 4.50

 - There are 1 non-contiguous partitions.
   Total components after removing the cut edges: 10,
   max components: 3 for pid: 3.

Timing Information ----------------------------------------------------------
  I/O:          		   0.001 sec
  Partitioning: 		   0.002 sec   (METIS time)
  Reporting:    		   0.000 sec

Memory Information ----------------------------------------------------------
  Max memory used:		   0.071 MB
******************************************************************************
LEO11: 33.635404581581774: ['LEO11', 'LEO12', 'LEO22']
LEO51: 37.95124568855412: ['LEO13', 'LEO36', 'LEO51', 'LEO61']
LEO67: 39.26718505704709: ['LEO14', 'LEO15', 'LEO16', 'LEO17', 'LEO18', 'LEO19', 'LEO23', 'LEO24', 'LEO25', 'LEO26', 'LEO27', 'LEO33', 'LEO34', 'LEO35', 'LEO43', 'LEO44', 'LEO45', 'LEO46', 'LEO53', 'LEO54', 'LEO55', 'LEO56', 'LEO63', 'LEO64', 'LEO65', 'LEO66', 'LEO67', 'LEO73', 'LEO74', 'LEO75', 'LEO83', 'LEO84', 'LEO85', 'LEO86', 'LEO87']
LEO31: 53.46102255331687: ['LEO21', 'LEO31', 'LEO32', 'LEO41', 'LEO42', 'LEO52']
LEO48: 64.49842629134959: ['LEO28', 'LEO29', 'LEO38', 'LEO39', 'LEO48', 'LEO49', 'LEO58']
LEO47: 39.52262634666211: ['LEO37', 'LEO47', 'LEO57']
LEO79: 43.05847918411843: ['LEO59', 'LEO62', 'LEO69', 'LEO71', 'LEO72', 'LEO79', 'LEO81', 'LEO82']
LEO78: 45.07530689818415: ['LEO68', 'LEO76', 'LEO77', 'LEO78', 'LEO88', 'LEO89']
sum_con_loads:  356.47
max_con_loads:   64.50
avg_setup_time: 239.10
