******************************************************************************
METIS 5.0 Copyright 1998-13, Regents of the University of Minnesota
 (HEAD: , Built on: Dec 17 2022, 08:18:35)
 size of idx_t: 64bits, real_t: 32bits, idx_t *: 64bits

Graph Information -----------------------------------------------------------
 Name: MetisTopos/2021, #Vertices: 72, #Edges: 127, #Parts: 8

Options ---------------------------------------------------------------------
 ptype=kway, objtype=cut, ctype=shem, rtype=greedy, iptype=metisrb
 dbglvl=0, ufactor=2.200, no2hop=NO, minconn=NO, contig=YES, nooutput=NO
 seed=-1, niter=10, ncuts=1

Direct k-way Partitioning ---------------------------------------------------
 - Edgecut: 7298, communication volume: 74.

 - Balance:
     constraint #0:  2.146 out of 0.455

 - Most overweight partition:
     pid: 7, actual: 3300, desired: 1537, ratio: 2.15.

 - Subdomain connectivity: max: 5, min: 0, avg: 3.25

 - There are 0 non-contiguous partitions.
   Total components after removing the cut edges: 7,
   max components: 1 for pid: 0.

Timing Information ----------------------------------------------------------
  I/O:          		   0.001 sec
  Partitioning: 		   0.001 sec   (METIS time)
  Reporting:    		   0.000 sec

Memory Information ----------------------------------------------------------
  Max memory used:		   0.071 MB
******************************************************************************
LEO31: 59.63779860744837: ['LEO11', 'LEO12', 'LEO18', 'LEO19', 'LEO21', 'LEO22', 'LEO29', 'LEO31', 'LEO32', 'LEO39', 'LEO41', 'LEO42']
LEO36: 28.389843273789023: ['LEO13', 'LEO14', 'LEO15', 'LEO16', 'LEO17', 'LEO23', 'LEO24', 'LEO25', 'LEO26', 'LEO27', 'LEO33', 'LEO34', 'LEO35', 'LEO36', 'LEO37', 'LEO43', 'LEO44', 'LEO45', 'LEO55', 'LEO65', 'LEO66', 'LEO74', 'LEO75', 'LEO85']
LEO58: 80.35379372763583: ['LEO28', 'LEO38', 'LEO48', 'LEO49', 'LEO57', 'LEO58', 'LEO67', 'LEO68']
LEO47: 21.4043291306959: ['LEO46', 'LEO47', 'LEO56']
LEO69: 38.73789343766837: ['LEO51', 'LEO59', 'LEO61', 'LEO69', 'LEO71', 'LEO79', 'LEO81', 'LEO89']
LEO72: 14.071345856477711: ['LEO52', 'LEO53', 'LEO54', 'LEO62', 'LEO63', 'LEO64', 'LEO72', 'LEO73', 'LEO82', 'LEO83', 'LEO84']
LEO77: 26.31514845342854: ['LEO76', 'LEO77', 'LEO78', 'LEO86', 'LEO87', 'LEO88']
sum_con_loads:  268.91
max_con_loads:   80.35
avg_setup_time: 210.01
