******************************************************************************
METIS 5.0 Copyright 1998-13, Regents of the University of Minnesota
 (HEAD: , Built on: Dec 17 2022, 08:18:35)
 size of idx_t: 64bits, real_t: 32bits, idx_t *: 64bits

Graph Information -----------------------------------------------------------
 Name: MetisTopos/2021, #Vertices: 72, #Edges: 127, #Parts: 8

Options ---------------------------------------------------------------------
 ptype=kway, objtype=cut, ctype=shem, rtype=greedy, iptype=metisrb
 dbglvl=0, ufactor=2.300, no2hop=NO, minconn=NO, contig=NO, nooutput=NO
 seed=-1, niter=10, ncuts=1

Direct k-way Partitioning ---------------------------------------------------
 - Edgecut: 7528, communication volume: 78.

 - Balance:
     constraint #0:  2.276 out of 0.455

 - Most overweight partition:
     pid: 7, actual: 3500, desired: 1537, ratio: 2.28.

 - Subdomain connectivity: max: 6, min: 3, avg: 4.00

 - Each partition is contiguous.

Timing Information ----------------------------------------------------------
  I/O:          		   0.001 sec
  Partitioning: 		   0.001 sec   (METIS time)
  Reporting:    		   0.000 sec

Memory Information ----------------------------------------------------------
  Max memory used:		   0.070 MB
******************************************************************************
LEO31: 54.216804564306955: ['LEO11', 'LEO12', 'LEO21', 'LEO31', 'LEO41']
LEO34: 14.683739807732751: ['LEO13', 'LEO14', 'LEO15', 'LEO16', 'LEO17', 'LEO23', 'LEO24', 'LEO25', 'LEO26', 'LEO27', 'LEO33', 'LEO34', 'LEO35', 'LEO43', 'LEO44', 'LEO45', 'LEO53', 'LEO54', 'LEO55', 'LEO63', 'LEO64', 'LEO65', 'LEO74', 'LEO75', 'LEO85']
LEO28: 11.946886949679598: ['LEO18', 'LEO19', 'LEO28', 'LEO29']
LEO32: 20.13720158977761: ['LEO22', 'LEO32', 'LEO42']
LEO48: 77.09787930404347: ['LEO36', 'LEO37', 'LEO38', 'LEO39', 'LEO46', 'LEO47', 'LEO48', 'LEO49', 'LEO56', 'LEO57', 'LEO58']
LEO69: 38.73789343766837: ['LEO51', 'LEO59', 'LEO61', 'LEO69', 'LEO71', 'LEO79', 'LEO81', 'LEO89']
LEO72: 14.071345856477711: ['LEO52', 'LEO62', 'LEO72', 'LEO73', 'LEO82', 'LEO83', 'LEO84']
LEO68: 42.485359695591555: ['LEO66', 'LEO67', 'LEO68', 'LEO76', 'LEO77', 'LEO78', 'LEO86', 'LEO87', 'LEO88']
sum_con_loads:  273.38
max_con_loads:   77.10
avg_setup_time: 198.15
