******************************************************************************
METIS 5.0 Copyright 1998-13, Regents of the University of Minnesota
 (HEAD: , Built on: Dec 17 2022, 08:18:35)
 size of idx_t: 64bits, real_t: 32bits, idx_t *: 64bits

Graph Information -----------------------------------------------------------
 Name: MetisTopos/2021, #Vertices: 72, #Edges: 127, #Parts: 8

Options ---------------------------------------------------------------------
 ptype=kway, objtype=cut, ctype=shem, rtype=greedy, iptype=metisrb
 dbglvl=0, ufactor=2.700, no2hop=NO, minconn=NO, contig=YES, nooutput=NO
 seed=-1, niter=10, ncuts=1

Direct k-way Partitioning ---------------------------------------------------
 - Edgecut: 7373, communication volume: 75.

 - Balance:
     constraint #0:  2.537 out of 0.455

 - Most overweight partition:
     pid: 7, actual: 3900, desired: 1537, ratio: 2.54.

 - Subdomain connectivity: max: 7, min: 2, avg: 4.00

 - Each partition is contiguous.

Timing Information ----------------------------------------------------------
  I/O:          		   0.001 sec
  Partitioning: 		   0.001 sec   (METIS time)
  Reporting:    		   0.000 sec

Memory Information ----------------------------------------------------------
  Max memory used:		   0.071 MB
******************************************************************************
LEO11: 29.05882522801848: ['LEO11', 'LEO12', 'LEO13']
LEO32: 27.09807991274861: ['LEO14', 'LEO15', 'LEO16', 'LEO17', 'LEO22', 'LEO23', 'LEO24', 'LEO25', 'LEO26', 'LEO27', 'LEO32', 'LEO33', 'LEO34', 'LEO35', 'LEO42', 'LEO43', 'LEO44', 'LEO45', 'LEO52', 'LEO53', 'LEO54', 'LEO55', 'LEO62', 'LEO63']
LEO48: 94.47014189557837: ['LEO18', 'LEO19', 'LEO21', 'LEO28', 'LEO29', 'LEO31', 'LEO38', 'LEO39', 'LEO41', 'LEO48', 'LEO49', 'LEO51', 'LEO58', 'LEO59', 'LEO61', 'LEO68', 'LEO69', 'LEO71', 'LEO79']
LEO47: 44.1052240173556: ['LEO36', 'LEO37', 'LEO46', 'LEO47', 'LEO56', 'LEO57']
LEO67: 21.046976382462073: ['LEO64', 'LEO65', 'LEO66', 'LEO67', 'LEO74', 'LEO75', 'LEO84', 'LEO85']
LEO72: 14.071345856477711: ['LEO72', 'LEO73', 'LEO82', 'LEO83']
LEO77: 26.31514845342854: ['LEO76', 'LEO77', 'LEO78', 'LEO86', 'LEO87', 'LEO88']
LEO81: 13.875670585143363: ['LEO81', 'LEO89']
sum_con_loads:  270.04
max_con_loads:   94.47
avg_setup_time: 321.96
