******************************************************************************
METIS 5.0 Copyright 1998-13, Regents of the University of Minnesota
 (HEAD: , Built on: Dec 17 2022, 08:18:35)
 size of idx_t: 64bits, real_t: 32bits, idx_t *: 64bits

Graph Information -----------------------------------------------------------
 Name: MetisTopos/2021, #Vertices: 72, #Edges: 127, #Parts: 8

Options ---------------------------------------------------------------------
 ptype=kway, objtype=cut, ctype=shem, rtype=greedy, iptype=metisrb
 dbglvl=0, ufactor=1.200, no2hop=NO, minconn=NO, contig=NO, nooutput=NO
 seed=-1, niter=10, ncuts=1

Direct k-way Partitioning ---------------------------------------------------
 - Edgecut: 10373, communication volume: 90.

 - Balance:
     constraint #0:  1.171 out of 0.455

 - Most overweight partition:
     pid: 3, actual: 1800, desired: 1537, ratio: 1.17.

 - Subdomain connectivity: max: 7, min: 2, avg: 4.50

 - There are 1 non-contiguous partitions.
   Total components after removing the cut edges: 9,
   max components: 2 for pid: 0.

Timing Information ----------------------------------------------------------
  I/O:          		   0.001 sec
  Partitioning: 		   0.002 sec   (METIS time)
  Reporting:    		   0.000 sec

Memory Information ----------------------------------------------------------
  Max memory used:		   0.070 MB
******************************************************************************
LEO21: 40.506027420190364: ['LEO11', 'LEO12', 'LEO21']
LEO28: 24.2909698869199: ['LEO13', 'LEO14', 'LEO15', 'LEO16', 'LEO17', 'LEO18', 'LEO19', 'LEO25', 'LEO26', 'LEO27', 'LEO28', 'LEO29', 'LEO35', 'LEO45', 'LEO54', 'LEO55', 'LEO64', 'LEO65', 'LEO74', 'LEO75', 'LEO84', 'LEO85', 'LEO86']
LEO31: 59.049565289863295: ['LEO22', 'LEO23', 'LEO24', 'LEO31', 'LEO32', 'LEO33', 'LEO34', 'LEO39', 'LEO41', 'LEO42', 'LEO43', 'LEO44', 'LEO52', 'LEO53', 'LEO62', 'LEO63']
LEO47: 26.92287492966433: ['LEO36', 'LEO37', 'LEO46', 'LEO47']
LEO58: 72.54264483991832: ['LEO38', 'LEO48', 'LEO49', 'LEO58', 'LEO68', 'LEO78', 'LEO87', 'LEO88']
LEO69: 38.73789343766837: ['LEO51', 'LEO59', 'LEO61', 'LEO69', 'LEO71', 'LEO79', 'LEO81', 'LEO82', 'LEO83', 'LEO89']
LEO57: 37.44218693944752: ['LEO56', 'LEO57', 'LEO72', 'LEO73']
LEO77: 30.65349241340043: ['LEO66', 'LEO67', 'LEO76', 'LEO77']
sum_con_loads:  330.15
max_con_loads:   72.54
avg_setup_time: 224.62
