******************************************************************************
METIS 5.0 Copyright 1998-13, Regents of the University of Minnesota
 (HEAD: , Built on: Dec 17 2022, 08:18:35)
 size of idx_t: 64bits, real_t: 32bits, idx_t *: 64bits

Graph Information -----------------------------------------------------------
 Name: MetisTopos/2021, #Vertices: 72, #Edges: 127, #Parts: 8

Options ---------------------------------------------------------------------
 ptype=kway, objtype=cut, ctype=shem, rtype=greedy, iptype=metisrb
 dbglvl=0, ufactor=1.300, no2hop=NO, minconn=NO, contig=YES, nooutput=NO
 seed=-1, niter=10, ncuts=1

Direct k-way Partitioning ---------------------------------------------------
 - Edgecut: 10679, communication volume: 79.

 - Balance:
     constraint #0:  1.236 out of 0.455

 - Most overweight partition:
     pid: 5, actual: 1900, desired: 1537, ratio: 1.24.

 - Subdomain connectivity: max: 6, min: 2, avg: 4.25

 - Each partition is contiguous.

Timing Information ----------------------------------------------------------
  I/O:          		   0.001 sec
  Partitioning: 		   0.003 sec   (METIS time)
  Reporting:    		   0.000 sec

Memory Information ----------------------------------------------------------
  Max memory used:		   0.070 MB
******************************************************************************
LEO11: 26.079662080630236: ['LEO11', 'LEO12', 'LEO19']
LEO22: 30.228251360296795: ['LEO13', 'LEO14', 'LEO15', 'LEO16', 'LEO17', 'LEO18', 'LEO22', 'LEO23', 'LEO24', 'LEO25', 'LEO26', 'LEO27', 'LEO28', 'LEO29', 'LEO35']
LEO38: 76.14377345417286: ['LEO21', 'LEO31', 'LEO38', 'LEO39', 'LEO41', 'LEO48', 'LEO49', 'LEO51']
LEO61: 35.43609028574017: ['LEO32', 'LEO33', 'LEO34', 'LEO42', 'LEO43', 'LEO44', 'LEO45', 'LEO52', 'LEO53', 'LEO54', 'LEO55', 'LEO61', 'LEO62', 'LEO63', 'LEO64', 'LEO65', 'LEO73', 'LEO74', 'LEO75', 'LEO83', 'LEO84', 'LEO85']
LEO47: 32.85948903186228: ['LEO36', 'LEO37', 'LEO46', 'LEO47', 'LEO56']
LEO58: 66.04073742250986: ['LEO57', 'LEO58', 'LEO68', 'LEO78', 'LEO86', 'LEO87', 'LEO88']
LEO79: 38.950839354742975: ['LEO59', 'LEO69', 'LEO71', 'LEO72', 'LEO79', 'LEO81', 'LEO82', 'LEO89']
LEO77: 30.65349241340043: ['LEO66', 'LEO67', 'LEO76', 'LEO77']
sum_con_loads:  336.39
max_con_loads:   76.14
avg_setup_time: 245.26
