******************************************************************************
METIS 5.0 Copyright 1998-13, Regents of the University of Minnesota
 (HEAD: , Built on: Dec 17 2022, 08:18:35)
 size of idx_t: 64bits, real_t: 32bits, idx_t *: 64bits

Graph Information -----------------------------------------------------------
 Name: MetisTopos/2021, #Vertices: 72, #Edges: 127, #Parts: 8

Options ---------------------------------------------------------------------
 ptype=kway, objtype=cut, ctype=shem, rtype=greedy, iptype=metisrb
 dbglvl=0, ufactor=1.300, no2hop=NO, minconn=NO, contig=NO, nooutput=NO
 seed=-1, niter=10, ncuts=1

Direct k-way Partitioning ---------------------------------------------------
 - Edgecut: 9993, communication volume: 84.

 - Balance:
     constraint #0:  1.236 out of 0.455

 - Most overweight partition:
     pid: 7, actual: 1900, desired: 1537, ratio: 1.24.

 - Subdomain connectivity: max: 7, min: 2, avg: 4.00

 - There are 1 non-contiguous partitions.
   Total components after removing the cut edges: 9,
   max components: 2 for pid: 4.

Timing Information ----------------------------------------------------------
  I/O:          		   0.001 sec
  Partitioning: 		   0.002 sec   (METIS time)
  Reporting:    		   0.000 sec

Memory Information ----------------------------------------------------------
  Max memory used:		   0.070 MB
******************************************************************************
LEO12: 36.41372739283556: ['LEO11', 'LEO12', 'LEO13', 'LEO19', 'LEO22', 'LEO23']
LEO61: 38.83568043855589: ['LEO14', 'LEO15', 'LEO16', 'LEO17', 'LEO18', 'LEO24', 'LEO25', 'LEO26', 'LEO27', 'LEO28', 'LEO29', 'LEO33', 'LEO34', 'LEO35', 'LEO43', 'LEO44', 'LEO45', 'LEO53', 'LEO54', 'LEO55', 'LEO61', 'LEO63', 'LEO64', 'LEO65', 'LEO75', 'LEO84', 'LEO85', 'LEO86']
LEO31: 54.895045283064675: ['LEO21', 'LEO31', 'LEO32', 'LEO39', 'LEO41', 'LEO42', 'LEO51', 'LEO52']
LEO47: 26.92287492966433: ['LEO36', 'LEO37', 'LEO46', 'LEO47']
LEO58: 72.54264483991832: ['LEO38', 'LEO48', 'LEO49', 'LEO58', 'LEO68', 'LEO78', 'LEO87', 'LEO88']
LEO57: 23.370841082969804: ['LEO56', 'LEO57']
LEO79: 38.950839354742975: ['LEO59', 'LEO62', 'LEO69', 'LEO71', 'LEO72', 'LEO73', 'LEO74', 'LEO79', 'LEO81', 'LEO82', 'LEO83', 'LEO89']
LEO77: 30.65349241340043: ['LEO66', 'LEO67', 'LEO76', 'LEO77']
sum_con_loads:  322.59
max_con_loads:   72.54
avg_setup_time: 218.97
