******************************************************************************
METIS 5.0 Copyright 1998-13, Regents of the University of Minnesota
 (HEAD: , Built on: Dec 17 2022, 08:18:35)
 size of idx_t: 64bits, real_t: 32bits, idx_t *: 64bits

Graph Information -----------------------------------------------------------
 Name: MetisTopos/2021, #Vertices: 72, #Edges: 127, #Parts: 8

Options ---------------------------------------------------------------------
 ptype=kway, objtype=cut, ctype=shem, rtype=greedy, iptype=metisrb
 dbglvl=0, ufactor=1.400, no2hop=NO, minconn=NO, contig=YES, nooutput=NO
 seed=-1, niter=10, ncuts=1

Direct k-way Partitioning ---------------------------------------------------
 - Edgecut: 9440, communication volume: 85.

 - Balance:
     constraint #0:  1.301 out of 0.455

 - Most overweight partition:
     pid: 1, actual: 2000, desired: 1537, ratio: 1.30.

 - Subdomain connectivity: max: 6, min: 3, avg: 4.25

 - Each partition is contiguous.

Timing Information ----------------------------------------------------------
  I/O:          		   0.001 sec
  Partitioning: 		   0.001 sec   (METIS time)
  Reporting:    		   0.000 sec

Memory Information ----------------------------------------------------------
  Max memory used:		   0.071 MB
******************************************************************************
LEO31: 51.70752313699048: ['LEO11', 'LEO19', 'LEO21', 'LEO31', 'LEO41', 'LEO51']
LEO12: 26.918628165095086: ['LEO12', 'LEO13', 'LEO22', 'LEO23']
LEO47: 31.918360554532693: ['LEO14', 'LEO15', 'LEO16', 'LEO17', 'LEO24', 'LEO25', 'LEO26', 'LEO27', 'LEO34', 'LEO35', 'LEO36', 'LEO37', 'LEO44', 'LEO45', 'LEO46', 'LEO47', 'LEO55', 'LEO65', 'LEO74', 'LEO75', 'LEO85']
LEO48: 70.3794054405124: ['LEO18', 'LEO28', 'LEO29', 'LEO38', 'LEO39', 'LEO48', 'LEO49', 'LEO58', 'LEO68']
LEO61: 31.034127994156872: ['LEO32', 'LEO33', 'LEO42', 'LEO43', 'LEO52', 'LEO53', 'LEO54', 'LEO61', 'LEO62', 'LEO63', 'LEO64']
LEO57: 34.36417509952611: ['LEO56', 'LEO57', 'LEO66', 'LEO67']
LEO79: 38.950839354742975: ['LEO59', 'LEO69', 'LEO71', 'LEO72', 'LEO73', 'LEO79', 'LEO81', 'LEO82', 'LEO83', 'LEO84', 'LEO89']
LEO77: 26.31514845342854: ['LEO76', 'LEO77', 'LEO78', 'LEO86', 'LEO87', 'LEO88']
sum_con_loads:  311.59
max_con_loads:   70.38
avg_setup_time: 205.63
