******************************************************************************
METIS 5.0 Copyright 1998-13, Regents of the University of Minnesota
 (HEAD: , Built on: Dec 17 2022, 08:18:35)
 size of idx_t: 64bits, real_t: 32bits, idx_t *: 64bits

Graph Information -----------------------------------------------------------
 Name: MetisTopos/2021, #Vertices: 72, #Edges: 127, #Parts: 8

Options ---------------------------------------------------------------------
 ptype=kway, objtype=cut, ctype=shem, rtype=greedy, iptype=metisrb
 dbglvl=0, ufactor=1.500, no2hop=NO, minconn=NO, contig=NO, nooutput=NO
 seed=-1, niter=10, ncuts=1

Direct k-way Partitioning ---------------------------------------------------
 - Edgecut: 9141, communication volume: 83.

 - Balance:
     constraint #0:  1.496 out of 0.455

 - Most overweight partition:
     pid: 7, actual: 2300, desired: 1537, ratio: 1.50.

 - Subdomain connectivity: max: 6, min: 3, avg: 4.50

 - Each partition is contiguous.

Timing Information ----------------------------------------------------------
  I/O:          		   0.001 sec
  Partitioning: 		   0.002 sec   (METIS time)
  Reporting:    		   0.000 sec

Memory Information ----------------------------------------------------------
  Max memory used:		   0.071 MB
******************************************************************************
LEO31: 50.27350040724268: ['LEO11', 'LEO19', 'LEO21', 'LEO31', 'LEO39', 'LEO41']
LEO12: 19.563726000278002: ['LEO12', 'LEO13', 'LEO14', 'LEO15']
LEO28: 23.152626421804893: ['LEO16', 'LEO17', 'LEO18', 'LEO26', 'LEO27', 'LEO28', 'LEO29', 'LEO36', 'LEO46']
LEO32: 22.642085996826495: ['LEO22', 'LEO23', 'LEO24', 'LEO32', 'LEO33', 'LEO34', 'LEO42', 'LEO43', 'LEO44']
LEO78: 43.193215899203715: ['LEO25', 'LEO35', 'LEO45', 'LEO55', 'LEO64', 'LEO65', 'LEO66', 'LEO75', 'LEO76', 'LEO77', 'LEO78', 'LEO81', 'LEO85', 'LEO86', 'LEO87', 'LEO88', 'LEO89']
LEO48: 72.5326037883764: ['LEO37', 'LEO38', 'LEO47', 'LEO48', 'LEO49', 'LEO58', 'LEO68']
LEO69: 39.85102831650828: ['LEO51', 'LEO52', 'LEO53', 'LEO54', 'LEO59', 'LEO61', 'LEO62', 'LEO63', 'LEO69', 'LEO71', 'LEO72', 'LEO73', 'LEO74', 'LEO79', 'LEO82', 'LEO83', 'LEO84']
LEO57: 34.36417509952611: ['LEO56', 'LEO57', 'LEO67']
sum_con_loads:  305.57
max_con_loads:   72.53
avg_setup_time: 206.48
