******************************************************************************
METIS 5.0 Copyright 1998-13, Regents of the University of Minnesota
 (HEAD: , Built on: Dec 17 2022, 08:18:35)
 size of idx_t: 64bits, real_t: 32bits, idx_t *: 64bits

Graph Information -----------------------------------------------------------
 Name: MetisTopos/2021, #Vertices: 72, #Edges: 127, #Parts: 8

Options ---------------------------------------------------------------------
 ptype=kway, objtype=cut, ctype=shem, rtype=greedy, iptype=metisrb
 dbglvl=0, ufactor=1.700, no2hop=NO, minconn=NO, contig=YES, nooutput=NO
 seed=-1, niter=10, ncuts=1

Direct k-way Partitioning ---------------------------------------------------
 - Edgecut: 9473, communication volume: 77.

 - Balance:
     constraint #0:  1.626 out of 0.455

 - Most overweight partition:
     pid: 7, actual: 2500, desired: 1537, ratio: 1.63.

 - Subdomain connectivity: max: 7, min: 3, avg: 4.50

 - Each partition is contiguous.

Timing Information ----------------------------------------------------------
  I/O:          		   0.001 sec
  Partitioning: 		   0.002 sec   (METIS time)
  Reporting:    		   0.000 sec

Memory Information ----------------------------------------------------------
  Max memory used:		   0.070 MB
******************************************************************************
LEO11: 26.079662080630236: ['LEO11', 'LEO12', 'LEO19']
LEO35: 20.550529200014708: ['LEO13', 'LEO14', 'LEO15', 'LEO16', 'LEO23', 'LEO24', 'LEO25', 'LEO26', 'LEO34', 'LEO35', 'LEO36', 'LEO44', 'LEO45', 'LEO46', 'LEO54', 'LEO55', 'LEO64', 'LEO65', 'LEO74', 'LEO75', 'LEO85']
LEO38: 67.75594190271416: ['LEO17', 'LEO18', 'LEO21', 'LEO27', 'LEO28', 'LEO29', 'LEO31', 'LEO37', 'LEO38', 'LEO39', 'LEO41']
LEO32: 22.775428590062138: ['LEO22', 'LEO32', 'LEO33', 'LEO42', 'LEO43']
LEO58: 71.99893490941298: ['LEO47', 'LEO48', 'LEO49', 'LEO57', 'LEO58', 'LEO68']
LEO69: 39.85102831650828: ['LEO51', 'LEO52', 'LEO53', 'LEO59', 'LEO61', 'LEO62', 'LEO63', 'LEO69', 'LEO71', 'LEO72', 'LEO73', 'LEO79', 'LEO82', 'LEO83', 'LEO84']
LEO67: 25.75872591691317: ['LEO56', 'LEO66', 'LEO67']
LEO78: 37.46111213949843: ['LEO76', 'LEO77', 'LEO78', 'LEO81', 'LEO86', 'LEO87', 'LEO88', 'LEO89']
sum_con_loads:  312.23
max_con_loads:   72.00
avg_setup_time: 218.54
