******************************************************************************
METIS 5.0 Copyright 1998-13, Regents of the University of Minnesota
 (HEAD: , Built on: Dec 17 2022, 08:18:35)
 size of idx_t: 64bits, real_t: 32bits, idx_t *: 64bits

Graph Information -----------------------------------------------------------
 Name: MetisTopos/2021, #Vertices: 72, #Edges: 127, #Parts: 8

Options ---------------------------------------------------------------------
 ptype=kway, objtype=cut, ctype=shem, rtype=greedy, iptype=metisrb
 dbglvl=0, ufactor=1.900, no2hop=NO, minconn=NO, contig=YES, nooutput=NO
 seed=-1, niter=10, ncuts=1

Direct k-way Partitioning ---------------------------------------------------
 - Edgecut: 8276, communication volume: 78.

 - Balance:
     constraint #0:  1.886 out of 0.455

 - Most overweight partition:
     pid: 7, actual: 2900, desired: 1537, ratio: 1.89.

 - Subdomain connectivity: max: 7, min: 3, avg: 4.50

 - Each partition is contiguous.

Timing Information ----------------------------------------------------------
  I/O:          		   0.001 sec
  Partitioning: 		   0.001 sec   (METIS time)
  Reporting:    		   0.000 sec

Memory Information ----------------------------------------------------------
  Max memory used:		   0.070 MB
******************************************************************************
LEO48: 88.49104864104592: ['LEO11', 'LEO21', 'LEO31', 'LEO38', 'LEO39', 'LEO41', 'LEO48', 'LEO49', 'LEO58', 'LEO68']
LEO12: 19.563726000278002: ['LEO12', 'LEO13', 'LEO14']
LEO37: 30.242815493994776: ['LEO15', 'LEO16', 'LEO17', 'LEO18', 'LEO19', 'LEO25', 'LEO26', 'LEO27', 'LEO28', 'LEO29', 'LEO35', 'LEO36', 'LEO37']
LEO32: 22.642085996826495: ['LEO22', 'LEO23', 'LEO24', 'LEO32', 'LEO33', 'LEO34', 'LEO42', 'LEO43', 'LEO44']
LEO46: 24.991107723137947: ['LEO45', 'LEO46', 'LEO47', 'LEO55', 'LEO56', 'LEO65', 'LEO66', 'LEO74', 'LEO75']
LEO69: 44.597862479261345: ['LEO51', 'LEO52', 'LEO53', 'LEO54', 'LEO59', 'LEO61', 'LEO62', 'LEO63', 'LEO64', 'LEO69', 'LEO71', 'LEO72', 'LEO73', 'LEO79', 'LEO81', 'LEO82', 'LEO83', 'LEO84', 'LEO85', 'LEO86', 'LEO87', 'LEO88', 'LEO89']
LEO57: 31.70519649058422: ['LEO57', 'LEO67']
LEO78: 26.115780099477476: ['LEO76', 'LEO77', 'LEO78']
sum_con_loads:  288.35
max_con_loads:   88.49
avg_setup_time: 252.55
