******************************************************************************
METIS 5.0 Copyright 1998-13, Regents of the University of Minnesota
 (HEAD: , Built on: Dec 17 2022, 08:18:35)
 size of idx_t: 64bits, real_t: 32bits, idx_t *: 64bits

Graph Information -----------------------------------------------------------
 Name: MetisTopos/409, #Vertices: 72, #Edges: 128, #Parts: 8

Options ---------------------------------------------------------------------
 ptype=kway, objtype=cut, ctype=shem, rtype=greedy, iptype=metisrb
 dbglvl=0, ufactor=1.100, no2hop=NO, minconn=NO, contig=NO, nooutput=NO
 seed=-1, niter=10, ncuts=1

Direct k-way Partitioning ---------------------------------------------------
 - Edgecut: 11612, communication volume: 74.

 - Balance:
     constraint #0:  1.248 out of 0.587

 - Most overweight partition:
     pid: 5, actual: 1700, desired: 1362, ratio: 1.25.

 - Subdomain connectivity: max: 6, min: 0, avg: 4.25

 - There are 3 non-contiguous partitions.
   Total components after removing the cut edges: 11,
   max components: 3 for pid: 3.

Timing Information ----------------------------------------------------------
  I/O:          		   0.001 sec
  Partitioning: 		   0.002 sec   (METIS time)
  Reporting:    		   0.000 sec

Memory Information ----------------------------------------------------------
  Max memory used:		   0.070 MB
******************************************************************************
LEO83: 51.85611272586698: ['LEO11', 'LEO16', 'LEO17', 'LEO18', 'LEO19', 'LEO25', 'LEO26', 'LEO27', 'LEO28', 'LEO29', 'LEO34', 'LEO36', 'LEO37', 'LEO38', 'LEO44', 'LEO45', 'LEO46', 'LEO47', 'LEO48', 'LEO49', 'LEO54', 'LEO55', 'LEO56', 'LEO57', 'LEO58', 'LEO64', 'LEO65', 'LEO66', 'LEO67', 'LEO68', 'LEO71', 'LEO72', 'LEO75', 'LEO76', 'LEO77', 'LEO81', 'LEO82', 'LEO83', 'LEO84', 'LEO85', 'LEO86', 'LEO87', 'LEO88', 'LEO89']
LEO14: 31.816820136323898: ['LEO12', 'LEO14', 'LEO15', 'LEO35']
LEO33: 49.48302724818628: ['LEO13', 'LEO23', 'LEO24', 'LEO33', 'LEO59']
LEO22: 43.555629378389284: ['LEO21', 'LEO22', 'LEO31', 'LEO39']
LEO43: 73.49496068760165: ['LEO32', 'LEO43', 'LEO52', 'LEO53', 'LEO62', 'LEO63', 'LEO73', 'LEO74']
LEO41: 47.19044079827446: ['LEO41', 'LEO42', 'LEO51']
LEO61: 43.64305858633628: ['LEO61', 'LEO69', 'LEO78', 'LEO79']
sum_con_loads:  341.04
max_con_loads:   73.49
avg_setup_time: 279.27
