******************************************************************************
METIS 5.0 Copyright 1998-13, Regents of the University of Minnesota
 (HEAD: , Built on: Dec 17 2022, 08:18:35)
 size of idx_t: 64bits, real_t: 32bits, idx_t *: 64bits

Graph Information -----------------------------------------------------------
 Name: MetisTopos/409, #Vertices: 72, #Edges: 128, #Parts: 8

Options ---------------------------------------------------------------------
 ptype=kway, objtype=cut, ctype=shem, rtype=greedy, iptype=metisrb
 dbglvl=0, ufactor=2.000, no2hop=NO, minconn=NO, contig=NO, nooutput=NO
 seed=-1, niter=10, ncuts=1

Direct k-way Partitioning ---------------------------------------------------
 - Edgecut: 7758, communication volume: 80.

 - Balance:
     constraint #0:  1.908 out of 0.587

 - Most overweight partition:
     pid: 6, actual: 2600, desired: 1362, ratio: 1.91.

 - Subdomain connectivity: max: 6, min: 2, avg: 3.75

 - Each partition is contiguous.

Timing Information ----------------------------------------------------------
  I/O:          		   0.001 sec
  Partitioning: 		   0.002 sec   (METIS time)
  Reporting:    		   0.000 sec

Memory Information ----------------------------------------------------------
  Max memory used:		   0.070 MB
******************************************************************************
LEO24: 24.445969521760045: ['LEO11', 'LEO17', 'LEO18', 'LEO19', 'LEO24', 'LEO25', 'LEO26', 'LEO27', 'LEO28', 'LEO29', 'LEO34', 'LEO35', 'LEO36', 'LEO44', 'LEO45', 'LEO46']
LEO13: 23.19220436779917: ['LEO12', 'LEO13', 'LEO14', 'LEO15', 'LEO16']
LEO33: 71.69477873845219: ['LEO21', 'LEO22', 'LEO23', 'LEO31', 'LEO32', 'LEO33', 'LEO41', 'LEO42', 'LEO43']
LEO39: 14.157660611970266: ['LEO37', 'LEO38', 'LEO39', 'LEO48', 'LEO49']
LEO61: 49.37895301747304: ['LEO47', 'LEO51', 'LEO57', 'LEO58', 'LEO61', 'LEO62', 'LEO67', 'LEO68', 'LEO71', 'LEO77', 'LEO78', 'LEO79', 'LEO81', 'LEO82', 'LEO87', 'LEO88', 'LEO89']
LEO63: 48.88304107138616: ['LEO52', 'LEO53', 'LEO63', 'LEO72', 'LEO73', 'LEO83']
LEO74: 15.774899063290071: ['LEO54', 'LEO55', 'LEO56', 'LEO64', 'LEO65', 'LEO66', 'LEO74', 'LEO75', 'LEO76', 'LEO84', 'LEO85', 'LEO86']
LEO59: 16.447413869166304: ['LEO59', 'LEO69']
sum_con_loads:  263.97
max_con_loads:   71.69
avg_setup_time: 207.46
