******************************************************************************
METIS 5.0 Copyright 1998-13, Regents of the University of Minnesota
 (HEAD: , Built on: Dec 17 2022, 08:18:35)
 size of idx_t: 64bits, real_t: 32bits, idx_t *: 64bits

Graph Information -----------------------------------------------------------
 Name: MetisTopos/409, #Vertices: 72, #Edges: 128, #Parts: 8

Options ---------------------------------------------------------------------
 ptype=kway, objtype=cut, ctype=shem, rtype=greedy, iptype=metisrb
 dbglvl=0, ufactor=1.100, no2hop=NO, minconn=NO, contig=YES, nooutput=NO
 seed=-1, niter=10, ncuts=1

Direct k-way Partitioning ---------------------------------------------------
 - Edgecut: 9170, communication volume: 83.

 - Balance:
     constraint #0:  1.101 out of 0.587

 - Most overweight partition:
     pid: 0, actual: 1500, desired: 1362, ratio: 1.10.

 - Subdomain connectivity: max: 5, min: 3, avg: 4.50

 - Each partition is contiguous.

Timing Information ----------------------------------------------------------
  I/O:          		   0.001 sec
  Partitioning: 		   0.002 sec   (METIS time)
  Reporting:    		   0.000 sec

Memory Information ----------------------------------------------------------
  Max memory used:		   0.070 MB
******************************************************************************
LEO21: 29.90168374659345: ['LEO11', 'LEO12', 'LEO21', 'LEO29', 'LEO39']
LEO23: 40.46947935455208: ['LEO13', 'LEO23', 'LEO24', 'LEO33', 'LEO34', 'LEO44', 'LEO45']
LEO15: 27.58892080885947: ['LEO14', 'LEO15', 'LEO16', 'LEO17', 'LEO18', 'LEO19', 'LEO25', 'LEO26', 'LEO27', 'LEO28', 'LEO35', 'LEO36', 'LEO37', 'LEO38', 'LEO46', 'LEO47', 'LEO48']
LEO42: 49.25454630435912: ['LEO22', 'LEO31', 'LEO32', 'LEO41', 'LEO42', 'LEO49']
LEO63: 45.74551226945977: ['LEO43', 'LEO52', 'LEO53', 'LEO54', 'LEO63', 'LEO64', 'LEO73', 'LEO74']
LEO51: 41.406485129674685: ['LEO51', 'LEO57', 'LEO58', 'LEO59', 'LEO67', 'LEO77', 'LEO78']
LEO83: 25.735367610626806: ['LEO55', 'LEO56', 'LEO65', 'LEO66', 'LEO75', 'LEO76', 'LEO81', 'LEO82', 'LEO83', 'LEO84', 'LEO85', 'LEO86', 'LEO87', 'LEO88', 'LEO89']
LEO61: 32.03561657743104: ['LEO61', 'LEO62', 'LEO68', 'LEO69', 'LEO71', 'LEO72', 'LEO79']
sum_con_loads:  292.14
max_con_loads:   49.25
avg_setup_time: 203.88
