******************************************************************************
METIS 5.0 Copyright 1998-13, Regents of the University of Minnesota
 (HEAD: , Built on: Dec 17 2022, 08:18:35)
 size of idx_t: 64bits, real_t: 32bits, idx_t *: 64bits

Graph Information -----------------------------------------------------------
 Name: MetisTopos/409, #Vertices: 72, #Edges: 128, #Parts: 8

Options ---------------------------------------------------------------------
 ptype=kway, objtype=cut, ctype=shem, rtype=greedy, iptype=metisrb
 dbglvl=0, ufactor=2.200, no2hop=NO, minconn=NO, contig=YES, nooutput=NO
 seed=-1, niter=10, ncuts=1

Direct k-way Partitioning ---------------------------------------------------
 - Edgecut: 7346, communication volume: 79.

 - Balance:
     constraint #0:  1.982 out of 0.587

 - Most overweight partition:
     pid: 6, actual: 2700, desired: 1362, ratio: 1.98.

 - Subdomain connectivity: max: 6, min: 3, avg: 4.50

 - Each partition is contiguous.

Timing Information ----------------------------------------------------------
  I/O:          		   0.001 sec
  Partitioning: 		   0.001 sec   (METIS time)
  Reporting:    		   0.000 sec

Memory Information ----------------------------------------------------------
  Max memory used:		   0.070 MB
******************************************************************************
LEO33: 71.78461699810542: ['LEO11', 'LEO12', 'LEO13', 'LEO19', 'LEO21', 'LEO22', 'LEO23', 'LEO29', 'LEO32', 'LEO33', 'LEO42', 'LEO43', 'LEO52', 'LEO53', 'LEO63']
LEO14: 17.648870256981457: ['LEO14', 'LEO15', 'LEO16', 'LEO17', 'LEO18']
LEO24: 23.766293805319624: ['LEO24', 'LEO25', 'LEO26', 'LEO27', 'LEO34', 'LEO35', 'LEO36', 'LEO37', 'LEO44', 'LEO45', 'LEO46', 'LEO54', 'LEO55', 'LEO56', 'LEO64']
LEO41: 52.03552237870411: ['LEO28', 'LEO31', 'LEO38', 'LEO39', 'LEO41', 'LEO48', 'LEO49', 'LEO51', 'LEO59']
LEO68: 19.929398671723348: ['LEO47', 'LEO57', 'LEO58', 'LEO67', 'LEO68', 'LEO69', 'LEO77', 'LEO78']
LEO61: 29.200475303092407: ['LEO61', 'LEO62', 'LEO71', 'LEO72', 'LEO79', 'LEO81', 'LEO89']
LEO84: 10.45580787142961: ['LEO65', 'LEO66', 'LEO75', 'LEO76', 'LEO84', 'LEO85', 'LEO86', 'LEO87', 'LEO88']
LEO73: 30.421477656842157: ['LEO73', 'LEO74', 'LEO82', 'LEO83']
sum_con_loads:  255.24
max_con_loads:   71.78
avg_setup_time: 198.78
