******************************************************************************
METIS 5.0 Copyright 1998-13, Regents of the University of Minnesota
 (HEAD: , Built on: Dec 17 2022, 08:18:35)
 size of idx_t: 64bits, real_t: 32bits, idx_t *: 64bits

Graph Information -----------------------------------------------------------
 Name: MetisTopos/409, #Vertices: 72, #Edges: 128, #Parts: 8

Options ---------------------------------------------------------------------
 ptype=kway, objtype=cut, ctype=shem, rtype=greedy, iptype=metisrb
 dbglvl=0, ufactor=2.300, no2hop=NO, minconn=NO, contig=YES, nooutput=NO
 seed=-1, niter=10, ncuts=1

Direct k-way Partitioning ---------------------------------------------------
 - Edgecut: 6964, communication volume: 75.

 - Balance:
     constraint #0:  2.275 out of 0.587

 - Most overweight partition:
     pid: 6, actual: 3100, desired: 1362, ratio: 2.28.

 - Subdomain connectivity: max: 5, min: 0, avg: 3.50

 - There are 0 non-contiguous partitions.
   Total components after removing the cut edges: 7,
   max components: 1 for pid: 1.

Timing Information ----------------------------------------------------------
  I/O:          		   0.001 sec
  Partitioning: 		   0.001 sec   (METIS time)
  Reporting:    		   0.000 sec

Memory Information ----------------------------------------------------------
  Max memory used:		   0.070 MB
******************************************************************************
LEO31: 19.226403747253443: ['LEO11', 'LEO18', 'LEO19', 'LEO28', 'LEO29', 'LEO31', 'LEO37', 'LEO38', 'LEO39']
LEO13: 20.025271896181877: ['LEO12', 'LEO13', 'LEO14']
LEO25: 18.756210068567704: ['LEO15', 'LEO16', 'LEO17', 'LEO25', 'LEO26', 'LEO27', 'LEO35', 'LEO45', 'LEO55', 'LEO65']
LEO33: 74.29613471099357: ['LEO21', 'LEO22', 'LEO23', 'LEO24', 'LEO32', 'LEO33', 'LEO34', 'LEO42', 'LEO43', 'LEO44', 'LEO53', 'LEO54', 'LEO63', 'LEO64']
LEO79: 27.119630014660935: ['LEO36', 'LEO46', 'LEO47', 'LEO48', 'LEO56', 'LEO57', 'LEO58', 'LEO66', 'LEO67', 'LEO68', 'LEO71', 'LEO72', 'LEO76', 'LEO77', 'LEO78', 'LEO79', 'LEO81', 'LEO82', 'LEO86', 'LEO87', 'LEO88', 'LEO89']
LEO51: 54.73273460953402: ['LEO41', 'LEO49', 'LEO51', 'LEO52', 'LEO59', 'LEO61', 'LEO62', 'LEO69']
LEO73: 33.731331720014396: ['LEO73', 'LEO74', 'LEO75', 'LEO83', 'LEO84', 'LEO85']
sum_con_loads:  247.89
max_con_loads:   74.30
avg_setup_time: 206.94
