******************************************************************************
METIS 5.0 Copyright 1998-13, Regents of the University of Minnesota
 (HEAD: , Built on: Dec 17 2022, 08:18:35)
 size of idx_t: 64bits, real_t: 32bits, idx_t *: 64bits

Graph Information -----------------------------------------------------------
 Name: MetisTopos/409, #Vertices: 72, #Edges: 128, #Parts: 8

Options ---------------------------------------------------------------------
 ptype=kway, objtype=cut, ctype=shem, rtype=greedy, iptype=metisrb
 dbglvl=0, ufactor=2.400, no2hop=NO, minconn=NO, contig=YES, nooutput=NO
 seed=-1, niter=10, ncuts=1

Direct k-way Partitioning ---------------------------------------------------
 - Edgecut: 7337, communication volume: 76.

 - Balance:
     constraint #0:  2.349 out of 0.587

 - Most overweight partition:
     pid: 7, actual: 3200, desired: 1362, ratio: 2.35.

 - Subdomain connectivity: max: 6, min: 0, avg: 3.75

 - There are 0 non-contiguous partitions.
   Total components after removing the cut edges: 7,
   max components: 1 for pid: 0.

Timing Information ----------------------------------------------------------
  I/O:          		   0.001 sec
  Partitioning: 		   0.002 sec   (METIS time)
  Reporting:    		   0.000 sec

Memory Information ----------------------------------------------------------
  Max memory used:		   0.070 MB
******************************************************************************
LEO31: 19.534352299117977: ['LEO11', 'LEO17', 'LEO18', 'LEO19', 'LEO27', 'LEO28', 'LEO29', 'LEO31', 'LEO37', 'LEO38', 'LEO39', 'LEO48', 'LEO49']
LEO24: 36.60365316171831: ['LEO12', 'LEO13', 'LEO14', 'LEO15', 'LEO16', 'LEO24', 'LEO25', 'LEO26', 'LEO36', 'LEO46']
LEO43: 82.70913436419181: ['LEO21', 'LEO22', 'LEO23', 'LEO32', 'LEO33', 'LEO41', 'LEO42', 'LEO43', 'LEO53', 'LEO62', 'LEO63']
LEO35: 15.845940516281344: ['LEO34', 'LEO35', 'LEO44', 'LEO45', 'LEO54', 'LEO55', 'LEO56', 'LEO64', 'LEO65', 'LEO66', 'LEO75', 'LEO76', 'LEO86']
LEO51: 34.70964441560098: ['LEO47', 'LEO51', 'LEO52', 'LEO57', 'LEO58', 'LEO59', 'LEO67']
LEO61: 34.17058103642202: ['LEO61', 'LEO68', 'LEO69', 'LEO71', 'LEO77', 'LEO78', 'LEO79', 'LEO81', 'LEO82', 'LEO87', 'LEO88', 'LEO89']
LEO73: 31.906371744830157: ['LEO72', 'LEO73', 'LEO74', 'LEO83', 'LEO84', 'LEO85']
sum_con_loads:  255.48
max_con_loads:   82.71
avg_setup_time: 230.08
