******************************************************************************
METIS 5.0 Copyright 1998-13, Regents of the University of Minnesota
 (HEAD: , Built on: Dec 17 2022, 08:18:35)
 size of idx_t: 64bits, real_t: 32bits, idx_t *: 64bits

Graph Information -----------------------------------------------------------
 Name: MetisTopos/409, #Vertices: 72, #Edges: 128, #Parts: 8

Options ---------------------------------------------------------------------
 ptype=kway, objtype=cut, ctype=shem, rtype=greedy, iptype=metisrb
 dbglvl=0, ufactor=2.600, no2hop=NO, minconn=NO, contig=YES, nooutput=NO
 seed=-1, niter=10, ncuts=1

Direct k-way Partitioning ---------------------------------------------------
 - Edgecut: 6729, communication volume: 73.

 - Balance:
     constraint #0:  2.422 out of 0.587

 - Most overweight partition:
     pid: 7, actual: 3300, desired: 1362, ratio: 2.42.

 - Subdomain connectivity: max: 6, min: 0, avg: 3.50

 - There are 0 non-contiguous partitions.
   Total components after removing the cut edges: 7,
   max components: 1 for pid: 0.

Timing Information ----------------------------------------------------------
  I/O:          		   0.001 sec
  Partitioning: 		   0.001 sec   (METIS time)
  Reporting:    		   0.000 sec

Memory Information ----------------------------------------------------------
  Max memory used:		   0.070 MB
******************************************************************************
LEO33: 74.5658138535038: ['LEO11', 'LEO12', 'LEO13', 'LEO21', 'LEO22', 'LEO23', 'LEO24', 'LEO32', 'LEO33', 'LEO42', 'LEO43', 'LEO53', 'LEO62', 'LEO63']
LEO14: 17.648870256981457: ['LEO14', 'LEO15', 'LEO16', 'LEO17']
LEO41: 52.03552237870411: ['LEO18', 'LEO19', 'LEO28', 'LEO29', 'LEO31', 'LEO37', 'LEO38', 'LEO39', 'LEO41', 'LEO48', 'LEO49', 'LEO51', 'LEO52', 'LEO59']
LEO57: 19.417140379419127: ['LEO25', 'LEO26', 'LEO27', 'LEO35', 'LEO36', 'LEO46', 'LEO47', 'LEO56', 'LEO57', 'LEO58', 'LEO67', 'LEO68', 'LEO77', 'LEO78', 'LEO87', 'LEO88']
LEO64: 17.590640699076186: ['LEO34', 'LEO44', 'LEO45', 'LEO54', 'LEO55', 'LEO64', 'LEO65', 'LEO66', 'LEO75', 'LEO76', 'LEO84', 'LEO85', 'LEO86']
LEO61: 31.189678202080902: ['LEO61', 'LEO69', 'LEO71', 'LEO72', 'LEO79', 'LEO81', 'LEO82', 'LEO89']
LEO73: 30.421477656842157: ['LEO73', 'LEO74', 'LEO83']
sum_con_loads:  242.87
max_con_loads:   74.57
avg_setup_time: 212.62
