******************************************************************************
METIS 5.0 Copyright 1998-13, Regents of the University of Minnesota
 (HEAD: , Built on: Dec 17 2022, 08:18:35)
 size of idx_t: 64bits, real_t: 32bits, idx_t *: 64bits

Graph Information -----------------------------------------------------------
 Name: MetisTopos/409, #Vertices: 72, #Edges: 128, #Parts: 8

Options ---------------------------------------------------------------------
 ptype=kway, objtype=cut, ctype=shem, rtype=greedy, iptype=metisrb
 dbglvl=0, ufactor=3.100, no2hop=NO, minconn=NO, contig=NO, nooutput=NO
 seed=-1, niter=10, ncuts=1

Direct k-way Partitioning ---------------------------------------------------
 - Edgecut: 5174, communication volume: 65.

 - Balance:
     constraint #0:  2.936 out of 0.587

 - Most overweight partition:
     pid: 7, actual: 4000, desired: 1362, ratio: 2.94.

 - Subdomain connectivity: max: 5, min: 0, avg: 3.00

 - There are 0 non-contiguous partitions.
   Total components after removing the cut edges: 6,
   max components: 1 for pid: 0.

Timing Information ----------------------------------------------------------
  I/O:          		   0.001 sec
  Partitioning: 		   0.001 sec   (METIS time)
  Reporting:    		   0.000 sec

Memory Information ----------------------------------------------------------
  Max memory used:		   0.070 MB
******************************************************************************
LEO33: 81.5880895620809: ['LEO11', 'LEO12', 'LEO13', 'LEO14', 'LEO21', 'LEO22', 'LEO23', 'LEO24', 'LEO31', 'LEO32', 'LEO33', 'LEO42', 'LEO43', 'LEO53', 'LEO63', 'LEO72', 'LEO73']
LEO39: 24.16043788383716: ['LEO15', 'LEO16', 'LEO17', 'LEO18', 'LEO19', 'LEO25', 'LEO26', 'LEO27', 'LEO28', 'LEO29', 'LEO38', 'LEO39']
LEO35: 9.999016239633571: ['LEO34', 'LEO35', 'LEO44', 'LEO45']
LEO51: 63.682339718956854: ['LEO36', 'LEO37', 'LEO41', 'LEO46', 'LEO47', 'LEO48', 'LEO49', 'LEO51', 'LEO52', 'LEO57', 'LEO58', 'LEO59', 'LEO61', 'LEO62', 'LEO67', 'LEO68', 'LEO69', 'LEO71', 'LEO77', 'LEO78', 'LEO79', 'LEO81', 'LEO82', 'LEO87', 'LEO88', 'LEO89']
LEO74: 11.373036896566514: ['LEO54', 'LEO55', 'LEO56', 'LEO64', 'LEO65', 'LEO66', 'LEO74', 'LEO75', 'LEO76', 'LEO86']
LEO83: 21.33612731466347: ['LEO83', 'LEO84', 'LEO85']
sum_con_loads:  212.14
max_con_loads:   81.59
avg_setup_time: 230.15
