******************************************************************************
METIS 5.0 Copyright 1998-13, Regents of the University of Minnesota
 (HEAD: , Built on: Dec 17 2022, 08:18:35)
 size of idx_t: 64bits, real_t: 32bits, idx_t *: 64bits

Graph Information -----------------------------------------------------------
 Name: MetisTopos/409, #Vertices: 72, #Edges: 128, #Parts: 8

Options ---------------------------------------------------------------------
 ptype=kway, objtype=cut, ctype=shem, rtype=greedy, iptype=metisrb
 dbglvl=0, ufactor=3.900, no2hop=NO, minconn=NO, contig=NO, nooutput=NO
 seed=-1, niter=10, ncuts=1

Direct k-way Partitioning ---------------------------------------------------
 - Edgecut: 4363, communication volume: 54.

 - Balance:
     constraint #0:  3.890 out of 0.587

 - Most overweight partition:
     pid: 7, actual: 5300, desired: 1362, ratio: 3.89.

 - Subdomain connectivity: max: 3, min: 0, avg: 1.50

 - There are 0 non-contiguous partitions.
   Total components after removing the cut edges: 4,
   max components: 1 for pid: 2.

Timing Information ----------------------------------------------------------
  I/O:          		   0.001 sec
  Partitioning: 		   0.001 sec   (METIS time)
  Reporting:    		   0.000 sec

Memory Information ----------------------------------------------------------
  Max memory used:		   0.073 MB
******************************************************************************
LEO23: 51.34371697658912: ['LEO11', 'LEO12', 'LEO13', 'LEO14', 'LEO15', 'LEO23', 'LEO24', 'LEO25', 'LEO33', 'LEO34', 'LEO35', 'LEO44', 'LEO45', 'LEO54', 'LEO55', 'LEO64', 'LEO65']
LEO59: 42.776062237795074: ['LEO16', 'LEO17', 'LEO18', 'LEO19', 'LEO26', 'LEO27', 'LEO28', 'LEO29', 'LEO36', 'LEO37', 'LEO38', 'LEO39', 'LEO46', 'LEO47', 'LEO48', 'LEO49', 'LEO56', 'LEO57', 'LEO58', 'LEO59', 'LEO66', 'LEO67', 'LEO68', 'LEO69', 'LEO76', 'LEO77', 'LEO78', 'LEO84', 'LEO85', 'LEO86', 'LEO87', 'LEO88']
LEO42: 91.86614992475407: ['LEO21', 'LEO22', 'LEO31', 'LEO32', 'LEO41', 'LEO42', 'LEO43', 'LEO51', 'LEO52', 'LEO53', 'LEO61', 'LEO62', 'LEO63', 'LEO71', 'LEO72', 'LEO73', 'LEO79', 'LEO81', 'LEO82', 'LEO83', 'LEO89']
LEO74: 10.000821348518558: ['LEO74', 'LEO75']
sum_con_loads:  195.99
max_con_loads:   91.87
avg_setup_time: 305.58
