******************************************************************************
METIS 5.0 Copyright 1998-13, Regents of the University of Minnesota
 (HEAD: , Built on: Dec 17 2022, 08:18:35)
 size of idx_t: 64bits, real_t: 32bits, idx_t *: 64bits

Graph Information -----------------------------------------------------------
 Name: MetisTopos/409, #Vertices: 72, #Edges: 128, #Parts: 8

Options ---------------------------------------------------------------------
 ptype=kway, objtype=cut, ctype=shem, rtype=greedy, iptype=metisrb
 dbglvl=0, ufactor=1.400, no2hop=NO, minconn=NO, contig=YES, nooutput=NO
 seed=-1, niter=10, ncuts=1

Direct k-way Partitioning ---------------------------------------------------
 - Edgecut: 8370, communication volume: 73.

 - Balance:
     constraint #0:  1.248 out of 0.587

 - Most overweight partition:
     pid: 3, actual: 1700, desired: 1362, ratio: 1.25.

 - Subdomain connectivity: max: 6, min: 2, avg: 4.00

 - Each partition is contiguous.

Timing Information ----------------------------------------------------------
  I/O:          		   0.001 sec
  Partitioning: 		   0.002 sec   (METIS time)
  Reporting:    		   0.000 sec

Memory Information ----------------------------------------------------------
  Max memory used:		   0.070 MB
******************************************************************************
LEO39: 24.153064722991708: ['LEO11', 'LEO18', 'LEO19', 'LEO21', 'LEO27', 'LEO28', 'LEO29', 'LEO37', 'LEO38', 'LEO39', 'LEO48', 'LEO49']
LEO32: 48.97351528123409: ['LEO12', 'LEO22', 'LEO31', 'LEO32', 'LEO41', 'LEO42']
LEO23: 40.46947935455208: ['LEO13', 'LEO23', 'LEO24', 'LEO33', 'LEO34']
LEO15: 26.06770420246224: ['LEO14', 'LEO15', 'LEO16', 'LEO17', 'LEO25', 'LEO26', 'LEO35', 'LEO36', 'LEO46']
LEO63: 49.055366332632005: ['LEO43', 'LEO44', 'LEO45', 'LEO52', 'LEO53', 'LEO54', 'LEO55', 'LEO56', 'LEO62', 'LEO63', 'LEO64', 'LEO65', 'LEO66', 'LEO73', 'LEO74', 'LEO75', 'LEO76', 'LEO86']
LEO61: 36.21661705256299: ['LEO47', 'LEO57', 'LEO58', 'LEO61', 'LEO67', 'LEO68', 'LEO69', 'LEO71', 'LEO72', 'LEO77', 'LEO78', 'LEO79', 'LEO81', 'LEO87', 'LEO88', 'LEO89']
LEO51: 29.957350972024923: ['LEO51', 'LEO59']
LEO83: 21.33612731466347: ['LEO82', 'LEO83', 'LEO84', 'LEO85']
sum_con_loads:  276.23
max_con_loads:   49.06
avg_setup_time: 186.27
