******************************************************************************
METIS 5.0 Copyright 1998-13, Regents of the University of Minnesota
 (HEAD: , Built on: Dec 17 2022, 08:18:35)
 size of idx_t: 64bits, real_t: 32bits, idx_t *: 64bits

Graph Information -----------------------------------------------------------
 Name: MetisTopos/409, #Vertices: 72, #Edges: 128, #Parts: 8

Options ---------------------------------------------------------------------
 ptype=kway, objtype=cut, ctype=shem, rtype=greedy, iptype=metisrb
 dbglvl=0, ufactor=1.800, no2hop=NO, minconn=NO, contig=YES, nooutput=NO
 seed=-1, niter=10, ncuts=1

Direct k-way Partitioning ---------------------------------------------------
 - Edgecut: 7458, communication volume: 78.

 - Balance:
     constraint #0:  1.615 out of 0.587

 - Most overweight partition:
     pid: 3, actual: 2200, desired: 1362, ratio: 1.61.

 - Subdomain connectivity: max: 6, min: 3, avg: 4.50

 - Each partition is contiguous.

Timing Information ----------------------------------------------------------
  I/O:          		   0.001 sec
  Partitioning: 		   0.001 sec   (METIS time)
  Reporting:    		   0.000 sec

Memory Information ----------------------------------------------------------
  Max memory used:		   0.070 MB
******************************************************************************
LEO39: 20.214228187436543: ['LEO11', 'LEO12', 'LEO19', 'LEO29', 'LEO38', 'LEO39', 'LEO48', 'LEO49']
LEO23: 31.026214637541543: ['LEO13', 'LEO14', 'LEO23', 'LEO24']
LEO26: 18.08390788656197: ['LEO15', 'LEO16', 'LEO17', 'LEO18', 'LEO25', 'LEO26', 'LEO27', 'LEO28', 'LEO36', 'LEO37', 'LEO45', 'LEO46', 'LEO47', 'LEO55', 'LEO56', 'LEO57', 'LEO65', 'LEO66', 'LEO67', 'LEO75', 'LEO76', 'LEO77', 'LEO85', 'LEO86', 'LEO87']
LEO32: 47.49251764674222: ['LEO21', 'LEO22', 'LEO31', 'LEO32', 'LEO41', 'LEO42']
LEO43: 55.149854971939845: ['LEO33', 'LEO34', 'LEO35', 'LEO43', 'LEO44', 'LEO53', 'LEO54', 'LEO63', 'LEO64', 'LEO73', 'LEO74']
LEO51: 30.49852744261316: ['LEO51', 'LEO52', 'LEO58', 'LEO59']
LEO61: 34.17058103642202: ['LEO61', 'LEO62', 'LEO68', 'LEO69', 'LEO71', 'LEO72', 'LEO78', 'LEO79', 'LEO81', 'LEO82', 'LEO88', 'LEO89']
LEO83: 21.33612731466347: ['LEO83', 'LEO84']
sum_con_loads:  257.97
max_con_loads:   55.15
avg_setup_time: 189.57
