0.02 , iter--1, SumLoad: 398.0775, MaxCon: LEO51, Load: 66.5852 
0.04 , iter--2, SumLoad: 356.6437, MaxCon: LEO11, Load: 65.9587 
0.06 , iter--3, SumLoad: 343.3220, MaxCon: LEO61, Load: 65.0616 
0.08 , iter--4, SumLoad: 337.8054, MaxCon: LEO23, Load: 64.4582 
0.09 , iter--5, SumLoad: 326.8956, MaxCon: LEO71, Load: 53.8038 
0.11 , iter--6, SumLoad: 326.3502, MaxCon: LEO31, Load: 52.9695 
0.13 , iter--7, SumLoad: 321.1467, MaxCon: LEO24, Load: 52.5214 
0.15 , iter--8, SumLoad: 318.2070, MaxCon: LEO26, Load: 49.9608 
0.16 , iter--9, SumLoad: 317.5338, MaxCon: LEO26, Load: 49.2877 
0.18 , iter-10, SumLoad: 316.7755, MaxCon: LEO26, Load: 48.9085 
0.20 , iter-11, SumLoad: 316.7755, MaxCon: LEO62, Load: 48.9085 
LEO32: 46.73939654117018: ['LEO12', 'LEO13', 'LEO14', 'LEO15', 'LEO16', 'LEO17', 'LEO18', 'LEO19', 'LEO32', 'LEO22', 'LEO23', 'LEO33', 'LEO34', 'LEO44', 'LEO24', 'LEO25']
LEO52: 48.908517036228105: ['LEO26', 'LEO62', 'LEO52', 'LEO42']
LEO31: 44.72012440725908: ['LEO31', 'LEO35', 'LEO36', 'LEO37', 'LEO38', 'LEO39', 'LEO11', 'LEO21', 'LEO29', 'LEO27', 'LEO28']
LEO49: 39.698434631234356: ['LEO41', 'LEO43', 'LEO45', 'LEO46', 'LEO47', 'LEO48', 'LEO49']
LEO59: 31.69579723412227: ['LEO51', 'LEO53', 'LEO54', 'LEO55', 'LEO56', 'LEO57', 'LEO58', 'LEO59']
LEO69: 30.430308371979855: ['LEO61', 'LEO63', 'LEO64', 'LEO65', 'LEO66', 'LEO67', 'LEO68', 'LEO69']
LEO79: 36.763311266464896: ['LEO71', 'LEO73', 'LEO74', 'LEO75', 'LEO76', 'LEO77', 'LEO78', 'LEO79']
LEO72: 37.81961622310598: ['LEO81', 'LEO82', 'LEO83', 'LEO84', 'LEO85', 'LEO86', 'LEO87', 'LEO88', 'LEO89', 'LEO72']
sum_con_loads:  316.78
max_con_loads:   48.91
avg_setup_time: 209.60
